[2024-04-14T14:54:37.111+0000] {taskinstance.py:1979} INFO - Dependencies all met for dep_context=non-requeueable deps ti=<TaskInstance: prioritas_2.write_to_txt scheduled__2024-04-13T00:00:00+00:00 [queued]>
[2024-04-14T14:54:37.122+0000] {taskinstance.py:1979} INFO - Dependencies all met for dep_context=requeueable deps ti=<TaskInstance: prioritas_2.write_to_txt scheduled__2024-04-13T00:00:00+00:00 [queued]>
[2024-04-14T14:54:37.123+0000] {taskinstance.py:2193} INFO - Starting attempt 3 of 4
[2024-04-14T14:54:37.138+0000] {taskinstance.py:2217} INFO - Executing <Task(PythonOperator): write_to_txt> on 2024-04-13 00:00:00+00:00
[2024-04-14T14:54:37.149+0000] {standard_task_runner.py:60} INFO - Started process 276 to run task
[2024-04-14T14:54:37.152+0000] {standard_task_runner.py:87} INFO - Running: ['***', 'tasks', 'run', 'prioritas_2', 'write_to_txt', 'scheduled__2024-04-13T00:00:00+00:00', '--job-id', '223', '--raw', '--subdir', 'DAGS_FOLDER/prioritas_2_dag.py', '--cfg-path', '/tmp/tmps64xyqxy']
[2024-04-14T14:54:37.157+0000] {standard_task_runner.py:88} INFO - Job 223: Subtask write_to_txt
[2024-04-14T14:54:37.208+0000] {task_command.py:423} INFO - Running <TaskInstance: prioritas_2.write_to_txt scheduled__2024-04-13T00:00:00+00:00 [running]> on host b46e24c16c09
[2024-04-14T14:54:37.294+0000] {taskinstance.py:2513} INFO - Exporting env vars: AIRFLOW_CTX_DAG_OWNER='dzikri' AIRFLOW_CTX_DAG_ID='prioritas_2' AIRFLOW_CTX_TASK_ID='write_to_txt' AIRFLOW_CTX_EXECUTION_DATE='2024-04-13T00:00:00+00:00' AIRFLOW_CTX_TRY_NUMBER='3' AIRFLOW_CTX_DAG_RUN_ID='scheduled__2024-04-13T00:00:00+00:00'
[2024-04-14T14:54:37.306+0000] {taskinstance.py:2731} ERROR - Task failed with exception
Traceback (most recent call last):
  File "/home/airflow/.local/lib/python3.8/site-packages/airflow/models/taskinstance.py", line 444, in _execute_task
    result = _execute_callable(context=context, **execute_callable_kwargs)
  File "/home/airflow/.local/lib/python3.8/site-packages/airflow/models/taskinstance.py", line 414, in _execute_callable
    return execute_callable(context=context, **execute_callable_kwargs)
  File "/home/airflow/.local/lib/python3.8/site-packages/airflow/operators/python.py", line 200, in execute
    return_value = self.execute_callable()
  File "/home/airflow/.local/lib/python3.8/site-packages/airflow/operators/python.py", line 217, in execute_callable
    return self.python_callable(*self.op_args, **self.op_kwargs)
  File "/opt/airflow/dags/prioritas_2_dag.py", line 30, in write_to_txt
    with open(file_path, 'w') as txt_file:
FileNotFoundError: [Errno 2] No such file or directory: '/data/output/products.txt'
[2024-04-14T14:54:37.320+0000] {taskinstance.py:1149} INFO - Marking task as UP_FOR_RETRY. dag_id=prioritas_2, task_id=write_to_txt, execution_date=20240413T000000, start_date=20240414T145437, end_date=20240414T145437
[2024-04-14T14:54:37.330+0000] {standard_task_runner.py:107} ERROR - Failed to execute job 223 for task write_to_txt ([Errno 2] No such file or directory: '/data/output/products.txt'; 276)
[2024-04-14T14:54:37.367+0000] {local_task_job_runner.py:234} INFO - Task exited with return code 1
[2024-04-14T14:54:37.388+0000] {taskinstance.py:3312} INFO - 0 downstream tasks scheduled from follow-on schedule check
