[2024-04-14T14:44:19.225+0000] {processor.py:161} INFO - Started process (PID=63) to work on /home/airflow/.local/lib/python3.8/site-packages/airflow/example_dags/example_branch_python_dop_operator_3.py
[2024-04-14T14:44:19.227+0000] {processor.py:830} INFO - Processing file /home/airflow/.local/lib/python3.8/site-packages/airflow/example_dags/example_branch_python_dop_operator_3.py for tasks to queue
[2024-04-14T14:44:19.231+0000] {logging_mixin.py:188} INFO - [2024-04-14T14:44:19.231+0000] {dagbag.py:540} INFO - Filling up the DagBag from /home/airflow/.local/lib/python3.8/site-packages/airflow/example_dags/example_branch_python_dop_operator_3.py
[2024-04-14T14:44:19.251+0000] {processor.py:840} INFO - DAG(s) 'example_branch_dop_operator_v3' retrieved from /home/airflow/.local/lib/python3.8/site-packages/airflow/example_dags/example_branch_python_dop_operator_3.py
[2024-04-14T14:44:19.307+0000] {logging_mixin.py:188} INFO - [2024-04-14T14:44:19.306+0000] {dag.py:3047} INFO - Sync 1 DAGs
[2024-04-14T14:44:19.380+0000] {logging_mixin.py:188} INFO - [2024-04-14T14:44:19.379+0000] {dag.py:3834} INFO - Setting next_dagrun for example_branch_dop_operator_v3 to 2024-04-14 14:43:00+00:00, run_after=2024-04-14 14:44:00+00:00
[2024-04-14T14:44:19.439+0000] {processor.py:183} INFO - Processing /home/airflow/.local/lib/python3.8/site-packages/airflow/example_dags/example_branch_python_dop_operator_3.py took 0.218 seconds
[2024-04-14T14:44:49.881+0000] {processor.py:161} INFO - Started process (PID=135) to work on /home/airflow/.local/lib/python3.8/site-packages/airflow/example_dags/example_branch_python_dop_operator_3.py
[2024-04-14T14:44:49.882+0000] {processor.py:830} INFO - Processing file /home/airflow/.local/lib/python3.8/site-packages/airflow/example_dags/example_branch_python_dop_operator_3.py for tasks to queue
[2024-04-14T14:44:49.884+0000] {logging_mixin.py:188} INFO - [2024-04-14T14:44:49.884+0000] {dagbag.py:540} INFO - Filling up the DagBag from /home/airflow/.local/lib/python3.8/site-packages/airflow/example_dags/example_branch_python_dop_operator_3.py
[2024-04-14T14:44:49.894+0000] {processor.py:840} INFO - DAG(s) 'example_branch_dop_operator_v3' retrieved from /home/airflow/.local/lib/python3.8/site-packages/airflow/example_dags/example_branch_python_dop_operator_3.py
[2024-04-14T14:44:49.914+0000] {logging_mixin.py:188} INFO - [2024-04-14T14:44:49.914+0000] {dag.py:3047} INFO - Sync 1 DAGs
[2024-04-14T14:44:49.939+0000] {logging_mixin.py:188} INFO - [2024-04-14T14:44:49.938+0000] {dag.py:3834} INFO - Setting next_dagrun for example_branch_dop_operator_v3 to 2024-04-14 14:43:00+00:00, run_after=2024-04-14 14:44:00+00:00
[2024-04-14T14:44:49.957+0000] {processor.py:183} INFO - Processing /home/airflow/.local/lib/python3.8/site-packages/airflow/example_dags/example_branch_python_dop_operator_3.py took 0.080 seconds
[2024-04-14T14:45:20.660+0000] {processor.py:161} INFO - Started process (PID=194) to work on /home/airflow/.local/lib/python3.8/site-packages/airflow/example_dags/example_branch_python_dop_operator_3.py
[2024-04-14T14:45:20.662+0000] {processor.py:830} INFO - Processing file /home/airflow/.local/lib/python3.8/site-packages/airflow/example_dags/example_branch_python_dop_operator_3.py for tasks to queue
[2024-04-14T14:45:20.665+0000] {logging_mixin.py:188} INFO - [2024-04-14T14:45:20.664+0000] {dagbag.py:540} INFO - Filling up the DagBag from /home/airflow/.local/lib/python3.8/site-packages/airflow/example_dags/example_branch_python_dop_operator_3.py
[2024-04-14T14:45:20.678+0000] {processor.py:840} INFO - DAG(s) 'example_branch_dop_operator_v3' retrieved from /home/airflow/.local/lib/python3.8/site-packages/airflow/example_dags/example_branch_python_dop_operator_3.py
[2024-04-14T14:45:20.712+0000] {logging_mixin.py:188} INFO - [2024-04-14T14:45:20.711+0000] {dag.py:3047} INFO - Sync 1 DAGs
[2024-04-14T14:45:20.752+0000] {logging_mixin.py:188} INFO - [2024-04-14T14:45:20.751+0000] {dag.py:3834} INFO - Setting next_dagrun for example_branch_dop_operator_v3 to 2024-04-14 14:44:00+00:00, run_after=2024-04-14 14:45:00+00:00
[2024-04-14T14:45:20.796+0000] {processor.py:183} INFO - Processing /home/airflow/.local/lib/python3.8/site-packages/airflow/example_dags/example_branch_python_dop_operator_3.py took 0.141 seconds
[2024-04-14T14:45:50.956+0000] {processor.py:161} INFO - Started process (PID=253) to work on /home/airflow/.local/lib/python3.8/site-packages/airflow/example_dags/example_branch_python_dop_operator_3.py
[2024-04-14T14:45:50.959+0000] {processor.py:830} INFO - Processing file /home/airflow/.local/lib/python3.8/site-packages/airflow/example_dags/example_branch_python_dop_operator_3.py for tasks to queue
[2024-04-14T14:45:50.961+0000] {logging_mixin.py:188} INFO - [2024-04-14T14:45:50.960+0000] {dagbag.py:540} INFO - Filling up the DagBag from /home/airflow/.local/lib/python3.8/site-packages/airflow/example_dags/example_branch_python_dop_operator_3.py
[2024-04-14T14:45:50.975+0000] {processor.py:840} INFO - DAG(s) 'example_branch_dop_operator_v3' retrieved from /home/airflow/.local/lib/python3.8/site-packages/airflow/example_dags/example_branch_python_dop_operator_3.py
[2024-04-14T14:45:51.015+0000] {logging_mixin.py:188} INFO - [2024-04-14T14:45:51.014+0000] {dag.py:3047} INFO - Sync 1 DAGs
[2024-04-14T14:45:51.059+0000] {logging_mixin.py:188} INFO - [2024-04-14T14:45:51.059+0000] {dag.py:3834} INFO - Setting next_dagrun for example_branch_dop_operator_v3 to 2024-04-14 14:44:00+00:00, run_after=2024-04-14 14:45:00+00:00
[2024-04-14T14:45:51.105+0000] {processor.py:183} INFO - Processing /home/airflow/.local/lib/python3.8/site-packages/airflow/example_dags/example_branch_python_dop_operator_3.py took 0.152 seconds
[2024-04-14T14:46:21.244+0000] {processor.py:161} INFO - Started process (PID=312) to work on /home/airflow/.local/lib/python3.8/site-packages/airflow/example_dags/example_branch_python_dop_operator_3.py
[2024-04-14T14:46:21.246+0000] {processor.py:830} INFO - Processing file /home/airflow/.local/lib/python3.8/site-packages/airflow/example_dags/example_branch_python_dop_operator_3.py for tasks to queue
[2024-04-14T14:46:21.247+0000] {logging_mixin.py:188} INFO - [2024-04-14T14:46:21.246+0000] {dagbag.py:540} INFO - Filling up the DagBag from /home/airflow/.local/lib/python3.8/site-packages/airflow/example_dags/example_branch_python_dop_operator_3.py
[2024-04-14T14:46:21.255+0000] {processor.py:840} INFO - DAG(s) 'example_branch_dop_operator_v3' retrieved from /home/airflow/.local/lib/python3.8/site-packages/airflow/example_dags/example_branch_python_dop_operator_3.py
[2024-04-14T14:46:21.274+0000] {logging_mixin.py:188} INFO - [2024-04-14T14:46:21.273+0000] {dag.py:3047} INFO - Sync 1 DAGs
[2024-04-14T14:46:21.295+0000] {logging_mixin.py:188} INFO - [2024-04-14T14:46:21.294+0000] {dag.py:3834} INFO - Setting next_dagrun for example_branch_dop_operator_v3 to 2024-04-14 14:45:00+00:00, run_after=2024-04-14 14:46:00+00:00
[2024-04-14T14:46:21.316+0000] {processor.py:183} INFO - Processing /home/airflow/.local/lib/python3.8/site-packages/airflow/example_dags/example_branch_python_dop_operator_3.py took 0.077 seconds
[2024-04-14T14:46:51.864+0000] {processor.py:161} INFO - Started process (PID=371) to work on /home/airflow/.local/lib/python3.8/site-packages/airflow/example_dags/example_branch_python_dop_operator_3.py
[2024-04-14T14:46:51.865+0000] {processor.py:830} INFO - Processing file /home/airflow/.local/lib/python3.8/site-packages/airflow/example_dags/example_branch_python_dop_operator_3.py for tasks to queue
[2024-04-14T14:46:51.866+0000] {logging_mixin.py:188} INFO - [2024-04-14T14:46:51.866+0000] {dagbag.py:540} INFO - Filling up the DagBag from /home/airflow/.local/lib/python3.8/site-packages/airflow/example_dags/example_branch_python_dop_operator_3.py
[2024-04-14T14:46:51.874+0000] {processor.py:840} INFO - DAG(s) 'example_branch_dop_operator_v3' retrieved from /home/airflow/.local/lib/python3.8/site-packages/airflow/example_dags/example_branch_python_dop_operator_3.py
[2024-04-14T14:46:51.900+0000] {logging_mixin.py:188} INFO - [2024-04-14T14:46:51.899+0000] {dag.py:3047} INFO - Sync 1 DAGs
[2024-04-14T14:46:51.926+0000] {logging_mixin.py:188} INFO - [2024-04-14T14:46:51.926+0000] {dag.py:3834} INFO - Setting next_dagrun for example_branch_dop_operator_v3 to 2024-04-14 14:45:00+00:00, run_after=2024-04-14 14:46:00+00:00
[2024-04-14T14:46:51.947+0000] {processor.py:183} INFO - Processing /home/airflow/.local/lib/python3.8/site-packages/airflow/example_dags/example_branch_python_dop_operator_3.py took 0.087 seconds
[2024-04-14T14:47:22.773+0000] {processor.py:161} INFO - Started process (PID=431) to work on /home/airflow/.local/lib/python3.8/site-packages/airflow/example_dags/example_branch_python_dop_operator_3.py
[2024-04-14T14:47:22.777+0000] {processor.py:830} INFO - Processing file /home/airflow/.local/lib/python3.8/site-packages/airflow/example_dags/example_branch_python_dop_operator_3.py for tasks to queue
[2024-04-14T14:47:22.781+0000] {logging_mixin.py:188} INFO - [2024-04-14T14:47:22.779+0000] {dagbag.py:540} INFO - Filling up the DagBag from /home/airflow/.local/lib/python3.8/site-packages/airflow/example_dags/example_branch_python_dop_operator_3.py
[2024-04-14T14:47:22.797+0000] {processor.py:840} INFO - DAG(s) 'example_branch_dop_operator_v3' retrieved from /home/airflow/.local/lib/python3.8/site-packages/airflow/example_dags/example_branch_python_dop_operator_3.py
[2024-04-14T14:47:22.845+0000] {logging_mixin.py:188} INFO - [2024-04-14T14:47:22.844+0000] {dag.py:3047} INFO - Sync 1 DAGs
[2024-04-14T14:47:22.900+0000] {logging_mixin.py:188} INFO - [2024-04-14T14:47:22.900+0000] {dag.py:3834} INFO - Setting next_dagrun for example_branch_dop_operator_v3 to 2024-04-14 14:46:00+00:00, run_after=2024-04-14 14:47:00+00:00
[2024-04-14T14:47:22.959+0000] {processor.py:183} INFO - Processing /home/airflow/.local/lib/python3.8/site-packages/airflow/example_dags/example_branch_python_dop_operator_3.py took 0.191 seconds
[2024-04-14T14:47:53.000+0000] {processor.py:161} INFO - Started process (PID=490) to work on /home/airflow/.local/lib/python3.8/site-packages/airflow/example_dags/example_branch_python_dop_operator_3.py
[2024-04-14T14:47:53.001+0000] {processor.py:830} INFO - Processing file /home/airflow/.local/lib/python3.8/site-packages/airflow/example_dags/example_branch_python_dop_operator_3.py for tasks to queue
[2024-04-14T14:47:53.002+0000] {logging_mixin.py:188} INFO - [2024-04-14T14:47:53.002+0000] {dagbag.py:540} INFO - Filling up the DagBag from /home/airflow/.local/lib/python3.8/site-packages/airflow/example_dags/example_branch_python_dop_operator_3.py
[2024-04-14T14:47:53.012+0000] {processor.py:840} INFO - DAG(s) 'example_branch_dop_operator_v3' retrieved from /home/airflow/.local/lib/python3.8/site-packages/airflow/example_dags/example_branch_python_dop_operator_3.py
[2024-04-14T14:47:53.032+0000] {logging_mixin.py:188} INFO - [2024-04-14T14:47:53.031+0000] {dag.py:3047} INFO - Sync 1 DAGs
[2024-04-14T14:47:53.053+0000] {logging_mixin.py:188} INFO - [2024-04-14T14:47:53.053+0000] {dag.py:3834} INFO - Setting next_dagrun for example_branch_dop_operator_v3 to 2024-04-14 14:46:00+00:00, run_after=2024-04-14 14:47:00+00:00
[2024-04-14T14:47:53.071+0000] {processor.py:183} INFO - Processing /home/airflow/.local/lib/python3.8/site-packages/airflow/example_dags/example_branch_python_dop_operator_3.py took 0.074 seconds
[2024-04-14T14:48:23.209+0000] {processor.py:161} INFO - Started process (PID=549) to work on /home/airflow/.local/lib/python3.8/site-packages/airflow/example_dags/example_branch_python_dop_operator_3.py
[2024-04-14T14:48:23.211+0000] {processor.py:830} INFO - Processing file /home/airflow/.local/lib/python3.8/site-packages/airflow/example_dags/example_branch_python_dop_operator_3.py for tasks to queue
[2024-04-14T14:48:23.212+0000] {logging_mixin.py:188} INFO - [2024-04-14T14:48:23.212+0000] {dagbag.py:540} INFO - Filling up the DagBag from /home/airflow/.local/lib/python3.8/site-packages/airflow/example_dags/example_branch_python_dop_operator_3.py
[2024-04-14T14:48:23.220+0000] {processor.py:840} INFO - DAG(s) 'example_branch_dop_operator_v3' retrieved from /home/airflow/.local/lib/python3.8/site-packages/airflow/example_dags/example_branch_python_dop_operator_3.py
[2024-04-14T14:48:23.238+0000] {logging_mixin.py:188} INFO - [2024-04-14T14:48:23.238+0000] {dag.py:3047} INFO - Sync 1 DAGs
[2024-04-14T14:48:23.262+0000] {logging_mixin.py:188} INFO - [2024-04-14T14:48:23.262+0000] {dag.py:3834} INFO - Setting next_dagrun for example_branch_dop_operator_v3 to 2024-04-14 14:47:00+00:00, run_after=2024-04-14 14:48:00+00:00
[2024-04-14T14:48:23.283+0000] {processor.py:183} INFO - Processing /home/airflow/.local/lib/python3.8/site-packages/airflow/example_dags/example_branch_python_dop_operator_3.py took 0.077 seconds
[2024-04-14T14:48:53.646+0000] {processor.py:161} INFO - Started process (PID=608) to work on /home/airflow/.local/lib/python3.8/site-packages/airflow/example_dags/example_branch_python_dop_operator_3.py
[2024-04-14T14:48:53.647+0000] {processor.py:830} INFO - Processing file /home/airflow/.local/lib/python3.8/site-packages/airflow/example_dags/example_branch_python_dop_operator_3.py for tasks to queue
[2024-04-14T14:48:53.648+0000] {logging_mixin.py:188} INFO - [2024-04-14T14:48:53.648+0000] {dagbag.py:540} INFO - Filling up the DagBag from /home/airflow/.local/lib/python3.8/site-packages/airflow/example_dags/example_branch_python_dop_operator_3.py
[2024-04-14T14:48:53.660+0000] {processor.py:840} INFO - DAG(s) 'example_branch_dop_operator_v3' retrieved from /home/airflow/.local/lib/python3.8/site-packages/airflow/example_dags/example_branch_python_dop_operator_3.py
[2024-04-14T14:48:53.683+0000] {logging_mixin.py:188} INFO - [2024-04-14T14:48:53.683+0000] {dag.py:3047} INFO - Sync 1 DAGs
[2024-04-14T14:48:53.708+0000] {logging_mixin.py:188} INFO - [2024-04-14T14:48:53.707+0000] {dag.py:3834} INFO - Setting next_dagrun for example_branch_dop_operator_v3 to 2024-04-14 14:47:00+00:00, run_after=2024-04-14 14:48:00+00:00
[2024-04-14T14:48:53.729+0000] {processor.py:183} INFO - Processing /home/airflow/.local/lib/python3.8/site-packages/airflow/example_dags/example_branch_python_dop_operator_3.py took 0.087 seconds
[2024-04-14T14:49:24.196+0000] {processor.py:161} INFO - Started process (PID=667) to work on /home/airflow/.local/lib/python3.8/site-packages/airflow/example_dags/example_branch_python_dop_operator_3.py
[2024-04-14T14:49:24.197+0000] {processor.py:830} INFO - Processing file /home/airflow/.local/lib/python3.8/site-packages/airflow/example_dags/example_branch_python_dop_operator_3.py for tasks to queue
[2024-04-14T14:49:24.198+0000] {logging_mixin.py:188} INFO - [2024-04-14T14:49:24.198+0000] {dagbag.py:540} INFO - Filling up the DagBag from /home/airflow/.local/lib/python3.8/site-packages/airflow/example_dags/example_branch_python_dop_operator_3.py
[2024-04-14T14:49:24.208+0000] {processor.py:840} INFO - DAG(s) 'example_branch_dop_operator_v3' retrieved from /home/airflow/.local/lib/python3.8/site-packages/airflow/example_dags/example_branch_python_dop_operator_3.py
[2024-04-14T14:49:24.233+0000] {logging_mixin.py:188} INFO - [2024-04-14T14:49:24.233+0000] {dag.py:3047} INFO - Sync 1 DAGs
[2024-04-14T14:49:24.261+0000] {logging_mixin.py:188} INFO - [2024-04-14T14:49:24.261+0000] {dag.py:3834} INFO - Setting next_dagrun for example_branch_dop_operator_v3 to 2024-04-14 14:48:00+00:00, run_after=2024-04-14 14:49:00+00:00
[2024-04-14T14:49:24.283+0000] {processor.py:183} INFO - Processing /home/airflow/.local/lib/python3.8/site-packages/airflow/example_dags/example_branch_python_dop_operator_3.py took 0.090 seconds
[2024-04-14T14:49:54.490+0000] {processor.py:161} INFO - Started process (PID=726) to work on /home/airflow/.local/lib/python3.8/site-packages/airflow/example_dags/example_branch_python_dop_operator_3.py
[2024-04-14T14:49:54.493+0000] {processor.py:830} INFO - Processing file /home/airflow/.local/lib/python3.8/site-packages/airflow/example_dags/example_branch_python_dop_operator_3.py for tasks to queue
[2024-04-14T14:49:54.495+0000] {logging_mixin.py:188} INFO - [2024-04-14T14:49:54.494+0000] {dagbag.py:540} INFO - Filling up the DagBag from /home/airflow/.local/lib/python3.8/site-packages/airflow/example_dags/example_branch_python_dop_operator_3.py
[2024-04-14T14:49:54.506+0000] {processor.py:840} INFO - DAG(s) 'example_branch_dop_operator_v3' retrieved from /home/airflow/.local/lib/python3.8/site-packages/airflow/example_dags/example_branch_python_dop_operator_3.py
[2024-04-14T14:49:54.535+0000] {logging_mixin.py:188} INFO - [2024-04-14T14:49:54.535+0000] {dag.py:3047} INFO - Sync 1 DAGs
[2024-04-14T14:49:54.601+0000] {logging_mixin.py:188} INFO - [2024-04-14T14:49:54.601+0000] {dag.py:3834} INFO - Setting next_dagrun for example_branch_dop_operator_v3 to 2024-04-14 14:48:00+00:00, run_after=2024-04-14 14:49:00+00:00
[2024-04-14T14:49:54.627+0000] {processor.py:183} INFO - Processing /home/airflow/.local/lib/python3.8/site-packages/airflow/example_dags/example_branch_python_dop_operator_3.py took 0.141 seconds
[2024-04-14T14:50:24.991+0000] {processor.py:161} INFO - Started process (PID=786) to work on /home/airflow/.local/lib/python3.8/site-packages/airflow/example_dags/example_branch_python_dop_operator_3.py
[2024-04-14T14:50:24.993+0000] {processor.py:830} INFO - Processing file /home/airflow/.local/lib/python3.8/site-packages/airflow/example_dags/example_branch_python_dop_operator_3.py for tasks to queue
[2024-04-14T14:50:24.994+0000] {logging_mixin.py:188} INFO - [2024-04-14T14:50:24.994+0000] {dagbag.py:540} INFO - Filling up the DagBag from /home/airflow/.local/lib/python3.8/site-packages/airflow/example_dags/example_branch_python_dop_operator_3.py
[2024-04-14T14:50:25.002+0000] {processor.py:840} INFO - DAG(s) 'example_branch_dop_operator_v3' retrieved from /home/airflow/.local/lib/python3.8/site-packages/airflow/example_dags/example_branch_python_dop_operator_3.py
[2024-04-14T14:50:25.020+0000] {logging_mixin.py:188} INFO - [2024-04-14T14:50:25.020+0000] {dag.py:3047} INFO - Sync 1 DAGs
[2024-04-14T14:50:25.065+0000] {logging_mixin.py:188} INFO - [2024-04-14T14:50:25.064+0000] {dag.py:3834} INFO - Setting next_dagrun for example_branch_dop_operator_v3 to 2024-04-14 14:49:00+00:00, run_after=2024-04-14 14:50:00+00:00
[2024-04-14T14:50:25.092+0000] {processor.py:183} INFO - Processing /home/airflow/.local/lib/python3.8/site-packages/airflow/example_dags/example_branch_python_dop_operator_3.py took 0.104 seconds
[2024-04-14T14:50:55.294+0000] {processor.py:161} INFO - Started process (PID=845) to work on /home/airflow/.local/lib/python3.8/site-packages/airflow/example_dags/example_branch_python_dop_operator_3.py
[2024-04-14T14:50:55.295+0000] {processor.py:830} INFO - Processing file /home/airflow/.local/lib/python3.8/site-packages/airflow/example_dags/example_branch_python_dop_operator_3.py for tasks to queue
[2024-04-14T14:50:55.296+0000] {logging_mixin.py:188} INFO - [2024-04-14T14:50:55.296+0000] {dagbag.py:540} INFO - Filling up the DagBag from /home/airflow/.local/lib/python3.8/site-packages/airflow/example_dags/example_branch_python_dop_operator_3.py
[2024-04-14T14:50:55.304+0000] {processor.py:840} INFO - DAG(s) 'example_branch_dop_operator_v3' retrieved from /home/airflow/.local/lib/python3.8/site-packages/airflow/example_dags/example_branch_python_dop_operator_3.py
[2024-04-14T14:50:55.325+0000] {logging_mixin.py:188} INFO - [2024-04-14T14:50:55.325+0000] {dag.py:3047} INFO - Sync 1 DAGs
[2024-04-14T14:50:55.346+0000] {logging_mixin.py:188} INFO - [2024-04-14T14:50:55.346+0000] {dag.py:3834} INFO - Setting next_dagrun for example_branch_dop_operator_v3 to 2024-04-14 14:49:00+00:00, run_after=2024-04-14 14:50:00+00:00
[2024-04-14T14:50:55.361+0000] {processor.py:183} INFO - Processing /home/airflow/.local/lib/python3.8/site-packages/airflow/example_dags/example_branch_python_dop_operator_3.py took 0.071 seconds
[2024-04-14T14:51:25.512+0000] {processor.py:161} INFO - Started process (PID=904) to work on /home/airflow/.local/lib/python3.8/site-packages/airflow/example_dags/example_branch_python_dop_operator_3.py
[2024-04-14T14:51:25.513+0000] {processor.py:830} INFO - Processing file /home/airflow/.local/lib/python3.8/site-packages/airflow/example_dags/example_branch_python_dop_operator_3.py for tasks to queue
[2024-04-14T14:51:25.514+0000] {logging_mixin.py:188} INFO - [2024-04-14T14:51:25.514+0000] {dagbag.py:540} INFO - Filling up the DagBag from /home/airflow/.local/lib/python3.8/site-packages/airflow/example_dags/example_branch_python_dop_operator_3.py
[2024-04-14T14:51:25.522+0000] {processor.py:840} INFO - DAG(s) 'example_branch_dop_operator_v3' retrieved from /home/airflow/.local/lib/python3.8/site-packages/airflow/example_dags/example_branch_python_dop_operator_3.py
[2024-04-14T14:51:25.538+0000] {logging_mixin.py:188} INFO - [2024-04-14T14:51:25.538+0000] {dag.py:3047} INFO - Sync 1 DAGs
[2024-04-14T14:51:25.559+0000] {logging_mixin.py:188} INFO - [2024-04-14T14:51:25.559+0000] {dag.py:3834} INFO - Setting next_dagrun for example_branch_dop_operator_v3 to 2024-04-14 14:50:00+00:00, run_after=2024-04-14 14:51:00+00:00
[2024-04-14T14:51:25.576+0000] {processor.py:183} INFO - Processing /home/airflow/.local/lib/python3.8/site-packages/airflow/example_dags/example_branch_python_dop_operator_3.py took 0.067 seconds
[2024-04-14T14:51:56.058+0000] {processor.py:161} INFO - Started process (PID=964) to work on /home/airflow/.local/lib/python3.8/site-packages/airflow/example_dags/example_branch_python_dop_operator_3.py
[2024-04-14T14:51:56.060+0000] {processor.py:830} INFO - Processing file /home/airflow/.local/lib/python3.8/site-packages/airflow/example_dags/example_branch_python_dop_operator_3.py for tasks to queue
[2024-04-14T14:51:56.061+0000] {logging_mixin.py:188} INFO - [2024-04-14T14:51:56.060+0000] {dagbag.py:540} INFO - Filling up the DagBag from /home/airflow/.local/lib/python3.8/site-packages/airflow/example_dags/example_branch_python_dop_operator_3.py
[2024-04-14T14:51:56.070+0000] {processor.py:840} INFO - DAG(s) 'example_branch_dop_operator_v3' retrieved from /home/airflow/.local/lib/python3.8/site-packages/airflow/example_dags/example_branch_python_dop_operator_3.py
[2024-04-14T14:51:56.094+0000] {logging_mixin.py:188} INFO - [2024-04-14T14:51:56.094+0000] {dag.py:3047} INFO - Sync 1 DAGs
[2024-04-14T14:51:56.116+0000] {logging_mixin.py:188} INFO - [2024-04-14T14:51:56.116+0000] {dag.py:3834} INFO - Setting next_dagrun for example_branch_dop_operator_v3 to 2024-04-14 14:50:00+00:00, run_after=2024-04-14 14:51:00+00:00
[2024-04-14T14:51:56.130+0000] {processor.py:183} INFO - Processing /home/airflow/.local/lib/python3.8/site-packages/airflow/example_dags/example_branch_python_dop_operator_3.py took 0.075 seconds
[2024-04-14T14:52:26.274+0000] {processor.py:161} INFO - Started process (PID=1023) to work on /home/airflow/.local/lib/python3.8/site-packages/airflow/example_dags/example_branch_python_dop_operator_3.py
[2024-04-14T14:52:26.275+0000] {processor.py:830} INFO - Processing file /home/airflow/.local/lib/python3.8/site-packages/airflow/example_dags/example_branch_python_dop_operator_3.py for tasks to queue
[2024-04-14T14:52:26.276+0000] {logging_mixin.py:188} INFO - [2024-04-14T14:52:26.276+0000] {dagbag.py:540} INFO - Filling up the DagBag from /home/airflow/.local/lib/python3.8/site-packages/airflow/example_dags/example_branch_python_dop_operator_3.py
[2024-04-14T14:52:26.284+0000] {processor.py:840} INFO - DAG(s) 'example_branch_dop_operator_v3' retrieved from /home/airflow/.local/lib/python3.8/site-packages/airflow/example_dags/example_branch_python_dop_operator_3.py
[2024-04-14T14:52:26.301+0000] {logging_mixin.py:188} INFO - [2024-04-14T14:52:26.301+0000] {dag.py:3047} INFO - Sync 1 DAGs
[2024-04-14T14:52:26.322+0000] {logging_mixin.py:188} INFO - [2024-04-14T14:52:26.322+0000] {dag.py:3834} INFO - Setting next_dagrun for example_branch_dop_operator_v3 to 2024-04-14 14:51:00+00:00, run_after=2024-04-14 14:52:00+00:00
[2024-04-14T14:52:26.338+0000] {processor.py:183} INFO - Processing /home/airflow/.local/lib/python3.8/site-packages/airflow/example_dags/example_branch_python_dop_operator_3.py took 0.067 seconds
[2024-04-14T14:52:57.213+0000] {processor.py:161} INFO - Started process (PID=1082) to work on /home/airflow/.local/lib/python3.8/site-packages/airflow/example_dags/example_branch_python_dop_operator_3.py
[2024-04-14T14:52:57.218+0000] {processor.py:830} INFO - Processing file /home/airflow/.local/lib/python3.8/site-packages/airflow/example_dags/example_branch_python_dop_operator_3.py for tasks to queue
[2024-04-14T14:52:57.221+0000] {logging_mixin.py:188} INFO - [2024-04-14T14:52:57.220+0000] {dagbag.py:540} INFO - Filling up the DagBag from /home/airflow/.local/lib/python3.8/site-packages/airflow/example_dags/example_branch_python_dop_operator_3.py
[2024-04-14T14:52:57.252+0000] {processor.py:840} INFO - DAG(s) 'example_branch_dop_operator_v3' retrieved from /home/airflow/.local/lib/python3.8/site-packages/airflow/example_dags/example_branch_python_dop_operator_3.py
[2024-04-14T14:52:57.305+0000] {logging_mixin.py:188} INFO - [2024-04-14T14:52:57.304+0000] {dag.py:3047} INFO - Sync 1 DAGs
[2024-04-14T14:52:57.344+0000] {logging_mixin.py:188} INFO - [2024-04-14T14:52:57.343+0000] {dag.py:3834} INFO - Setting next_dagrun for example_branch_dop_operator_v3 to 2024-04-14 14:51:00+00:00, run_after=2024-04-14 14:52:00+00:00
[2024-04-14T14:52:57.377+0000] {processor.py:183} INFO - Processing /home/airflow/.local/lib/python3.8/site-packages/airflow/example_dags/example_branch_python_dop_operator_3.py took 0.172 seconds
[2024-04-14T14:53:27.741+0000] {processor.py:161} INFO - Started process (PID=1141) to work on /home/airflow/.local/lib/python3.8/site-packages/airflow/example_dags/example_branch_python_dop_operator_3.py
[2024-04-14T14:53:27.750+0000] {processor.py:830} INFO - Processing file /home/airflow/.local/lib/python3.8/site-packages/airflow/example_dags/example_branch_python_dop_operator_3.py for tasks to queue
[2024-04-14T14:53:27.753+0000] {logging_mixin.py:188} INFO - [2024-04-14T14:53:27.752+0000] {dagbag.py:540} INFO - Filling up the DagBag from /home/airflow/.local/lib/python3.8/site-packages/airflow/example_dags/example_branch_python_dop_operator_3.py
[2024-04-14T14:53:27.780+0000] {processor.py:840} INFO - DAG(s) 'example_branch_dop_operator_v3' retrieved from /home/airflow/.local/lib/python3.8/site-packages/airflow/example_dags/example_branch_python_dop_operator_3.py
[2024-04-14T14:53:27.863+0000] {logging_mixin.py:188} INFO - [2024-04-14T14:53:27.862+0000] {dag.py:3047} INFO - Sync 1 DAGs
[2024-04-14T14:53:27.938+0000] {logging_mixin.py:188} INFO - [2024-04-14T14:53:27.937+0000] {dag.py:3834} INFO - Setting next_dagrun for example_branch_dop_operator_v3 to 2024-04-14 14:52:00+00:00, run_after=2024-04-14 14:53:00+00:00
[2024-04-14T14:53:28.004+0000] {processor.py:183} INFO - Processing /home/airflow/.local/lib/python3.8/site-packages/airflow/example_dags/example_branch_python_dop_operator_3.py took 0.270 seconds
[2024-04-14T14:53:58.754+0000] {processor.py:161} INFO - Started process (PID=1200) to work on /home/airflow/.local/lib/python3.8/site-packages/airflow/example_dags/example_branch_python_dop_operator_3.py
[2024-04-14T14:53:58.756+0000] {processor.py:830} INFO - Processing file /home/airflow/.local/lib/python3.8/site-packages/airflow/example_dags/example_branch_python_dop_operator_3.py for tasks to queue
[2024-04-14T14:53:58.757+0000] {logging_mixin.py:188} INFO - [2024-04-14T14:53:58.756+0000] {dagbag.py:540} INFO - Filling up the DagBag from /home/airflow/.local/lib/python3.8/site-packages/airflow/example_dags/example_branch_python_dop_operator_3.py
[2024-04-14T14:53:58.765+0000] {processor.py:840} INFO - DAG(s) 'example_branch_dop_operator_v3' retrieved from /home/airflow/.local/lib/python3.8/site-packages/airflow/example_dags/example_branch_python_dop_operator_3.py
[2024-04-14T14:53:58.785+0000] {logging_mixin.py:188} INFO - [2024-04-14T14:53:58.784+0000] {dag.py:3047} INFO - Sync 1 DAGs
[2024-04-14T14:53:58.807+0000] {logging_mixin.py:188} INFO - [2024-04-14T14:53:58.806+0000] {dag.py:3834} INFO - Setting next_dagrun for example_branch_dop_operator_v3 to 2024-04-14 14:52:00+00:00, run_after=2024-04-14 14:53:00+00:00
[2024-04-14T14:53:58.826+0000] {processor.py:183} INFO - Processing /home/airflow/.local/lib/python3.8/site-packages/airflow/example_dags/example_branch_python_dop_operator_3.py took 0.075 seconds
[2024-04-14T14:54:29.547+0000] {processor.py:161} INFO - Started process (PID=1264) to work on /home/airflow/.local/lib/python3.8/site-packages/airflow/example_dags/example_branch_python_dop_operator_3.py
[2024-04-14T14:54:29.549+0000] {processor.py:830} INFO - Processing file /home/airflow/.local/lib/python3.8/site-packages/airflow/example_dags/example_branch_python_dop_operator_3.py for tasks to queue
[2024-04-14T14:54:29.550+0000] {logging_mixin.py:188} INFO - [2024-04-14T14:54:29.550+0000] {dagbag.py:540} INFO - Filling up the DagBag from /home/airflow/.local/lib/python3.8/site-packages/airflow/example_dags/example_branch_python_dop_operator_3.py
[2024-04-14T14:54:29.561+0000] {processor.py:840} INFO - DAG(s) 'example_branch_dop_operator_v3' retrieved from /home/airflow/.local/lib/python3.8/site-packages/airflow/example_dags/example_branch_python_dop_operator_3.py
[2024-04-14T14:54:29.583+0000] {logging_mixin.py:188} INFO - [2024-04-14T14:54:29.583+0000] {dag.py:3047} INFO - Sync 1 DAGs
[2024-04-14T14:54:29.604+0000] {logging_mixin.py:188} INFO - [2024-04-14T14:54:29.604+0000] {dag.py:3834} INFO - Setting next_dagrun for example_branch_dop_operator_v3 to 2024-04-14 14:53:00+00:00, run_after=2024-04-14 14:54:00+00:00
[2024-04-14T14:54:29.627+0000] {processor.py:183} INFO - Processing /home/airflow/.local/lib/python3.8/site-packages/airflow/example_dags/example_branch_python_dop_operator_3.py took 0.085 seconds
