[2024-04-14T14:44:25.355+0000] {processor.py:161} INFO - Started process (PID=95) to work on /home/airflow/.local/lib/python3.8/site-packages/airflow/example_dags/example_task_group.py
[2024-04-14T14:44:25.358+0000] {processor.py:830} INFO - Processing file /home/airflow/.local/lib/python3.8/site-packages/airflow/example_dags/example_task_group.py for tasks to queue
[2024-04-14T14:44:25.366+0000] {logging_mixin.py:188} INFO - [2024-04-14T14:44:25.362+0000] {dagbag.py:540} INFO - Filling up the DagBag from /home/airflow/.local/lib/python3.8/site-packages/airflow/example_dags/example_task_group.py
[2024-04-14T14:44:25.388+0000] {processor.py:840} INFO - DAG(s) 'example_task_group' retrieved from /home/airflow/.local/lib/python3.8/site-packages/airflow/example_dags/example_task_group.py
[2024-04-14T14:44:25.460+0000] {logging_mixin.py:188} INFO - [2024-04-14T14:44:25.459+0000] {dag.py:3047} INFO - Sync 1 DAGs
[2024-04-14T14:44:25.524+0000] {logging_mixin.py:188} INFO - [2024-04-14T14:44:25.521+0000] {dag.py:3834} INFO - Setting next_dagrun for example_task_group to 2024-04-13 00:00:00+00:00, run_after=2024-04-14 00:00:00+00:00
[2024-04-14T14:44:25.576+0000] {processor.py:183} INFO - Processing /home/airflow/.local/lib/python3.8/site-packages/airflow/example_dags/example_task_group.py took 0.232 seconds
[2024-04-14T14:44:56.292+0000] {processor.py:161} INFO - Started process (PID=167) to work on /home/airflow/.local/lib/python3.8/site-packages/airflow/example_dags/example_task_group.py
[2024-04-14T14:44:56.296+0000] {processor.py:830} INFO - Processing file /home/airflow/.local/lib/python3.8/site-packages/airflow/example_dags/example_task_group.py for tasks to queue
[2024-04-14T14:44:56.302+0000] {logging_mixin.py:188} INFO - [2024-04-14T14:44:56.301+0000] {dagbag.py:540} INFO - Filling up the DagBag from /home/airflow/.local/lib/python3.8/site-packages/airflow/example_dags/example_task_group.py
[2024-04-14T14:44:56.316+0000] {processor.py:840} INFO - DAG(s) 'example_task_group' retrieved from /home/airflow/.local/lib/python3.8/site-packages/airflow/example_dags/example_task_group.py
[2024-04-14T14:44:56.363+0000] {logging_mixin.py:188} INFO - [2024-04-14T14:44:56.362+0000] {dag.py:3047} INFO - Sync 1 DAGs
[2024-04-14T14:44:56.413+0000] {logging_mixin.py:188} INFO - [2024-04-14T14:44:56.412+0000] {dag.py:3834} INFO - Setting next_dagrun for example_task_group to 2024-04-13 00:00:00+00:00, run_after=2024-04-14 00:00:00+00:00
[2024-04-14T14:44:56.456+0000] {processor.py:183} INFO - Processing /home/airflow/.local/lib/python3.8/site-packages/airflow/example_dags/example_task_group.py took 0.168 seconds
[2024-04-14T14:45:26.527+0000] {processor.py:161} INFO - Started process (PID=226) to work on /home/airflow/.local/lib/python3.8/site-packages/airflow/example_dags/example_task_group.py
[2024-04-14T14:45:26.528+0000] {processor.py:830} INFO - Processing file /home/airflow/.local/lib/python3.8/site-packages/airflow/example_dags/example_task_group.py for tasks to queue
[2024-04-14T14:45:26.530+0000] {logging_mixin.py:188} INFO - [2024-04-14T14:45:26.529+0000] {dagbag.py:540} INFO - Filling up the DagBag from /home/airflow/.local/lib/python3.8/site-packages/airflow/example_dags/example_task_group.py
[2024-04-14T14:45:26.539+0000] {processor.py:840} INFO - DAG(s) 'example_task_group' retrieved from /home/airflow/.local/lib/python3.8/site-packages/airflow/example_dags/example_task_group.py
[2024-04-14T14:45:26.569+0000] {logging_mixin.py:188} INFO - [2024-04-14T14:45:26.568+0000] {dag.py:3047} INFO - Sync 1 DAGs
[2024-04-14T14:45:26.608+0000] {logging_mixin.py:188} INFO - [2024-04-14T14:45:26.607+0000] {dag.py:3834} INFO - Setting next_dagrun for example_task_group to 2024-04-13 00:00:00+00:00, run_after=2024-04-14 00:00:00+00:00
[2024-04-14T14:45:26.660+0000] {processor.py:183} INFO - Processing /home/airflow/.local/lib/python3.8/site-packages/airflow/example_dags/example_task_group.py took 0.137 seconds
[2024-04-14T14:45:56.860+0000] {processor.py:161} INFO - Started process (PID=285) to work on /home/airflow/.local/lib/python3.8/site-packages/airflow/example_dags/example_task_group.py
[2024-04-14T14:45:56.862+0000] {processor.py:830} INFO - Processing file /home/airflow/.local/lib/python3.8/site-packages/airflow/example_dags/example_task_group.py for tasks to queue
[2024-04-14T14:45:56.863+0000] {logging_mixin.py:188} INFO - [2024-04-14T14:45:56.863+0000] {dagbag.py:540} INFO - Filling up the DagBag from /home/airflow/.local/lib/python3.8/site-packages/airflow/example_dags/example_task_group.py
[2024-04-14T14:45:56.874+0000] {processor.py:840} INFO - DAG(s) 'example_task_group' retrieved from /home/airflow/.local/lib/python3.8/site-packages/airflow/example_dags/example_task_group.py
[2024-04-14T14:45:56.903+0000] {logging_mixin.py:188} INFO - [2024-04-14T14:45:56.903+0000] {dag.py:3047} INFO - Sync 1 DAGs
[2024-04-14T14:45:56.936+0000] {logging_mixin.py:188} INFO - [2024-04-14T14:45:56.936+0000] {dag.py:3834} INFO - Setting next_dagrun for example_task_group to 2024-04-13 00:00:00+00:00, run_after=2024-04-14 00:00:00+00:00
[2024-04-14T14:45:56.971+0000] {processor.py:183} INFO - Processing /home/airflow/.local/lib/python3.8/site-packages/airflow/example_dags/example_task_group.py took 0.115 seconds
[2024-04-14T14:46:27.508+0000] {processor.py:161} INFO - Started process (PID=344) to work on /home/airflow/.local/lib/python3.8/site-packages/airflow/example_dags/example_task_group.py
[2024-04-14T14:46:27.510+0000] {processor.py:830} INFO - Processing file /home/airflow/.local/lib/python3.8/site-packages/airflow/example_dags/example_task_group.py for tasks to queue
[2024-04-14T14:46:27.515+0000] {logging_mixin.py:188} INFO - [2024-04-14T14:46:27.514+0000] {dagbag.py:540} INFO - Filling up the DagBag from /home/airflow/.local/lib/python3.8/site-packages/airflow/example_dags/example_task_group.py
[2024-04-14T14:46:27.529+0000] {processor.py:840} INFO - DAG(s) 'example_task_group' retrieved from /home/airflow/.local/lib/python3.8/site-packages/airflow/example_dags/example_task_group.py
[2024-04-14T14:46:27.559+0000] {logging_mixin.py:188} INFO - [2024-04-14T14:46:27.558+0000] {dag.py:3047} INFO - Sync 1 DAGs
[2024-04-14T14:46:27.582+0000] {logging_mixin.py:188} INFO - [2024-04-14T14:46:27.582+0000] {dag.py:3834} INFO - Setting next_dagrun for example_task_group to 2024-04-13 00:00:00+00:00, run_after=2024-04-14 00:00:00+00:00
[2024-04-14T14:46:27.601+0000] {processor.py:183} INFO - Processing /home/airflow/.local/lib/python3.8/site-packages/airflow/example_dags/example_task_group.py took 0.096 seconds
[2024-04-14T14:46:58.160+0000] {processor.py:161} INFO - Started process (PID=404) to work on /home/airflow/.local/lib/python3.8/site-packages/airflow/example_dags/example_task_group.py
[2024-04-14T14:46:58.162+0000] {processor.py:830} INFO - Processing file /home/airflow/.local/lib/python3.8/site-packages/airflow/example_dags/example_task_group.py for tasks to queue
[2024-04-14T14:46:58.163+0000] {logging_mixin.py:188} INFO - [2024-04-14T14:46:58.163+0000] {dagbag.py:540} INFO - Filling up the DagBag from /home/airflow/.local/lib/python3.8/site-packages/airflow/example_dags/example_task_group.py
[2024-04-14T14:46:58.169+0000] {processor.py:840} INFO - DAG(s) 'example_task_group' retrieved from /home/airflow/.local/lib/python3.8/site-packages/airflow/example_dags/example_task_group.py
[2024-04-14T14:46:58.188+0000] {logging_mixin.py:188} INFO - [2024-04-14T14:46:58.188+0000] {dag.py:3047} INFO - Sync 1 DAGs
[2024-04-14T14:46:58.207+0000] {logging_mixin.py:188} INFO - [2024-04-14T14:46:58.207+0000] {dag.py:3834} INFO - Setting next_dagrun for example_task_group to 2024-04-13 00:00:00+00:00, run_after=2024-04-14 00:00:00+00:00
[2024-04-14T14:46:58.230+0000] {processor.py:183} INFO - Processing /home/airflow/.local/lib/python3.8/site-packages/airflow/example_dags/example_task_group.py took 0.073 seconds
[2024-04-14T14:47:28.519+0000] {processor.py:161} INFO - Started process (PID=464) to work on /home/airflow/.local/lib/python3.8/site-packages/airflow/example_dags/example_task_group.py
[2024-04-14T14:47:28.521+0000] {processor.py:830} INFO - Processing file /home/airflow/.local/lib/python3.8/site-packages/airflow/example_dags/example_task_group.py for tasks to queue
[2024-04-14T14:47:28.522+0000] {logging_mixin.py:188} INFO - [2024-04-14T14:47:28.522+0000] {dagbag.py:540} INFO - Filling up the DagBag from /home/airflow/.local/lib/python3.8/site-packages/airflow/example_dags/example_task_group.py
[2024-04-14T14:47:28.530+0000] {processor.py:840} INFO - DAG(s) 'example_task_group' retrieved from /home/airflow/.local/lib/python3.8/site-packages/airflow/example_dags/example_task_group.py
[2024-04-14T14:47:28.556+0000] {logging_mixin.py:188} INFO - [2024-04-14T14:47:28.556+0000] {dag.py:3047} INFO - Sync 1 DAGs
[2024-04-14T14:47:28.581+0000] {logging_mixin.py:188} INFO - [2024-04-14T14:47:28.581+0000] {dag.py:3834} INFO - Setting next_dagrun for example_task_group to 2024-04-13 00:00:00+00:00, run_after=2024-04-14 00:00:00+00:00
[2024-04-14T14:47:28.608+0000] {processor.py:183} INFO - Processing /home/airflow/.local/lib/python3.8/site-packages/airflow/example_dags/example_task_group.py took 0.092 seconds
[2024-04-14T14:47:59.906+0000] {processor.py:161} INFO - Started process (PID=529) to work on /home/airflow/.local/lib/python3.8/site-packages/airflow/example_dags/example_task_group.py
[2024-04-14T14:47:59.909+0000] {processor.py:830} INFO - Processing file /home/airflow/.local/lib/python3.8/site-packages/airflow/example_dags/example_task_group.py for tasks to queue
[2024-04-14T14:47:59.911+0000] {logging_mixin.py:188} INFO - [2024-04-14T14:47:59.910+0000] {dagbag.py:540} INFO - Filling up the DagBag from /home/airflow/.local/lib/python3.8/site-packages/airflow/example_dags/example_task_group.py
[2024-04-14T14:47:59.923+0000] {processor.py:840} INFO - DAG(s) 'example_task_group' retrieved from /home/airflow/.local/lib/python3.8/site-packages/airflow/example_dags/example_task_group.py
[2024-04-14T14:47:59.955+0000] {logging_mixin.py:188} INFO - [2024-04-14T14:47:59.955+0000] {dag.py:3047} INFO - Sync 1 DAGs
[2024-04-14T14:47:59.989+0000] {logging_mixin.py:188} INFO - [2024-04-14T14:47:59.988+0000] {dag.py:3834} INFO - Setting next_dagrun for example_task_group to 2024-04-13 00:00:00+00:00, run_after=2024-04-14 00:00:00+00:00
[2024-04-14T14:48:00.019+0000] {processor.py:183} INFO - Processing /home/airflow/.local/lib/python3.8/site-packages/airflow/example_dags/example_task_group.py took 0.117 seconds
[2024-04-14T14:48:30.263+0000] {processor.py:161} INFO - Started process (PID=588) to work on /home/airflow/.local/lib/python3.8/site-packages/airflow/example_dags/example_task_group.py
[2024-04-14T14:48:30.264+0000] {processor.py:830} INFO - Processing file /home/airflow/.local/lib/python3.8/site-packages/airflow/example_dags/example_task_group.py for tasks to queue
[2024-04-14T14:48:30.265+0000] {logging_mixin.py:188} INFO - [2024-04-14T14:48:30.264+0000] {dagbag.py:540} INFO - Filling up the DagBag from /home/airflow/.local/lib/python3.8/site-packages/airflow/example_dags/example_task_group.py
[2024-04-14T14:48:30.271+0000] {processor.py:840} INFO - DAG(s) 'example_task_group' retrieved from /home/airflow/.local/lib/python3.8/site-packages/airflow/example_dags/example_task_group.py
[2024-04-14T14:48:30.291+0000] {logging_mixin.py:188} INFO - [2024-04-14T14:48:30.291+0000] {dag.py:3047} INFO - Sync 1 DAGs
[2024-04-14T14:48:30.313+0000] {logging_mixin.py:188} INFO - [2024-04-14T14:48:30.313+0000] {dag.py:3834} INFO - Setting next_dagrun for example_task_group to 2024-04-13 00:00:00+00:00, run_after=2024-04-14 00:00:00+00:00
[2024-04-14T14:48:30.334+0000] {processor.py:183} INFO - Processing /home/airflow/.local/lib/python3.8/site-packages/airflow/example_dags/example_task_group.py took 0.074 seconds
[2024-04-14T14:49:00.769+0000] {processor.py:161} INFO - Started process (PID=647) to work on /home/airflow/.local/lib/python3.8/site-packages/airflow/example_dags/example_task_group.py
[2024-04-14T14:49:00.771+0000] {processor.py:830} INFO - Processing file /home/airflow/.local/lib/python3.8/site-packages/airflow/example_dags/example_task_group.py for tasks to queue
[2024-04-14T14:49:00.773+0000] {logging_mixin.py:188} INFO - [2024-04-14T14:49:00.772+0000] {dagbag.py:540} INFO - Filling up the DagBag from /home/airflow/.local/lib/python3.8/site-packages/airflow/example_dags/example_task_group.py
[2024-04-14T14:49:00.785+0000] {processor.py:840} INFO - DAG(s) 'example_task_group' retrieved from /home/airflow/.local/lib/python3.8/site-packages/airflow/example_dags/example_task_group.py
[2024-04-14T14:49:00.811+0000] {logging_mixin.py:188} INFO - [2024-04-14T14:49:00.811+0000] {dag.py:3047} INFO - Sync 1 DAGs
[2024-04-14T14:49:00.830+0000] {logging_mixin.py:188} INFO - [2024-04-14T14:49:00.829+0000] {dag.py:3834} INFO - Setting next_dagrun for example_task_group to 2024-04-13 00:00:00+00:00, run_after=2024-04-14 00:00:00+00:00
[2024-04-14T14:49:00.849+0000] {processor.py:183} INFO - Processing /home/airflow/.local/lib/python3.8/site-packages/airflow/example_dags/example_task_group.py took 0.085 seconds
[2024-04-14T14:49:31.144+0000] {processor.py:161} INFO - Started process (PID=706) to work on /home/airflow/.local/lib/python3.8/site-packages/airflow/example_dags/example_task_group.py
[2024-04-14T14:49:31.145+0000] {processor.py:830} INFO - Processing file /home/airflow/.local/lib/python3.8/site-packages/airflow/example_dags/example_task_group.py for tasks to queue
[2024-04-14T14:49:31.146+0000] {logging_mixin.py:188} INFO - [2024-04-14T14:49:31.146+0000] {dagbag.py:540} INFO - Filling up the DagBag from /home/airflow/.local/lib/python3.8/site-packages/airflow/example_dags/example_task_group.py
[2024-04-14T14:49:31.152+0000] {processor.py:840} INFO - DAG(s) 'example_task_group' retrieved from /home/airflow/.local/lib/python3.8/site-packages/airflow/example_dags/example_task_group.py
[2024-04-14T14:49:31.170+0000] {logging_mixin.py:188} INFO - [2024-04-14T14:49:31.170+0000] {dag.py:3047} INFO - Sync 1 DAGs
[2024-04-14T14:49:31.188+0000] {logging_mixin.py:188} INFO - [2024-04-14T14:49:31.188+0000] {dag.py:3834} INFO - Setting next_dagrun for example_task_group to 2024-04-13 00:00:00+00:00, run_after=2024-04-14 00:00:00+00:00
[2024-04-14T14:49:31.206+0000] {processor.py:183} INFO - Processing /home/airflow/.local/lib/python3.8/site-packages/airflow/example_dags/example_task_group.py took 0.065 seconds
[2024-04-14T14:50:01.751+0000] {processor.py:161} INFO - Started process (PID=766) to work on /home/airflow/.local/lib/python3.8/site-packages/airflow/example_dags/example_task_group.py
[2024-04-14T14:50:01.753+0000] {processor.py:830} INFO - Processing file /home/airflow/.local/lib/python3.8/site-packages/airflow/example_dags/example_task_group.py for tasks to queue
[2024-04-14T14:50:01.754+0000] {logging_mixin.py:188} INFO - [2024-04-14T14:50:01.754+0000] {dagbag.py:540} INFO - Filling up the DagBag from /home/airflow/.local/lib/python3.8/site-packages/airflow/example_dags/example_task_group.py
[2024-04-14T14:50:01.762+0000] {processor.py:840} INFO - DAG(s) 'example_task_group' retrieved from /home/airflow/.local/lib/python3.8/site-packages/airflow/example_dags/example_task_group.py
[2024-04-14T14:50:01.787+0000] {logging_mixin.py:188} INFO - [2024-04-14T14:50:01.787+0000] {dag.py:3047} INFO - Sync 1 DAGs
[2024-04-14T14:50:01.811+0000] {logging_mixin.py:188} INFO - [2024-04-14T14:50:01.811+0000] {dag.py:3834} INFO - Setting next_dagrun for example_task_group to 2024-04-13 00:00:00+00:00, run_after=2024-04-14 00:00:00+00:00
[2024-04-14T14:50:01.832+0000] {processor.py:183} INFO - Processing /home/airflow/.local/lib/python3.8/site-packages/airflow/example_dags/example_task_group.py took 0.084 seconds
[2024-04-14T14:50:31.990+0000] {processor.py:161} INFO - Started process (PID=825) to work on /home/airflow/.local/lib/python3.8/site-packages/airflow/example_dags/example_task_group.py
[2024-04-14T14:50:31.991+0000] {processor.py:830} INFO - Processing file /home/airflow/.local/lib/python3.8/site-packages/airflow/example_dags/example_task_group.py for tasks to queue
[2024-04-14T14:50:31.992+0000] {logging_mixin.py:188} INFO - [2024-04-14T14:50:31.992+0000] {dagbag.py:540} INFO - Filling up the DagBag from /home/airflow/.local/lib/python3.8/site-packages/airflow/example_dags/example_task_group.py
[2024-04-14T14:50:31.998+0000] {processor.py:840} INFO - DAG(s) 'example_task_group' retrieved from /home/airflow/.local/lib/python3.8/site-packages/airflow/example_dags/example_task_group.py
[2024-04-14T14:50:32.017+0000] {logging_mixin.py:188} INFO - [2024-04-14T14:50:32.017+0000] {dag.py:3047} INFO - Sync 1 DAGs
[2024-04-14T14:50:32.034+0000] {logging_mixin.py:188} INFO - [2024-04-14T14:50:32.034+0000] {dag.py:3834} INFO - Setting next_dagrun for example_task_group to 2024-04-13 00:00:00+00:00, run_after=2024-04-14 00:00:00+00:00
[2024-04-14T14:50:32.053+0000] {processor.py:183} INFO - Processing /home/airflow/.local/lib/python3.8/site-packages/airflow/example_dags/example_task_group.py took 0.065 seconds
[2024-04-14T14:51:02.402+0000] {processor.py:161} INFO - Started process (PID=884) to work on /home/airflow/.local/lib/python3.8/site-packages/airflow/example_dags/example_task_group.py
[2024-04-14T14:51:02.404+0000] {processor.py:830} INFO - Processing file /home/airflow/.local/lib/python3.8/site-packages/airflow/example_dags/example_task_group.py for tasks to queue
[2024-04-14T14:51:02.405+0000] {logging_mixin.py:188} INFO - [2024-04-14T14:51:02.405+0000] {dagbag.py:540} INFO - Filling up the DagBag from /home/airflow/.local/lib/python3.8/site-packages/airflow/example_dags/example_task_group.py
[2024-04-14T14:51:02.415+0000] {processor.py:840} INFO - DAG(s) 'example_task_group' retrieved from /home/airflow/.local/lib/python3.8/site-packages/airflow/example_dags/example_task_group.py
[2024-04-14T14:51:02.439+0000] {logging_mixin.py:188} INFO - [2024-04-14T14:51:02.438+0000] {dag.py:3047} INFO - Sync 1 DAGs
[2024-04-14T14:51:02.466+0000] {logging_mixin.py:188} INFO - [2024-04-14T14:51:02.466+0000] {dag.py:3834} INFO - Setting next_dagrun for example_task_group to 2024-04-13 00:00:00+00:00, run_after=2024-04-14 00:00:00+00:00
[2024-04-14T14:51:02.490+0000] {processor.py:183} INFO - Processing /home/airflow/.local/lib/python3.8/site-packages/airflow/example_dags/example_task_group.py took 0.091 seconds
[2024-04-14T14:51:33.467+0000] {processor.py:161} INFO - Started process (PID=944) to work on /home/airflow/.local/lib/python3.8/site-packages/airflow/example_dags/example_task_group.py
[2024-04-14T14:51:33.469+0000] {processor.py:830} INFO - Processing file /home/airflow/.local/lib/python3.8/site-packages/airflow/example_dags/example_task_group.py for tasks to queue
[2024-04-14T14:51:33.470+0000] {logging_mixin.py:188} INFO - [2024-04-14T14:51:33.469+0000] {dagbag.py:540} INFO - Filling up the DagBag from /home/airflow/.local/lib/python3.8/site-packages/airflow/example_dags/example_task_group.py
[2024-04-14T14:51:33.478+0000] {processor.py:840} INFO - DAG(s) 'example_task_group' retrieved from /home/airflow/.local/lib/python3.8/site-packages/airflow/example_dags/example_task_group.py
[2024-04-14T14:51:33.497+0000] {logging_mixin.py:188} INFO - [2024-04-14T14:51:33.496+0000] {dag.py:3047} INFO - Sync 1 DAGs
[2024-04-14T14:51:33.517+0000] {logging_mixin.py:188} INFO - [2024-04-14T14:51:33.517+0000] {dag.py:3834} INFO - Setting next_dagrun for example_task_group to 2024-04-13 00:00:00+00:00, run_after=2024-04-14 00:00:00+00:00
[2024-04-14T14:51:33.537+0000] {processor.py:183} INFO - Processing /home/airflow/.local/lib/python3.8/site-packages/airflow/example_dags/example_task_group.py took 0.073 seconds
[2024-04-14T14:52:04.000+0000] {processor.py:161} INFO - Started process (PID=1003) to work on /home/airflow/.local/lib/python3.8/site-packages/airflow/example_dags/example_task_group.py
[2024-04-14T14:52:04.002+0000] {processor.py:830} INFO - Processing file /home/airflow/.local/lib/python3.8/site-packages/airflow/example_dags/example_task_group.py for tasks to queue
[2024-04-14T14:52:04.003+0000] {logging_mixin.py:188} INFO - [2024-04-14T14:52:04.003+0000] {dagbag.py:540} INFO - Filling up the DagBag from /home/airflow/.local/lib/python3.8/site-packages/airflow/example_dags/example_task_group.py
[2024-04-14T14:52:04.013+0000] {processor.py:840} INFO - DAG(s) 'example_task_group' retrieved from /home/airflow/.local/lib/python3.8/site-packages/airflow/example_dags/example_task_group.py
[2024-04-14T14:52:04.036+0000] {logging_mixin.py:188} INFO - [2024-04-14T14:52:04.035+0000] {dag.py:3047} INFO - Sync 1 DAGs
[2024-04-14T14:52:04.064+0000] {logging_mixin.py:188} INFO - [2024-04-14T14:52:04.064+0000] {dag.py:3834} INFO - Setting next_dagrun for example_task_group to 2024-04-13 00:00:00+00:00, run_after=2024-04-14 00:00:00+00:00
[2024-04-14T14:52:04.086+0000] {processor.py:183} INFO - Processing /home/airflow/.local/lib/python3.8/site-packages/airflow/example_dags/example_task_group.py took 0.091 seconds
[2024-04-14T14:52:34.411+0000] {processor.py:161} INFO - Started process (PID=1062) to work on /home/airflow/.local/lib/python3.8/site-packages/airflow/example_dags/example_task_group.py
[2024-04-14T14:52:34.413+0000] {processor.py:830} INFO - Processing file /home/airflow/.local/lib/python3.8/site-packages/airflow/example_dags/example_task_group.py for tasks to queue
[2024-04-14T14:52:34.414+0000] {logging_mixin.py:188} INFO - [2024-04-14T14:52:34.414+0000] {dagbag.py:540} INFO - Filling up the DagBag from /home/airflow/.local/lib/python3.8/site-packages/airflow/example_dags/example_task_group.py
[2024-04-14T14:52:34.422+0000] {processor.py:840} INFO - DAG(s) 'example_task_group' retrieved from /home/airflow/.local/lib/python3.8/site-packages/airflow/example_dags/example_task_group.py
[2024-04-14T14:52:34.448+0000] {logging_mixin.py:188} INFO - [2024-04-14T14:52:34.448+0000] {dag.py:3047} INFO - Sync 1 DAGs
[2024-04-14T14:52:34.467+0000] {logging_mixin.py:188} INFO - [2024-04-14T14:52:34.467+0000] {dag.py:3834} INFO - Setting next_dagrun for example_task_group to 2024-04-13 00:00:00+00:00, run_after=2024-04-14 00:00:00+00:00
[2024-04-14T14:52:34.493+0000] {processor.py:183} INFO - Processing /home/airflow/.local/lib/python3.8/site-packages/airflow/example_dags/example_task_group.py took 0.086 seconds
[2024-04-14T14:53:05.306+0000] {processor.py:161} INFO - Started process (PID=1121) to work on /home/airflow/.local/lib/python3.8/site-packages/airflow/example_dags/example_task_group.py
[2024-04-14T14:53:05.308+0000] {processor.py:830} INFO - Processing file /home/airflow/.local/lib/python3.8/site-packages/airflow/example_dags/example_task_group.py for tasks to queue
[2024-04-14T14:53:05.309+0000] {logging_mixin.py:188} INFO - [2024-04-14T14:53:05.309+0000] {dagbag.py:540} INFO - Filling up the DagBag from /home/airflow/.local/lib/python3.8/site-packages/airflow/example_dags/example_task_group.py
[2024-04-14T14:53:05.316+0000] {processor.py:840} INFO - DAG(s) 'example_task_group' retrieved from /home/airflow/.local/lib/python3.8/site-packages/airflow/example_dags/example_task_group.py
[2024-04-14T14:53:05.334+0000] {logging_mixin.py:188} INFO - [2024-04-14T14:53:05.333+0000] {dag.py:3047} INFO - Sync 1 DAGs
[2024-04-14T14:53:05.354+0000] {logging_mixin.py:188} INFO - [2024-04-14T14:53:05.353+0000] {dag.py:3834} INFO - Setting next_dagrun for example_task_group to 2024-04-13 00:00:00+00:00, run_after=2024-04-14 00:00:00+00:00
[2024-04-14T14:53:05.371+0000] {processor.py:183} INFO - Processing /home/airflow/.local/lib/python3.8/site-packages/airflow/example_dags/example_task_group.py took 0.067 seconds
[2024-04-14T14:53:36.098+0000] {processor.py:161} INFO - Started process (PID=1180) to work on /home/airflow/.local/lib/python3.8/site-packages/airflow/example_dags/example_task_group.py
[2024-04-14T14:53:36.100+0000] {processor.py:830} INFO - Processing file /home/airflow/.local/lib/python3.8/site-packages/airflow/example_dags/example_task_group.py for tasks to queue
[2024-04-14T14:53:36.101+0000] {logging_mixin.py:188} INFO - [2024-04-14T14:53:36.100+0000] {dagbag.py:540} INFO - Filling up the DagBag from /home/airflow/.local/lib/python3.8/site-packages/airflow/example_dags/example_task_group.py
[2024-04-14T14:53:36.108+0000] {processor.py:840} INFO - DAG(s) 'example_task_group' retrieved from /home/airflow/.local/lib/python3.8/site-packages/airflow/example_dags/example_task_group.py
[2024-04-14T14:53:36.128+0000] {logging_mixin.py:188} INFO - [2024-04-14T14:53:36.127+0000] {dag.py:3047} INFO - Sync 1 DAGs
[2024-04-14T14:53:36.147+0000] {logging_mixin.py:188} INFO - [2024-04-14T14:53:36.147+0000] {dag.py:3834} INFO - Setting next_dagrun for example_task_group to 2024-04-13 00:00:00+00:00, run_after=2024-04-14 00:00:00+00:00
[2024-04-14T14:53:36.165+0000] {processor.py:183} INFO - Processing /home/airflow/.local/lib/python3.8/site-packages/airflow/example_dags/example_task_group.py took 0.069 seconds
[2024-04-14T14:54:07.508+0000] {processor.py:161} INFO - Started process (PID=1238) to work on /home/airflow/.local/lib/python3.8/site-packages/airflow/example_dags/example_task_group.py
[2024-04-14T14:54:07.511+0000] {processor.py:830} INFO - Processing file /home/airflow/.local/lib/python3.8/site-packages/airflow/example_dags/example_task_group.py for tasks to queue
[2024-04-14T14:54:07.514+0000] {logging_mixin.py:188} INFO - [2024-04-14T14:54:07.514+0000] {dagbag.py:540} INFO - Filling up the DagBag from /home/airflow/.local/lib/python3.8/site-packages/airflow/example_dags/example_task_group.py
[2024-04-14T14:54:07.529+0000] {processor.py:840} INFO - DAG(s) 'example_task_group' retrieved from /home/airflow/.local/lib/python3.8/site-packages/airflow/example_dags/example_task_group.py
[2024-04-14T14:54:07.586+0000] {logging_mixin.py:188} INFO - [2024-04-14T14:54:07.585+0000] {dag.py:3047} INFO - Sync 1 DAGs
[2024-04-14T14:54:07.630+0000] {logging_mixin.py:188} INFO - [2024-04-14T14:54:07.630+0000] {dag.py:3834} INFO - Setting next_dagrun for example_task_group to 2024-04-13 00:00:00+00:00, run_after=2024-04-14 00:00:00+00:00
[2024-04-14T14:54:07.675+0000] {processor.py:183} INFO - Processing /home/airflow/.local/lib/python3.8/site-packages/airflow/example_dags/example_task_group.py took 0.172 seconds
[2024-04-14T14:54:37.747+0000] {processor.py:161} INFO - Started process (PID=1297) to work on /home/airflow/.local/lib/python3.8/site-packages/airflow/example_dags/example_task_group.py
[2024-04-14T14:54:37.749+0000] {processor.py:830} INFO - Processing file /home/airflow/.local/lib/python3.8/site-packages/airflow/example_dags/example_task_group.py for tasks to queue
[2024-04-14T14:54:37.750+0000] {logging_mixin.py:188} INFO - [2024-04-14T14:54:37.750+0000] {dagbag.py:540} INFO - Filling up the DagBag from /home/airflow/.local/lib/python3.8/site-packages/airflow/example_dags/example_task_group.py
[2024-04-14T14:54:37.757+0000] {processor.py:840} INFO - DAG(s) 'example_task_group' retrieved from /home/airflow/.local/lib/python3.8/site-packages/airflow/example_dags/example_task_group.py
[2024-04-14T14:54:37.779+0000] {logging_mixin.py:188} INFO - [2024-04-14T14:54:37.778+0000] {dag.py:3047} INFO - Sync 1 DAGs
[2024-04-14T14:54:37.803+0000] {logging_mixin.py:188} INFO - [2024-04-14T14:54:37.803+0000] {dag.py:3834} INFO - Setting next_dagrun for example_task_group to 2024-04-13 00:00:00+00:00, run_after=2024-04-14 00:00:00+00:00
[2024-04-14T14:54:37.823+0000] {processor.py:183} INFO - Processing /home/airflow/.local/lib/python3.8/site-packages/airflow/example_dags/example_task_group.py took 0.078 seconds
