[2024-04-14T14:44:22.647+0000] {processor.py:161} INFO - Started process (PID=80) to work on /home/airflow/.local/lib/python3.8/site-packages/airflow/example_dags/example_dag_decorator.py
[2024-04-14T14:44:22.648+0000] {processor.py:830} INFO - Processing file /home/airflow/.local/lib/python3.8/site-packages/airflow/example_dags/example_dag_decorator.py for tasks to queue
[2024-04-14T14:44:22.651+0000] {logging_mixin.py:188} INFO - [2024-04-14T14:44:22.651+0000] {dagbag.py:540} INFO - Filling up the DagBag from /home/airflow/.local/lib/python3.8/site-packages/airflow/example_dags/example_dag_decorator.py
[2024-04-14T14:44:23.017+0000] {processor.py:840} INFO - DAG(s) 'example_dag_decorator' retrieved from /home/airflow/.local/lib/python3.8/site-packages/airflow/example_dags/example_dag_decorator.py
[2024-04-14T14:44:23.175+0000] {logging_mixin.py:188} INFO - [2024-04-14T14:44:23.175+0000] {dag.py:3047} INFO - Sync 1 DAGs
[2024-04-14T14:44:23.194+0000] {logging_mixin.py:188} INFO - [2024-04-14T14:44:23.194+0000] {dag.py:3834} INFO - Setting next_dagrun for example_dag_decorator to None, run_after=None
[2024-04-14T14:44:23.231+0000] {processor.py:183} INFO - Processing /home/airflow/.local/lib/python3.8/site-packages/airflow/example_dags/example_dag_decorator.py took 0.589 seconds
[2024-04-14T14:44:53.636+0000] {processor.py:161} INFO - Started process (PID=154) to work on /home/airflow/.local/lib/python3.8/site-packages/airflow/example_dags/example_dag_decorator.py
[2024-04-14T14:44:53.638+0000] {processor.py:830} INFO - Processing file /home/airflow/.local/lib/python3.8/site-packages/airflow/example_dags/example_dag_decorator.py for tasks to queue
[2024-04-14T14:44:53.640+0000] {logging_mixin.py:188} INFO - [2024-04-14T14:44:53.640+0000] {dagbag.py:540} INFO - Filling up the DagBag from /home/airflow/.local/lib/python3.8/site-packages/airflow/example_dags/example_dag_decorator.py
[2024-04-14T14:44:53.739+0000] {processor.py:840} INFO - DAG(s) 'example_dag_decorator' retrieved from /home/airflow/.local/lib/python3.8/site-packages/airflow/example_dags/example_dag_decorator.py
[2024-04-14T14:44:53.845+0000] {logging_mixin.py:188} INFO - [2024-04-14T14:44:53.845+0000] {dag.py:3047} INFO - Sync 1 DAGs
[2024-04-14T14:44:53.859+0000] {logging_mixin.py:188} INFO - [2024-04-14T14:44:53.858+0000] {dag.py:3834} INFO - Setting next_dagrun for example_dag_decorator to None, run_after=None
[2024-04-14T14:44:53.887+0000] {processor.py:183} INFO - Processing /home/airflow/.local/lib/python3.8/site-packages/airflow/example_dags/example_dag_decorator.py took 0.254 seconds
[2024-04-14T14:45:24.274+0000] {processor.py:161} INFO - Started process (PID=211) to work on /home/airflow/.local/lib/python3.8/site-packages/airflow/example_dags/example_dag_decorator.py
[2024-04-14T14:45:24.275+0000] {processor.py:830} INFO - Processing file /home/airflow/.local/lib/python3.8/site-packages/airflow/example_dags/example_dag_decorator.py for tasks to queue
[2024-04-14T14:45:24.277+0000] {logging_mixin.py:188} INFO - [2024-04-14T14:45:24.276+0000] {dagbag.py:540} INFO - Filling up the DagBag from /home/airflow/.local/lib/python3.8/site-packages/airflow/example_dags/example_dag_decorator.py
[2024-04-14T14:45:24.382+0000] {processor.py:840} INFO - DAG(s) 'example_dag_decorator' retrieved from /home/airflow/.local/lib/python3.8/site-packages/airflow/example_dags/example_dag_decorator.py
[2024-04-14T14:45:24.549+0000] {logging_mixin.py:188} INFO - [2024-04-14T14:45:24.548+0000] {dag.py:3047} INFO - Sync 1 DAGs
[2024-04-14T14:45:24.580+0000] {logging_mixin.py:188} INFO - [2024-04-14T14:45:24.579+0000] {dag.py:3834} INFO - Setting next_dagrun for example_dag_decorator to None, run_after=None
[2024-04-14T14:45:24.654+0000] {processor.py:183} INFO - Processing /home/airflow/.local/lib/python3.8/site-packages/airflow/example_dags/example_dag_decorator.py took 0.384 seconds
[2024-04-14T14:45:54.849+0000] {processor.py:161} INFO - Started process (PID=271) to work on /home/airflow/.local/lib/python3.8/site-packages/airflow/example_dags/example_dag_decorator.py
[2024-04-14T14:45:54.852+0000] {processor.py:830} INFO - Processing file /home/airflow/.local/lib/python3.8/site-packages/airflow/example_dags/example_dag_decorator.py for tasks to queue
[2024-04-14T14:45:54.854+0000] {logging_mixin.py:188} INFO - [2024-04-14T14:45:54.854+0000] {dagbag.py:540} INFO - Filling up the DagBag from /home/airflow/.local/lib/python3.8/site-packages/airflow/example_dags/example_dag_decorator.py
[2024-04-14T14:45:54.992+0000] {processor.py:840} INFO - DAG(s) 'example_dag_decorator' retrieved from /home/airflow/.local/lib/python3.8/site-packages/airflow/example_dags/example_dag_decorator.py
[2024-04-14T14:45:55.183+0000] {logging_mixin.py:188} INFO - [2024-04-14T14:45:55.182+0000] {dag.py:3047} INFO - Sync 1 DAGs
[2024-04-14T14:45:55.224+0000] {logging_mixin.py:188} INFO - [2024-04-14T14:45:55.224+0000] {dag.py:3834} INFO - Setting next_dagrun for example_dag_decorator to None, run_after=None
[2024-04-14T14:45:55.276+0000] {processor.py:183} INFO - Processing /home/airflow/.local/lib/python3.8/site-packages/airflow/example_dags/example_dag_decorator.py took 0.431 seconds
[2024-04-14T14:46:25.402+0000] {processor.py:161} INFO - Started process (PID=331) to work on /home/airflow/.local/lib/python3.8/site-packages/airflow/example_dags/example_dag_decorator.py
[2024-04-14T14:46:25.404+0000] {processor.py:830} INFO - Processing file /home/airflow/.local/lib/python3.8/site-packages/airflow/example_dags/example_dag_decorator.py for tasks to queue
[2024-04-14T14:46:25.405+0000] {logging_mixin.py:188} INFO - [2024-04-14T14:46:25.405+0000] {dagbag.py:540} INFO - Filling up the DagBag from /home/airflow/.local/lib/python3.8/site-packages/airflow/example_dags/example_dag_decorator.py
[2024-04-14T14:46:25.495+0000] {processor.py:840} INFO - DAG(s) 'example_dag_decorator' retrieved from /home/airflow/.local/lib/python3.8/site-packages/airflow/example_dags/example_dag_decorator.py
[2024-04-14T14:46:25.585+0000] {logging_mixin.py:188} INFO - [2024-04-14T14:46:25.585+0000] {dag.py:3047} INFO - Sync 1 DAGs
[2024-04-14T14:46:25.594+0000] {logging_mixin.py:188} INFO - [2024-04-14T14:46:25.594+0000] {dag.py:3834} INFO - Setting next_dagrun for example_dag_decorator to None, run_after=None
[2024-04-14T14:46:25.614+0000] {processor.py:183} INFO - Processing /home/airflow/.local/lib/python3.8/site-packages/airflow/example_dags/example_dag_decorator.py took 0.215 seconds
[2024-04-14T14:46:56.515+0000] {processor.py:161} INFO - Started process (PID=388) to work on /home/airflow/.local/lib/python3.8/site-packages/airflow/example_dags/example_dag_decorator.py
[2024-04-14T14:46:56.517+0000] {processor.py:830} INFO - Processing file /home/airflow/.local/lib/python3.8/site-packages/airflow/example_dags/example_dag_decorator.py for tasks to queue
[2024-04-14T14:46:56.517+0000] {logging_mixin.py:188} INFO - [2024-04-14T14:46:56.517+0000] {dagbag.py:540} INFO - Filling up the DagBag from /home/airflow/.local/lib/python3.8/site-packages/airflow/example_dags/example_dag_decorator.py
[2024-04-14T14:46:56.619+0000] {processor.py:840} INFO - DAG(s) 'example_dag_decorator' retrieved from /home/airflow/.local/lib/python3.8/site-packages/airflow/example_dags/example_dag_decorator.py
[2024-04-14T14:46:56.748+0000] {logging_mixin.py:188} INFO - [2024-04-14T14:46:56.748+0000] {dag.py:3047} INFO - Sync 1 DAGs
[2024-04-14T14:46:56.762+0000] {logging_mixin.py:188} INFO - [2024-04-14T14:46:56.762+0000] {dag.py:3834} INFO - Setting next_dagrun for example_dag_decorator to None, run_after=None
[2024-04-14T14:46:56.786+0000] {processor.py:183} INFO - Processing /home/airflow/.local/lib/python3.8/site-packages/airflow/example_dags/example_dag_decorator.py took 0.274 seconds
[2024-04-14T14:47:27.268+0000] {processor.py:161} INFO - Started process (PID=448) to work on /home/airflow/.local/lib/python3.8/site-packages/airflow/example_dags/example_dag_decorator.py
[2024-04-14T14:47:27.269+0000] {processor.py:830} INFO - Processing file /home/airflow/.local/lib/python3.8/site-packages/airflow/example_dags/example_dag_decorator.py for tasks to queue
[2024-04-14T14:47:27.270+0000] {logging_mixin.py:188} INFO - [2024-04-14T14:47:27.270+0000] {dagbag.py:540} INFO - Filling up the DagBag from /home/airflow/.local/lib/python3.8/site-packages/airflow/example_dags/example_dag_decorator.py
[2024-04-14T14:47:27.356+0000] {processor.py:840} INFO - DAG(s) 'example_dag_decorator' retrieved from /home/airflow/.local/lib/python3.8/site-packages/airflow/example_dags/example_dag_decorator.py
[2024-04-14T14:47:27.449+0000] {logging_mixin.py:188} INFO - [2024-04-14T14:47:27.448+0000] {dag.py:3047} INFO - Sync 1 DAGs
[2024-04-14T14:47:27.459+0000] {logging_mixin.py:188} INFO - [2024-04-14T14:47:27.459+0000] {dag.py:3834} INFO - Setting next_dagrun for example_dag_decorator to None, run_after=None
[2024-04-14T14:47:27.484+0000] {processor.py:183} INFO - Processing /home/airflow/.local/lib/python3.8/site-packages/airflow/example_dags/example_dag_decorator.py took 0.219 seconds
[2024-04-14T14:47:58.291+0000] {processor.py:161} INFO - Started process (PID=507) to work on /home/airflow/.local/lib/python3.8/site-packages/airflow/example_dags/example_dag_decorator.py
[2024-04-14T14:47:58.293+0000] {processor.py:830} INFO - Processing file /home/airflow/.local/lib/python3.8/site-packages/airflow/example_dags/example_dag_decorator.py for tasks to queue
[2024-04-14T14:47:58.295+0000] {logging_mixin.py:188} INFO - [2024-04-14T14:47:58.295+0000] {dagbag.py:540} INFO - Filling up the DagBag from /home/airflow/.local/lib/python3.8/site-packages/airflow/example_dags/example_dag_decorator.py
[2024-04-14T14:47:58.451+0000] {processor.py:840} INFO - DAG(s) 'example_dag_decorator' retrieved from /home/airflow/.local/lib/python3.8/site-packages/airflow/example_dags/example_dag_decorator.py
[2024-04-14T14:47:58.495+0000] {logging_mixin.py:188} INFO - [2024-04-14T14:47:58.495+0000] {dag.py:3047} INFO - Sync 1 DAGs
[2024-04-14T14:47:58.516+0000] {logging_mixin.py:188} INFO - [2024-04-14T14:47:58.516+0000] {dag.py:3834} INFO - Setting next_dagrun for example_dag_decorator to None, run_after=None
[2024-04-14T14:47:58.538+0000] {processor.py:183} INFO - Processing /home/airflow/.local/lib/python3.8/site-packages/airflow/example_dags/example_dag_decorator.py took 0.254 seconds
[2024-04-14T14:48:29.418+0000] {processor.py:161} INFO - Started process (PID=573) to work on /home/airflow/.local/lib/python3.8/site-packages/airflow/example_dags/example_dag_decorator.py
[2024-04-14T14:48:29.419+0000] {processor.py:830} INFO - Processing file /home/airflow/.local/lib/python3.8/site-packages/airflow/example_dags/example_dag_decorator.py for tasks to queue
[2024-04-14T14:48:29.420+0000] {logging_mixin.py:188} INFO - [2024-04-14T14:48:29.419+0000] {dagbag.py:540} INFO - Filling up the DagBag from /home/airflow/.local/lib/python3.8/site-packages/airflow/example_dags/example_dag_decorator.py
[2024-04-14T14:48:29.501+0000] {processor.py:840} INFO - DAG(s) 'example_dag_decorator' retrieved from /home/airflow/.local/lib/python3.8/site-packages/airflow/example_dags/example_dag_decorator.py
[2024-04-14T14:48:29.599+0000] {logging_mixin.py:188} INFO - [2024-04-14T14:48:29.599+0000] {dag.py:3047} INFO - Sync 1 DAGs
[2024-04-14T14:48:29.612+0000] {logging_mixin.py:188} INFO - [2024-04-14T14:48:29.612+0000] {dag.py:3834} INFO - Setting next_dagrun for example_dag_decorator to None, run_after=None
[2024-04-14T14:48:29.631+0000] {processor.py:183} INFO - Processing /home/airflow/.local/lib/python3.8/site-packages/airflow/example_dags/example_dag_decorator.py took 0.216 seconds
[2024-04-14T14:48:59.790+0000] {processor.py:161} INFO - Started process (PID=632) to work on /home/airflow/.local/lib/python3.8/site-packages/airflow/example_dags/example_dag_decorator.py
[2024-04-14T14:48:59.792+0000] {processor.py:830} INFO - Processing file /home/airflow/.local/lib/python3.8/site-packages/airflow/example_dags/example_dag_decorator.py for tasks to queue
[2024-04-14T14:48:59.793+0000] {logging_mixin.py:188} INFO - [2024-04-14T14:48:59.793+0000] {dagbag.py:540} INFO - Filling up the DagBag from /home/airflow/.local/lib/python3.8/site-packages/airflow/example_dags/example_dag_decorator.py
[2024-04-14T14:48:59.876+0000] {processor.py:840} INFO - DAG(s) 'example_dag_decorator' retrieved from /home/airflow/.local/lib/python3.8/site-packages/airflow/example_dags/example_dag_decorator.py
[2024-04-14T14:48:59.966+0000] {logging_mixin.py:188} INFO - [2024-04-14T14:48:59.966+0000] {dag.py:3047} INFO - Sync 1 DAGs
[2024-04-14T14:48:59.974+0000] {logging_mixin.py:188} INFO - [2024-04-14T14:48:59.974+0000] {dag.py:3834} INFO - Setting next_dagrun for example_dag_decorator to None, run_after=None
[2024-04-14T14:48:59.995+0000] {processor.py:183} INFO - Processing /home/airflow/.local/lib/python3.8/site-packages/airflow/example_dags/example_dag_decorator.py took 0.207 seconds
[2024-04-14T14:49:30.288+0000] {processor.py:161} INFO - Started process (PID=691) to work on /home/airflow/.local/lib/python3.8/site-packages/airflow/example_dags/example_dag_decorator.py
[2024-04-14T14:49:30.289+0000] {processor.py:830} INFO - Processing file /home/airflow/.local/lib/python3.8/site-packages/airflow/example_dags/example_dag_decorator.py for tasks to queue
[2024-04-14T14:49:30.291+0000] {logging_mixin.py:188} INFO - [2024-04-14T14:49:30.290+0000] {dagbag.py:540} INFO - Filling up the DagBag from /home/airflow/.local/lib/python3.8/site-packages/airflow/example_dags/example_dag_decorator.py
[2024-04-14T14:49:30.398+0000] {processor.py:840} INFO - DAG(s) 'example_dag_decorator' retrieved from /home/airflow/.local/lib/python3.8/site-packages/airflow/example_dags/example_dag_decorator.py
[2024-04-14T14:49:30.482+0000] {logging_mixin.py:188} INFO - [2024-04-14T14:49:30.481+0000] {dag.py:3047} INFO - Sync 1 DAGs
[2024-04-14T14:49:30.492+0000] {logging_mixin.py:188} INFO - [2024-04-14T14:49:30.492+0000] {dag.py:3834} INFO - Setting next_dagrun for example_dag_decorator to None, run_after=None
[2024-04-14T14:49:30.510+0000] {processor.py:183} INFO - Processing /home/airflow/.local/lib/python3.8/site-packages/airflow/example_dags/example_dag_decorator.py took 0.225 seconds
[2024-04-14T14:50:00.696+0000] {processor.py:161} INFO - Started process (PID=752) to work on /home/airflow/.local/lib/python3.8/site-packages/airflow/example_dags/example_dag_decorator.py
[2024-04-14T14:50:00.697+0000] {processor.py:830} INFO - Processing file /home/airflow/.local/lib/python3.8/site-packages/airflow/example_dags/example_dag_decorator.py for tasks to queue
[2024-04-14T14:50:00.698+0000] {logging_mixin.py:188} INFO - [2024-04-14T14:50:00.698+0000] {dagbag.py:540} INFO - Filling up the DagBag from /home/airflow/.local/lib/python3.8/site-packages/airflow/example_dags/example_dag_decorator.py
[2024-04-14T14:50:00.779+0000] {processor.py:840} INFO - DAG(s) 'example_dag_decorator' retrieved from /home/airflow/.local/lib/python3.8/site-packages/airflow/example_dags/example_dag_decorator.py
[2024-04-14T14:50:00.885+0000] {logging_mixin.py:188} INFO - [2024-04-14T14:50:00.884+0000] {dag.py:3047} INFO - Sync 1 DAGs
[2024-04-14T14:50:00.903+0000] {logging_mixin.py:188} INFO - [2024-04-14T14:50:00.903+0000] {dag.py:3834} INFO - Setting next_dagrun for example_dag_decorator to None, run_after=None
[2024-04-14T14:50:00.931+0000] {processor.py:183} INFO - Processing /home/airflow/.local/lib/python3.8/site-packages/airflow/example_dags/example_dag_decorator.py took 0.237 seconds
[2024-04-14T14:50:31.178+0000] {processor.py:161} INFO - Started process (PID=810) to work on /home/airflow/.local/lib/python3.8/site-packages/airflow/example_dags/example_dag_decorator.py
[2024-04-14T14:50:31.179+0000] {processor.py:830} INFO - Processing file /home/airflow/.local/lib/python3.8/site-packages/airflow/example_dags/example_dag_decorator.py for tasks to queue
[2024-04-14T14:50:31.180+0000] {logging_mixin.py:188} INFO - [2024-04-14T14:50:31.180+0000] {dagbag.py:540} INFO - Filling up the DagBag from /home/airflow/.local/lib/python3.8/site-packages/airflow/example_dags/example_dag_decorator.py
[2024-04-14T14:50:31.252+0000] {processor.py:840} INFO - DAG(s) 'example_dag_decorator' retrieved from /home/airflow/.local/lib/python3.8/site-packages/airflow/example_dags/example_dag_decorator.py
[2024-04-14T14:50:31.336+0000] {logging_mixin.py:188} INFO - [2024-04-14T14:50:31.335+0000] {dag.py:3047} INFO - Sync 1 DAGs
[2024-04-14T14:50:31.345+0000] {logging_mixin.py:188} INFO - [2024-04-14T14:50:31.344+0000] {dag.py:3834} INFO - Setting next_dagrun for example_dag_decorator to None, run_after=None
[2024-04-14T14:50:31.364+0000] {processor.py:183} INFO - Processing /home/airflow/.local/lib/python3.8/site-packages/airflow/example_dags/example_dag_decorator.py took 0.189 seconds
[2024-04-14T14:51:01.519+0000] {processor.py:161} INFO - Started process (PID=870) to work on /home/airflow/.local/lib/python3.8/site-packages/airflow/example_dags/example_dag_decorator.py
[2024-04-14T14:51:01.521+0000] {processor.py:830} INFO - Processing file /home/airflow/.local/lib/python3.8/site-packages/airflow/example_dags/example_dag_decorator.py for tasks to queue
[2024-04-14T14:51:01.522+0000] {logging_mixin.py:188} INFO - [2024-04-14T14:51:01.521+0000] {dagbag.py:540} INFO - Filling up the DagBag from /home/airflow/.local/lib/python3.8/site-packages/airflow/example_dags/example_dag_decorator.py
[2024-04-14T14:51:01.597+0000] {processor.py:840} INFO - DAG(s) 'example_dag_decorator' retrieved from /home/airflow/.local/lib/python3.8/site-packages/airflow/example_dags/example_dag_decorator.py
[2024-04-14T14:51:01.679+0000] {logging_mixin.py:188} INFO - [2024-04-14T14:51:01.678+0000] {dag.py:3047} INFO - Sync 1 DAGs
[2024-04-14T14:51:01.687+0000] {logging_mixin.py:188} INFO - [2024-04-14T14:51:01.687+0000] {dag.py:3834} INFO - Setting next_dagrun for example_dag_decorator to None, run_after=None
[2024-04-14T14:51:01.702+0000] {processor.py:183} INFO - Processing /home/airflow/.local/lib/python3.8/site-packages/airflow/example_dags/example_dag_decorator.py took 0.185 seconds
[2024-04-14T14:51:32.572+0000] {processor.py:161} INFO - Started process (PID=930) to work on /home/airflow/.local/lib/python3.8/site-packages/airflow/example_dags/example_dag_decorator.py
[2024-04-14T14:51:32.573+0000] {processor.py:830} INFO - Processing file /home/airflow/.local/lib/python3.8/site-packages/airflow/example_dags/example_dag_decorator.py for tasks to queue
[2024-04-14T14:51:32.576+0000] {logging_mixin.py:188} INFO - [2024-04-14T14:51:32.575+0000] {dagbag.py:540} INFO - Filling up the DagBag from /home/airflow/.local/lib/python3.8/site-packages/airflow/example_dags/example_dag_decorator.py
[2024-04-14T14:51:32.705+0000] {processor.py:840} INFO - DAG(s) 'example_dag_decorator' retrieved from /home/airflow/.local/lib/python3.8/site-packages/airflow/example_dags/example_dag_decorator.py
[2024-04-14T14:51:32.848+0000] {logging_mixin.py:188} INFO - [2024-04-14T14:51:32.847+0000] {dag.py:3047} INFO - Sync 1 DAGs
[2024-04-14T14:51:32.862+0000] {logging_mixin.py:188} INFO - [2024-04-14T14:51:32.861+0000] {dag.py:3834} INFO - Setting next_dagrun for example_dag_decorator to None, run_after=None
[2024-04-14T14:51:32.886+0000] {processor.py:183} INFO - Processing /home/airflow/.local/lib/python3.8/site-packages/airflow/example_dags/example_dag_decorator.py took 0.320 seconds
[2024-04-14T14:52:03.118+0000] {processor.py:161} INFO - Started process (PID=989) to work on /home/airflow/.local/lib/python3.8/site-packages/airflow/example_dags/example_dag_decorator.py
[2024-04-14T14:52:03.119+0000] {processor.py:830} INFO - Processing file /home/airflow/.local/lib/python3.8/site-packages/airflow/example_dags/example_dag_decorator.py for tasks to queue
[2024-04-14T14:52:03.120+0000] {logging_mixin.py:188} INFO - [2024-04-14T14:52:03.120+0000] {dagbag.py:540} INFO - Filling up the DagBag from /home/airflow/.local/lib/python3.8/site-packages/airflow/example_dags/example_dag_decorator.py
[2024-04-14T14:52:03.224+0000] {processor.py:840} INFO - DAG(s) 'example_dag_decorator' retrieved from /home/airflow/.local/lib/python3.8/site-packages/airflow/example_dags/example_dag_decorator.py
[2024-04-14T14:52:03.326+0000] {logging_mixin.py:188} INFO - [2024-04-14T14:52:03.325+0000] {dag.py:3047} INFO - Sync 1 DAGs
[2024-04-14T14:52:03.338+0000] {logging_mixin.py:188} INFO - [2024-04-14T14:52:03.338+0000] {dag.py:3834} INFO - Setting next_dagrun for example_dag_decorator to None, run_after=None
[2024-04-14T14:52:03.358+0000] {processor.py:183} INFO - Processing /home/airflow/.local/lib/python3.8/site-packages/airflow/example_dags/example_dag_decorator.py took 0.244 seconds
[2024-04-14T14:52:33.431+0000] {processor.py:161} INFO - Started process (PID=1048) to work on /home/airflow/.local/lib/python3.8/site-packages/airflow/example_dags/example_dag_decorator.py
[2024-04-14T14:52:33.432+0000] {processor.py:830} INFO - Processing file /home/airflow/.local/lib/python3.8/site-packages/airflow/example_dags/example_dag_decorator.py for tasks to queue
[2024-04-14T14:52:33.434+0000] {logging_mixin.py:188} INFO - [2024-04-14T14:52:33.433+0000] {dagbag.py:540} INFO - Filling up the DagBag from /home/airflow/.local/lib/python3.8/site-packages/airflow/example_dags/example_dag_decorator.py
[2024-04-14T14:52:33.541+0000] {processor.py:840} INFO - DAG(s) 'example_dag_decorator' retrieved from /home/airflow/.local/lib/python3.8/site-packages/airflow/example_dags/example_dag_decorator.py
[2024-04-14T14:52:33.661+0000] {logging_mixin.py:188} INFO - [2024-04-14T14:52:33.661+0000] {dag.py:3047} INFO - Sync 1 DAGs
[2024-04-14T14:52:33.673+0000] {logging_mixin.py:188} INFO - [2024-04-14T14:52:33.673+0000] {dag.py:3834} INFO - Setting next_dagrun for example_dag_decorator to None, run_after=None
[2024-04-14T14:52:33.697+0000] {processor.py:183} INFO - Processing /home/airflow/.local/lib/python3.8/site-packages/airflow/example_dags/example_dag_decorator.py took 0.268 seconds
[2024-04-14T14:53:04.331+0000] {processor.py:161} INFO - Started process (PID=1107) to work on /home/airflow/.local/lib/python3.8/site-packages/airflow/example_dags/example_dag_decorator.py
[2024-04-14T14:53:04.332+0000] {processor.py:830} INFO - Processing file /home/airflow/.local/lib/python3.8/site-packages/airflow/example_dags/example_dag_decorator.py for tasks to queue
[2024-04-14T14:53:04.333+0000] {logging_mixin.py:188} INFO - [2024-04-14T14:53:04.333+0000] {dagbag.py:540} INFO - Filling up the DagBag from /home/airflow/.local/lib/python3.8/site-packages/airflow/example_dags/example_dag_decorator.py
[2024-04-14T14:53:04.425+0000] {processor.py:840} INFO - DAG(s) 'example_dag_decorator' retrieved from /home/airflow/.local/lib/python3.8/site-packages/airflow/example_dags/example_dag_decorator.py
[2024-04-14T14:53:04.514+0000] {logging_mixin.py:188} INFO - [2024-04-14T14:53:04.514+0000] {dag.py:3047} INFO - Sync 1 DAGs
[2024-04-14T14:53:04.529+0000] {logging_mixin.py:188} INFO - [2024-04-14T14:53:04.528+0000] {dag.py:3834} INFO - Setting next_dagrun for example_dag_decorator to None, run_after=None
[2024-04-14T14:53:04.558+0000] {processor.py:183} INFO - Processing /home/airflow/.local/lib/python3.8/site-packages/airflow/example_dags/example_dag_decorator.py took 0.230 seconds
