[2024-04-14T14:44:23.579+0000] {processor.py:161} INFO - Started process (PID=86) to work on /home/airflow/.local/lib/python3.8/site-packages/airflow/example_dags/example_setup_teardown.py
[2024-04-14T14:44:23.585+0000] {processor.py:830} INFO - Processing file /home/airflow/.local/lib/python3.8/site-packages/airflow/example_dags/example_setup_teardown.py for tasks to queue
[2024-04-14T14:44:23.589+0000] {logging_mixin.py:188} INFO - [2024-04-14T14:44:23.589+0000] {dagbag.py:540} INFO - Filling up the DagBag from /home/airflow/.local/lib/python3.8/site-packages/airflow/example_dags/example_setup_teardown.py
[2024-04-14T14:44:23.618+0000] {processor.py:840} INFO - DAG(s) 'example_setup_teardown' retrieved from /home/airflow/.local/lib/python3.8/site-packages/airflow/example_dags/example_setup_teardown.py
[2024-04-14T14:44:23.664+0000] {logging_mixin.py:188} INFO - [2024-04-14T14:44:23.663+0000] {dag.py:3047} INFO - Sync 1 DAGs
[2024-04-14T14:44:23.730+0000] {logging_mixin.py:188} INFO - [2024-04-14T14:44:23.730+0000] {dag.py:3834} INFO - Setting next_dagrun for example_setup_teardown to 2024-04-13 00:00:00+00:00, run_after=2024-04-14 00:00:00+00:00
[2024-04-14T14:44:23.785+0000] {processor.py:183} INFO - Processing /home/airflow/.local/lib/python3.8/site-packages/airflow/example_dags/example_setup_teardown.py took 0.213 seconds
[2024-04-14T14:44:54.111+0000] {processor.py:161} INFO - Started process (PID=158) to work on /home/airflow/.local/lib/python3.8/site-packages/airflow/example_dags/example_setup_teardown.py
[2024-04-14T14:44:54.112+0000] {processor.py:830} INFO - Processing file /home/airflow/.local/lib/python3.8/site-packages/airflow/example_dags/example_setup_teardown.py for tasks to queue
[2024-04-14T14:44:54.116+0000] {logging_mixin.py:188} INFO - [2024-04-14T14:44:54.115+0000] {dagbag.py:540} INFO - Filling up the DagBag from /home/airflow/.local/lib/python3.8/site-packages/airflow/example_dags/example_setup_teardown.py
[2024-04-14T14:44:54.130+0000] {processor.py:840} INFO - DAG(s) 'example_setup_teardown' retrieved from /home/airflow/.local/lib/python3.8/site-packages/airflow/example_dags/example_setup_teardown.py
[2024-04-14T14:44:54.183+0000] {logging_mixin.py:188} INFO - [2024-04-14T14:44:54.183+0000] {dag.py:3047} INFO - Sync 1 DAGs
[2024-04-14T14:44:54.243+0000] {logging_mixin.py:188} INFO - [2024-04-14T14:44:54.243+0000] {dag.py:3834} INFO - Setting next_dagrun for example_setup_teardown to 2024-04-13 00:00:00+00:00, run_after=2024-04-14 00:00:00+00:00
[2024-04-14T14:44:54.302+0000] {processor.py:183} INFO - Processing /home/airflow/.local/lib/python3.8/site-packages/airflow/example_dags/example_setup_teardown.py took 0.195 seconds
[2024-04-14T14:45:24.860+0000] {processor.py:161} INFO - Started process (PID=217) to work on /home/airflow/.local/lib/python3.8/site-packages/airflow/example_dags/example_setup_teardown.py
[2024-04-14T14:45:24.862+0000] {processor.py:830} INFO - Processing file /home/airflow/.local/lib/python3.8/site-packages/airflow/example_dags/example_setup_teardown.py for tasks to queue
[2024-04-14T14:45:24.863+0000] {logging_mixin.py:188} INFO - [2024-04-14T14:45:24.862+0000] {dagbag.py:540} INFO - Filling up the DagBag from /home/airflow/.local/lib/python3.8/site-packages/airflow/example_dags/example_setup_teardown.py
[2024-04-14T14:45:24.870+0000] {processor.py:840} INFO - DAG(s) 'example_setup_teardown' retrieved from /home/airflow/.local/lib/python3.8/site-packages/airflow/example_dags/example_setup_teardown.py
[2024-04-14T14:45:24.889+0000] {logging_mixin.py:188} INFO - [2024-04-14T14:45:24.889+0000] {dag.py:3047} INFO - Sync 1 DAGs
[2024-04-14T14:45:24.911+0000] {logging_mixin.py:188} INFO - [2024-04-14T14:45:24.910+0000] {dag.py:3834} INFO - Setting next_dagrun for example_setup_teardown to 2024-04-13 00:00:00+00:00, run_after=2024-04-14 00:00:00+00:00
[2024-04-14T14:45:24.951+0000] {processor.py:183} INFO - Processing /home/airflow/.local/lib/python3.8/site-packages/airflow/example_dags/example_setup_teardown.py took 0.094 seconds
[2024-04-14T14:45:55.559+0000] {processor.py:161} INFO - Started process (PID=276) to work on /home/airflow/.local/lib/python3.8/site-packages/airflow/example_dags/example_setup_teardown.py
[2024-04-14T14:45:55.561+0000] {processor.py:830} INFO - Processing file /home/airflow/.local/lib/python3.8/site-packages/airflow/example_dags/example_setup_teardown.py for tasks to queue
[2024-04-14T14:45:55.564+0000] {logging_mixin.py:188} INFO - [2024-04-14T14:45:55.563+0000] {dagbag.py:540} INFO - Filling up the DagBag from /home/airflow/.local/lib/python3.8/site-packages/airflow/example_dags/example_setup_teardown.py
[2024-04-14T14:45:55.577+0000] {processor.py:840} INFO - DAG(s) 'example_setup_teardown' retrieved from /home/airflow/.local/lib/python3.8/site-packages/airflow/example_dags/example_setup_teardown.py
[2024-04-14T14:45:55.611+0000] {logging_mixin.py:188} INFO - [2024-04-14T14:45:55.611+0000] {dag.py:3047} INFO - Sync 1 DAGs
[2024-04-14T14:45:55.644+0000] {logging_mixin.py:188} INFO - [2024-04-14T14:45:55.643+0000] {dag.py:3834} INFO - Setting next_dagrun for example_setup_teardown to 2024-04-13 00:00:00+00:00, run_after=2024-04-14 00:00:00+00:00
[2024-04-14T14:45:55.685+0000] {processor.py:183} INFO - Processing /home/airflow/.local/lib/python3.8/site-packages/airflow/example_dags/example_setup_teardown.py took 0.130 seconds
[2024-04-14T14:46:26.568+0000] {processor.py:161} INFO - Started process (PID=335) to work on /home/airflow/.local/lib/python3.8/site-packages/airflow/example_dags/example_setup_teardown.py
[2024-04-14T14:46:26.569+0000] {processor.py:830} INFO - Processing file /home/airflow/.local/lib/python3.8/site-packages/airflow/example_dags/example_setup_teardown.py for tasks to queue
[2024-04-14T14:46:26.570+0000] {logging_mixin.py:188} INFO - [2024-04-14T14:46:26.569+0000] {dagbag.py:540} INFO - Filling up the DagBag from /home/airflow/.local/lib/python3.8/site-packages/airflow/example_dags/example_setup_teardown.py
[2024-04-14T14:46:26.580+0000] {processor.py:840} INFO - DAG(s) 'example_setup_teardown' retrieved from /home/airflow/.local/lib/python3.8/site-packages/airflow/example_dags/example_setup_teardown.py
[2024-04-14T14:46:26.605+0000] {logging_mixin.py:188} INFO - [2024-04-14T14:46:26.604+0000] {dag.py:3047} INFO - Sync 1 DAGs
[2024-04-14T14:46:26.655+0000] {logging_mixin.py:188} INFO - [2024-04-14T14:46:26.654+0000] {dag.py:3834} INFO - Setting next_dagrun for example_setup_teardown to 2024-04-13 00:00:00+00:00, run_after=2024-04-14 00:00:00+00:00
[2024-04-14T14:46:26.706+0000] {processor.py:183} INFO - Processing /home/airflow/.local/lib/python3.8/site-packages/airflow/example_dags/example_setup_teardown.py took 0.141 seconds
[2024-04-14T14:46:56.993+0000] {processor.py:161} INFO - Started process (PID=394) to work on /home/airflow/.local/lib/python3.8/site-packages/airflow/example_dags/example_setup_teardown.py
[2024-04-14T14:46:56.995+0000] {processor.py:830} INFO - Processing file /home/airflow/.local/lib/python3.8/site-packages/airflow/example_dags/example_setup_teardown.py for tasks to queue
[2024-04-14T14:46:56.996+0000] {logging_mixin.py:188} INFO - [2024-04-14T14:46:56.996+0000] {dagbag.py:540} INFO - Filling up the DagBag from /home/airflow/.local/lib/python3.8/site-packages/airflow/example_dags/example_setup_teardown.py
[2024-04-14T14:46:57.004+0000] {processor.py:840} INFO - DAG(s) 'example_setup_teardown' retrieved from /home/airflow/.local/lib/python3.8/site-packages/airflow/example_dags/example_setup_teardown.py
[2024-04-14T14:46:57.026+0000] {logging_mixin.py:188} INFO - [2024-04-14T14:46:57.026+0000] {dag.py:3047} INFO - Sync 1 DAGs
[2024-04-14T14:46:57.046+0000] {logging_mixin.py:188} INFO - [2024-04-14T14:46:57.046+0000] {dag.py:3834} INFO - Setting next_dagrun for example_setup_teardown to 2024-04-13 00:00:00+00:00, run_after=2024-04-14 00:00:00+00:00
[2024-04-14T14:46:57.064+0000] {processor.py:183} INFO - Processing /home/airflow/.local/lib/python3.8/site-packages/airflow/example_dags/example_setup_teardown.py took 0.074 seconds
[2024-04-14T14:47:27.788+0000] {processor.py:161} INFO - Started process (PID=454) to work on /home/airflow/.local/lib/python3.8/site-packages/airflow/example_dags/example_setup_teardown.py
[2024-04-14T14:47:27.789+0000] {processor.py:830} INFO - Processing file /home/airflow/.local/lib/python3.8/site-packages/airflow/example_dags/example_setup_teardown.py for tasks to queue
[2024-04-14T14:47:27.791+0000] {logging_mixin.py:188} INFO - [2024-04-14T14:47:27.790+0000] {dagbag.py:540} INFO - Filling up the DagBag from /home/airflow/.local/lib/python3.8/site-packages/airflow/example_dags/example_setup_teardown.py
[2024-04-14T14:47:27.797+0000] {processor.py:840} INFO - DAG(s) 'example_setup_teardown' retrieved from /home/airflow/.local/lib/python3.8/site-packages/airflow/example_dags/example_setup_teardown.py
[2024-04-14T14:47:27.817+0000] {logging_mixin.py:188} INFO - [2024-04-14T14:47:27.817+0000] {dag.py:3047} INFO - Sync 1 DAGs
[2024-04-14T14:47:27.836+0000] {logging_mixin.py:188} INFO - [2024-04-14T14:47:27.836+0000] {dag.py:3834} INFO - Setting next_dagrun for example_setup_teardown to 2024-04-13 00:00:00+00:00, run_after=2024-04-14 00:00:00+00:00
[2024-04-14T14:47:27.854+0000] {processor.py:183} INFO - Processing /home/airflow/.local/lib/python3.8/site-packages/airflow/example_dags/example_setup_teardown.py took 0.069 seconds
[2024-04-14T14:47:59.016+0000] {processor.py:161} INFO - Started process (PID=520) to work on /home/airflow/.local/lib/python3.8/site-packages/airflow/example_dags/example_setup_teardown.py
[2024-04-14T14:47:59.018+0000] {processor.py:830} INFO - Processing file /home/airflow/.local/lib/python3.8/site-packages/airflow/example_dags/example_setup_teardown.py for tasks to queue
[2024-04-14T14:47:59.019+0000] {logging_mixin.py:188} INFO - [2024-04-14T14:47:59.019+0000] {dagbag.py:540} INFO - Filling up the DagBag from /home/airflow/.local/lib/python3.8/site-packages/airflow/example_dags/example_setup_teardown.py
[2024-04-14T14:47:59.028+0000] {processor.py:840} INFO - DAG(s) 'example_setup_teardown' retrieved from /home/airflow/.local/lib/python3.8/site-packages/airflow/example_dags/example_setup_teardown.py
[2024-04-14T14:47:59.050+0000] {logging_mixin.py:188} INFO - [2024-04-14T14:47:59.049+0000] {dag.py:3047} INFO - Sync 1 DAGs
[2024-04-14T14:47:59.071+0000] {logging_mixin.py:188} INFO - [2024-04-14T14:47:59.070+0000] {dag.py:3834} INFO - Setting next_dagrun for example_setup_teardown to 2024-04-13 00:00:00+00:00, run_after=2024-04-14 00:00:00+00:00
[2024-04-14T14:47:59.092+0000] {processor.py:183} INFO - Processing /home/airflow/.local/lib/python3.8/site-packages/airflow/example_dags/example_setup_teardown.py took 0.079 seconds
[2024-04-14T14:48:29.802+0000] {processor.py:161} INFO - Started process (PID=579) to work on /home/airflow/.local/lib/python3.8/site-packages/airflow/example_dags/example_setup_teardown.py
[2024-04-14T14:48:29.803+0000] {processor.py:830} INFO - Processing file /home/airflow/.local/lib/python3.8/site-packages/airflow/example_dags/example_setup_teardown.py for tasks to queue
[2024-04-14T14:48:29.805+0000] {logging_mixin.py:188} INFO - [2024-04-14T14:48:29.804+0000] {dagbag.py:540} INFO - Filling up the DagBag from /home/airflow/.local/lib/python3.8/site-packages/airflow/example_dags/example_setup_teardown.py
[2024-04-14T14:48:29.811+0000] {processor.py:840} INFO - DAG(s) 'example_setup_teardown' retrieved from /home/airflow/.local/lib/python3.8/site-packages/airflow/example_dags/example_setup_teardown.py
[2024-04-14T14:48:29.827+0000] {logging_mixin.py:188} INFO - [2024-04-14T14:48:29.826+0000] {dag.py:3047} INFO - Sync 1 DAGs
[2024-04-14T14:48:29.847+0000] {logging_mixin.py:188} INFO - [2024-04-14T14:48:29.847+0000] {dag.py:3834} INFO - Setting next_dagrun for example_setup_teardown to 2024-04-13 00:00:00+00:00, run_after=2024-04-14 00:00:00+00:00
[2024-04-14T14:48:29.865+0000] {processor.py:183} INFO - Processing /home/airflow/.local/lib/python3.8/site-packages/airflow/example_dags/example_setup_teardown.py took 0.066 seconds
[2024-04-14T14:49:00.201+0000] {processor.py:161} INFO - Started process (PID=638) to work on /home/airflow/.local/lib/python3.8/site-packages/airflow/example_dags/example_setup_teardown.py
[2024-04-14T14:49:00.202+0000] {processor.py:830} INFO - Processing file /home/airflow/.local/lib/python3.8/site-packages/airflow/example_dags/example_setup_teardown.py for tasks to queue
[2024-04-14T14:49:00.203+0000] {logging_mixin.py:188} INFO - [2024-04-14T14:49:00.203+0000] {dagbag.py:540} INFO - Filling up the DagBag from /home/airflow/.local/lib/python3.8/site-packages/airflow/example_dags/example_setup_teardown.py
[2024-04-14T14:49:00.210+0000] {processor.py:840} INFO - DAG(s) 'example_setup_teardown' retrieved from /home/airflow/.local/lib/python3.8/site-packages/airflow/example_dags/example_setup_teardown.py
[2024-04-14T14:49:00.229+0000] {logging_mixin.py:188} INFO - [2024-04-14T14:49:00.229+0000] {dag.py:3047} INFO - Sync 1 DAGs
[2024-04-14T14:49:00.250+0000] {logging_mixin.py:188} INFO - [2024-04-14T14:49:00.249+0000] {dag.py:3834} INFO - Setting next_dagrun for example_setup_teardown to 2024-04-13 00:00:00+00:00, run_after=2024-04-14 00:00:00+00:00
[2024-04-14T14:49:00.268+0000] {processor.py:183} INFO - Processing /home/airflow/.local/lib/python3.8/site-packages/airflow/example_dags/example_setup_teardown.py took 0.070 seconds
[2024-04-14T14:49:30.689+0000] {processor.py:161} INFO - Started process (PID=697) to work on /home/airflow/.local/lib/python3.8/site-packages/airflow/example_dags/example_setup_teardown.py
[2024-04-14T14:49:30.690+0000] {processor.py:830} INFO - Processing file /home/airflow/.local/lib/python3.8/site-packages/airflow/example_dags/example_setup_teardown.py for tasks to queue
[2024-04-14T14:49:30.691+0000] {logging_mixin.py:188} INFO - [2024-04-14T14:49:30.691+0000] {dagbag.py:540} INFO - Filling up the DagBag from /home/airflow/.local/lib/python3.8/site-packages/airflow/example_dags/example_setup_teardown.py
[2024-04-14T14:49:30.698+0000] {processor.py:840} INFO - DAG(s) 'example_setup_teardown' retrieved from /home/airflow/.local/lib/python3.8/site-packages/airflow/example_dags/example_setup_teardown.py
[2024-04-14T14:49:30.715+0000] {logging_mixin.py:188} INFO - [2024-04-14T14:49:30.715+0000] {dag.py:3047} INFO - Sync 1 DAGs
[2024-04-14T14:49:30.735+0000] {logging_mixin.py:188} INFO - [2024-04-14T14:49:30.735+0000] {dag.py:3834} INFO - Setting next_dagrun for example_setup_teardown to 2024-04-13 00:00:00+00:00, run_after=2024-04-14 00:00:00+00:00
[2024-04-14T14:49:30.753+0000] {processor.py:183} INFO - Processing /home/airflow/.local/lib/python3.8/site-packages/airflow/example_dags/example_setup_teardown.py took 0.066 seconds
[2024-04-14T14:50:01.211+0000] {processor.py:161} INFO - Started process (PID=757) to work on /home/airflow/.local/lib/python3.8/site-packages/airflow/example_dags/example_setup_teardown.py
[2024-04-14T14:50:01.212+0000] {processor.py:830} INFO - Processing file /home/airflow/.local/lib/python3.8/site-packages/airflow/example_dags/example_setup_teardown.py for tasks to queue
[2024-04-14T14:50:01.214+0000] {logging_mixin.py:188} INFO - [2024-04-14T14:50:01.214+0000] {dagbag.py:540} INFO - Filling up the DagBag from /home/airflow/.local/lib/python3.8/site-packages/airflow/example_dags/example_setup_teardown.py
[2024-04-14T14:50:01.228+0000] {processor.py:840} INFO - DAG(s) 'example_setup_teardown' retrieved from /home/airflow/.local/lib/python3.8/site-packages/airflow/example_dags/example_setup_teardown.py
[2024-04-14T14:50:01.255+0000] {logging_mixin.py:188} INFO - [2024-04-14T14:50:01.255+0000] {dag.py:3047} INFO - Sync 1 DAGs
[2024-04-14T14:50:01.284+0000] {logging_mixin.py:188} INFO - [2024-04-14T14:50:01.284+0000] {dag.py:3834} INFO - Setting next_dagrun for example_setup_teardown to 2024-04-13 00:00:00+00:00, run_after=2024-04-14 00:00:00+00:00
[2024-04-14T14:50:01.305+0000] {processor.py:183} INFO - Processing /home/airflow/.local/lib/python3.8/site-packages/airflow/example_dags/example_setup_teardown.py took 0.099 seconds
[2024-04-14T14:50:31.549+0000] {processor.py:161} INFO - Started process (PID=816) to work on /home/airflow/.local/lib/python3.8/site-packages/airflow/example_dags/example_setup_teardown.py
[2024-04-14T14:50:31.550+0000] {processor.py:830} INFO - Processing file /home/airflow/.local/lib/python3.8/site-packages/airflow/example_dags/example_setup_teardown.py for tasks to queue
[2024-04-14T14:50:31.551+0000] {logging_mixin.py:188} INFO - [2024-04-14T14:50:31.551+0000] {dagbag.py:540} INFO - Filling up the DagBag from /home/airflow/.local/lib/python3.8/site-packages/airflow/example_dags/example_setup_teardown.py
[2024-04-14T14:50:31.558+0000] {processor.py:840} INFO - DAG(s) 'example_setup_teardown' retrieved from /home/airflow/.local/lib/python3.8/site-packages/airflow/example_dags/example_setup_teardown.py
[2024-04-14T14:50:31.576+0000] {logging_mixin.py:188} INFO - [2024-04-14T14:50:31.576+0000] {dag.py:3047} INFO - Sync 1 DAGs
[2024-04-14T14:50:31.595+0000] {logging_mixin.py:188} INFO - [2024-04-14T14:50:31.595+0000] {dag.py:3834} INFO - Setting next_dagrun for example_setup_teardown to 2024-04-13 00:00:00+00:00, run_after=2024-04-14 00:00:00+00:00
[2024-04-14T14:50:31.613+0000] {processor.py:183} INFO - Processing /home/airflow/.local/lib/python3.8/site-packages/airflow/example_dags/example_setup_teardown.py took 0.068 seconds
[2024-04-14T14:51:01.934+0000] {processor.py:161} INFO - Started process (PID=875) to work on /home/airflow/.local/lib/python3.8/site-packages/airflow/example_dags/example_setup_teardown.py
[2024-04-14T14:51:01.935+0000] {processor.py:830} INFO - Processing file /home/airflow/.local/lib/python3.8/site-packages/airflow/example_dags/example_setup_teardown.py for tasks to queue
[2024-04-14T14:51:01.936+0000] {logging_mixin.py:188} INFO - [2024-04-14T14:51:01.936+0000] {dagbag.py:540} INFO - Filling up the DagBag from /home/airflow/.local/lib/python3.8/site-packages/airflow/example_dags/example_setup_teardown.py
[2024-04-14T14:51:01.944+0000] {processor.py:840} INFO - DAG(s) 'example_setup_teardown' retrieved from /home/airflow/.local/lib/python3.8/site-packages/airflow/example_dags/example_setup_teardown.py
[2024-04-14T14:51:01.961+0000] {logging_mixin.py:188} INFO - [2024-04-14T14:51:01.960+0000] {dag.py:3047} INFO - Sync 1 DAGs
[2024-04-14T14:51:01.981+0000] {logging_mixin.py:188} INFO - [2024-04-14T14:51:01.980+0000] {dag.py:3834} INFO - Setting next_dagrun for example_setup_teardown to 2024-04-13 00:00:00+00:00, run_after=2024-04-14 00:00:00+00:00
[2024-04-14T14:51:01.999+0000] {processor.py:183} INFO - Processing /home/airflow/.local/lib/python3.8/site-packages/airflow/example_dags/example_setup_teardown.py took 0.069 seconds
[2024-04-14T14:51:33.004+0000] {processor.py:161} INFO - Started process (PID=935) to work on /home/airflow/.local/lib/python3.8/site-packages/airflow/example_dags/example_setup_teardown.py
[2024-04-14T14:51:33.006+0000] {processor.py:830} INFO - Processing file /home/airflow/.local/lib/python3.8/site-packages/airflow/example_dags/example_setup_teardown.py for tasks to queue
[2024-04-14T14:51:33.007+0000] {logging_mixin.py:188} INFO - [2024-04-14T14:51:33.007+0000] {dagbag.py:540} INFO - Filling up the DagBag from /home/airflow/.local/lib/python3.8/site-packages/airflow/example_dags/example_setup_teardown.py
[2024-04-14T14:51:33.016+0000] {processor.py:840} INFO - DAG(s) 'example_setup_teardown' retrieved from /home/airflow/.local/lib/python3.8/site-packages/airflow/example_dags/example_setup_teardown.py
[2024-04-14T14:51:33.038+0000] {logging_mixin.py:188} INFO - [2024-04-14T14:51:33.038+0000] {dag.py:3047} INFO - Sync 1 DAGs
[2024-04-14T14:51:33.059+0000] {logging_mixin.py:188} INFO - [2024-04-14T14:51:33.059+0000] {dag.py:3834} INFO - Setting next_dagrun for example_setup_teardown to 2024-04-13 00:00:00+00:00, run_after=2024-04-14 00:00:00+00:00
[2024-04-14T14:51:33.083+0000] {processor.py:183} INFO - Processing /home/airflow/.local/lib/python3.8/site-packages/airflow/example_dags/example_setup_teardown.py took 0.083 seconds
[2024-04-14T14:52:03.478+0000] {processor.py:161} INFO - Started process (PID=994) to work on /home/airflow/.local/lib/python3.8/site-packages/airflow/example_dags/example_setup_teardown.py
[2024-04-14T14:52:03.479+0000] {processor.py:830} INFO - Processing file /home/airflow/.local/lib/python3.8/site-packages/airflow/example_dags/example_setup_teardown.py for tasks to queue
[2024-04-14T14:52:03.480+0000] {logging_mixin.py:188} INFO - [2024-04-14T14:52:03.480+0000] {dagbag.py:540} INFO - Filling up the DagBag from /home/airflow/.local/lib/python3.8/site-packages/airflow/example_dags/example_setup_teardown.py
[2024-04-14T14:52:03.486+0000] {processor.py:840} INFO - DAG(s) 'example_setup_teardown' retrieved from /home/airflow/.local/lib/python3.8/site-packages/airflow/example_dags/example_setup_teardown.py
[2024-04-14T14:52:03.502+0000] {logging_mixin.py:188} INFO - [2024-04-14T14:52:03.502+0000] {dag.py:3047} INFO - Sync 1 DAGs
[2024-04-14T14:52:03.523+0000] {logging_mixin.py:188} INFO - [2024-04-14T14:52:03.523+0000] {dag.py:3834} INFO - Setting next_dagrun for example_setup_teardown to 2024-04-13 00:00:00+00:00, run_after=2024-04-14 00:00:00+00:00
[2024-04-14T14:52:03.541+0000] {processor.py:183} INFO - Processing /home/airflow/.local/lib/python3.8/site-packages/airflow/example_dags/example_setup_teardown.py took 0.067 seconds
[2024-04-14T14:52:33.823+0000] {processor.py:161} INFO - Started process (PID=1053) to work on /home/airflow/.local/lib/python3.8/site-packages/airflow/example_dags/example_setup_teardown.py
[2024-04-14T14:52:33.824+0000] {processor.py:830} INFO - Processing file /home/airflow/.local/lib/python3.8/site-packages/airflow/example_dags/example_setup_teardown.py for tasks to queue
[2024-04-14T14:52:33.825+0000] {logging_mixin.py:188} INFO - [2024-04-14T14:52:33.825+0000] {dagbag.py:540} INFO - Filling up the DagBag from /home/airflow/.local/lib/python3.8/site-packages/airflow/example_dags/example_setup_teardown.py
[2024-04-14T14:52:33.831+0000] {processor.py:840} INFO - DAG(s) 'example_setup_teardown' retrieved from /home/airflow/.local/lib/python3.8/site-packages/airflow/example_dags/example_setup_teardown.py
[2024-04-14T14:52:33.850+0000] {logging_mixin.py:188} INFO - [2024-04-14T14:52:33.849+0000] {dag.py:3047} INFO - Sync 1 DAGs
[2024-04-14T14:52:33.867+0000] {logging_mixin.py:188} INFO - [2024-04-14T14:52:33.867+0000] {dag.py:3834} INFO - Setting next_dagrun for example_setup_teardown to 2024-04-13 00:00:00+00:00, run_after=2024-04-14 00:00:00+00:00
[2024-04-14T14:52:33.890+0000] {processor.py:183} INFO - Processing /home/airflow/.local/lib/python3.8/site-packages/airflow/example_dags/example_setup_teardown.py took 0.069 seconds
[2024-04-14T14:53:04.812+0000] {processor.py:161} INFO - Started process (PID=1112) to work on /home/airflow/.local/lib/python3.8/site-packages/airflow/example_dags/example_setup_teardown.py
[2024-04-14T14:53:04.813+0000] {processor.py:830} INFO - Processing file /home/airflow/.local/lib/python3.8/site-packages/airflow/example_dags/example_setup_teardown.py for tasks to queue
[2024-04-14T14:53:04.814+0000] {logging_mixin.py:188} INFO - [2024-04-14T14:53:04.814+0000] {dagbag.py:540} INFO - Filling up the DagBag from /home/airflow/.local/lib/python3.8/site-packages/airflow/example_dags/example_setup_teardown.py
[2024-04-14T14:53:04.821+0000] {processor.py:840} INFO - DAG(s) 'example_setup_teardown' retrieved from /home/airflow/.local/lib/python3.8/site-packages/airflow/example_dags/example_setup_teardown.py
[2024-04-14T14:53:04.839+0000] {logging_mixin.py:188} INFO - [2024-04-14T14:53:04.838+0000] {dag.py:3047} INFO - Sync 1 DAGs
[2024-04-14T14:53:04.860+0000] {logging_mixin.py:188} INFO - [2024-04-14T14:53:04.860+0000] {dag.py:3834} INFO - Setting next_dagrun for example_setup_teardown to 2024-04-13 00:00:00+00:00, run_after=2024-04-14 00:00:00+00:00
[2024-04-14T14:53:04.879+0000] {processor.py:183} INFO - Processing /home/airflow/.local/lib/python3.8/site-packages/airflow/example_dags/example_setup_teardown.py took 0.070 seconds
[2024-04-14T14:53:35.481+0000] {processor.py:161} INFO - Started process (PID=1171) to work on /home/airflow/.local/lib/python3.8/site-packages/airflow/example_dags/example_setup_teardown.py
[2024-04-14T14:53:35.483+0000] {processor.py:830} INFO - Processing file /home/airflow/.local/lib/python3.8/site-packages/airflow/example_dags/example_setup_teardown.py for tasks to queue
[2024-04-14T14:53:35.484+0000] {logging_mixin.py:188} INFO - [2024-04-14T14:53:35.484+0000] {dagbag.py:540} INFO - Filling up the DagBag from /home/airflow/.local/lib/python3.8/site-packages/airflow/example_dags/example_setup_teardown.py
[2024-04-14T14:53:35.491+0000] {processor.py:840} INFO - DAG(s) 'example_setup_teardown' retrieved from /home/airflow/.local/lib/python3.8/site-packages/airflow/example_dags/example_setup_teardown.py
[2024-04-14T14:53:35.510+0000] {logging_mixin.py:188} INFO - [2024-04-14T14:53:35.510+0000] {dag.py:3047} INFO - Sync 1 DAGs
[2024-04-14T14:53:35.529+0000] {logging_mixin.py:188} INFO - [2024-04-14T14:53:35.529+0000] {dag.py:3834} INFO - Setting next_dagrun for example_setup_teardown to 2024-04-13 00:00:00+00:00, run_after=2024-04-14 00:00:00+00:00
[2024-04-14T14:53:35.547+0000] {processor.py:183} INFO - Processing /home/airflow/.local/lib/python3.8/site-packages/airflow/example_dags/example_setup_teardown.py took 0.068 seconds
[2024-04-14T14:54:06.713+0000] {processor.py:161} INFO - Started process (PID=1229) to work on /home/airflow/.local/lib/python3.8/site-packages/airflow/example_dags/example_setup_teardown.py
[2024-04-14T14:54:06.716+0000] {processor.py:830} INFO - Processing file /home/airflow/.local/lib/python3.8/site-packages/airflow/example_dags/example_setup_teardown.py for tasks to queue
[2024-04-14T14:54:06.719+0000] {logging_mixin.py:188} INFO - [2024-04-14T14:54:06.718+0000] {dagbag.py:540} INFO - Filling up the DagBag from /home/airflow/.local/lib/python3.8/site-packages/airflow/example_dags/example_setup_teardown.py
[2024-04-14T14:54:06.733+0000] {processor.py:840} INFO - DAG(s) 'example_setup_teardown' retrieved from /home/airflow/.local/lib/python3.8/site-packages/airflow/example_dags/example_setup_teardown.py
[2024-04-14T14:54:06.766+0000] {logging_mixin.py:188} INFO - [2024-04-14T14:54:06.766+0000] {dag.py:3047} INFO - Sync 1 DAGs
[2024-04-14T14:54:06.816+0000] {logging_mixin.py:188} INFO - [2024-04-14T14:54:06.815+0000] {dag.py:3834} INFO - Setting next_dagrun for example_setup_teardown to 2024-04-13 00:00:00+00:00, run_after=2024-04-14 00:00:00+00:00
[2024-04-14T14:54:06.860+0000] {processor.py:183} INFO - Processing /home/airflow/.local/lib/python3.8/site-packages/airflow/example_dags/example_setup_teardown.py took 0.157 seconds
[2024-04-14T14:54:37.056+0000] {processor.py:161} INFO - Started process (PID=1288) to work on /home/airflow/.local/lib/python3.8/site-packages/airflow/example_dags/example_setup_teardown.py
[2024-04-14T14:54:37.057+0000] {processor.py:830} INFO - Processing file /home/airflow/.local/lib/python3.8/site-packages/airflow/example_dags/example_setup_teardown.py for tasks to queue
[2024-04-14T14:54:37.058+0000] {logging_mixin.py:188} INFO - [2024-04-14T14:54:37.058+0000] {dagbag.py:540} INFO - Filling up the DagBag from /home/airflow/.local/lib/python3.8/site-packages/airflow/example_dags/example_setup_teardown.py
[2024-04-14T14:54:37.066+0000] {processor.py:840} INFO - DAG(s) 'example_setup_teardown' retrieved from /home/airflow/.local/lib/python3.8/site-packages/airflow/example_dags/example_setup_teardown.py
[2024-04-14T14:54:37.093+0000] {logging_mixin.py:188} INFO - [2024-04-14T14:54:37.093+0000] {dag.py:3047} INFO - Sync 1 DAGs
[2024-04-14T14:54:37.115+0000] {logging_mixin.py:188} INFO - [2024-04-14T14:54:37.115+0000] {dag.py:3834} INFO - Setting next_dagrun for example_setup_teardown to 2024-04-13 00:00:00+00:00, run_after=2024-04-14 00:00:00+00:00
[2024-04-14T14:54:37.140+0000] {processor.py:183} INFO - Processing /home/airflow/.local/lib/python3.8/site-packages/airflow/example_dags/example_setup_teardown.py took 0.087 seconds
[2024-04-14T14:55:07.449+0000] {processor.py:161} INFO - Started process (PID=1347) to work on /home/airflow/.local/lib/python3.8/site-packages/airflow/example_dags/example_setup_teardown.py
[2024-04-14T14:55:07.451+0000] {processor.py:830} INFO - Processing file /home/airflow/.local/lib/python3.8/site-packages/airflow/example_dags/example_setup_teardown.py for tasks to queue
[2024-04-14T14:55:07.452+0000] {logging_mixin.py:188} INFO - [2024-04-14T14:55:07.452+0000] {dagbag.py:540} INFO - Filling up the DagBag from /home/airflow/.local/lib/python3.8/site-packages/airflow/example_dags/example_setup_teardown.py
[2024-04-14T14:55:07.459+0000] {processor.py:840} INFO - DAG(s) 'example_setup_teardown' retrieved from /home/airflow/.local/lib/python3.8/site-packages/airflow/example_dags/example_setup_teardown.py
[2024-04-14T14:55:07.480+0000] {logging_mixin.py:188} INFO - [2024-04-14T14:55:07.480+0000] {dag.py:3047} INFO - Sync 1 DAGs
[2024-04-14T14:55:07.506+0000] {logging_mixin.py:188} INFO - [2024-04-14T14:55:07.505+0000] {dag.py:3834} INFO - Setting next_dagrun for example_setup_teardown to 2024-04-13 00:00:00+00:00, run_after=2024-04-14 00:00:00+00:00
[2024-04-14T14:55:07.529+0000] {processor.py:183} INFO - Processing /home/airflow/.local/lib/python3.8/site-packages/airflow/example_dags/example_setup_teardown.py took 0.084 seconds
[2024-04-14T14:55:37.943+0000] {processor.py:161} INFO - Started process (PID=1406) to work on /home/airflow/.local/lib/python3.8/site-packages/airflow/example_dags/example_setup_teardown.py
[2024-04-14T14:55:37.945+0000] {processor.py:830} INFO - Processing file /home/airflow/.local/lib/python3.8/site-packages/airflow/example_dags/example_setup_teardown.py for tasks to queue
[2024-04-14T14:55:37.946+0000] {logging_mixin.py:188} INFO - [2024-04-14T14:55:37.945+0000] {dagbag.py:540} INFO - Filling up the DagBag from /home/airflow/.local/lib/python3.8/site-packages/airflow/example_dags/example_setup_teardown.py
[2024-04-14T14:55:37.952+0000] {processor.py:840} INFO - DAG(s) 'example_setup_teardown' retrieved from /home/airflow/.local/lib/python3.8/site-packages/airflow/example_dags/example_setup_teardown.py
[2024-04-14T14:55:37.972+0000] {logging_mixin.py:188} INFO - [2024-04-14T14:55:37.971+0000] {dag.py:3047} INFO - Sync 1 DAGs
[2024-04-14T14:55:37.996+0000] {logging_mixin.py:188} INFO - [2024-04-14T14:55:37.996+0000] {dag.py:3834} INFO - Setting next_dagrun for example_setup_teardown to 2024-04-13 00:00:00+00:00, run_after=2024-04-14 00:00:00+00:00
[2024-04-14T14:55:38.033+0000] {processor.py:183} INFO - Processing /home/airflow/.local/lib/python3.8/site-packages/airflow/example_dags/example_setup_teardown.py took 0.094 seconds
[2024-04-14T14:56:08.170+0000] {processor.py:161} INFO - Started process (PID=1465) to work on /home/airflow/.local/lib/python3.8/site-packages/airflow/example_dags/example_setup_teardown.py
[2024-04-14T14:56:08.171+0000] {processor.py:830} INFO - Processing file /home/airflow/.local/lib/python3.8/site-packages/airflow/example_dags/example_setup_teardown.py for tasks to queue
[2024-04-14T14:56:08.172+0000] {logging_mixin.py:188} INFO - [2024-04-14T14:56:08.172+0000] {dagbag.py:540} INFO - Filling up the DagBag from /home/airflow/.local/lib/python3.8/site-packages/airflow/example_dags/example_setup_teardown.py
[2024-04-14T14:56:08.180+0000] {processor.py:840} INFO - DAG(s) 'example_setup_teardown' retrieved from /home/airflow/.local/lib/python3.8/site-packages/airflow/example_dags/example_setup_teardown.py
[2024-04-14T14:56:08.201+0000] {logging_mixin.py:188} INFO - [2024-04-14T14:56:08.200+0000] {dag.py:3047} INFO - Sync 1 DAGs
[2024-04-14T14:56:08.221+0000] {logging_mixin.py:188} INFO - [2024-04-14T14:56:08.221+0000] {dag.py:3834} INFO - Setting next_dagrun for example_setup_teardown to 2024-04-13 00:00:00+00:00, run_after=2024-04-14 00:00:00+00:00
[2024-04-14T14:56:08.239+0000] {processor.py:183} INFO - Processing /home/airflow/.local/lib/python3.8/site-packages/airflow/example_dags/example_setup_teardown.py took 0.072 seconds
[2024-04-14T14:56:38.904+0000] {processor.py:161} INFO - Started process (PID=1524) to work on /home/airflow/.local/lib/python3.8/site-packages/airflow/example_dags/example_setup_teardown.py
[2024-04-14T14:56:38.905+0000] {processor.py:830} INFO - Processing file /home/airflow/.local/lib/python3.8/site-packages/airflow/example_dags/example_setup_teardown.py for tasks to queue
[2024-04-14T14:56:38.906+0000] {logging_mixin.py:188} INFO - [2024-04-14T14:56:38.906+0000] {dagbag.py:540} INFO - Filling up the DagBag from /home/airflow/.local/lib/python3.8/site-packages/airflow/example_dags/example_setup_teardown.py
[2024-04-14T14:56:38.914+0000] {processor.py:840} INFO - DAG(s) 'example_setup_teardown' retrieved from /home/airflow/.local/lib/python3.8/site-packages/airflow/example_dags/example_setup_teardown.py
[2024-04-14T14:56:38.935+0000] {logging_mixin.py:188} INFO - [2024-04-14T14:56:38.935+0000] {dag.py:3047} INFO - Sync 1 DAGs
[2024-04-14T14:56:38.957+0000] {logging_mixin.py:188} INFO - [2024-04-14T14:56:38.956+0000] {dag.py:3834} INFO - Setting next_dagrun for example_setup_teardown to 2024-04-13 00:00:00+00:00, run_after=2024-04-14 00:00:00+00:00
[2024-04-14T14:56:38.972+0000] {processor.py:183} INFO - Processing /home/airflow/.local/lib/python3.8/site-packages/airflow/example_dags/example_setup_teardown.py took 0.072 seconds
