[2024-04-14T14:44:24.757+0000] {processor.py:161} INFO - Started process (PID=93) to work on /home/airflow/.local/lib/python3.8/site-packages/airflow/example_dags/example_python_decorator.py
[2024-04-14T14:44:24.766+0000] {processor.py:830} INFO - Processing file /home/airflow/.local/lib/python3.8/site-packages/airflow/example_dags/example_python_decorator.py for tasks to queue
[2024-04-14T14:44:24.774+0000] {logging_mixin.py:188} INFO - [2024-04-14T14:44:24.773+0000] {dagbag.py:540} INFO - Filling up the DagBag from /home/airflow/.local/lib/python3.8/site-packages/airflow/example_dags/example_python_decorator.py
[2024-04-14T14:44:24.856+0000] {processor.py:840} INFO - DAG(s) 'example_python_decorator' retrieved from /home/airflow/.local/lib/python3.8/site-packages/airflow/example_dags/example_python_decorator.py
[2024-04-14T14:44:25.245+0000] {logging_mixin.py:188} INFO - [2024-04-14T14:44:25.243+0000] {dag.py:3047} INFO - Sync 1 DAGs
[2024-04-14T14:44:25.273+0000] {logging_mixin.py:188} INFO - [2024-04-14T14:44:25.272+0000] {dag.py:3834} INFO - Setting next_dagrun for example_python_decorator to None, run_after=None
[2024-04-14T14:44:25.338+0000] {processor.py:183} INFO - Processing /home/airflow/.local/lib/python3.8/site-packages/airflow/example_dags/example_python_decorator.py took 0.587 seconds
[2024-04-14T14:44:56.081+0000] {processor.py:161} INFO - Started process (PID=165) to work on /home/airflow/.local/lib/python3.8/site-packages/airflow/example_dags/example_python_decorator.py
[2024-04-14T14:44:56.084+0000] {processor.py:830} INFO - Processing file /home/airflow/.local/lib/python3.8/site-packages/airflow/example_dags/example_python_decorator.py for tasks to queue
[2024-04-14T14:44:56.087+0000] {logging_mixin.py:188} INFO - [2024-04-14T14:44:56.087+0000] {dagbag.py:540} INFO - Filling up the DagBag from /home/airflow/.local/lib/python3.8/site-packages/airflow/example_dags/example_python_decorator.py
[2024-04-14T14:44:56.117+0000] {processor.py:840} INFO - DAG(s) 'example_python_decorator' retrieved from /home/airflow/.local/lib/python3.8/site-packages/airflow/example_dags/example_python_decorator.py
[2024-04-14T14:44:56.166+0000] {logging_mixin.py:188} INFO - [2024-04-14T14:44:56.165+0000] {dag.py:3047} INFO - Sync 1 DAGs
[2024-04-14T14:44:56.180+0000] {logging_mixin.py:188} INFO - [2024-04-14T14:44:56.179+0000] {dag.py:3834} INFO - Setting next_dagrun for example_python_decorator to None, run_after=None
[2024-04-14T14:44:56.227+0000] {processor.py:183} INFO - Processing /home/airflow/.local/lib/python3.8/site-packages/airflow/example_dags/example_python_decorator.py took 0.175 seconds
[2024-04-14T14:45:26.361+0000] {processor.py:161} INFO - Started process (PID=224) to work on /home/airflow/.local/lib/python3.8/site-packages/airflow/example_dags/example_python_decorator.py
[2024-04-14T14:45:26.365+0000] {processor.py:830} INFO - Processing file /home/airflow/.local/lib/python3.8/site-packages/airflow/example_dags/example_python_decorator.py for tasks to queue
[2024-04-14T14:45:26.372+0000] {logging_mixin.py:188} INFO - [2024-04-14T14:45:26.370+0000] {dagbag.py:540} INFO - Filling up the DagBag from /home/airflow/.local/lib/python3.8/site-packages/airflow/example_dags/example_python_decorator.py
[2024-04-14T14:45:26.396+0000] {processor.py:840} INFO - DAG(s) 'example_python_decorator' retrieved from /home/airflow/.local/lib/python3.8/site-packages/airflow/example_dags/example_python_decorator.py
[2024-04-14T14:45:26.428+0000] {logging_mixin.py:188} INFO - [2024-04-14T14:45:26.428+0000] {dag.py:3047} INFO - Sync 1 DAGs
[2024-04-14T14:45:26.445+0000] {logging_mixin.py:188} INFO - [2024-04-14T14:45:26.445+0000] {dag.py:3834} INFO - Setting next_dagrun for example_python_decorator to None, run_after=None
[2024-04-14T14:45:26.475+0000] {processor.py:183} INFO - Processing /home/airflow/.local/lib/python3.8/site-packages/airflow/example_dags/example_python_decorator.py took 0.120 seconds
[2024-04-14T14:45:56.704+0000] {processor.py:161} INFO - Started process (PID=283) to work on /home/airflow/.local/lib/python3.8/site-packages/airflow/example_dags/example_python_decorator.py
[2024-04-14T14:45:56.707+0000] {processor.py:830} INFO - Processing file /home/airflow/.local/lib/python3.8/site-packages/airflow/example_dags/example_python_decorator.py for tasks to queue
[2024-04-14T14:45:56.710+0000] {logging_mixin.py:188} INFO - [2024-04-14T14:45:56.709+0000] {dagbag.py:540} INFO - Filling up the DagBag from /home/airflow/.local/lib/python3.8/site-packages/airflow/example_dags/example_python_decorator.py
[2024-04-14T14:45:56.730+0000] {processor.py:840} INFO - DAG(s) 'example_python_decorator' retrieved from /home/airflow/.local/lib/python3.8/site-packages/airflow/example_dags/example_python_decorator.py
[2024-04-14T14:45:56.766+0000] {logging_mixin.py:188} INFO - [2024-04-14T14:45:56.765+0000] {dag.py:3047} INFO - Sync 1 DAGs
[2024-04-14T14:45:56.786+0000] {logging_mixin.py:188} INFO - [2024-04-14T14:45:56.786+0000] {dag.py:3834} INFO - Setting next_dagrun for example_python_decorator to None, run_after=None
[2024-04-14T14:45:56.821+0000] {processor.py:183} INFO - Processing /home/airflow/.local/lib/python3.8/site-packages/airflow/example_dags/example_python_decorator.py took 0.121 seconds
[2024-04-14T14:46:27.349+0000] {processor.py:161} INFO - Started process (PID=342) to work on /home/airflow/.local/lib/python3.8/site-packages/airflow/example_dags/example_python_decorator.py
[2024-04-14T14:46:27.351+0000] {processor.py:830} INFO - Processing file /home/airflow/.local/lib/python3.8/site-packages/airflow/example_dags/example_python_decorator.py for tasks to queue
[2024-04-14T14:46:27.354+0000] {logging_mixin.py:188} INFO - [2024-04-14T14:46:27.353+0000] {dagbag.py:540} INFO - Filling up the DagBag from /home/airflow/.local/lib/python3.8/site-packages/airflow/example_dags/example_python_decorator.py
[2024-04-14T14:46:27.384+0000] {processor.py:840} INFO - DAG(s) 'example_python_decorator' retrieved from /home/airflow/.local/lib/python3.8/site-packages/airflow/example_dags/example_python_decorator.py
[2024-04-14T14:46:27.417+0000] {logging_mixin.py:188} INFO - [2024-04-14T14:46:27.417+0000] {dag.py:3047} INFO - Sync 1 DAGs
[2024-04-14T14:46:27.434+0000] {logging_mixin.py:188} INFO - [2024-04-14T14:46:27.434+0000] {dag.py:3834} INFO - Setting next_dagrun for example_python_decorator to None, run_after=None
[2024-04-14T14:46:27.470+0000] {processor.py:183} INFO - Processing /home/airflow/.local/lib/python3.8/site-packages/airflow/example_dags/example_python_decorator.py took 0.128 seconds
[2024-04-14T14:46:57.868+0000] {processor.py:161} INFO - Started process (PID=401) to work on /home/airflow/.local/lib/python3.8/site-packages/airflow/example_dags/example_python_decorator.py
[2024-04-14T14:46:57.871+0000] {processor.py:830} INFO - Processing file /home/airflow/.local/lib/python3.8/site-packages/airflow/example_dags/example_python_decorator.py for tasks to queue
[2024-04-14T14:46:57.873+0000] {logging_mixin.py:188} INFO - [2024-04-14T14:46:57.872+0000] {dagbag.py:540} INFO - Filling up the DagBag from /home/airflow/.local/lib/python3.8/site-packages/airflow/example_dags/example_python_decorator.py
[2024-04-14T14:46:57.906+0000] {processor.py:840} INFO - DAG(s) 'example_python_decorator' retrieved from /home/airflow/.local/lib/python3.8/site-packages/airflow/example_dags/example_python_decorator.py
[2024-04-14T14:46:57.951+0000] {logging_mixin.py:188} INFO - [2024-04-14T14:46:57.950+0000] {dag.py:3047} INFO - Sync 1 DAGs
[2024-04-14T14:46:57.964+0000] {logging_mixin.py:188} INFO - [2024-04-14T14:46:57.964+0000] {dag.py:3834} INFO - Setting next_dagrun for example_python_decorator to None, run_after=None
[2024-04-14T14:46:57.986+0000] {processor.py:183} INFO - Processing /home/airflow/.local/lib/python3.8/site-packages/airflow/example_dags/example_python_decorator.py took 0.125 seconds
[2024-04-14T14:47:28.370+0000] {processor.py:161} INFO - Started process (PID=461) to work on /home/airflow/.local/lib/python3.8/site-packages/airflow/example_dags/example_python_decorator.py
[2024-04-14T14:47:28.372+0000] {processor.py:830} INFO - Processing file /home/airflow/.local/lib/python3.8/site-packages/airflow/example_dags/example_python_decorator.py for tasks to queue
[2024-04-14T14:47:28.373+0000] {logging_mixin.py:188} INFO - [2024-04-14T14:47:28.373+0000] {dagbag.py:540} INFO - Filling up the DagBag from /home/airflow/.local/lib/python3.8/site-packages/airflow/example_dags/example_python_decorator.py
[2024-04-14T14:47:28.388+0000] {processor.py:840} INFO - DAG(s) 'example_python_decorator' retrieved from /home/airflow/.local/lib/python3.8/site-packages/airflow/example_dags/example_python_decorator.py
[2024-04-14T14:47:28.413+0000] {logging_mixin.py:188} INFO - [2024-04-14T14:47:28.413+0000] {dag.py:3047} INFO - Sync 1 DAGs
[2024-04-14T14:47:28.425+0000] {logging_mixin.py:188} INFO - [2024-04-14T14:47:28.424+0000] {dag.py:3834} INFO - Setting next_dagrun for example_python_decorator to None, run_after=None
[2024-04-14T14:47:28.445+0000] {processor.py:183} INFO - Processing /home/airflow/.local/lib/python3.8/site-packages/airflow/example_dags/example_python_decorator.py took 0.079 seconds
[2024-04-14T14:47:59.697+0000] {processor.py:161} INFO - Started process (PID=527) to work on /home/airflow/.local/lib/python3.8/site-packages/airflow/example_dags/example_python_decorator.py
[2024-04-14T14:47:59.699+0000] {processor.py:830} INFO - Processing file /home/airflow/.local/lib/python3.8/site-packages/airflow/example_dags/example_python_decorator.py for tasks to queue
[2024-04-14T14:47:59.707+0000] {logging_mixin.py:188} INFO - [2024-04-14T14:47:59.705+0000] {dagbag.py:540} INFO - Filling up the DagBag from /home/airflow/.local/lib/python3.8/site-packages/airflow/example_dags/example_python_decorator.py
[2024-04-14T14:47:59.737+0000] {processor.py:840} INFO - DAG(s) 'example_python_decorator' retrieved from /home/airflow/.local/lib/python3.8/site-packages/airflow/example_dags/example_python_decorator.py
[2024-04-14T14:47:59.797+0000] {logging_mixin.py:188} INFO - [2024-04-14T14:47:59.797+0000] {dag.py:3047} INFO - Sync 1 DAGs
[2024-04-14T14:47:59.823+0000] {logging_mixin.py:188} INFO - [2024-04-14T14:47:59.822+0000] {dag.py:3834} INFO - Setting next_dagrun for example_python_decorator to None, run_after=None
[2024-04-14T14:47:59.865+0000] {processor.py:183} INFO - Processing /home/airflow/.local/lib/python3.8/site-packages/airflow/example_dags/example_python_decorator.py took 0.172 seconds
[2024-04-14T14:48:30.169+0000] {processor.py:161} INFO - Started process (PID=586) to work on /home/airflow/.local/lib/python3.8/site-packages/airflow/example_dags/example_python_decorator.py
[2024-04-14T14:48:30.170+0000] {processor.py:830} INFO - Processing file /home/airflow/.local/lib/python3.8/site-packages/airflow/example_dags/example_python_decorator.py for tasks to queue
[2024-04-14T14:48:30.171+0000] {logging_mixin.py:188} INFO - [2024-04-14T14:48:30.171+0000] {dagbag.py:540} INFO - Filling up the DagBag from /home/airflow/.local/lib/python3.8/site-packages/airflow/example_dags/example_python_decorator.py
[2024-04-14T14:48:30.182+0000] {processor.py:840} INFO - DAG(s) 'example_python_decorator' retrieved from /home/airflow/.local/lib/python3.8/site-packages/airflow/example_dags/example_python_decorator.py
[2024-04-14T14:48:30.199+0000] {logging_mixin.py:188} INFO - [2024-04-14T14:48:30.198+0000] {dag.py:3047} INFO - Sync 1 DAGs
[2024-04-14T14:48:30.208+0000] {logging_mixin.py:188} INFO - [2024-04-14T14:48:30.208+0000] {dag.py:3834} INFO - Setting next_dagrun for example_python_decorator to None, run_after=None
[2024-04-14T14:48:30.226+0000] {processor.py:183} INFO - Processing /home/airflow/.local/lib/python3.8/site-packages/airflow/example_dags/example_python_decorator.py took 0.059 seconds
[2024-04-14T14:49:00.551+0000] {processor.py:161} INFO - Started process (PID=645) to work on /home/airflow/.local/lib/python3.8/site-packages/airflow/example_dags/example_python_decorator.py
[2024-04-14T14:49:00.553+0000] {processor.py:830} INFO - Processing file /home/airflow/.local/lib/python3.8/site-packages/airflow/example_dags/example_python_decorator.py for tasks to queue
[2024-04-14T14:49:00.554+0000] {logging_mixin.py:188} INFO - [2024-04-14T14:49:00.554+0000] {dagbag.py:540} INFO - Filling up the DagBag from /home/airflow/.local/lib/python3.8/site-packages/airflow/example_dags/example_python_decorator.py
[2024-04-14T14:49:00.601+0000] {processor.py:840} INFO - DAG(s) 'example_python_decorator' retrieved from /home/airflow/.local/lib/python3.8/site-packages/airflow/example_dags/example_python_decorator.py
[2024-04-14T14:49:00.638+0000] {logging_mixin.py:188} INFO - [2024-04-14T14:49:00.637+0000] {dag.py:3047} INFO - Sync 1 DAGs
[2024-04-14T14:49:00.656+0000] {logging_mixin.py:188} INFO - [2024-04-14T14:49:00.656+0000] {dag.py:3834} INFO - Setting next_dagrun for example_python_decorator to None, run_after=None
[2024-04-14T14:49:00.700+0000] {processor.py:183} INFO - Processing /home/airflow/.local/lib/python3.8/site-packages/airflow/example_dags/example_python_decorator.py took 0.161 seconds
[2024-04-14T14:49:31.055+0000] {processor.py:161} INFO - Started process (PID=704) to work on /home/airflow/.local/lib/python3.8/site-packages/airflow/example_dags/example_python_decorator.py
[2024-04-14T14:49:31.056+0000] {processor.py:830} INFO - Processing file /home/airflow/.local/lib/python3.8/site-packages/airflow/example_dags/example_python_decorator.py for tasks to queue
[2024-04-14T14:49:31.057+0000] {logging_mixin.py:188} INFO - [2024-04-14T14:49:31.057+0000] {dagbag.py:540} INFO - Filling up the DagBag from /home/airflow/.local/lib/python3.8/site-packages/airflow/example_dags/example_python_decorator.py
[2024-04-14T14:49:31.069+0000] {processor.py:840} INFO - DAG(s) 'example_python_decorator' retrieved from /home/airflow/.local/lib/python3.8/site-packages/airflow/example_dags/example_python_decorator.py
[2024-04-14T14:49:31.086+0000] {logging_mixin.py:188} INFO - [2024-04-14T14:49:31.086+0000] {dag.py:3047} INFO - Sync 1 DAGs
[2024-04-14T14:49:31.097+0000] {logging_mixin.py:188} INFO - [2024-04-14T14:49:31.096+0000] {dag.py:3834} INFO - Setting next_dagrun for example_python_decorator to None, run_after=None
[2024-04-14T14:49:31.112+0000] {processor.py:183} INFO - Processing /home/airflow/.local/lib/python3.8/site-packages/airflow/example_dags/example_python_decorator.py took 0.058 seconds
[2024-04-14T14:50:01.652+0000] {processor.py:161} INFO - Started process (PID=764) to work on /home/airflow/.local/lib/python3.8/site-packages/airflow/example_dags/example_python_decorator.py
[2024-04-14T14:50:01.653+0000] {processor.py:830} INFO - Processing file /home/airflow/.local/lib/python3.8/site-packages/airflow/example_dags/example_python_decorator.py for tasks to queue
[2024-04-14T14:50:01.654+0000] {logging_mixin.py:188} INFO - [2024-04-14T14:50:01.654+0000] {dagbag.py:540} INFO - Filling up the DagBag from /home/airflow/.local/lib/python3.8/site-packages/airflow/example_dags/example_python_decorator.py
[2024-04-14T14:50:01.665+0000] {processor.py:840} INFO - DAG(s) 'example_python_decorator' retrieved from /home/airflow/.local/lib/python3.8/site-packages/airflow/example_dags/example_python_decorator.py
[2024-04-14T14:50:01.691+0000] {logging_mixin.py:188} INFO - [2024-04-14T14:50:01.691+0000] {dag.py:3047} INFO - Sync 1 DAGs
[2024-04-14T14:50:01.703+0000] {logging_mixin.py:188} INFO - [2024-04-14T14:50:01.703+0000] {dag.py:3834} INFO - Setting next_dagrun for example_python_decorator to None, run_after=None
[2024-04-14T14:50:01.724+0000] {processor.py:183} INFO - Processing /home/airflow/.local/lib/python3.8/site-packages/airflow/example_dags/example_python_decorator.py took 0.075 seconds
[2024-04-14T14:50:31.898+0000] {processor.py:161} INFO - Started process (PID=823) to work on /home/airflow/.local/lib/python3.8/site-packages/airflow/example_dags/example_python_decorator.py
[2024-04-14T14:50:31.899+0000] {processor.py:830} INFO - Processing file /home/airflow/.local/lib/python3.8/site-packages/airflow/example_dags/example_python_decorator.py for tasks to queue
[2024-04-14T14:50:31.900+0000] {logging_mixin.py:188} INFO - [2024-04-14T14:50:31.900+0000] {dagbag.py:540} INFO - Filling up the DagBag from /home/airflow/.local/lib/python3.8/site-packages/airflow/example_dags/example_python_decorator.py
[2024-04-14T14:50:31.914+0000] {processor.py:840} INFO - DAG(s) 'example_python_decorator' retrieved from /home/airflow/.local/lib/python3.8/site-packages/airflow/example_dags/example_python_decorator.py
[2024-04-14T14:50:31.931+0000] {logging_mixin.py:188} INFO - [2024-04-14T14:50:31.930+0000] {dag.py:3047} INFO - Sync 1 DAGs
[2024-04-14T14:50:31.940+0000] {logging_mixin.py:188} INFO - [2024-04-14T14:50:31.940+0000] {dag.py:3834} INFO - Setting next_dagrun for example_python_decorator to None, run_after=None
[2024-04-14T14:50:31.958+0000] {processor.py:183} INFO - Processing /home/airflow/.local/lib/python3.8/site-packages/airflow/example_dags/example_python_decorator.py took 0.064 seconds
[2024-04-14T14:51:02.287+0000] {processor.py:161} INFO - Started process (PID=882) to work on /home/airflow/.local/lib/python3.8/site-packages/airflow/example_dags/example_python_decorator.py
[2024-04-14T14:51:02.289+0000] {processor.py:830} INFO - Processing file /home/airflow/.local/lib/python3.8/site-packages/airflow/example_dags/example_python_decorator.py for tasks to queue
[2024-04-14T14:51:02.290+0000] {logging_mixin.py:188} INFO - [2024-04-14T14:51:02.290+0000] {dagbag.py:540} INFO - Filling up the DagBag from /home/airflow/.local/lib/python3.8/site-packages/airflow/example_dags/example_python_decorator.py
[2024-04-14T14:51:02.303+0000] {processor.py:840} INFO - DAG(s) 'example_python_decorator' retrieved from /home/airflow/.local/lib/python3.8/site-packages/airflow/example_dags/example_python_decorator.py
[2024-04-14T14:51:02.329+0000] {logging_mixin.py:188} INFO - [2024-04-14T14:51:02.329+0000] {dag.py:3047} INFO - Sync 1 DAGs
[2024-04-14T14:51:02.341+0000] {logging_mixin.py:188} INFO - [2024-04-14T14:51:02.341+0000] {dag.py:3834} INFO - Setting next_dagrun for example_python_decorator to None, run_after=None
[2024-04-14T14:51:02.365+0000] {processor.py:183} INFO - Processing /home/airflow/.local/lib/python3.8/site-packages/airflow/example_dags/example_python_decorator.py took 0.080 seconds
[2024-04-14T14:51:33.376+0000] {processor.py:161} INFO - Started process (PID=942) to work on /home/airflow/.local/lib/python3.8/site-packages/airflow/example_dags/example_python_decorator.py
[2024-04-14T14:51:33.378+0000] {processor.py:830} INFO - Processing file /home/airflow/.local/lib/python3.8/site-packages/airflow/example_dags/example_python_decorator.py for tasks to queue
[2024-04-14T14:51:33.380+0000] {logging_mixin.py:188} INFO - [2024-04-14T14:51:33.379+0000] {dagbag.py:540} INFO - Filling up the DagBag from /home/airflow/.local/lib/python3.8/site-packages/airflow/example_dags/example_python_decorator.py
[2024-04-14T14:51:33.391+0000] {processor.py:840} INFO - DAG(s) 'example_python_decorator' retrieved from /home/airflow/.local/lib/python3.8/site-packages/airflow/example_dags/example_python_decorator.py
[2024-04-14T14:51:33.412+0000] {logging_mixin.py:188} INFO - [2024-04-14T14:51:33.412+0000] {dag.py:3047} INFO - Sync 1 DAGs
[2024-04-14T14:51:33.423+0000] {logging_mixin.py:188} INFO - [2024-04-14T14:51:33.422+0000] {dag.py:3834} INFO - Setting next_dagrun for example_python_decorator to None, run_after=None
[2024-04-14T14:51:33.438+0000] {processor.py:183} INFO - Processing /home/airflow/.local/lib/python3.8/site-packages/airflow/example_dags/example_python_decorator.py took 0.065 seconds
[2024-04-14T14:52:03.901+0000] {processor.py:161} INFO - Started process (PID=1001) to work on /home/airflow/.local/lib/python3.8/site-packages/airflow/example_dags/example_python_decorator.py
[2024-04-14T14:52:03.903+0000] {processor.py:830} INFO - Processing file /home/airflow/.local/lib/python3.8/site-packages/airflow/example_dags/example_python_decorator.py for tasks to queue
[2024-04-14T14:52:03.904+0000] {logging_mixin.py:188} INFO - [2024-04-14T14:52:03.903+0000] {dagbag.py:540} INFO - Filling up the DagBag from /home/airflow/.local/lib/python3.8/site-packages/airflow/example_dags/example_python_decorator.py
[2024-04-14T14:52:03.915+0000] {processor.py:840} INFO - DAG(s) 'example_python_decorator' retrieved from /home/airflow/.local/lib/python3.8/site-packages/airflow/example_dags/example_python_decorator.py
[2024-04-14T14:52:03.937+0000] {logging_mixin.py:188} INFO - [2024-04-14T14:52:03.936+0000] {dag.py:3047} INFO - Sync 1 DAGs
[2024-04-14T14:52:03.951+0000] {logging_mixin.py:188} INFO - [2024-04-14T14:52:03.951+0000] {dag.py:3834} INFO - Setting next_dagrun for example_python_decorator to None, run_after=None
[2024-04-14T14:52:03.970+0000] {processor.py:183} INFO - Processing /home/airflow/.local/lib/python3.8/site-packages/airflow/example_dags/example_python_decorator.py took 0.071 seconds
[2024-04-14T14:52:34.302+0000] {processor.py:161} INFO - Started process (PID=1060) to work on /home/airflow/.local/lib/python3.8/site-packages/airflow/example_dags/example_python_decorator.py
[2024-04-14T14:52:34.304+0000] {processor.py:830} INFO - Processing file /home/airflow/.local/lib/python3.8/site-packages/airflow/example_dags/example_python_decorator.py for tasks to queue
[2024-04-14T14:52:34.305+0000] {logging_mixin.py:188} INFO - [2024-04-14T14:52:34.304+0000] {dagbag.py:540} INFO - Filling up the DagBag from /home/airflow/.local/lib/python3.8/site-packages/airflow/example_dags/example_python_decorator.py
[2024-04-14T14:52:34.318+0000] {processor.py:840} INFO - DAG(s) 'example_python_decorator' retrieved from /home/airflow/.local/lib/python3.8/site-packages/airflow/example_dags/example_python_decorator.py
[2024-04-14T14:52:34.339+0000] {logging_mixin.py:188} INFO - [2024-04-14T14:52:34.338+0000] {dag.py:3047} INFO - Sync 1 DAGs
[2024-04-14T14:52:34.354+0000] {logging_mixin.py:188} INFO - [2024-04-14T14:52:34.354+0000] {dag.py:3834} INFO - Setting next_dagrun for example_python_decorator to None, run_after=None
[2024-04-14T14:52:34.373+0000] {processor.py:183} INFO - Processing /home/airflow/.local/lib/python3.8/site-packages/airflow/example_dags/example_python_decorator.py took 0.074 seconds
[2024-04-14T14:53:05.214+0000] {processor.py:161} INFO - Started process (PID=1119) to work on /home/airflow/.local/lib/python3.8/site-packages/airflow/example_dags/example_python_decorator.py
[2024-04-14T14:53:05.215+0000] {processor.py:830} INFO - Processing file /home/airflow/.local/lib/python3.8/site-packages/airflow/example_dags/example_python_decorator.py for tasks to queue
[2024-04-14T14:53:05.217+0000] {logging_mixin.py:188} INFO - [2024-04-14T14:53:05.216+0000] {dagbag.py:540} INFO - Filling up the DagBag from /home/airflow/.local/lib/python3.8/site-packages/airflow/example_dags/example_python_decorator.py
[2024-04-14T14:53:05.227+0000] {processor.py:840} INFO - DAG(s) 'example_python_decorator' retrieved from /home/airflow/.local/lib/python3.8/site-packages/airflow/example_dags/example_python_decorator.py
[2024-04-14T14:53:05.249+0000] {logging_mixin.py:188} INFO - [2024-04-14T14:53:05.249+0000] {dag.py:3047} INFO - Sync 1 DAGs
[2024-04-14T14:53:05.259+0000] {logging_mixin.py:188} INFO - [2024-04-14T14:53:05.259+0000] {dag.py:3834} INFO - Setting next_dagrun for example_python_decorator to None, run_after=None
[2024-04-14T14:53:05.279+0000] {processor.py:183} INFO - Processing /home/airflow/.local/lib/python3.8/site-packages/airflow/example_dags/example_python_decorator.py took 0.068 seconds
