[2024-04-14T14:44:23.527+0000] {processor.py:161} INFO - Started process (PID=85) to work on /home/airflow/.local/lib/python3.8/site-packages/airflow/example_dags/example_python_operator.py
[2024-04-14T14:44:23.531+0000] {processor.py:830} INFO - Processing file /home/airflow/.local/lib/python3.8/site-packages/airflow/example_dags/example_python_operator.py for tasks to queue
[2024-04-14T14:44:23.535+0000] {logging_mixin.py:188} INFO - [2024-04-14T14:44:23.534+0000] {dagbag.py:540} INFO - Filling up the DagBag from /home/airflow/.local/lib/python3.8/site-packages/airflow/example_dags/example_python_operator.py
[2024-04-14T14:44:23.574+0000] {processor.py:840} INFO - DAG(s) 'example_python_operator' retrieved from /home/airflow/.local/lib/python3.8/site-packages/airflow/example_dags/example_python_operator.py
[2024-04-14T14:44:23.863+0000] {logging_mixin.py:188} INFO - [2024-04-14T14:44:23.862+0000] {dag.py:3047} INFO - Sync 1 DAGs
[2024-04-14T14:44:23.891+0000] {logging_mixin.py:188} INFO - [2024-04-14T14:44:23.890+0000] {dag.py:3834} INFO - Setting next_dagrun for example_python_operator to None, run_after=None
[2024-04-14T14:44:23.948+0000] {processor.py:183} INFO - Processing /home/airflow/.local/lib/python3.8/site-packages/airflow/example_dags/example_python_operator.py took 0.437 seconds
[2024-04-14T14:44:54.078+0000] {processor.py:161} INFO - Started process (PID=157) to work on /home/airflow/.local/lib/python3.8/site-packages/airflow/example_dags/example_python_operator.py
[2024-04-14T14:44:54.080+0000] {processor.py:830} INFO - Processing file /home/airflow/.local/lib/python3.8/site-packages/airflow/example_dags/example_python_operator.py for tasks to queue
[2024-04-14T14:44:54.085+0000] {logging_mixin.py:188} INFO - [2024-04-14T14:44:54.083+0000] {dagbag.py:540} INFO - Filling up the DagBag from /home/airflow/.local/lib/python3.8/site-packages/airflow/example_dags/example_python_operator.py
[2024-04-14T14:44:54.098+0000] {processor.py:840} INFO - DAG(s) 'example_python_operator' retrieved from /home/airflow/.local/lib/python3.8/site-packages/airflow/example_dags/example_python_operator.py
[2024-04-14T14:44:54.132+0000] {logging_mixin.py:188} INFO - [2024-04-14T14:44:54.132+0000] {dag.py:3047} INFO - Sync 1 DAGs
[2024-04-14T14:44:54.169+0000] {logging_mixin.py:188} INFO - [2024-04-14T14:44:54.168+0000] {dag.py:3834} INFO - Setting next_dagrun for example_python_operator to None, run_after=None
[2024-04-14T14:44:54.226+0000] {processor.py:183} INFO - Processing /home/airflow/.local/lib/python3.8/site-packages/airflow/example_dags/example_python_operator.py took 0.153 seconds
[2024-04-14T14:45:24.843+0000] {processor.py:161} INFO - Started process (PID=216) to work on /home/airflow/.local/lib/python3.8/site-packages/airflow/example_dags/example_python_operator.py
[2024-04-14T14:45:24.844+0000] {processor.py:830} INFO - Processing file /home/airflow/.local/lib/python3.8/site-packages/airflow/example_dags/example_python_operator.py for tasks to queue
[2024-04-14T14:45:24.845+0000] {logging_mixin.py:188} INFO - [2024-04-14T14:45:24.845+0000] {dagbag.py:540} INFO - Filling up the DagBag from /home/airflow/.local/lib/python3.8/site-packages/airflow/example_dags/example_python_operator.py
[2024-04-14T14:45:24.855+0000] {processor.py:840} INFO - DAG(s) 'example_python_operator' retrieved from /home/airflow/.local/lib/python3.8/site-packages/airflow/example_dags/example_python_operator.py
[2024-04-14T14:45:24.876+0000] {logging_mixin.py:188} INFO - [2024-04-14T14:45:24.875+0000] {dag.py:3047} INFO - Sync 1 DAGs
[2024-04-14T14:45:24.887+0000] {logging_mixin.py:188} INFO - [2024-04-14T14:45:24.887+0000] {dag.py:3834} INFO - Setting next_dagrun for example_python_operator to None, run_after=None
[2024-04-14T14:45:24.907+0000] {processor.py:183} INFO - Processing /home/airflow/.local/lib/python3.8/site-packages/airflow/example_dags/example_python_operator.py took 0.067 seconds
[2024-04-14T14:45:55.558+0000] {processor.py:161} INFO - Started process (PID=275) to work on /home/airflow/.local/lib/python3.8/site-packages/airflow/example_dags/example_python_operator.py
[2024-04-14T14:45:55.560+0000] {processor.py:830} INFO - Processing file /home/airflow/.local/lib/python3.8/site-packages/airflow/example_dags/example_python_operator.py for tasks to queue
[2024-04-14T14:45:55.563+0000] {logging_mixin.py:188} INFO - [2024-04-14T14:45:55.563+0000] {dagbag.py:540} INFO - Filling up the DagBag from /home/airflow/.local/lib/python3.8/site-packages/airflow/example_dags/example_python_operator.py
[2024-04-14T14:45:55.579+0000] {processor.py:840} INFO - DAG(s) 'example_python_operator' retrieved from /home/airflow/.local/lib/python3.8/site-packages/airflow/example_dags/example_python_operator.py
[2024-04-14T14:45:55.612+0000] {logging_mixin.py:188} INFO - [2024-04-14T14:45:55.612+0000] {dag.py:3047} INFO - Sync 1 DAGs
[2024-04-14T14:45:55.633+0000] {logging_mixin.py:188} INFO - [2024-04-14T14:45:55.632+0000] {dag.py:3834} INFO - Setting next_dagrun for example_python_operator to None, run_after=None
[2024-04-14T14:45:55.675+0000] {processor.py:183} INFO - Processing /home/airflow/.local/lib/python3.8/site-packages/airflow/example_dags/example_python_operator.py took 0.123 seconds
[2024-04-14T14:46:26.565+0000] {processor.py:161} INFO - Started process (PID=334) to work on /home/airflow/.local/lib/python3.8/site-packages/airflow/example_dags/example_python_operator.py
[2024-04-14T14:46:26.566+0000] {processor.py:830} INFO - Processing file /home/airflow/.local/lib/python3.8/site-packages/airflow/example_dags/example_python_operator.py for tasks to queue
[2024-04-14T14:46:26.567+0000] {logging_mixin.py:188} INFO - [2024-04-14T14:46:26.567+0000] {dagbag.py:540} INFO - Filling up the DagBag from /home/airflow/.local/lib/python3.8/site-packages/airflow/example_dags/example_python_operator.py
[2024-04-14T14:46:26.580+0000] {processor.py:840} INFO - DAG(s) 'example_python_operator' retrieved from /home/airflow/.local/lib/python3.8/site-packages/airflow/example_dags/example_python_operator.py
[2024-04-14T14:46:26.607+0000] {logging_mixin.py:188} INFO - [2024-04-14T14:46:26.607+0000] {dag.py:3047} INFO - Sync 1 DAGs
[2024-04-14T14:46:26.636+0000] {logging_mixin.py:188} INFO - [2024-04-14T14:46:26.636+0000] {dag.py:3834} INFO - Setting next_dagrun for example_python_operator to None, run_after=None
[2024-04-14T14:46:26.682+0000] {processor.py:183} INFO - Processing /home/airflow/.local/lib/python3.8/site-packages/airflow/example_dags/example_python_operator.py took 0.122 seconds
[2024-04-14T14:46:56.962+0000] {processor.py:161} INFO - Started process (PID=393) to work on /home/airflow/.local/lib/python3.8/site-packages/airflow/example_dags/example_python_operator.py
[2024-04-14T14:46:56.964+0000] {processor.py:830} INFO - Processing file /home/airflow/.local/lib/python3.8/site-packages/airflow/example_dags/example_python_operator.py for tasks to queue
[2024-04-14T14:46:56.965+0000] {logging_mixin.py:188} INFO - [2024-04-14T14:46:56.965+0000] {dagbag.py:540} INFO - Filling up the DagBag from /home/airflow/.local/lib/python3.8/site-packages/airflow/example_dags/example_python_operator.py
[2024-04-14T14:46:56.986+0000] {processor.py:840} INFO - DAG(s) 'example_python_operator' retrieved from /home/airflow/.local/lib/python3.8/site-packages/airflow/example_dags/example_python_operator.py
[2024-04-14T14:46:57.012+0000] {logging_mixin.py:188} INFO - [2024-04-14T14:46:57.012+0000] {dag.py:3047} INFO - Sync 1 DAGs
[2024-04-14T14:46:57.023+0000] {logging_mixin.py:188} INFO - [2024-04-14T14:46:57.023+0000] {dag.py:3834} INFO - Setting next_dagrun for example_python_operator to None, run_after=None
[2024-04-14T14:46:57.042+0000] {processor.py:183} INFO - Processing /home/airflow/.local/lib/python3.8/site-packages/airflow/example_dags/example_python_operator.py took 0.083 seconds
[2024-04-14T14:47:27.788+0000] {processor.py:161} INFO - Started process (PID=453) to work on /home/airflow/.local/lib/python3.8/site-packages/airflow/example_dags/example_python_operator.py
[2024-04-14T14:47:27.789+0000] {processor.py:830} INFO - Processing file /home/airflow/.local/lib/python3.8/site-packages/airflow/example_dags/example_python_operator.py for tasks to queue
[2024-04-14T14:47:27.791+0000] {logging_mixin.py:188} INFO - [2024-04-14T14:47:27.790+0000] {dagbag.py:540} INFO - Filling up the DagBag from /home/airflow/.local/lib/python3.8/site-packages/airflow/example_dags/example_python_operator.py
[2024-04-14T14:47:27.800+0000] {processor.py:840} INFO - DAG(s) 'example_python_operator' retrieved from /home/airflow/.local/lib/python3.8/site-packages/airflow/example_dags/example_python_operator.py
[2024-04-14T14:47:27.823+0000] {logging_mixin.py:188} INFO - [2024-04-14T14:47:27.822+0000] {dag.py:3047} INFO - Sync 1 DAGs
[2024-04-14T14:47:27.833+0000] {logging_mixin.py:188} INFO - [2024-04-14T14:47:27.833+0000] {dag.py:3834} INFO - Setting next_dagrun for example_python_operator to None, run_after=None
[2024-04-14T14:47:27.852+0000] {processor.py:183} INFO - Processing /home/airflow/.local/lib/python3.8/site-packages/airflow/example_dags/example_python_operator.py took 0.067 seconds
[2024-04-14T14:47:58.903+0000] {processor.py:161} INFO - Started process (PID=513) to work on /home/airflow/.local/lib/python3.8/site-packages/airflow/example_dags/example_python_operator.py
[2024-04-14T14:47:58.906+0000] {processor.py:830} INFO - Processing file /home/airflow/.local/lib/python3.8/site-packages/airflow/example_dags/example_python_operator.py for tasks to queue
[2024-04-14T14:47:58.908+0000] {logging_mixin.py:188} INFO - [2024-04-14T14:47:58.908+0000] {dagbag.py:540} INFO - Filling up the DagBag from /home/airflow/.local/lib/python3.8/site-packages/airflow/example_dags/example_python_operator.py
[2024-04-14T14:47:58.935+0000] {processor.py:840} INFO - DAG(s) 'example_python_operator' retrieved from /home/airflow/.local/lib/python3.8/site-packages/airflow/example_dags/example_python_operator.py
[2024-04-14T14:47:58.970+0000] {logging_mixin.py:188} INFO - [2024-04-14T14:47:58.969+0000] {dag.py:3047} INFO - Sync 1 DAGs
[2024-04-14T14:47:58.996+0000] {logging_mixin.py:188} INFO - [2024-04-14T14:47:58.996+0000] {dag.py:3834} INFO - Setting next_dagrun for example_python_operator to None, run_after=None
[2024-04-14T14:47:59.024+0000] {processor.py:183} INFO - Processing /home/airflow/.local/lib/python3.8/site-packages/airflow/example_dags/example_python_operator.py took 0.127 seconds
[2024-04-14T14:48:29.779+0000] {processor.py:161} INFO - Started process (PID=578) to work on /home/airflow/.local/lib/python3.8/site-packages/airflow/example_dags/example_python_operator.py
[2024-04-14T14:48:29.780+0000] {processor.py:830} INFO - Processing file /home/airflow/.local/lib/python3.8/site-packages/airflow/example_dags/example_python_operator.py for tasks to queue
[2024-04-14T14:48:29.781+0000] {logging_mixin.py:188} INFO - [2024-04-14T14:48:29.781+0000] {dagbag.py:540} INFO - Filling up the DagBag from /home/airflow/.local/lib/python3.8/site-packages/airflow/example_dags/example_python_operator.py
[2024-04-14T14:48:29.791+0000] {processor.py:840} INFO - DAG(s) 'example_python_operator' retrieved from /home/airflow/.local/lib/python3.8/site-packages/airflow/example_dags/example_python_operator.py
[2024-04-14T14:48:29.810+0000] {logging_mixin.py:188} INFO - [2024-04-14T14:48:29.810+0000] {dag.py:3047} INFO - Sync 1 DAGs
[2024-04-14T14:48:29.820+0000] {logging_mixin.py:188} INFO - [2024-04-14T14:48:29.819+0000] {dag.py:3834} INFO - Setting next_dagrun for example_python_operator to None, run_after=None
[2024-04-14T14:48:29.834+0000] {processor.py:183} INFO - Processing /home/airflow/.local/lib/python3.8/site-packages/airflow/example_dags/example_python_operator.py took 0.058 seconds
[2024-04-14T14:49:00.148+0000] {processor.py:161} INFO - Started process (PID=637) to work on /home/airflow/.local/lib/python3.8/site-packages/airflow/example_dags/example_python_operator.py
[2024-04-14T14:49:00.149+0000] {processor.py:830} INFO - Processing file /home/airflow/.local/lib/python3.8/site-packages/airflow/example_dags/example_python_operator.py for tasks to queue
[2024-04-14T14:49:00.150+0000] {logging_mixin.py:188} INFO - [2024-04-14T14:49:00.150+0000] {dagbag.py:540} INFO - Filling up the DagBag from /home/airflow/.local/lib/python3.8/site-packages/airflow/example_dags/example_python_operator.py
[2024-04-14T14:49:00.161+0000] {processor.py:840} INFO - DAG(s) 'example_python_operator' retrieved from /home/airflow/.local/lib/python3.8/site-packages/airflow/example_dags/example_python_operator.py
[2024-04-14T14:49:00.185+0000] {logging_mixin.py:188} INFO - [2024-04-14T14:49:00.185+0000] {dag.py:3047} INFO - Sync 1 DAGs
[2024-04-14T14:49:00.196+0000] {logging_mixin.py:188} INFO - [2024-04-14T14:49:00.196+0000] {dag.py:3834} INFO - Setting next_dagrun for example_python_operator to None, run_after=None
[2024-04-14T14:49:00.213+0000] {processor.py:183} INFO - Processing /home/airflow/.local/lib/python3.8/site-packages/airflow/example_dags/example_python_operator.py took 0.068 seconds
[2024-04-14T14:49:30.653+0000] {processor.py:161} INFO - Started process (PID=696) to work on /home/airflow/.local/lib/python3.8/site-packages/airflow/example_dags/example_python_operator.py
[2024-04-14T14:49:30.654+0000] {processor.py:830} INFO - Processing file /home/airflow/.local/lib/python3.8/site-packages/airflow/example_dags/example_python_operator.py for tasks to queue
[2024-04-14T14:49:30.656+0000] {logging_mixin.py:188} INFO - [2024-04-14T14:49:30.655+0000] {dagbag.py:540} INFO - Filling up the DagBag from /home/airflow/.local/lib/python3.8/site-packages/airflow/example_dags/example_python_operator.py
[2024-04-14T14:49:30.667+0000] {processor.py:840} INFO - DAG(s) 'example_python_operator' retrieved from /home/airflow/.local/lib/python3.8/site-packages/airflow/example_dags/example_python_operator.py
[2024-04-14T14:49:30.689+0000] {logging_mixin.py:188} INFO - [2024-04-14T14:49:30.689+0000] {dag.py:3047} INFO - Sync 1 DAGs
[2024-04-14T14:49:30.702+0000] {logging_mixin.py:188} INFO - [2024-04-14T14:49:30.701+0000] {dag.py:3834} INFO - Setting next_dagrun for example_python_operator to None, run_after=None
[2024-04-14T14:49:30.721+0000] {processor.py:183} INFO - Processing /home/airflow/.local/lib/python3.8/site-packages/airflow/example_dags/example_python_operator.py took 0.071 seconds
[2024-04-14T14:50:01.152+0000] {processor.py:161} INFO - Started process (PID=756) to work on /home/airflow/.local/lib/python3.8/site-packages/airflow/example_dags/example_python_operator.py
[2024-04-14T14:50:01.153+0000] {processor.py:830} INFO - Processing file /home/airflow/.local/lib/python3.8/site-packages/airflow/example_dags/example_python_operator.py for tasks to queue
[2024-04-14T14:50:01.154+0000] {logging_mixin.py:188} INFO - [2024-04-14T14:50:01.154+0000] {dagbag.py:540} INFO - Filling up the DagBag from /home/airflow/.local/lib/python3.8/site-packages/airflow/example_dags/example_python_operator.py
[2024-04-14T14:50:01.163+0000] {processor.py:840} INFO - DAG(s) 'example_python_operator' retrieved from /home/airflow/.local/lib/python3.8/site-packages/airflow/example_dags/example_python_operator.py
[2024-04-14T14:50:01.181+0000] {logging_mixin.py:188} INFO - [2024-04-14T14:50:01.181+0000] {dag.py:3047} INFO - Sync 1 DAGs
[2024-04-14T14:50:01.192+0000] {logging_mixin.py:188} INFO - [2024-04-14T14:50:01.191+0000] {dag.py:3834} INFO - Setting next_dagrun for example_python_operator to None, run_after=None
[2024-04-14T14:50:01.214+0000] {processor.py:183} INFO - Processing /home/airflow/.local/lib/python3.8/site-packages/airflow/example_dags/example_python_operator.py took 0.067 seconds
[2024-04-14T14:50:31.508+0000] {processor.py:161} INFO - Started process (PID=815) to work on /home/airflow/.local/lib/python3.8/site-packages/airflow/example_dags/example_python_operator.py
[2024-04-14T14:50:31.509+0000] {processor.py:830} INFO - Processing file /home/airflow/.local/lib/python3.8/site-packages/airflow/example_dags/example_python_operator.py for tasks to queue
[2024-04-14T14:50:31.511+0000] {logging_mixin.py:188} INFO - [2024-04-14T14:50:31.510+0000] {dagbag.py:540} INFO - Filling up the DagBag from /home/airflow/.local/lib/python3.8/site-packages/airflow/example_dags/example_python_operator.py
[2024-04-14T14:50:31.520+0000] {processor.py:840} INFO - DAG(s) 'example_python_operator' retrieved from /home/airflow/.local/lib/python3.8/site-packages/airflow/example_dags/example_python_operator.py
[2024-04-14T14:50:31.539+0000] {logging_mixin.py:188} INFO - [2024-04-14T14:50:31.539+0000] {dag.py:3047} INFO - Sync 1 DAGs
[2024-04-14T14:50:31.552+0000] {logging_mixin.py:188} INFO - [2024-04-14T14:50:31.552+0000] {dag.py:3834} INFO - Setting next_dagrun for example_python_operator to None, run_after=None
[2024-04-14T14:50:31.568+0000] {processor.py:183} INFO - Processing /home/airflow/.local/lib/python3.8/site-packages/airflow/example_dags/example_python_operator.py took 0.063 seconds
[2024-04-14T14:51:01.861+0000] {processor.py:161} INFO - Started process (PID=874) to work on /home/airflow/.local/lib/python3.8/site-packages/airflow/example_dags/example_python_operator.py
[2024-04-14T14:51:01.862+0000] {processor.py:830} INFO - Processing file /home/airflow/.local/lib/python3.8/site-packages/airflow/example_dags/example_python_operator.py for tasks to queue
[2024-04-14T14:51:01.864+0000] {logging_mixin.py:188} INFO - [2024-04-14T14:51:01.863+0000] {dagbag.py:540} INFO - Filling up the DagBag from /home/airflow/.local/lib/python3.8/site-packages/airflow/example_dags/example_python_operator.py
[2024-04-14T14:51:01.873+0000] {processor.py:840} INFO - DAG(s) 'example_python_operator' retrieved from /home/airflow/.local/lib/python3.8/site-packages/airflow/example_dags/example_python_operator.py
[2024-04-14T14:51:01.895+0000] {logging_mixin.py:188} INFO - [2024-04-14T14:51:01.895+0000] {dag.py:3047} INFO - Sync 1 DAGs
[2024-04-14T14:51:01.905+0000] {logging_mixin.py:188} INFO - [2024-04-14T14:51:01.905+0000] {dag.py:3834} INFO - Setting next_dagrun for example_python_operator to None, run_after=None
[2024-04-14T14:51:01.928+0000] {processor.py:183} INFO - Processing /home/airflow/.local/lib/python3.8/site-packages/airflow/example_dags/example_python_operator.py took 0.069 seconds
[2024-04-14T14:51:32.920+0000] {processor.py:161} INFO - Started process (PID=934) to work on /home/airflow/.local/lib/python3.8/site-packages/airflow/example_dags/example_python_operator.py
[2024-04-14T14:51:32.921+0000] {processor.py:830} INFO - Processing file /home/airflow/.local/lib/python3.8/site-packages/airflow/example_dags/example_python_operator.py for tasks to queue
[2024-04-14T14:51:32.923+0000] {logging_mixin.py:188} INFO - [2024-04-14T14:51:32.922+0000] {dagbag.py:540} INFO - Filling up the DagBag from /home/airflow/.local/lib/python3.8/site-packages/airflow/example_dags/example_python_operator.py
[2024-04-14T14:51:32.934+0000] {processor.py:840} INFO - DAG(s) 'example_python_operator' retrieved from /home/airflow/.local/lib/python3.8/site-packages/airflow/example_dags/example_python_operator.py
[2024-04-14T14:51:32.960+0000] {logging_mixin.py:188} INFO - [2024-04-14T14:51:32.960+0000] {dag.py:3047} INFO - Sync 1 DAGs
[2024-04-14T14:51:32.972+0000] {logging_mixin.py:188} INFO - [2024-04-14T14:51:32.972+0000] {dag.py:3834} INFO - Setting next_dagrun for example_python_operator to None, run_after=None
[2024-04-14T14:51:32.994+0000] {processor.py:183} INFO - Processing /home/airflow/.local/lib/python3.8/site-packages/airflow/example_dags/example_python_operator.py took 0.077 seconds
[2024-04-14T14:52:03.387+0000] {processor.py:161} INFO - Started process (PID=993) to work on /home/airflow/.local/lib/python3.8/site-packages/airflow/example_dags/example_python_operator.py
[2024-04-14T14:52:03.388+0000] {processor.py:830} INFO - Processing file /home/airflow/.local/lib/python3.8/site-packages/airflow/example_dags/example_python_operator.py for tasks to queue
[2024-04-14T14:52:03.389+0000] {logging_mixin.py:188} INFO - [2024-04-14T14:52:03.389+0000] {dagbag.py:540} INFO - Filling up the DagBag from /home/airflow/.local/lib/python3.8/site-packages/airflow/example_dags/example_python_operator.py
[2024-04-14T14:52:03.399+0000] {processor.py:840} INFO - DAG(s) 'example_python_operator' retrieved from /home/airflow/.local/lib/python3.8/site-packages/airflow/example_dags/example_python_operator.py
[2024-04-14T14:52:03.420+0000] {logging_mixin.py:188} INFO - [2024-04-14T14:52:03.420+0000] {dag.py:3047} INFO - Sync 1 DAGs
[2024-04-14T14:52:03.432+0000] {logging_mixin.py:188} INFO - [2024-04-14T14:52:03.431+0000] {dag.py:3834} INFO - Setting next_dagrun for example_python_operator to None, run_after=None
[2024-04-14T14:52:03.450+0000] {processor.py:183} INFO - Processing /home/airflow/.local/lib/python3.8/site-packages/airflow/example_dags/example_python_operator.py took 0.066 seconds
[2024-04-14T14:52:33.727+0000] {processor.py:161} INFO - Started process (PID=1052) to work on /home/airflow/.local/lib/python3.8/site-packages/airflow/example_dags/example_python_operator.py
[2024-04-14T14:52:33.728+0000] {processor.py:830} INFO - Processing file /home/airflow/.local/lib/python3.8/site-packages/airflow/example_dags/example_python_operator.py for tasks to queue
[2024-04-14T14:52:33.730+0000] {logging_mixin.py:188} INFO - [2024-04-14T14:52:33.729+0000] {dagbag.py:540} INFO - Filling up the DagBag from /home/airflow/.local/lib/python3.8/site-packages/airflow/example_dags/example_python_operator.py
[2024-04-14T14:52:33.741+0000] {processor.py:840} INFO - DAG(s) 'example_python_operator' retrieved from /home/airflow/.local/lib/python3.8/site-packages/airflow/example_dags/example_python_operator.py
[2024-04-14T14:52:33.763+0000] {logging_mixin.py:188} INFO - [2024-04-14T14:52:33.763+0000] {dag.py:3047} INFO - Sync 1 DAGs
[2024-04-14T14:52:33.776+0000] {logging_mixin.py:188} INFO - [2024-04-14T14:52:33.775+0000] {dag.py:3834} INFO - Setting next_dagrun for example_python_operator to None, run_after=None
[2024-04-14T14:52:33.795+0000] {processor.py:183} INFO - Processing /home/airflow/.local/lib/python3.8/site-packages/airflow/example_dags/example_python_operator.py took 0.071 seconds
[2024-04-14T14:53:04.786+0000] {processor.py:161} INFO - Started process (PID=1111) to work on /home/airflow/.local/lib/python3.8/site-packages/airflow/example_dags/example_python_operator.py
[2024-04-14T14:53:04.787+0000] {processor.py:830} INFO - Processing file /home/airflow/.local/lib/python3.8/site-packages/airflow/example_dags/example_python_operator.py for tasks to queue
[2024-04-14T14:53:04.788+0000] {logging_mixin.py:188} INFO - [2024-04-14T14:53:04.788+0000] {dagbag.py:540} INFO - Filling up the DagBag from /home/airflow/.local/lib/python3.8/site-packages/airflow/example_dags/example_python_operator.py
[2024-04-14T14:53:04.800+0000] {processor.py:840} INFO - DAG(s) 'example_python_operator' retrieved from /home/airflow/.local/lib/python3.8/site-packages/airflow/example_dags/example_python_operator.py
[2024-04-14T14:53:04.822+0000] {logging_mixin.py:188} INFO - [2024-04-14T14:53:04.821+0000] {dag.py:3047} INFO - Sync 1 DAGs
[2024-04-14T14:53:04.831+0000] {logging_mixin.py:188} INFO - [2024-04-14T14:53:04.831+0000] {dag.py:3834} INFO - Setting next_dagrun for example_python_operator to None, run_after=None
[2024-04-14T14:53:04.850+0000] {processor.py:183} INFO - Processing /home/airflow/.local/lib/python3.8/site-packages/airflow/example_dags/example_python_operator.py took 0.068 seconds
