[2024-04-14T14:44:22.253+0000] {processor.py:161} INFO - Started process (PID=75) to work on /home/airflow/.local/lib/python3.8/site-packages/airflow/example_dags/example_external_task_marker_dag.py
[2024-04-14T14:44:22.255+0000] {processor.py:830} INFO - Processing file /home/airflow/.local/lib/python3.8/site-packages/airflow/example_dags/example_external_task_marker_dag.py for tasks to queue
[2024-04-14T14:44:22.259+0000] {logging_mixin.py:188} INFO - [2024-04-14T14:44:22.259+0000] {dagbag.py:540} INFO - Filling up the DagBag from /home/airflow/.local/lib/python3.8/site-packages/airflow/example_dags/example_external_task_marker_dag.py
[2024-04-14T14:44:22.279+0000] {processor.py:840} INFO - DAG(s) 'example_external_task_marker_parent', 'example_external_task_marker_child' retrieved from /home/airflow/.local/lib/python3.8/site-packages/airflow/example_dags/example_external_task_marker_dag.py
[2024-04-14T14:44:22.329+0000] {logging_mixin.py:188} INFO - [2024-04-14T14:44:22.328+0000] {dag.py:3047} INFO - Sync 2 DAGs
[2024-04-14T14:44:22.359+0000] {logging_mixin.py:188} INFO - [2024-04-14T14:44:22.359+0000] {dag.py:3834} INFO - Setting next_dagrun for example_external_task_marker_child to None, run_after=None
[2024-04-14T14:44:22.364+0000] {logging_mixin.py:188} INFO - [2024-04-14T14:44:22.363+0000] {dag.py:3834} INFO - Setting next_dagrun for example_external_task_marker_parent to None, run_after=None
[2024-04-14T14:44:22.389+0000] {processor.py:183} INFO - Processing /home/airflow/.local/lib/python3.8/site-packages/airflow/example_dags/example_external_task_marker_dag.py took 0.141 seconds
[2024-04-14T14:44:53.114+0000] {processor.py:161} INFO - Started process (PID=147) to work on /home/airflow/.local/lib/python3.8/site-packages/airflow/example_dags/example_external_task_marker_dag.py
[2024-04-14T14:44:53.117+0000] {processor.py:830} INFO - Processing file /home/airflow/.local/lib/python3.8/site-packages/airflow/example_dags/example_external_task_marker_dag.py for tasks to queue
[2024-04-14T14:44:53.120+0000] {logging_mixin.py:188} INFO - [2024-04-14T14:44:53.119+0000] {dagbag.py:540} INFO - Filling up the DagBag from /home/airflow/.local/lib/python3.8/site-packages/airflow/example_dags/example_external_task_marker_dag.py
[2024-04-14T14:44:53.128+0000] {processor.py:840} INFO - DAG(s) 'example_external_task_marker_parent', 'example_external_task_marker_child' retrieved from /home/airflow/.local/lib/python3.8/site-packages/airflow/example_dags/example_external_task_marker_dag.py
[2024-04-14T14:44:53.162+0000] {logging_mixin.py:188} INFO - [2024-04-14T14:44:53.162+0000] {dag.py:3047} INFO - Sync 2 DAGs
[2024-04-14T14:44:53.179+0000] {logging_mixin.py:188} INFO - [2024-04-14T14:44:53.178+0000] {dag.py:3834} INFO - Setting next_dagrun for example_external_task_marker_child to None, run_after=None
[2024-04-14T14:44:53.185+0000] {logging_mixin.py:188} INFO - [2024-04-14T14:44:53.185+0000] {dag.py:3834} INFO - Setting next_dagrun for example_external_task_marker_parent to None, run_after=None
[2024-04-14T14:44:53.215+0000] {processor.py:183} INFO - Processing /home/airflow/.local/lib/python3.8/site-packages/airflow/example_dags/example_external_task_marker_dag.py took 0.106 seconds
[2024-04-14T14:45:23.635+0000] {processor.py:161} INFO - Started process (PID=206) to work on /home/airflow/.local/lib/python3.8/site-packages/airflow/example_dags/example_external_task_marker_dag.py
[2024-04-14T14:45:23.639+0000] {processor.py:830} INFO - Processing file /home/airflow/.local/lib/python3.8/site-packages/airflow/example_dags/example_external_task_marker_dag.py for tasks to queue
[2024-04-14T14:45:23.642+0000] {logging_mixin.py:188} INFO - [2024-04-14T14:45:23.641+0000] {dagbag.py:540} INFO - Filling up the DagBag from /home/airflow/.local/lib/python3.8/site-packages/airflow/example_dags/example_external_task_marker_dag.py
[2024-04-14T14:45:23.652+0000] {processor.py:840} INFO - DAG(s) 'example_external_task_marker_parent', 'example_external_task_marker_child' retrieved from /home/airflow/.local/lib/python3.8/site-packages/airflow/example_dags/example_external_task_marker_dag.py
[2024-04-14T14:45:23.695+0000] {logging_mixin.py:188} INFO - [2024-04-14T14:45:23.695+0000] {dag.py:3047} INFO - Sync 2 DAGs
[2024-04-14T14:45:23.714+0000] {logging_mixin.py:188} INFO - [2024-04-14T14:45:23.714+0000] {dag.py:3834} INFO - Setting next_dagrun for example_external_task_marker_child to None, run_after=None
[2024-04-14T14:45:23.721+0000] {logging_mixin.py:188} INFO - [2024-04-14T14:45:23.721+0000] {dag.py:3834} INFO - Setting next_dagrun for example_external_task_marker_parent to None, run_after=None
[2024-04-14T14:45:23.756+0000] {processor.py:183} INFO - Processing /home/airflow/.local/lib/python3.8/site-packages/airflow/example_dags/example_external_task_marker_dag.py took 0.127 seconds
[2024-04-14T14:45:54.089+0000] {processor.py:161} INFO - Started process (PID=265) to work on /home/airflow/.local/lib/python3.8/site-packages/airflow/example_dags/example_external_task_marker_dag.py
[2024-04-14T14:45:54.091+0000] {processor.py:830} INFO - Processing file /home/airflow/.local/lib/python3.8/site-packages/airflow/example_dags/example_external_task_marker_dag.py for tasks to queue
[2024-04-14T14:45:54.092+0000] {logging_mixin.py:188} INFO - [2024-04-14T14:45:54.092+0000] {dagbag.py:540} INFO - Filling up the DagBag from /home/airflow/.local/lib/python3.8/site-packages/airflow/example_dags/example_external_task_marker_dag.py
[2024-04-14T14:45:54.102+0000] {processor.py:840} INFO - DAG(s) 'example_external_task_marker_parent', 'example_external_task_marker_child' retrieved from /home/airflow/.local/lib/python3.8/site-packages/airflow/example_dags/example_external_task_marker_dag.py
[2024-04-14T14:45:54.150+0000] {logging_mixin.py:188} INFO - [2024-04-14T14:45:54.149+0000] {dag.py:3047} INFO - Sync 2 DAGs
[2024-04-14T14:45:54.170+0000] {logging_mixin.py:188} INFO - [2024-04-14T14:45:54.170+0000] {dag.py:3834} INFO - Setting next_dagrun for example_external_task_marker_child to None, run_after=None
[2024-04-14T14:45:54.185+0000] {logging_mixin.py:188} INFO - [2024-04-14T14:45:54.185+0000] {dag.py:3834} INFO - Setting next_dagrun for example_external_task_marker_parent to None, run_after=None
[2024-04-14T14:45:54.230+0000] {processor.py:183} INFO - Processing /home/airflow/.local/lib/python3.8/site-packages/airflow/example_dags/example_external_task_marker_dag.py took 0.148 seconds
[2024-04-14T14:46:24.871+0000] {processor.py:161} INFO - Started process (PID=324) to work on /home/airflow/.local/lib/python3.8/site-packages/airflow/example_dags/example_external_task_marker_dag.py
[2024-04-14T14:46:24.872+0000] {processor.py:830} INFO - Processing file /home/airflow/.local/lib/python3.8/site-packages/airflow/example_dags/example_external_task_marker_dag.py for tasks to queue
[2024-04-14T14:46:24.874+0000] {logging_mixin.py:188} INFO - [2024-04-14T14:46:24.873+0000] {dagbag.py:540} INFO - Filling up the DagBag from /home/airflow/.local/lib/python3.8/site-packages/airflow/example_dags/example_external_task_marker_dag.py
[2024-04-14T14:46:24.880+0000] {processor.py:840} INFO - DAG(s) 'example_external_task_marker_parent', 'example_external_task_marker_child' retrieved from /home/airflow/.local/lib/python3.8/site-packages/airflow/example_dags/example_external_task_marker_dag.py
[2024-04-14T14:46:24.907+0000] {logging_mixin.py:188} INFO - [2024-04-14T14:46:24.907+0000] {dag.py:3047} INFO - Sync 2 DAGs
[2024-04-14T14:46:24.921+0000] {logging_mixin.py:188} INFO - [2024-04-14T14:46:24.921+0000] {dag.py:3834} INFO - Setting next_dagrun for example_external_task_marker_child to None, run_after=None
[2024-04-14T14:46:24.925+0000] {logging_mixin.py:188} INFO - [2024-04-14T14:46:24.925+0000] {dag.py:3834} INFO - Setting next_dagrun for example_external_task_marker_parent to None, run_after=None
[2024-04-14T14:46:24.945+0000] {processor.py:183} INFO - Processing /home/airflow/.local/lib/python3.8/site-packages/airflow/example_dags/example_external_task_marker_dag.py took 0.078 seconds
[2024-04-14T14:46:55.741+0000] {processor.py:161} INFO - Started process (PID=383) to work on /home/airflow/.local/lib/python3.8/site-packages/airflow/example_dags/example_external_task_marker_dag.py
[2024-04-14T14:46:55.743+0000] {processor.py:830} INFO - Processing file /home/airflow/.local/lib/python3.8/site-packages/airflow/example_dags/example_external_task_marker_dag.py for tasks to queue
[2024-04-14T14:46:55.744+0000] {logging_mixin.py:188} INFO - [2024-04-14T14:46:55.744+0000] {dagbag.py:540} INFO - Filling up the DagBag from /home/airflow/.local/lib/python3.8/site-packages/airflow/example_dags/example_external_task_marker_dag.py
[2024-04-14T14:46:55.750+0000] {processor.py:840} INFO - DAG(s) 'example_external_task_marker_parent', 'example_external_task_marker_child' retrieved from /home/airflow/.local/lib/python3.8/site-packages/airflow/example_dags/example_external_task_marker_dag.py
[2024-04-14T14:46:55.774+0000] {logging_mixin.py:188} INFO - [2024-04-14T14:46:55.774+0000] {dag.py:3047} INFO - Sync 2 DAGs
[2024-04-14T14:46:55.785+0000] {logging_mixin.py:188} INFO - [2024-04-14T14:46:55.785+0000] {dag.py:3834} INFO - Setting next_dagrun for example_external_task_marker_child to None, run_after=None
[2024-04-14T14:46:55.789+0000] {logging_mixin.py:188} INFO - [2024-04-14T14:46:55.788+0000] {dag.py:3834} INFO - Setting next_dagrun for example_external_task_marker_parent to None, run_after=None
[2024-04-14T14:46:55.805+0000] {processor.py:183} INFO - Processing /home/airflow/.local/lib/python3.8/site-packages/airflow/example_dags/example_external_task_marker_dag.py took 0.067 seconds
[2024-04-14T14:47:25.900+0000] {processor.py:161} INFO - Started process (PID=443) to work on /home/airflow/.local/lib/python3.8/site-packages/airflow/example_dags/example_external_task_marker_dag.py
[2024-04-14T14:47:25.902+0000] {processor.py:830} INFO - Processing file /home/airflow/.local/lib/python3.8/site-packages/airflow/example_dags/example_external_task_marker_dag.py for tasks to queue
[2024-04-14T14:47:25.903+0000] {logging_mixin.py:188} INFO - [2024-04-14T14:47:25.903+0000] {dagbag.py:540} INFO - Filling up the DagBag from /home/airflow/.local/lib/python3.8/site-packages/airflow/example_dags/example_external_task_marker_dag.py
[2024-04-14T14:47:25.910+0000] {processor.py:840} INFO - DAG(s) 'example_external_task_marker_parent', 'example_external_task_marker_child' retrieved from /home/airflow/.local/lib/python3.8/site-packages/airflow/example_dags/example_external_task_marker_dag.py
[2024-04-14T14:47:25.935+0000] {logging_mixin.py:188} INFO - [2024-04-14T14:47:25.935+0000] {dag.py:3047} INFO - Sync 2 DAGs
[2024-04-14T14:47:25.948+0000] {logging_mixin.py:188} INFO - [2024-04-14T14:47:25.948+0000] {dag.py:3834} INFO - Setting next_dagrun for example_external_task_marker_child to None, run_after=None
[2024-04-14T14:47:25.952+0000] {logging_mixin.py:188} INFO - [2024-04-14T14:47:25.952+0000] {dag.py:3834} INFO - Setting next_dagrun for example_external_task_marker_parent to None, run_after=None
[2024-04-14T14:47:25.969+0000] {processor.py:183} INFO - Processing /home/airflow/.local/lib/python3.8/site-packages/airflow/example_dags/example_external_task_marker_dag.py took 0.072 seconds
[2024-04-14T14:47:56.769+0000] {processor.py:161} INFO - Started process (PID=502) to work on /home/airflow/.local/lib/python3.8/site-packages/airflow/example_dags/example_external_task_marker_dag.py
[2024-04-14T14:47:56.770+0000] {processor.py:830} INFO - Processing file /home/airflow/.local/lib/python3.8/site-packages/airflow/example_dags/example_external_task_marker_dag.py for tasks to queue
[2024-04-14T14:47:56.771+0000] {logging_mixin.py:188} INFO - [2024-04-14T14:47:56.771+0000] {dagbag.py:540} INFO - Filling up the DagBag from /home/airflow/.local/lib/python3.8/site-packages/airflow/example_dags/example_external_task_marker_dag.py
[2024-04-14T14:47:56.778+0000] {processor.py:840} INFO - DAG(s) 'example_external_task_marker_parent', 'example_external_task_marker_child' retrieved from /home/airflow/.local/lib/python3.8/site-packages/airflow/example_dags/example_external_task_marker_dag.py
[2024-04-14T14:47:56.804+0000] {logging_mixin.py:188} INFO - [2024-04-14T14:47:56.804+0000] {dag.py:3047} INFO - Sync 2 DAGs
[2024-04-14T14:47:56.816+0000] {logging_mixin.py:188} INFO - [2024-04-14T14:47:56.816+0000] {dag.py:3834} INFO - Setting next_dagrun for example_external_task_marker_child to None, run_after=None
[2024-04-14T14:47:56.820+0000] {logging_mixin.py:188} INFO - [2024-04-14T14:47:56.820+0000] {dag.py:3834} INFO - Setting next_dagrun for example_external_task_marker_parent to None, run_after=None
[2024-04-14T14:47:56.835+0000] {processor.py:183} INFO - Processing /home/airflow/.local/lib/python3.8/site-packages/airflow/example_dags/example_external_task_marker_dag.py took 0.069 seconds
[2024-04-14T14:48:26.915+0000] {processor.py:161} INFO - Started process (PID=561) to work on /home/airflow/.local/lib/python3.8/site-packages/airflow/example_dags/example_external_task_marker_dag.py
[2024-04-14T14:48:26.917+0000] {processor.py:830} INFO - Processing file /home/airflow/.local/lib/python3.8/site-packages/airflow/example_dags/example_external_task_marker_dag.py for tasks to queue
[2024-04-14T14:48:26.918+0000] {logging_mixin.py:188} INFO - [2024-04-14T14:48:26.917+0000] {dagbag.py:540} INFO - Filling up the DagBag from /home/airflow/.local/lib/python3.8/site-packages/airflow/example_dags/example_external_task_marker_dag.py
[2024-04-14T14:48:26.923+0000] {processor.py:840} INFO - DAG(s) 'example_external_task_marker_child', 'example_external_task_marker_parent' retrieved from /home/airflow/.local/lib/python3.8/site-packages/airflow/example_dags/example_external_task_marker_dag.py
[2024-04-14T14:48:26.943+0000] {logging_mixin.py:188} INFO - [2024-04-14T14:48:26.942+0000] {dag.py:3047} INFO - Sync 2 DAGs
[2024-04-14T14:48:26.954+0000] {logging_mixin.py:188} INFO - [2024-04-14T14:48:26.954+0000] {dag.py:3834} INFO - Setting next_dagrun for example_external_task_marker_child to None, run_after=None
[2024-04-14T14:48:26.958+0000] {logging_mixin.py:188} INFO - [2024-04-14T14:48:26.958+0000] {dag.py:3834} INFO - Setting next_dagrun for example_external_task_marker_parent to None, run_after=None
[2024-04-14T14:48:26.974+0000] {processor.py:183} INFO - Processing /home/airflow/.local/lib/python3.8/site-packages/airflow/example_dags/example_external_task_marker_dag.py took 0.061 seconds
[2024-04-14T14:48:57.576+0000] {processor.py:161} INFO - Started process (PID=620) to work on /home/airflow/.local/lib/python3.8/site-packages/airflow/example_dags/example_external_task_marker_dag.py
[2024-04-14T14:48:57.577+0000] {processor.py:830} INFO - Processing file /home/airflow/.local/lib/python3.8/site-packages/airflow/example_dags/example_external_task_marker_dag.py for tasks to queue
[2024-04-14T14:48:57.578+0000] {logging_mixin.py:188} INFO - [2024-04-14T14:48:57.578+0000] {dagbag.py:540} INFO - Filling up the DagBag from /home/airflow/.local/lib/python3.8/site-packages/airflow/example_dags/example_external_task_marker_dag.py
[2024-04-14T14:48:57.583+0000] {processor.py:840} INFO - DAG(s) 'example_external_task_marker_parent', 'example_external_task_marker_child' retrieved from /home/airflow/.local/lib/python3.8/site-packages/airflow/example_dags/example_external_task_marker_dag.py
[2024-04-14T14:48:57.605+0000] {logging_mixin.py:188} INFO - [2024-04-14T14:48:57.605+0000] {dag.py:3047} INFO - Sync 2 DAGs
[2024-04-14T14:48:57.618+0000] {logging_mixin.py:188} INFO - [2024-04-14T14:48:57.618+0000] {dag.py:3834} INFO - Setting next_dagrun for example_external_task_marker_child to None, run_after=None
[2024-04-14T14:48:57.621+0000] {logging_mixin.py:188} INFO - [2024-04-14T14:48:57.621+0000] {dag.py:3834} INFO - Setting next_dagrun for example_external_task_marker_parent to None, run_after=None
[2024-04-14T14:48:57.639+0000] {processor.py:183} INFO - Processing /home/airflow/.local/lib/python3.8/site-packages/airflow/example_dags/example_external_task_marker_dag.py took 0.066 seconds
[2024-04-14T14:49:27.965+0000] {processor.py:161} INFO - Started process (PID=679) to work on /home/airflow/.local/lib/python3.8/site-packages/airflow/example_dags/example_external_task_marker_dag.py
[2024-04-14T14:49:27.967+0000] {processor.py:830} INFO - Processing file /home/airflow/.local/lib/python3.8/site-packages/airflow/example_dags/example_external_task_marker_dag.py for tasks to queue
[2024-04-14T14:49:27.968+0000] {logging_mixin.py:188} INFO - [2024-04-14T14:49:27.968+0000] {dagbag.py:540} INFO - Filling up the DagBag from /home/airflow/.local/lib/python3.8/site-packages/airflow/example_dags/example_external_task_marker_dag.py
[2024-04-14T14:49:27.976+0000] {processor.py:840} INFO - DAG(s) 'example_external_task_marker_parent', 'example_external_task_marker_child' retrieved from /home/airflow/.local/lib/python3.8/site-packages/airflow/example_dags/example_external_task_marker_dag.py
[2024-04-14T14:49:28.004+0000] {logging_mixin.py:188} INFO - [2024-04-14T14:49:28.004+0000] {dag.py:3047} INFO - Sync 2 DAGs
[2024-04-14T14:49:28.019+0000] {logging_mixin.py:188} INFO - [2024-04-14T14:49:28.018+0000] {dag.py:3834} INFO - Setting next_dagrun for example_external_task_marker_child to None, run_after=None
[2024-04-14T14:49:28.024+0000] {logging_mixin.py:188} INFO - [2024-04-14T14:49:28.023+0000] {dag.py:3834} INFO - Setting next_dagrun for example_external_task_marker_parent to None, run_after=None
[2024-04-14T14:49:28.048+0000] {processor.py:183} INFO - Processing /home/airflow/.local/lib/python3.8/site-packages/airflow/example_dags/example_external_task_marker_dag.py took 0.087 seconds
[2024-04-14T14:49:58.168+0000] {processor.py:161} INFO - Started process (PID=738) to work on /home/airflow/.local/lib/python3.8/site-packages/airflow/example_dags/example_external_task_marker_dag.py
[2024-04-14T14:49:58.169+0000] {processor.py:830} INFO - Processing file /home/airflow/.local/lib/python3.8/site-packages/airflow/example_dags/example_external_task_marker_dag.py for tasks to queue
[2024-04-14T14:49:58.170+0000] {logging_mixin.py:188} INFO - [2024-04-14T14:49:58.170+0000] {dagbag.py:540} INFO - Filling up the DagBag from /home/airflow/.local/lib/python3.8/site-packages/airflow/example_dags/example_external_task_marker_dag.py
[2024-04-14T14:49:58.179+0000] {processor.py:840} INFO - DAG(s) 'example_external_task_marker_parent', 'example_external_task_marker_child' retrieved from /home/airflow/.local/lib/python3.8/site-packages/airflow/example_dags/example_external_task_marker_dag.py
[2024-04-14T14:49:58.204+0000] {logging_mixin.py:188} INFO - [2024-04-14T14:49:58.204+0000] {dag.py:3047} INFO - Sync 2 DAGs
[2024-04-14T14:49:58.223+0000] {logging_mixin.py:188} INFO - [2024-04-14T14:49:58.223+0000] {dag.py:3834} INFO - Setting next_dagrun for example_external_task_marker_child to None, run_after=None
[2024-04-14T14:49:58.227+0000] {logging_mixin.py:188} INFO - [2024-04-14T14:49:58.227+0000] {dag.py:3834} INFO - Setting next_dagrun for example_external_task_marker_parent to None, run_after=None
[2024-04-14T14:49:58.249+0000] {processor.py:183} INFO - Processing /home/airflow/.local/lib/python3.8/site-packages/airflow/example_dags/example_external_task_marker_dag.py took 0.083 seconds
[2024-04-14T14:50:28.835+0000] {processor.py:161} INFO - Started process (PID=797) to work on /home/airflow/.local/lib/python3.8/site-packages/airflow/example_dags/example_external_task_marker_dag.py
[2024-04-14T14:50:28.836+0000] {processor.py:830} INFO - Processing file /home/airflow/.local/lib/python3.8/site-packages/airflow/example_dags/example_external_task_marker_dag.py for tasks to queue
[2024-04-14T14:50:28.837+0000] {logging_mixin.py:188} INFO - [2024-04-14T14:50:28.837+0000] {dagbag.py:540} INFO - Filling up the DagBag from /home/airflow/.local/lib/python3.8/site-packages/airflow/example_dags/example_external_task_marker_dag.py
[2024-04-14T14:50:28.845+0000] {processor.py:840} INFO - DAG(s) 'example_external_task_marker_child', 'example_external_task_marker_parent' retrieved from /home/airflow/.local/lib/python3.8/site-packages/airflow/example_dags/example_external_task_marker_dag.py
[2024-04-14T14:50:28.871+0000] {logging_mixin.py:188} INFO - [2024-04-14T14:50:28.870+0000] {dag.py:3047} INFO - Sync 2 DAGs
[2024-04-14T14:50:28.887+0000] {logging_mixin.py:188} INFO - [2024-04-14T14:50:28.886+0000] {dag.py:3834} INFO - Setting next_dagrun for example_external_task_marker_child to None, run_after=None
[2024-04-14T14:50:28.893+0000] {logging_mixin.py:188} INFO - [2024-04-14T14:50:28.893+0000] {dag.py:3834} INFO - Setting next_dagrun for example_external_task_marker_parent to None, run_after=None
[2024-04-14T14:50:28.917+0000] {processor.py:183} INFO - Processing /home/airflow/.local/lib/python3.8/site-packages/airflow/example_dags/example_external_task_marker_dag.py took 0.085 seconds
[2024-04-14T14:50:59.045+0000] {processor.py:161} INFO - Started process (PID=857) to work on /home/airflow/.local/lib/python3.8/site-packages/airflow/example_dags/example_external_task_marker_dag.py
[2024-04-14T14:50:59.047+0000] {processor.py:830} INFO - Processing file /home/airflow/.local/lib/python3.8/site-packages/airflow/example_dags/example_external_task_marker_dag.py for tasks to queue
[2024-04-14T14:50:59.048+0000] {logging_mixin.py:188} INFO - [2024-04-14T14:50:59.048+0000] {dagbag.py:540} INFO - Filling up the DagBag from /home/airflow/.local/lib/python3.8/site-packages/airflow/example_dags/example_external_task_marker_dag.py
[2024-04-14T14:50:59.053+0000] {processor.py:840} INFO - DAG(s) 'example_external_task_marker_parent', 'example_external_task_marker_child' retrieved from /home/airflow/.local/lib/python3.8/site-packages/airflow/example_dags/example_external_task_marker_dag.py
[2024-04-14T14:50:59.079+0000] {logging_mixin.py:188} INFO - [2024-04-14T14:50:59.079+0000] {dag.py:3047} INFO - Sync 2 DAGs
[2024-04-14T14:50:59.095+0000] {logging_mixin.py:188} INFO - [2024-04-14T14:50:59.094+0000] {dag.py:3834} INFO - Setting next_dagrun for example_external_task_marker_child to None, run_after=None
[2024-04-14T14:50:59.103+0000] {logging_mixin.py:188} INFO - [2024-04-14T14:50:59.102+0000] {dag.py:3834} INFO - Setting next_dagrun for example_external_task_marker_parent to None, run_after=None
[2024-04-14T14:50:59.129+0000] {processor.py:183} INFO - Processing /home/airflow/.local/lib/python3.8/site-packages/airflow/example_dags/example_external_task_marker_dag.py took 0.088 seconds
[2024-04-14T14:51:29.182+0000] {processor.py:161} INFO - Started process (PID=915) to work on /home/airflow/.local/lib/python3.8/site-packages/airflow/example_dags/example_external_task_marker_dag.py
[2024-04-14T14:51:29.183+0000] {processor.py:830} INFO - Processing file /home/airflow/.local/lib/python3.8/site-packages/airflow/example_dags/example_external_task_marker_dag.py for tasks to queue
[2024-04-14T14:51:29.184+0000] {logging_mixin.py:188} INFO - [2024-04-14T14:51:29.184+0000] {dagbag.py:540} INFO - Filling up the DagBag from /home/airflow/.local/lib/python3.8/site-packages/airflow/example_dags/example_external_task_marker_dag.py
[2024-04-14T14:51:29.190+0000] {processor.py:840} INFO - DAG(s) 'example_external_task_marker_child', 'example_external_task_marker_parent' retrieved from /home/airflow/.local/lib/python3.8/site-packages/airflow/example_dags/example_external_task_marker_dag.py
[2024-04-14T14:51:29.227+0000] {logging_mixin.py:188} INFO - [2024-04-14T14:51:29.226+0000] {dag.py:3047} INFO - Sync 2 DAGs
[2024-04-14T14:51:29.249+0000] {logging_mixin.py:188} INFO - [2024-04-14T14:51:29.249+0000] {dag.py:3834} INFO - Setting next_dagrun for example_external_task_marker_child to None, run_after=None
[2024-04-14T14:51:29.253+0000] {logging_mixin.py:188} INFO - [2024-04-14T14:51:29.253+0000] {dag.py:3834} INFO - Setting next_dagrun for example_external_task_marker_parent to None, run_after=None
[2024-04-14T14:51:29.272+0000] {processor.py:183} INFO - Processing /home/airflow/.local/lib/python3.8/site-packages/airflow/example_dags/example_external_task_marker_dag.py took 0.093 seconds
[2024-04-14T14:51:59.726+0000] {processor.py:161} INFO - Started process (PID=981) to work on /home/airflow/.local/lib/python3.8/site-packages/airflow/example_dags/example_external_task_marker_dag.py
[2024-04-14T14:51:59.728+0000] {processor.py:830} INFO - Processing file /home/airflow/.local/lib/python3.8/site-packages/airflow/example_dags/example_external_task_marker_dag.py for tasks to queue
[2024-04-14T14:51:59.729+0000] {logging_mixin.py:188} INFO - [2024-04-14T14:51:59.729+0000] {dagbag.py:540} INFO - Filling up the DagBag from /home/airflow/.local/lib/python3.8/site-packages/airflow/example_dags/example_external_task_marker_dag.py
[2024-04-14T14:51:59.740+0000] {processor.py:840} INFO - DAG(s) 'example_external_task_marker_parent', 'example_external_task_marker_child' retrieved from /home/airflow/.local/lib/python3.8/site-packages/airflow/example_dags/example_external_task_marker_dag.py
[2024-04-14T14:51:59.771+0000] {logging_mixin.py:188} INFO - [2024-04-14T14:51:59.771+0000] {dag.py:3047} INFO - Sync 2 DAGs
[2024-04-14T14:51:59.788+0000] {logging_mixin.py:188} INFO - [2024-04-14T14:51:59.787+0000] {dag.py:3834} INFO - Setting next_dagrun for example_external_task_marker_child to None, run_after=None
[2024-04-14T14:51:59.792+0000] {logging_mixin.py:188} INFO - [2024-04-14T14:51:59.792+0000] {dag.py:3834} INFO - Setting next_dagrun for example_external_task_marker_parent to None, run_after=None
[2024-04-14T14:51:59.816+0000] {processor.py:183} INFO - Processing /home/airflow/.local/lib/python3.8/site-packages/airflow/example_dags/example_external_task_marker_dag.py took 0.097 seconds
[2024-04-14T14:52:30.141+0000] {processor.py:161} INFO - Started process (PID=1041) to work on /home/airflow/.local/lib/python3.8/site-packages/airflow/example_dags/example_external_task_marker_dag.py
[2024-04-14T14:52:30.143+0000] {processor.py:830} INFO - Processing file /home/airflow/.local/lib/python3.8/site-packages/airflow/example_dags/example_external_task_marker_dag.py for tasks to queue
[2024-04-14T14:52:30.144+0000] {logging_mixin.py:188} INFO - [2024-04-14T14:52:30.144+0000] {dagbag.py:540} INFO - Filling up the DagBag from /home/airflow/.local/lib/python3.8/site-packages/airflow/example_dags/example_external_task_marker_dag.py
[2024-04-14T14:52:30.150+0000] {processor.py:840} INFO - DAG(s) 'example_external_task_marker_child', 'example_external_task_marker_parent' retrieved from /home/airflow/.local/lib/python3.8/site-packages/airflow/example_dags/example_external_task_marker_dag.py
[2024-04-14T14:52:30.170+0000] {logging_mixin.py:188} INFO - [2024-04-14T14:52:30.169+0000] {dag.py:3047} INFO - Sync 2 DAGs
[2024-04-14T14:52:30.181+0000] {logging_mixin.py:188} INFO - [2024-04-14T14:52:30.181+0000] {dag.py:3834} INFO - Setting next_dagrun for example_external_task_marker_child to None, run_after=None
[2024-04-14T14:52:30.185+0000] {logging_mixin.py:188} INFO - [2024-04-14T14:52:30.184+0000] {dag.py:3834} INFO - Setting next_dagrun for example_external_task_marker_parent to None, run_after=None
[2024-04-14T14:52:30.199+0000] {processor.py:183} INFO - Processing /home/airflow/.local/lib/python3.8/site-packages/airflow/example_dags/example_external_task_marker_dag.py took 0.061 seconds
[2024-04-14T14:53:01.080+0000] {processor.py:161} INFO - Started process (PID=1100) to work on /home/airflow/.local/lib/python3.8/site-packages/airflow/example_dags/example_external_task_marker_dag.py
[2024-04-14T14:53:01.081+0000] {processor.py:830} INFO - Processing file /home/airflow/.local/lib/python3.8/site-packages/airflow/example_dags/example_external_task_marker_dag.py for tasks to queue
[2024-04-14T14:53:01.082+0000] {logging_mixin.py:188} INFO - [2024-04-14T14:53:01.082+0000] {dagbag.py:540} INFO - Filling up the DagBag from /home/airflow/.local/lib/python3.8/site-packages/airflow/example_dags/example_external_task_marker_dag.py
[2024-04-14T14:53:01.088+0000] {processor.py:840} INFO - DAG(s) 'example_external_task_marker_parent', 'example_external_task_marker_child' retrieved from /home/airflow/.local/lib/python3.8/site-packages/airflow/example_dags/example_external_task_marker_dag.py
[2024-04-14T14:53:01.112+0000] {logging_mixin.py:188} INFO - [2024-04-14T14:53:01.111+0000] {dag.py:3047} INFO - Sync 2 DAGs
[2024-04-14T14:53:01.123+0000] {logging_mixin.py:188} INFO - [2024-04-14T14:53:01.123+0000] {dag.py:3834} INFO - Setting next_dagrun for example_external_task_marker_child to None, run_after=None
[2024-04-14T14:53:01.127+0000] {logging_mixin.py:188} INFO - [2024-04-14T14:53:01.126+0000] {dag.py:3834} INFO - Setting next_dagrun for example_external_task_marker_parent to None, run_after=None
[2024-04-14T14:53:01.140+0000] {processor.py:183} INFO - Processing /home/airflow/.local/lib/python3.8/site-packages/airflow/example_dags/example_external_task_marker_dag.py took 0.063 seconds
