[2024-04-14T14:44:18.953+0000] {processor.py:161} INFO - Started process (PID=60) to work on /home/airflow/.local/lib/python3.8/site-packages/airflow/example_dags/example_local_kubernetes_executor.py
[2024-04-14T14:44:18.957+0000] {processor.py:830} INFO - Processing file /home/airflow/.local/lib/python3.8/site-packages/airflow/example_dags/example_local_kubernetes_executor.py for tasks to queue
[2024-04-14T14:44:18.962+0000] {logging_mixin.py:188} INFO - [2024-04-14T14:44:18.962+0000] {dagbag.py:540} INFO - Filling up the DagBag from /home/airflow/.local/lib/python3.8/site-packages/airflow/example_dags/example_local_kubernetes_executor.py
[2024-04-14T14:44:18.994+0000] {processor.py:840} INFO - DAG(s) 'example_local_kubernetes_executor' retrieved from /home/airflow/.local/lib/python3.8/site-packages/airflow/example_dags/example_local_kubernetes_executor.py
[2024-04-14T14:44:19.081+0000] {logging_mixin.py:188} INFO - [2024-04-14T14:44:19.081+0000] {dag.py:3047} INFO - Sync 1 DAGs
[2024-04-14T14:44:19.103+0000] {logging_mixin.py:188} INFO - [2024-04-14T14:44:19.102+0000] {dag.py:3834} INFO - Setting next_dagrun for example_local_kubernetes_executor to None, run_after=None
[2024-04-14T14:44:19.160+0000] {processor.py:183} INFO - Processing /home/airflow/.local/lib/python3.8/site-packages/airflow/example_dags/example_local_kubernetes_executor.py took 0.213 seconds
[2024-04-14T14:44:49.699+0000] {processor.py:161} INFO - Started process (PID=132) to work on /home/airflow/.local/lib/python3.8/site-packages/airflow/example_dags/example_local_kubernetes_executor.py
[2024-04-14T14:44:49.703+0000] {processor.py:830} INFO - Processing file /home/airflow/.local/lib/python3.8/site-packages/airflow/example_dags/example_local_kubernetes_executor.py for tasks to queue
[2024-04-14T14:44:49.705+0000] {logging_mixin.py:188} INFO - [2024-04-14T14:44:49.705+0000] {dagbag.py:540} INFO - Filling up the DagBag from /home/airflow/.local/lib/python3.8/site-packages/airflow/example_dags/example_local_kubernetes_executor.py
[2024-04-14T14:44:49.718+0000] {processor.py:840} INFO - DAG(s) 'example_local_kubernetes_executor' retrieved from /home/airflow/.local/lib/python3.8/site-packages/airflow/example_dags/example_local_kubernetes_executor.py
[2024-04-14T14:44:49.764+0000] {logging_mixin.py:188} INFO - [2024-04-14T14:44:49.763+0000] {dag.py:3047} INFO - Sync 1 DAGs
[2024-04-14T14:44:49.779+0000] {logging_mixin.py:188} INFO - [2024-04-14T14:44:49.779+0000] {dag.py:3834} INFO - Setting next_dagrun for example_local_kubernetes_executor to None, run_after=None
[2024-04-14T14:44:49.813+0000] {processor.py:183} INFO - Processing /home/airflow/.local/lib/python3.8/site-packages/airflow/example_dags/example_local_kubernetes_executor.py took 0.119 seconds
[2024-04-14T14:45:20.425+0000] {processor.py:161} INFO - Started process (PID=191) to work on /home/airflow/.local/lib/python3.8/site-packages/airflow/example_dags/example_local_kubernetes_executor.py
[2024-04-14T14:45:20.427+0000] {processor.py:830} INFO - Processing file /home/airflow/.local/lib/python3.8/site-packages/airflow/example_dags/example_local_kubernetes_executor.py for tasks to queue
[2024-04-14T14:45:20.431+0000] {logging_mixin.py:188} INFO - [2024-04-14T14:45:20.429+0000] {dagbag.py:540} INFO - Filling up the DagBag from /home/airflow/.local/lib/python3.8/site-packages/airflow/example_dags/example_local_kubernetes_executor.py
[2024-04-14T14:45:20.445+0000] {processor.py:840} INFO - DAG(s) 'example_local_kubernetes_executor' retrieved from /home/airflow/.local/lib/python3.8/site-packages/airflow/example_dags/example_local_kubernetes_executor.py
[2024-04-14T14:45:20.488+0000] {logging_mixin.py:188} INFO - [2024-04-14T14:45:20.488+0000] {dag.py:3047} INFO - Sync 1 DAGs
[2024-04-14T14:45:20.502+0000] {logging_mixin.py:188} INFO - [2024-04-14T14:45:20.502+0000] {dag.py:3834} INFO - Setting next_dagrun for example_local_kubernetes_executor to None, run_after=None
[2024-04-14T14:45:20.527+0000] {processor.py:183} INFO - Processing /home/airflow/.local/lib/python3.8/site-packages/airflow/example_dags/example_local_kubernetes_executor.py took 0.108 seconds
[2024-04-14T14:45:50.741+0000] {processor.py:161} INFO - Started process (PID=250) to work on /home/airflow/.local/lib/python3.8/site-packages/airflow/example_dags/example_local_kubernetes_executor.py
[2024-04-14T14:45:50.744+0000] {processor.py:830} INFO - Processing file /home/airflow/.local/lib/python3.8/site-packages/airflow/example_dags/example_local_kubernetes_executor.py for tasks to queue
[2024-04-14T14:45:50.749+0000] {logging_mixin.py:188} INFO - [2024-04-14T14:45:50.748+0000] {dagbag.py:540} INFO - Filling up the DagBag from /home/airflow/.local/lib/python3.8/site-packages/airflow/example_dags/example_local_kubernetes_executor.py
[2024-04-14T14:45:50.761+0000] {processor.py:840} INFO - DAG(s) 'example_local_kubernetes_executor' retrieved from /home/airflow/.local/lib/python3.8/site-packages/airflow/example_dags/example_local_kubernetes_executor.py
[2024-04-14T14:45:50.805+0000] {logging_mixin.py:188} INFO - [2024-04-14T14:45:50.805+0000] {dag.py:3047} INFO - Sync 1 DAGs
[2024-04-14T14:45:50.819+0000] {logging_mixin.py:188} INFO - [2024-04-14T14:45:50.819+0000] {dag.py:3834} INFO - Setting next_dagrun for example_local_kubernetes_executor to None, run_after=None
[2024-04-14T14:45:50.853+0000] {processor.py:183} INFO - Processing /home/airflow/.local/lib/python3.8/site-packages/airflow/example_dags/example_local_kubernetes_executor.py took 0.116 seconds
[2024-04-14T14:46:21.015+0000] {processor.py:161} INFO - Started process (PID=309) to work on /home/airflow/.local/lib/python3.8/site-packages/airflow/example_dags/example_local_kubernetes_executor.py
[2024-04-14T14:46:21.016+0000] {processor.py:830} INFO - Processing file /home/airflow/.local/lib/python3.8/site-packages/airflow/example_dags/example_local_kubernetes_executor.py for tasks to queue
[2024-04-14T14:46:21.018+0000] {logging_mixin.py:188} INFO - [2024-04-14T14:46:21.017+0000] {dagbag.py:540} INFO - Filling up the DagBag from /home/airflow/.local/lib/python3.8/site-packages/airflow/example_dags/example_local_kubernetes_executor.py
[2024-04-14T14:46:21.025+0000] {processor.py:840} INFO - DAG(s) 'example_local_kubernetes_executor' retrieved from /home/airflow/.local/lib/python3.8/site-packages/airflow/example_dags/example_local_kubernetes_executor.py
[2024-04-14T14:46:21.057+0000] {logging_mixin.py:188} INFO - [2024-04-14T14:46:21.057+0000] {dag.py:3047} INFO - Sync 1 DAGs
[2024-04-14T14:46:21.068+0000] {logging_mixin.py:188} INFO - [2024-04-14T14:46:21.068+0000] {dag.py:3834} INFO - Setting next_dagrun for example_local_kubernetes_executor to None, run_after=None
[2024-04-14T14:46:21.086+0000] {processor.py:183} INFO - Processing /home/airflow/.local/lib/python3.8/site-packages/airflow/example_dags/example_local_kubernetes_executor.py took 0.074 seconds
[2024-04-14T14:46:51.720+0000] {processor.py:161} INFO - Started process (PID=368) to work on /home/airflow/.local/lib/python3.8/site-packages/airflow/example_dags/example_local_kubernetes_executor.py
[2024-04-14T14:46:51.722+0000] {processor.py:830} INFO - Processing file /home/airflow/.local/lib/python3.8/site-packages/airflow/example_dags/example_local_kubernetes_executor.py for tasks to queue
[2024-04-14T14:46:51.723+0000] {logging_mixin.py:188} INFO - [2024-04-14T14:46:51.722+0000] {dagbag.py:540} INFO - Filling up the DagBag from /home/airflow/.local/lib/python3.8/site-packages/airflow/example_dags/example_local_kubernetes_executor.py
[2024-04-14T14:46:51.731+0000] {processor.py:840} INFO - DAG(s) 'example_local_kubernetes_executor' retrieved from /home/airflow/.local/lib/python3.8/site-packages/airflow/example_dags/example_local_kubernetes_executor.py
[2024-04-14T14:46:51.765+0000] {logging_mixin.py:188} INFO - [2024-04-14T14:46:51.765+0000] {dag.py:3047} INFO - Sync 1 DAGs
[2024-04-14T14:46:51.776+0000] {logging_mixin.py:188} INFO - [2024-04-14T14:46:51.776+0000] {dag.py:3834} INFO - Setting next_dagrun for example_local_kubernetes_executor to None, run_after=None
[2024-04-14T14:46:51.792+0000] {processor.py:183} INFO - Processing /home/airflow/.local/lib/python3.8/site-packages/airflow/example_dags/example_local_kubernetes_executor.py took 0.076 seconds
[2024-04-14T14:47:22.486+0000] {processor.py:161} INFO - Started process (PID=428) to work on /home/airflow/.local/lib/python3.8/site-packages/airflow/example_dags/example_local_kubernetes_executor.py
[2024-04-14T14:47:22.487+0000] {processor.py:830} INFO - Processing file /home/airflow/.local/lib/python3.8/site-packages/airflow/example_dags/example_local_kubernetes_executor.py for tasks to queue
[2024-04-14T14:47:22.488+0000] {logging_mixin.py:188} INFO - [2024-04-14T14:47:22.488+0000] {dagbag.py:540} INFO - Filling up the DagBag from /home/airflow/.local/lib/python3.8/site-packages/airflow/example_dags/example_local_kubernetes_executor.py
[2024-04-14T14:47:22.496+0000] {processor.py:840} INFO - DAG(s) 'example_local_kubernetes_executor' retrieved from /home/airflow/.local/lib/python3.8/site-packages/airflow/example_dags/example_local_kubernetes_executor.py
[2024-04-14T14:47:22.533+0000] {logging_mixin.py:188} INFO - [2024-04-14T14:47:22.531+0000] {dag.py:3047} INFO - Sync 1 DAGs
[2024-04-14T14:47:22.545+0000] {logging_mixin.py:188} INFO - [2024-04-14T14:47:22.545+0000] {dag.py:3834} INFO - Setting next_dagrun for example_local_kubernetes_executor to None, run_after=None
[2024-04-14T14:47:22.595+0000] {processor.py:183} INFO - Processing /home/airflow/.local/lib/python3.8/site-packages/airflow/example_dags/example_local_kubernetes_executor.py took 0.112 seconds
[2024-04-14T14:47:52.797+0000] {processor.py:161} INFO - Started process (PID=487) to work on /home/airflow/.local/lib/python3.8/site-packages/airflow/example_dags/example_local_kubernetes_executor.py
[2024-04-14T14:47:52.799+0000] {processor.py:830} INFO - Processing file /home/airflow/.local/lib/python3.8/site-packages/airflow/example_dags/example_local_kubernetes_executor.py for tasks to queue
[2024-04-14T14:47:52.800+0000] {logging_mixin.py:188} INFO - [2024-04-14T14:47:52.800+0000] {dagbag.py:540} INFO - Filling up the DagBag from /home/airflow/.local/lib/python3.8/site-packages/airflow/example_dags/example_local_kubernetes_executor.py
[2024-04-14T14:47:52.810+0000] {processor.py:840} INFO - DAG(s) 'example_local_kubernetes_executor' retrieved from /home/airflow/.local/lib/python3.8/site-packages/airflow/example_dags/example_local_kubernetes_executor.py
[2024-04-14T14:47:52.847+0000] {logging_mixin.py:188} INFO - [2024-04-14T14:47:52.846+0000] {dag.py:3047} INFO - Sync 1 DAGs
[2024-04-14T14:47:52.859+0000] {logging_mixin.py:188} INFO - [2024-04-14T14:47:52.859+0000] {dag.py:3834} INFO - Setting next_dagrun for example_local_kubernetes_executor to None, run_after=None
[2024-04-14T14:47:52.882+0000] {processor.py:183} INFO - Processing /home/airflow/.local/lib/python3.8/site-packages/airflow/example_dags/example_local_kubernetes_executor.py took 0.088 seconds
[2024-04-14T14:48:23.052+0000] {processor.py:161} INFO - Started process (PID=546) to work on /home/airflow/.local/lib/python3.8/site-packages/airflow/example_dags/example_local_kubernetes_executor.py
[2024-04-14T14:48:23.054+0000] {processor.py:830} INFO - Processing file /home/airflow/.local/lib/python3.8/site-packages/airflow/example_dags/example_local_kubernetes_executor.py for tasks to queue
[2024-04-14T14:48:23.055+0000] {logging_mixin.py:188} INFO - [2024-04-14T14:48:23.055+0000] {dagbag.py:540} INFO - Filling up the DagBag from /home/airflow/.local/lib/python3.8/site-packages/airflow/example_dags/example_local_kubernetes_executor.py
[2024-04-14T14:48:23.063+0000] {processor.py:840} INFO - DAG(s) 'example_local_kubernetes_executor' retrieved from /home/airflow/.local/lib/python3.8/site-packages/airflow/example_dags/example_local_kubernetes_executor.py
[2024-04-14T14:48:23.096+0000] {logging_mixin.py:188} INFO - [2024-04-14T14:48:23.096+0000] {dag.py:3047} INFO - Sync 1 DAGs
[2024-04-14T14:48:23.111+0000] {logging_mixin.py:188} INFO - [2024-04-14T14:48:23.111+0000] {dag.py:3834} INFO - Setting next_dagrun for example_local_kubernetes_executor to None, run_after=None
[2024-04-14T14:48:23.127+0000] {processor.py:183} INFO - Processing /home/airflow/.local/lib/python3.8/site-packages/airflow/example_dags/example_local_kubernetes_executor.py took 0.078 seconds
[2024-04-14T14:48:53.475+0000] {processor.py:161} INFO - Started process (PID=605) to work on /home/airflow/.local/lib/python3.8/site-packages/airflow/example_dags/example_local_kubernetes_executor.py
[2024-04-14T14:48:53.476+0000] {processor.py:830} INFO - Processing file /home/airflow/.local/lib/python3.8/site-packages/airflow/example_dags/example_local_kubernetes_executor.py for tasks to queue
[2024-04-14T14:48:53.478+0000] {logging_mixin.py:188} INFO - [2024-04-14T14:48:53.478+0000] {dagbag.py:540} INFO - Filling up the DagBag from /home/airflow/.local/lib/python3.8/site-packages/airflow/example_dags/example_local_kubernetes_executor.py
[2024-04-14T14:48:53.485+0000] {processor.py:840} INFO - DAG(s) 'example_local_kubernetes_executor' retrieved from /home/airflow/.local/lib/python3.8/site-packages/airflow/example_dags/example_local_kubernetes_executor.py
[2024-04-14T14:48:53.518+0000] {logging_mixin.py:188} INFO - [2024-04-14T14:48:53.518+0000] {dag.py:3047} INFO - Sync 1 DAGs
[2024-04-14T14:48:53.529+0000] {logging_mixin.py:188} INFO - [2024-04-14T14:48:53.529+0000] {dag.py:3834} INFO - Setting next_dagrun for example_local_kubernetes_executor to None, run_after=None
[2024-04-14T14:48:53.550+0000] {processor.py:183} INFO - Processing /home/airflow/.local/lib/python3.8/site-packages/airflow/example_dags/example_local_kubernetes_executor.py took 0.078 seconds
[2024-04-14T14:49:24.018+0000] {processor.py:161} INFO - Started process (PID=664) to work on /home/airflow/.local/lib/python3.8/site-packages/airflow/example_dags/example_local_kubernetes_executor.py
[2024-04-14T14:49:24.020+0000] {processor.py:830} INFO - Processing file /home/airflow/.local/lib/python3.8/site-packages/airflow/example_dags/example_local_kubernetes_executor.py for tasks to queue
[2024-04-14T14:49:24.021+0000] {logging_mixin.py:188} INFO - [2024-04-14T14:49:24.021+0000] {dagbag.py:540} INFO - Filling up the DagBag from /home/airflow/.local/lib/python3.8/site-packages/airflow/example_dags/example_local_kubernetes_executor.py
[2024-04-14T14:49:24.031+0000] {processor.py:840} INFO - DAG(s) 'example_local_kubernetes_executor' retrieved from /home/airflow/.local/lib/python3.8/site-packages/airflow/example_dags/example_local_kubernetes_executor.py
[2024-04-14T14:49:24.072+0000] {logging_mixin.py:188} INFO - [2024-04-14T14:49:24.072+0000] {dag.py:3047} INFO - Sync 1 DAGs
[2024-04-14T14:49:24.086+0000] {logging_mixin.py:188} INFO - [2024-04-14T14:49:24.086+0000] {dag.py:3834} INFO - Setting next_dagrun for example_local_kubernetes_executor to None, run_after=None
[2024-04-14T14:49:24.118+0000] {processor.py:183} INFO - Processing /home/airflow/.local/lib/python3.8/site-packages/airflow/example_dags/example_local_kubernetes_executor.py took 0.102 seconds
[2024-04-14T14:49:54.204+0000] {processor.py:161} INFO - Started process (PID=723) to work on /home/airflow/.local/lib/python3.8/site-packages/airflow/example_dags/example_local_kubernetes_executor.py
[2024-04-14T14:49:54.205+0000] {processor.py:830} INFO - Processing file /home/airflow/.local/lib/python3.8/site-packages/airflow/example_dags/example_local_kubernetes_executor.py for tasks to queue
[2024-04-14T14:49:54.207+0000] {logging_mixin.py:188} INFO - [2024-04-14T14:49:54.206+0000] {dagbag.py:540} INFO - Filling up the DagBag from /home/airflow/.local/lib/python3.8/site-packages/airflow/example_dags/example_local_kubernetes_executor.py
[2024-04-14T14:49:54.217+0000] {processor.py:840} INFO - DAG(s) 'example_local_kubernetes_executor' retrieved from /home/airflow/.local/lib/python3.8/site-packages/airflow/example_dags/example_local_kubernetes_executor.py
[2024-04-14T14:49:54.255+0000] {logging_mixin.py:188} INFO - [2024-04-14T14:49:54.254+0000] {dag.py:3047} INFO - Sync 1 DAGs
[2024-04-14T14:49:54.267+0000] {logging_mixin.py:188} INFO - [2024-04-14T14:49:54.267+0000] {dag.py:3834} INFO - Setting next_dagrun for example_local_kubernetes_executor to None, run_after=None
[2024-04-14T14:49:54.287+0000] {processor.py:183} INFO - Processing /home/airflow/.local/lib/python3.8/site-packages/airflow/example_dags/example_local_kubernetes_executor.py took 0.087 seconds
[2024-04-14T14:50:24.805+0000] {processor.py:161} INFO - Started process (PID=783) to work on /home/airflow/.local/lib/python3.8/site-packages/airflow/example_dags/example_local_kubernetes_executor.py
[2024-04-14T14:50:24.806+0000] {processor.py:830} INFO - Processing file /home/airflow/.local/lib/python3.8/site-packages/airflow/example_dags/example_local_kubernetes_executor.py for tasks to queue
[2024-04-14T14:50:24.808+0000] {logging_mixin.py:188} INFO - [2024-04-14T14:50:24.808+0000] {dagbag.py:540} INFO - Filling up the DagBag from /home/airflow/.local/lib/python3.8/site-packages/airflow/example_dags/example_local_kubernetes_executor.py
[2024-04-14T14:50:24.817+0000] {processor.py:840} INFO - DAG(s) 'example_local_kubernetes_executor' retrieved from /home/airflow/.local/lib/python3.8/site-packages/airflow/example_dags/example_local_kubernetes_executor.py
[2024-04-14T14:50:24.848+0000] {logging_mixin.py:188} INFO - [2024-04-14T14:50:24.848+0000] {dag.py:3047} INFO - Sync 1 DAGs
[2024-04-14T14:50:24.859+0000] {logging_mixin.py:188} INFO - [2024-04-14T14:50:24.859+0000] {dag.py:3834} INFO - Setting next_dagrun for example_local_kubernetes_executor to None, run_after=None
[2024-04-14T14:50:24.894+0000] {processor.py:183} INFO - Processing /home/airflow/.local/lib/python3.8/site-packages/airflow/example_dags/example_local_kubernetes_executor.py took 0.092 seconds
[2024-04-14T14:50:55.126+0000] {processor.py:161} INFO - Started process (PID=842) to work on /home/airflow/.local/lib/python3.8/site-packages/airflow/example_dags/example_local_kubernetes_executor.py
[2024-04-14T14:50:55.127+0000] {processor.py:830} INFO - Processing file /home/airflow/.local/lib/python3.8/site-packages/airflow/example_dags/example_local_kubernetes_executor.py for tasks to queue
[2024-04-14T14:50:55.129+0000] {logging_mixin.py:188} INFO - [2024-04-14T14:50:55.128+0000] {dagbag.py:540} INFO - Filling up the DagBag from /home/airflow/.local/lib/python3.8/site-packages/airflow/example_dags/example_local_kubernetes_executor.py
[2024-04-14T14:50:55.136+0000] {processor.py:840} INFO - DAG(s) 'example_local_kubernetes_executor' retrieved from /home/airflow/.local/lib/python3.8/site-packages/airflow/example_dags/example_local_kubernetes_executor.py
[2024-04-14T14:50:55.170+0000] {logging_mixin.py:188} INFO - [2024-04-14T14:50:55.170+0000] {dag.py:3047} INFO - Sync 1 DAGs
[2024-04-14T14:50:55.183+0000] {logging_mixin.py:188} INFO - [2024-04-14T14:50:55.183+0000] {dag.py:3834} INFO - Setting next_dagrun for example_local_kubernetes_executor to None, run_after=None
[2024-04-14T14:50:55.200+0000] {processor.py:183} INFO - Processing /home/airflow/.local/lib/python3.8/site-packages/airflow/example_dags/example_local_kubernetes_executor.py took 0.076 seconds
[2024-04-14T14:51:25.374+0000] {processor.py:161} INFO - Started process (PID=901) to work on /home/airflow/.local/lib/python3.8/site-packages/airflow/example_dags/example_local_kubernetes_executor.py
[2024-04-14T14:51:25.376+0000] {processor.py:830} INFO - Processing file /home/airflow/.local/lib/python3.8/site-packages/airflow/example_dags/example_local_kubernetes_executor.py for tasks to queue
[2024-04-14T14:51:25.377+0000] {logging_mixin.py:188} INFO - [2024-04-14T14:51:25.376+0000] {dagbag.py:540} INFO - Filling up the DagBag from /home/airflow/.local/lib/python3.8/site-packages/airflow/example_dags/example_local_kubernetes_executor.py
[2024-04-14T14:51:25.385+0000] {processor.py:840} INFO - DAG(s) 'example_local_kubernetes_executor' retrieved from /home/airflow/.local/lib/python3.8/site-packages/airflow/example_dags/example_local_kubernetes_executor.py
[2024-04-14T14:51:25.418+0000] {logging_mixin.py:188} INFO - [2024-04-14T14:51:25.417+0000] {dag.py:3047} INFO - Sync 1 DAGs
[2024-04-14T14:51:25.432+0000] {logging_mixin.py:188} INFO - [2024-04-14T14:51:25.432+0000] {dag.py:3834} INFO - Setting next_dagrun for example_local_kubernetes_executor to None, run_after=None
[2024-04-14T14:51:25.450+0000] {processor.py:183} INFO - Processing /home/airflow/.local/lib/python3.8/site-packages/airflow/example_dags/example_local_kubernetes_executor.py took 0.079 seconds
[2024-04-14T14:51:55.902+0000] {processor.py:161} INFO - Started process (PID=961) to work on /home/airflow/.local/lib/python3.8/site-packages/airflow/example_dags/example_local_kubernetes_executor.py
[2024-04-14T14:51:55.903+0000] {processor.py:830} INFO - Processing file /home/airflow/.local/lib/python3.8/site-packages/airflow/example_dags/example_local_kubernetes_executor.py for tasks to queue
[2024-04-14T14:51:55.904+0000] {logging_mixin.py:188} INFO - [2024-04-14T14:51:55.903+0000] {dagbag.py:540} INFO - Filling up the DagBag from /home/airflow/.local/lib/python3.8/site-packages/airflow/example_dags/example_local_kubernetes_executor.py
[2024-04-14T14:51:55.912+0000] {processor.py:840} INFO - DAG(s) 'example_local_kubernetes_executor' retrieved from /home/airflow/.local/lib/python3.8/site-packages/airflow/example_dags/example_local_kubernetes_executor.py
[2024-04-14T14:51:55.946+0000] {logging_mixin.py:188} INFO - [2024-04-14T14:51:55.946+0000] {dag.py:3047} INFO - Sync 1 DAGs
[2024-04-14T14:51:55.956+0000] {logging_mixin.py:188} INFO - [2024-04-14T14:51:55.956+0000] {dag.py:3834} INFO - Setting next_dagrun for example_local_kubernetes_executor to None, run_after=None
[2024-04-14T14:51:55.973+0000] {processor.py:183} INFO - Processing /home/airflow/.local/lib/python3.8/site-packages/airflow/example_dags/example_local_kubernetes_executor.py took 0.074 seconds
[2024-04-14T14:52:26.127+0000] {processor.py:161} INFO - Started process (PID=1020) to work on /home/airflow/.local/lib/python3.8/site-packages/airflow/example_dags/example_local_kubernetes_executor.py
[2024-04-14T14:52:26.128+0000] {processor.py:830} INFO - Processing file /home/airflow/.local/lib/python3.8/site-packages/airflow/example_dags/example_local_kubernetes_executor.py for tasks to queue
[2024-04-14T14:52:26.129+0000] {logging_mixin.py:188} INFO - [2024-04-14T14:52:26.129+0000] {dagbag.py:540} INFO - Filling up the DagBag from /home/airflow/.local/lib/python3.8/site-packages/airflow/example_dags/example_local_kubernetes_executor.py
[2024-04-14T14:52:26.138+0000] {processor.py:840} INFO - DAG(s) 'example_local_kubernetes_executor' retrieved from /home/airflow/.local/lib/python3.8/site-packages/airflow/example_dags/example_local_kubernetes_executor.py
[2024-04-14T14:52:26.171+0000] {logging_mixin.py:188} INFO - [2024-04-14T14:52:26.171+0000] {dag.py:3047} INFO - Sync 1 DAGs
[2024-04-14T14:52:26.183+0000] {logging_mixin.py:188} INFO - [2024-04-14T14:52:26.182+0000] {dag.py:3834} INFO - Setting next_dagrun for example_local_kubernetes_executor to None, run_after=None
[2024-04-14T14:52:26.199+0000] {processor.py:183} INFO - Processing /home/airflow/.local/lib/python3.8/site-packages/airflow/example_dags/example_local_kubernetes_executor.py took 0.075 seconds
[2024-04-14T14:52:56.921+0000] {processor.py:161} INFO - Started process (PID=1079) to work on /home/airflow/.local/lib/python3.8/site-packages/airflow/example_dags/example_local_kubernetes_executor.py
[2024-04-14T14:52:56.923+0000] {processor.py:830} INFO - Processing file /home/airflow/.local/lib/python3.8/site-packages/airflow/example_dags/example_local_kubernetes_executor.py for tasks to queue
[2024-04-14T14:52:56.925+0000] {logging_mixin.py:188} INFO - [2024-04-14T14:52:56.924+0000] {dagbag.py:540} INFO - Filling up the DagBag from /home/airflow/.local/lib/python3.8/site-packages/airflow/example_dags/example_local_kubernetes_executor.py
[2024-04-14T14:52:56.937+0000] {processor.py:840} INFO - DAG(s) 'example_local_kubernetes_executor' retrieved from /home/airflow/.local/lib/python3.8/site-packages/airflow/example_dags/example_local_kubernetes_executor.py
[2024-04-14T14:52:56.995+0000] {logging_mixin.py:188} INFO - [2024-04-14T14:52:56.994+0000] {dag.py:3047} INFO - Sync 1 DAGs
[2024-04-14T14:52:57.021+0000] {logging_mixin.py:188} INFO - [2024-04-14T14:52:57.021+0000] {dag.py:3834} INFO - Setting next_dagrun for example_local_kubernetes_executor to None, run_after=None
[2024-04-14T14:52:57.061+0000] {processor.py:183} INFO - Processing /home/airflow/.local/lib/python3.8/site-packages/airflow/example_dags/example_local_kubernetes_executor.py took 0.143 seconds
[2024-04-14T14:53:27.268+0000] {processor.py:161} INFO - Started process (PID=1138) to work on /home/airflow/.local/lib/python3.8/site-packages/airflow/example_dags/example_local_kubernetes_executor.py
[2024-04-14T14:53:27.270+0000] {processor.py:830} INFO - Processing file /home/airflow/.local/lib/python3.8/site-packages/airflow/example_dags/example_local_kubernetes_executor.py for tasks to queue
[2024-04-14T14:53:27.272+0000] {logging_mixin.py:188} INFO - [2024-04-14T14:53:27.271+0000] {dagbag.py:540} INFO - Filling up the DagBag from /home/airflow/.local/lib/python3.8/site-packages/airflow/example_dags/example_local_kubernetes_executor.py
[2024-04-14T14:53:27.295+0000] {processor.py:840} INFO - DAG(s) 'example_local_kubernetes_executor' retrieved from /home/airflow/.local/lib/python3.8/site-packages/airflow/example_dags/example_local_kubernetes_executor.py
[2024-04-14T14:53:27.391+0000] {logging_mixin.py:188} INFO - [2024-04-14T14:53:27.391+0000] {dag.py:3047} INFO - Sync 1 DAGs
[2024-04-14T14:53:27.418+0000] {logging_mixin.py:188} INFO - [2024-04-14T14:53:27.417+0000] {dag.py:3834} INFO - Setting next_dagrun for example_local_kubernetes_executor to None, run_after=None
[2024-04-14T14:53:27.477+0000] {processor.py:183} INFO - Processing /home/airflow/.local/lib/python3.8/site-packages/airflow/example_dags/example_local_kubernetes_executor.py took 0.214 seconds
[2024-04-14T14:53:57.558+0000] {processor.py:161} INFO - Started process (PID=1197) to work on /home/airflow/.local/lib/python3.8/site-packages/airflow/example_dags/example_local_kubernetes_executor.py
[2024-04-14T14:53:57.559+0000] {processor.py:830} INFO - Processing file /home/airflow/.local/lib/python3.8/site-packages/airflow/example_dags/example_local_kubernetes_executor.py for tasks to queue
[2024-04-14T14:53:57.560+0000] {logging_mixin.py:188} INFO - [2024-04-14T14:53:57.560+0000] {dagbag.py:540} INFO - Filling up the DagBag from /home/airflow/.local/lib/python3.8/site-packages/airflow/example_dags/example_local_kubernetes_executor.py
[2024-04-14T14:53:57.568+0000] {processor.py:840} INFO - DAG(s) 'example_local_kubernetes_executor' retrieved from /home/airflow/.local/lib/python3.8/site-packages/airflow/example_dags/example_local_kubernetes_executor.py
[2024-04-14T14:53:57.606+0000] {logging_mixin.py:188} INFO - [2024-04-14T14:53:57.605+0000] {dag.py:3047} INFO - Sync 1 DAGs
[2024-04-14T14:53:57.619+0000] {logging_mixin.py:188} INFO - [2024-04-14T14:53:57.619+0000] {dag.py:3834} INFO - Setting next_dagrun for example_local_kubernetes_executor to None, run_after=None
[2024-04-14T14:53:57.644+0000] {processor.py:183} INFO - Processing /home/airflow/.local/lib/python3.8/site-packages/airflow/example_dags/example_local_kubernetes_executor.py took 0.089 seconds
[2024-04-14T14:54:28.335+0000] {processor.py:161} INFO - Started process (PID=1255) to work on /home/airflow/.local/lib/python3.8/site-packages/airflow/example_dags/example_local_kubernetes_executor.py
[2024-04-14T14:54:28.336+0000] {processor.py:830} INFO - Processing file /home/airflow/.local/lib/python3.8/site-packages/airflow/example_dags/example_local_kubernetes_executor.py for tasks to queue
[2024-04-14T14:54:28.337+0000] {logging_mixin.py:188} INFO - [2024-04-14T14:54:28.337+0000] {dagbag.py:540} INFO - Filling up the DagBag from /home/airflow/.local/lib/python3.8/site-packages/airflow/example_dags/example_local_kubernetes_executor.py
[2024-04-14T14:54:28.347+0000] {processor.py:840} INFO - DAG(s) 'example_local_kubernetes_executor' retrieved from /home/airflow/.local/lib/python3.8/site-packages/airflow/example_dags/example_local_kubernetes_executor.py
[2024-04-14T14:54:28.379+0000] {logging_mixin.py:188} INFO - [2024-04-14T14:54:28.379+0000] {dag.py:3047} INFO - Sync 1 DAGs
[2024-04-14T14:54:28.390+0000] {logging_mixin.py:188} INFO - [2024-04-14T14:54:28.389+0000] {dag.py:3834} INFO - Setting next_dagrun for example_local_kubernetes_executor to None, run_after=None
[2024-04-14T14:54:28.414+0000] {processor.py:183} INFO - Processing /home/airflow/.local/lib/python3.8/site-packages/airflow/example_dags/example_local_kubernetes_executor.py took 0.082 seconds
[2024-04-14T14:54:58.925+0000] {processor.py:161} INFO - Started process (PID=1314) to work on /home/airflow/.local/lib/python3.8/site-packages/airflow/example_dags/example_local_kubernetes_executor.py
[2024-04-14T14:54:58.927+0000] {processor.py:830} INFO - Processing file /home/airflow/.local/lib/python3.8/site-packages/airflow/example_dags/example_local_kubernetes_executor.py for tasks to queue
[2024-04-14T14:54:58.928+0000] {logging_mixin.py:188} INFO - [2024-04-14T14:54:58.928+0000] {dagbag.py:540} INFO - Filling up the DagBag from /home/airflow/.local/lib/python3.8/site-packages/airflow/example_dags/example_local_kubernetes_executor.py
[2024-04-14T14:54:58.937+0000] {processor.py:840} INFO - DAG(s) 'example_local_kubernetes_executor' retrieved from /home/airflow/.local/lib/python3.8/site-packages/airflow/example_dags/example_local_kubernetes_executor.py
[2024-04-14T14:54:58.978+0000] {logging_mixin.py:188} INFO - [2024-04-14T14:54:58.977+0000] {dag.py:3047} INFO - Sync 1 DAGs
[2024-04-14T14:54:58.992+0000] {logging_mixin.py:188} INFO - [2024-04-14T14:54:58.992+0000] {dag.py:3834} INFO - Setting next_dagrun for example_local_kubernetes_executor to None, run_after=None
[2024-04-14T14:54:59.023+0000] {processor.py:183} INFO - Processing /home/airflow/.local/lib/python3.8/site-packages/airflow/example_dags/example_local_kubernetes_executor.py took 0.102 seconds
[2024-04-14T14:55:29.312+0000] {processor.py:161} INFO - Started process (PID=1373) to work on /home/airflow/.local/lib/python3.8/site-packages/airflow/example_dags/example_local_kubernetes_executor.py
[2024-04-14T14:55:29.314+0000] {processor.py:830} INFO - Processing file /home/airflow/.local/lib/python3.8/site-packages/airflow/example_dags/example_local_kubernetes_executor.py for tasks to queue
[2024-04-14T14:55:29.315+0000] {logging_mixin.py:188} INFO - [2024-04-14T14:55:29.315+0000] {dagbag.py:540} INFO - Filling up the DagBag from /home/airflow/.local/lib/python3.8/site-packages/airflow/example_dags/example_local_kubernetes_executor.py
[2024-04-14T14:55:29.321+0000] {processor.py:840} INFO - DAG(s) 'example_local_kubernetes_executor' retrieved from /home/airflow/.local/lib/python3.8/site-packages/airflow/example_dags/example_local_kubernetes_executor.py
[2024-04-14T14:55:29.360+0000] {logging_mixin.py:188} INFO - [2024-04-14T14:55:29.359+0000] {dag.py:3047} INFO - Sync 1 DAGs
[2024-04-14T14:55:29.371+0000] {logging_mixin.py:188} INFO - [2024-04-14T14:55:29.371+0000] {dag.py:3834} INFO - Setting next_dagrun for example_local_kubernetes_executor to None, run_after=None
[2024-04-14T14:55:29.387+0000] {processor.py:183} INFO - Processing /home/airflow/.local/lib/python3.8/site-packages/airflow/example_dags/example_local_kubernetes_executor.py took 0.079 seconds
[2024-04-14T14:55:59.706+0000] {processor.py:161} INFO - Started process (PID=1438) to work on /home/airflow/.local/lib/python3.8/site-packages/airflow/example_dags/example_local_kubernetes_executor.py
[2024-04-14T14:55:59.707+0000] {processor.py:830} INFO - Processing file /home/airflow/.local/lib/python3.8/site-packages/airflow/example_dags/example_local_kubernetes_executor.py for tasks to queue
[2024-04-14T14:55:59.709+0000] {logging_mixin.py:188} INFO - [2024-04-14T14:55:59.708+0000] {dagbag.py:540} INFO - Filling up the DagBag from /home/airflow/.local/lib/python3.8/site-packages/airflow/example_dags/example_local_kubernetes_executor.py
[2024-04-14T14:55:59.716+0000] {processor.py:840} INFO - DAG(s) 'example_local_kubernetes_executor' retrieved from /home/airflow/.local/lib/python3.8/site-packages/airflow/example_dags/example_local_kubernetes_executor.py
[2024-04-14T14:55:59.750+0000] {logging_mixin.py:188} INFO - [2024-04-14T14:55:59.749+0000] {dag.py:3047} INFO - Sync 1 DAGs
[2024-04-14T14:55:59.761+0000] {logging_mixin.py:188} INFO - [2024-04-14T14:55:59.761+0000] {dag.py:3834} INFO - Setting next_dagrun for example_local_kubernetes_executor to None, run_after=None
[2024-04-14T14:55:59.779+0000] {processor.py:183} INFO - Processing /home/airflow/.local/lib/python3.8/site-packages/airflow/example_dags/example_local_kubernetes_executor.py took 0.076 seconds
