[2024-04-14T14:44:19.152+0000] {processor.py:161} INFO - Started process (PID=62) to work on /home/airflow/.local/lib/python3.8/site-packages/airflow/example_dags/example_short_circuit_operator.py
[2024-04-14T14:44:19.154+0000] {processor.py:830} INFO - Processing file /home/airflow/.local/lib/python3.8/site-packages/airflow/example_dags/example_short_circuit_operator.py for tasks to queue
[2024-04-14T14:44:19.159+0000] {logging_mixin.py:188} INFO - [2024-04-14T14:44:19.158+0000] {dagbag.py:540} INFO - Filling up the DagBag from /home/airflow/.local/lib/python3.8/site-packages/airflow/example_dags/example_short_circuit_operator.py
[2024-04-14T14:44:19.201+0000] {processor.py:840} INFO - DAG(s) 'example_short_circuit_operator' retrieved from /home/airflow/.local/lib/python3.8/site-packages/airflow/example_dags/example_short_circuit_operator.py
[2024-04-14T14:44:19.253+0000] {logging_mixin.py:188} INFO - [2024-04-14T14:44:19.252+0000] {dag.py:3047} INFO - Sync 1 DAGs
[2024-04-14T14:44:19.296+0000] {logging_mixin.py:188} INFO - [2024-04-14T14:44:19.294+0000] {dag.py:3834} INFO - Setting next_dagrun for example_short_circuit_operator to 2024-04-13 00:00:00+00:00, run_after=2024-04-14 00:00:00+00:00
[2024-04-14T14:44:19.360+0000] {processor.py:183} INFO - Processing /home/airflow/.local/lib/python3.8/site-packages/airflow/example_dags/example_short_circuit_operator.py took 0.215 seconds
[2024-04-14T14:44:49.852+0000] {processor.py:161} INFO - Started process (PID=134) to work on /home/airflow/.local/lib/python3.8/site-packages/airflow/example_dags/example_short_circuit_operator.py
[2024-04-14T14:44:49.853+0000] {processor.py:830} INFO - Processing file /home/airflow/.local/lib/python3.8/site-packages/airflow/example_dags/example_short_circuit_operator.py for tasks to queue
[2024-04-14T14:44:49.856+0000] {logging_mixin.py:188} INFO - [2024-04-14T14:44:49.856+0000] {dagbag.py:540} INFO - Filling up the DagBag from /home/airflow/.local/lib/python3.8/site-packages/airflow/example_dags/example_short_circuit_operator.py
[2024-04-14T14:44:49.865+0000] {processor.py:840} INFO - DAG(s) 'example_short_circuit_operator' retrieved from /home/airflow/.local/lib/python3.8/site-packages/airflow/example_dags/example_short_circuit_operator.py
[2024-04-14T14:44:49.886+0000] {logging_mixin.py:188} INFO - [2024-04-14T14:44:49.886+0000] {dag.py:3047} INFO - Sync 1 DAGs
[2024-04-14T14:44:49.910+0000] {logging_mixin.py:188} INFO - [2024-04-14T14:44:49.910+0000] {dag.py:3834} INFO - Setting next_dagrun for example_short_circuit_operator to 2024-04-13 00:00:00+00:00, run_after=2024-04-14 00:00:00+00:00
[2024-04-14T14:44:49.932+0000] {processor.py:183} INFO - Processing /home/airflow/.local/lib/python3.8/site-packages/airflow/example_dags/example_short_circuit_operator.py took 0.084 seconds
[2024-04-14T14:45:20.565+0000] {processor.py:161} INFO - Started process (PID=193) to work on /home/airflow/.local/lib/python3.8/site-packages/airflow/example_dags/example_short_circuit_operator.py
[2024-04-14T14:45:20.567+0000] {processor.py:830} INFO - Processing file /home/airflow/.local/lib/python3.8/site-packages/airflow/example_dags/example_short_circuit_operator.py for tasks to queue
[2024-04-14T14:45:20.571+0000] {logging_mixin.py:188} INFO - [2024-04-14T14:45:20.571+0000] {dagbag.py:540} INFO - Filling up the DagBag from /home/airflow/.local/lib/python3.8/site-packages/airflow/example_dags/example_short_circuit_operator.py
[2024-04-14T14:45:20.584+0000] {processor.py:840} INFO - DAG(s) 'example_short_circuit_operator' retrieved from /home/airflow/.local/lib/python3.8/site-packages/airflow/example_dags/example_short_circuit_operator.py
[2024-04-14T14:45:20.628+0000] {logging_mixin.py:188} INFO - [2024-04-14T14:45:20.627+0000] {dag.py:3047} INFO - Sync 1 DAGs
[2024-04-14T14:45:20.665+0000] {logging_mixin.py:188} INFO - [2024-04-14T14:45:20.664+0000] {dag.py:3834} INFO - Setting next_dagrun for example_short_circuit_operator to 2024-04-13 00:00:00+00:00, run_after=2024-04-14 00:00:00+00:00
[2024-04-14T14:45:20.703+0000] {processor.py:183} INFO - Processing /home/airflow/.local/lib/python3.8/site-packages/airflow/example_dags/example_short_circuit_operator.py took 0.142 seconds
[2024-04-14T14:45:50.890+0000] {processor.py:161} INFO - Started process (PID=252) to work on /home/airflow/.local/lib/python3.8/site-packages/airflow/example_dags/example_short_circuit_operator.py
[2024-04-14T14:45:50.892+0000] {processor.py:830} INFO - Processing file /home/airflow/.local/lib/python3.8/site-packages/airflow/example_dags/example_short_circuit_operator.py for tasks to queue
[2024-04-14T14:45:50.893+0000] {logging_mixin.py:188} INFO - [2024-04-14T14:45:50.893+0000] {dagbag.py:540} INFO - Filling up the DagBag from /home/airflow/.local/lib/python3.8/site-packages/airflow/example_dags/example_short_circuit_operator.py
[2024-04-14T14:45:50.902+0000] {processor.py:840} INFO - DAG(s) 'example_short_circuit_operator' retrieved from /home/airflow/.local/lib/python3.8/site-packages/airflow/example_dags/example_short_circuit_operator.py
[2024-04-14T14:45:50.923+0000] {logging_mixin.py:188} INFO - [2024-04-14T14:45:50.923+0000] {dag.py:3047} INFO - Sync 1 DAGs
[2024-04-14T14:45:50.953+0000] {logging_mixin.py:188} INFO - [2024-04-14T14:45:50.952+0000] {dag.py:3834} INFO - Setting next_dagrun for example_short_circuit_operator to 2024-04-13 00:00:00+00:00, run_after=2024-04-14 00:00:00+00:00
[2024-04-14T14:45:50.992+0000] {processor.py:183} INFO - Processing /home/airflow/.local/lib/python3.8/site-packages/airflow/example_dags/example_short_circuit_operator.py took 0.105 seconds
[2024-04-14T14:46:21.133+0000] {processor.py:161} INFO - Started process (PID=311) to work on /home/airflow/.local/lib/python3.8/site-packages/airflow/example_dags/example_short_circuit_operator.py
[2024-04-14T14:46:21.134+0000] {processor.py:830} INFO - Processing file /home/airflow/.local/lib/python3.8/site-packages/airflow/example_dags/example_short_circuit_operator.py for tasks to queue
[2024-04-14T14:46:21.136+0000] {logging_mixin.py:188} INFO - [2024-04-14T14:46:21.135+0000] {dagbag.py:540} INFO - Filling up the DagBag from /home/airflow/.local/lib/python3.8/site-packages/airflow/example_dags/example_short_circuit_operator.py
[2024-04-14T14:46:21.144+0000] {processor.py:840} INFO - DAG(s) 'example_short_circuit_operator' retrieved from /home/airflow/.local/lib/python3.8/site-packages/airflow/example_dags/example_short_circuit_operator.py
[2024-04-14T14:46:21.167+0000] {logging_mixin.py:188} INFO - [2024-04-14T14:46:21.167+0000] {dag.py:3047} INFO - Sync 1 DAGs
[2024-04-14T14:46:21.186+0000] {logging_mixin.py:188} INFO - [2024-04-14T14:46:21.186+0000] {dag.py:3834} INFO - Setting next_dagrun for example_short_circuit_operator to 2024-04-13 00:00:00+00:00, run_after=2024-04-14 00:00:00+00:00
[2024-04-14T14:46:21.202+0000] {processor.py:183} INFO - Processing /home/airflow/.local/lib/python3.8/site-packages/airflow/example_dags/example_short_circuit_operator.py took 0.072 seconds
[2024-04-14T14:46:51.816+0000] {processor.py:161} INFO - Started process (PID=370) to work on /home/airflow/.local/lib/python3.8/site-packages/airflow/example_dags/example_short_circuit_operator.py
[2024-04-14T14:46:51.817+0000] {processor.py:830} INFO - Processing file /home/airflow/.local/lib/python3.8/site-packages/airflow/example_dags/example_short_circuit_operator.py for tasks to queue
[2024-04-14T14:46:51.818+0000] {logging_mixin.py:188} INFO - [2024-04-14T14:46:51.818+0000] {dagbag.py:540} INFO - Filling up the DagBag from /home/airflow/.local/lib/python3.8/site-packages/airflow/example_dags/example_short_circuit_operator.py
[2024-04-14T14:46:51.827+0000] {processor.py:840} INFO - DAG(s) 'example_short_circuit_operator' retrieved from /home/airflow/.local/lib/python3.8/site-packages/airflow/example_dags/example_short_circuit_operator.py
[2024-04-14T14:46:51.848+0000] {logging_mixin.py:188} INFO - [2024-04-14T14:46:51.848+0000] {dag.py:3047} INFO - Sync 1 DAGs
[2024-04-14T14:46:51.868+0000] {logging_mixin.py:188} INFO - [2024-04-14T14:46:51.868+0000] {dag.py:3834} INFO - Setting next_dagrun for example_short_circuit_operator to 2024-04-13 00:00:00+00:00, run_after=2024-04-14 00:00:00+00:00
[2024-04-14T14:46:51.887+0000] {processor.py:183} INFO - Processing /home/airflow/.local/lib/python3.8/site-packages/airflow/example_dags/example_short_circuit_operator.py took 0.074 seconds
[2024-04-14T14:47:22.655+0000] {processor.py:161} INFO - Started process (PID=430) to work on /home/airflow/.local/lib/python3.8/site-packages/airflow/example_dags/example_short_circuit_operator.py
[2024-04-14T14:47:22.657+0000] {processor.py:830} INFO - Processing file /home/airflow/.local/lib/python3.8/site-packages/airflow/example_dags/example_short_circuit_operator.py for tasks to queue
[2024-04-14T14:47:22.659+0000] {logging_mixin.py:188} INFO - [2024-04-14T14:47:22.659+0000] {dagbag.py:540} INFO - Filling up the DagBag from /home/airflow/.local/lib/python3.8/site-packages/airflow/example_dags/example_short_circuit_operator.py
[2024-04-14T14:47:22.678+0000] {processor.py:840} INFO - DAG(s) 'example_short_circuit_operator' retrieved from /home/airflow/.local/lib/python3.8/site-packages/airflow/example_dags/example_short_circuit_operator.py
[2024-04-14T14:47:22.723+0000] {logging_mixin.py:188} INFO - [2024-04-14T14:47:22.723+0000] {dag.py:3047} INFO - Sync 1 DAGs
[2024-04-14T14:47:22.769+0000] {logging_mixin.py:188} INFO - [2024-04-14T14:47:22.769+0000] {dag.py:3834} INFO - Setting next_dagrun for example_short_circuit_operator to 2024-04-13 00:00:00+00:00, run_after=2024-04-14 00:00:00+00:00
[2024-04-14T14:47:22.826+0000] {processor.py:183} INFO - Processing /home/airflow/.local/lib/python3.8/site-packages/airflow/example_dags/example_short_circuit_operator.py took 0.178 seconds
[2024-04-14T14:47:52.925+0000] {processor.py:161} INFO - Started process (PID=489) to work on /home/airflow/.local/lib/python3.8/site-packages/airflow/example_dags/example_short_circuit_operator.py
[2024-04-14T14:47:52.927+0000] {processor.py:830} INFO - Processing file /home/airflow/.local/lib/python3.8/site-packages/airflow/example_dags/example_short_circuit_operator.py for tasks to queue
[2024-04-14T14:47:52.928+0000] {logging_mixin.py:188} INFO - [2024-04-14T14:47:52.928+0000] {dagbag.py:540} INFO - Filling up the DagBag from /home/airflow/.local/lib/python3.8/site-packages/airflow/example_dags/example_short_circuit_operator.py
[2024-04-14T14:47:52.940+0000] {processor.py:840} INFO - DAG(s) 'example_short_circuit_operator' retrieved from /home/airflow/.local/lib/python3.8/site-packages/airflow/example_dags/example_short_circuit_operator.py
[2024-04-14T14:47:52.973+0000] {logging_mixin.py:188} INFO - [2024-04-14T14:47:52.973+0000] {dag.py:3047} INFO - Sync 1 DAGs
[2024-04-14T14:47:52.998+0000] {logging_mixin.py:188} INFO - [2024-04-14T14:47:52.998+0000] {dag.py:3834} INFO - Setting next_dagrun for example_short_circuit_operator to 2024-04-13 00:00:00+00:00, run_after=2024-04-14 00:00:00+00:00
[2024-04-14T14:47:53.018+0000] {processor.py:183} INFO - Processing /home/airflow/.local/lib/python3.8/site-packages/airflow/example_dags/example_short_circuit_operator.py took 0.096 seconds
[2024-04-14T14:48:23.154+0000] {processor.py:161} INFO - Started process (PID=548) to work on /home/airflow/.local/lib/python3.8/site-packages/airflow/example_dags/example_short_circuit_operator.py
[2024-04-14T14:48:23.155+0000] {processor.py:830} INFO - Processing file /home/airflow/.local/lib/python3.8/site-packages/airflow/example_dags/example_short_circuit_operator.py for tasks to queue
[2024-04-14T14:48:23.156+0000] {logging_mixin.py:188} INFO - [2024-04-14T14:48:23.156+0000] {dagbag.py:540} INFO - Filling up the DagBag from /home/airflow/.local/lib/python3.8/site-packages/airflow/example_dags/example_short_circuit_operator.py
[2024-04-14T14:48:23.164+0000] {processor.py:840} INFO - DAG(s) 'example_short_circuit_operator' retrieved from /home/airflow/.local/lib/python3.8/site-packages/airflow/example_dags/example_short_circuit_operator.py
[2024-04-14T14:48:23.183+0000] {logging_mixin.py:188} INFO - [2024-04-14T14:48:23.183+0000] {dag.py:3047} INFO - Sync 1 DAGs
[2024-04-14T14:48:23.204+0000] {logging_mixin.py:188} INFO - [2024-04-14T14:48:23.203+0000] {dag.py:3834} INFO - Setting next_dagrun for example_short_circuit_operator to 2024-04-13 00:00:00+00:00, run_after=2024-04-14 00:00:00+00:00
[2024-04-14T14:48:23.221+0000] {processor.py:183} INFO - Processing /home/airflow/.local/lib/python3.8/site-packages/airflow/example_dags/example_short_circuit_operator.py took 0.069 seconds
[2024-04-14T14:48:53.581+0000] {processor.py:161} INFO - Started process (PID=607) to work on /home/airflow/.local/lib/python3.8/site-packages/airflow/example_dags/example_short_circuit_operator.py
[2024-04-14T14:48:53.583+0000] {processor.py:830} INFO - Processing file /home/airflow/.local/lib/python3.8/site-packages/airflow/example_dags/example_short_circuit_operator.py for tasks to queue
[2024-04-14T14:48:53.584+0000] {logging_mixin.py:188} INFO - [2024-04-14T14:48:53.584+0000] {dagbag.py:540} INFO - Filling up the DagBag from /home/airflow/.local/lib/python3.8/site-packages/airflow/example_dags/example_short_circuit_operator.py
[2024-04-14T14:48:53.592+0000] {processor.py:840} INFO - DAG(s) 'example_short_circuit_operator' retrieved from /home/airflow/.local/lib/python3.8/site-packages/airflow/example_dags/example_short_circuit_operator.py
[2024-04-14T14:48:53.615+0000] {logging_mixin.py:188} INFO - [2024-04-14T14:48:53.615+0000] {dag.py:3047} INFO - Sync 1 DAGs
[2024-04-14T14:48:53.638+0000] {logging_mixin.py:188} INFO - [2024-04-14T14:48:53.638+0000] {dag.py:3834} INFO - Setting next_dagrun for example_short_circuit_operator to 2024-04-13 00:00:00+00:00, run_after=2024-04-14 00:00:00+00:00
[2024-04-14T14:48:53.664+0000] {processor.py:183} INFO - Processing /home/airflow/.local/lib/python3.8/site-packages/airflow/example_dags/example_short_circuit_operator.py took 0.086 seconds
[2024-04-14T14:49:24.149+0000] {processor.py:161} INFO - Started process (PID=666) to work on /home/airflow/.local/lib/python3.8/site-packages/airflow/example_dags/example_short_circuit_operator.py
[2024-04-14T14:49:24.150+0000] {processor.py:830} INFO - Processing file /home/airflow/.local/lib/python3.8/site-packages/airflow/example_dags/example_short_circuit_operator.py for tasks to queue
[2024-04-14T14:49:24.151+0000] {logging_mixin.py:188} INFO - [2024-04-14T14:49:24.151+0000] {dagbag.py:540} INFO - Filling up the DagBag from /home/airflow/.local/lib/python3.8/site-packages/airflow/example_dags/example_short_circuit_operator.py
[2024-04-14T14:49:24.160+0000] {processor.py:840} INFO - DAG(s) 'example_short_circuit_operator' retrieved from /home/airflow/.local/lib/python3.8/site-packages/airflow/example_dags/example_short_circuit_operator.py
[2024-04-14T14:49:24.188+0000] {logging_mixin.py:188} INFO - [2024-04-14T14:49:24.188+0000] {dag.py:3047} INFO - Sync 1 DAGs
[2024-04-14T14:49:24.210+0000] {logging_mixin.py:188} INFO - [2024-04-14T14:49:24.210+0000] {dag.py:3834} INFO - Setting next_dagrun for example_short_circuit_operator to 2024-04-13 00:00:00+00:00, run_after=2024-04-14 00:00:00+00:00
[2024-04-14T14:49:24.232+0000] {processor.py:183} INFO - Processing /home/airflow/.local/lib/python3.8/site-packages/airflow/example_dags/example_short_circuit_operator.py took 0.087 seconds
[2024-04-14T14:49:54.488+0000] {processor.py:161} INFO - Started process (PID=725) to work on /home/airflow/.local/lib/python3.8/site-packages/airflow/example_dags/example_short_circuit_operator.py
[2024-04-14T14:49:54.489+0000] {processor.py:830} INFO - Processing file /home/airflow/.local/lib/python3.8/site-packages/airflow/example_dags/example_short_circuit_operator.py for tasks to queue
[2024-04-14T14:49:54.491+0000] {logging_mixin.py:188} INFO - [2024-04-14T14:49:54.491+0000] {dagbag.py:540} INFO - Filling up the DagBag from /home/airflow/.local/lib/python3.8/site-packages/airflow/example_dags/example_short_circuit_operator.py
[2024-04-14T14:49:54.502+0000] {processor.py:840} INFO - DAG(s) 'example_short_circuit_operator' retrieved from /home/airflow/.local/lib/python3.8/site-packages/airflow/example_dags/example_short_circuit_operator.py
[2024-04-14T14:49:54.535+0000] {logging_mixin.py:188} INFO - [2024-04-14T14:49:54.535+0000] {dag.py:3047} INFO - Sync 1 DAGs
[2024-04-14T14:49:54.590+0000] {logging_mixin.py:188} INFO - [2024-04-14T14:49:54.589+0000] {dag.py:3834} INFO - Setting next_dagrun for example_short_circuit_operator to 2024-04-13 00:00:00+00:00, run_after=2024-04-14 00:00:00+00:00
[2024-04-14T14:49:54.621+0000] {processor.py:183} INFO - Processing /home/airflow/.local/lib/python3.8/site-packages/airflow/example_dags/example_short_circuit_operator.py took 0.138 seconds
[2024-04-14T14:50:24.947+0000] {processor.py:161} INFO - Started process (PID=785) to work on /home/airflow/.local/lib/python3.8/site-packages/airflow/example_dags/example_short_circuit_operator.py
[2024-04-14T14:50:24.949+0000] {processor.py:830} INFO - Processing file /home/airflow/.local/lib/python3.8/site-packages/airflow/example_dags/example_short_circuit_operator.py for tasks to queue
[2024-04-14T14:50:24.950+0000] {logging_mixin.py:188} INFO - [2024-04-14T14:50:24.950+0000] {dagbag.py:540} INFO - Filling up the DagBag from /home/airflow/.local/lib/python3.8/site-packages/airflow/example_dags/example_short_circuit_operator.py
[2024-04-14T14:50:24.957+0000] {processor.py:840} INFO - DAG(s) 'example_short_circuit_operator' retrieved from /home/airflow/.local/lib/python3.8/site-packages/airflow/example_dags/example_short_circuit_operator.py
[2024-04-14T14:50:24.981+0000] {logging_mixin.py:188} INFO - [2024-04-14T14:50:24.980+0000] {dag.py:3047} INFO - Sync 1 DAGs
[2024-04-14T14:50:25.000+0000] {logging_mixin.py:188} INFO - [2024-04-14T14:50:25.000+0000] {dag.py:3834} INFO - Setting next_dagrun for example_short_circuit_operator to 2024-04-13 00:00:00+00:00, run_after=2024-04-14 00:00:00+00:00
[2024-04-14T14:50:25.018+0000] {processor.py:183} INFO - Processing /home/airflow/.local/lib/python3.8/site-packages/airflow/example_dags/example_short_circuit_operator.py took 0.074 seconds
[2024-04-14T14:50:55.229+0000] {processor.py:161} INFO - Started process (PID=844) to work on /home/airflow/.local/lib/python3.8/site-packages/airflow/example_dags/example_short_circuit_operator.py
[2024-04-14T14:50:55.230+0000] {processor.py:830} INFO - Processing file /home/airflow/.local/lib/python3.8/site-packages/airflow/example_dags/example_short_circuit_operator.py for tasks to queue
[2024-04-14T14:50:55.231+0000] {logging_mixin.py:188} INFO - [2024-04-14T14:50:55.231+0000] {dagbag.py:540} INFO - Filling up the DagBag from /home/airflow/.local/lib/python3.8/site-packages/airflow/example_dags/example_short_circuit_operator.py
[2024-04-14T14:50:55.239+0000] {processor.py:840} INFO - DAG(s) 'example_short_circuit_operator' retrieved from /home/airflow/.local/lib/python3.8/site-packages/airflow/example_dags/example_short_circuit_operator.py
[2024-04-14T14:50:55.262+0000] {logging_mixin.py:188} INFO - [2024-04-14T14:50:55.262+0000] {dag.py:3047} INFO - Sync 1 DAGs
[2024-04-14T14:50:55.286+0000] {logging_mixin.py:188} INFO - [2024-04-14T14:50:55.285+0000] {dag.py:3834} INFO - Setting next_dagrun for example_short_circuit_operator to 2024-04-13 00:00:00+00:00, run_after=2024-04-14 00:00:00+00:00
[2024-04-14T14:50:55.302+0000] {processor.py:183} INFO - Processing /home/airflow/.local/lib/python3.8/site-packages/airflow/example_dags/example_short_circuit_operator.py took 0.076 seconds
[2024-04-14T14:51:25.472+0000] {processor.py:161} INFO - Started process (PID=903) to work on /home/airflow/.local/lib/python3.8/site-packages/airflow/example_dags/example_short_circuit_operator.py
[2024-04-14T14:51:25.473+0000] {processor.py:830} INFO - Processing file /home/airflow/.local/lib/python3.8/site-packages/airflow/example_dags/example_short_circuit_operator.py for tasks to queue
[2024-04-14T14:51:25.474+0000] {logging_mixin.py:188} INFO - [2024-04-14T14:51:25.474+0000] {dagbag.py:540} INFO - Filling up the DagBag from /home/airflow/.local/lib/python3.8/site-packages/airflow/example_dags/example_short_circuit_operator.py
[2024-04-14T14:51:25.481+0000] {processor.py:840} INFO - DAG(s) 'example_short_circuit_operator' retrieved from /home/airflow/.local/lib/python3.8/site-packages/airflow/example_dags/example_short_circuit_operator.py
[2024-04-14T14:51:25.502+0000] {logging_mixin.py:188} INFO - [2024-04-14T14:51:25.502+0000] {dag.py:3047} INFO - Sync 1 DAGs
[2024-04-14T14:51:25.521+0000] {logging_mixin.py:188} INFO - [2024-04-14T14:51:25.521+0000] {dag.py:3834} INFO - Setting next_dagrun for example_short_circuit_operator to 2024-04-13 00:00:00+00:00, run_after=2024-04-14 00:00:00+00:00
[2024-04-14T14:51:25.536+0000] {processor.py:183} INFO - Processing /home/airflow/.local/lib/python3.8/site-packages/airflow/example_dags/example_short_circuit_operator.py took 0.067 seconds
[2024-04-14T14:51:56.001+0000] {processor.py:161} INFO - Started process (PID=963) to work on /home/airflow/.local/lib/python3.8/site-packages/airflow/example_dags/example_short_circuit_operator.py
[2024-04-14T14:51:56.002+0000] {processor.py:830} INFO - Processing file /home/airflow/.local/lib/python3.8/site-packages/airflow/example_dags/example_short_circuit_operator.py for tasks to queue
[2024-04-14T14:51:56.003+0000] {logging_mixin.py:188} INFO - [2024-04-14T14:51:56.003+0000] {dagbag.py:540} INFO - Filling up the DagBag from /home/airflow/.local/lib/python3.8/site-packages/airflow/example_dags/example_short_circuit_operator.py
[2024-04-14T14:51:56.016+0000] {processor.py:840} INFO - DAG(s) 'example_short_circuit_operator' retrieved from /home/airflow/.local/lib/python3.8/site-packages/airflow/example_dags/example_short_circuit_operator.py
[2024-04-14T14:51:56.037+0000] {logging_mixin.py:188} INFO - [2024-04-14T14:51:56.037+0000] {dag.py:3047} INFO - Sync 1 DAGs
[2024-04-14T14:51:56.061+0000] {logging_mixin.py:188} INFO - [2024-04-14T14:51:56.060+0000] {dag.py:3834} INFO - Setting next_dagrun for example_short_circuit_operator to 2024-04-13 00:00:00+00:00, run_after=2024-04-14 00:00:00+00:00
[2024-04-14T14:51:56.081+0000] {processor.py:183} INFO - Processing /home/airflow/.local/lib/python3.8/site-packages/airflow/example_dags/example_short_circuit_operator.py took 0.084 seconds
[2024-04-14T14:52:26.222+0000] {processor.py:161} INFO - Started process (PID=1022) to work on /home/airflow/.local/lib/python3.8/site-packages/airflow/example_dags/example_short_circuit_operator.py
[2024-04-14T14:52:26.223+0000] {processor.py:830} INFO - Processing file /home/airflow/.local/lib/python3.8/site-packages/airflow/example_dags/example_short_circuit_operator.py for tasks to queue
[2024-04-14T14:52:26.224+0000] {logging_mixin.py:188} INFO - [2024-04-14T14:52:26.224+0000] {dagbag.py:540} INFO - Filling up the DagBag from /home/airflow/.local/lib/python3.8/site-packages/airflow/example_dags/example_short_circuit_operator.py
[2024-04-14T14:52:26.231+0000] {processor.py:840} INFO - DAG(s) 'example_short_circuit_operator' retrieved from /home/airflow/.local/lib/python3.8/site-packages/airflow/example_dags/example_short_circuit_operator.py
[2024-04-14T14:52:26.249+0000] {logging_mixin.py:188} INFO - [2024-04-14T14:52:26.249+0000] {dag.py:3047} INFO - Sync 1 DAGs
[2024-04-14T14:52:26.267+0000] {logging_mixin.py:188} INFO - [2024-04-14T14:52:26.267+0000] {dag.py:3834} INFO - Setting next_dagrun for example_short_circuit_operator to 2024-04-13 00:00:00+00:00, run_after=2024-04-14 00:00:00+00:00
[2024-04-14T14:52:26.282+0000] {processor.py:183} INFO - Processing /home/airflow/.local/lib/python3.8/site-packages/airflow/example_dags/example_short_circuit_operator.py took 0.063 seconds
[2024-04-14T14:52:57.157+0000] {processor.py:161} INFO - Started process (PID=1081) to work on /home/airflow/.local/lib/python3.8/site-packages/airflow/example_dags/example_short_circuit_operator.py
[2024-04-14T14:52:57.160+0000] {processor.py:830} INFO - Processing file /home/airflow/.local/lib/python3.8/site-packages/airflow/example_dags/example_short_circuit_operator.py for tasks to queue
[2024-04-14T14:52:57.165+0000] {logging_mixin.py:188} INFO - [2024-04-14T14:52:57.164+0000] {dagbag.py:540} INFO - Filling up the DagBag from /home/airflow/.local/lib/python3.8/site-packages/airflow/example_dags/example_short_circuit_operator.py
[2024-04-14T14:52:57.188+0000] {processor.py:840} INFO - DAG(s) 'example_short_circuit_operator' retrieved from /home/airflow/.local/lib/python3.8/site-packages/airflow/example_dags/example_short_circuit_operator.py
[2024-04-14T14:52:57.249+0000] {logging_mixin.py:188} INFO - [2024-04-14T14:52:57.249+0000] {dag.py:3047} INFO - Sync 1 DAGs
[2024-04-14T14:52:57.306+0000] {logging_mixin.py:188} INFO - [2024-04-14T14:52:57.305+0000] {dag.py:3834} INFO - Setting next_dagrun for example_short_circuit_operator to 2024-04-13 00:00:00+00:00, run_after=2024-04-14 00:00:00+00:00
[2024-04-14T14:52:57.338+0000] {processor.py:183} INFO - Processing /home/airflow/.local/lib/python3.8/site-packages/airflow/example_dags/example_short_circuit_operator.py took 0.187 seconds
[2024-04-14T14:53:27.638+0000] {processor.py:161} INFO - Started process (PID=1140) to work on /home/airflow/.local/lib/python3.8/site-packages/airflow/example_dags/example_short_circuit_operator.py
[2024-04-14T14:53:27.648+0000] {processor.py:830} INFO - Processing file /home/airflow/.local/lib/python3.8/site-packages/airflow/example_dags/example_short_circuit_operator.py for tasks to queue
[2024-04-14T14:53:27.655+0000] {logging_mixin.py:188} INFO - [2024-04-14T14:53:27.654+0000] {dagbag.py:540} INFO - Filling up the DagBag from /home/airflow/.local/lib/python3.8/site-packages/airflow/example_dags/example_short_circuit_operator.py
[2024-04-14T14:53:27.695+0000] {processor.py:840} INFO - DAG(s) 'example_short_circuit_operator' retrieved from /home/airflow/.local/lib/python3.8/site-packages/airflow/example_dags/example_short_circuit_operator.py
[2024-04-14T14:53:27.770+0000] {logging_mixin.py:188} INFO - [2024-04-14T14:53:27.769+0000] {dag.py:3047} INFO - Sync 1 DAGs
[2024-04-14T14:53:27.855+0000] {logging_mixin.py:188} INFO - [2024-04-14T14:53:27.854+0000] {dag.py:3834} INFO - Setting next_dagrun for example_short_circuit_operator to 2024-04-13 00:00:00+00:00, run_after=2024-04-14 00:00:00+00:00
[2024-04-14T14:53:27.914+0000] {processor.py:183} INFO - Processing /home/airflow/.local/lib/python3.8/site-packages/airflow/example_dags/example_short_circuit_operator.py took 0.299 seconds
[2024-04-14T14:53:58.642+0000] {processor.py:161} INFO - Started process (PID=1199) to work on /home/airflow/.local/lib/python3.8/site-packages/airflow/example_dags/example_short_circuit_operator.py
[2024-04-14T14:53:58.643+0000] {processor.py:830} INFO - Processing file /home/airflow/.local/lib/python3.8/site-packages/airflow/example_dags/example_short_circuit_operator.py for tasks to queue
[2024-04-14T14:53:58.644+0000] {logging_mixin.py:188} INFO - [2024-04-14T14:53:58.644+0000] {dagbag.py:540} INFO - Filling up the DagBag from /home/airflow/.local/lib/python3.8/site-packages/airflow/example_dags/example_short_circuit_operator.py
[2024-04-14T14:53:58.652+0000] {processor.py:840} INFO - DAG(s) 'example_short_circuit_operator' retrieved from /home/airflow/.local/lib/python3.8/site-packages/airflow/example_dags/example_short_circuit_operator.py
[2024-04-14T14:53:58.676+0000] {logging_mixin.py:188} INFO - [2024-04-14T14:53:58.675+0000] {dag.py:3047} INFO - Sync 1 DAGs
[2024-04-14T14:53:58.699+0000] {logging_mixin.py:188} INFO - [2024-04-14T14:53:58.699+0000] {dag.py:3834} INFO - Setting next_dagrun for example_short_circuit_operator to 2024-04-13 00:00:00+00:00, run_after=2024-04-14 00:00:00+00:00
[2024-04-14T14:53:58.718+0000] {processor.py:183} INFO - Processing /home/airflow/.local/lib/python3.8/site-packages/airflow/example_dags/example_short_circuit_operator.py took 0.081 seconds
[2024-04-14T14:54:29.419+0000] {processor.py:161} INFO - Started process (PID=1257) to work on /home/airflow/.local/lib/python3.8/site-packages/airflow/example_dags/example_short_circuit_operator.py
[2024-04-14T14:54:29.420+0000] {processor.py:830} INFO - Processing file /home/airflow/.local/lib/python3.8/site-packages/airflow/example_dags/example_short_circuit_operator.py for tasks to queue
[2024-04-14T14:54:29.422+0000] {logging_mixin.py:188} INFO - [2024-04-14T14:54:29.422+0000] {dagbag.py:540} INFO - Filling up the DagBag from /home/airflow/.local/lib/python3.8/site-packages/airflow/example_dags/example_short_circuit_operator.py
[2024-04-14T14:54:29.429+0000] {processor.py:840} INFO - DAG(s) 'example_short_circuit_operator' retrieved from /home/airflow/.local/lib/python3.8/site-packages/airflow/example_dags/example_short_circuit_operator.py
[2024-04-14T14:54:29.455+0000] {logging_mixin.py:188} INFO - [2024-04-14T14:54:29.454+0000] {dag.py:3047} INFO - Sync 1 DAGs
[2024-04-14T14:54:29.479+0000] {logging_mixin.py:188} INFO - [2024-04-14T14:54:29.479+0000] {dag.py:3834} INFO - Setting next_dagrun for example_short_circuit_operator to 2024-04-13 00:00:00+00:00, run_after=2024-04-14 00:00:00+00:00
[2024-04-14T14:54:29.506+0000] {processor.py:183} INFO - Processing /home/airflow/.local/lib/python3.8/site-packages/airflow/example_dags/example_short_circuit_operator.py took 0.089 seconds
[2024-04-14T14:55:00.029+0000] {processor.py:161} INFO - Started process (PID=1322) to work on /home/airflow/.local/lib/python3.8/site-packages/airflow/example_dags/example_short_circuit_operator.py
[2024-04-14T14:55:00.030+0000] {processor.py:830} INFO - Processing file /home/airflow/.local/lib/python3.8/site-packages/airflow/example_dags/example_short_circuit_operator.py for tasks to queue
[2024-04-14T14:55:00.032+0000] {logging_mixin.py:188} INFO - [2024-04-14T14:55:00.031+0000] {dagbag.py:540} INFO - Filling up the DagBag from /home/airflow/.local/lib/python3.8/site-packages/airflow/example_dags/example_short_circuit_operator.py
[2024-04-14T14:55:00.043+0000] {processor.py:840} INFO - DAG(s) 'example_short_circuit_operator' retrieved from /home/airflow/.local/lib/python3.8/site-packages/airflow/example_dags/example_short_circuit_operator.py
[2024-04-14T14:55:00.065+0000] {logging_mixin.py:188} INFO - [2024-04-14T14:55:00.065+0000] {dag.py:3047} INFO - Sync 1 DAGs
[2024-04-14T14:55:00.082+0000] {logging_mixin.py:188} INFO - [2024-04-14T14:55:00.082+0000] {dag.py:3834} INFO - Setting next_dagrun for example_short_circuit_operator to 2024-04-13 00:00:00+00:00, run_after=2024-04-14 00:00:00+00:00
[2024-04-14T14:55:00.100+0000] {processor.py:183} INFO - Processing /home/airflow/.local/lib/python3.8/site-packages/airflow/example_dags/example_short_circuit_operator.py took 0.075 seconds
[2024-04-14T14:55:30.400+0000] {processor.py:161} INFO - Started process (PID=1381) to work on /home/airflow/.local/lib/python3.8/site-packages/airflow/example_dags/example_short_circuit_operator.py
[2024-04-14T14:55:30.404+0000] {processor.py:830} INFO - Processing file /home/airflow/.local/lib/python3.8/site-packages/airflow/example_dags/example_short_circuit_operator.py for tasks to queue
[2024-04-14T14:55:30.405+0000] {logging_mixin.py:188} INFO - [2024-04-14T14:55:30.405+0000] {dagbag.py:540} INFO - Filling up the DagBag from /home/airflow/.local/lib/python3.8/site-packages/airflow/example_dags/example_short_circuit_operator.py
[2024-04-14T14:55:30.424+0000] {processor.py:840} INFO - DAG(s) 'example_short_circuit_operator' retrieved from /home/airflow/.local/lib/python3.8/site-packages/airflow/example_dags/example_short_circuit_operator.py
[2024-04-14T14:55:30.472+0000] {logging_mixin.py:188} INFO - [2024-04-14T14:55:30.472+0000] {dag.py:3047} INFO - Sync 1 DAGs
[2024-04-14T14:55:30.511+0000] {logging_mixin.py:188} INFO - [2024-04-14T14:55:30.511+0000] {dag.py:3834} INFO - Setting next_dagrun for example_short_circuit_operator to 2024-04-13 00:00:00+00:00, run_after=2024-04-14 00:00:00+00:00
[2024-04-14T14:55:30.539+0000] {processor.py:183} INFO - Processing /home/airflow/.local/lib/python3.8/site-packages/airflow/example_dags/example_short_circuit_operator.py took 0.143 seconds
[2024-04-14T14:56:00.783+0000] {processor.py:161} INFO - Started process (PID=1440) to work on /home/airflow/.local/lib/python3.8/site-packages/airflow/example_dags/example_short_circuit_operator.py
[2024-04-14T14:56:00.785+0000] {processor.py:830} INFO - Processing file /home/airflow/.local/lib/python3.8/site-packages/airflow/example_dags/example_short_circuit_operator.py for tasks to queue
[2024-04-14T14:56:00.786+0000] {logging_mixin.py:188} INFO - [2024-04-14T14:56:00.786+0000] {dagbag.py:540} INFO - Filling up the DagBag from /home/airflow/.local/lib/python3.8/site-packages/airflow/example_dags/example_short_circuit_operator.py
[2024-04-14T14:56:00.793+0000] {processor.py:840} INFO - DAG(s) 'example_short_circuit_operator' retrieved from /home/airflow/.local/lib/python3.8/site-packages/airflow/example_dags/example_short_circuit_operator.py
[2024-04-14T14:56:00.816+0000] {logging_mixin.py:188} INFO - [2024-04-14T14:56:00.815+0000] {dag.py:3047} INFO - Sync 1 DAGs
[2024-04-14T14:56:00.836+0000] {logging_mixin.py:188} INFO - [2024-04-14T14:56:00.836+0000] {dag.py:3834} INFO - Setting next_dagrun for example_short_circuit_operator to 2024-04-13 00:00:00+00:00, run_after=2024-04-14 00:00:00+00:00
[2024-04-14T14:56:00.859+0000] {processor.py:183} INFO - Processing /home/airflow/.local/lib/python3.8/site-packages/airflow/example_dags/example_short_circuit_operator.py took 0.079 seconds
