[2024-04-14T14:44:21.022+0000] {processor.py:161} INFO - Started process (PID=71) to work on /home/airflow/.local/lib/python3.8/site-packages/airflow/example_dags/example_kubernetes_executor.py
[2024-04-14T14:44:21.042+0000] {processor.py:830} INFO - Processing file /home/airflow/.local/lib/python3.8/site-packages/airflow/example_dags/example_kubernetes_executor.py for tasks to queue
[2024-04-14T14:44:21.164+0000] {logging_mixin.py:188} INFO - [2024-04-14T14:44:21.164+0000] {dagbag.py:540} INFO - Filling up the DagBag from /home/airflow/.local/lib/python3.8/site-packages/airflow/example_dags/example_kubernetes_executor.py
[2024-04-14T14:44:21.274+0000] {processor.py:840} INFO - DAG(s) 'example_kubernetes_executor' retrieved from /home/airflow/.local/lib/python3.8/site-packages/airflow/example_dags/example_kubernetes_executor.py
[2024-04-14T14:44:21.540+0000] {logging_mixin.py:188} INFO - [2024-04-14T14:44:21.539+0000] {dag.py:3047} INFO - Sync 1 DAGs
[2024-04-14T14:44:21.587+0000] {logging_mixin.py:188} INFO - [2024-04-14T14:44:21.587+0000] {dag.py:3834} INFO - Setting next_dagrun for example_kubernetes_executor to None, run_after=None
[2024-04-14T14:44:21.654+0000] {processor.py:183} INFO - Processing /home/airflow/.local/lib/python3.8/site-packages/airflow/example_dags/example_kubernetes_executor.py took 0.704 seconds
[2024-04-14T14:44:51.818+0000] {processor.py:161} INFO - Started process (PID=143) to work on /home/airflow/.local/lib/python3.8/site-packages/airflow/example_dags/example_kubernetes_executor.py
[2024-04-14T14:44:51.820+0000] {processor.py:830} INFO - Processing file /home/airflow/.local/lib/python3.8/site-packages/airflow/example_dags/example_kubernetes_executor.py for tasks to queue
[2024-04-14T14:44:51.822+0000] {logging_mixin.py:188} INFO - [2024-04-14T14:44:51.822+0000] {dagbag.py:540} INFO - Filling up the DagBag from /home/airflow/.local/lib/python3.8/site-packages/airflow/example_dags/example_kubernetes_executor.py
[2024-04-14T14:44:51.841+0000] {processor.py:840} INFO - DAG(s) 'example_kubernetes_executor' retrieved from /home/airflow/.local/lib/python3.8/site-packages/airflow/example_dags/example_kubernetes_executor.py
[2024-04-14T14:44:51.882+0000] {logging_mixin.py:188} INFO - [2024-04-14T14:44:51.881+0000] {dag.py:3047} INFO - Sync 1 DAGs
[2024-04-14T14:44:51.895+0000] {logging_mixin.py:188} INFO - [2024-04-14T14:44:51.895+0000] {dag.py:3834} INFO - Setting next_dagrun for example_kubernetes_executor to None, run_after=None
[2024-04-14T14:44:51.927+0000] {processor.py:183} INFO - Processing /home/airflow/.local/lib/python3.8/site-packages/airflow/example_dags/example_kubernetes_executor.py took 0.111 seconds
[2024-04-14T14:45:22.198+0000] {processor.py:161} INFO - Started process (PID=202) to work on /home/airflow/.local/lib/python3.8/site-packages/airflow/example_dags/example_kubernetes_executor.py
[2024-04-14T14:45:22.199+0000] {processor.py:830} INFO - Processing file /home/airflow/.local/lib/python3.8/site-packages/airflow/example_dags/example_kubernetes_executor.py for tasks to queue
[2024-04-14T14:45:22.201+0000] {logging_mixin.py:188} INFO - [2024-04-14T14:45:22.200+0000] {dagbag.py:540} INFO - Filling up the DagBag from /home/airflow/.local/lib/python3.8/site-packages/airflow/example_dags/example_kubernetes_executor.py
[2024-04-14T14:45:22.212+0000] {processor.py:840} INFO - DAG(s) 'example_kubernetes_executor' retrieved from /home/airflow/.local/lib/python3.8/site-packages/airflow/example_dags/example_kubernetes_executor.py
[2024-04-14T14:45:22.265+0000] {logging_mixin.py:188} INFO - [2024-04-14T14:45:22.264+0000] {dag.py:3047} INFO - Sync 1 DAGs
[2024-04-14T14:45:22.293+0000] {logging_mixin.py:188} INFO - [2024-04-14T14:45:22.292+0000] {dag.py:3834} INFO - Setting next_dagrun for example_kubernetes_executor to None, run_after=None
[2024-04-14T14:45:22.341+0000] {processor.py:183} INFO - Processing /home/airflow/.local/lib/python3.8/site-packages/airflow/example_dags/example_kubernetes_executor.py took 0.145 seconds
[2024-04-14T14:45:52.774+0000] {processor.py:161} INFO - Started process (PID=261) to work on /home/airflow/.local/lib/python3.8/site-packages/airflow/example_dags/example_kubernetes_executor.py
[2024-04-14T14:45:52.778+0000] {processor.py:830} INFO - Processing file /home/airflow/.local/lib/python3.8/site-packages/airflow/example_dags/example_kubernetes_executor.py for tasks to queue
[2024-04-14T14:45:52.783+0000] {logging_mixin.py:188} INFO - [2024-04-14T14:45:52.781+0000] {dagbag.py:540} INFO - Filling up the DagBag from /home/airflow/.local/lib/python3.8/site-packages/airflow/example_dags/example_kubernetes_executor.py
[2024-04-14T14:45:52.818+0000] {processor.py:840} INFO - DAG(s) 'example_kubernetes_executor' retrieved from /home/airflow/.local/lib/python3.8/site-packages/airflow/example_dags/example_kubernetes_executor.py
[2024-04-14T14:45:52.864+0000] {logging_mixin.py:188} INFO - [2024-04-14T14:45:52.864+0000] {dag.py:3047} INFO - Sync 1 DAGs
[2024-04-14T14:45:52.879+0000] {logging_mixin.py:188} INFO - [2024-04-14T14:45:52.878+0000] {dag.py:3834} INFO - Setting next_dagrun for example_kubernetes_executor to None, run_after=None
[2024-04-14T14:45:52.904+0000] {processor.py:183} INFO - Processing /home/airflow/.local/lib/python3.8/site-packages/airflow/example_dags/example_kubernetes_executor.py took 0.135 seconds
[2024-04-14T14:46:23.644+0000] {processor.py:161} INFO - Started process (PID=320) to work on /home/airflow/.local/lib/python3.8/site-packages/airflow/example_dags/example_kubernetes_executor.py
[2024-04-14T14:46:23.646+0000] {processor.py:830} INFO - Processing file /home/airflow/.local/lib/python3.8/site-packages/airflow/example_dags/example_kubernetes_executor.py for tasks to queue
[2024-04-14T14:46:23.647+0000] {logging_mixin.py:188} INFO - [2024-04-14T14:46:23.647+0000] {dagbag.py:540} INFO - Filling up the DagBag from /home/airflow/.local/lib/python3.8/site-packages/airflow/example_dags/example_kubernetes_executor.py
[2024-04-14T14:46:23.660+0000] {processor.py:840} INFO - DAG(s) 'example_kubernetes_executor' retrieved from /home/airflow/.local/lib/python3.8/site-packages/airflow/example_dags/example_kubernetes_executor.py
[2024-04-14T14:46:23.702+0000] {logging_mixin.py:188} INFO - [2024-04-14T14:46:23.702+0000] {dag.py:3047} INFO - Sync 1 DAGs
[2024-04-14T14:46:23.716+0000] {logging_mixin.py:188} INFO - [2024-04-14T14:46:23.716+0000] {dag.py:3834} INFO - Setting next_dagrun for example_kubernetes_executor to None, run_after=None
[2024-04-14T14:46:23.741+0000] {processor.py:183} INFO - Processing /home/airflow/.local/lib/python3.8/site-packages/airflow/example_dags/example_kubernetes_executor.py took 0.100 seconds
[2024-04-14T14:46:54.496+0000] {processor.py:161} INFO - Started process (PID=379) to work on /home/airflow/.local/lib/python3.8/site-packages/airflow/example_dags/example_kubernetes_executor.py
[2024-04-14T14:46:54.497+0000] {processor.py:830} INFO - Processing file /home/airflow/.local/lib/python3.8/site-packages/airflow/example_dags/example_kubernetes_executor.py for tasks to queue
[2024-04-14T14:46:54.498+0000] {logging_mixin.py:188} INFO - [2024-04-14T14:46:54.497+0000] {dagbag.py:540} INFO - Filling up the DagBag from /home/airflow/.local/lib/python3.8/site-packages/airflow/example_dags/example_kubernetes_executor.py
[2024-04-14T14:46:54.528+0000] {processor.py:840} INFO - DAG(s) 'example_kubernetes_executor' retrieved from /home/airflow/.local/lib/python3.8/site-packages/airflow/example_dags/example_kubernetes_executor.py
[2024-04-14T14:46:54.581+0000] {logging_mixin.py:188} INFO - [2024-04-14T14:46:54.580+0000] {dag.py:3047} INFO - Sync 1 DAGs
[2024-04-14T14:46:54.597+0000] {logging_mixin.py:188} INFO - [2024-04-14T14:46:54.596+0000] {dag.py:3834} INFO - Setting next_dagrun for example_kubernetes_executor to None, run_after=None
[2024-04-14T14:46:54.620+0000] {processor.py:183} INFO - Processing /home/airflow/.local/lib/python3.8/site-packages/airflow/example_dags/example_kubernetes_executor.py took 0.128 seconds
[2024-04-14T14:47:25.654+0000] {processor.py:161} INFO - Started process (PID=439) to work on /home/airflow/.local/lib/python3.8/site-packages/airflow/example_dags/example_kubernetes_executor.py
[2024-04-14T14:47:25.656+0000] {processor.py:830} INFO - Processing file /home/airflow/.local/lib/python3.8/site-packages/airflow/example_dags/example_kubernetes_executor.py for tasks to queue
[2024-04-14T14:47:25.658+0000] {logging_mixin.py:188} INFO - [2024-04-14T14:47:25.658+0000] {dagbag.py:540} INFO - Filling up the DagBag from /home/airflow/.local/lib/python3.8/site-packages/airflow/example_dags/example_kubernetes_executor.py
[2024-04-14T14:47:25.685+0000] {processor.py:840} INFO - DAG(s) 'example_kubernetes_executor' retrieved from /home/airflow/.local/lib/python3.8/site-packages/airflow/example_dags/example_kubernetes_executor.py
[2024-04-14T14:47:25.733+0000] {logging_mixin.py:188} INFO - [2024-04-14T14:47:25.733+0000] {dag.py:3047} INFO - Sync 1 DAGs
[2024-04-14T14:47:25.747+0000] {logging_mixin.py:188} INFO - [2024-04-14T14:47:25.747+0000] {dag.py:3834} INFO - Setting next_dagrun for example_kubernetes_executor to None, run_after=None
[2024-04-14T14:47:25.767+0000] {processor.py:183} INFO - Processing /home/airflow/.local/lib/python3.8/site-packages/airflow/example_dags/example_kubernetes_executor.py took 0.119 seconds
[2024-04-14T14:47:56.557+0000] {processor.py:161} INFO - Started process (PID=498) to work on /home/airflow/.local/lib/python3.8/site-packages/airflow/example_dags/example_kubernetes_executor.py
[2024-04-14T14:47:56.559+0000] {processor.py:830} INFO - Processing file /home/airflow/.local/lib/python3.8/site-packages/airflow/example_dags/example_kubernetes_executor.py for tasks to queue
[2024-04-14T14:47:56.560+0000] {logging_mixin.py:188} INFO - [2024-04-14T14:47:56.560+0000] {dagbag.py:540} INFO - Filling up the DagBag from /home/airflow/.local/lib/python3.8/site-packages/airflow/example_dags/example_kubernetes_executor.py
[2024-04-14T14:47:56.572+0000] {processor.py:840} INFO - DAG(s) 'example_kubernetes_executor' retrieved from /home/airflow/.local/lib/python3.8/site-packages/airflow/example_dags/example_kubernetes_executor.py
[2024-04-14T14:47:56.607+0000] {logging_mixin.py:188} INFO - [2024-04-14T14:47:56.607+0000] {dag.py:3047} INFO - Sync 1 DAGs
[2024-04-14T14:47:56.618+0000] {logging_mixin.py:188} INFO - [2024-04-14T14:47:56.618+0000] {dag.py:3834} INFO - Setting next_dagrun for example_kubernetes_executor to None, run_after=None
[2024-04-14T14:47:56.639+0000] {processor.py:183} INFO - Processing /home/airflow/.local/lib/python3.8/site-packages/airflow/example_dags/example_kubernetes_executor.py took 0.085 seconds
[2024-04-14T14:48:26.720+0000] {processor.py:161} INFO - Started process (PID=557) to work on /home/airflow/.local/lib/python3.8/site-packages/airflow/example_dags/example_kubernetes_executor.py
[2024-04-14T14:48:26.721+0000] {processor.py:830} INFO - Processing file /home/airflow/.local/lib/python3.8/site-packages/airflow/example_dags/example_kubernetes_executor.py for tasks to queue
[2024-04-14T14:48:26.722+0000] {logging_mixin.py:188} INFO - [2024-04-14T14:48:26.722+0000] {dagbag.py:540} INFO - Filling up the DagBag from /home/airflow/.local/lib/python3.8/site-packages/airflow/example_dags/example_kubernetes_executor.py
[2024-04-14T14:48:26.734+0000] {processor.py:840} INFO - DAG(s) 'example_kubernetes_executor' retrieved from /home/airflow/.local/lib/python3.8/site-packages/airflow/example_dags/example_kubernetes_executor.py
[2024-04-14T14:48:26.770+0000] {logging_mixin.py:188} INFO - [2024-04-14T14:48:26.770+0000] {dag.py:3047} INFO - Sync 1 DAGs
[2024-04-14T14:48:26.781+0000] {logging_mixin.py:188} INFO - [2024-04-14T14:48:26.781+0000] {dag.py:3834} INFO - Setting next_dagrun for example_kubernetes_executor to None, run_after=None
[2024-04-14T14:48:26.797+0000] {processor.py:183} INFO - Processing /home/airflow/.local/lib/python3.8/site-packages/airflow/example_dags/example_kubernetes_executor.py took 0.079 seconds
[2024-04-14T14:48:57.114+0000] {processor.py:161} INFO - Started process (PID=616) to work on /home/airflow/.local/lib/python3.8/site-packages/airflow/example_dags/example_kubernetes_executor.py
[2024-04-14T14:48:57.116+0000] {processor.py:830} INFO - Processing file /home/airflow/.local/lib/python3.8/site-packages/airflow/example_dags/example_kubernetes_executor.py for tasks to queue
[2024-04-14T14:48:57.117+0000] {logging_mixin.py:188} INFO - [2024-04-14T14:48:57.117+0000] {dagbag.py:540} INFO - Filling up the DagBag from /home/airflow/.local/lib/python3.8/site-packages/airflow/example_dags/example_kubernetes_executor.py
[2024-04-14T14:48:57.145+0000] {processor.py:840} INFO - DAG(s) 'example_kubernetes_executor' retrieved from /home/airflow/.local/lib/python3.8/site-packages/airflow/example_dags/example_kubernetes_executor.py
[2024-04-14T14:48:57.189+0000] {logging_mixin.py:188} INFO - [2024-04-14T14:48:57.189+0000] {dag.py:3047} INFO - Sync 1 DAGs
[2024-04-14T14:48:57.241+0000] {logging_mixin.py:188} INFO - [2024-04-14T14:48:57.240+0000] {dag.py:3834} INFO - Setting next_dagrun for example_kubernetes_executor to None, run_after=None
[2024-04-14T14:48:57.298+0000] {processor.py:183} INFO - Processing /home/airflow/.local/lib/python3.8/site-packages/airflow/example_dags/example_kubernetes_executor.py took 0.187 seconds
[2024-04-14T14:49:27.670+0000] {processor.py:161} INFO - Started process (PID=675) to work on /home/airflow/.local/lib/python3.8/site-packages/airflow/example_dags/example_kubernetes_executor.py
[2024-04-14T14:49:27.672+0000] {processor.py:830} INFO - Processing file /home/airflow/.local/lib/python3.8/site-packages/airflow/example_dags/example_kubernetes_executor.py for tasks to queue
[2024-04-14T14:49:27.673+0000] {logging_mixin.py:188} INFO - [2024-04-14T14:49:27.672+0000] {dagbag.py:540} INFO - Filling up the DagBag from /home/airflow/.local/lib/python3.8/site-packages/airflow/example_dags/example_kubernetes_executor.py
[2024-04-14T14:49:27.686+0000] {processor.py:840} INFO - DAG(s) 'example_kubernetes_executor' retrieved from /home/airflow/.local/lib/python3.8/site-packages/airflow/example_dags/example_kubernetes_executor.py
[2024-04-14T14:49:27.725+0000] {logging_mixin.py:188} INFO - [2024-04-14T14:49:27.725+0000] {dag.py:3047} INFO - Sync 1 DAGs
[2024-04-14T14:49:27.747+0000] {logging_mixin.py:188} INFO - [2024-04-14T14:49:27.747+0000] {dag.py:3834} INFO - Setting next_dagrun for example_kubernetes_executor to None, run_after=None
[2024-04-14T14:49:27.810+0000] {processor.py:183} INFO - Processing /home/airflow/.local/lib/python3.8/site-packages/airflow/example_dags/example_kubernetes_executor.py took 0.143 seconds
[2024-04-14T14:49:57.948+0000] {processor.py:161} INFO - Started process (PID=734) to work on /home/airflow/.local/lib/python3.8/site-packages/airflow/example_dags/example_kubernetes_executor.py
[2024-04-14T14:49:57.949+0000] {processor.py:830} INFO - Processing file /home/airflow/.local/lib/python3.8/site-packages/airflow/example_dags/example_kubernetes_executor.py for tasks to queue
[2024-04-14T14:49:57.950+0000] {logging_mixin.py:188} INFO - [2024-04-14T14:49:57.949+0000] {dagbag.py:540} INFO - Filling up the DagBag from /home/airflow/.local/lib/python3.8/site-packages/airflow/example_dags/example_kubernetes_executor.py
[2024-04-14T14:49:57.962+0000] {processor.py:840} INFO - DAG(s) 'example_kubernetes_executor' retrieved from /home/airflow/.local/lib/python3.8/site-packages/airflow/example_dags/example_kubernetes_executor.py
[2024-04-14T14:49:58.000+0000] {logging_mixin.py:188} INFO - [2024-04-14T14:49:58.000+0000] {dag.py:3047} INFO - Sync 1 DAGs
[2024-04-14T14:49:58.015+0000] {logging_mixin.py:188} INFO - [2024-04-14T14:49:58.015+0000] {dag.py:3834} INFO - Setting next_dagrun for example_kubernetes_executor to None, run_after=None
[2024-04-14T14:49:58.035+0000] {processor.py:183} INFO - Processing /home/airflow/.local/lib/python3.8/site-packages/airflow/example_dags/example_kubernetes_executor.py took 0.091 seconds
[2024-04-14T14:50:28.557+0000] {processor.py:161} INFO - Started process (PID=794) to work on /home/airflow/.local/lib/python3.8/site-packages/airflow/example_dags/example_kubernetes_executor.py
[2024-04-14T14:50:28.559+0000] {processor.py:830} INFO - Processing file /home/airflow/.local/lib/python3.8/site-packages/airflow/example_dags/example_kubernetes_executor.py for tasks to queue
[2024-04-14T14:50:28.560+0000] {logging_mixin.py:188} INFO - [2024-04-14T14:50:28.560+0000] {dagbag.py:540} INFO - Filling up the DagBag from /home/airflow/.local/lib/python3.8/site-packages/airflow/example_dags/example_kubernetes_executor.py
[2024-04-14T14:50:28.577+0000] {processor.py:840} INFO - DAG(s) 'example_kubernetes_executor' retrieved from /home/airflow/.local/lib/python3.8/site-packages/airflow/example_dags/example_kubernetes_executor.py
[2024-04-14T14:50:28.628+0000] {logging_mixin.py:188} INFO - [2024-04-14T14:50:28.627+0000] {dag.py:3047} INFO - Sync 1 DAGs
[2024-04-14T14:50:28.645+0000] {logging_mixin.py:188} INFO - [2024-04-14T14:50:28.644+0000] {dag.py:3834} INFO - Setting next_dagrun for example_kubernetes_executor to None, run_after=None
[2024-04-14T14:50:28.678+0000] {processor.py:183} INFO - Processing /home/airflow/.local/lib/python3.8/site-packages/airflow/example_dags/example_kubernetes_executor.py took 0.124 seconds
[2024-04-14T14:50:58.726+0000] {processor.py:161} INFO - Started process (PID=853) to work on /home/airflow/.local/lib/python3.8/site-packages/airflow/example_dags/example_kubernetes_executor.py
[2024-04-14T14:50:58.727+0000] {processor.py:830} INFO - Processing file /home/airflow/.local/lib/python3.8/site-packages/airflow/example_dags/example_kubernetes_executor.py for tasks to queue
[2024-04-14T14:50:58.728+0000] {logging_mixin.py:188} INFO - [2024-04-14T14:50:58.728+0000] {dagbag.py:540} INFO - Filling up the DagBag from /home/airflow/.local/lib/python3.8/site-packages/airflow/example_dags/example_kubernetes_executor.py
[2024-04-14T14:50:58.741+0000] {processor.py:840} INFO - DAG(s) 'example_kubernetes_executor' retrieved from /home/airflow/.local/lib/python3.8/site-packages/airflow/example_dags/example_kubernetes_executor.py
[2024-04-14T14:50:58.783+0000] {logging_mixin.py:188} INFO - [2024-04-14T14:50:58.782+0000] {dag.py:3047} INFO - Sync 1 DAGs
[2024-04-14T14:50:58.797+0000] {logging_mixin.py:188} INFO - [2024-04-14T14:50:58.796+0000] {dag.py:3834} INFO - Setting next_dagrun for example_kubernetes_executor to None, run_after=None
[2024-04-14T14:50:58.815+0000] {processor.py:183} INFO - Processing /home/airflow/.local/lib/python3.8/site-packages/airflow/example_dags/example_kubernetes_executor.py took 0.092 seconds
[2024-04-14T14:51:28.980+0000] {processor.py:161} INFO - Started process (PID=912) to work on /home/airflow/.local/lib/python3.8/site-packages/airflow/example_dags/example_kubernetes_executor.py
[2024-04-14T14:51:28.981+0000] {processor.py:830} INFO - Processing file /home/airflow/.local/lib/python3.8/site-packages/airflow/example_dags/example_kubernetes_executor.py for tasks to queue
[2024-04-14T14:51:28.982+0000] {logging_mixin.py:188} INFO - [2024-04-14T14:51:28.982+0000] {dagbag.py:540} INFO - Filling up the DagBag from /home/airflow/.local/lib/python3.8/site-packages/airflow/example_dags/example_kubernetes_executor.py
[2024-04-14T14:51:28.994+0000] {processor.py:840} INFO - DAG(s) 'example_kubernetes_executor' retrieved from /home/airflow/.local/lib/python3.8/site-packages/airflow/example_dags/example_kubernetes_executor.py
[2024-04-14T14:51:29.032+0000] {logging_mixin.py:188} INFO - [2024-04-14T14:51:29.032+0000] {dag.py:3047} INFO - Sync 1 DAGs
[2024-04-14T14:51:29.044+0000] {logging_mixin.py:188} INFO - [2024-04-14T14:51:29.044+0000] {dag.py:3834} INFO - Setting next_dagrun for example_kubernetes_executor to None, run_after=None
[2024-04-14T14:51:29.064+0000] {processor.py:183} INFO - Processing /home/airflow/.local/lib/python3.8/site-packages/airflow/example_dags/example_kubernetes_executor.py took 0.087 seconds
[2024-04-14T14:51:59.527+0000] {processor.py:161} INFO - Started process (PID=978) to work on /home/airflow/.local/lib/python3.8/site-packages/airflow/example_dags/example_kubernetes_executor.py
[2024-04-14T14:51:59.528+0000] {processor.py:830} INFO - Processing file /home/airflow/.local/lib/python3.8/site-packages/airflow/example_dags/example_kubernetes_executor.py for tasks to queue
[2024-04-14T14:51:59.529+0000] {logging_mixin.py:188} INFO - [2024-04-14T14:51:59.529+0000] {dagbag.py:540} INFO - Filling up the DagBag from /home/airflow/.local/lib/python3.8/site-packages/airflow/example_dags/example_kubernetes_executor.py
[2024-04-14T14:51:59.551+0000] {processor.py:840} INFO - DAG(s) 'example_kubernetes_executor' retrieved from /home/airflow/.local/lib/python3.8/site-packages/airflow/example_dags/example_kubernetes_executor.py
[2024-04-14T14:51:59.592+0000] {logging_mixin.py:188} INFO - [2024-04-14T14:51:59.592+0000] {dag.py:3047} INFO - Sync 1 DAGs
[2024-04-14T14:51:59.605+0000] {logging_mixin.py:188} INFO - [2024-04-14T14:51:59.604+0000] {dag.py:3834} INFO - Setting next_dagrun for example_kubernetes_executor to None, run_after=None
[2024-04-14T14:51:59.624+0000] {processor.py:183} INFO - Processing /home/airflow/.local/lib/python3.8/site-packages/airflow/example_dags/example_kubernetes_executor.py took 0.101 seconds
[2024-04-14T14:52:29.929+0000] {processor.py:161} INFO - Started process (PID=1037) to work on /home/airflow/.local/lib/python3.8/site-packages/airflow/example_dags/example_kubernetes_executor.py
[2024-04-14T14:52:29.930+0000] {processor.py:830} INFO - Processing file /home/airflow/.local/lib/python3.8/site-packages/airflow/example_dags/example_kubernetes_executor.py for tasks to queue
[2024-04-14T14:52:29.931+0000] {logging_mixin.py:188} INFO - [2024-04-14T14:52:29.930+0000] {dagbag.py:540} INFO - Filling up the DagBag from /home/airflow/.local/lib/python3.8/site-packages/airflow/example_dags/example_kubernetes_executor.py
[2024-04-14T14:52:29.942+0000] {processor.py:840} INFO - DAG(s) 'example_kubernetes_executor' retrieved from /home/airflow/.local/lib/python3.8/site-packages/airflow/example_dags/example_kubernetes_executor.py
[2024-04-14T14:52:29.976+0000] {logging_mixin.py:188} INFO - [2024-04-14T14:52:29.975+0000] {dag.py:3047} INFO - Sync 1 DAGs
[2024-04-14T14:52:29.988+0000] {logging_mixin.py:188} INFO - [2024-04-14T14:52:29.988+0000] {dag.py:3834} INFO - Setting next_dagrun for example_kubernetes_executor to None, run_after=None
[2024-04-14T14:52:30.011+0000] {processor.py:183} INFO - Processing /home/airflow/.local/lib/python3.8/site-packages/airflow/example_dags/example_kubernetes_executor.py took 0.084 seconds
[2024-04-14T14:53:00.864+0000] {processor.py:161} INFO - Started process (PID=1096) to work on /home/airflow/.local/lib/python3.8/site-packages/airflow/example_dags/example_kubernetes_executor.py
[2024-04-14T14:53:00.866+0000] {processor.py:830} INFO - Processing file /home/airflow/.local/lib/python3.8/site-packages/airflow/example_dags/example_kubernetes_executor.py for tasks to queue
[2024-04-14T14:53:00.867+0000] {logging_mixin.py:188} INFO - [2024-04-14T14:53:00.867+0000] {dagbag.py:540} INFO - Filling up the DagBag from /home/airflow/.local/lib/python3.8/site-packages/airflow/example_dags/example_kubernetes_executor.py
[2024-04-14T14:53:00.881+0000] {processor.py:840} INFO - DAG(s) 'example_kubernetes_executor' retrieved from /home/airflow/.local/lib/python3.8/site-packages/airflow/example_dags/example_kubernetes_executor.py
[2024-04-14T14:53:00.916+0000] {logging_mixin.py:188} INFO - [2024-04-14T14:53:00.915+0000] {dag.py:3047} INFO - Sync 1 DAGs
[2024-04-14T14:53:00.925+0000] {logging_mixin.py:188} INFO - [2024-04-14T14:53:00.925+0000] {dag.py:3834} INFO - Setting next_dagrun for example_kubernetes_executor to None, run_after=None
[2024-04-14T14:53:00.943+0000] {processor.py:183} INFO - Processing /home/airflow/.local/lib/python3.8/site-packages/airflow/example_dags/example_kubernetes_executor.py took 0.082 seconds
[2024-04-14T14:53:31.445+0000] {processor.py:161} INFO - Started process (PID=1155) to work on /home/airflow/.local/lib/python3.8/site-packages/airflow/example_dags/example_kubernetes_executor.py
[2024-04-14T14:53:31.447+0000] {processor.py:830} INFO - Processing file /home/airflow/.local/lib/python3.8/site-packages/airflow/example_dags/example_kubernetes_executor.py for tasks to queue
[2024-04-14T14:53:31.448+0000] {logging_mixin.py:188} INFO - [2024-04-14T14:53:31.448+0000] {dagbag.py:540} INFO - Filling up the DagBag from /home/airflow/.local/lib/python3.8/site-packages/airflow/example_dags/example_kubernetes_executor.py
[2024-04-14T14:53:31.466+0000] {processor.py:840} INFO - DAG(s) 'example_kubernetes_executor' retrieved from /home/airflow/.local/lib/python3.8/site-packages/airflow/example_dags/example_kubernetes_executor.py
[2024-04-14T14:53:31.511+0000] {logging_mixin.py:188} INFO - [2024-04-14T14:53:31.510+0000] {dag.py:3047} INFO - Sync 1 DAGs
[2024-04-14T14:53:31.525+0000] {logging_mixin.py:188} INFO - [2024-04-14T14:53:31.524+0000] {dag.py:3834} INFO - Setting next_dagrun for example_kubernetes_executor to None, run_after=None
[2024-04-14T14:53:31.551+0000] {processor.py:183} INFO - Processing /home/airflow/.local/lib/python3.8/site-packages/airflow/example_dags/example_kubernetes_executor.py took 0.111 seconds
[2024-04-14T14:54:02.301+0000] {processor.py:161} INFO - Started process (PID=1213) to work on /home/airflow/.local/lib/python3.8/site-packages/airflow/example_dags/example_kubernetes_executor.py
[2024-04-14T14:54:02.302+0000] {processor.py:830} INFO - Processing file /home/airflow/.local/lib/python3.8/site-packages/airflow/example_dags/example_kubernetes_executor.py for tasks to queue
[2024-04-14T14:54:02.304+0000] {logging_mixin.py:188} INFO - [2024-04-14T14:54:02.303+0000] {dagbag.py:540} INFO - Filling up the DagBag from /home/airflow/.local/lib/python3.8/site-packages/airflow/example_dags/example_kubernetes_executor.py
[2024-04-14T14:54:02.319+0000] {processor.py:840} INFO - DAG(s) 'example_kubernetes_executor' retrieved from /home/airflow/.local/lib/python3.8/site-packages/airflow/example_dags/example_kubernetes_executor.py
[2024-04-14T14:54:02.364+0000] {logging_mixin.py:188} INFO - [2024-04-14T14:54:02.363+0000] {dag.py:3047} INFO - Sync 1 DAGs
[2024-04-14T14:54:02.380+0000] {logging_mixin.py:188} INFO - [2024-04-14T14:54:02.380+0000] {dag.py:3834} INFO - Setting next_dagrun for example_kubernetes_executor to None, run_after=None
[2024-04-14T14:54:02.404+0000] {processor.py:183} INFO - Processing /home/airflow/.local/lib/python3.8/site-packages/airflow/example_dags/example_kubernetes_executor.py took 0.106 seconds
[2024-04-14T14:54:33.006+0000] {processor.py:161} INFO - Started process (PID=1272) to work on /home/airflow/.local/lib/python3.8/site-packages/airflow/example_dags/example_kubernetes_executor.py
[2024-04-14T14:54:33.007+0000] {processor.py:830} INFO - Processing file /home/airflow/.local/lib/python3.8/site-packages/airflow/example_dags/example_kubernetes_executor.py for tasks to queue
[2024-04-14T14:54:33.010+0000] {logging_mixin.py:188} INFO - [2024-04-14T14:54:33.010+0000] {dagbag.py:540} INFO - Filling up the DagBag from /home/airflow/.local/lib/python3.8/site-packages/airflow/example_dags/example_kubernetes_executor.py
[2024-04-14T14:54:33.030+0000] {processor.py:840} INFO - DAG(s) 'example_kubernetes_executor' retrieved from /home/airflow/.local/lib/python3.8/site-packages/airflow/example_dags/example_kubernetes_executor.py
[2024-04-14T14:54:33.072+0000] {logging_mixin.py:188} INFO - [2024-04-14T14:54:33.071+0000] {dag.py:3047} INFO - Sync 1 DAGs
[2024-04-14T14:54:33.089+0000] {logging_mixin.py:188} INFO - [2024-04-14T14:54:33.089+0000] {dag.py:3834} INFO - Setting next_dagrun for example_kubernetes_executor to None, run_after=None
[2024-04-14T14:54:33.117+0000] {processor.py:183} INFO - Processing /home/airflow/.local/lib/python3.8/site-packages/airflow/example_dags/example_kubernetes_executor.py took 0.116 seconds
[2024-04-14T14:55:03.546+0000] {processor.py:161} INFO - Started process (PID=1331) to work on /home/airflow/.local/lib/python3.8/site-packages/airflow/example_dags/example_kubernetes_executor.py
[2024-04-14T14:55:03.548+0000] {processor.py:830} INFO - Processing file /home/airflow/.local/lib/python3.8/site-packages/airflow/example_dags/example_kubernetes_executor.py for tasks to queue
[2024-04-14T14:55:03.549+0000] {logging_mixin.py:188} INFO - [2024-04-14T14:55:03.548+0000] {dagbag.py:540} INFO - Filling up the DagBag from /home/airflow/.local/lib/python3.8/site-packages/airflow/example_dags/example_kubernetes_executor.py
[2024-04-14T14:55:03.561+0000] {processor.py:840} INFO - DAG(s) 'example_kubernetes_executor' retrieved from /home/airflow/.local/lib/python3.8/site-packages/airflow/example_dags/example_kubernetes_executor.py
[2024-04-14T14:55:03.600+0000] {logging_mixin.py:188} INFO - [2024-04-14T14:55:03.600+0000] {dag.py:3047} INFO - Sync 1 DAGs
[2024-04-14T14:55:03.613+0000] {logging_mixin.py:188} INFO - [2024-04-14T14:55:03.612+0000] {dag.py:3834} INFO - Setting next_dagrun for example_kubernetes_executor to None, run_after=None
[2024-04-14T14:55:03.635+0000] {processor.py:183} INFO - Processing /home/airflow/.local/lib/python3.8/site-packages/airflow/example_dags/example_kubernetes_executor.py took 0.090 seconds
[2024-04-14T14:55:33.925+0000] {processor.py:161} INFO - Started process (PID=1390) to work on /home/airflow/.local/lib/python3.8/site-packages/airflow/example_dags/example_kubernetes_executor.py
[2024-04-14T14:55:33.926+0000] {processor.py:830} INFO - Processing file /home/airflow/.local/lib/python3.8/site-packages/airflow/example_dags/example_kubernetes_executor.py for tasks to queue
[2024-04-14T14:55:33.927+0000] {logging_mixin.py:188} INFO - [2024-04-14T14:55:33.927+0000] {dagbag.py:540} INFO - Filling up the DagBag from /home/airflow/.local/lib/python3.8/site-packages/airflow/example_dags/example_kubernetes_executor.py
[2024-04-14T14:55:33.939+0000] {processor.py:840} INFO - DAG(s) 'example_kubernetes_executor' retrieved from /home/airflow/.local/lib/python3.8/site-packages/airflow/example_dags/example_kubernetes_executor.py
[2024-04-14T14:55:33.971+0000] {logging_mixin.py:188} INFO - [2024-04-14T14:55:33.971+0000] {dag.py:3047} INFO - Sync 1 DAGs
[2024-04-14T14:55:33.985+0000] {logging_mixin.py:188} INFO - [2024-04-14T14:55:33.985+0000] {dag.py:3834} INFO - Setting next_dagrun for example_kubernetes_executor to None, run_after=None
[2024-04-14T14:55:34.004+0000] {processor.py:183} INFO - Processing /home/airflow/.local/lib/python3.8/site-packages/airflow/example_dags/example_kubernetes_executor.py took 0.081 seconds
[2024-04-14T14:56:04.317+0000] {processor.py:161} INFO - Started process (PID=1449) to work on /home/airflow/.local/lib/python3.8/site-packages/airflow/example_dags/example_kubernetes_executor.py
[2024-04-14T14:56:04.318+0000] {processor.py:830} INFO - Processing file /home/airflow/.local/lib/python3.8/site-packages/airflow/example_dags/example_kubernetes_executor.py for tasks to queue
[2024-04-14T14:56:04.319+0000] {logging_mixin.py:188} INFO - [2024-04-14T14:56:04.319+0000] {dagbag.py:540} INFO - Filling up the DagBag from /home/airflow/.local/lib/python3.8/site-packages/airflow/example_dags/example_kubernetes_executor.py
[2024-04-14T14:56:04.334+0000] {processor.py:840} INFO - DAG(s) 'example_kubernetes_executor' retrieved from /home/airflow/.local/lib/python3.8/site-packages/airflow/example_dags/example_kubernetes_executor.py
[2024-04-14T14:56:04.375+0000] {logging_mixin.py:188} INFO - [2024-04-14T14:56:04.374+0000] {dag.py:3047} INFO - Sync 1 DAGs
[2024-04-14T14:56:04.391+0000] {logging_mixin.py:188} INFO - [2024-04-14T14:56:04.391+0000] {dag.py:3834} INFO - Setting next_dagrun for example_kubernetes_executor to None, run_after=None
[2024-04-14T14:56:04.415+0000] {processor.py:183} INFO - Processing /home/airflow/.local/lib/python3.8/site-packages/airflow/example_dags/example_kubernetes_executor.py took 0.102 seconds
[2024-04-14T14:56:34.835+0000] {processor.py:161} INFO - Started process (PID=1508) to work on /home/airflow/.local/lib/python3.8/site-packages/airflow/example_dags/example_kubernetes_executor.py
[2024-04-14T14:56:34.837+0000] {processor.py:830} INFO - Processing file /home/airflow/.local/lib/python3.8/site-packages/airflow/example_dags/example_kubernetes_executor.py for tasks to queue
[2024-04-14T14:56:34.839+0000] {logging_mixin.py:188} INFO - [2024-04-14T14:56:34.838+0000] {dagbag.py:540} INFO - Filling up the DagBag from /home/airflow/.local/lib/python3.8/site-packages/airflow/example_dags/example_kubernetes_executor.py
[2024-04-14T14:56:34.867+0000] {processor.py:840} INFO - DAG(s) 'example_kubernetes_executor' retrieved from /home/airflow/.local/lib/python3.8/site-packages/airflow/example_dags/example_kubernetes_executor.py
[2024-04-14T14:56:34.935+0000] {logging_mixin.py:188} INFO - [2024-04-14T14:56:34.934+0000] {dag.py:3047} INFO - Sync 1 DAGs
[2024-04-14T14:56:34.972+0000] {logging_mixin.py:188} INFO - [2024-04-14T14:56:34.970+0000] {dag.py:3834} INFO - Setting next_dagrun for example_kubernetes_executor to None, run_after=None
[2024-04-14T14:56:35.035+0000] {processor.py:183} INFO - Processing /home/airflow/.local/lib/python3.8/site-packages/airflow/example_dags/example_kubernetes_executor.py took 0.206 seconds
