[2024-04-14T14:44:24.009+0000] {processor.py:161} INFO - Started process (PID=88) to work on /home/airflow/.local/lib/python3.8/site-packages/airflow/example_dags/example_nested_branch_dag.py
[2024-04-14T14:44:24.011+0000] {processor.py:830} INFO - Processing file /home/airflow/.local/lib/python3.8/site-packages/airflow/example_dags/example_nested_branch_dag.py for tasks to queue
[2024-04-14T14:44:24.014+0000] {logging_mixin.py:188} INFO - [2024-04-14T14:44:24.014+0000] {dagbag.py:540} INFO - Filling up the DagBag from /home/airflow/.local/lib/python3.8/site-packages/airflow/example_dags/example_nested_branch_dag.py
[2024-04-14T14:44:24.035+0000] {processor.py:840} INFO - DAG(s) 'example_nested_branch_dag' retrieved from /home/airflow/.local/lib/python3.8/site-packages/airflow/example_dags/example_nested_branch_dag.py
[2024-04-14T14:44:24.079+0000] {logging_mixin.py:188} INFO - [2024-04-14T14:44:24.078+0000] {dag.py:3047} INFO - Sync 1 DAGs
[2024-04-14T14:44:24.117+0000] {logging_mixin.py:188} INFO - [2024-04-14T14:44:24.117+0000] {dag.py:3834} INFO - Setting next_dagrun for example_nested_branch_dag to 2024-04-13 00:00:00+00:00, run_after=2024-04-14 00:00:00+00:00
[2024-04-14T14:44:24.156+0000] {processor.py:183} INFO - Processing /home/airflow/.local/lib/python3.8/site-packages/airflow/example_dags/example_nested_branch_dag.py took 0.153 seconds
[2024-04-14T14:44:54.368+0000] {processor.py:161} INFO - Started process (PID=160) to work on /home/airflow/.local/lib/python3.8/site-packages/airflow/example_dags/example_nested_branch_dag.py
[2024-04-14T14:44:54.374+0000] {processor.py:830} INFO - Processing file /home/airflow/.local/lib/python3.8/site-packages/airflow/example_dags/example_nested_branch_dag.py for tasks to queue
[2024-04-14T14:44:54.380+0000] {logging_mixin.py:188} INFO - [2024-04-14T14:44:54.379+0000] {dagbag.py:540} INFO - Filling up the DagBag from /home/airflow/.local/lib/python3.8/site-packages/airflow/example_dags/example_nested_branch_dag.py
[2024-04-14T14:44:54.414+0000] {processor.py:840} INFO - DAG(s) 'example_nested_branch_dag' retrieved from /home/airflow/.local/lib/python3.8/site-packages/airflow/example_dags/example_nested_branch_dag.py
[2024-04-14T14:44:54.470+0000] {logging_mixin.py:188} INFO - [2024-04-14T14:44:54.470+0000] {dag.py:3047} INFO - Sync 1 DAGs
[2024-04-14T14:44:54.500+0000] {logging_mixin.py:188} INFO - [2024-04-14T14:44:54.500+0000] {dag.py:3834} INFO - Setting next_dagrun for example_nested_branch_dag to 2024-04-13 00:00:00+00:00, run_after=2024-04-14 00:00:00+00:00
[2024-04-14T14:44:54.527+0000] {processor.py:183} INFO - Processing /home/airflow/.local/lib/python3.8/site-packages/airflow/example_dags/example_nested_branch_dag.py took 0.169 seconds
[2024-04-14T14:45:24.991+0000] {processor.py:161} INFO - Started process (PID=219) to work on /home/airflow/.local/lib/python3.8/site-packages/airflow/example_dags/example_nested_branch_dag.py
[2024-04-14T14:45:24.992+0000] {processor.py:830} INFO - Processing file /home/airflow/.local/lib/python3.8/site-packages/airflow/example_dags/example_nested_branch_dag.py for tasks to queue
[2024-04-14T14:45:24.993+0000] {logging_mixin.py:188} INFO - [2024-04-14T14:45:24.993+0000] {dagbag.py:540} INFO - Filling up the DagBag from /home/airflow/.local/lib/python3.8/site-packages/airflow/example_dags/example_nested_branch_dag.py
[2024-04-14T14:45:25.004+0000] {processor.py:840} INFO - DAG(s) 'example_nested_branch_dag' retrieved from /home/airflow/.local/lib/python3.8/site-packages/airflow/example_dags/example_nested_branch_dag.py
[2024-04-14T14:45:25.038+0000] {logging_mixin.py:188} INFO - [2024-04-14T14:45:25.038+0000] {dag.py:3047} INFO - Sync 1 DAGs
[2024-04-14T14:45:25.068+0000] {logging_mixin.py:188} INFO - [2024-04-14T14:45:25.067+0000] {dag.py:3834} INFO - Setting next_dagrun for example_nested_branch_dag to 2024-04-13 00:00:00+00:00, run_after=2024-04-14 00:00:00+00:00
[2024-04-14T14:45:25.095+0000] {processor.py:183} INFO - Processing /home/airflow/.local/lib/python3.8/site-packages/airflow/example_dags/example_nested_branch_dag.py took 0.107 seconds
[2024-04-14T14:45:56.012+0000] {processor.py:161} INFO - Started process (PID=278) to work on /home/airflow/.local/lib/python3.8/site-packages/airflow/example_dags/example_nested_branch_dag.py
[2024-04-14T14:45:56.021+0000] {processor.py:830} INFO - Processing file /home/airflow/.local/lib/python3.8/site-packages/airflow/example_dags/example_nested_branch_dag.py for tasks to queue
[2024-04-14T14:45:56.025+0000] {logging_mixin.py:188} INFO - [2024-04-14T14:45:56.024+0000] {dagbag.py:540} INFO - Filling up the DagBag from /home/airflow/.local/lib/python3.8/site-packages/airflow/example_dags/example_nested_branch_dag.py
[2024-04-14T14:45:56.057+0000] {processor.py:840} INFO - DAG(s) 'example_nested_branch_dag' retrieved from /home/airflow/.local/lib/python3.8/site-packages/airflow/example_dags/example_nested_branch_dag.py
[2024-04-14T14:45:56.104+0000] {logging_mixin.py:188} INFO - [2024-04-14T14:45:56.104+0000] {dag.py:3047} INFO - Sync 1 DAGs
[2024-04-14T14:45:56.176+0000] {logging_mixin.py:188} INFO - [2024-04-14T14:45:56.175+0000] {dag.py:3834} INFO - Setting next_dagrun for example_nested_branch_dag to 2024-04-13 00:00:00+00:00, run_after=2024-04-14 00:00:00+00:00
[2024-04-14T14:45:56.240+0000] {processor.py:183} INFO - Processing /home/airflow/.local/lib/python3.8/site-packages/airflow/example_dags/example_nested_branch_dag.py took 0.231 seconds
[2024-04-14T14:46:26.781+0000] {processor.py:161} INFO - Started process (PID=337) to work on /home/airflow/.local/lib/python3.8/site-packages/airflow/example_dags/example_nested_branch_dag.py
[2024-04-14T14:46:26.785+0000] {processor.py:830} INFO - Processing file /home/airflow/.local/lib/python3.8/site-packages/airflow/example_dags/example_nested_branch_dag.py for tasks to queue
[2024-04-14T14:46:26.787+0000] {logging_mixin.py:188} INFO - [2024-04-14T14:46:26.786+0000] {dagbag.py:540} INFO - Filling up the DagBag from /home/airflow/.local/lib/python3.8/site-packages/airflow/example_dags/example_nested_branch_dag.py
[2024-04-14T14:46:26.803+0000] {processor.py:840} INFO - DAG(s) 'example_nested_branch_dag' retrieved from /home/airflow/.local/lib/python3.8/site-packages/airflow/example_dags/example_nested_branch_dag.py
[2024-04-14T14:46:26.833+0000] {logging_mixin.py:188} INFO - [2024-04-14T14:46:26.832+0000] {dag.py:3047} INFO - Sync 1 DAGs
[2024-04-14T14:46:26.870+0000] {logging_mixin.py:188} INFO - [2024-04-14T14:46:26.869+0000] {dag.py:3834} INFO - Setting next_dagrun for example_nested_branch_dag to 2024-04-13 00:00:00+00:00, run_after=2024-04-14 00:00:00+00:00
[2024-04-14T14:46:26.932+0000] {processor.py:183} INFO - Processing /home/airflow/.local/lib/python3.8/site-packages/airflow/example_dags/example_nested_branch_dag.py took 0.162 seconds
[2024-04-14T14:46:57.129+0000] {processor.py:161} INFO - Started process (PID=396) to work on /home/airflow/.local/lib/python3.8/site-packages/airflow/example_dags/example_nested_branch_dag.py
[2024-04-14T14:46:57.132+0000] {processor.py:830} INFO - Processing file /home/airflow/.local/lib/python3.8/site-packages/airflow/example_dags/example_nested_branch_dag.py for tasks to queue
[2024-04-14T14:46:57.133+0000] {logging_mixin.py:188} INFO - [2024-04-14T14:46:57.133+0000] {dagbag.py:540} INFO - Filling up the DagBag from /home/airflow/.local/lib/python3.8/site-packages/airflow/example_dags/example_nested_branch_dag.py
[2024-04-14T14:46:57.154+0000] {processor.py:840} INFO - DAG(s) 'example_nested_branch_dag' retrieved from /home/airflow/.local/lib/python3.8/site-packages/airflow/example_dags/example_nested_branch_dag.py
[2024-04-14T14:46:57.200+0000] {logging_mixin.py:188} INFO - [2024-04-14T14:46:57.199+0000] {dag.py:3047} INFO - Sync 1 DAGs
[2024-04-14T14:46:57.249+0000] {logging_mixin.py:188} INFO - [2024-04-14T14:46:57.248+0000] {dag.py:3834} INFO - Setting next_dagrun for example_nested_branch_dag to 2024-04-13 00:00:00+00:00, run_after=2024-04-14 00:00:00+00:00
[2024-04-14T14:46:57.295+0000] {processor.py:183} INFO - Processing /home/airflow/.local/lib/python3.8/site-packages/airflow/example_dags/example_nested_branch_dag.py took 0.172 seconds
[2024-04-14T14:47:28.023+0000] {processor.py:161} INFO - Started process (PID=456) to work on /home/airflow/.local/lib/python3.8/site-packages/airflow/example_dags/example_nested_branch_dag.py
[2024-04-14T14:47:28.024+0000] {processor.py:830} INFO - Processing file /home/airflow/.local/lib/python3.8/site-packages/airflow/example_dags/example_nested_branch_dag.py for tasks to queue
[2024-04-14T14:47:28.026+0000] {logging_mixin.py:188} INFO - [2024-04-14T14:47:28.025+0000] {dagbag.py:540} INFO - Filling up the DagBag from /home/airflow/.local/lib/python3.8/site-packages/airflow/example_dags/example_nested_branch_dag.py
[2024-04-14T14:47:28.035+0000] {processor.py:840} INFO - DAG(s) 'example_nested_branch_dag' retrieved from /home/airflow/.local/lib/python3.8/site-packages/airflow/example_dags/example_nested_branch_dag.py
[2024-04-14T14:47:28.057+0000] {logging_mixin.py:188} INFO - [2024-04-14T14:47:28.057+0000] {dag.py:3047} INFO - Sync 1 DAGs
[2024-04-14T14:47:28.077+0000] {logging_mixin.py:188} INFO - [2024-04-14T14:47:28.077+0000] {dag.py:3834} INFO - Setting next_dagrun for example_nested_branch_dag to 2024-04-13 00:00:00+00:00, run_after=2024-04-14 00:00:00+00:00
[2024-04-14T14:47:28.095+0000] {processor.py:183} INFO - Processing /home/airflow/.local/lib/python3.8/site-packages/airflow/example_dags/example_nested_branch_dag.py took 0.076 seconds
[2024-04-14T14:47:59.120+0000] {processor.py:161} INFO - Started process (PID=522) to work on /home/airflow/.local/lib/python3.8/site-packages/airflow/example_dags/example_nested_branch_dag.py
[2024-04-14T14:47:59.122+0000] {processor.py:830} INFO - Processing file /home/airflow/.local/lib/python3.8/site-packages/airflow/example_dags/example_nested_branch_dag.py for tasks to queue
[2024-04-14T14:47:59.123+0000] {logging_mixin.py:188} INFO - [2024-04-14T14:47:59.123+0000] {dagbag.py:540} INFO - Filling up the DagBag from /home/airflow/.local/lib/python3.8/site-packages/airflow/example_dags/example_nested_branch_dag.py
[2024-04-14T14:47:59.135+0000] {processor.py:840} INFO - DAG(s) 'example_nested_branch_dag' retrieved from /home/airflow/.local/lib/python3.8/site-packages/airflow/example_dags/example_nested_branch_dag.py
[2024-04-14T14:47:59.160+0000] {logging_mixin.py:188} INFO - [2024-04-14T14:47:59.160+0000] {dag.py:3047} INFO - Sync 1 DAGs
[2024-04-14T14:47:59.223+0000] {logging_mixin.py:188} INFO - [2024-04-14T14:47:59.223+0000] {dag.py:3834} INFO - Setting next_dagrun for example_nested_branch_dag to 2024-04-13 00:00:00+00:00, run_after=2024-04-14 00:00:00+00:00
[2024-04-14T14:47:59.279+0000] {processor.py:183} INFO - Processing /home/airflow/.local/lib/python3.8/site-packages/airflow/example_dags/example_nested_branch_dag.py took 0.162 seconds
[2024-04-14T14:48:29.890+0000] {processor.py:161} INFO - Started process (PID=581) to work on /home/airflow/.local/lib/python3.8/site-packages/airflow/example_dags/example_nested_branch_dag.py
[2024-04-14T14:48:29.891+0000] {processor.py:830} INFO - Processing file /home/airflow/.local/lib/python3.8/site-packages/airflow/example_dags/example_nested_branch_dag.py for tasks to queue
[2024-04-14T14:48:29.892+0000] {logging_mixin.py:188} INFO - [2024-04-14T14:48:29.892+0000] {dagbag.py:540} INFO - Filling up the DagBag from /home/airflow/.local/lib/python3.8/site-packages/airflow/example_dags/example_nested_branch_dag.py
[2024-04-14T14:48:29.901+0000] {processor.py:840} INFO - DAG(s) 'example_nested_branch_dag' retrieved from /home/airflow/.local/lib/python3.8/site-packages/airflow/example_dags/example_nested_branch_dag.py
[2024-04-14T14:48:29.920+0000] {logging_mixin.py:188} INFO - [2024-04-14T14:48:29.920+0000] {dag.py:3047} INFO - Sync 1 DAGs
[2024-04-14T14:48:29.938+0000] {logging_mixin.py:188} INFO - [2024-04-14T14:48:29.938+0000] {dag.py:3834} INFO - Setting next_dagrun for example_nested_branch_dag to 2024-04-13 00:00:00+00:00, run_after=2024-04-14 00:00:00+00:00
[2024-04-14T14:48:29.956+0000] {processor.py:183} INFO - Processing /home/airflow/.local/lib/python3.8/site-packages/airflow/example_dags/example_nested_branch_dag.py took 0.069 seconds
[2024-04-14T14:49:00.294+0000] {processor.py:161} INFO - Started process (PID=640) to work on /home/airflow/.local/lib/python3.8/site-packages/airflow/example_dags/example_nested_branch_dag.py
[2024-04-14T14:49:00.295+0000] {processor.py:830} INFO - Processing file /home/airflow/.local/lib/python3.8/site-packages/airflow/example_dags/example_nested_branch_dag.py for tasks to queue
[2024-04-14T14:49:00.296+0000] {logging_mixin.py:188} INFO - [2024-04-14T14:49:00.296+0000] {dagbag.py:540} INFO - Filling up the DagBag from /home/airflow/.local/lib/python3.8/site-packages/airflow/example_dags/example_nested_branch_dag.py
[2024-04-14T14:49:00.304+0000] {processor.py:840} INFO - DAG(s) 'example_nested_branch_dag' retrieved from /home/airflow/.local/lib/python3.8/site-packages/airflow/example_dags/example_nested_branch_dag.py
[2024-04-14T14:49:00.326+0000] {logging_mixin.py:188} INFO - [2024-04-14T14:49:00.326+0000] {dag.py:3047} INFO - Sync 1 DAGs
[2024-04-14T14:49:00.348+0000] {logging_mixin.py:188} INFO - [2024-04-14T14:49:00.348+0000] {dag.py:3834} INFO - Setting next_dagrun for example_nested_branch_dag to 2024-04-13 00:00:00+00:00, run_after=2024-04-14 00:00:00+00:00
[2024-04-14T14:49:00.364+0000] {processor.py:183} INFO - Processing /home/airflow/.local/lib/python3.8/site-packages/airflow/example_dags/example_nested_branch_dag.py took 0.073 seconds
[2024-04-14T14:49:30.777+0000] {processor.py:161} INFO - Started process (PID=699) to work on /home/airflow/.local/lib/python3.8/site-packages/airflow/example_dags/example_nested_branch_dag.py
[2024-04-14T14:49:30.779+0000] {processor.py:830} INFO - Processing file /home/airflow/.local/lib/python3.8/site-packages/airflow/example_dags/example_nested_branch_dag.py for tasks to queue
[2024-04-14T14:49:30.780+0000] {logging_mixin.py:188} INFO - [2024-04-14T14:49:30.780+0000] {dagbag.py:540} INFO - Filling up the DagBag from /home/airflow/.local/lib/python3.8/site-packages/airflow/example_dags/example_nested_branch_dag.py
[2024-04-14T14:49:30.789+0000] {processor.py:840} INFO - DAG(s) 'example_nested_branch_dag' retrieved from /home/airflow/.local/lib/python3.8/site-packages/airflow/example_dags/example_nested_branch_dag.py
[2024-04-14T14:49:30.810+0000] {logging_mixin.py:188} INFO - [2024-04-14T14:49:30.809+0000] {dag.py:3047} INFO - Sync 1 DAGs
[2024-04-14T14:49:30.828+0000] {logging_mixin.py:188} INFO - [2024-04-14T14:49:30.828+0000] {dag.py:3834} INFO - Setting next_dagrun for example_nested_branch_dag to 2024-04-13 00:00:00+00:00, run_after=2024-04-14 00:00:00+00:00
[2024-04-14T14:49:30.846+0000] {processor.py:183} INFO - Processing /home/airflow/.local/lib/python3.8/site-packages/airflow/example_dags/example_nested_branch_dag.py took 0.072 seconds
[2024-04-14T14:50:01.336+0000] {processor.py:161} INFO - Started process (PID=759) to work on /home/airflow/.local/lib/python3.8/site-packages/airflow/example_dags/example_nested_branch_dag.py
[2024-04-14T14:50:01.337+0000] {processor.py:830} INFO - Processing file /home/airflow/.local/lib/python3.8/site-packages/airflow/example_dags/example_nested_branch_dag.py for tasks to queue
[2024-04-14T14:50:01.338+0000] {logging_mixin.py:188} INFO - [2024-04-14T14:50:01.338+0000] {dagbag.py:540} INFO - Filling up the DagBag from /home/airflow/.local/lib/python3.8/site-packages/airflow/example_dags/example_nested_branch_dag.py
[2024-04-14T14:50:01.350+0000] {processor.py:840} INFO - DAG(s) 'example_nested_branch_dag' retrieved from /home/airflow/.local/lib/python3.8/site-packages/airflow/example_dags/example_nested_branch_dag.py
[2024-04-14T14:50:01.380+0000] {logging_mixin.py:188} INFO - [2024-04-14T14:50:01.380+0000] {dag.py:3047} INFO - Sync 1 DAGs
[2024-04-14T14:50:01.413+0000] {logging_mixin.py:188} INFO - [2024-04-14T14:50:01.412+0000] {dag.py:3834} INFO - Setting next_dagrun for example_nested_branch_dag to 2024-04-13 00:00:00+00:00, run_after=2024-04-14 00:00:00+00:00
[2024-04-14T14:50:01.446+0000] {processor.py:183} INFO - Processing /home/airflow/.local/lib/python3.8/site-packages/airflow/example_dags/example_nested_branch_dag.py took 0.114 seconds
[2024-04-14T14:50:31.642+0000] {processor.py:161} INFO - Started process (PID=818) to work on /home/airflow/.local/lib/python3.8/site-packages/airflow/example_dags/example_nested_branch_dag.py
[2024-04-14T14:50:31.644+0000] {processor.py:830} INFO - Processing file /home/airflow/.local/lib/python3.8/site-packages/airflow/example_dags/example_nested_branch_dag.py for tasks to queue
[2024-04-14T14:50:31.645+0000] {logging_mixin.py:188} INFO - [2024-04-14T14:50:31.645+0000] {dagbag.py:540} INFO - Filling up the DagBag from /home/airflow/.local/lib/python3.8/site-packages/airflow/example_dags/example_nested_branch_dag.py
[2024-04-14T14:50:31.653+0000] {processor.py:840} INFO - DAG(s) 'example_nested_branch_dag' retrieved from /home/airflow/.local/lib/python3.8/site-packages/airflow/example_dags/example_nested_branch_dag.py
[2024-04-14T14:50:31.671+0000] {logging_mixin.py:188} INFO - [2024-04-14T14:50:31.671+0000] {dag.py:3047} INFO - Sync 1 DAGs
[2024-04-14T14:50:31.694+0000] {logging_mixin.py:188} INFO - [2024-04-14T14:50:31.694+0000] {dag.py:3834} INFO - Setting next_dagrun for example_nested_branch_dag to 2024-04-13 00:00:00+00:00, run_after=2024-04-14 00:00:00+00:00
[2024-04-14T14:50:31.711+0000] {processor.py:183} INFO - Processing /home/airflow/.local/lib/python3.8/site-packages/airflow/example_dags/example_nested_branch_dag.py took 0.072 seconds
[2024-04-14T14:51:02.033+0000] {processor.py:161} INFO - Started process (PID=877) to work on /home/airflow/.local/lib/python3.8/site-packages/airflow/example_dags/example_nested_branch_dag.py
[2024-04-14T14:51:02.034+0000] {processor.py:830} INFO - Processing file /home/airflow/.local/lib/python3.8/site-packages/airflow/example_dags/example_nested_branch_dag.py for tasks to queue
[2024-04-14T14:51:02.035+0000] {logging_mixin.py:188} INFO - [2024-04-14T14:51:02.035+0000] {dagbag.py:540} INFO - Filling up the DagBag from /home/airflow/.local/lib/python3.8/site-packages/airflow/example_dags/example_nested_branch_dag.py
[2024-04-14T14:51:02.045+0000] {processor.py:840} INFO - DAG(s) 'example_nested_branch_dag' retrieved from /home/airflow/.local/lib/python3.8/site-packages/airflow/example_dags/example_nested_branch_dag.py
[2024-04-14T14:51:02.066+0000] {logging_mixin.py:188} INFO - [2024-04-14T14:51:02.065+0000] {dag.py:3047} INFO - Sync 1 DAGs
[2024-04-14T14:51:02.086+0000] {logging_mixin.py:188} INFO - [2024-04-14T14:51:02.086+0000] {dag.py:3834} INFO - Setting next_dagrun for example_nested_branch_dag to 2024-04-13 00:00:00+00:00, run_after=2024-04-14 00:00:00+00:00
[2024-04-14T14:51:02.107+0000] {processor.py:183} INFO - Processing /home/airflow/.local/lib/python3.8/site-packages/airflow/example_dags/example_nested_branch_dag.py took 0.077 seconds
[2024-04-14T14:51:33.115+0000] {processor.py:161} INFO - Started process (PID=937) to work on /home/airflow/.local/lib/python3.8/site-packages/airflow/example_dags/example_nested_branch_dag.py
[2024-04-14T14:51:33.117+0000] {processor.py:830} INFO - Processing file /home/airflow/.local/lib/python3.8/site-packages/airflow/example_dags/example_nested_branch_dag.py for tasks to queue
[2024-04-14T14:51:33.118+0000] {logging_mixin.py:188} INFO - [2024-04-14T14:51:33.118+0000] {dagbag.py:540} INFO - Filling up the DagBag from /home/airflow/.local/lib/python3.8/site-packages/airflow/example_dags/example_nested_branch_dag.py
[2024-04-14T14:51:33.128+0000] {processor.py:840} INFO - DAG(s) 'example_nested_branch_dag' retrieved from /home/airflow/.local/lib/python3.8/site-packages/airflow/example_dags/example_nested_branch_dag.py
[2024-04-14T14:51:33.155+0000] {logging_mixin.py:188} INFO - [2024-04-14T14:51:33.154+0000] {dag.py:3047} INFO - Sync 1 DAGs
[2024-04-14T14:51:33.174+0000] {logging_mixin.py:188} INFO - [2024-04-14T14:51:33.174+0000] {dag.py:3834} INFO - Setting next_dagrun for example_nested_branch_dag to 2024-04-13 00:00:00+00:00, run_after=2024-04-14 00:00:00+00:00
[2024-04-14T14:51:33.193+0000] {processor.py:183} INFO - Processing /home/airflow/.local/lib/python3.8/site-packages/airflow/example_dags/example_nested_branch_dag.py took 0.081 seconds
[2024-04-14T14:52:03.576+0000] {processor.py:161} INFO - Started process (PID=996) to work on /home/airflow/.local/lib/python3.8/site-packages/airflow/example_dags/example_nested_branch_dag.py
[2024-04-14T14:52:03.577+0000] {processor.py:830} INFO - Processing file /home/airflow/.local/lib/python3.8/site-packages/airflow/example_dags/example_nested_branch_dag.py for tasks to queue
[2024-04-14T14:52:03.579+0000] {logging_mixin.py:188} INFO - [2024-04-14T14:52:03.578+0000] {dagbag.py:540} INFO - Filling up the DagBag from /home/airflow/.local/lib/python3.8/site-packages/airflow/example_dags/example_nested_branch_dag.py
[2024-04-14T14:52:03.587+0000] {processor.py:840} INFO - DAG(s) 'example_nested_branch_dag' retrieved from /home/airflow/.local/lib/python3.8/site-packages/airflow/example_dags/example_nested_branch_dag.py
[2024-04-14T14:52:03.611+0000] {logging_mixin.py:188} INFO - [2024-04-14T14:52:03.611+0000] {dag.py:3047} INFO - Sync 1 DAGs
[2024-04-14T14:52:03.633+0000] {logging_mixin.py:188} INFO - [2024-04-14T14:52:03.633+0000] {dag.py:3834} INFO - Setting next_dagrun for example_nested_branch_dag to 2024-04-13 00:00:00+00:00, run_after=2024-04-14 00:00:00+00:00
[2024-04-14T14:52:03.655+0000] {processor.py:183} INFO - Processing /home/airflow/.local/lib/python3.8/site-packages/airflow/example_dags/example_nested_branch_dag.py took 0.083 seconds
[2024-04-14T14:52:33.921+0000] {processor.py:161} INFO - Started process (PID=1055) to work on /home/airflow/.local/lib/python3.8/site-packages/airflow/example_dags/example_nested_branch_dag.py
[2024-04-14T14:52:33.922+0000] {processor.py:830} INFO - Processing file /home/airflow/.local/lib/python3.8/site-packages/airflow/example_dags/example_nested_branch_dag.py for tasks to queue
[2024-04-14T14:52:33.923+0000] {logging_mixin.py:188} INFO - [2024-04-14T14:52:33.923+0000] {dagbag.py:540} INFO - Filling up the DagBag from /home/airflow/.local/lib/python3.8/site-packages/airflow/example_dags/example_nested_branch_dag.py
[2024-04-14T14:52:33.931+0000] {processor.py:840} INFO - DAG(s) 'example_nested_branch_dag' retrieved from /home/airflow/.local/lib/python3.8/site-packages/airflow/example_dags/example_nested_branch_dag.py
[2024-04-14T14:52:33.954+0000] {logging_mixin.py:188} INFO - [2024-04-14T14:52:33.954+0000] {dag.py:3047} INFO - Sync 1 DAGs
[2024-04-14T14:52:33.974+0000] {logging_mixin.py:188} INFO - [2024-04-14T14:52:33.974+0000] {dag.py:3834} INFO - Setting next_dagrun for example_nested_branch_dag to 2024-04-13 00:00:00+00:00, run_after=2024-04-14 00:00:00+00:00
[2024-04-14T14:52:33.996+0000] {processor.py:183} INFO - Processing /home/airflow/.local/lib/python3.8/site-packages/airflow/example_dags/example_nested_branch_dag.py took 0.078 seconds
[2024-04-14T14:53:04.904+0000] {processor.py:161} INFO - Started process (PID=1114) to work on /home/airflow/.local/lib/python3.8/site-packages/airflow/example_dags/example_nested_branch_dag.py
[2024-04-14T14:53:04.905+0000] {processor.py:830} INFO - Processing file /home/airflow/.local/lib/python3.8/site-packages/airflow/example_dags/example_nested_branch_dag.py for tasks to queue
[2024-04-14T14:53:04.905+0000] {logging_mixin.py:188} INFO - [2024-04-14T14:53:04.905+0000] {dagbag.py:540} INFO - Filling up the DagBag from /home/airflow/.local/lib/python3.8/site-packages/airflow/example_dags/example_nested_branch_dag.py
[2024-04-14T14:53:04.916+0000] {processor.py:840} INFO - DAG(s) 'example_nested_branch_dag' retrieved from /home/airflow/.local/lib/python3.8/site-packages/airflow/example_dags/example_nested_branch_dag.py
[2024-04-14T14:53:04.937+0000] {logging_mixin.py:188} INFO - [2024-04-14T14:53:04.937+0000] {dag.py:3047} INFO - Sync 1 DAGs
[2024-04-14T14:53:04.959+0000] {logging_mixin.py:188} INFO - [2024-04-14T14:53:04.959+0000] {dag.py:3834} INFO - Setting next_dagrun for example_nested_branch_dag to 2024-04-13 00:00:00+00:00, run_after=2024-04-14 00:00:00+00:00
[2024-04-14T14:53:04.980+0000] {processor.py:183} INFO - Processing /home/airflow/.local/lib/python3.8/site-packages/airflow/example_dags/example_nested_branch_dag.py took 0.080 seconds
[2024-04-14T14:53:35.695+0000] {processor.py:161} INFO - Started process (PID=1173) to work on /home/airflow/.local/lib/python3.8/site-packages/airflow/example_dags/example_nested_branch_dag.py
[2024-04-14T14:53:35.696+0000] {processor.py:830} INFO - Processing file /home/airflow/.local/lib/python3.8/site-packages/airflow/example_dags/example_nested_branch_dag.py for tasks to queue
[2024-04-14T14:53:35.697+0000] {logging_mixin.py:188} INFO - [2024-04-14T14:53:35.697+0000] {dagbag.py:540} INFO - Filling up the DagBag from /home/airflow/.local/lib/python3.8/site-packages/airflow/example_dags/example_nested_branch_dag.py
[2024-04-14T14:53:35.706+0000] {processor.py:840} INFO - DAG(s) 'example_nested_branch_dag' retrieved from /home/airflow/.local/lib/python3.8/site-packages/airflow/example_dags/example_nested_branch_dag.py
[2024-04-14T14:53:35.726+0000] {logging_mixin.py:188} INFO - [2024-04-14T14:53:35.725+0000] {dag.py:3047} INFO - Sync 1 DAGs
[2024-04-14T14:53:35.744+0000] {logging_mixin.py:188} INFO - [2024-04-14T14:53:35.743+0000] {dag.py:3834} INFO - Setting next_dagrun for example_nested_branch_dag to 2024-04-13 00:00:00+00:00, run_after=2024-04-14 00:00:00+00:00
[2024-04-14T14:53:35.761+0000] {processor.py:183} INFO - Processing /home/airflow/.local/lib/python3.8/site-packages/airflow/example_dags/example_nested_branch_dag.py took 0.068 seconds
[2024-04-14T14:54:06.908+0000] {processor.py:161} INFO - Started process (PID=1231) to work on /home/airflow/.local/lib/python3.8/site-packages/airflow/example_dags/example_nested_branch_dag.py
[2024-04-14T14:54:06.911+0000] {processor.py:830} INFO - Processing file /home/airflow/.local/lib/python3.8/site-packages/airflow/example_dags/example_nested_branch_dag.py for tasks to queue
[2024-04-14T14:54:06.914+0000] {logging_mixin.py:188} INFO - [2024-04-14T14:54:06.913+0000] {dagbag.py:540} INFO - Filling up the DagBag from /home/airflow/.local/lib/python3.8/site-packages/airflow/example_dags/example_nested_branch_dag.py
[2024-04-14T14:54:06.928+0000] {processor.py:840} INFO - DAG(s) 'example_nested_branch_dag' retrieved from /home/airflow/.local/lib/python3.8/site-packages/airflow/example_dags/example_nested_branch_dag.py
[2024-04-14T14:54:06.969+0000] {logging_mixin.py:188} INFO - [2024-04-14T14:54:06.968+0000] {dag.py:3047} INFO - Sync 1 DAGs
[2024-04-14T14:54:07.017+0000] {logging_mixin.py:188} INFO - [2024-04-14T14:54:07.017+0000] {dag.py:3834} INFO - Setting next_dagrun for example_nested_branch_dag to 2024-04-13 00:00:00+00:00, run_after=2024-04-14 00:00:00+00:00
[2024-04-14T14:54:07.054+0000] {processor.py:183} INFO - Processing /home/airflow/.local/lib/python3.8/site-packages/airflow/example_dags/example_nested_branch_dag.py took 0.153 seconds
[2024-04-14T14:54:37.332+0000] {processor.py:161} INFO - Started process (PID=1290) to work on /home/airflow/.local/lib/python3.8/site-packages/airflow/example_dags/example_nested_branch_dag.py
[2024-04-14T14:54:37.333+0000] {processor.py:830} INFO - Processing file /home/airflow/.local/lib/python3.8/site-packages/airflow/example_dags/example_nested_branch_dag.py for tasks to queue
[2024-04-14T14:54:37.334+0000] {logging_mixin.py:188} INFO - [2024-04-14T14:54:37.334+0000] {dagbag.py:540} INFO - Filling up the DagBag from /home/airflow/.local/lib/python3.8/site-packages/airflow/example_dags/example_nested_branch_dag.py
[2024-04-14T14:54:37.345+0000] {processor.py:840} INFO - DAG(s) 'example_nested_branch_dag' retrieved from /home/airflow/.local/lib/python3.8/site-packages/airflow/example_dags/example_nested_branch_dag.py
[2024-04-14T14:54:37.364+0000] {logging_mixin.py:188} INFO - [2024-04-14T14:54:37.364+0000] {dag.py:3047} INFO - Sync 1 DAGs
[2024-04-14T14:54:37.385+0000] {logging_mixin.py:188} INFO - [2024-04-14T14:54:37.385+0000] {dag.py:3834} INFO - Setting next_dagrun for example_nested_branch_dag to 2024-04-13 00:00:00+00:00, run_after=2024-04-14 00:00:00+00:00
[2024-04-14T14:54:37.405+0000] {processor.py:183} INFO - Processing /home/airflow/.local/lib/python3.8/site-packages/airflow/example_dags/example_nested_branch_dag.py took 0.076 seconds
[2024-04-14T14:55:07.562+0000] {processor.py:161} INFO - Started process (PID=1349) to work on /home/airflow/.local/lib/python3.8/site-packages/airflow/example_dags/example_nested_branch_dag.py
[2024-04-14T14:55:07.564+0000] {processor.py:830} INFO - Processing file /home/airflow/.local/lib/python3.8/site-packages/airflow/example_dags/example_nested_branch_dag.py for tasks to queue
[2024-04-14T14:55:07.565+0000] {logging_mixin.py:188} INFO - [2024-04-14T14:55:07.565+0000] {dagbag.py:540} INFO - Filling up the DagBag from /home/airflow/.local/lib/python3.8/site-packages/airflow/example_dags/example_nested_branch_dag.py
[2024-04-14T14:55:07.580+0000] {processor.py:840} INFO - DAG(s) 'example_nested_branch_dag' retrieved from /home/airflow/.local/lib/python3.8/site-packages/airflow/example_dags/example_nested_branch_dag.py
[2024-04-14T14:55:07.605+0000] {logging_mixin.py:188} INFO - [2024-04-14T14:55:07.605+0000] {dag.py:3047} INFO - Sync 1 DAGs
[2024-04-14T14:55:07.627+0000] {logging_mixin.py:188} INFO - [2024-04-14T14:55:07.627+0000] {dag.py:3834} INFO - Setting next_dagrun for example_nested_branch_dag to 2024-04-13 00:00:00+00:00, run_after=2024-04-14 00:00:00+00:00
[2024-04-14T14:55:07.643+0000] {processor.py:183} INFO - Processing /home/airflow/.local/lib/python3.8/site-packages/airflow/example_dags/example_nested_branch_dag.py took 0.084 seconds
[2024-04-14T14:55:38.060+0000] {processor.py:161} INFO - Started process (PID=1408) to work on /home/airflow/.local/lib/python3.8/site-packages/airflow/example_dags/example_nested_branch_dag.py
[2024-04-14T14:55:38.061+0000] {processor.py:830} INFO - Processing file /home/airflow/.local/lib/python3.8/site-packages/airflow/example_dags/example_nested_branch_dag.py for tasks to queue
[2024-04-14T14:55:38.062+0000] {logging_mixin.py:188} INFO - [2024-04-14T14:55:38.061+0000] {dagbag.py:540} INFO - Filling up the DagBag from /home/airflow/.local/lib/python3.8/site-packages/airflow/example_dags/example_nested_branch_dag.py
[2024-04-14T14:55:38.078+0000] {processor.py:840} INFO - DAG(s) 'example_nested_branch_dag' retrieved from /home/airflow/.local/lib/python3.8/site-packages/airflow/example_dags/example_nested_branch_dag.py
[2024-04-14T14:55:38.099+0000] {logging_mixin.py:188} INFO - [2024-04-14T14:55:38.099+0000] {dag.py:3047} INFO - Sync 1 DAGs
[2024-04-14T14:55:38.121+0000] {logging_mixin.py:188} INFO - [2024-04-14T14:55:38.121+0000] {dag.py:3834} INFO - Setting next_dagrun for example_nested_branch_dag to 2024-04-13 00:00:00+00:00, run_after=2024-04-14 00:00:00+00:00
[2024-04-14T14:55:38.139+0000] {processor.py:183} INFO - Processing /home/airflow/.local/lib/python3.8/site-packages/airflow/example_dags/example_nested_branch_dag.py took 0.083 seconds
[2024-04-14T14:56:08.690+0000] {processor.py:161} INFO - Started process (PID=1467) to work on /home/airflow/.local/lib/python3.8/site-packages/airflow/example_dags/example_nested_branch_dag.py
[2024-04-14T14:56:08.693+0000] {processor.py:830} INFO - Processing file /home/airflow/.local/lib/python3.8/site-packages/airflow/example_dags/example_nested_branch_dag.py for tasks to queue
[2024-04-14T14:56:08.696+0000] {logging_mixin.py:188} INFO - [2024-04-14T14:56:08.695+0000] {dagbag.py:540} INFO - Filling up the DagBag from /home/airflow/.local/lib/python3.8/site-packages/airflow/example_dags/example_nested_branch_dag.py
[2024-04-14T14:56:08.720+0000] {processor.py:840} INFO - DAG(s) 'example_nested_branch_dag' retrieved from /home/airflow/.local/lib/python3.8/site-packages/airflow/example_dags/example_nested_branch_dag.py
[2024-04-14T14:56:08.789+0000] {logging_mixin.py:188} INFO - [2024-04-14T14:56:08.788+0000] {dag.py:3047} INFO - Sync 1 DAGs
[2024-04-14T14:56:08.857+0000] {logging_mixin.py:188} INFO - [2024-04-14T14:56:08.856+0000] {dag.py:3834} INFO - Setting next_dagrun for example_nested_branch_dag to 2024-04-13 00:00:00+00:00, run_after=2024-04-14 00:00:00+00:00
[2024-04-14T14:56:08.922+0000] {processor.py:183} INFO - Processing /home/airflow/.local/lib/python3.8/site-packages/airflow/example_dags/example_nested_branch_dag.py took 0.239 seconds
[2024-04-14T14:56:39.139+0000] {processor.py:161} INFO - Started process (PID=1526) to work on /home/airflow/.local/lib/python3.8/site-packages/airflow/example_dags/example_nested_branch_dag.py
[2024-04-14T14:56:39.141+0000] {processor.py:830} INFO - Processing file /home/airflow/.local/lib/python3.8/site-packages/airflow/example_dags/example_nested_branch_dag.py for tasks to queue
[2024-04-14T14:56:39.142+0000] {logging_mixin.py:188} INFO - [2024-04-14T14:56:39.141+0000] {dagbag.py:540} INFO - Filling up the DagBag from /home/airflow/.local/lib/python3.8/site-packages/airflow/example_dags/example_nested_branch_dag.py
[2024-04-14T14:56:39.153+0000] {processor.py:840} INFO - DAG(s) 'example_nested_branch_dag' retrieved from /home/airflow/.local/lib/python3.8/site-packages/airflow/example_dags/example_nested_branch_dag.py
[2024-04-14T14:56:39.172+0000] {logging_mixin.py:188} INFO - [2024-04-14T14:56:39.171+0000] {dag.py:3047} INFO - Sync 1 DAGs
[2024-04-14T14:56:39.190+0000] {logging_mixin.py:188} INFO - [2024-04-14T14:56:39.190+0000] {dag.py:3834} INFO - Setting next_dagrun for example_nested_branch_dag to 2024-04-13 00:00:00+00:00, run_after=2024-04-14 00:00:00+00:00
[2024-04-14T14:56:39.213+0000] {processor.py:183} INFO - Processing /home/airflow/.local/lib/python3.8/site-packages/airflow/example_dags/example_nested_branch_dag.py took 0.077 seconds
