[2024-04-14T14:44:24.409+0000] {processor.py:161} INFO - Started process (PID=91) to work on /home/airflow/.local/lib/python3.8/site-packages/airflow/example_dags/example_subdag_operator.py
[2024-04-14T14:44:24.412+0000] {processor.py:830} INFO - Processing file /home/airflow/.local/lib/python3.8/site-packages/airflow/example_dags/example_subdag_operator.py for tasks to queue
[2024-04-14T14:44:24.419+0000] {logging_mixin.py:188} INFO - [2024-04-14T14:44:24.417+0000] {dagbag.py:540} INFO - Filling up the DagBag from /home/airflow/.local/lib/python3.8/site-packages/airflow/example_dags/example_subdag_operator.py
[2024-04-14T14:44:24.475+0000] {processor.py:840} INFO - DAG(s) 'example_subdag_operator.section-1', 'example_subdag_operator.section-2', 'example_subdag_operator' retrieved from /home/airflow/.local/lib/python3.8/site-packages/airflow/example_dags/example_subdag_operator.py
[2024-04-14T14:44:24.517+0000] {logging_mixin.py:188} INFO - [2024-04-14T14:44:24.516+0000] {dag.py:3047} INFO - Sync 3 DAGs
[2024-04-14T14:44:24.570+0000] {logging_mixin.py:188} INFO - [2024-04-14T14:44:24.568+0000] {dag.py:3834} INFO - Setting next_dagrun for example_subdag_operator to 2022-01-01 00:00:00+00:00, run_after=2022-01-01 00:00:00+00:00
[2024-04-14T14:44:24.583+0000] {logging_mixin.py:188} INFO - [2024-04-14T14:44:24.583+0000] {dag.py:3834} INFO - Setting next_dagrun for example_subdag_operator.section-1 to None, run_after=None
[2024-04-14T14:44:24.587+0000] {logging_mixin.py:188} INFO - [2024-04-14T14:44:24.587+0000] {dag.py:3834} INFO - Setting next_dagrun for example_subdag_operator.section-2 to None, run_after=None
[2024-04-14T14:44:24.604+0000] {logging_mixin.py:188} INFO - [2024-04-14T14:44:24.604+0000] {dag.py:3047} INFO - Sync 2 DAGs
[2024-04-14T14:44:24.617+0000] {logging_mixin.py:188} INFO - [2024-04-14T14:44:24.617+0000] {dag.py:3834} INFO - Setting next_dagrun for example_subdag_operator.section-1 to None, run_after=None
[2024-04-14T14:44:24.619+0000] {logging_mixin.py:188} INFO - [2024-04-14T14:44:24.618+0000] {dag.py:3834} INFO - Setting next_dagrun for example_subdag_operator.section-2 to None, run_after=None
[2024-04-14T14:44:24.653+0000] {processor.py:183} INFO - Processing /home/airflow/.local/lib/python3.8/site-packages/airflow/example_dags/example_subdag_operator.py took 0.251 seconds
[2024-04-14T14:44:54.876+0000] {processor.py:161} INFO - Started process (PID=163) to work on /home/airflow/.local/lib/python3.8/site-packages/airflow/example_dags/example_subdag_operator.py
[2024-04-14T14:44:54.877+0000] {processor.py:830} INFO - Processing file /home/airflow/.local/lib/python3.8/site-packages/airflow/example_dags/example_subdag_operator.py for tasks to queue
[2024-04-14T14:44:54.879+0000] {logging_mixin.py:188} INFO - [2024-04-14T14:44:54.879+0000] {dagbag.py:540} INFO - Filling up the DagBag from /home/airflow/.local/lib/python3.8/site-packages/airflow/example_dags/example_subdag_operator.py
[2024-04-14T14:44:54.902+0000] {processor.py:840} INFO - DAG(s) 'example_subdag_operator.section-1', 'example_subdag_operator.section-2', 'example_subdag_operator' retrieved from /home/airflow/.local/lib/python3.8/site-packages/airflow/example_dags/example_subdag_operator.py
[2024-04-14T14:44:54.917+0000] {logging_mixin.py:188} INFO - [2024-04-14T14:44:54.916+0000] {dag.py:3047} INFO - Sync 3 DAGs
[2024-04-14T14:44:54.937+0000] {logging_mixin.py:188} INFO - [2024-04-14T14:44:54.937+0000] {dag.py:3834} INFO - Setting next_dagrun for example_subdag_operator to 2022-01-01 00:00:00+00:00, run_after=2022-01-01 00:00:00+00:00
[2024-04-14T14:44:54.943+0000] {logging_mixin.py:188} INFO - [2024-04-14T14:44:54.943+0000] {dag.py:3834} INFO - Setting next_dagrun for example_subdag_operator.section-1 to None, run_after=None
[2024-04-14T14:44:54.945+0000] {logging_mixin.py:188} INFO - [2024-04-14T14:44:54.945+0000] {dag.py:3834} INFO - Setting next_dagrun for example_subdag_operator.section-2 to None, run_after=None
[2024-04-14T14:44:54.953+0000] {logging_mixin.py:188} INFO - [2024-04-14T14:44:54.953+0000] {dag.py:3047} INFO - Sync 2 DAGs
[2024-04-14T14:44:54.963+0000] {logging_mixin.py:188} INFO - [2024-04-14T14:44:54.963+0000] {dag.py:3834} INFO - Setting next_dagrun for example_subdag_operator.section-1 to None, run_after=None
[2024-04-14T14:44:54.965+0000] {logging_mixin.py:188} INFO - [2024-04-14T14:44:54.964+0000] {dag.py:3834} INFO - Setting next_dagrun for example_subdag_operator.section-2 to None, run_after=None
[2024-04-14T14:44:54.979+0000] {processor.py:183} INFO - Processing /home/airflow/.local/lib/python3.8/site-packages/airflow/example_dags/example_subdag_operator.py took 0.106 seconds
[2024-04-14T14:45:25.207+0000] {processor.py:161} INFO - Started process (PID=222) to work on /home/airflow/.local/lib/python3.8/site-packages/airflow/example_dags/example_subdag_operator.py
[2024-04-14T14:45:25.208+0000] {processor.py:830} INFO - Processing file /home/airflow/.local/lib/python3.8/site-packages/airflow/example_dags/example_subdag_operator.py for tasks to queue
[2024-04-14T14:45:25.209+0000] {logging_mixin.py:188} INFO - [2024-04-14T14:45:25.209+0000] {dagbag.py:540} INFO - Filling up the DagBag from /home/airflow/.local/lib/python3.8/site-packages/airflow/example_dags/example_subdag_operator.py
[2024-04-14T14:45:25.228+0000] {processor.py:840} INFO - DAG(s) 'example_subdag_operator.section-1', 'example_subdag_operator.section-2', 'example_subdag_operator' retrieved from /home/airflow/.local/lib/python3.8/site-packages/airflow/example_dags/example_subdag_operator.py
[2024-04-14T14:45:25.242+0000] {logging_mixin.py:188} INFO - [2024-04-14T14:45:25.242+0000] {dag.py:3047} INFO - Sync 3 DAGs
[2024-04-14T14:45:25.259+0000] {logging_mixin.py:188} INFO - [2024-04-14T14:45:25.259+0000] {dag.py:3834} INFO - Setting next_dagrun for example_subdag_operator to 2022-01-01 00:00:00+00:00, run_after=2022-01-01 00:00:00+00:00
[2024-04-14T14:45:25.262+0000] {logging_mixin.py:188} INFO - [2024-04-14T14:45:25.262+0000] {dag.py:3834} INFO - Setting next_dagrun for example_subdag_operator.section-1 to None, run_after=None
[2024-04-14T14:45:25.264+0000] {logging_mixin.py:188} INFO - [2024-04-14T14:45:25.263+0000] {dag.py:3834} INFO - Setting next_dagrun for example_subdag_operator.section-2 to None, run_after=None
[2024-04-14T14:45:25.271+0000] {logging_mixin.py:188} INFO - [2024-04-14T14:45:25.271+0000] {dag.py:3047} INFO - Sync 2 DAGs
[2024-04-14T14:45:25.276+0000] {logging_mixin.py:188} INFO - [2024-04-14T14:45:25.276+0000] {dag.py:3834} INFO - Setting next_dagrun for example_subdag_operator.section-1 to None, run_after=None
[2024-04-14T14:45:25.277+0000] {logging_mixin.py:188} INFO - [2024-04-14T14:45:25.277+0000] {dag.py:3834} INFO - Setting next_dagrun for example_subdag_operator.section-2 to None, run_after=None
[2024-04-14T14:45:25.288+0000] {processor.py:183} INFO - Processing /home/airflow/.local/lib/python3.8/site-packages/airflow/example_dags/example_subdag_operator.py took 0.084 seconds
[2024-04-14T14:45:56.515+0000] {processor.py:161} INFO - Started process (PID=281) to work on /home/airflow/.local/lib/python3.8/site-packages/airflow/example_dags/example_subdag_operator.py
[2024-04-14T14:45:56.518+0000] {processor.py:830} INFO - Processing file /home/airflow/.local/lib/python3.8/site-packages/airflow/example_dags/example_subdag_operator.py for tasks to queue
[2024-04-14T14:45:56.523+0000] {logging_mixin.py:188} INFO - [2024-04-14T14:45:56.521+0000] {dagbag.py:540} INFO - Filling up the DagBag from /home/airflow/.local/lib/python3.8/site-packages/airflow/example_dags/example_subdag_operator.py
[2024-04-14T14:45:56.575+0000] {processor.py:840} INFO - DAG(s) 'example_subdag_operator.section-1', 'example_subdag_operator.section-2', 'example_subdag_operator' retrieved from /home/airflow/.local/lib/python3.8/site-packages/airflow/example_dags/example_subdag_operator.py
[2024-04-14T14:45:56.603+0000] {logging_mixin.py:188} INFO - [2024-04-14T14:45:56.602+0000] {dag.py:3047} INFO - Sync 3 DAGs
[2024-04-14T14:45:56.647+0000] {logging_mixin.py:188} INFO - [2024-04-14T14:45:56.646+0000] {dag.py:3834} INFO - Setting next_dagrun for example_subdag_operator to 2022-01-01 00:00:00+00:00, run_after=2022-01-01 00:00:00+00:00
[2024-04-14T14:45:56.654+0000] {logging_mixin.py:188} INFO - [2024-04-14T14:45:56.654+0000] {dag.py:3834} INFO - Setting next_dagrun for example_subdag_operator.section-1 to None, run_after=None
[2024-04-14T14:45:56.657+0000] {logging_mixin.py:188} INFO - [2024-04-14T14:45:56.657+0000] {dag.py:3834} INFO - Setting next_dagrun for example_subdag_operator.section-2 to None, run_after=None
[2024-04-14T14:45:56.674+0000] {logging_mixin.py:188} INFO - [2024-04-14T14:45:56.673+0000] {dag.py:3047} INFO - Sync 2 DAGs
[2024-04-14T14:45:56.687+0000] {logging_mixin.py:188} INFO - [2024-04-14T14:45:56.686+0000] {dag.py:3834} INFO - Setting next_dagrun for example_subdag_operator.section-1 to None, run_after=None
[2024-04-14T14:45:56.688+0000] {logging_mixin.py:188} INFO - [2024-04-14T14:45:56.688+0000] {dag.py:3834} INFO - Setting next_dagrun for example_subdag_operator.section-2 to None, run_after=None
[2024-04-14T14:45:56.712+0000] {processor.py:183} INFO - Processing /home/airflow/.local/lib/python3.8/site-packages/airflow/example_dags/example_subdag_operator.py took 0.202 seconds
[2024-04-14T14:46:27.183+0000] {processor.py:161} INFO - Started process (PID=340) to work on /home/airflow/.local/lib/python3.8/site-packages/airflow/example_dags/example_subdag_operator.py
[2024-04-14T14:46:27.185+0000] {processor.py:830} INFO - Processing file /home/airflow/.local/lib/python3.8/site-packages/airflow/example_dags/example_subdag_operator.py for tasks to queue
[2024-04-14T14:46:27.187+0000] {logging_mixin.py:188} INFO - [2024-04-14T14:46:27.187+0000] {dagbag.py:540} INFO - Filling up the DagBag from /home/airflow/.local/lib/python3.8/site-packages/airflow/example_dags/example_subdag_operator.py
[2024-04-14T14:46:27.230+0000] {processor.py:840} INFO - DAG(s) 'example_subdag_operator.section-1', 'example_subdag_operator.section-2', 'example_subdag_operator' retrieved from /home/airflow/.local/lib/python3.8/site-packages/airflow/example_dags/example_subdag_operator.py
[2024-04-14T14:46:27.257+0000] {logging_mixin.py:188} INFO - [2024-04-14T14:46:27.257+0000] {dag.py:3047} INFO - Sync 3 DAGs
[2024-04-14T14:46:27.284+0000] {logging_mixin.py:188} INFO - [2024-04-14T14:46:27.284+0000] {dag.py:3834} INFO - Setting next_dagrun for example_subdag_operator to 2022-01-01 00:00:00+00:00, run_after=2022-01-01 00:00:00+00:00
[2024-04-14T14:46:27.290+0000] {logging_mixin.py:188} INFO - [2024-04-14T14:46:27.290+0000] {dag.py:3834} INFO - Setting next_dagrun for example_subdag_operator.section-1 to None, run_after=None
[2024-04-14T14:46:27.292+0000] {logging_mixin.py:188} INFO - [2024-04-14T14:46:27.292+0000] {dag.py:3834} INFO - Setting next_dagrun for example_subdag_operator.section-2 to None, run_after=None
[2024-04-14T14:46:27.305+0000] {logging_mixin.py:188} INFO - [2024-04-14T14:46:27.304+0000] {dag.py:3047} INFO - Sync 2 DAGs
[2024-04-14T14:46:27.320+0000] {logging_mixin.py:188} INFO - [2024-04-14T14:46:27.319+0000] {dag.py:3834} INFO - Setting next_dagrun for example_subdag_operator.section-1 to None, run_after=None
[2024-04-14T14:46:27.321+0000] {logging_mixin.py:188} INFO - [2024-04-14T14:46:27.321+0000] {dag.py:3834} INFO - Setting next_dagrun for example_subdag_operator.section-2 to None, run_after=None
[2024-04-14T14:46:27.348+0000] {processor.py:183} INFO - Processing /home/airflow/.local/lib/python3.8/site-packages/airflow/example_dags/example_subdag_operator.py took 0.171 seconds
[2024-04-14T14:46:57.571+0000] {processor.py:161} INFO - Started process (PID=399) to work on /home/airflow/.local/lib/python3.8/site-packages/airflow/example_dags/example_subdag_operator.py
[2024-04-14T14:46:57.574+0000] {processor.py:830} INFO - Processing file /home/airflow/.local/lib/python3.8/site-packages/airflow/example_dags/example_subdag_operator.py for tasks to queue
[2024-04-14T14:46:57.578+0000] {logging_mixin.py:188} INFO - [2024-04-14T14:46:57.577+0000] {dagbag.py:540} INFO - Filling up the DagBag from /home/airflow/.local/lib/python3.8/site-packages/airflow/example_dags/example_subdag_operator.py
[2024-04-14T14:46:57.628+0000] {processor.py:840} INFO - DAG(s) 'example_subdag_operator.section-1', 'example_subdag_operator.section-2', 'example_subdag_operator' retrieved from /home/airflow/.local/lib/python3.8/site-packages/airflow/example_dags/example_subdag_operator.py
[2024-04-14T14:46:57.666+0000] {logging_mixin.py:188} INFO - [2024-04-14T14:46:57.665+0000] {dag.py:3047} INFO - Sync 3 DAGs
[2024-04-14T14:46:57.711+0000] {logging_mixin.py:188} INFO - [2024-04-14T14:46:57.710+0000] {dag.py:3834} INFO - Setting next_dagrun for example_subdag_operator to 2022-01-01 00:00:00+00:00, run_after=2022-01-01 00:00:00+00:00
[2024-04-14T14:46:57.721+0000] {logging_mixin.py:188} INFO - [2024-04-14T14:46:57.721+0000] {dag.py:3834} INFO - Setting next_dagrun for example_subdag_operator.section-1 to None, run_after=None
[2024-04-14T14:46:57.728+0000] {logging_mixin.py:188} INFO - [2024-04-14T14:46:57.727+0000] {dag.py:3834} INFO - Setting next_dagrun for example_subdag_operator.section-2 to None, run_after=None
[2024-04-14T14:46:57.746+0000] {logging_mixin.py:188} INFO - [2024-04-14T14:46:57.745+0000] {dag.py:3047} INFO - Sync 2 DAGs
[2024-04-14T14:46:57.759+0000] {logging_mixin.py:188} INFO - [2024-04-14T14:46:57.758+0000] {dag.py:3834} INFO - Setting next_dagrun for example_subdag_operator.section-1 to None, run_after=None
[2024-04-14T14:46:57.761+0000] {logging_mixin.py:188} INFO - [2024-04-14T14:46:57.761+0000] {dag.py:3834} INFO - Setting next_dagrun for example_subdag_operator.section-2 to None, run_after=None
[2024-04-14T14:46:57.796+0000] {processor.py:183} INFO - Processing /home/airflow/.local/lib/python3.8/site-packages/airflow/example_dags/example_subdag_operator.py took 0.230 seconds
[2024-04-14T14:47:28.244+0000] {processor.py:161} INFO - Started process (PID=459) to work on /home/airflow/.local/lib/python3.8/site-packages/airflow/example_dags/example_subdag_operator.py
[2024-04-14T14:47:28.247+0000] {processor.py:830} INFO - Processing file /home/airflow/.local/lib/python3.8/site-packages/airflow/example_dags/example_subdag_operator.py for tasks to queue
[2024-04-14T14:47:28.249+0000] {logging_mixin.py:188} INFO - [2024-04-14T14:47:28.248+0000] {dagbag.py:540} INFO - Filling up the DagBag from /home/airflow/.local/lib/python3.8/site-packages/airflow/example_dags/example_subdag_operator.py
[2024-04-14T14:47:28.273+0000] {processor.py:840} INFO - DAG(s) 'example_subdag_operator.section-1', 'example_subdag_operator.section-2', 'example_subdag_operator' retrieved from /home/airflow/.local/lib/python3.8/site-packages/airflow/example_dags/example_subdag_operator.py
[2024-04-14T14:47:28.291+0000] {logging_mixin.py:188} INFO - [2024-04-14T14:47:28.291+0000] {dag.py:3047} INFO - Sync 3 DAGs
[2024-04-14T14:47:28.315+0000] {logging_mixin.py:188} INFO - [2024-04-14T14:47:28.314+0000] {dag.py:3834} INFO - Setting next_dagrun for example_subdag_operator to 2022-01-01 00:00:00+00:00, run_after=2022-01-01 00:00:00+00:00
[2024-04-14T14:47:28.319+0000] {logging_mixin.py:188} INFO - [2024-04-14T14:47:28.319+0000] {dag.py:3834} INFO - Setting next_dagrun for example_subdag_operator.section-1 to None, run_after=None
[2024-04-14T14:47:28.323+0000] {logging_mixin.py:188} INFO - [2024-04-14T14:47:28.323+0000] {dag.py:3834} INFO - Setting next_dagrun for example_subdag_operator.section-2 to None, run_after=None
[2024-04-14T14:47:28.331+0000] {logging_mixin.py:188} INFO - [2024-04-14T14:47:28.331+0000] {dag.py:3047} INFO - Sync 2 DAGs
[2024-04-14T14:47:28.342+0000] {logging_mixin.py:188} INFO - [2024-04-14T14:47:28.341+0000] {dag.py:3834} INFO - Setting next_dagrun for example_subdag_operator.section-1 to None, run_after=None
[2024-04-14T14:47:28.343+0000] {logging_mixin.py:188} INFO - [2024-04-14T14:47:28.343+0000] {dag.py:3834} INFO - Setting next_dagrun for example_subdag_operator.section-2 to None, run_after=None
[2024-04-14T14:47:28.366+0000] {processor.py:183} INFO - Processing /home/airflow/.local/lib/python3.8/site-packages/airflow/example_dags/example_subdag_operator.py took 0.127 seconds
[2024-04-14T14:47:59.415+0000] {processor.py:161} INFO - Started process (PID=525) to work on /home/airflow/.local/lib/python3.8/site-packages/airflow/example_dags/example_subdag_operator.py
[2024-04-14T14:47:59.419+0000] {processor.py:830} INFO - Processing file /home/airflow/.local/lib/python3.8/site-packages/airflow/example_dags/example_subdag_operator.py for tasks to queue
[2024-04-14T14:47:59.422+0000] {logging_mixin.py:188} INFO - [2024-04-14T14:47:59.421+0000] {dagbag.py:540} INFO - Filling up the DagBag from /home/airflow/.local/lib/python3.8/site-packages/airflow/example_dags/example_subdag_operator.py
[2024-04-14T14:47:59.472+0000] {processor.py:840} INFO - DAG(s) 'example_subdag_operator.section-1', 'example_subdag_operator.section-2', 'example_subdag_operator' retrieved from /home/airflow/.local/lib/python3.8/site-packages/airflow/example_dags/example_subdag_operator.py
[2024-04-14T14:47:59.507+0000] {logging_mixin.py:188} INFO - [2024-04-14T14:47:59.506+0000] {dag.py:3047} INFO - Sync 3 DAGs
[2024-04-14T14:47:59.552+0000] {logging_mixin.py:188} INFO - [2024-04-14T14:47:59.552+0000] {dag.py:3834} INFO - Setting next_dagrun for example_subdag_operator to 2022-01-01 00:00:00+00:00, run_after=2022-01-01 00:00:00+00:00
[2024-04-14T14:47:59.560+0000] {logging_mixin.py:188} INFO - [2024-04-14T14:47:59.560+0000] {dag.py:3834} INFO - Setting next_dagrun for example_subdag_operator.section-1 to None, run_after=None
[2024-04-14T14:47:59.564+0000] {logging_mixin.py:188} INFO - [2024-04-14T14:47:59.563+0000] {dag.py:3834} INFO - Setting next_dagrun for example_subdag_operator.section-2 to None, run_after=None
[2024-04-14T14:47:59.587+0000] {logging_mixin.py:188} INFO - [2024-04-14T14:47:59.586+0000] {dag.py:3047} INFO - Sync 2 DAGs
[2024-04-14T14:47:59.601+0000] {logging_mixin.py:188} INFO - [2024-04-14T14:47:59.601+0000] {dag.py:3834} INFO - Setting next_dagrun for example_subdag_operator.section-1 to None, run_after=None
[2024-04-14T14:47:59.602+0000] {logging_mixin.py:188} INFO - [2024-04-14T14:47:59.602+0000] {dag.py:3834} INFO - Setting next_dagrun for example_subdag_operator.section-2 to None, run_after=None
[2024-04-14T14:47:59.638+0000] {processor.py:183} INFO - Processing /home/airflow/.local/lib/python3.8/site-packages/airflow/example_dags/example_subdag_operator.py took 0.230 seconds
[2024-04-14T14:48:30.063+0000] {processor.py:161} INFO - Started process (PID=584) to work on /home/airflow/.local/lib/python3.8/site-packages/airflow/example_dags/example_subdag_operator.py
[2024-04-14T14:48:30.064+0000] {processor.py:830} INFO - Processing file /home/airflow/.local/lib/python3.8/site-packages/airflow/example_dags/example_subdag_operator.py for tasks to queue
[2024-04-14T14:48:30.065+0000] {logging_mixin.py:188} INFO - [2024-04-14T14:48:30.065+0000] {dagbag.py:540} INFO - Filling up the DagBag from /home/airflow/.local/lib/python3.8/site-packages/airflow/example_dags/example_subdag_operator.py
[2024-04-14T14:48:30.085+0000] {processor.py:840} INFO - DAG(s) 'example_subdag_operator.section-1', 'example_subdag_operator.section-2', 'example_subdag_operator' retrieved from /home/airflow/.local/lib/python3.8/site-packages/airflow/example_dags/example_subdag_operator.py
[2024-04-14T14:48:30.098+0000] {logging_mixin.py:188} INFO - [2024-04-14T14:48:30.098+0000] {dag.py:3047} INFO - Sync 3 DAGs
[2024-04-14T14:48:30.116+0000] {logging_mixin.py:188} INFO - [2024-04-14T14:48:30.116+0000] {dag.py:3834} INFO - Setting next_dagrun for example_subdag_operator to 2022-01-01 00:00:00+00:00, run_after=2022-01-01 00:00:00+00:00
[2024-04-14T14:48:30.119+0000] {logging_mixin.py:188} INFO - [2024-04-14T14:48:30.119+0000] {dag.py:3834} INFO - Setting next_dagrun for example_subdag_operator.section-1 to None, run_after=None
[2024-04-14T14:48:30.120+0000] {logging_mixin.py:188} INFO - [2024-04-14T14:48:30.120+0000] {dag.py:3834} INFO - Setting next_dagrun for example_subdag_operator.section-2 to None, run_after=None
[2024-04-14T14:48:30.127+0000] {logging_mixin.py:188} INFO - [2024-04-14T14:48:30.127+0000] {dag.py:3047} INFO - Sync 2 DAGs
[2024-04-14T14:48:30.133+0000] {logging_mixin.py:188} INFO - [2024-04-14T14:48:30.133+0000] {dag.py:3834} INFO - Setting next_dagrun for example_subdag_operator.section-1 to None, run_after=None
[2024-04-14T14:48:30.134+0000] {logging_mixin.py:188} INFO - [2024-04-14T14:48:30.134+0000] {dag.py:3834} INFO - Setting next_dagrun for example_subdag_operator.section-2 to None, run_after=None
[2024-04-14T14:48:30.147+0000] {processor.py:183} INFO - Processing /home/airflow/.local/lib/python3.8/site-packages/airflow/example_dags/example_subdag_operator.py took 0.086 seconds
[2024-04-14T14:49:00.432+0000] {processor.py:161} INFO - Started process (PID=643) to work on /home/airflow/.local/lib/python3.8/site-packages/airflow/example_dags/example_subdag_operator.py
[2024-04-14T14:49:00.433+0000] {processor.py:830} INFO - Processing file /home/airflow/.local/lib/python3.8/site-packages/airflow/example_dags/example_subdag_operator.py for tasks to queue
[2024-04-14T14:49:00.434+0000] {logging_mixin.py:188} INFO - [2024-04-14T14:49:00.434+0000] {dagbag.py:540} INFO - Filling up the DagBag from /home/airflow/.local/lib/python3.8/site-packages/airflow/example_dags/example_subdag_operator.py
[2024-04-14T14:49:00.455+0000] {processor.py:840} INFO - DAG(s) 'example_subdag_operator.section-1', 'example_subdag_operator.section-2', 'example_subdag_operator' retrieved from /home/airflow/.local/lib/python3.8/site-packages/airflow/example_dags/example_subdag_operator.py
[2024-04-14T14:49:00.470+0000] {logging_mixin.py:188} INFO - [2024-04-14T14:49:00.469+0000] {dag.py:3047} INFO - Sync 3 DAGs
[2024-04-14T14:49:00.488+0000] {logging_mixin.py:188} INFO - [2024-04-14T14:49:00.488+0000] {dag.py:3834} INFO - Setting next_dagrun for example_subdag_operator to 2022-01-01 00:00:00+00:00, run_after=2022-01-01 00:00:00+00:00
[2024-04-14T14:49:00.491+0000] {logging_mixin.py:188} INFO - [2024-04-14T14:49:00.491+0000] {dag.py:3834} INFO - Setting next_dagrun for example_subdag_operator.section-1 to None, run_after=None
[2024-04-14T14:49:00.493+0000] {logging_mixin.py:188} INFO - [2024-04-14T14:49:00.493+0000] {dag.py:3834} INFO - Setting next_dagrun for example_subdag_operator.section-2 to None, run_after=None
[2024-04-14T14:49:00.499+0000] {logging_mixin.py:188} INFO - [2024-04-14T14:49:00.499+0000] {dag.py:3047} INFO - Sync 2 DAGs
[2024-04-14T14:49:00.504+0000] {logging_mixin.py:188} INFO - [2024-04-14T14:49:00.504+0000] {dag.py:3834} INFO - Setting next_dagrun for example_subdag_operator.section-1 to None, run_after=None
[2024-04-14T14:49:00.505+0000] {logging_mixin.py:188} INFO - [2024-04-14T14:49:00.505+0000] {dag.py:3834} INFO - Setting next_dagrun for example_subdag_operator.section-2 to None, run_after=None
[2024-04-14T14:49:00.518+0000] {processor.py:183} INFO - Processing /home/airflow/.local/lib/python3.8/site-packages/airflow/example_dags/example_subdag_operator.py took 0.088 seconds
[2024-04-14T14:49:30.950+0000] {processor.py:161} INFO - Started process (PID=702) to work on /home/airflow/.local/lib/python3.8/site-packages/airflow/example_dags/example_subdag_operator.py
[2024-04-14T14:49:30.951+0000] {processor.py:830} INFO - Processing file /home/airflow/.local/lib/python3.8/site-packages/airflow/example_dags/example_subdag_operator.py for tasks to queue
[2024-04-14T14:49:30.952+0000] {logging_mixin.py:188} INFO - [2024-04-14T14:49:30.952+0000] {dagbag.py:540} INFO - Filling up the DagBag from /home/airflow/.local/lib/python3.8/site-packages/airflow/example_dags/example_subdag_operator.py
[2024-04-14T14:49:30.972+0000] {processor.py:840} INFO - DAG(s) 'example_subdag_operator.section-1', 'example_subdag_operator.section-2', 'example_subdag_operator' retrieved from /home/airflow/.local/lib/python3.8/site-packages/airflow/example_dags/example_subdag_operator.py
[2024-04-14T14:49:30.987+0000] {logging_mixin.py:188} INFO - [2024-04-14T14:49:30.987+0000] {dag.py:3047} INFO - Sync 3 DAGs
[2024-04-14T14:49:31.007+0000] {logging_mixin.py:188} INFO - [2024-04-14T14:49:31.006+0000] {dag.py:3834} INFO - Setting next_dagrun for example_subdag_operator to 2022-01-01 00:00:00+00:00, run_after=2022-01-01 00:00:00+00:00
[2024-04-14T14:49:31.011+0000] {logging_mixin.py:188} INFO - [2024-04-14T14:49:31.010+0000] {dag.py:3834} INFO - Setting next_dagrun for example_subdag_operator.section-1 to None, run_after=None
[2024-04-14T14:49:31.012+0000] {logging_mixin.py:188} INFO - [2024-04-14T14:49:31.012+0000] {dag.py:3834} INFO - Setting next_dagrun for example_subdag_operator.section-2 to None, run_after=None
[2024-04-14T14:49:31.018+0000] {logging_mixin.py:188} INFO - [2024-04-14T14:49:31.018+0000] {dag.py:3047} INFO - Sync 2 DAGs
[2024-04-14T14:49:31.023+0000] {logging_mixin.py:188} INFO - [2024-04-14T14:49:31.022+0000] {dag.py:3834} INFO - Setting next_dagrun for example_subdag_operator.section-1 to None, run_after=None
[2024-04-14T14:49:31.023+0000] {logging_mixin.py:188} INFO - [2024-04-14T14:49:31.023+0000] {dag.py:3834} INFO - Setting next_dagrun for example_subdag_operator.section-2 to None, run_after=None
[2024-04-14T14:49:31.033+0000] {processor.py:183} INFO - Processing /home/airflow/.local/lib/python3.8/site-packages/airflow/example_dags/example_subdag_operator.py took 0.086 seconds
[2024-04-14T14:50:01.524+0000] {processor.py:161} INFO - Started process (PID=762) to work on /home/airflow/.local/lib/python3.8/site-packages/airflow/example_dags/example_subdag_operator.py
[2024-04-14T14:50:01.525+0000] {processor.py:830} INFO - Processing file /home/airflow/.local/lib/python3.8/site-packages/airflow/example_dags/example_subdag_operator.py for tasks to queue
[2024-04-14T14:50:01.526+0000] {logging_mixin.py:188} INFO - [2024-04-14T14:50:01.526+0000] {dagbag.py:540} INFO - Filling up the DagBag from /home/airflow/.local/lib/python3.8/site-packages/airflow/example_dags/example_subdag_operator.py
[2024-04-14T14:50:01.553+0000] {processor.py:840} INFO - DAG(s) 'example_subdag_operator.section-1', 'example_subdag_operator.section-2', 'example_subdag_operator' retrieved from /home/airflow/.local/lib/python3.8/site-packages/airflow/example_dags/example_subdag_operator.py
[2024-04-14T14:50:01.569+0000] {logging_mixin.py:188} INFO - [2024-04-14T14:50:01.569+0000] {dag.py:3047} INFO - Sync 3 DAGs
[2024-04-14T14:50:01.593+0000] {logging_mixin.py:188} INFO - [2024-04-14T14:50:01.592+0000] {dag.py:3834} INFO - Setting next_dagrun for example_subdag_operator to 2022-01-01 00:00:00+00:00, run_after=2022-01-01 00:00:00+00:00
[2024-04-14T14:50:01.596+0000] {logging_mixin.py:188} INFO - [2024-04-14T14:50:01.596+0000] {dag.py:3834} INFO - Setting next_dagrun for example_subdag_operator.section-1 to None, run_after=None
[2024-04-14T14:50:01.598+0000] {logging_mixin.py:188} INFO - [2024-04-14T14:50:01.598+0000] {dag.py:3834} INFO - Setting next_dagrun for example_subdag_operator.section-2 to None, run_after=None
[2024-04-14T14:50:01.605+0000] {logging_mixin.py:188} INFO - [2024-04-14T14:50:01.604+0000] {dag.py:3047} INFO - Sync 2 DAGs
[2024-04-14T14:50:01.611+0000] {logging_mixin.py:188} INFO - [2024-04-14T14:50:01.611+0000] {dag.py:3834} INFO - Setting next_dagrun for example_subdag_operator.section-1 to None, run_after=None
[2024-04-14T14:50:01.612+0000] {logging_mixin.py:188} INFO - [2024-04-14T14:50:01.612+0000] {dag.py:3834} INFO - Setting next_dagrun for example_subdag_operator.section-2 to None, run_after=None
[2024-04-14T14:50:01.625+0000] {processor.py:183} INFO - Processing /home/airflow/.local/lib/python3.8/site-packages/airflow/example_dags/example_subdag_operator.py took 0.104 seconds
[2024-04-14T14:50:31.786+0000] {processor.py:161} INFO - Started process (PID=821) to work on /home/airflow/.local/lib/python3.8/site-packages/airflow/example_dags/example_subdag_operator.py
[2024-04-14T14:50:31.787+0000] {processor.py:830} INFO - Processing file /home/airflow/.local/lib/python3.8/site-packages/airflow/example_dags/example_subdag_operator.py for tasks to queue
[2024-04-14T14:50:31.788+0000] {logging_mixin.py:188} INFO - [2024-04-14T14:50:31.788+0000] {dagbag.py:540} INFO - Filling up the DagBag from /home/airflow/.local/lib/python3.8/site-packages/airflow/example_dags/example_subdag_operator.py
[2024-04-14T14:50:31.809+0000] {processor.py:840} INFO - DAG(s) 'example_subdag_operator.section-1', 'example_subdag_operator.section-2', 'example_subdag_operator' retrieved from /home/airflow/.local/lib/python3.8/site-packages/airflow/example_dags/example_subdag_operator.py
[2024-04-14T14:50:31.824+0000] {logging_mixin.py:188} INFO - [2024-04-14T14:50:31.824+0000] {dag.py:3047} INFO - Sync 3 DAGs
[2024-04-14T14:50:31.842+0000] {logging_mixin.py:188} INFO - [2024-04-14T14:50:31.842+0000] {dag.py:3834} INFO - Setting next_dagrun for example_subdag_operator to 2022-01-01 00:00:00+00:00, run_after=2022-01-01 00:00:00+00:00
[2024-04-14T14:50:31.846+0000] {logging_mixin.py:188} INFO - [2024-04-14T14:50:31.846+0000] {dag.py:3834} INFO - Setting next_dagrun for example_subdag_operator.section-1 to None, run_after=None
[2024-04-14T14:50:31.848+0000] {logging_mixin.py:188} INFO - [2024-04-14T14:50:31.848+0000] {dag.py:3834} INFO - Setting next_dagrun for example_subdag_operator.section-2 to None, run_after=None
[2024-04-14T14:50:31.854+0000] {logging_mixin.py:188} INFO - [2024-04-14T14:50:31.854+0000] {dag.py:3047} INFO - Sync 2 DAGs
[2024-04-14T14:50:31.858+0000] {logging_mixin.py:188} INFO - [2024-04-14T14:50:31.858+0000] {dag.py:3834} INFO - Setting next_dagrun for example_subdag_operator.section-1 to None, run_after=None
[2024-04-14T14:50:31.859+0000] {logging_mixin.py:188} INFO - [2024-04-14T14:50:31.859+0000] {dag.py:3834} INFO - Setting next_dagrun for example_subdag_operator.section-2 to None, run_after=None
[2024-04-14T14:50:31.869+0000] {processor.py:183} INFO - Processing /home/airflow/.local/lib/python3.8/site-packages/airflow/example_dags/example_subdag_operator.py took 0.086 seconds
[2024-04-14T14:51:02.164+0000] {processor.py:161} INFO - Started process (PID=880) to work on /home/airflow/.local/lib/python3.8/site-packages/airflow/example_dags/example_subdag_operator.py
[2024-04-14T14:51:02.165+0000] {processor.py:830} INFO - Processing file /home/airflow/.local/lib/python3.8/site-packages/airflow/example_dags/example_subdag_operator.py for tasks to queue
[2024-04-14T14:51:02.166+0000] {logging_mixin.py:188} INFO - [2024-04-14T14:51:02.166+0000] {dagbag.py:540} INFO - Filling up the DagBag from /home/airflow/.local/lib/python3.8/site-packages/airflow/example_dags/example_subdag_operator.py
[2024-04-14T14:51:02.190+0000] {processor.py:840} INFO - DAG(s) 'example_subdag_operator.section-1', 'example_subdag_operator.section-2', 'example_subdag_operator' retrieved from /home/airflow/.local/lib/python3.8/site-packages/airflow/example_dags/example_subdag_operator.py
[2024-04-14T14:51:02.205+0000] {logging_mixin.py:188} INFO - [2024-04-14T14:51:02.204+0000] {dag.py:3047} INFO - Sync 3 DAGs
[2024-04-14T14:51:02.227+0000] {logging_mixin.py:188} INFO - [2024-04-14T14:51:02.226+0000] {dag.py:3834} INFO - Setting next_dagrun for example_subdag_operator to 2022-01-01 00:00:00+00:00, run_after=2022-01-01 00:00:00+00:00
[2024-04-14T14:51:02.230+0000] {logging_mixin.py:188} INFO - [2024-04-14T14:51:02.230+0000] {dag.py:3834} INFO - Setting next_dagrun for example_subdag_operator.section-1 to None, run_after=None
[2024-04-14T14:51:02.232+0000] {logging_mixin.py:188} INFO - [2024-04-14T14:51:02.232+0000] {dag.py:3834} INFO - Setting next_dagrun for example_subdag_operator.section-2 to None, run_after=None
[2024-04-14T14:51:02.240+0000] {logging_mixin.py:188} INFO - [2024-04-14T14:51:02.240+0000] {dag.py:3047} INFO - Sync 2 DAGs
[2024-04-14T14:51:02.246+0000] {logging_mixin.py:188} INFO - [2024-04-14T14:51:02.246+0000] {dag.py:3834} INFO - Setting next_dagrun for example_subdag_operator.section-1 to None, run_after=None
[2024-04-14T14:51:02.247+0000] {logging_mixin.py:188} INFO - [2024-04-14T14:51:02.247+0000] {dag.py:3834} INFO - Setting next_dagrun for example_subdag_operator.section-2 to None, run_after=None
[2024-04-14T14:51:02.258+0000] {processor.py:183} INFO - Processing /home/airflow/.local/lib/python3.8/site-packages/airflow/example_dags/example_subdag_operator.py took 0.097 seconds
[2024-04-14T14:51:33.252+0000] {processor.py:161} INFO - Started process (PID=940) to work on /home/airflow/.local/lib/python3.8/site-packages/airflow/example_dags/example_subdag_operator.py
[2024-04-14T14:51:33.254+0000] {processor.py:830} INFO - Processing file /home/airflow/.local/lib/python3.8/site-packages/airflow/example_dags/example_subdag_operator.py for tasks to queue
[2024-04-14T14:51:33.255+0000] {logging_mixin.py:188} INFO - [2024-04-14T14:51:33.255+0000] {dagbag.py:540} INFO - Filling up the DagBag from /home/airflow/.local/lib/python3.8/site-packages/airflow/example_dags/example_subdag_operator.py
[2024-04-14T14:51:33.275+0000] {processor.py:840} INFO - DAG(s) 'example_subdag_operator.section-1', 'example_subdag_operator.section-2', 'example_subdag_operator' retrieved from /home/airflow/.local/lib/python3.8/site-packages/airflow/example_dags/example_subdag_operator.py
[2024-04-14T14:51:33.293+0000] {logging_mixin.py:188} INFO - [2024-04-14T14:51:33.293+0000] {dag.py:3047} INFO - Sync 3 DAGs
[2024-04-14T14:51:33.314+0000] {logging_mixin.py:188} INFO - [2024-04-14T14:51:33.313+0000] {dag.py:3834} INFO - Setting next_dagrun for example_subdag_operator to 2022-01-01 00:00:00+00:00, run_after=2022-01-01 00:00:00+00:00
[2024-04-14T14:51:33.317+0000] {logging_mixin.py:188} INFO - [2024-04-14T14:51:33.317+0000] {dag.py:3834} INFO - Setting next_dagrun for example_subdag_operator.section-1 to None, run_after=None
[2024-04-14T14:51:33.319+0000] {logging_mixin.py:188} INFO - [2024-04-14T14:51:33.319+0000] {dag.py:3834} INFO - Setting next_dagrun for example_subdag_operator.section-2 to None, run_after=None
[2024-04-14T14:51:33.326+0000] {logging_mixin.py:188} INFO - [2024-04-14T14:51:33.326+0000] {dag.py:3047} INFO - Sync 2 DAGs
[2024-04-14T14:51:33.331+0000] {logging_mixin.py:188} INFO - [2024-04-14T14:51:33.331+0000] {dag.py:3834} INFO - Setting next_dagrun for example_subdag_operator.section-1 to None, run_after=None
[2024-04-14T14:51:33.333+0000] {logging_mixin.py:188} INFO - [2024-04-14T14:51:33.333+0000] {dag.py:3834} INFO - Setting next_dagrun for example_subdag_operator.section-2 to None, run_after=None
[2024-04-14T14:51:33.346+0000] {processor.py:183} INFO - Processing /home/airflow/.local/lib/python3.8/site-packages/airflow/example_dags/example_subdag_operator.py took 0.096 seconds
[2024-04-14T14:52:03.782+0000] {processor.py:161} INFO - Started process (PID=999) to work on /home/airflow/.local/lib/python3.8/site-packages/airflow/example_dags/example_subdag_operator.py
[2024-04-14T14:52:03.783+0000] {processor.py:830} INFO - Processing file /home/airflow/.local/lib/python3.8/site-packages/airflow/example_dags/example_subdag_operator.py for tasks to queue
[2024-04-14T14:52:03.784+0000] {logging_mixin.py:188} INFO - [2024-04-14T14:52:03.784+0000] {dagbag.py:540} INFO - Filling up the DagBag from /home/airflow/.local/lib/python3.8/site-packages/airflow/example_dags/example_subdag_operator.py
[2024-04-14T14:52:03.804+0000] {processor.py:840} INFO - DAG(s) 'example_subdag_operator.section-1', 'example_subdag_operator.section-2', 'example_subdag_operator' retrieved from /home/airflow/.local/lib/python3.8/site-packages/airflow/example_dags/example_subdag_operator.py
[2024-04-14T14:52:03.820+0000] {logging_mixin.py:188} INFO - [2024-04-14T14:52:03.820+0000] {dag.py:3047} INFO - Sync 3 DAGs
[2024-04-14T14:52:03.841+0000] {logging_mixin.py:188} INFO - [2024-04-14T14:52:03.841+0000] {dag.py:3834} INFO - Setting next_dagrun for example_subdag_operator to 2022-01-01 00:00:00+00:00, run_after=2022-01-01 00:00:00+00:00
[2024-04-14T14:52:03.846+0000] {logging_mixin.py:188} INFO - [2024-04-14T14:52:03.846+0000] {dag.py:3834} INFO - Setting next_dagrun for example_subdag_operator.section-1 to None, run_after=None
[2024-04-14T14:52:03.849+0000] {logging_mixin.py:188} INFO - [2024-04-14T14:52:03.849+0000] {dag.py:3834} INFO - Setting next_dagrun for example_subdag_operator.section-2 to None, run_after=None
[2024-04-14T14:52:03.858+0000] {logging_mixin.py:188} INFO - [2024-04-14T14:52:03.857+0000] {dag.py:3047} INFO - Sync 2 DAGs
[2024-04-14T14:52:03.863+0000] {logging_mixin.py:188} INFO - [2024-04-14T14:52:03.863+0000] {dag.py:3834} INFO - Setting next_dagrun for example_subdag_operator.section-1 to None, run_after=None
[2024-04-14T14:52:03.864+0000] {logging_mixin.py:188} INFO - [2024-04-14T14:52:03.864+0000] {dag.py:3834} INFO - Setting next_dagrun for example_subdag_operator.section-2 to None, run_after=None
[2024-04-14T14:52:03.880+0000] {processor.py:183} INFO - Processing /home/airflow/.local/lib/python3.8/site-packages/airflow/example_dags/example_subdag_operator.py took 0.102 seconds
[2024-04-14T14:52:34.166+0000] {processor.py:161} INFO - Started process (PID=1058) to work on /home/airflow/.local/lib/python3.8/site-packages/airflow/example_dags/example_subdag_operator.py
[2024-04-14T14:52:34.167+0000] {processor.py:830} INFO - Processing file /home/airflow/.local/lib/python3.8/site-packages/airflow/example_dags/example_subdag_operator.py for tasks to queue
[2024-04-14T14:52:34.169+0000] {logging_mixin.py:188} INFO - [2024-04-14T14:52:34.169+0000] {dagbag.py:540} INFO - Filling up the DagBag from /home/airflow/.local/lib/python3.8/site-packages/airflow/example_dags/example_subdag_operator.py
[2024-04-14T14:52:34.196+0000] {processor.py:840} INFO - DAG(s) 'example_subdag_operator.section-1', 'example_subdag_operator.section-2', 'example_subdag_operator' retrieved from /home/airflow/.local/lib/python3.8/site-packages/airflow/example_dags/example_subdag_operator.py
[2024-04-14T14:52:34.213+0000] {logging_mixin.py:188} INFO - [2024-04-14T14:52:34.213+0000] {dag.py:3047} INFO - Sync 3 DAGs
[2024-04-14T14:52:34.232+0000] {logging_mixin.py:188} INFO - [2024-04-14T14:52:34.232+0000] {dag.py:3834} INFO - Setting next_dagrun for example_subdag_operator to 2022-01-01 00:00:00+00:00, run_after=2022-01-01 00:00:00+00:00
[2024-04-14T14:52:34.236+0000] {logging_mixin.py:188} INFO - [2024-04-14T14:52:34.236+0000] {dag.py:3834} INFO - Setting next_dagrun for example_subdag_operator.section-1 to None, run_after=None
[2024-04-14T14:52:34.238+0000] {logging_mixin.py:188} INFO - [2024-04-14T14:52:34.238+0000] {dag.py:3834} INFO - Setting next_dagrun for example_subdag_operator.section-2 to None, run_after=None
[2024-04-14T14:52:34.250+0000] {logging_mixin.py:188} INFO - [2024-04-14T14:52:34.250+0000] {dag.py:3047} INFO - Sync 2 DAGs
[2024-04-14T14:52:34.258+0000] {logging_mixin.py:188} INFO - [2024-04-14T14:52:34.258+0000] {dag.py:3834} INFO - Setting next_dagrun for example_subdag_operator.section-1 to None, run_after=None
[2024-04-14T14:52:34.259+0000] {logging_mixin.py:188} INFO - [2024-04-14T14:52:34.259+0000] {dag.py:3834} INFO - Setting next_dagrun for example_subdag_operator.section-2 to None, run_after=None
[2024-04-14T14:52:34.271+0000] {processor.py:183} INFO - Processing /home/airflow/.local/lib/python3.8/site-packages/airflow/example_dags/example_subdag_operator.py took 0.108 seconds
[2024-04-14T14:53:05.096+0000] {processor.py:161} INFO - Started process (PID=1117) to work on /home/airflow/.local/lib/python3.8/site-packages/airflow/example_dags/example_subdag_operator.py
[2024-04-14T14:53:05.097+0000] {processor.py:830} INFO - Processing file /home/airflow/.local/lib/python3.8/site-packages/airflow/example_dags/example_subdag_operator.py for tasks to queue
[2024-04-14T14:53:05.098+0000] {logging_mixin.py:188} INFO - [2024-04-14T14:53:05.098+0000] {dagbag.py:540} INFO - Filling up the DagBag from /home/airflow/.local/lib/python3.8/site-packages/airflow/example_dags/example_subdag_operator.py
[2024-04-14T14:53:05.119+0000] {processor.py:840} INFO - DAG(s) 'example_subdag_operator.section-1', 'example_subdag_operator.section-2', 'example_subdag_operator' retrieved from /home/airflow/.local/lib/python3.8/site-packages/airflow/example_dags/example_subdag_operator.py
[2024-04-14T14:53:05.136+0000] {logging_mixin.py:188} INFO - [2024-04-14T14:53:05.135+0000] {dag.py:3047} INFO - Sync 3 DAGs
[2024-04-14T14:53:05.162+0000] {logging_mixin.py:188} INFO - [2024-04-14T14:53:05.162+0000] {dag.py:3834} INFO - Setting next_dagrun for example_subdag_operator to 2022-01-01 00:00:00+00:00, run_after=2022-01-01 00:00:00+00:00
[2024-04-14T14:53:05.167+0000] {logging_mixin.py:188} INFO - [2024-04-14T14:53:05.167+0000] {dag.py:3834} INFO - Setting next_dagrun for example_subdag_operator.section-1 to None, run_after=None
[2024-04-14T14:53:05.169+0000] {logging_mixin.py:188} INFO - [2024-04-14T14:53:05.169+0000] {dag.py:3834} INFO - Setting next_dagrun for example_subdag_operator.section-2 to None, run_after=None
[2024-04-14T14:53:05.179+0000] {logging_mixin.py:188} INFO - [2024-04-14T14:53:05.178+0000] {dag.py:3047} INFO - Sync 2 DAGs
[2024-04-14T14:53:05.185+0000] {logging_mixin.py:188} INFO - [2024-04-14T14:53:05.185+0000] {dag.py:3834} INFO - Setting next_dagrun for example_subdag_operator.section-1 to None, run_after=None
[2024-04-14T14:53:05.186+0000] {logging_mixin.py:188} INFO - [2024-04-14T14:53:05.186+0000] {dag.py:3834} INFO - Setting next_dagrun for example_subdag_operator.section-2 to None, run_after=None
[2024-04-14T14:53:05.200+0000] {processor.py:183} INFO - Processing /home/airflow/.local/lib/python3.8/site-packages/airflow/example_dags/example_subdag_operator.py took 0.107 seconds
[2024-04-14T14:53:35.902+0000] {processor.py:161} INFO - Started process (PID=1176) to work on /home/airflow/.local/lib/python3.8/site-packages/airflow/example_dags/example_subdag_operator.py
[2024-04-14T14:53:35.904+0000] {processor.py:830} INFO - Processing file /home/airflow/.local/lib/python3.8/site-packages/airflow/example_dags/example_subdag_operator.py for tasks to queue
[2024-04-14T14:53:35.905+0000] {logging_mixin.py:188} INFO - [2024-04-14T14:53:35.905+0000] {dagbag.py:540} INFO - Filling up the DagBag from /home/airflow/.local/lib/python3.8/site-packages/airflow/example_dags/example_subdag_operator.py
[2024-04-14T14:53:35.929+0000] {processor.py:840} INFO - DAG(s) 'example_subdag_operator.section-1', 'example_subdag_operator.section-2', 'example_subdag_operator' retrieved from /home/airflow/.local/lib/python3.8/site-packages/airflow/example_dags/example_subdag_operator.py
[2024-04-14T14:53:35.946+0000] {logging_mixin.py:188} INFO - [2024-04-14T14:53:35.946+0000] {dag.py:3047} INFO - Sync 3 DAGs
[2024-04-14T14:53:35.965+0000] {logging_mixin.py:188} INFO - [2024-04-14T14:53:35.964+0000] {dag.py:3834} INFO - Setting next_dagrun for example_subdag_operator to 2022-01-01 00:00:00+00:00, run_after=2022-01-01 00:00:00+00:00
[2024-04-14T14:53:35.968+0000] {logging_mixin.py:188} INFO - [2024-04-14T14:53:35.968+0000] {dag.py:3834} INFO - Setting next_dagrun for example_subdag_operator.section-1 to None, run_after=None
[2024-04-14T14:53:35.970+0000] {logging_mixin.py:188} INFO - [2024-04-14T14:53:35.970+0000] {dag.py:3834} INFO - Setting next_dagrun for example_subdag_operator.section-2 to None, run_after=None
[2024-04-14T14:53:35.980+0000] {logging_mixin.py:188} INFO - [2024-04-14T14:53:35.979+0000] {dag.py:3047} INFO - Sync 2 DAGs
[2024-04-14T14:53:35.987+0000] {logging_mixin.py:188} INFO - [2024-04-14T14:53:35.987+0000] {dag.py:3834} INFO - Setting next_dagrun for example_subdag_operator.section-1 to None, run_after=None
[2024-04-14T14:53:35.988+0000] {logging_mixin.py:188} INFO - [2024-04-14T14:53:35.988+0000] {dag.py:3834} INFO - Setting next_dagrun for example_subdag_operator.section-2 to None, run_after=None
[2024-04-14T14:53:36.003+0000] {processor.py:183} INFO - Processing /home/airflow/.local/lib/python3.8/site-packages/airflow/example_dags/example_subdag_operator.py took 0.104 seconds
