[2024-04-14T14:44:18.758+0000] {processor.py:161} INFO - Started process (PID=59) to work on /home/airflow/.local/lib/python3.8/site-packages/airflow/example_dags/example_complex.py
[2024-04-14T14:44:18.761+0000] {processor.py:830} INFO - Processing file /home/airflow/.local/lib/python3.8/site-packages/airflow/example_dags/example_complex.py for tasks to queue
[2024-04-14T14:44:18.779+0000] {logging_mixin.py:188} INFO - [2024-04-14T14:44:18.778+0000] {dagbag.py:540} INFO - Filling up the DagBag from /home/airflow/.local/lib/python3.8/site-packages/airflow/example_dags/example_complex.py
[2024-04-14T14:44:18.797+0000] {processor.py:840} INFO - DAG(s) 'example_complex' retrieved from /home/airflow/.local/lib/python3.8/site-packages/airflow/example_dags/example_complex.py
[2024-04-14T14:44:18.850+0000] {logging_mixin.py:188} INFO - [2024-04-14T14:44:18.850+0000] {dag.py:3047} INFO - Sync 1 DAGs
[2024-04-14T14:44:18.872+0000] {logging_mixin.py:188} INFO - [2024-04-14T14:44:18.871+0000] {dag.py:3834} INFO - Setting next_dagrun for example_complex to None, run_after=None
[2024-04-14T14:44:18.903+0000] {processor.py:183} INFO - Processing /home/airflow/.local/lib/python3.8/site-packages/airflow/example_dags/example_complex.py took 0.151 seconds
[2024-04-14T14:44:49.609+0000] {processor.py:161} INFO - Started process (PID=131) to work on /home/airflow/.local/lib/python3.8/site-packages/airflow/example_dags/example_complex.py
[2024-04-14T14:44:49.610+0000] {processor.py:830} INFO - Processing file /home/airflow/.local/lib/python3.8/site-packages/airflow/example_dags/example_complex.py for tasks to queue
[2024-04-14T14:44:49.614+0000] {logging_mixin.py:188} INFO - [2024-04-14T14:44:49.613+0000] {dagbag.py:540} INFO - Filling up the DagBag from /home/airflow/.local/lib/python3.8/site-packages/airflow/example_dags/example_complex.py
[2024-04-14T14:44:49.629+0000] {processor.py:840} INFO - DAG(s) 'example_complex' retrieved from /home/airflow/.local/lib/python3.8/site-packages/airflow/example_dags/example_complex.py
[2024-04-14T14:44:49.687+0000] {logging_mixin.py:188} INFO - [2024-04-14T14:44:49.686+0000] {dag.py:3047} INFO - Sync 1 DAGs
[2024-04-14T14:44:49.705+0000] {logging_mixin.py:188} INFO - [2024-04-14T14:44:49.704+0000] {dag.py:3834} INFO - Setting next_dagrun for example_complex to None, run_after=None
[2024-04-14T14:44:49.723+0000] {processor.py:183} INFO - Processing /home/airflow/.local/lib/python3.8/site-packages/airflow/example_dags/example_complex.py took 0.118 seconds
[2024-04-14T14:45:20.329+0000] {processor.py:161} INFO - Started process (PID=190) to work on /home/airflow/.local/lib/python3.8/site-packages/airflow/example_dags/example_complex.py
[2024-04-14T14:45:20.333+0000] {processor.py:830} INFO - Processing file /home/airflow/.local/lib/python3.8/site-packages/airflow/example_dags/example_complex.py for tasks to queue
[2024-04-14T14:45:20.336+0000] {logging_mixin.py:188} INFO - [2024-04-14T14:45:20.335+0000] {dagbag.py:540} INFO - Filling up the DagBag from /home/airflow/.local/lib/python3.8/site-packages/airflow/example_dags/example_complex.py
[2024-04-14T14:45:20.358+0000] {processor.py:840} INFO - DAG(s) 'example_complex' retrieved from /home/airflow/.local/lib/python3.8/site-packages/airflow/example_dags/example_complex.py
[2024-04-14T14:45:20.416+0000] {logging_mixin.py:188} INFO - [2024-04-14T14:45:20.415+0000] {dag.py:3047} INFO - Sync 1 DAGs
[2024-04-14T14:45:20.436+0000] {logging_mixin.py:188} INFO - [2024-04-14T14:45:20.435+0000] {dag.py:3834} INFO - Setting next_dagrun for example_complex to None, run_after=None
[2024-04-14T14:45:20.464+0000] {processor.py:183} INFO - Processing /home/airflow/.local/lib/python3.8/site-packages/airflow/example_dags/example_complex.py took 0.142 seconds
[2024-04-14T14:45:50.613+0000] {processor.py:161} INFO - Started process (PID=249) to work on /home/airflow/.local/lib/python3.8/site-packages/airflow/example_dags/example_complex.py
[2024-04-14T14:45:50.614+0000] {processor.py:830} INFO - Processing file /home/airflow/.local/lib/python3.8/site-packages/airflow/example_dags/example_complex.py for tasks to queue
[2024-04-14T14:45:50.615+0000] {logging_mixin.py:188} INFO - [2024-04-14T14:45:50.615+0000] {dagbag.py:540} INFO - Filling up the DagBag from /home/airflow/.local/lib/python3.8/site-packages/airflow/example_dags/example_complex.py
[2024-04-14T14:45:50.625+0000] {processor.py:840} INFO - DAG(s) 'example_complex' retrieved from /home/airflow/.local/lib/python3.8/site-packages/airflow/example_dags/example_complex.py
[2024-04-14T14:45:50.651+0000] {logging_mixin.py:188} INFO - [2024-04-14T14:45:50.651+0000] {dag.py:3047} INFO - Sync 1 DAGs
[2024-04-14T14:45:50.661+0000] {logging_mixin.py:188} INFO - [2024-04-14T14:45:50.661+0000] {dag.py:3834} INFO - Setting next_dagrun for example_complex to None, run_after=None
[2024-04-14T14:45:50.692+0000] {processor.py:183} INFO - Processing /home/airflow/.local/lib/python3.8/site-packages/airflow/example_dags/example_complex.py took 0.084 seconds
[2024-04-14T14:46:20.746+0000] {processor.py:161} INFO - Started process (PID=307) to work on /home/airflow/.local/lib/python3.8/site-packages/airflow/example_dags/example_complex.py
[2024-04-14T14:46:20.747+0000] {processor.py:830} INFO - Processing file /home/airflow/.local/lib/python3.8/site-packages/airflow/example_dags/example_complex.py for tasks to queue
[2024-04-14T14:46:20.749+0000] {logging_mixin.py:188} INFO - [2024-04-14T14:46:20.749+0000] {dagbag.py:540} INFO - Filling up the DagBag from /home/airflow/.local/lib/python3.8/site-packages/airflow/example_dags/example_complex.py
[2024-04-14T14:46:20.759+0000] {processor.py:840} INFO - DAG(s) 'example_complex' retrieved from /home/airflow/.local/lib/python3.8/site-packages/airflow/example_dags/example_complex.py
[2024-04-14T14:46:20.790+0000] {logging_mixin.py:188} INFO - [2024-04-14T14:46:20.789+0000] {dag.py:3047} INFO - Sync 1 DAGs
[2024-04-14T14:46:20.801+0000] {logging_mixin.py:188} INFO - [2024-04-14T14:46:20.800+0000] {dag.py:3834} INFO - Setting next_dagrun for example_complex to None, run_after=None
[2024-04-14T14:46:20.824+0000] {processor.py:183} INFO - Processing /home/airflow/.local/lib/python3.8/site-packages/airflow/example_dags/example_complex.py took 0.081 seconds
[2024-04-14T14:46:51.674+0000] {processor.py:161} INFO - Started process (PID=367) to work on /home/airflow/.local/lib/python3.8/site-packages/airflow/example_dags/example_complex.py
[2024-04-14T14:46:51.676+0000] {processor.py:830} INFO - Processing file /home/airflow/.local/lib/python3.8/site-packages/airflow/example_dags/example_complex.py for tasks to queue
[2024-04-14T14:46:51.677+0000] {logging_mixin.py:188} INFO - [2024-04-14T14:46:51.677+0000] {dagbag.py:540} INFO - Filling up the DagBag from /home/airflow/.local/lib/python3.8/site-packages/airflow/example_dags/example_complex.py
[2024-04-14T14:46:51.692+0000] {processor.py:840} INFO - DAG(s) 'example_complex' retrieved from /home/airflow/.local/lib/python3.8/site-packages/airflow/example_dags/example_complex.py
[2024-04-14T14:46:51.725+0000] {logging_mixin.py:188} INFO - [2024-04-14T14:46:51.725+0000] {dag.py:3047} INFO - Sync 1 DAGs
[2024-04-14T14:46:51.736+0000] {logging_mixin.py:188} INFO - [2024-04-14T14:46:51.736+0000] {dag.py:3834} INFO - Setting next_dagrun for example_complex to None, run_after=None
[2024-04-14T14:46:51.754+0000] {processor.py:183} INFO - Processing /home/airflow/.local/lib/python3.8/site-packages/airflow/example_dags/example_complex.py took 0.083 seconds
[2024-04-14T14:47:22.443+0000] {processor.py:161} INFO - Started process (PID=427) to work on /home/airflow/.local/lib/python3.8/site-packages/airflow/example_dags/example_complex.py
[2024-04-14T14:47:22.444+0000] {processor.py:830} INFO - Processing file /home/airflow/.local/lib/python3.8/site-packages/airflow/example_dags/example_complex.py for tasks to queue
[2024-04-14T14:47:22.446+0000] {logging_mixin.py:188} INFO - [2024-04-14T14:47:22.445+0000] {dagbag.py:540} INFO - Filling up the DagBag from /home/airflow/.local/lib/python3.8/site-packages/airflow/example_dags/example_complex.py
[2024-04-14T14:47:22.456+0000] {processor.py:840} INFO - DAG(s) 'example_complex' retrieved from /home/airflow/.local/lib/python3.8/site-packages/airflow/example_dags/example_complex.py
[2024-04-14T14:47:22.486+0000] {logging_mixin.py:188} INFO - [2024-04-14T14:47:22.485+0000] {dag.py:3047} INFO - Sync 1 DAGs
[2024-04-14T14:47:22.497+0000] {logging_mixin.py:188} INFO - [2024-04-14T14:47:22.496+0000] {dag.py:3834} INFO - Setting next_dagrun for example_complex to None, run_after=None
[2024-04-14T14:47:22.518+0000] {processor.py:183} INFO - Processing /home/airflow/.local/lib/python3.8/site-packages/airflow/example_dags/example_complex.py took 0.079 seconds
[2024-04-14T14:47:52.736+0000] {processor.py:161} INFO - Started process (PID=486) to work on /home/airflow/.local/lib/python3.8/site-packages/airflow/example_dags/example_complex.py
[2024-04-14T14:47:52.738+0000] {processor.py:830} INFO - Processing file /home/airflow/.local/lib/python3.8/site-packages/airflow/example_dags/example_complex.py for tasks to queue
[2024-04-14T14:47:52.739+0000] {logging_mixin.py:188} INFO - [2024-04-14T14:47:52.739+0000] {dagbag.py:540} INFO - Filling up the DagBag from /home/airflow/.local/lib/python3.8/site-packages/airflow/example_dags/example_complex.py
[2024-04-14T14:47:52.754+0000] {processor.py:840} INFO - DAG(s) 'example_complex' retrieved from /home/airflow/.local/lib/python3.8/site-packages/airflow/example_dags/example_complex.py
[2024-04-14T14:47:52.796+0000] {logging_mixin.py:188} INFO - [2024-04-14T14:47:52.796+0000] {dag.py:3047} INFO - Sync 1 DAGs
[2024-04-14T14:47:52.813+0000] {logging_mixin.py:188} INFO - [2024-04-14T14:47:52.812+0000] {dag.py:3834} INFO - Setting next_dagrun for example_complex to None, run_after=None
[2024-04-14T14:47:52.832+0000] {processor.py:183} INFO - Processing /home/airflow/.local/lib/python3.8/site-packages/airflow/example_dags/example_complex.py took 0.099 seconds
[2024-04-14T14:48:23.005+0000] {processor.py:161} INFO - Started process (PID=545) to work on /home/airflow/.local/lib/python3.8/site-packages/airflow/example_dags/example_complex.py
[2024-04-14T14:48:23.006+0000] {processor.py:830} INFO - Processing file /home/airflow/.local/lib/python3.8/site-packages/airflow/example_dags/example_complex.py for tasks to queue
[2024-04-14T14:48:23.007+0000] {logging_mixin.py:188} INFO - [2024-04-14T14:48:23.007+0000] {dagbag.py:540} INFO - Filling up the DagBag from /home/airflow/.local/lib/python3.8/site-packages/airflow/example_dags/example_complex.py
[2024-04-14T14:48:23.020+0000] {processor.py:840} INFO - DAG(s) 'example_complex' retrieved from /home/airflow/.local/lib/python3.8/site-packages/airflow/example_dags/example_complex.py
[2024-04-14T14:48:23.057+0000] {logging_mixin.py:188} INFO - [2024-04-14T14:48:23.057+0000] {dag.py:3047} INFO - Sync 1 DAGs
[2024-04-14T14:48:23.071+0000] {logging_mixin.py:188} INFO - [2024-04-14T14:48:23.070+0000] {dag.py:3834} INFO - Setting next_dagrun for example_complex to None, run_after=None
[2024-04-14T14:48:23.092+0000] {processor.py:183} INFO - Processing /home/airflow/.local/lib/python3.8/site-packages/airflow/example_dags/example_complex.py took 0.091 seconds
[2024-04-14T14:48:53.437+0000] {processor.py:161} INFO - Started process (PID=604) to work on /home/airflow/.local/lib/python3.8/site-packages/airflow/example_dags/example_complex.py
[2024-04-14T14:48:53.438+0000] {processor.py:830} INFO - Processing file /home/airflow/.local/lib/python3.8/site-packages/airflow/example_dags/example_complex.py for tasks to queue
[2024-04-14T14:48:53.439+0000] {logging_mixin.py:188} INFO - [2024-04-14T14:48:53.439+0000] {dagbag.py:540} INFO - Filling up the DagBag from /home/airflow/.local/lib/python3.8/site-packages/airflow/example_dags/example_complex.py
[2024-04-14T14:48:53.448+0000] {processor.py:840} INFO - DAG(s) 'example_complex' retrieved from /home/airflow/.local/lib/python3.8/site-packages/airflow/example_dags/example_complex.py
[2024-04-14T14:48:53.478+0000] {logging_mixin.py:188} INFO - [2024-04-14T14:48:53.478+0000] {dag.py:3047} INFO - Sync 1 DAGs
[2024-04-14T14:48:53.489+0000] {logging_mixin.py:188} INFO - [2024-04-14T14:48:53.489+0000] {dag.py:3834} INFO - Setting next_dagrun for example_complex to None, run_after=None
[2024-04-14T14:48:53.506+0000] {processor.py:183} INFO - Processing /home/airflow/.local/lib/python3.8/site-packages/airflow/example_dags/example_complex.py took 0.072 seconds
[2024-04-14T14:49:23.957+0000] {processor.py:161} INFO - Started process (PID=663) to work on /home/airflow/.local/lib/python3.8/site-packages/airflow/example_dags/example_complex.py
[2024-04-14T14:49:23.958+0000] {processor.py:830} INFO - Processing file /home/airflow/.local/lib/python3.8/site-packages/airflow/example_dags/example_complex.py for tasks to queue
[2024-04-14T14:49:23.959+0000] {logging_mixin.py:188} INFO - [2024-04-14T14:49:23.959+0000] {dagbag.py:540} INFO - Filling up the DagBag from /home/airflow/.local/lib/python3.8/site-packages/airflow/example_dags/example_complex.py
[2024-04-14T14:49:23.971+0000] {processor.py:840} INFO - DAG(s) 'example_complex' retrieved from /home/airflow/.local/lib/python3.8/site-packages/airflow/example_dags/example_complex.py
[2024-04-14T14:49:24.005+0000] {logging_mixin.py:188} INFO - [2024-04-14T14:49:24.005+0000] {dag.py:3047} INFO - Sync 1 DAGs
[2024-04-14T14:49:24.019+0000] {logging_mixin.py:188} INFO - [2024-04-14T14:49:24.019+0000] {dag.py:3834} INFO - Setting next_dagrun for example_complex to None, run_after=None
[2024-04-14T14:49:24.046+0000] {processor.py:183} INFO - Processing /home/airflow/.local/lib/python3.8/site-packages/airflow/example_dags/example_complex.py took 0.092 seconds
[2024-04-14T14:49:54.204+0000] {processor.py:161} INFO - Started process (PID=722) to work on /home/airflow/.local/lib/python3.8/site-packages/airflow/example_dags/example_complex.py
[2024-04-14T14:49:54.206+0000] {processor.py:830} INFO - Processing file /home/airflow/.local/lib/python3.8/site-packages/airflow/example_dags/example_complex.py for tasks to queue
[2024-04-14T14:49:54.207+0000] {logging_mixin.py:188} INFO - [2024-04-14T14:49:54.206+0000] {dagbag.py:540} INFO - Filling up the DagBag from /home/airflow/.local/lib/python3.8/site-packages/airflow/example_dags/example_complex.py
[2024-04-14T14:49:54.220+0000] {processor.py:840} INFO - DAG(s) 'example_complex' retrieved from /home/airflow/.local/lib/python3.8/site-packages/airflow/example_dags/example_complex.py
[2024-04-14T14:49:54.253+0000] {logging_mixin.py:188} INFO - [2024-04-14T14:49:54.253+0000] {dag.py:3047} INFO - Sync 1 DAGs
[2024-04-14T14:49:54.267+0000] {logging_mixin.py:188} INFO - [2024-04-14T14:49:54.266+0000] {dag.py:3834} INFO - Setting next_dagrun for example_complex to None, run_after=None
[2024-04-14T14:49:54.287+0000] {processor.py:183} INFO - Processing /home/airflow/.local/lib/python3.8/site-packages/airflow/example_dags/example_complex.py took 0.086 seconds
[2024-04-14T14:50:24.748+0000] {processor.py:161} INFO - Started process (PID=782) to work on /home/airflow/.local/lib/python3.8/site-packages/airflow/example_dags/example_complex.py
[2024-04-14T14:50:24.750+0000] {processor.py:830} INFO - Processing file /home/airflow/.local/lib/python3.8/site-packages/airflow/example_dags/example_complex.py for tasks to queue
[2024-04-14T14:50:24.751+0000] {logging_mixin.py:188} INFO - [2024-04-14T14:50:24.750+0000] {dagbag.py:540} INFO - Filling up the DagBag from /home/airflow/.local/lib/python3.8/site-packages/airflow/example_dags/example_complex.py
[2024-04-14T14:50:24.763+0000] {processor.py:840} INFO - DAG(s) 'example_complex' retrieved from /home/airflow/.local/lib/python3.8/site-packages/airflow/example_dags/example_complex.py
[2024-04-14T14:50:24.796+0000] {logging_mixin.py:188} INFO - [2024-04-14T14:50:24.796+0000] {dag.py:3047} INFO - Sync 1 DAGs
[2024-04-14T14:50:24.809+0000] {logging_mixin.py:188} INFO - [2024-04-14T14:50:24.809+0000] {dag.py:3834} INFO - Setting next_dagrun for example_complex to None, run_after=None
[2024-04-14T14:50:24.828+0000] {processor.py:183} INFO - Processing /home/airflow/.local/lib/python3.8/site-packages/airflow/example_dags/example_complex.py took 0.084 seconds
[2024-04-14T14:50:55.081+0000] {processor.py:161} INFO - Started process (PID=841) to work on /home/airflow/.local/lib/python3.8/site-packages/airflow/example_dags/example_complex.py
[2024-04-14T14:50:55.083+0000] {processor.py:830} INFO - Processing file /home/airflow/.local/lib/python3.8/site-packages/airflow/example_dags/example_complex.py for tasks to queue
[2024-04-14T14:50:55.086+0000] {logging_mixin.py:188} INFO - [2024-04-14T14:50:55.085+0000] {dagbag.py:540} INFO - Filling up the DagBag from /home/airflow/.local/lib/python3.8/site-packages/airflow/example_dags/example_complex.py
[2024-04-14T14:50:55.096+0000] {processor.py:840} INFO - DAG(s) 'example_complex' retrieved from /home/airflow/.local/lib/python3.8/site-packages/airflow/example_dags/example_complex.py
[2024-04-14T14:50:55.128+0000] {logging_mixin.py:188} INFO - [2024-04-14T14:50:55.128+0000] {dag.py:3047} INFO - Sync 1 DAGs
[2024-04-14T14:50:55.140+0000] {logging_mixin.py:188} INFO - [2024-04-14T14:50:55.140+0000] {dag.py:3834} INFO - Setting next_dagrun for example_complex to None, run_after=None
[2024-04-14T14:50:55.165+0000] {processor.py:183} INFO - Processing /home/airflow/.local/lib/python3.8/site-packages/airflow/example_dags/example_complex.py took 0.087 seconds
[2024-04-14T14:51:25.331+0000] {processor.py:161} INFO - Started process (PID=900) to work on /home/airflow/.local/lib/python3.8/site-packages/airflow/example_dags/example_complex.py
[2024-04-14T14:51:25.332+0000] {processor.py:830} INFO - Processing file /home/airflow/.local/lib/python3.8/site-packages/airflow/example_dags/example_complex.py for tasks to queue
[2024-04-14T14:51:25.333+0000] {logging_mixin.py:188} INFO - [2024-04-14T14:51:25.333+0000] {dagbag.py:540} INFO - Filling up the DagBag from /home/airflow/.local/lib/python3.8/site-packages/airflow/example_dags/example_complex.py
[2024-04-14T14:51:25.342+0000] {processor.py:840} INFO - DAG(s) 'example_complex' retrieved from /home/airflow/.local/lib/python3.8/site-packages/airflow/example_dags/example_complex.py
[2024-04-14T14:51:25.373+0000] {logging_mixin.py:188} INFO - [2024-04-14T14:51:25.372+0000] {dag.py:3047} INFO - Sync 1 DAGs
[2024-04-14T14:51:25.385+0000] {logging_mixin.py:188} INFO - [2024-04-14T14:51:25.385+0000] {dag.py:3834} INFO - Setting next_dagrun for example_complex to None, run_after=None
[2024-04-14T14:51:25.401+0000] {processor.py:183} INFO - Processing /home/airflow/.local/lib/python3.8/site-packages/airflow/example_dags/example_complex.py took 0.074 seconds
[2024-04-14T14:51:55.860+0000] {processor.py:161} INFO - Started process (PID=960) to work on /home/airflow/.local/lib/python3.8/site-packages/airflow/example_dags/example_complex.py
[2024-04-14T14:51:55.861+0000] {processor.py:830} INFO - Processing file /home/airflow/.local/lib/python3.8/site-packages/airflow/example_dags/example_complex.py for tasks to queue
[2024-04-14T14:51:55.862+0000] {logging_mixin.py:188} INFO - [2024-04-14T14:51:55.862+0000] {dagbag.py:540} INFO - Filling up the DagBag from /home/airflow/.local/lib/python3.8/site-packages/airflow/example_dags/example_complex.py
[2024-04-14T14:51:55.871+0000] {processor.py:840} INFO - DAG(s) 'example_complex' retrieved from /home/airflow/.local/lib/python3.8/site-packages/airflow/example_dags/example_complex.py
[2024-04-14T14:51:55.902+0000] {logging_mixin.py:188} INFO - [2024-04-14T14:51:55.901+0000] {dag.py:3047} INFO - Sync 1 DAGs
[2024-04-14T14:51:55.913+0000] {logging_mixin.py:188} INFO - [2024-04-14T14:51:55.912+0000] {dag.py:3834} INFO - Setting next_dagrun for example_complex to None, run_after=None
[2024-04-14T14:51:55.930+0000] {processor.py:183} INFO - Processing /home/airflow/.local/lib/python3.8/site-packages/airflow/example_dags/example_complex.py took 0.074 seconds
[2024-04-14T14:52:26.092+0000] {processor.py:161} INFO - Started process (PID=1019) to work on /home/airflow/.local/lib/python3.8/site-packages/airflow/example_dags/example_complex.py
[2024-04-14T14:52:26.093+0000] {processor.py:830} INFO - Processing file /home/airflow/.local/lib/python3.8/site-packages/airflow/example_dags/example_complex.py for tasks to queue
[2024-04-14T14:52:26.095+0000] {logging_mixin.py:188} INFO - [2024-04-14T14:52:26.094+0000] {dagbag.py:540} INFO - Filling up the DagBag from /home/airflow/.local/lib/python3.8/site-packages/airflow/example_dags/example_complex.py
[2024-04-14T14:52:26.105+0000] {processor.py:840} INFO - DAG(s) 'example_complex' retrieved from /home/airflow/.local/lib/python3.8/site-packages/airflow/example_dags/example_complex.py
[2024-04-14T14:52:26.136+0000] {logging_mixin.py:188} INFO - [2024-04-14T14:52:26.135+0000] {dag.py:3047} INFO - Sync 1 DAGs
[2024-04-14T14:52:26.149+0000] {logging_mixin.py:188} INFO - [2024-04-14T14:52:26.149+0000] {dag.py:3834} INFO - Setting next_dagrun for example_complex to None, run_after=None
[2024-04-14T14:52:26.166+0000] {processor.py:183} INFO - Processing /home/airflow/.local/lib/python3.8/site-packages/airflow/example_dags/example_complex.py took 0.077 seconds
[2024-04-14T14:52:56.635+0000] {processor.py:161} INFO - Started process (PID=1078) to work on /home/airflow/.local/lib/python3.8/site-packages/airflow/example_dags/example_complex.py
[2024-04-14T14:52:56.637+0000] {processor.py:830} INFO - Processing file /home/airflow/.local/lib/python3.8/site-packages/airflow/example_dags/example_complex.py for tasks to queue
[2024-04-14T14:52:56.639+0000] {logging_mixin.py:188} INFO - [2024-04-14T14:52:56.639+0000] {dagbag.py:540} INFO - Filling up the DagBag from /home/airflow/.local/lib/python3.8/site-packages/airflow/example_dags/example_complex.py
[2024-04-14T14:52:56.698+0000] {processor.py:840} INFO - DAG(s) 'example_complex' retrieved from /home/airflow/.local/lib/python3.8/site-packages/airflow/example_dags/example_complex.py
[2024-04-14T14:52:56.837+0000] {logging_mixin.py:188} INFO - [2024-04-14T14:52:56.832+0000] {dag.py:3047} INFO - Sync 1 DAGs
[2024-04-14T14:52:56.913+0000] {logging_mixin.py:188} INFO - [2024-04-14T14:52:56.913+0000] {dag.py:3834} INFO - Setting next_dagrun for example_complex to None, run_after=None
[2024-04-14T14:52:56.943+0000] {processor.py:183} INFO - Processing /home/airflow/.local/lib/python3.8/site-packages/airflow/example_dags/example_complex.py took 0.323 seconds
[2024-04-14T14:53:27.174+0000] {processor.py:161} INFO - Started process (PID=1137) to work on /home/airflow/.local/lib/python3.8/site-packages/airflow/example_dags/example_complex.py
[2024-04-14T14:53:27.176+0000] {processor.py:830} INFO - Processing file /home/airflow/.local/lib/python3.8/site-packages/airflow/example_dags/example_complex.py for tasks to queue
[2024-04-14T14:53:27.184+0000] {logging_mixin.py:188} INFO - [2024-04-14T14:53:27.179+0000] {dagbag.py:540} INFO - Filling up the DagBag from /home/airflow/.local/lib/python3.8/site-packages/airflow/example_dags/example_complex.py
[2024-04-14T14:53:27.201+0000] {processor.py:840} INFO - DAG(s) 'example_complex' retrieved from /home/airflow/.local/lib/python3.8/site-packages/airflow/example_dags/example_complex.py
[2024-04-14T14:53:27.243+0000] {logging_mixin.py:188} INFO - [2024-04-14T14:53:27.243+0000] {dag.py:3047} INFO - Sync 1 DAGs
[2024-04-14T14:53:27.263+0000] {logging_mixin.py:188} INFO - [2024-04-14T14:53:27.262+0000] {dag.py:3834} INFO - Setting next_dagrun for example_complex to None, run_after=None
[2024-04-14T14:53:27.322+0000] {processor.py:183} INFO - Processing /home/airflow/.local/lib/python3.8/site-packages/airflow/example_dags/example_complex.py took 0.152 seconds
[2024-04-14T14:53:57.490+0000] {processor.py:161} INFO - Started process (PID=1196) to work on /home/airflow/.local/lib/python3.8/site-packages/airflow/example_dags/example_complex.py
[2024-04-14T14:53:57.492+0000] {processor.py:830} INFO - Processing file /home/airflow/.local/lib/python3.8/site-packages/airflow/example_dags/example_complex.py for tasks to queue
[2024-04-14T14:53:57.493+0000] {logging_mixin.py:188} INFO - [2024-04-14T14:53:57.493+0000] {dagbag.py:540} INFO - Filling up the DagBag from /home/airflow/.local/lib/python3.8/site-packages/airflow/example_dags/example_complex.py
[2024-04-14T14:53:57.505+0000] {processor.py:840} INFO - DAG(s) 'example_complex' retrieved from /home/airflow/.local/lib/python3.8/site-packages/airflow/example_dags/example_complex.py
[2024-04-14T14:53:57.548+0000] {logging_mixin.py:188} INFO - [2024-04-14T14:53:57.548+0000] {dag.py:3047} INFO - Sync 1 DAGs
[2024-04-14T14:53:57.560+0000] {logging_mixin.py:188} INFO - [2024-04-14T14:53:57.560+0000] {dag.py:3834} INFO - Setting next_dagrun for example_complex to None, run_after=None
[2024-04-14T14:53:57.584+0000] {processor.py:183} INFO - Processing /home/airflow/.local/lib/python3.8/site-packages/airflow/example_dags/example_complex.py took 0.097 seconds
