[2024-04-14T14:44:18.289+0000] {processor.py:161} INFO - Started process (PID=58) to work on /home/airflow/.local/lib/python3.8/site-packages/airflow/example_dags/example_sla_dag.py
[2024-04-14T14:44:18.291+0000] {processor.py:830} INFO - Processing file /home/airflow/.local/lib/python3.8/site-packages/airflow/example_dags/example_sla_dag.py for tasks to queue
[2024-04-14T14:44:18.295+0000] {logging_mixin.py:188} INFO - [2024-04-14T14:44:18.294+0000] {dagbag.py:540} INFO - Filling up the DagBag from /home/airflow/.local/lib/python3.8/site-packages/airflow/example_dags/example_sla_dag.py
[2024-04-14T14:44:18.316+0000] {processor.py:840} INFO - DAG(s) 'example_sla_dag' retrieved from /home/airflow/.local/lib/python3.8/site-packages/airflow/example_dags/example_sla_dag.py
[2024-04-14T14:44:18.539+0000] {logging_mixin.py:188} INFO - [2024-04-14T14:44:18.538+0000] {dag.py:3047} INFO - Sync 1 DAGs
[2024-04-14T14:44:18.664+0000] {logging_mixin.py:188} INFO - [2024-04-14T14:44:18.663+0000] {dag.py:3834} INFO - Setting next_dagrun for example_sla_dag to 2024-04-14 14:42:00+00:00, run_after=2024-04-14 14:44:00+00:00
[2024-04-14T14:44:18.699+0000] {processor.py:183} INFO - Processing /home/airflow/.local/lib/python3.8/site-packages/airflow/example_dags/example_sla_dag.py took 0.415 seconds
[2024-04-14T14:44:49.419+0000] {processor.py:161} INFO - Started process (PID=130) to work on /home/airflow/.local/lib/python3.8/site-packages/airflow/example_dags/example_sla_dag.py
[2024-04-14T14:44:49.421+0000] {processor.py:830} INFO - Processing file /home/airflow/.local/lib/python3.8/site-packages/airflow/example_dags/example_sla_dag.py for tasks to queue
[2024-04-14T14:44:49.423+0000] {logging_mixin.py:188} INFO - [2024-04-14T14:44:49.423+0000] {dagbag.py:540} INFO - Filling up the DagBag from /home/airflow/.local/lib/python3.8/site-packages/airflow/example_dags/example_sla_dag.py
[2024-04-14T14:44:49.435+0000] {processor.py:840} INFO - DAG(s) 'example_sla_dag' retrieved from /home/airflow/.local/lib/python3.8/site-packages/airflow/example_dags/example_sla_dag.py
[2024-04-14T14:44:49.456+0000] {logging_mixin.py:188} INFO - [2024-04-14T14:44:49.456+0000] {dag.py:3047} INFO - Sync 1 DAGs
[2024-04-14T14:44:49.481+0000] {logging_mixin.py:188} INFO - [2024-04-14T14:44:49.481+0000] {dag.py:3834} INFO - Setting next_dagrun for example_sla_dag to 2024-04-14 14:42:00+00:00, run_after=2024-04-14 14:44:00+00:00
[2024-04-14T14:44:49.542+0000] {processor.py:183} INFO - Processing /home/airflow/.local/lib/python3.8/site-packages/airflow/example_dags/example_sla_dag.py took 0.127 seconds
[2024-04-14T14:45:20.138+0000] {processor.py:161} INFO - Started process (PID=189) to work on /home/airflow/.local/lib/python3.8/site-packages/airflow/example_dags/example_sla_dag.py
[2024-04-14T14:45:20.140+0000] {processor.py:830} INFO - Processing file /home/airflow/.local/lib/python3.8/site-packages/airflow/example_dags/example_sla_dag.py for tasks to queue
[2024-04-14T14:45:20.142+0000] {logging_mixin.py:188} INFO - [2024-04-14T14:45:20.141+0000] {dagbag.py:540} INFO - Filling up the DagBag from /home/airflow/.local/lib/python3.8/site-packages/airflow/example_dags/example_sla_dag.py
[2024-04-14T14:45:20.157+0000] {processor.py:840} INFO - DAG(s) 'example_sla_dag' retrieved from /home/airflow/.local/lib/python3.8/site-packages/airflow/example_dags/example_sla_dag.py
[2024-04-14T14:45:20.192+0000] {logging_mixin.py:188} INFO - [2024-04-14T14:45:20.190+0000] {dag.py:3047} INFO - Sync 1 DAGs
[2024-04-14T14:45:20.231+0000] {logging_mixin.py:188} INFO - [2024-04-14T14:45:20.230+0000] {dag.py:3834} INFO - Setting next_dagrun for example_sla_dag to 2024-04-14 14:42:00+00:00, run_after=2024-04-14 14:44:00+00:00
[2024-04-14T14:45:20.277+0000] {processor.py:183} INFO - Processing /home/airflow/.local/lib/python3.8/site-packages/airflow/example_dags/example_sla_dag.py took 0.147 seconds
[2024-04-14T14:45:50.407+0000] {processor.py:161} INFO - Started process (PID=247) to work on /home/airflow/.local/lib/python3.8/site-packages/airflow/example_dags/example_sla_dag.py
[2024-04-14T14:45:50.411+0000] {processor.py:830} INFO - Processing file /home/airflow/.local/lib/python3.8/site-packages/airflow/example_dags/example_sla_dag.py for tasks to queue
[2024-04-14T14:45:50.414+0000] {logging_mixin.py:188} INFO - [2024-04-14T14:45:50.413+0000] {dagbag.py:540} INFO - Filling up the DagBag from /home/airflow/.local/lib/python3.8/site-packages/airflow/example_dags/example_sla_dag.py
[2024-04-14T14:45:50.430+0000] {processor.py:840} INFO - DAG(s) 'example_sla_dag' retrieved from /home/airflow/.local/lib/python3.8/site-packages/airflow/example_dags/example_sla_dag.py
[2024-04-14T14:45:50.469+0000] {logging_mixin.py:188} INFO - [2024-04-14T14:45:50.468+0000] {dag.py:3047} INFO - Sync 1 DAGs
[2024-04-14T14:45:50.510+0000] {logging_mixin.py:188} INFO - [2024-04-14T14:45:50.510+0000] {dag.py:3834} INFO - Setting next_dagrun for example_sla_dag to 2024-04-14 14:42:00+00:00, run_after=2024-04-14 14:44:00+00:00
[2024-04-14T14:45:50.550+0000] {processor.py:183} INFO - Processing /home/airflow/.local/lib/python3.8/site-packages/airflow/example_dags/example_sla_dag.py took 0.147 seconds
[2024-04-14T14:46:20.677+0000] {processor.py:161} INFO - Started process (PID=306) to work on /home/airflow/.local/lib/python3.8/site-packages/airflow/example_dags/example_sla_dag.py
[2024-04-14T14:46:20.679+0000] {processor.py:830} INFO - Processing file /home/airflow/.local/lib/python3.8/site-packages/airflow/example_dags/example_sla_dag.py for tasks to queue
[2024-04-14T14:46:20.680+0000] {logging_mixin.py:188} INFO - [2024-04-14T14:46:20.680+0000] {dagbag.py:540} INFO - Filling up the DagBag from /home/airflow/.local/lib/python3.8/site-packages/airflow/example_dags/example_sla_dag.py
[2024-04-14T14:46:20.688+0000] {processor.py:840} INFO - DAG(s) 'example_sla_dag' retrieved from /home/airflow/.local/lib/python3.8/site-packages/airflow/example_dags/example_sla_dag.py
[2024-04-14T14:46:20.710+0000] {logging_mixin.py:188} INFO - [2024-04-14T14:46:20.710+0000] {dag.py:3047} INFO - Sync 1 DAGs
[2024-04-14T14:46:20.733+0000] {logging_mixin.py:188} INFO - [2024-04-14T14:46:20.733+0000] {dag.py:3834} INFO - Setting next_dagrun for example_sla_dag to 2024-04-14 14:44:00+00:00, run_after=2024-04-14 14:46:00+00:00
[2024-04-14T14:46:20.756+0000] {processor.py:183} INFO - Processing /home/airflow/.local/lib/python3.8/site-packages/airflow/example_dags/example_sla_dag.py took 0.082 seconds
[2024-04-14T14:46:51.575+0000] {processor.py:161} INFO - Started process (PID=366) to work on /home/airflow/.local/lib/python3.8/site-packages/airflow/example_dags/example_sla_dag.py
[2024-04-14T14:46:51.577+0000] {processor.py:830} INFO - Processing file /home/airflow/.local/lib/python3.8/site-packages/airflow/example_dags/example_sla_dag.py for tasks to queue
[2024-04-14T14:46:51.578+0000] {logging_mixin.py:188} INFO - [2024-04-14T14:46:51.578+0000] {dagbag.py:540} INFO - Filling up the DagBag from /home/airflow/.local/lib/python3.8/site-packages/airflow/example_dags/example_sla_dag.py
[2024-04-14T14:46:51.587+0000] {processor.py:840} INFO - DAG(s) 'example_sla_dag' retrieved from /home/airflow/.local/lib/python3.8/site-packages/airflow/example_dags/example_sla_dag.py
[2024-04-14T14:46:51.607+0000] {logging_mixin.py:188} INFO - [2024-04-14T14:46:51.607+0000] {dag.py:3047} INFO - Sync 1 DAGs
[2024-04-14T14:46:51.631+0000] {logging_mixin.py:188} INFO - [2024-04-14T14:46:51.631+0000] {dag.py:3834} INFO - Setting next_dagrun for example_sla_dag to 2024-04-14 14:44:00+00:00, run_after=2024-04-14 14:46:00+00:00
[2024-04-14T14:46:51.650+0000] {processor.py:183} INFO - Processing /home/airflow/.local/lib/python3.8/site-packages/airflow/example_dags/example_sla_dag.py took 0.079 seconds
[2024-04-14T14:47:22.334+0000] {processor.py:161} INFO - Started process (PID=426) to work on /home/airflow/.local/lib/python3.8/site-packages/airflow/example_dags/example_sla_dag.py
[2024-04-14T14:47:22.337+0000] {processor.py:830} INFO - Processing file /home/airflow/.local/lib/python3.8/site-packages/airflow/example_dags/example_sla_dag.py for tasks to queue
[2024-04-14T14:47:22.339+0000] {logging_mixin.py:188} INFO - [2024-04-14T14:47:22.338+0000] {dagbag.py:540} INFO - Filling up the DagBag from /home/airflow/.local/lib/python3.8/site-packages/airflow/example_dags/example_sla_dag.py
[2024-04-14T14:47:22.353+0000] {processor.py:840} INFO - DAG(s) 'example_sla_dag' retrieved from /home/airflow/.local/lib/python3.8/site-packages/airflow/example_dags/example_sla_dag.py
[2024-04-14T14:47:22.372+0000] {logging_mixin.py:188} INFO - [2024-04-14T14:47:22.372+0000] {dag.py:3047} INFO - Sync 1 DAGs
[2024-04-14T14:47:22.394+0000] {logging_mixin.py:188} INFO - [2024-04-14T14:47:22.394+0000] {dag.py:3834} INFO - Setting next_dagrun for example_sla_dag to 2024-04-14 14:44:00+00:00, run_after=2024-04-14 14:46:00+00:00
[2024-04-14T14:47:22.415+0000] {processor.py:183} INFO - Processing /home/airflow/.local/lib/python3.8/site-packages/airflow/example_dags/example_sla_dag.py took 0.085 seconds
[2024-04-14T14:47:52.517+0000] {processor.py:161} INFO - Started process (PID=485) to work on /home/airflow/.local/lib/python3.8/site-packages/airflow/example_dags/example_sla_dag.py
[2024-04-14T14:47:52.519+0000] {processor.py:830} INFO - Processing file /home/airflow/.local/lib/python3.8/site-packages/airflow/example_dags/example_sla_dag.py for tasks to queue
[2024-04-14T14:47:52.520+0000] {logging_mixin.py:188} INFO - [2024-04-14T14:47:52.520+0000] {dagbag.py:540} INFO - Filling up the DagBag from /home/airflow/.local/lib/python3.8/site-packages/airflow/example_dags/example_sla_dag.py
[2024-04-14T14:47:52.533+0000] {processor.py:840} INFO - DAG(s) 'example_sla_dag' retrieved from /home/airflow/.local/lib/python3.8/site-packages/airflow/example_dags/example_sla_dag.py
[2024-04-14T14:47:52.560+0000] {logging_mixin.py:188} INFO - [2024-04-14T14:47:52.560+0000] {dag.py:3047} INFO - Sync 1 DAGs
[2024-04-14T14:47:52.601+0000] {logging_mixin.py:188} INFO - [2024-04-14T14:47:52.601+0000] {dag.py:3834} INFO - Setting next_dagrun for example_sla_dag to 2024-04-14 14:44:00+00:00, run_after=2024-04-14 14:46:00+00:00
[2024-04-14T14:47:52.661+0000] {processor.py:183} INFO - Processing /home/airflow/.local/lib/python3.8/site-packages/airflow/example_dags/example_sla_dag.py took 0.148 seconds
[2024-04-14T14:48:22.893+0000] {processor.py:161} INFO - Started process (PID=544) to work on /home/airflow/.local/lib/python3.8/site-packages/airflow/example_dags/example_sla_dag.py
[2024-04-14T14:48:22.895+0000] {processor.py:830} INFO - Processing file /home/airflow/.local/lib/python3.8/site-packages/airflow/example_dags/example_sla_dag.py for tasks to queue
[2024-04-14T14:48:22.897+0000] {logging_mixin.py:188} INFO - [2024-04-14T14:48:22.896+0000] {dagbag.py:540} INFO - Filling up the DagBag from /home/airflow/.local/lib/python3.8/site-packages/airflow/example_dags/example_sla_dag.py
[2024-04-14T14:48:22.908+0000] {processor.py:840} INFO - DAG(s) 'example_sla_dag' retrieved from /home/airflow/.local/lib/python3.8/site-packages/airflow/example_dags/example_sla_dag.py
[2024-04-14T14:48:22.931+0000] {logging_mixin.py:188} INFO - [2024-04-14T14:48:22.930+0000] {dag.py:3047} INFO - Sync 1 DAGs
[2024-04-14T14:48:22.957+0000] {logging_mixin.py:188} INFO - [2024-04-14T14:48:22.956+0000] {dag.py:3834} INFO - Setting next_dagrun for example_sla_dag to 2024-04-14 14:46:00+00:00, run_after=2024-04-14 14:48:00+00:00
[2024-04-14T14:48:22.978+0000] {processor.py:183} INFO - Processing /home/airflow/.local/lib/python3.8/site-packages/airflow/example_dags/example_sla_dag.py took 0.088 seconds
[2024-04-14T14:48:53.339+0000] {processor.py:161} INFO - Started process (PID=603) to work on /home/airflow/.local/lib/python3.8/site-packages/airflow/example_dags/example_sla_dag.py
[2024-04-14T14:48:53.340+0000] {processor.py:830} INFO - Processing file /home/airflow/.local/lib/python3.8/site-packages/airflow/example_dags/example_sla_dag.py for tasks to queue
[2024-04-14T14:48:53.341+0000] {logging_mixin.py:188} INFO - [2024-04-14T14:48:53.341+0000] {dagbag.py:540} INFO - Filling up the DagBag from /home/airflow/.local/lib/python3.8/site-packages/airflow/example_dags/example_sla_dag.py
[2024-04-14T14:48:53.349+0000] {processor.py:840} INFO - DAG(s) 'example_sla_dag' retrieved from /home/airflow/.local/lib/python3.8/site-packages/airflow/example_dags/example_sla_dag.py
[2024-04-14T14:48:53.368+0000] {logging_mixin.py:188} INFO - [2024-04-14T14:48:53.368+0000] {dag.py:3047} INFO - Sync 1 DAGs
[2024-04-14T14:48:53.391+0000] {logging_mixin.py:188} INFO - [2024-04-14T14:48:53.391+0000] {dag.py:3834} INFO - Setting next_dagrun for example_sla_dag to 2024-04-14 14:46:00+00:00, run_after=2024-04-14 14:48:00+00:00
[2024-04-14T14:48:53.410+0000] {processor.py:183} INFO - Processing /home/airflow/.local/lib/python3.8/site-packages/airflow/example_dags/example_sla_dag.py took 0.074 seconds
[2024-04-14T14:49:23.831+0000] {processor.py:161} INFO - Started process (PID=662) to work on /home/airflow/.local/lib/python3.8/site-packages/airflow/example_dags/example_sla_dag.py
[2024-04-14T14:49:23.833+0000] {processor.py:830} INFO - Processing file /home/airflow/.local/lib/python3.8/site-packages/airflow/example_dags/example_sla_dag.py for tasks to queue
[2024-04-14T14:49:23.834+0000] {logging_mixin.py:188} INFO - [2024-04-14T14:49:23.834+0000] {dagbag.py:540} INFO - Filling up the DagBag from /home/airflow/.local/lib/python3.8/site-packages/airflow/example_dags/example_sla_dag.py
[2024-04-14T14:49:23.854+0000] {processor.py:840} INFO - DAG(s) 'example_sla_dag' retrieved from /home/airflow/.local/lib/python3.8/site-packages/airflow/example_dags/example_sla_dag.py
[2024-04-14T14:49:23.874+0000] {logging_mixin.py:188} INFO - [2024-04-14T14:49:23.873+0000] {dag.py:3047} INFO - Sync 1 DAGs
[2024-04-14T14:49:23.900+0000] {logging_mixin.py:188} INFO - [2024-04-14T14:49:23.900+0000] {dag.py:3834} INFO - Setting next_dagrun for example_sla_dag to 2024-04-14 14:46:00+00:00, run_after=2024-04-14 14:48:00+00:00
[2024-04-14T14:49:23.926+0000] {processor.py:183} INFO - Processing /home/airflow/.local/lib/python3.8/site-packages/airflow/example_dags/example_sla_dag.py took 0.098 seconds
[2024-04-14T14:49:54.056+0000] {processor.py:161} INFO - Started process (PID=721) to work on /home/airflow/.local/lib/python3.8/site-packages/airflow/example_dags/example_sla_dag.py
[2024-04-14T14:49:54.057+0000] {processor.py:830} INFO - Processing file /home/airflow/.local/lib/python3.8/site-packages/airflow/example_dags/example_sla_dag.py for tasks to queue
[2024-04-14T14:49:54.058+0000] {logging_mixin.py:188} INFO - [2024-04-14T14:49:54.058+0000] {dagbag.py:540} INFO - Filling up the DagBag from /home/airflow/.local/lib/python3.8/site-packages/airflow/example_dags/example_sla_dag.py
[2024-04-14T14:49:54.065+0000] {processor.py:840} INFO - DAG(s) 'example_sla_dag' retrieved from /home/airflow/.local/lib/python3.8/site-packages/airflow/example_dags/example_sla_dag.py
[2024-04-14T14:49:54.084+0000] {logging_mixin.py:188} INFO - [2024-04-14T14:49:54.083+0000] {dag.py:3047} INFO - Sync 1 DAGs
[2024-04-14T14:49:54.102+0000] {logging_mixin.py:188} INFO - [2024-04-14T14:49:54.102+0000] {dag.py:3834} INFO - Setting next_dagrun for example_sla_dag to 2024-04-14 14:46:00+00:00, run_after=2024-04-14 14:48:00+00:00
[2024-04-14T14:49:54.122+0000] {processor.py:183} INFO - Processing /home/airflow/.local/lib/python3.8/site-packages/airflow/example_dags/example_sla_dag.py took 0.069 seconds
[2024-04-14T14:50:24.602+0000] {processor.py:161} INFO - Started process (PID=781) to work on /home/airflow/.local/lib/python3.8/site-packages/airflow/example_dags/example_sla_dag.py
[2024-04-14T14:50:24.604+0000] {processor.py:830} INFO - Processing file /home/airflow/.local/lib/python3.8/site-packages/airflow/example_dags/example_sla_dag.py for tasks to queue
[2024-04-14T14:50:24.606+0000] {logging_mixin.py:188} INFO - [2024-04-14T14:50:24.605+0000] {dagbag.py:540} INFO - Filling up the DagBag from /home/airflow/.local/lib/python3.8/site-packages/airflow/example_dags/example_sla_dag.py
[2024-04-14T14:50:24.629+0000] {processor.py:840} INFO - DAG(s) 'example_sla_dag' retrieved from /home/airflow/.local/lib/python3.8/site-packages/airflow/example_dags/example_sla_dag.py
[2024-04-14T14:50:24.660+0000] {logging_mixin.py:188} INFO - [2024-04-14T14:50:24.660+0000] {dag.py:3047} INFO - Sync 1 DAGs
[2024-04-14T14:50:24.688+0000] {logging_mixin.py:188} INFO - [2024-04-14T14:50:24.688+0000] {dag.py:3834} INFO - Setting next_dagrun for example_sla_dag to 2024-04-14 14:48:00+00:00, run_after=2024-04-14 14:50:00+00:00
[2024-04-14T14:50:24.719+0000] {processor.py:183} INFO - Processing /home/airflow/.local/lib/python3.8/site-packages/airflow/example_dags/example_sla_dag.py took 0.121 seconds
[2024-04-14T14:50:54.976+0000] {processor.py:161} INFO - Started process (PID=840) to work on /home/airflow/.local/lib/python3.8/site-packages/airflow/example_dags/example_sla_dag.py
[2024-04-14T14:50:54.979+0000] {processor.py:830} INFO - Processing file /home/airflow/.local/lib/python3.8/site-packages/airflow/example_dags/example_sla_dag.py for tasks to queue
[2024-04-14T14:50:54.981+0000] {logging_mixin.py:188} INFO - [2024-04-14T14:50:54.981+0000] {dagbag.py:540} INFO - Filling up the DagBag from /home/airflow/.local/lib/python3.8/site-packages/airflow/example_dags/example_sla_dag.py
[2024-04-14T14:50:54.991+0000] {processor.py:840} INFO - DAG(s) 'example_sla_dag' retrieved from /home/airflow/.local/lib/python3.8/site-packages/airflow/example_dags/example_sla_dag.py
[2024-04-14T14:50:55.010+0000] {logging_mixin.py:188} INFO - [2024-04-14T14:50:55.010+0000] {dag.py:3047} INFO - Sync 1 DAGs
[2024-04-14T14:50:55.031+0000] {logging_mixin.py:188} INFO - [2024-04-14T14:50:55.030+0000] {dag.py:3834} INFO - Setting next_dagrun for example_sla_dag to 2024-04-14 14:48:00+00:00, run_after=2024-04-14 14:50:00+00:00
[2024-04-14T14:50:55.052+0000] {processor.py:183} INFO - Processing /home/airflow/.local/lib/python3.8/site-packages/airflow/example_dags/example_sla_dag.py took 0.080 seconds
[2024-04-14T14:51:25.227+0000] {processor.py:161} INFO - Started process (PID=899) to work on /home/airflow/.local/lib/python3.8/site-packages/airflow/example_dags/example_sla_dag.py
[2024-04-14T14:51:25.228+0000] {processor.py:830} INFO - Processing file /home/airflow/.local/lib/python3.8/site-packages/airflow/example_dags/example_sla_dag.py for tasks to queue
[2024-04-14T14:51:25.229+0000] {logging_mixin.py:188} INFO - [2024-04-14T14:51:25.229+0000] {dagbag.py:540} INFO - Filling up the DagBag from /home/airflow/.local/lib/python3.8/site-packages/airflow/example_dags/example_sla_dag.py
[2024-04-14T14:51:25.238+0000] {processor.py:840} INFO - DAG(s) 'example_sla_dag' retrieved from /home/airflow/.local/lib/python3.8/site-packages/airflow/example_dags/example_sla_dag.py
[2024-04-14T14:51:25.261+0000] {logging_mixin.py:188} INFO - [2024-04-14T14:51:25.261+0000] {dag.py:3047} INFO - Sync 1 DAGs
[2024-04-14T14:51:25.286+0000] {logging_mixin.py:188} INFO - [2024-04-14T14:51:25.285+0000] {dag.py:3834} INFO - Setting next_dagrun for example_sla_dag to 2024-04-14 14:48:00+00:00, run_after=2024-04-14 14:50:00+00:00
[2024-04-14T14:51:25.305+0000] {processor.py:183} INFO - Processing /home/airflow/.local/lib/python3.8/site-packages/airflow/example_dags/example_sla_dag.py took 0.081 seconds
[2024-04-14T14:51:55.764+0000] {processor.py:161} INFO - Started process (PID=959) to work on /home/airflow/.local/lib/python3.8/site-packages/airflow/example_dags/example_sla_dag.py
[2024-04-14T14:51:55.765+0000] {processor.py:830} INFO - Processing file /home/airflow/.local/lib/python3.8/site-packages/airflow/example_dags/example_sla_dag.py for tasks to queue
[2024-04-14T14:51:55.766+0000] {logging_mixin.py:188} INFO - [2024-04-14T14:51:55.765+0000] {dagbag.py:540} INFO - Filling up the DagBag from /home/airflow/.local/lib/python3.8/site-packages/airflow/example_dags/example_sla_dag.py
[2024-04-14T14:51:55.773+0000] {processor.py:840} INFO - DAG(s) 'example_sla_dag' retrieved from /home/airflow/.local/lib/python3.8/site-packages/airflow/example_dags/example_sla_dag.py
[2024-04-14T14:51:55.792+0000] {logging_mixin.py:188} INFO - [2024-04-14T14:51:55.792+0000] {dag.py:3047} INFO - Sync 1 DAGs
[2024-04-14T14:51:55.812+0000] {logging_mixin.py:188} INFO - [2024-04-14T14:51:55.812+0000] {dag.py:3834} INFO - Setting next_dagrun for example_sla_dag to 2024-04-14 14:48:00+00:00, run_after=2024-04-14 14:50:00+00:00
[2024-04-14T14:51:55.830+0000] {processor.py:183} INFO - Processing /home/airflow/.local/lib/python3.8/site-packages/airflow/example_dags/example_sla_dag.py took 0.070 seconds
[2024-04-14T14:52:25.974+0000] {processor.py:161} INFO - Started process (PID=1018) to work on /home/airflow/.local/lib/python3.8/site-packages/airflow/example_dags/example_sla_dag.py
[2024-04-14T14:52:25.975+0000] {processor.py:830} INFO - Processing file /home/airflow/.local/lib/python3.8/site-packages/airflow/example_dags/example_sla_dag.py for tasks to queue
[2024-04-14T14:52:25.976+0000] {logging_mixin.py:188} INFO - [2024-04-14T14:52:25.976+0000] {dagbag.py:540} INFO - Filling up the DagBag from /home/airflow/.local/lib/python3.8/site-packages/airflow/example_dags/example_sla_dag.py
[2024-04-14T14:52:25.986+0000] {processor.py:840} INFO - DAG(s) 'example_sla_dag' retrieved from /home/airflow/.local/lib/python3.8/site-packages/airflow/example_dags/example_sla_dag.py
[2024-04-14T14:52:26.009+0000] {logging_mixin.py:188} INFO - [2024-04-14T14:52:26.008+0000] {dag.py:3047} INFO - Sync 1 DAGs
[2024-04-14T14:52:26.038+0000] {logging_mixin.py:188} INFO - [2024-04-14T14:52:26.037+0000] {dag.py:3834} INFO - Setting next_dagrun for example_sla_dag to 2024-04-14 14:50:00+00:00, run_after=2024-04-14 14:52:00+00:00
[2024-04-14T14:52:26.062+0000] {processor.py:183} INFO - Processing /home/airflow/.local/lib/python3.8/site-packages/airflow/example_dags/example_sla_dag.py took 0.091 seconds
[2024-04-14T14:52:56.487+0000] {processor.py:161} INFO - Started process (PID=1077) to work on /home/airflow/.local/lib/python3.8/site-packages/airflow/example_dags/example_sla_dag.py
[2024-04-14T14:52:56.488+0000] {processor.py:830} INFO - Processing file /home/airflow/.local/lib/python3.8/site-packages/airflow/example_dags/example_sla_dag.py for tasks to queue
[2024-04-14T14:52:56.489+0000] {logging_mixin.py:188} INFO - [2024-04-14T14:52:56.489+0000] {dagbag.py:540} INFO - Filling up the DagBag from /home/airflow/.local/lib/python3.8/site-packages/airflow/example_dags/example_sla_dag.py
[2024-04-14T14:52:56.496+0000] {processor.py:840} INFO - DAG(s) 'example_sla_dag' retrieved from /home/airflow/.local/lib/python3.8/site-packages/airflow/example_dags/example_sla_dag.py
[2024-04-14T14:52:56.516+0000] {logging_mixin.py:188} INFO - [2024-04-14T14:52:56.516+0000] {dag.py:3047} INFO - Sync 1 DAGs
[2024-04-14T14:52:56.548+0000] {logging_mixin.py:188} INFO - [2024-04-14T14:52:56.548+0000] {dag.py:3834} INFO - Setting next_dagrun for example_sla_dag to 2024-04-14 14:50:00+00:00, run_after=2024-04-14 14:52:00+00:00
[2024-04-14T14:52:56.588+0000] {processor.py:183} INFO - Processing /home/airflow/.local/lib/python3.8/site-packages/airflow/example_dags/example_sla_dag.py took 0.104 seconds
[2024-04-14T14:53:27.038+0000] {processor.py:161} INFO - Started process (PID=1136) to work on /home/airflow/.local/lib/python3.8/site-packages/airflow/example_dags/example_sla_dag.py
[2024-04-14T14:53:27.039+0000] {processor.py:830} INFO - Processing file /home/airflow/.local/lib/python3.8/site-packages/airflow/example_dags/example_sla_dag.py for tasks to queue
[2024-04-14T14:53:27.041+0000] {logging_mixin.py:188} INFO - [2024-04-14T14:53:27.041+0000] {dagbag.py:540} INFO - Filling up the DagBag from /home/airflow/.local/lib/python3.8/site-packages/airflow/example_dags/example_sla_dag.py
[2024-04-14T14:53:27.054+0000] {processor.py:840} INFO - DAG(s) 'example_sla_dag' retrieved from /home/airflow/.local/lib/python3.8/site-packages/airflow/example_dags/example_sla_dag.py
[2024-04-14T14:53:27.075+0000] {logging_mixin.py:188} INFO - [2024-04-14T14:53:27.074+0000] {dag.py:3047} INFO - Sync 1 DAGs
[2024-04-14T14:53:27.104+0000] {logging_mixin.py:188} INFO - [2024-04-14T14:53:27.104+0000] {dag.py:3834} INFO - Setting next_dagrun for example_sla_dag to 2024-04-14 14:50:00+00:00, run_after=2024-04-14 14:52:00+00:00
[2024-04-14T14:53:27.138+0000] {processor.py:183} INFO - Processing /home/airflow/.local/lib/python3.8/site-packages/airflow/example_dags/example_sla_dag.py took 0.104 seconds
[2024-04-14T14:53:57.383+0000] {processor.py:161} INFO - Started process (PID=1195) to work on /home/airflow/.local/lib/python3.8/site-packages/airflow/example_dags/example_sla_dag.py
[2024-04-14T14:53:57.385+0000] {processor.py:830} INFO - Processing file /home/airflow/.local/lib/python3.8/site-packages/airflow/example_dags/example_sla_dag.py for tasks to queue
[2024-04-14T14:53:57.386+0000] {logging_mixin.py:188} INFO - [2024-04-14T14:53:57.385+0000] {dagbag.py:540} INFO - Filling up the DagBag from /home/airflow/.local/lib/python3.8/site-packages/airflow/example_dags/example_sla_dag.py
[2024-04-14T14:53:57.393+0000] {processor.py:840} INFO - DAG(s) 'example_sla_dag' retrieved from /home/airflow/.local/lib/python3.8/site-packages/airflow/example_dags/example_sla_dag.py
[2024-04-14T14:53:57.412+0000] {logging_mixin.py:188} INFO - [2024-04-14T14:53:57.412+0000] {dag.py:3047} INFO - Sync 1 DAGs
[2024-04-14T14:53:57.432+0000] {logging_mixin.py:188} INFO - [2024-04-14T14:53:57.432+0000] {dag.py:3834} INFO - Setting next_dagrun for example_sla_dag to 2024-04-14 14:50:00+00:00, run_after=2024-04-14 14:52:00+00:00
[2024-04-14T14:53:57.456+0000] {processor.py:183} INFO - Processing /home/airflow/.local/lib/python3.8/site-packages/airflow/example_dags/example_sla_dag.py took 0.077 seconds
[2024-04-14T14:54:28.181+0000] {processor.py:161} INFO - Started process (PID=1253) to work on /home/airflow/.local/lib/python3.8/site-packages/airflow/example_dags/example_sla_dag.py
[2024-04-14T14:54:28.182+0000] {processor.py:830} INFO - Processing file /home/airflow/.local/lib/python3.8/site-packages/airflow/example_dags/example_sla_dag.py for tasks to queue
[2024-04-14T14:54:28.184+0000] {logging_mixin.py:188} INFO - [2024-04-14T14:54:28.183+0000] {dagbag.py:540} INFO - Filling up the DagBag from /home/airflow/.local/lib/python3.8/site-packages/airflow/example_dags/example_sla_dag.py
[2024-04-14T14:54:28.192+0000] {processor.py:840} INFO - DAG(s) 'example_sla_dag' retrieved from /home/airflow/.local/lib/python3.8/site-packages/airflow/example_dags/example_sla_dag.py
[2024-04-14T14:54:28.211+0000] {logging_mixin.py:188} INFO - [2024-04-14T14:54:28.211+0000] {dag.py:3047} INFO - Sync 1 DAGs
[2024-04-14T14:54:28.234+0000] {logging_mixin.py:188} INFO - [2024-04-14T14:54:28.234+0000] {dag.py:3834} INFO - Setting next_dagrun for example_sla_dag to 2024-04-14 14:52:00+00:00, run_after=2024-04-14 14:54:00+00:00
[2024-04-14T14:54:28.257+0000] {processor.py:183} INFO - Processing /home/airflow/.local/lib/python3.8/site-packages/airflow/example_dags/example_sla_dag.py took 0.079 seconds
[2024-04-14T14:54:58.766+0000] {processor.py:161} INFO - Started process (PID=1312) to work on /home/airflow/.local/lib/python3.8/site-packages/airflow/example_dags/example_sla_dag.py
[2024-04-14T14:54:58.767+0000] {processor.py:830} INFO - Processing file /home/airflow/.local/lib/python3.8/site-packages/airflow/example_dags/example_sla_dag.py for tasks to queue
[2024-04-14T14:54:58.768+0000] {logging_mixin.py:188} INFO - [2024-04-14T14:54:58.768+0000] {dagbag.py:540} INFO - Filling up the DagBag from /home/airflow/.local/lib/python3.8/site-packages/airflow/example_dags/example_sla_dag.py
[2024-04-14T14:54:58.776+0000] {processor.py:840} INFO - DAG(s) 'example_sla_dag' retrieved from /home/airflow/.local/lib/python3.8/site-packages/airflow/example_dags/example_sla_dag.py
[2024-04-14T14:54:58.799+0000] {logging_mixin.py:188} INFO - [2024-04-14T14:54:58.798+0000] {dag.py:3047} INFO - Sync 1 DAGs
[2024-04-14T14:54:58.822+0000] {logging_mixin.py:188} INFO - [2024-04-14T14:54:58.822+0000] {dag.py:3834} INFO - Setting next_dagrun for example_sla_dag to 2024-04-14 14:52:00+00:00, run_after=2024-04-14 14:54:00+00:00
[2024-04-14T14:54:58.846+0000] {processor.py:183} INFO - Processing /home/airflow/.local/lib/python3.8/site-packages/airflow/example_dags/example_sla_dag.py took 0.085 seconds
[2024-04-14T14:55:29.164+0000] {processor.py:161} INFO - Started process (PID=1371) to work on /home/airflow/.local/lib/python3.8/site-packages/airflow/example_dags/example_sla_dag.py
[2024-04-14T14:55:29.165+0000] {processor.py:830} INFO - Processing file /home/airflow/.local/lib/python3.8/site-packages/airflow/example_dags/example_sla_dag.py for tasks to queue
[2024-04-14T14:55:29.167+0000] {logging_mixin.py:188} INFO - [2024-04-14T14:55:29.166+0000] {dagbag.py:540} INFO - Filling up the DagBag from /home/airflow/.local/lib/python3.8/site-packages/airflow/example_dags/example_sla_dag.py
[2024-04-14T14:55:29.174+0000] {processor.py:840} INFO - DAG(s) 'example_sla_dag' retrieved from /home/airflow/.local/lib/python3.8/site-packages/airflow/example_dags/example_sla_dag.py
[2024-04-14T14:55:29.195+0000] {logging_mixin.py:188} INFO - [2024-04-14T14:55:29.194+0000] {dag.py:3047} INFO - Sync 1 DAGs
[2024-04-14T14:55:29.223+0000] {logging_mixin.py:188} INFO - [2024-04-14T14:55:29.222+0000] {dag.py:3834} INFO - Setting next_dagrun for example_sla_dag to 2024-04-14 14:52:00+00:00, run_after=2024-04-14 14:54:00+00:00
[2024-04-14T14:55:29.245+0000] {processor.py:183} INFO - Processing /home/airflow/.local/lib/python3.8/site-packages/airflow/example_dags/example_sla_dag.py took 0.085 seconds
[2024-04-14T14:55:59.389+0000] {processor.py:161} INFO - Started process (PID=1430) to work on /home/airflow/.local/lib/python3.8/site-packages/airflow/example_dags/example_sla_dag.py
[2024-04-14T14:55:59.390+0000] {processor.py:830} INFO - Processing file /home/airflow/.local/lib/python3.8/site-packages/airflow/example_dags/example_sla_dag.py for tasks to queue
[2024-04-14T14:55:59.392+0000] {logging_mixin.py:188} INFO - [2024-04-14T14:55:59.391+0000] {dagbag.py:540} INFO - Filling up the DagBag from /home/airflow/.local/lib/python3.8/site-packages/airflow/example_dags/example_sla_dag.py
[2024-04-14T14:55:59.407+0000] {processor.py:840} INFO - DAG(s) 'example_sla_dag' retrieved from /home/airflow/.local/lib/python3.8/site-packages/airflow/example_dags/example_sla_dag.py
[2024-04-14T14:55:59.446+0000] {logging_mixin.py:188} INFO - [2024-04-14T14:55:59.445+0000] {dag.py:3047} INFO - Sync 1 DAGs
[2024-04-14T14:55:59.543+0000] {logging_mixin.py:188} INFO - [2024-04-14T14:55:59.543+0000] {dag.py:3834} INFO - Setting next_dagrun for example_sla_dag to 2024-04-14 14:52:00+00:00, run_after=2024-04-14 14:54:00+00:00
[2024-04-14T14:55:59.619+0000] {processor.py:183} INFO - Processing /home/airflow/.local/lib/python3.8/site-packages/airflow/example_dags/example_sla_dag.py took 0.235 seconds
