[2024-04-15T13:43:48.522+0000] {taskinstance.py:1979} INFO - Dependencies all met for dep_context=non-requeueable deps ti=<TaskInstance: prioritas_2.write_to_csv scheduled__2024-04-14T00:00:00+00:00 [queued]>
[2024-04-15T13:43:48.534+0000] {taskinstance.py:1979} INFO - Dependencies all met for dep_context=requeueable deps ti=<TaskInstance: prioritas_2.write_to_csv scheduled__2024-04-14T00:00:00+00:00 [queued]>
[2024-04-15T13:43:48.537+0000] {taskinstance.py:2193} INFO - Starting attempt 3 of 4
[2024-04-15T13:43:48.561+0000] {taskinstance.py:2217} INFO - Executing <Task(PythonOperator): write_to_csv> on 2024-04-14 00:00:00+00:00
[2024-04-15T13:43:48.568+0000] {standard_task_runner.py:60} INFO - Started process 272 to run task
[2024-04-15T13:43:48.571+0000] {standard_task_runner.py:87} INFO - Running: ['***', 'tasks', 'run', 'prioritas_2', 'write_to_csv', 'scheduled__2024-04-14T00:00:00+00:00', '--job-id', '244', '--raw', '--subdir', 'DAGS_FOLDER/prioritas_2_dag.py', '--cfg-path', '/tmp/tmp34ecbbm3']
[2024-04-15T13:43:48.574+0000] {standard_task_runner.py:88} INFO - Job 244: Subtask write_to_csv
[2024-04-15T13:43:48.650+0000] {task_command.py:423} INFO - Running <TaskInstance: prioritas_2.write_to_csv scheduled__2024-04-14T00:00:00+00:00 [running]> on host 962ac5502d16
[2024-04-15T13:43:48.760+0000] {taskinstance.py:2513} INFO - Exporting env vars: AIRFLOW_CTX_DAG_OWNER='dzikri' AIRFLOW_CTX_DAG_ID='prioritas_2' AIRFLOW_CTX_TASK_ID='write_to_csv' AIRFLOW_CTX_EXECUTION_DATE='2024-04-14T00:00:00+00:00' AIRFLOW_CTX_TRY_NUMBER='3' AIRFLOW_CTX_DAG_RUN_ID='scheduled__2024-04-14T00:00:00+00:00'
[2024-04-15T13:43:48.772+0000] {taskinstance.py:2731} ERROR - Task failed with exception
Traceback (most recent call last):
  File "/home/airflow/.local/lib/python3.8/site-packages/airflow/models/taskinstance.py", line 444, in _execute_task
    result = _execute_callable(context=context, **execute_callable_kwargs)
  File "/home/airflow/.local/lib/python3.8/site-packages/airflow/models/taskinstance.py", line 414, in _execute_callable
    return execute_callable(context=context, **execute_callable_kwargs)
  File "/home/airflow/.local/lib/python3.8/site-packages/airflow/operators/python.py", line 200, in execute
    return_value = self.execute_callable()
  File "/home/airflow/.local/lib/python3.8/site-packages/airflow/operators/python.py", line 217, in execute_callable
    return self.python_callable(*self.op_args, **self.op_kwargs)
  File "/opt/airflow/dags/prioritas_2_dag.py", line 22, in write_to_csv
    with open(file_path, 'w', newline='') as csv_file:
FileNotFoundError: [Errno 2] No such file or directory: '/data/output/products.csv'
[2024-04-15T13:43:48.782+0000] {taskinstance.py:1149} INFO - Marking task as UP_FOR_RETRY. dag_id=prioritas_2, task_id=write_to_csv, execution_date=20240414T000000, start_date=20240415T134348, end_date=20240415T134348
[2024-04-15T13:43:48.791+0000] {standard_task_runner.py:107} ERROR - Failed to execute job 244 for task write_to_csv ([Errno 2] No such file or directory: '/data/output/products.csv'; 272)
[2024-04-15T13:43:48.825+0000] {local_task_job_runner.py:234} INFO - Task exited with return code 1
[2024-04-15T13:43:48.842+0000] {taskinstance.py:3312} INFO - 0 downstream tasks scheduled from follow-on schedule check
