[2024-04-15T16:21:19.115+0000] {taskinstance.py:1979} INFO - Dependencies all met for dep_context=non-requeueable deps ti=<TaskInstance: prioritas_2.print_done manual__2024-04-15T16:11:35.788976+00:00 [queued]>
[2024-04-15T16:21:19.125+0000] {taskinstance.py:1979} INFO - Dependencies all met for dep_context=requeueable deps ti=<TaskInstance: prioritas_2.print_done manual__2024-04-15T16:11:35.788976+00:00 [queued]>
[2024-04-15T16:21:19.127+0000] {taskinstance.py:2193} INFO - Starting attempt 1 of 4
[2024-04-15T16:21:19.140+0000] {taskinstance.py:2217} INFO - Executing <Task(BashOperator): print_done> on 2024-04-15 16:11:35.788976+00:00
[2024-04-15T16:21:19.146+0000] {standard_task_runner.py:60} INFO - Started process 143 to run task
[2024-04-15T16:21:19.149+0000] {standard_task_runner.py:87} INFO - Running: ['***', 'tasks', 'run', 'prioritas_2', 'print_done', 'manual__2024-04-15T16:11:35.788976+00:00', '--job-id', '283', '--raw', '--subdir', 'DAGS_FOLDER/prioritas_2_dag.py', '--cfg-path', '/tmp/tmp7yy_wwsi']
[2024-04-15T16:21:19.152+0000] {standard_task_runner.py:88} INFO - Job 283: Subtask print_done
[2024-04-15T16:21:19.203+0000] {task_command.py:423} INFO - Running <TaskInstance: prioritas_2.print_done manual__2024-04-15T16:11:35.788976+00:00 [running]> on host 530bc6b43e69
[2024-04-15T16:21:19.284+0000] {taskinstance.py:2513} INFO - Exporting env vars: AIRFLOW_CTX_DAG_OWNER='dzikri' AIRFLOW_CTX_DAG_ID='prioritas_2' AIRFLOW_CTX_TASK_ID='print_done' AIRFLOW_CTX_EXECUTION_DATE='2024-04-15T16:11:35.788976+00:00' AIRFLOW_CTX_TRY_NUMBER='1' AIRFLOW_CTX_DAG_RUN_ID='manual__2024-04-15T16:11:35.788976+00:00'
[2024-04-15T16:21:19.286+0000] {subprocess.py:63} INFO - Tmp dir root location: /tmp
[2024-04-15T16:21:19.288+0000] {subprocess.py:75} INFO - Running command: ['/usr/bin/bash', '-c', <function print_done at 0x7fea09d59040>]
[2024-04-15T16:21:19.289+0000] {taskinstance.py:2731} ERROR - Task failed with exception
Traceback (most recent call last):
  File "/home/airflow/.local/lib/python3.8/site-packages/airflow/models/taskinstance.py", line 444, in _execute_task
    result = _execute_callable(context=context, **execute_callable_kwargs)
  File "/home/airflow/.local/lib/python3.8/site-packages/airflow/models/taskinstance.py", line 414, in _execute_callable
    return execute_callable(context=context, **execute_callable_kwargs)
  File "/home/airflow/.local/lib/python3.8/site-packages/airflow/operators/bash.py", line 203, in execute
    result = self.subprocess_hook.run_command(
  File "/home/airflow/.local/lib/python3.8/site-packages/airflow/hooks/subprocess.py", line 77, in run_command
    self.sub_process = Popen(
  File "/usr/local/lib/python3.8/subprocess.py", line 858, in __init__
    self._execute_child(args, executable, preexec_fn, close_fds,
  File "/usr/local/lib/python3.8/subprocess.py", line 1655, in _execute_child
    self.pid = _posixsubprocess.fork_exec(
TypeError: expected str, bytes or os.PathLike object, not function
[2024-04-15T16:21:19.299+0000] {taskinstance.py:1149} INFO - Marking task as UP_FOR_RETRY. dag_id=prioritas_2, task_id=print_done, execution_date=20240415T161135, start_date=20240415T162119, end_date=20240415T162119
[2024-04-15T16:21:19.311+0000] {standard_task_runner.py:107} ERROR - Failed to execute job 283 for task print_done (expected str, bytes or os.PathLike object, not function; 143)
[2024-04-15T16:21:19.323+0000] {local_task_job_runner.py:234} INFO - Task exited with return code 1
[2024-04-15T16:21:19.340+0000] {taskinstance.py:3312} INFO - 0 downstream tasks scheduled from follow-on schedule check
