[2024-04-14T14:46:32.299+0000] {taskinstance.py:1979} INFO - Dependencies all met for dep_context=non-requeueable deps ti=<TaskInstance: eksplorasii_dag.create_fruits_table manual__2024-04-14T14:46:17.966154+00:00 [queued]>
[2024-04-14T14:46:32.308+0000] {taskinstance.py:1979} INFO - Dependencies all met for dep_context=requeueable deps ti=<TaskInstance: eksplorasii_dag.create_fruits_table manual__2024-04-14T14:46:17.966154+00:00 [queued]>
[2024-04-14T14:46:32.309+0000] {taskinstance.py:2193} INFO - Starting attempt 2 of 2
[2024-04-14T14:46:32.328+0000] {taskinstance.py:2217} INFO - Executing <Task(PostgresOperator): create_fruits_table> on 2024-04-14 14:46:17.966154+00:00
[2024-04-14T14:46:32.336+0000] {standard_task_runner.py:60} INFO - Started process 146 to run task
[2024-04-14T14:46:32.339+0000] {standard_task_runner.py:87} INFO - Running: ['***', 'tasks', 'run', 'eksplorasii_dag', 'create_fruits_table', 'manual__2024-04-14T14:46:17.966154+00:00', '--job-id', '220', '--raw', '--subdir', 'DAGS_FOLDER/eksplorasi.py', '--cfg-path', '/tmp/tmp1nxnwrqv']
[2024-04-14T14:46:32.342+0000] {standard_task_runner.py:88} INFO - Job 220: Subtask create_fruits_table
[2024-04-14T14:46:32.385+0000] {task_command.py:423} INFO - Running <TaskInstance: eksplorasii_dag.create_fruits_table manual__2024-04-14T14:46:17.966154+00:00 [running]> on host b46e24c16c09
[2024-04-14T14:46:32.447+0000] {taskinstance.py:2513} INFO - Exporting env vars: AIRFLOW_CTX_DAG_OWNER='dzikri' AIRFLOW_CTX_DAG_ID='eksplorasii_dag' AIRFLOW_CTX_TASK_ID='create_fruits_table' AIRFLOW_CTX_EXECUTION_DATE='2024-04-14T14:46:17.966154+00:00' AIRFLOW_CTX_TRY_NUMBER='2' AIRFLOW_CTX_DAG_RUN_ID='manual__2024-04-14T14:46:17.966154+00:00'
[2024-04-14T14:46:32.449+0000] {sql.py:276} INFO - Executing: 
        CREATE TABLE IF NOT EXISTS fruits (
            id SERIAL PRIMARY KEY,
            name VARCHAR(50) NOT NULL,
            calories DECIMAL NOT NULL,
            fat DECIMAL NOT NULL,
            sugar DECIMAL NOT NULL,
            carbohydrates DECIMAL NOT NULL,
            protein DECIMAL NOT NULL
        );

        -- Perbaikan: Menambahkan sequence fruits_id_seq
        CREATE SEQUENCE IF NOT EXISTS fruits_id_seq
            START WITH 1
            INCREMENT BY 1
            NO MINVALUE
            NO MAXVALUE
            CACHE 1;
    
[2024-04-14T14:46:32.456+0000] {base.py:83} INFO - Using connection ID 'eksplorasi' for task execution.
[2024-04-14T14:46:32.464+0000] {base.py:83} INFO - Using connection ID 'eksplorasi' for task execution.
[2024-04-14T14:46:32.467+0000] {taskinstance.py:2731} ERROR - Task failed with exception
Traceback (most recent call last):
  File "/home/airflow/.local/lib/python3.8/site-packages/airflow/models/taskinstance.py", line 444, in _execute_task
    result = _execute_callable(context=context, **execute_callable_kwargs)
  File "/home/airflow/.local/lib/python3.8/site-packages/airflow/models/taskinstance.py", line 414, in _execute_callable
    return execute_callable(context=context, **execute_callable_kwargs)
  File "/home/airflow/.local/lib/python3.8/site-packages/airflow/providers/common/sql/operators/sql.py", line 282, in execute
    output = hook.run(
  File "/home/airflow/.local/lib/python3.8/site-packages/airflow/providers/common/sql/hooks/sql.py", line 397, in run
    with closing(self.get_conn()) as conn:
  File "/home/airflow/.local/lib/python3.8/site-packages/airflow/providers/postgres/hooks/postgres.py", line 161, in get_conn
    self.conn = psycopg2.connect(**conn_args)
  File "/home/airflow/.local/lib/python3.8/site-packages/psycopg2/__init__.py", line 122, in connect
    conn = _connect(dsn, connection_factory=connection_factory, **kwasync)
psycopg2.OperationalError: connection to server at "localhost" (127.0.0.1), port 5432 failed: Connection refused
	Is the server running on that host and accepting TCP/IP connections?
connection to server at "localhost" (::1), port 5432 failed: Cannot assign requested address
	Is the server running on that host and accepting TCP/IP connections?

[2024-04-14T14:46:32.474+0000] {taskinstance.py:1149} INFO - Marking task as FAILED. dag_id=eksplorasii_dag, task_id=create_fruits_table, execution_date=20240414T144617, start_date=20240414T144632, end_date=20240414T144632
[2024-04-14T14:46:32.484+0000] {standard_task_runner.py:107} ERROR - Failed to execute job 220 for task create_fruits_table (connection to server at "localhost" (127.0.0.1), port 5432 failed: Connection refused
	Is the server running on that host and accepting TCP/IP connections?
connection to server at "localhost" (::1), port 5432 failed: Cannot assign requested address
	Is the server running on that host and accepting TCP/IP connections?
; 146)
[2024-04-14T14:46:32.512+0000] {local_task_job_runner.py:234} INFO - Task exited with return code 1
[2024-04-14T14:46:32.522+0000] {warnings.py:109} WARNING - /home/***/.local/lib/python3.8/site-packages/***/models/baseoperator.py:1201: AirflowProviderDeprecationWarning: Call to deprecated class PostgresOperator. (Please use `***.providers.common.sql.operators.sql.SQLExecuteQueryOperator`.Also, you can provide `hook_params={'schema': <database>}`.)
  result = cls.__new__(cls)

[2024-04-14T14:46:32.534+0000] {taskinstance.py:3312} INFO - 0 downstream tasks scheduled from follow-on schedule check
