[2024-04-15T14:55:59.233+0000] {processor.py:161} INFO - Started process (PID=37) to work on /opt/airflow/dags/eksplorasi_dag.py
[2024-04-15T14:55:59.235+0000] {processor.py:830} INFO - Processing file /opt/airflow/dags/eksplorasi_dag.py for tasks to queue
[2024-04-15T14:55:59.238+0000] {logging_mixin.py:188} INFO - [2024-04-15T14:55:59.237+0000] {dagbag.py:540} INFO - Filling up the DagBag from /opt/airflow/dags/eksplorasi_dag.py
[2024-04-15T14:56:01.251+0000] {processor.py:840} INFO - DAG(s) 'eksplorasi_data_ingestion' retrieved from /opt/airflow/dags/eksplorasi_dag.py
[2024-04-15T14:56:01.465+0000] {logging_mixin.py:188} INFO - [2024-04-15T14:56:01.465+0000] {override.py:1829} INFO - Created Permission View: can read on DAG:eksplorasi_data_ingestion
[2024-04-15T14:56:01.477+0000] {logging_mixin.py:188} INFO - [2024-04-15T14:56:01.477+0000] {override.py:1829} INFO - Created Permission View: can edit on DAG:eksplorasi_data_ingestion
[2024-04-15T14:56:01.486+0000] {logging_mixin.py:188} INFO - [2024-04-15T14:56:01.486+0000] {override.py:1829} INFO - Created Permission View: can delete on DAG:eksplorasi_data_ingestion
[2024-04-15T14:56:01.488+0000] {logging_mixin.py:188} INFO - [2024-04-15T14:56:01.487+0000] {dag.py:3096} INFO - Sync 1 DAGs
[2024-04-15T14:56:01.502+0000] {logging_mixin.py:188} INFO - [2024-04-15T14:56:01.501+0000] {dag.py:3118} INFO - Creating ORM DAG for eksplorasi_data_ingestion
[2024-04-15T14:56:01.515+0000] {logging_mixin.py:188} INFO - [2024-04-15T14:56:01.515+0000] {dag.py:3954} INFO - Setting next_dagrun for eksplorasi_data_ingestion to 2024-04-15 09:00:00+00:00, run_after=2024-04-22 09:00:00+00:00
[2024-04-15T14:56:01.544+0000] {processor.py:183} INFO - Processing /opt/airflow/dags/eksplorasi_dag.py took 2.320 seconds
[2024-04-15T14:56:32.344+0000] {processor.py:161} INFO - Started process (PID=106) to work on /opt/airflow/dags/eksplorasi_dag.py
[2024-04-15T14:56:32.345+0000] {processor.py:830} INFO - Processing file /opt/airflow/dags/eksplorasi_dag.py for tasks to queue
[2024-04-15T14:56:32.347+0000] {logging_mixin.py:188} INFO - [2024-04-15T14:56:32.347+0000] {dagbag.py:540} INFO - Filling up the DagBag from /opt/airflow/dags/eksplorasi_dag.py
[2024-04-15T14:56:32.762+0000] {processor.py:840} INFO - DAG(s) 'eksplorasi_data_ingestion' retrieved from /opt/airflow/dags/eksplorasi_dag.py
[2024-04-15T14:56:32.782+0000] {logging_mixin.py:188} INFO - [2024-04-15T14:56:32.781+0000] {dag.py:3096} INFO - Sync 1 DAGs
[2024-04-15T14:56:32.812+0000] {logging_mixin.py:188} INFO - [2024-04-15T14:56:32.812+0000] {dag.py:3954} INFO - Setting next_dagrun for eksplorasi_data_ingestion to 2024-04-15 09:00:00+00:00, run_after=2024-04-22 09:00:00+00:00
[2024-04-15T14:56:32.838+0000] {processor.py:183} INFO - Processing /opt/airflow/dags/eksplorasi_dag.py took 0.498 seconds
[2024-04-15T14:57:03.493+0000] {processor.py:161} INFO - Started process (PID=167) to work on /opt/airflow/dags/eksplorasi_dag.py
[2024-04-15T14:57:03.494+0000] {processor.py:830} INFO - Processing file /opt/airflow/dags/eksplorasi_dag.py for tasks to queue
[2024-04-15T14:57:03.495+0000] {logging_mixin.py:188} INFO - [2024-04-15T14:57:03.495+0000] {dagbag.py:540} INFO - Filling up the DagBag from /opt/airflow/dags/eksplorasi_dag.py
[2024-04-15T14:57:04.003+0000] {processor.py:840} INFO - DAG(s) 'eksplorasi_data_ingestion' retrieved from /opt/airflow/dags/eksplorasi_dag.py
[2024-04-15T14:57:04.017+0000] {logging_mixin.py:188} INFO - [2024-04-15T14:57:04.017+0000] {dag.py:3096} INFO - Sync 1 DAGs
[2024-04-15T14:57:04.050+0000] {logging_mixin.py:188} INFO - [2024-04-15T14:57:04.049+0000] {dag.py:3954} INFO - Setting next_dagrun for eksplorasi_data_ingestion to 2024-04-15 09:00:00+00:00, run_after=2024-04-22 09:00:00+00:00
[2024-04-15T14:57:04.079+0000] {processor.py:183} INFO - Processing /opt/airflow/dags/eksplorasi_dag.py took 0.591 seconds
[2024-04-15T14:57:34.240+0000] {processor.py:161} INFO - Started process (PID=230) to work on /opt/airflow/dags/eksplorasi_dag.py
[2024-04-15T14:57:34.243+0000] {processor.py:830} INFO - Processing file /opt/airflow/dags/eksplorasi_dag.py for tasks to queue
[2024-04-15T14:57:34.246+0000] {logging_mixin.py:188} INFO - [2024-04-15T14:57:34.246+0000] {dagbag.py:540} INFO - Filling up the DagBag from /opt/airflow/dags/eksplorasi_dag.py
[2024-04-15T14:57:34.813+0000] {processor.py:840} INFO - DAG(s) 'eksplorasi_data_ingestion' retrieved from /opt/airflow/dags/eksplorasi_dag.py
[2024-04-15T14:57:34.827+0000] {logging_mixin.py:188} INFO - [2024-04-15T14:57:34.827+0000] {dag.py:3096} INFO - Sync 1 DAGs
[2024-04-15T14:57:34.846+0000] {logging_mixin.py:188} INFO - [2024-04-15T14:57:34.846+0000] {dag.py:3954} INFO - Setting next_dagrun for eksplorasi_data_ingestion to 2024-04-15 09:00:00+00:00, run_after=2024-04-22 09:00:00+00:00
[2024-04-15T14:57:34.866+0000] {processor.py:183} INFO - Processing /opt/airflow/dags/eksplorasi_dag.py took 0.635 seconds
[2024-04-15T14:58:05.809+0000] {processor.py:161} INFO - Started process (PID=294) to work on /opt/airflow/dags/eksplorasi_dag.py
[2024-04-15T14:58:05.810+0000] {processor.py:830} INFO - Processing file /opt/airflow/dags/eksplorasi_dag.py for tasks to queue
[2024-04-15T14:58:05.812+0000] {logging_mixin.py:188} INFO - [2024-04-15T14:58:05.812+0000] {dagbag.py:540} INFO - Filling up the DagBag from /opt/airflow/dags/eksplorasi_dag.py
[2024-04-15T14:58:06.281+0000] {processor.py:840} INFO - DAG(s) 'eksplorasi_data_ingestion' retrieved from /opt/airflow/dags/eksplorasi_dag.py
[2024-04-15T14:58:06.301+0000] {logging_mixin.py:188} INFO - [2024-04-15T14:58:06.301+0000] {dag.py:3096} INFO - Sync 1 DAGs
[2024-04-15T14:58:06.322+0000] {logging_mixin.py:188} INFO - [2024-04-15T14:58:06.321+0000] {dag.py:3954} INFO - Setting next_dagrun for eksplorasi_data_ingestion to 2024-04-15 09:00:00+00:00, run_after=2024-04-22 09:00:00+00:00
[2024-04-15T14:58:06.341+0000] {processor.py:183} INFO - Processing /opt/airflow/dags/eksplorasi_dag.py took 0.537 seconds
[2024-04-15T14:58:20.321+0000] {processor.py:161} INFO - Started process (PID=337) to work on /opt/airflow/dags/eksplorasi_dag.py
[2024-04-15T14:58:20.323+0000] {processor.py:830} INFO - Processing file /opt/airflow/dags/eksplorasi_dag.py for tasks to queue
[2024-04-15T14:58:20.325+0000] {logging_mixin.py:188} INFO - [2024-04-15T14:58:20.325+0000] {dagbag.py:540} INFO - Filling up the DagBag from /opt/airflow/dags/eksplorasi_dag.py
[2024-04-15T14:58:20.853+0000] {processor.py:840} INFO - DAG(s) 'eksplorasi_data_ingestion' retrieved from /opt/airflow/dags/eksplorasi_dag.py
[2024-04-15T14:58:20.946+0000] {logging_mixin.py:188} INFO - [2024-04-15T14:58:20.945+0000] {dag.py:3096} INFO - Sync 1 DAGs
[2024-04-15T14:58:20.966+0000] {logging_mixin.py:188} INFO - [2024-04-15T14:58:20.966+0000] {dag.py:3954} INFO - Setting next_dagrun for eksplorasi_data_ingestion to 2024-04-15 09:00:00+00:00, run_after=2024-04-22 09:00:00+00:00
[2024-04-15T14:58:20.993+0000] {processor.py:183} INFO - Processing /opt/airflow/dags/eksplorasi_dag.py took 0.679 seconds
[2024-04-15T14:58:47.856+0000] {processor.py:161} INFO - Started process (PID=397) to work on /opt/airflow/dags/eksplorasi_dag.py
[2024-04-15T14:58:47.857+0000] {processor.py:830} INFO - Processing file /opt/airflow/dags/eksplorasi_dag.py for tasks to queue
[2024-04-15T14:58:47.859+0000] {logging_mixin.py:188} INFO - [2024-04-15T14:58:47.859+0000] {dagbag.py:540} INFO - Filling up the DagBag from /opt/airflow/dags/eksplorasi_dag.py
[2024-04-15T14:58:48.260+0000] {processor.py:840} INFO - DAG(s) 'eksplorasi_data_ingestion' retrieved from /opt/airflow/dags/eksplorasi_dag.py
[2024-04-15T14:58:48.269+0000] {logging_mixin.py:188} INFO - [2024-04-15T14:58:48.269+0000] {dag.py:3096} INFO - Sync 1 DAGs
[2024-04-15T14:58:48.288+0000] {logging_mixin.py:188} INFO - [2024-04-15T14:58:48.288+0000] {dag.py:3954} INFO - Setting next_dagrun for eksplorasi_data_ingestion to 2024-04-15 09:00:00+00:00, run_after=2024-04-22 09:00:00+00:00
[2024-04-15T14:58:48.313+0000] {processor.py:183} INFO - Processing /opt/airflow/dags/eksplorasi_dag.py took 0.464 seconds
[2024-04-15T14:59:18.638+0000] {processor.py:161} INFO - Started process (PID=457) to work on /opt/airflow/dags/eksplorasi_dag.py
[2024-04-15T14:59:18.640+0000] {processor.py:830} INFO - Processing file /opt/airflow/dags/eksplorasi_dag.py for tasks to queue
[2024-04-15T14:59:18.642+0000] {logging_mixin.py:188} INFO - [2024-04-15T14:59:18.642+0000] {dagbag.py:540} INFO - Filling up the DagBag from /opt/airflow/dags/eksplorasi_dag.py
[2024-04-15T14:59:19.121+0000] {processor.py:840} INFO - DAG(s) 'eksplorasi_data_ingestion' retrieved from /opt/airflow/dags/eksplorasi_dag.py
[2024-04-15T14:59:19.192+0000] {logging_mixin.py:188} INFO - [2024-04-15T14:59:19.192+0000] {dag.py:3096} INFO - Sync 1 DAGs
[2024-04-15T14:59:19.205+0000] {logging_mixin.py:188} INFO - [2024-04-15T14:59:19.204+0000] {dag.py:3954} INFO - Setting next_dagrun for eksplorasi_data_ingestion to 2024-04-15 09:00:00+00:00, run_after=2024-04-22 09:00:00+00:00
[2024-04-15T14:59:19.221+0000] {processor.py:183} INFO - Processing /opt/airflow/dags/eksplorasi_dag.py took 0.589 seconds
[2024-04-15T14:59:49.877+0000] {processor.py:161} INFO - Started process (PID=517) to work on /opt/airflow/dags/eksplorasi_dag.py
[2024-04-15T14:59:49.878+0000] {processor.py:830} INFO - Processing file /opt/airflow/dags/eksplorasi_dag.py for tasks to queue
[2024-04-15T14:59:49.880+0000] {logging_mixin.py:188} INFO - [2024-04-15T14:59:49.880+0000] {dagbag.py:540} INFO - Filling up the DagBag from /opt/airflow/dags/eksplorasi_dag.py
[2024-04-15T14:59:50.375+0000] {processor.py:840} INFO - DAG(s) 'eksplorasi_data_ingestion' retrieved from /opt/airflow/dags/eksplorasi_dag.py
[2024-04-15T14:59:50.393+0000] {logging_mixin.py:188} INFO - [2024-04-15T14:59:50.392+0000] {dag.py:3096} INFO - Sync 1 DAGs
[2024-04-15T14:59:50.413+0000] {logging_mixin.py:188} INFO - [2024-04-15T14:59:50.413+0000] {dag.py:3954} INFO - Setting next_dagrun for eksplorasi_data_ingestion to 2024-04-15 09:00:00+00:00, run_after=2024-04-22 09:00:00+00:00
[2024-04-15T14:59:50.437+0000] {processor.py:183} INFO - Processing /opt/airflow/dags/eksplorasi_dag.py took 0.565 seconds
[2024-04-15T15:00:20.490+0000] {processor.py:161} INFO - Started process (PID=577) to work on /opt/airflow/dags/eksplorasi_dag.py
[2024-04-15T15:00:20.491+0000] {processor.py:830} INFO - Processing file /opt/airflow/dags/eksplorasi_dag.py for tasks to queue
[2024-04-15T15:00:20.493+0000] {logging_mixin.py:188} INFO - [2024-04-15T15:00:20.493+0000] {dagbag.py:540} INFO - Filling up the DagBag from /opt/airflow/dags/eksplorasi_dag.py
[2024-04-15T15:00:20.918+0000] {processor.py:840} INFO - DAG(s) 'eksplorasi_data_ingestion' retrieved from /opt/airflow/dags/eksplorasi_dag.py
[2024-04-15T15:00:20.932+0000] {logging_mixin.py:188} INFO - [2024-04-15T15:00:20.932+0000] {dag.py:3096} INFO - Sync 1 DAGs
[2024-04-15T15:00:20.951+0000] {logging_mixin.py:188} INFO - [2024-04-15T15:00:20.951+0000] {dag.py:3954} INFO - Setting next_dagrun for eksplorasi_data_ingestion to 2024-04-15 09:00:00+00:00, run_after=2024-04-22 09:00:00+00:00
[2024-04-15T15:00:20.970+0000] {processor.py:183} INFO - Processing /opt/airflow/dags/eksplorasi_dag.py took 0.487 seconds
[2024-04-15T15:00:51.163+0000] {processor.py:161} INFO - Started process (PID=637) to work on /opt/airflow/dags/eksplorasi_dag.py
[2024-04-15T15:00:51.164+0000] {processor.py:830} INFO - Processing file /opt/airflow/dags/eksplorasi_dag.py for tasks to queue
[2024-04-15T15:00:51.166+0000] {logging_mixin.py:188} INFO - [2024-04-15T15:00:51.166+0000] {dagbag.py:540} INFO - Filling up the DagBag from /opt/airflow/dags/eksplorasi_dag.py
[2024-04-15T15:00:51.571+0000] {processor.py:840} INFO - DAG(s) 'eksplorasi_data_ingestion' retrieved from /opt/airflow/dags/eksplorasi_dag.py
[2024-04-15T15:00:51.583+0000] {logging_mixin.py:188} INFO - [2024-04-15T15:00:51.583+0000] {dag.py:3096} INFO - Sync 1 DAGs
[2024-04-15T15:00:51.601+0000] {logging_mixin.py:188} INFO - [2024-04-15T15:00:51.601+0000] {dag.py:3954} INFO - Setting next_dagrun for eksplorasi_data_ingestion to 2024-04-15 09:00:00+00:00, run_after=2024-04-22 09:00:00+00:00
[2024-04-15T15:00:51.618+0000] {processor.py:183} INFO - Processing /opt/airflow/dags/eksplorasi_dag.py took 0.459 seconds
[2024-04-15T15:01:21.672+0000] {processor.py:161} INFO - Started process (PID=697) to work on /opt/airflow/dags/eksplorasi_dag.py
[2024-04-15T15:01:21.673+0000] {processor.py:830} INFO - Processing file /opt/airflow/dags/eksplorasi_dag.py for tasks to queue
[2024-04-15T15:01:21.675+0000] {logging_mixin.py:188} INFO - [2024-04-15T15:01:21.675+0000] {dagbag.py:540} INFO - Filling up the DagBag from /opt/airflow/dags/eksplorasi_dag.py
[2024-04-15T15:01:22.105+0000] {processor.py:840} INFO - DAG(s) 'eksplorasi_data_ingestion' retrieved from /opt/airflow/dags/eksplorasi_dag.py
[2024-04-15T15:01:22.123+0000] {logging_mixin.py:188} INFO - [2024-04-15T15:01:22.122+0000] {dag.py:3096} INFO - Sync 1 DAGs
[2024-04-15T15:01:22.144+0000] {logging_mixin.py:188} INFO - [2024-04-15T15:01:22.143+0000] {dag.py:3954} INFO - Setting next_dagrun for eksplorasi_data_ingestion to 2024-04-15 09:00:00+00:00, run_after=2024-04-22 09:00:00+00:00
[2024-04-15T15:01:22.163+0000] {processor.py:183} INFO - Processing /opt/airflow/dags/eksplorasi_dag.py took 0.498 seconds
[2024-04-15T15:01:52.336+0000] {processor.py:161} INFO - Started process (PID=757) to work on /opt/airflow/dags/eksplorasi_dag.py
[2024-04-15T15:01:52.337+0000] {processor.py:830} INFO - Processing file /opt/airflow/dags/eksplorasi_dag.py for tasks to queue
[2024-04-15T15:01:52.339+0000] {logging_mixin.py:188} INFO - [2024-04-15T15:01:52.339+0000] {dagbag.py:540} INFO - Filling up the DagBag from /opt/airflow/dags/eksplorasi_dag.py
[2024-04-15T15:01:52.739+0000] {processor.py:840} INFO - DAG(s) 'eksplorasi_data_ingestion' retrieved from /opt/airflow/dags/eksplorasi_dag.py
[2024-04-15T15:01:52.754+0000] {logging_mixin.py:188} INFO - [2024-04-15T15:01:52.753+0000] {dag.py:3096} INFO - Sync 1 DAGs
[2024-04-15T15:01:52.768+0000] {logging_mixin.py:188} INFO - [2024-04-15T15:01:52.768+0000] {dag.py:3954} INFO - Setting next_dagrun for eksplorasi_data_ingestion to 2024-04-15 09:00:00+00:00, run_after=2024-04-22 09:00:00+00:00
[2024-04-15T15:01:52.785+0000] {processor.py:183} INFO - Processing /opt/airflow/dags/eksplorasi_dag.py took 0.455 seconds
[2024-04-15T15:02:10.436+0000] {processor.py:161} INFO - Started process (PID=787) to work on /opt/airflow/dags/eksplorasi_dag.py
[2024-04-15T15:02:10.438+0000] {processor.py:830} INFO - Processing file /opt/airflow/dags/eksplorasi_dag.py for tasks to queue
[2024-04-15T15:02:10.440+0000] {logging_mixin.py:188} INFO - [2024-04-15T15:02:10.440+0000] {dagbag.py:540} INFO - Filling up the DagBag from /opt/airflow/dags/eksplorasi_dag.py
[2024-04-15T15:02:10.963+0000] {processor.py:840} INFO - DAG(s) 'eksplorasi_data_ingestion' retrieved from /opt/airflow/dags/eksplorasi_dag.py
[2024-04-15T15:02:10.979+0000] {logging_mixin.py:188} INFO - [2024-04-15T15:02:10.979+0000] {dag.py:3096} INFO - Sync 1 DAGs
[2024-04-15T15:02:11.001+0000] {logging_mixin.py:188} INFO - [2024-04-15T15:02:11.001+0000] {dag.py:3954} INFO - Setting next_dagrun for eksplorasi_data_ingestion to 2024-04-15 09:00:00+00:00, run_after=2024-04-22 09:00:00+00:00
[2024-04-15T15:02:11.025+0000] {processor.py:183} INFO - Processing /opt/airflow/dags/eksplorasi_dag.py took 0.594 seconds
[2024-04-15T15:02:41.607+0000] {processor.py:161} INFO - Started process (PID=847) to work on /opt/airflow/dags/eksplorasi_dag.py
[2024-04-15T15:02:41.608+0000] {processor.py:830} INFO - Processing file /opt/airflow/dags/eksplorasi_dag.py for tasks to queue
[2024-04-15T15:02:41.609+0000] {logging_mixin.py:188} INFO - [2024-04-15T15:02:41.609+0000] {dagbag.py:540} INFO - Filling up the DagBag from /opt/airflow/dags/eksplorasi_dag.py
[2024-04-15T15:02:42.040+0000] {processor.py:840} INFO - DAG(s) 'eksplorasi_data_ingestion' retrieved from /opt/airflow/dags/eksplorasi_dag.py
[2024-04-15T15:02:42.053+0000] {logging_mixin.py:188} INFO - [2024-04-15T15:02:42.052+0000] {dag.py:3096} INFO - Sync 1 DAGs
[2024-04-15T15:02:42.072+0000] {logging_mixin.py:188} INFO - [2024-04-15T15:02:42.072+0000] {dag.py:3954} INFO - Setting next_dagrun for eksplorasi_data_ingestion to 2024-04-15 09:00:00+00:00, run_after=2024-04-22 09:00:00+00:00
[2024-04-15T15:02:42.092+0000] {processor.py:183} INFO - Processing /opt/airflow/dags/eksplorasi_dag.py took 0.490 seconds
[2024-04-15T15:03:12.197+0000] {processor.py:161} INFO - Started process (PID=910) to work on /opt/airflow/dags/eksplorasi_dag.py
[2024-04-15T15:03:12.199+0000] {processor.py:830} INFO - Processing file /opt/airflow/dags/eksplorasi_dag.py for tasks to queue
[2024-04-15T15:03:12.203+0000] {logging_mixin.py:188} INFO - [2024-04-15T15:03:12.202+0000] {dagbag.py:540} INFO - Filling up the DagBag from /opt/airflow/dags/eksplorasi_dag.py
[2024-04-15T15:03:12.887+0000] {processor.py:840} INFO - DAG(s) 'eksplorasi_data_ingestion' retrieved from /opt/airflow/dags/eksplorasi_dag.py
[2024-04-15T15:03:12.909+0000] {logging_mixin.py:188} INFO - [2024-04-15T15:03:12.909+0000] {dag.py:3096} INFO - Sync 1 DAGs
[2024-04-15T15:03:12.939+0000] {logging_mixin.py:188} INFO - [2024-04-15T15:03:12.939+0000] {dag.py:3954} INFO - Setting next_dagrun for eksplorasi_data_ingestion to 2024-04-15 09:00:00+00:00, run_after=2024-04-22 09:00:00+00:00
[2024-04-15T15:03:12.966+0000] {processor.py:183} INFO - Processing /opt/airflow/dags/eksplorasi_dag.py took 0.787 seconds
[2024-04-15T15:03:43.221+0000] {processor.py:161} INFO - Started process (PID=970) to work on /opt/airflow/dags/eksplorasi_dag.py
[2024-04-15T15:03:43.223+0000] {processor.py:830} INFO - Processing file /opt/airflow/dags/eksplorasi_dag.py for tasks to queue
[2024-04-15T15:03:43.225+0000] {logging_mixin.py:188} INFO - [2024-04-15T15:03:43.225+0000] {dagbag.py:540} INFO - Filling up the DagBag from /opt/airflow/dags/eksplorasi_dag.py
[2024-04-15T15:03:43.641+0000] {processor.py:840} INFO - DAG(s) 'eksplorasi_data_ingestion' retrieved from /opt/airflow/dags/eksplorasi_dag.py
[2024-04-15T15:03:43.654+0000] {logging_mixin.py:188} INFO - [2024-04-15T15:03:43.653+0000] {dag.py:3096} INFO - Sync 1 DAGs
[2024-04-15T15:03:43.670+0000] {logging_mixin.py:188} INFO - [2024-04-15T15:03:43.670+0000] {dag.py:3954} INFO - Setting next_dagrun for eksplorasi_data_ingestion to 2024-04-15 09:00:00+00:00, run_after=2024-04-22 09:00:00+00:00
[2024-04-15T15:03:43.689+0000] {processor.py:183} INFO - Processing /opt/airflow/dags/eksplorasi_dag.py took 0.473 seconds
[2024-04-15T15:04:13.808+0000] {processor.py:161} INFO - Started process (PID=1030) to work on /opt/airflow/dags/eksplorasi_dag.py
[2024-04-15T15:04:13.810+0000] {processor.py:830} INFO - Processing file /opt/airflow/dags/eksplorasi_dag.py for tasks to queue
[2024-04-15T15:04:13.812+0000] {logging_mixin.py:188} INFO - [2024-04-15T15:04:13.812+0000] {dagbag.py:540} INFO - Filling up the DagBag from /opt/airflow/dags/eksplorasi_dag.py
[2024-04-15T15:04:14.241+0000] {processor.py:840} INFO - DAG(s) 'eksplorasi_data_ingestion' retrieved from /opt/airflow/dags/eksplorasi_dag.py
[2024-04-15T15:04:14.255+0000] {logging_mixin.py:188} INFO - [2024-04-15T15:04:14.254+0000] {dag.py:3096} INFO - Sync 1 DAGs
[2024-04-15T15:04:14.276+0000] {logging_mixin.py:188} INFO - [2024-04-15T15:04:14.275+0000] {dag.py:3954} INFO - Setting next_dagrun for eksplorasi_data_ingestion to 2024-04-15 09:00:00+00:00, run_after=2024-04-22 09:00:00+00:00
[2024-04-15T15:04:14.299+0000] {processor.py:183} INFO - Processing /opt/airflow/dags/eksplorasi_dag.py took 0.495 seconds
[2024-04-15T15:04:44.558+0000] {processor.py:161} INFO - Started process (PID=1090) to work on /opt/airflow/dags/eksplorasi_dag.py
[2024-04-15T15:04:44.559+0000] {processor.py:830} INFO - Processing file /opt/airflow/dags/eksplorasi_dag.py for tasks to queue
[2024-04-15T15:04:44.561+0000] {logging_mixin.py:188} INFO - [2024-04-15T15:04:44.561+0000] {dagbag.py:540} INFO - Filling up the DagBag from /opt/airflow/dags/eksplorasi_dag.py
[2024-04-15T15:04:44.979+0000] {processor.py:840} INFO - DAG(s) 'eksplorasi_data_ingestion' retrieved from /opt/airflow/dags/eksplorasi_dag.py
[2024-04-15T15:04:44.994+0000] {logging_mixin.py:188} INFO - [2024-04-15T15:04:44.994+0000] {dag.py:3096} INFO - Sync 1 DAGs
[2024-04-15T15:04:45.011+0000] {logging_mixin.py:188} INFO - [2024-04-15T15:04:45.011+0000] {dag.py:3954} INFO - Setting next_dagrun for eksplorasi_data_ingestion to 2024-04-15 09:00:00+00:00, run_after=2024-04-22 09:00:00+00:00
[2024-04-15T15:04:45.031+0000] {processor.py:183} INFO - Processing /opt/airflow/dags/eksplorasi_dag.py took 0.479 seconds
[2024-04-15T15:04:55.404+0000] {processor.py:161} INFO - Started process (PID=1117) to work on /opt/airflow/dags/eksplorasi_dag.py
[2024-04-15T15:04:55.405+0000] {processor.py:830} INFO - Processing file /opt/airflow/dags/eksplorasi_dag.py for tasks to queue
[2024-04-15T15:04:55.408+0000] {logging_mixin.py:188} INFO - [2024-04-15T15:04:55.407+0000] {dagbag.py:540} INFO - Filling up the DagBag from /opt/airflow/dags/eksplorasi_dag.py
[2024-04-15T15:04:55.855+0000] {processor.py:840} INFO - DAG(s) 'eksplorasi_data_ingestion' retrieved from /opt/airflow/dags/eksplorasi_dag.py
[2024-04-15T15:04:55.869+0000] {logging_mixin.py:188} INFO - [2024-04-15T15:04:55.868+0000] {dag.py:3096} INFO - Sync 1 DAGs
[2024-04-15T15:04:55.886+0000] {logging_mixin.py:188} INFO - [2024-04-15T15:04:55.886+0000] {dag.py:3954} INFO - Setting next_dagrun for eksplorasi_data_ingestion to 2024-04-15 09:00:00+00:00, run_after=2024-04-22 09:00:00+00:00
[2024-04-15T15:04:55.909+0000] {processor.py:183} INFO - Processing /opt/airflow/dags/eksplorasi_dag.py took 0.511 seconds
[2024-04-15T15:05:26.116+0000] {processor.py:161} INFO - Started process (PID=1177) to work on /opt/airflow/dags/eksplorasi_dag.py
[2024-04-15T15:05:26.118+0000] {processor.py:830} INFO - Processing file /opt/airflow/dags/eksplorasi_dag.py for tasks to queue
[2024-04-15T15:05:26.122+0000] {logging_mixin.py:188} INFO - [2024-04-15T15:05:26.122+0000] {dagbag.py:540} INFO - Filling up the DagBag from /opt/airflow/dags/eksplorasi_dag.py
[2024-04-15T15:05:26.972+0000] {processor.py:840} INFO - DAG(s) 'eksplorasi_data_ingestion' retrieved from /opt/airflow/dags/eksplorasi_dag.py
[2024-04-15T15:05:26.995+0000] {logging_mixin.py:188} INFO - [2024-04-15T15:05:26.994+0000] {dag.py:3096} INFO - Sync 1 DAGs
[2024-04-15T15:05:27.026+0000] {logging_mixin.py:188} INFO - [2024-04-15T15:05:27.026+0000] {dag.py:3954} INFO - Setting next_dagrun for eksplorasi_data_ingestion to 2024-04-15 09:00:00+00:00, run_after=2024-04-22 09:00:00+00:00
[2024-04-15T15:05:27.053+0000] {processor.py:183} INFO - Processing /opt/airflow/dags/eksplorasi_dag.py took 0.947 seconds
[2024-04-15T15:05:57.541+0000] {processor.py:161} INFO - Started process (PID=1237) to work on /opt/airflow/dags/eksplorasi_dag.py
[2024-04-15T15:05:57.542+0000] {processor.py:830} INFO - Processing file /opt/airflow/dags/eksplorasi_dag.py for tasks to queue
[2024-04-15T15:05:57.544+0000] {logging_mixin.py:188} INFO - [2024-04-15T15:05:57.543+0000] {dagbag.py:540} INFO - Filling up the DagBag from /opt/airflow/dags/eksplorasi_dag.py
[2024-04-15T15:05:58.208+0000] {processor.py:840} INFO - DAG(s) 'eksplorasi_data_ingestion' retrieved from /opt/airflow/dags/eksplorasi_dag.py
[2024-04-15T15:05:58.249+0000] {logging_mixin.py:188} INFO - [2024-04-15T15:05:58.247+0000] {dag.py:3096} INFO - Sync 1 DAGs
[2024-04-15T15:05:58.330+0000] {logging_mixin.py:188} INFO - [2024-04-15T15:05:58.329+0000] {dag.py:3954} INFO - Setting next_dagrun for eksplorasi_data_ingestion to 2024-04-15 09:00:00+00:00, run_after=2024-04-22 09:00:00+00:00
[2024-04-15T15:05:58.391+0000] {processor.py:183} INFO - Processing /opt/airflow/dags/eksplorasi_dag.py took 0.855 seconds
