[2024-04-07T10:28:19.083+0000] {taskinstance.py:1979} INFO - Dependencies all met for dep_context=non-requeueable deps ti=<TaskInstance: prioritas_1_no_2.calculate_sum manual__2024-04-07T10:18:06.246185+00:00 [queued]>
[2024-04-07T10:28:19.090+0000] {taskinstance.py:1979} INFO - Dependencies all met for dep_context=requeueable deps ti=<TaskInstance: prioritas_1_no_2.calculate_sum manual__2024-04-07T10:18:06.246185+00:00 [queued]>
[2024-04-07T10:28:19.091+0000] {taskinstance.py:2193} INFO - Starting attempt 6 of 6
[2024-04-07T10:28:19.100+0000] {taskinstance.py:2217} INFO - Executing <Task(PythonOperator): calculate_sum> on 2024-04-07 10:18:06.246185+00:00
[2024-04-07T10:28:19.106+0000] {standard_task_runner.py:60} INFO - Started process 737 to run task
[2024-04-07T10:28:19.108+0000] {standard_task_runner.py:87} INFO - Running: ['***', 'tasks', 'run', 'prioritas_1_no_2', 'calculate_sum', 'manual__2024-04-07T10:18:06.246185+00:00', '--job-id', '22', '--raw', '--subdir', 'DAGS_FOLDER/prioritas_1_no_2_dag.py', '--cfg-path', '/tmp/tmpzy_n296h']
[2024-04-07T10:28:19.111+0000] {standard_task_runner.py:88} INFO - Job 22: Subtask calculate_sum
[2024-04-07T10:28:19.168+0000] {task_command.py:423} INFO - Running <TaskInstance: prioritas_1_no_2.calculate_sum manual__2024-04-07T10:18:06.246185+00:00 [running]> on host a170fefa21f9
[2024-04-07T10:28:19.242+0000] {taskinstance.py:2513} INFO - Exporting env vars: AIRFLOW_CTX_DAG_OWNER='dzikri' AIRFLOW_CTX_DAG_ID='prioritas_1_no_2' AIRFLOW_CTX_TASK_ID='calculate_sum' AIRFLOW_CTX_EXECUTION_DATE='2024-04-07T10:18:06.246185+00:00' AIRFLOW_CTX_TRY_NUMBER='6' AIRFLOW_CTX_DAG_RUN_ID='manual__2024-04-07T10:18:06.246185+00:00'
[2024-04-07T10:28:19.244+0000] {taskinstance.py:2731} ERROR - Task failed with exception
Traceback (most recent call last):
  File "/home/airflow/.local/lib/python3.8/site-packages/airflow/models/taskinstance.py", line 444, in _execute_task
    result = _execute_callable(context=context, **execute_callable_kwargs)
  File "/home/airflow/.local/lib/python3.8/site-packages/airflow/models/taskinstance.py", line 414, in _execute_callable
    return execute_callable(context=context, **execute_callable_kwargs)
  File "/home/airflow/.local/lib/python3.8/site-packages/airflow/operators/python.py", line 200, in execute
    return_value = self.execute_callable()
  File "/home/airflow/.local/lib/python3.8/site-packages/airflow/operators/python.py", line 217, in execute_callable
    return self.python_callable(*self.op_args, **self.op_kwargs)
TypeError: calculate_sum() missing 1 required positional argument: 'numbers'
[2024-04-07T10:28:19.250+0000] {taskinstance.py:1149} INFO - Marking task as FAILED. dag_id=prioritas_1_no_2, task_id=calculate_sum, execution_date=20240407T101806, start_date=20240407T102819, end_date=20240407T102819
[2024-04-07T10:28:19.258+0000] {standard_task_runner.py:107} ERROR - Failed to execute job 22 for task calculate_sum (calculate_sum() missing 1 required positional argument: 'numbers'; 737)
[2024-04-07T10:28:19.281+0000] {local_task_job_runner.py:234} INFO - Task exited with return code 1
[2024-04-07T10:28:19.298+0000] {taskinstance.py:3312} INFO - 0 downstream tasks scheduled from follow-on schedule check
