[2024-04-14T14:44:17.099+0000] {processor.py:161} INFO - Started process (PID=50) to work on /opt/airflow/dags/prioritas_1_no_2_dag.py
[2024-04-14T14:44:17.101+0000] {processor.py:830} INFO - Processing file /opt/airflow/dags/prioritas_1_no_2_dag.py for tasks to queue
[2024-04-14T14:44:17.104+0000] {logging_mixin.py:188} INFO - [2024-04-14T14:44:17.103+0000] {dagbag.py:540} INFO - Filling up the DagBag from /opt/airflow/dags/prioritas_1_no_2_dag.py
[2024-04-14T14:44:17.149+0000] {processor.py:840} INFO - DAG(s) 'prioritas_1_no_2' retrieved from /opt/airflow/dags/prioritas_1_no_2_dag.py
[2024-04-14T14:44:17.208+0000] {logging_mixin.py:188} INFO - [2024-04-14T14:44:17.208+0000] {dag.py:3047} INFO - Sync 1 DAGs
[2024-04-14T14:44:17.254+0000] {logging_mixin.py:188} INFO - [2024-04-14T14:44:17.254+0000] {dag.py:3834} INFO - Setting next_dagrun for prioritas_1_no_2 to 2024-04-14 00:00:00+00:00, run_after=2024-04-15 00:00:00+00:00
[2024-04-14T14:44:17.288+0000] {processor.py:183} INFO - Processing /opt/airflow/dags/prioritas_1_no_2_dag.py took 0.194 seconds
[2024-04-14T14:44:47.798+0000] {processor.py:161} INFO - Started process (PID=122) to work on /opt/airflow/dags/prioritas_1_no_2_dag.py
[2024-04-14T14:44:47.800+0000] {processor.py:830} INFO - Processing file /opt/airflow/dags/prioritas_1_no_2_dag.py for tasks to queue
[2024-04-14T14:44:47.802+0000] {logging_mixin.py:188} INFO - [2024-04-14T14:44:47.802+0000] {dagbag.py:540} INFO - Filling up the DagBag from /opt/airflow/dags/prioritas_1_no_2_dag.py
[2024-04-14T14:44:47.828+0000] {processor.py:840} INFO - DAG(s) 'prioritas_1_no_2' retrieved from /opt/airflow/dags/prioritas_1_no_2_dag.py
[2024-04-14T14:44:47.847+0000] {logging_mixin.py:188} INFO - [2024-04-14T14:44:47.847+0000] {dag.py:3047} INFO - Sync 1 DAGs
[2024-04-14T14:44:47.865+0000] {logging_mixin.py:188} INFO - [2024-04-14T14:44:47.865+0000] {dag.py:3834} INFO - Setting next_dagrun for prioritas_1_no_2 to 2024-04-14 00:00:00+00:00, run_after=2024-04-15 00:00:00+00:00
[2024-04-14T14:44:47.884+0000] {processor.py:183} INFO - Processing /opt/airflow/dags/prioritas_1_no_2_dag.py took 0.089 seconds
[2024-04-14T14:45:18.310+0000] {processor.py:161} INFO - Started process (PID=181) to work on /opt/airflow/dags/prioritas_1_no_2_dag.py
[2024-04-14T14:45:18.311+0000] {processor.py:830} INFO - Processing file /opt/airflow/dags/prioritas_1_no_2_dag.py for tasks to queue
[2024-04-14T14:45:18.313+0000] {logging_mixin.py:188} INFO - [2024-04-14T14:45:18.312+0000] {dagbag.py:540} INFO - Filling up the DagBag from /opt/airflow/dags/prioritas_1_no_2_dag.py
[2024-04-14T14:45:18.331+0000] {processor.py:840} INFO - DAG(s) 'prioritas_1_no_2' retrieved from /opt/airflow/dags/prioritas_1_no_2_dag.py
[2024-04-14T14:45:18.355+0000] {logging_mixin.py:188} INFO - [2024-04-14T14:45:18.355+0000] {dag.py:3047} INFO - Sync 1 DAGs
[2024-04-14T14:45:18.377+0000] {logging_mixin.py:188} INFO - [2024-04-14T14:45:18.377+0000] {dag.py:3834} INFO - Setting next_dagrun for prioritas_1_no_2 to 2024-04-14 00:00:00+00:00, run_after=2024-04-15 00:00:00+00:00
[2024-04-14T14:45:18.411+0000] {processor.py:183} INFO - Processing /opt/airflow/dags/prioritas_1_no_2_dag.py took 0.105 seconds
[2024-04-14T14:45:48.582+0000] {processor.py:161} INFO - Started process (PID=240) to work on /opt/airflow/dags/prioritas_1_no_2_dag.py
[2024-04-14T14:45:48.584+0000] {processor.py:830} INFO - Processing file /opt/airflow/dags/prioritas_1_no_2_dag.py for tasks to queue
[2024-04-14T14:45:48.585+0000] {logging_mixin.py:188} INFO - [2024-04-14T14:45:48.585+0000] {dagbag.py:540} INFO - Filling up the DagBag from /opt/airflow/dags/prioritas_1_no_2_dag.py
[2024-04-14T14:45:48.612+0000] {processor.py:840} INFO - DAG(s) 'prioritas_1_no_2' retrieved from /opt/airflow/dags/prioritas_1_no_2_dag.py
[2024-04-14T14:45:48.630+0000] {logging_mixin.py:188} INFO - [2024-04-14T14:45:48.629+0000] {dag.py:3047} INFO - Sync 1 DAGs
[2024-04-14T14:45:48.650+0000] {logging_mixin.py:188} INFO - [2024-04-14T14:45:48.650+0000] {dag.py:3834} INFO - Setting next_dagrun for prioritas_1_no_2 to 2024-04-14 00:00:00+00:00, run_after=2024-04-15 00:00:00+00:00
[2024-04-14T14:45:48.668+0000] {processor.py:183} INFO - Processing /opt/airflow/dags/prioritas_1_no_2_dag.py took 0.090 seconds
[2024-04-14T14:46:18.856+0000] {processor.py:161} INFO - Started process (PID=299) to work on /opt/airflow/dags/prioritas_1_no_2_dag.py
[2024-04-14T14:46:18.858+0000] {processor.py:830} INFO - Processing file /opt/airflow/dags/prioritas_1_no_2_dag.py for tasks to queue
[2024-04-14T14:46:18.860+0000] {logging_mixin.py:188} INFO - [2024-04-14T14:46:18.860+0000] {dagbag.py:540} INFO - Filling up the DagBag from /opt/airflow/dags/prioritas_1_no_2_dag.py
[2024-04-14T14:46:18.890+0000] {processor.py:840} INFO - DAG(s) 'prioritas_1_no_2' retrieved from /opt/airflow/dags/prioritas_1_no_2_dag.py
[2024-04-14T14:46:18.916+0000] {logging_mixin.py:188} INFO - [2024-04-14T14:46:18.916+0000] {dag.py:3047} INFO - Sync 1 DAGs
[2024-04-14T14:46:18.942+0000] {logging_mixin.py:188} INFO - [2024-04-14T14:46:18.941+0000] {dag.py:3834} INFO - Setting next_dagrun for prioritas_1_no_2 to 2024-04-14 00:00:00+00:00, run_after=2024-04-15 00:00:00+00:00
[2024-04-14T14:46:18.963+0000] {processor.py:183} INFO - Processing /opt/airflow/dags/prioritas_1_no_2_dag.py took 0.110 seconds
[2024-04-14T14:46:49.076+0000] {processor.py:161} INFO - Started process (PID=358) to work on /opt/airflow/dags/prioritas_1_no_2_dag.py
[2024-04-14T14:46:49.078+0000] {processor.py:830} INFO - Processing file /opt/airflow/dags/prioritas_1_no_2_dag.py for tasks to queue
[2024-04-14T14:46:49.079+0000] {logging_mixin.py:188} INFO - [2024-04-14T14:46:49.079+0000] {dagbag.py:540} INFO - Filling up the DagBag from /opt/airflow/dags/prioritas_1_no_2_dag.py
[2024-04-14T14:46:49.096+0000] {processor.py:840} INFO - DAG(s) 'prioritas_1_no_2' retrieved from /opt/airflow/dags/prioritas_1_no_2_dag.py
[2024-04-14T14:46:49.115+0000] {logging_mixin.py:188} INFO - [2024-04-14T14:46:49.114+0000] {dag.py:3047} INFO - Sync 1 DAGs
[2024-04-14T14:46:49.132+0000] {logging_mixin.py:188} INFO - [2024-04-14T14:46:49.132+0000] {dag.py:3834} INFO - Setting next_dagrun for prioritas_1_no_2 to 2024-04-14 00:00:00+00:00, run_after=2024-04-15 00:00:00+00:00
[2024-04-14T14:46:49.152+0000] {processor.py:183} INFO - Processing /opt/airflow/dags/prioritas_1_no_2_dag.py took 0.081 seconds
[2024-04-14T14:47:19.704+0000] {processor.py:161} INFO - Started process (PID=418) to work on /opt/airflow/dags/prioritas_1_no_2_dag.py
[2024-04-14T14:47:19.706+0000] {processor.py:830} INFO - Processing file /opt/airflow/dags/prioritas_1_no_2_dag.py for tasks to queue
[2024-04-14T14:47:19.706+0000] {logging_mixin.py:188} INFO - [2024-04-14T14:47:19.706+0000] {dagbag.py:540} INFO - Filling up the DagBag from /opt/airflow/dags/prioritas_1_no_2_dag.py
[2024-04-14T14:47:19.721+0000] {processor.py:840} INFO - DAG(s) 'prioritas_1_no_2' retrieved from /opt/airflow/dags/prioritas_1_no_2_dag.py
[2024-04-14T14:47:19.740+0000] {logging_mixin.py:188} INFO - [2024-04-14T14:47:19.740+0000] {dag.py:3047} INFO - Sync 1 DAGs
[2024-04-14T14:47:19.768+0000] {logging_mixin.py:188} INFO - [2024-04-14T14:47:19.768+0000] {dag.py:3834} INFO - Setting next_dagrun for prioritas_1_no_2 to 2024-04-14 00:00:00+00:00, run_after=2024-04-15 00:00:00+00:00
[2024-04-14T14:47:19.788+0000] {processor.py:183} INFO - Processing /opt/airflow/dags/prioritas_1_no_2_dag.py took 0.086 seconds
[2024-04-14T14:47:49.992+0000] {processor.py:161} INFO - Started process (PID=477) to work on /opt/airflow/dags/prioritas_1_no_2_dag.py
[2024-04-14T14:47:49.993+0000] {processor.py:830} INFO - Processing file /opt/airflow/dags/prioritas_1_no_2_dag.py for tasks to queue
[2024-04-14T14:47:49.994+0000] {logging_mixin.py:188} INFO - [2024-04-14T14:47:49.994+0000] {dagbag.py:540} INFO - Filling up the DagBag from /opt/airflow/dags/prioritas_1_no_2_dag.py
[2024-04-14T14:47:50.008+0000] {processor.py:840} INFO - DAG(s) 'prioritas_1_no_2' retrieved from /opt/airflow/dags/prioritas_1_no_2_dag.py
[2024-04-14T14:47:50.028+0000] {logging_mixin.py:188} INFO - [2024-04-14T14:47:50.028+0000] {dag.py:3047} INFO - Sync 1 DAGs
[2024-04-14T14:47:50.052+0000] {logging_mixin.py:188} INFO - [2024-04-14T14:47:50.051+0000] {dag.py:3834} INFO - Setting next_dagrun for prioritas_1_no_2 to 2024-04-14 00:00:00+00:00, run_after=2024-04-15 00:00:00+00:00
[2024-04-14T14:47:50.073+0000] {processor.py:183} INFO - Processing /opt/airflow/dags/prioritas_1_no_2_dag.py took 0.084 seconds
[2024-04-14T14:48:20.310+0000] {processor.py:161} INFO - Started process (PID=536) to work on /opt/airflow/dags/prioritas_1_no_2_dag.py
[2024-04-14T14:48:20.312+0000] {processor.py:830} INFO - Processing file /opt/airflow/dags/prioritas_1_no_2_dag.py for tasks to queue
[2024-04-14T14:48:20.313+0000] {logging_mixin.py:188} INFO - [2024-04-14T14:48:20.313+0000] {dagbag.py:540} INFO - Filling up the DagBag from /opt/airflow/dags/prioritas_1_no_2_dag.py
[2024-04-14T14:48:20.337+0000] {processor.py:840} INFO - DAG(s) 'prioritas_1_no_2' retrieved from /opt/airflow/dags/prioritas_1_no_2_dag.py
[2024-04-14T14:48:20.357+0000] {logging_mixin.py:188} INFO - [2024-04-14T14:48:20.357+0000] {dag.py:3047} INFO - Sync 1 DAGs
[2024-04-14T14:48:20.375+0000] {logging_mixin.py:188} INFO - [2024-04-14T14:48:20.374+0000] {dag.py:3834} INFO - Setting next_dagrun for prioritas_1_no_2 to 2024-04-14 00:00:00+00:00, run_after=2024-04-15 00:00:00+00:00
[2024-04-14T14:48:20.394+0000] {processor.py:183} INFO - Processing /opt/airflow/dags/prioritas_1_no_2_dag.py took 0.087 seconds
[2024-04-14T14:48:50.727+0000] {processor.py:161} INFO - Started process (PID=595) to work on /opt/airflow/dags/prioritas_1_no_2_dag.py
[2024-04-14T14:48:50.728+0000] {processor.py:830} INFO - Processing file /opt/airflow/dags/prioritas_1_no_2_dag.py for tasks to queue
[2024-04-14T14:48:50.729+0000] {logging_mixin.py:188} INFO - [2024-04-14T14:48:50.729+0000] {dagbag.py:540} INFO - Filling up the DagBag from /opt/airflow/dags/prioritas_1_no_2_dag.py
[2024-04-14T14:48:50.773+0000] {processor.py:840} INFO - DAG(s) 'prioritas_1_no_2' retrieved from /opt/airflow/dags/prioritas_1_no_2_dag.py
[2024-04-14T14:48:50.804+0000] {logging_mixin.py:188} INFO - [2024-04-14T14:48:50.804+0000] {dag.py:3047} INFO - Sync 1 DAGs
[2024-04-14T14:48:50.826+0000] {logging_mixin.py:188} INFO - [2024-04-14T14:48:50.825+0000] {dag.py:3834} INFO - Setting next_dagrun for prioritas_1_no_2 to 2024-04-14 00:00:00+00:00, run_after=2024-04-15 00:00:00+00:00
[2024-04-14T14:48:50.841+0000] {processor.py:183} INFO - Processing /opt/airflow/dags/prioritas_1_no_2_dag.py took 0.118 seconds
[2024-04-14T14:49:21.258+0000] {processor.py:161} INFO - Started process (PID=654) to work on /opt/airflow/dags/prioritas_1_no_2_dag.py
[2024-04-14T14:49:21.260+0000] {processor.py:830} INFO - Processing file /opt/airflow/dags/prioritas_1_no_2_dag.py for tasks to queue
[2024-04-14T14:49:21.262+0000] {logging_mixin.py:188} INFO - [2024-04-14T14:49:21.262+0000] {dagbag.py:540} INFO - Filling up the DagBag from /opt/airflow/dags/prioritas_1_no_2_dag.py
[2024-04-14T14:49:21.285+0000] {processor.py:840} INFO - DAG(s) 'prioritas_1_no_2' retrieved from /opt/airflow/dags/prioritas_1_no_2_dag.py
[2024-04-14T14:49:21.308+0000] {logging_mixin.py:188} INFO - [2024-04-14T14:49:21.308+0000] {dag.py:3047} INFO - Sync 1 DAGs
[2024-04-14T14:49:21.339+0000] {logging_mixin.py:188} INFO - [2024-04-14T14:49:21.339+0000] {dag.py:3834} INFO - Setting next_dagrun for prioritas_1_no_2 to 2024-04-14 00:00:00+00:00, run_after=2024-04-15 00:00:00+00:00
[2024-04-14T14:49:21.358+0000] {processor.py:183} INFO - Processing /opt/airflow/dags/prioritas_1_no_2_dag.py took 0.105 seconds
[2024-04-14T14:49:51.565+0000] {processor.py:161} INFO - Started process (PID=713) to work on /opt/airflow/dags/prioritas_1_no_2_dag.py
[2024-04-14T14:49:51.566+0000] {processor.py:830} INFO - Processing file /opt/airflow/dags/prioritas_1_no_2_dag.py for tasks to queue
[2024-04-14T14:49:51.567+0000] {logging_mixin.py:188} INFO - [2024-04-14T14:49:51.567+0000] {dagbag.py:540} INFO - Filling up the DagBag from /opt/airflow/dags/prioritas_1_no_2_dag.py
[2024-04-14T14:49:51.586+0000] {processor.py:840} INFO - DAG(s) 'prioritas_1_no_2' retrieved from /opt/airflow/dags/prioritas_1_no_2_dag.py
[2024-04-14T14:49:51.606+0000] {logging_mixin.py:188} INFO - [2024-04-14T14:49:51.605+0000] {dag.py:3047} INFO - Sync 1 DAGs
[2024-04-14T14:49:51.627+0000] {logging_mixin.py:188} INFO - [2024-04-14T14:49:51.626+0000] {dag.py:3834} INFO - Setting next_dagrun for prioritas_1_no_2 to 2024-04-14 00:00:00+00:00, run_after=2024-04-15 00:00:00+00:00
[2024-04-14T14:49:51.648+0000] {processor.py:183} INFO - Processing /opt/airflow/dags/prioritas_1_no_2_dag.py took 0.086 seconds
[2024-04-14T14:50:22.135+0000] {processor.py:161} INFO - Started process (PID=773) to work on /opt/airflow/dags/prioritas_1_no_2_dag.py
[2024-04-14T14:50:22.145+0000] {processor.py:830} INFO - Processing file /opt/airflow/dags/prioritas_1_no_2_dag.py for tasks to queue
[2024-04-14T14:50:22.146+0000] {logging_mixin.py:188} INFO - [2024-04-14T14:50:22.146+0000] {dagbag.py:540} INFO - Filling up the DagBag from /opt/airflow/dags/prioritas_1_no_2_dag.py
[2024-04-14T14:50:22.167+0000] {processor.py:840} INFO - DAG(s) 'prioritas_1_no_2' retrieved from /opt/airflow/dags/prioritas_1_no_2_dag.py
[2024-04-14T14:50:22.193+0000] {logging_mixin.py:188} INFO - [2024-04-14T14:50:22.193+0000] {dag.py:3047} INFO - Sync 1 DAGs
[2024-04-14T14:50:22.224+0000] {logging_mixin.py:188} INFO - [2024-04-14T14:50:22.224+0000] {dag.py:3834} INFO - Setting next_dagrun for prioritas_1_no_2 to 2024-04-14 00:00:00+00:00, run_after=2024-04-15 00:00:00+00:00
[2024-04-14T14:50:22.250+0000] {processor.py:183} INFO - Processing /opt/airflow/dags/prioritas_1_no_2_dag.py took 0.120 seconds
[2024-04-14T14:50:52.398+0000] {processor.py:161} INFO - Started process (PID=832) to work on /opt/airflow/dags/prioritas_1_no_2_dag.py
[2024-04-14T14:50:52.399+0000] {processor.py:830} INFO - Processing file /opt/airflow/dags/prioritas_1_no_2_dag.py for tasks to queue
[2024-04-14T14:50:52.401+0000] {logging_mixin.py:188} INFO - [2024-04-14T14:50:52.400+0000] {dagbag.py:540} INFO - Filling up the DagBag from /opt/airflow/dags/prioritas_1_no_2_dag.py
[2024-04-14T14:50:52.424+0000] {processor.py:840} INFO - DAG(s) 'prioritas_1_no_2' retrieved from /opt/airflow/dags/prioritas_1_no_2_dag.py
[2024-04-14T14:50:52.447+0000] {logging_mixin.py:188} INFO - [2024-04-14T14:50:52.446+0000] {dag.py:3047} INFO - Sync 1 DAGs
[2024-04-14T14:50:52.466+0000] {logging_mixin.py:188} INFO - [2024-04-14T14:50:52.466+0000] {dag.py:3834} INFO - Setting next_dagrun for prioritas_1_no_2 to 2024-04-14 00:00:00+00:00, run_after=2024-04-15 00:00:00+00:00
[2024-04-14T14:50:52.485+0000] {processor.py:183} INFO - Processing /opt/airflow/dags/prioritas_1_no_2_dag.py took 0.093 seconds
[2024-04-14T14:51:22.837+0000] {processor.py:161} INFO - Started process (PID=891) to work on /opt/airflow/dags/prioritas_1_no_2_dag.py
[2024-04-14T14:51:22.838+0000] {processor.py:830} INFO - Processing file /opt/airflow/dags/prioritas_1_no_2_dag.py for tasks to queue
[2024-04-14T14:51:22.839+0000] {logging_mixin.py:188} INFO - [2024-04-14T14:51:22.839+0000] {dagbag.py:540} INFO - Filling up the DagBag from /opt/airflow/dags/prioritas_1_no_2_dag.py
[2024-04-14T14:51:22.862+0000] {processor.py:840} INFO - DAG(s) 'prioritas_1_no_2' retrieved from /opt/airflow/dags/prioritas_1_no_2_dag.py
[2024-04-14T14:51:22.882+0000] {logging_mixin.py:188} INFO - [2024-04-14T14:51:22.882+0000] {dag.py:3047} INFO - Sync 1 DAGs
[2024-04-14T14:51:22.900+0000] {logging_mixin.py:188} INFO - [2024-04-14T14:51:22.900+0000] {dag.py:3834} INFO - Setting next_dagrun for prioritas_1_no_2 to 2024-04-14 00:00:00+00:00, run_after=2024-04-15 00:00:00+00:00
[2024-04-14T14:51:22.920+0000] {processor.py:183} INFO - Processing /opt/airflow/dags/prioritas_1_no_2_dag.py took 0.087 seconds
[2024-04-14T14:51:53.254+0000] {processor.py:161} INFO - Started process (PID=951) to work on /opt/airflow/dags/prioritas_1_no_2_dag.py
[2024-04-14T14:51:53.255+0000] {processor.py:830} INFO - Processing file /opt/airflow/dags/prioritas_1_no_2_dag.py for tasks to queue
[2024-04-14T14:51:53.256+0000] {logging_mixin.py:188} INFO - [2024-04-14T14:51:53.256+0000] {dagbag.py:540} INFO - Filling up the DagBag from /opt/airflow/dags/prioritas_1_no_2_dag.py
[2024-04-14T14:51:53.271+0000] {processor.py:840} INFO - DAG(s) 'prioritas_1_no_2' retrieved from /opt/airflow/dags/prioritas_1_no_2_dag.py
[2024-04-14T14:51:53.290+0000] {logging_mixin.py:188} INFO - [2024-04-14T14:51:53.290+0000] {dag.py:3047} INFO - Sync 1 DAGs
[2024-04-14T14:51:53.307+0000] {logging_mixin.py:188} INFO - [2024-04-14T14:51:53.307+0000] {dag.py:3834} INFO - Setting next_dagrun for prioritas_1_no_2 to 2024-04-14 00:00:00+00:00, run_after=2024-04-15 00:00:00+00:00
[2024-04-14T14:51:53.329+0000] {processor.py:183} INFO - Processing /opt/airflow/dags/prioritas_1_no_2_dag.py took 0.078 seconds
[2024-04-14T14:52:23.550+0000] {processor.py:161} INFO - Started process (PID=1010) to work on /opt/airflow/dags/prioritas_1_no_2_dag.py
[2024-04-14T14:52:23.551+0000] {processor.py:830} INFO - Processing file /opt/airflow/dags/prioritas_1_no_2_dag.py for tasks to queue
[2024-04-14T14:52:23.552+0000] {logging_mixin.py:188} INFO - [2024-04-14T14:52:23.552+0000] {dagbag.py:540} INFO - Filling up the DagBag from /opt/airflow/dags/prioritas_1_no_2_dag.py
[2024-04-14T14:52:23.571+0000] {processor.py:840} INFO - DAG(s) 'prioritas_1_no_2' retrieved from /opt/airflow/dags/prioritas_1_no_2_dag.py
[2024-04-14T14:52:23.590+0000] {logging_mixin.py:188} INFO - [2024-04-14T14:52:23.590+0000] {dag.py:3047} INFO - Sync 1 DAGs
[2024-04-14T14:52:23.609+0000] {logging_mixin.py:188} INFO - [2024-04-14T14:52:23.608+0000] {dag.py:3834} INFO - Setting next_dagrun for prioritas_1_no_2 to 2024-04-14 00:00:00+00:00, run_after=2024-04-15 00:00:00+00:00
[2024-04-14T14:52:23.629+0000] {processor.py:183} INFO - Processing /opt/airflow/dags/prioritas_1_no_2_dag.py took 0.082 seconds
[2024-04-14T14:52:53.944+0000] {processor.py:161} INFO - Started process (PID=1069) to work on /opt/airflow/dags/prioritas_1_no_2_dag.py
[2024-04-14T14:52:53.947+0000] {processor.py:830} INFO - Processing file /opt/airflow/dags/prioritas_1_no_2_dag.py for tasks to queue
[2024-04-14T14:52:53.949+0000] {logging_mixin.py:188} INFO - [2024-04-14T14:52:53.948+0000] {dagbag.py:540} INFO - Filling up the DagBag from /opt/airflow/dags/prioritas_1_no_2_dag.py
[2024-04-14T14:52:53.976+0000] {processor.py:840} INFO - DAG(s) 'prioritas_1_no_2' retrieved from /opt/airflow/dags/prioritas_1_no_2_dag.py
[2024-04-14T14:52:54.024+0000] {logging_mixin.py:188} INFO - [2024-04-14T14:52:54.024+0000] {dag.py:3047} INFO - Sync 1 DAGs
[2024-04-14T14:52:54.067+0000] {logging_mixin.py:188} INFO - [2024-04-14T14:52:54.066+0000] {dag.py:3834} INFO - Setting next_dagrun for prioritas_1_no_2 to 2024-04-14 00:00:00+00:00, run_after=2024-04-15 00:00:00+00:00
[2024-04-14T14:52:54.113+0000] {processor.py:183} INFO - Processing /opt/airflow/dags/prioritas_1_no_2_dag.py took 0.174 seconds
