[2024-04-11T12:49:07.005+0000] {taskinstance.py:1979} INFO - Dependencies all met for dep_context=non-requeueable deps ti=<TaskInstance: prioritas2.write_to_txt manual__2024-04-11T12:42:57.645226+00:00 [queued]>
[2024-04-11T12:49:07.014+0000] {taskinstance.py:1979} INFO - Dependencies all met for dep_context=requeueable deps ti=<TaskInstance: prioritas2.write_to_txt manual__2024-04-11T12:42:57.645226+00:00 [queued]>
[2024-04-11T12:49:07.015+0000] {taskinstance.py:2193} INFO - Starting attempt 2 of 6
[2024-04-11T12:49:07.027+0000] {taskinstance.py:2217} INFO - Executing <Task(PythonOperator): write_to_txt> on 2024-04-11 12:42:57.645226+00:00
[2024-04-11T12:49:07.033+0000] {standard_task_runner.py:60} INFO - Started process 1168 to run task
[2024-04-11T12:49:07.036+0000] {standard_task_runner.py:87} INFO - Running: ['***', 'tasks', 'run', 'prioritas2', 'write_to_txt', 'manual__2024-04-11T12:42:57.645226+00:00', '--job-id', '109', '--raw', '--subdir', 'DAGS_FOLDER/prioritas_2_dag.py', '--cfg-path', '/tmp/tmpkamx3xb2']
[2024-04-11T12:49:07.038+0000] {standard_task_runner.py:88} INFO - Job 109: Subtask write_to_txt
[2024-04-11T12:49:07.089+0000] {task_command.py:423} INFO - Running <TaskInstance: prioritas2.write_to_txt manual__2024-04-11T12:42:57.645226+00:00 [running]> on host 37bb2da634e2
[2024-04-11T12:49:07.161+0000] {taskinstance.py:2513} INFO - Exporting env vars: AIRFLOW_CTX_DAG_OWNER='dzikri' AIRFLOW_CTX_DAG_ID='prioritas2' AIRFLOW_CTX_TASK_ID='write_to_txt' AIRFLOW_CTX_EXECUTION_DATE='2024-04-11T12:42:57.645226+00:00' AIRFLOW_CTX_TRY_NUMBER='2' AIRFLOW_CTX_DAG_RUN_ID='manual__2024-04-11T12:42:57.645226+00:00'
[2024-04-11T12:49:08.211+0000] {taskinstance.py:2731} ERROR - Task failed with exception
Traceback (most recent call last):
  File "/home/airflow/.local/lib/python3.8/site-packages/airflow/models/taskinstance.py", line 444, in _execute_task
    result = _execute_callable(context=context, **execute_callable_kwargs)
  File "/home/airflow/.local/lib/python3.8/site-packages/airflow/models/taskinstance.py", line 414, in _execute_callable
    return execute_callable(context=context, **execute_callable_kwargs)
  File "/home/airflow/.local/lib/python3.8/site-packages/airflow/operators/python.py", line 200, in execute
    return_value = self.execute_callable()
  File "/home/airflow/.local/lib/python3.8/site-packages/airflow/operators/python.py", line 217, in execute_callable
    return self.python_callable(*self.op_args, **self.op_kwargs)
  File "/opt/airflow/dags/prioritas_2_dag.py", line 20, in get_data_and_save_to_file
    with open(file_path, 'w', newline='') as file:
FileNotFoundError: [Errno 2] No such file or directory: '/data/output/products.txt'
[2024-04-11T12:49:08.223+0000] {taskinstance.py:1149} INFO - Marking task as UP_FOR_RETRY. dag_id=prioritas2, task_id=write_to_txt, execution_date=20240411T124257, start_date=20240411T124907, end_date=20240411T124908
[2024-04-11T12:49:08.238+0000] {standard_task_runner.py:107} ERROR - Failed to execute job 109 for task write_to_txt ([Errno 2] No such file or directory: '/data/output/products.txt'; 1168)
[2024-04-11T12:49:08.254+0000] {local_task_job_runner.py:234} INFO - Task exited with return code 1
[2024-04-11T12:49:08.273+0000] {taskinstance.py:3312} INFO - 0 downstream tasks scheduled from follow-on schedule check
