[2024-04-16T10:11:03.579+0000] {processor.py:161} INFO - Started process (PID=56) to work on /home/airflow/.local/lib/python3.8/site-packages/airflow/example_dags/example_sla_dag.py
[2024-04-16T10:11:03.581+0000] {processor.py:830} INFO - Processing file /home/airflow/.local/lib/python3.8/site-packages/airflow/example_dags/example_sla_dag.py for tasks to queue
[2024-04-16T10:11:03.584+0000] {logging_mixin.py:188} INFO - [2024-04-16T10:11:03.584+0000] {dagbag.py:540} INFO - Filling up the DagBag from /home/airflow/.local/lib/python3.8/site-packages/airflow/example_dags/example_sla_dag.py
[2024-04-16T10:11:03.601+0000] {processor.py:840} INFO - DAG(s) 'example_sla_dag' retrieved from /home/airflow/.local/lib/python3.8/site-packages/airflow/example_dags/example_sla_dag.py
[2024-04-16T10:11:03.637+0000] {logging_mixin.py:188} INFO - [2024-04-16T10:11:03.636+0000] {dag.py:3047} INFO - Sync 1 DAGs
[2024-04-16T10:11:03.704+0000] {logging_mixin.py:188} INFO - [2024-04-16T10:11:03.703+0000] {dag.py:3834} INFO - Setting next_dagrun for example_sla_dag to 2024-04-16 10:08:00+00:00, run_after=2024-04-16 10:10:00+00:00
[2024-04-16T10:11:03.820+0000] {processor.py:183} INFO - Processing /home/airflow/.local/lib/python3.8/site-packages/airflow/example_dags/example_sla_dag.py took 0.244 seconds
[2024-04-16T10:11:34.603+0000] {processor.py:161} INFO - Started process (PID=130) to work on /home/airflow/.local/lib/python3.8/site-packages/airflow/example_dags/example_sla_dag.py
[2024-04-16T10:11:34.605+0000] {processor.py:830} INFO - Processing file /home/airflow/.local/lib/python3.8/site-packages/airflow/example_dags/example_sla_dag.py for tasks to queue
[2024-04-16T10:11:34.607+0000] {logging_mixin.py:188} INFO - [2024-04-16T10:11:34.607+0000] {dagbag.py:540} INFO - Filling up the DagBag from /home/airflow/.local/lib/python3.8/site-packages/airflow/example_dags/example_sla_dag.py
[2024-04-16T10:11:34.616+0000] {processor.py:840} INFO - DAG(s) 'example_sla_dag' retrieved from /home/airflow/.local/lib/python3.8/site-packages/airflow/example_dags/example_sla_dag.py
[2024-04-16T10:11:34.702+0000] {logging_mixin.py:188} INFO - [2024-04-16T10:11:34.702+0000] {dag.py:3047} INFO - Sync 1 DAGs
[2024-04-16T10:11:34.723+0000] {logging_mixin.py:188} INFO - [2024-04-16T10:11:34.723+0000] {dag.py:3834} INFO - Setting next_dagrun for example_sla_dag to 2024-04-16 10:08:00+00:00, run_after=2024-04-16 10:10:00+00:00
[2024-04-16T10:11:34.742+0000] {processor.py:183} INFO - Processing /home/airflow/.local/lib/python3.8/site-packages/airflow/example_dags/example_sla_dag.py took 0.142 seconds
[2024-04-16T10:12:04.779+0000] {processor.py:161} INFO - Started process (PID=189) to work on /home/airflow/.local/lib/python3.8/site-packages/airflow/example_dags/example_sla_dag.py
[2024-04-16T10:12:04.781+0000] {processor.py:830} INFO - Processing file /home/airflow/.local/lib/python3.8/site-packages/airflow/example_dags/example_sla_dag.py for tasks to queue
[2024-04-16T10:12:04.784+0000] {logging_mixin.py:188} INFO - [2024-04-16T10:12:04.784+0000] {dagbag.py:540} INFO - Filling up the DagBag from /home/airflow/.local/lib/python3.8/site-packages/airflow/example_dags/example_sla_dag.py
[2024-04-16T10:12:04.796+0000] {processor.py:840} INFO - DAG(s) 'example_sla_dag' retrieved from /home/airflow/.local/lib/python3.8/site-packages/airflow/example_dags/example_sla_dag.py
[2024-04-16T10:12:04.840+0000] {logging_mixin.py:188} INFO - [2024-04-16T10:12:04.839+0000] {dag.py:3047} INFO - Sync 1 DAGs
[2024-04-16T10:12:04.876+0000] {logging_mixin.py:188} INFO - [2024-04-16T10:12:04.875+0000] {dag.py:3834} INFO - Setting next_dagrun for example_sla_dag to 2024-04-16 10:10:00+00:00, run_after=2024-04-16 10:12:00+00:00
[2024-04-16T10:12:04.903+0000] {processor.py:183} INFO - Processing /home/airflow/.local/lib/python3.8/site-packages/airflow/example_dags/example_sla_dag.py took 0.128 seconds
[2024-04-16T10:12:35.246+0000] {processor.py:161} INFO - Started process (PID=248) to work on /home/airflow/.local/lib/python3.8/site-packages/airflow/example_dags/example_sla_dag.py
[2024-04-16T10:12:35.247+0000] {processor.py:830} INFO - Processing file /home/airflow/.local/lib/python3.8/site-packages/airflow/example_dags/example_sla_dag.py for tasks to queue
[2024-04-16T10:12:35.250+0000] {logging_mixin.py:188} INFO - [2024-04-16T10:12:35.250+0000] {dagbag.py:540} INFO - Filling up the DagBag from /home/airflow/.local/lib/python3.8/site-packages/airflow/example_dags/example_sla_dag.py
[2024-04-16T10:12:35.258+0000] {processor.py:840} INFO - DAG(s) 'example_sla_dag' retrieved from /home/airflow/.local/lib/python3.8/site-packages/airflow/example_dags/example_sla_dag.py
[2024-04-16T10:12:35.278+0000] {logging_mixin.py:188} INFO - [2024-04-16T10:12:35.278+0000] {dag.py:3047} INFO - Sync 1 DAGs
[2024-04-16T10:12:35.303+0000] {logging_mixin.py:188} INFO - [2024-04-16T10:12:35.303+0000] {dag.py:3834} INFO - Setting next_dagrun for example_sla_dag to 2024-04-16 10:10:00+00:00, run_after=2024-04-16 10:12:00+00:00
[2024-04-16T10:12:35.325+0000] {processor.py:183} INFO - Processing /home/airflow/.local/lib/python3.8/site-packages/airflow/example_dags/example_sla_dag.py took 0.082 seconds
[2024-04-16T10:13:05.455+0000] {processor.py:161} INFO - Started process (PID=307) to work on /home/airflow/.local/lib/python3.8/site-packages/airflow/example_dags/example_sla_dag.py
[2024-04-16T10:13:05.457+0000] {processor.py:830} INFO - Processing file /home/airflow/.local/lib/python3.8/site-packages/airflow/example_dags/example_sla_dag.py for tasks to queue
[2024-04-16T10:13:05.460+0000] {logging_mixin.py:188} INFO - [2024-04-16T10:13:05.459+0000] {dagbag.py:540} INFO - Filling up the DagBag from /home/airflow/.local/lib/python3.8/site-packages/airflow/example_dags/example_sla_dag.py
[2024-04-16T10:13:05.472+0000] {processor.py:840} INFO - DAG(s) 'example_sla_dag' retrieved from /home/airflow/.local/lib/python3.8/site-packages/airflow/example_dags/example_sla_dag.py
[2024-04-16T10:13:05.496+0000] {logging_mixin.py:188} INFO - [2024-04-16T10:13:05.495+0000] {dag.py:3047} INFO - Sync 1 DAGs
[2024-04-16T10:13:05.520+0000] {logging_mixin.py:188} INFO - [2024-04-16T10:13:05.519+0000] {dag.py:3834} INFO - Setting next_dagrun for example_sla_dag to 2024-04-16 10:10:00+00:00, run_after=2024-04-16 10:12:00+00:00
[2024-04-16T10:13:05.539+0000] {processor.py:183} INFO - Processing /home/airflow/.local/lib/python3.8/site-packages/airflow/example_dags/example_sla_dag.py took 0.089 seconds
[2024-04-16T10:13:35.586+0000] {processor.py:161} INFO - Started process (PID=365) to work on /home/airflow/.local/lib/python3.8/site-packages/airflow/example_dags/example_sla_dag.py
[2024-04-16T10:13:35.587+0000] {processor.py:830} INFO - Processing file /home/airflow/.local/lib/python3.8/site-packages/airflow/example_dags/example_sla_dag.py for tasks to queue
[2024-04-16T10:13:35.589+0000] {logging_mixin.py:188} INFO - [2024-04-16T10:13:35.588+0000] {dagbag.py:540} INFO - Filling up the DagBag from /home/airflow/.local/lib/python3.8/site-packages/airflow/example_dags/example_sla_dag.py
[2024-04-16T10:13:35.595+0000] {processor.py:840} INFO - DAG(s) 'example_sla_dag' retrieved from /home/airflow/.local/lib/python3.8/site-packages/airflow/example_dags/example_sla_dag.py
[2024-04-16T10:13:35.614+0000] {logging_mixin.py:188} INFO - [2024-04-16T10:13:35.614+0000] {dag.py:3047} INFO - Sync 1 DAGs
[2024-04-16T10:13:35.640+0000] {logging_mixin.py:188} INFO - [2024-04-16T10:13:35.640+0000] {dag.py:3834} INFO - Setting next_dagrun for example_sla_dag to 2024-04-16 10:10:00+00:00, run_after=2024-04-16 10:12:00+00:00
[2024-04-16T10:13:35.657+0000] {processor.py:183} INFO - Processing /home/airflow/.local/lib/python3.8/site-packages/airflow/example_dags/example_sla_dag.py took 0.074 seconds
[2024-04-16T10:14:06.047+0000] {processor.py:161} INFO - Started process (PID=425) to work on /home/airflow/.local/lib/python3.8/site-packages/airflow/example_dags/example_sla_dag.py
[2024-04-16T10:14:06.048+0000] {processor.py:830} INFO - Processing file /home/airflow/.local/lib/python3.8/site-packages/airflow/example_dags/example_sla_dag.py for tasks to queue
[2024-04-16T10:14:06.050+0000] {logging_mixin.py:188} INFO - [2024-04-16T10:14:06.050+0000] {dagbag.py:540} INFO - Filling up the DagBag from /home/airflow/.local/lib/python3.8/site-packages/airflow/example_dags/example_sla_dag.py
[2024-04-16T10:14:06.057+0000] {processor.py:840} INFO - DAG(s) 'example_sla_dag' retrieved from /home/airflow/.local/lib/python3.8/site-packages/airflow/example_dags/example_sla_dag.py
[2024-04-16T10:14:06.074+0000] {logging_mixin.py:188} INFO - [2024-04-16T10:14:06.074+0000] {dag.py:3047} INFO - Sync 1 DAGs
[2024-04-16T10:14:06.098+0000] {logging_mixin.py:188} INFO - [2024-04-16T10:14:06.098+0000] {dag.py:3834} INFO - Setting next_dagrun for example_sla_dag to 2024-04-16 10:12:00+00:00, run_after=2024-04-16 10:14:00+00:00
[2024-04-16T10:14:06.117+0000] {processor.py:183} INFO - Processing /home/airflow/.local/lib/python3.8/site-packages/airflow/example_dags/example_sla_dag.py took 0.073 seconds
[2024-04-16T10:14:36.456+0000] {processor.py:161} INFO - Started process (PID=484) to work on /home/airflow/.local/lib/python3.8/site-packages/airflow/example_dags/example_sla_dag.py
[2024-04-16T10:14:36.458+0000] {processor.py:830} INFO - Processing file /home/airflow/.local/lib/python3.8/site-packages/airflow/example_dags/example_sla_dag.py for tasks to queue
[2024-04-16T10:14:36.460+0000] {logging_mixin.py:188} INFO - [2024-04-16T10:14:36.460+0000] {dagbag.py:540} INFO - Filling up the DagBag from /home/airflow/.local/lib/python3.8/site-packages/airflow/example_dags/example_sla_dag.py
[2024-04-16T10:14:36.472+0000] {processor.py:840} INFO - DAG(s) 'example_sla_dag' retrieved from /home/airflow/.local/lib/python3.8/site-packages/airflow/example_dags/example_sla_dag.py
[2024-04-16T10:14:36.495+0000] {logging_mixin.py:188} INFO - [2024-04-16T10:14:36.494+0000] {dag.py:3047} INFO - Sync 1 DAGs
[2024-04-16T10:14:36.521+0000] {logging_mixin.py:188} INFO - [2024-04-16T10:14:36.520+0000] {dag.py:3834} INFO - Setting next_dagrun for example_sla_dag to 2024-04-16 10:12:00+00:00, run_after=2024-04-16 10:14:00+00:00
[2024-04-16T10:14:36.572+0000] {processor.py:183} INFO - Processing /home/airflow/.local/lib/python3.8/site-packages/airflow/example_dags/example_sla_dag.py took 0.119 seconds
[2024-04-16T10:15:06.900+0000] {processor.py:161} INFO - Started process (PID=543) to work on /home/airflow/.local/lib/python3.8/site-packages/airflow/example_dags/example_sla_dag.py
[2024-04-16T10:15:06.902+0000] {processor.py:830} INFO - Processing file /home/airflow/.local/lib/python3.8/site-packages/airflow/example_dags/example_sla_dag.py for tasks to queue
[2024-04-16T10:15:06.905+0000] {logging_mixin.py:188} INFO - [2024-04-16T10:15:06.905+0000] {dagbag.py:540} INFO - Filling up the DagBag from /home/airflow/.local/lib/python3.8/site-packages/airflow/example_dags/example_sla_dag.py
[2024-04-16T10:15:06.920+0000] {processor.py:840} INFO - DAG(s) 'example_sla_dag' retrieved from /home/airflow/.local/lib/python3.8/site-packages/airflow/example_dags/example_sla_dag.py
[2024-04-16T10:15:06.951+0000] {logging_mixin.py:188} INFO - [2024-04-16T10:15:06.950+0000] {dag.py:3047} INFO - Sync 1 DAGs
[2024-04-16T10:15:06.983+0000] {logging_mixin.py:188} INFO - [2024-04-16T10:15:06.982+0000] {dag.py:3834} INFO - Setting next_dagrun for example_sla_dag to 2024-04-16 10:12:00+00:00, run_after=2024-04-16 10:14:00+00:00
[2024-04-16T10:15:07.011+0000] {processor.py:183} INFO - Processing /home/airflow/.local/lib/python3.8/site-packages/airflow/example_dags/example_sla_dag.py took 0.116 seconds
[2024-04-16T10:15:37.096+0000] {processor.py:161} INFO - Started process (PID=602) to work on /home/airflow/.local/lib/python3.8/site-packages/airflow/example_dags/example_sla_dag.py
[2024-04-16T10:15:37.098+0000] {processor.py:830} INFO - Processing file /home/airflow/.local/lib/python3.8/site-packages/airflow/example_dags/example_sla_dag.py for tasks to queue
[2024-04-16T10:15:37.100+0000] {logging_mixin.py:188} INFO - [2024-04-16T10:15:37.100+0000] {dagbag.py:540} INFO - Filling up the DagBag from /home/airflow/.local/lib/python3.8/site-packages/airflow/example_dags/example_sla_dag.py
[2024-04-16T10:15:37.109+0000] {processor.py:840} INFO - DAG(s) 'example_sla_dag' retrieved from /home/airflow/.local/lib/python3.8/site-packages/airflow/example_dags/example_sla_dag.py
[2024-04-16T10:15:37.130+0000] {logging_mixin.py:188} INFO - [2024-04-16T10:15:37.129+0000] {dag.py:3047} INFO - Sync 1 DAGs
[2024-04-16T10:15:37.159+0000] {logging_mixin.py:188} INFO - [2024-04-16T10:15:37.159+0000] {dag.py:3834} INFO - Setting next_dagrun for example_sla_dag to 2024-04-16 10:12:00+00:00, run_after=2024-04-16 10:14:00+00:00
[2024-04-16T10:15:37.187+0000] {processor.py:183} INFO - Processing /home/airflow/.local/lib/python3.8/site-packages/airflow/example_dags/example_sla_dag.py took 0.094 seconds
[2024-04-16T10:16:07.638+0000] {processor.py:161} INFO - Started process (PID=661) to work on /home/airflow/.local/lib/python3.8/site-packages/airflow/example_dags/example_sla_dag.py
[2024-04-16T10:16:07.640+0000] {processor.py:830} INFO - Processing file /home/airflow/.local/lib/python3.8/site-packages/airflow/example_dags/example_sla_dag.py for tasks to queue
[2024-04-16T10:16:07.642+0000] {logging_mixin.py:188} INFO - [2024-04-16T10:16:07.641+0000] {dagbag.py:540} INFO - Filling up the DagBag from /home/airflow/.local/lib/python3.8/site-packages/airflow/example_dags/example_sla_dag.py
[2024-04-16T10:16:07.651+0000] {processor.py:840} INFO - DAG(s) 'example_sla_dag' retrieved from /home/airflow/.local/lib/python3.8/site-packages/airflow/example_dags/example_sla_dag.py
[2024-04-16T10:16:07.671+0000] {logging_mixin.py:188} INFO - [2024-04-16T10:16:07.671+0000] {dag.py:3047} INFO - Sync 1 DAGs
[2024-04-16T10:16:07.695+0000] {logging_mixin.py:188} INFO - [2024-04-16T10:16:07.694+0000] {dag.py:3834} INFO - Setting next_dagrun for example_sla_dag to 2024-04-16 10:14:00+00:00, run_after=2024-04-16 10:16:00+00:00
[2024-04-16T10:16:07.716+0000] {processor.py:183} INFO - Processing /home/airflow/.local/lib/python3.8/site-packages/airflow/example_dags/example_sla_dag.py took 0.082 seconds
[2024-04-16T10:16:38.289+0000] {processor.py:161} INFO - Started process (PID=720) to work on /home/airflow/.local/lib/python3.8/site-packages/airflow/example_dags/example_sla_dag.py
[2024-04-16T10:16:38.291+0000] {processor.py:830} INFO - Processing file /home/airflow/.local/lib/python3.8/site-packages/airflow/example_dags/example_sla_dag.py for tasks to queue
[2024-04-16T10:16:38.293+0000] {logging_mixin.py:188} INFO - [2024-04-16T10:16:38.293+0000] {dagbag.py:540} INFO - Filling up the DagBag from /home/airflow/.local/lib/python3.8/site-packages/airflow/example_dags/example_sla_dag.py
[2024-04-16T10:16:38.301+0000] {processor.py:840} INFO - DAG(s) 'example_sla_dag' retrieved from /home/airflow/.local/lib/python3.8/site-packages/airflow/example_dags/example_sla_dag.py
[2024-04-16T10:16:38.321+0000] {logging_mixin.py:188} INFO - [2024-04-16T10:16:38.321+0000] {dag.py:3047} INFO - Sync 1 DAGs
[2024-04-16T10:16:38.348+0000] {logging_mixin.py:188} INFO - [2024-04-16T10:16:38.348+0000] {dag.py:3834} INFO - Setting next_dagrun for example_sla_dag to 2024-04-16 10:14:00+00:00, run_after=2024-04-16 10:16:00+00:00
[2024-04-16T10:16:38.370+0000] {processor.py:183} INFO - Processing /home/airflow/.local/lib/python3.8/site-packages/airflow/example_dags/example_sla_dag.py took 0.083 seconds
[2024-04-16T10:17:08.695+0000] {processor.py:161} INFO - Started process (PID=779) to work on /home/airflow/.local/lib/python3.8/site-packages/airflow/example_dags/example_sla_dag.py
[2024-04-16T10:17:08.696+0000] {processor.py:830} INFO - Processing file /home/airflow/.local/lib/python3.8/site-packages/airflow/example_dags/example_sla_dag.py for tasks to queue
[2024-04-16T10:17:08.699+0000] {logging_mixin.py:188} INFO - [2024-04-16T10:17:08.699+0000] {dagbag.py:540} INFO - Filling up the DagBag from /home/airflow/.local/lib/python3.8/site-packages/airflow/example_dags/example_sla_dag.py
[2024-04-16T10:17:08.709+0000] {processor.py:840} INFO - DAG(s) 'example_sla_dag' retrieved from /home/airflow/.local/lib/python3.8/site-packages/airflow/example_dags/example_sla_dag.py
[2024-04-16T10:17:08.737+0000] {logging_mixin.py:188} INFO - [2024-04-16T10:17:08.737+0000] {dag.py:3047} INFO - Sync 1 DAGs
[2024-04-16T10:17:08.763+0000] {logging_mixin.py:188} INFO - [2024-04-16T10:17:08.763+0000] {dag.py:3834} INFO - Setting next_dagrun for example_sla_dag to 2024-04-16 10:14:00+00:00, run_after=2024-04-16 10:16:00+00:00
[2024-04-16T10:17:08.785+0000] {processor.py:183} INFO - Processing /home/airflow/.local/lib/python3.8/site-packages/airflow/example_dags/example_sla_dag.py took 0.094 seconds
[2024-04-16T10:17:38.894+0000] {processor.py:161} INFO - Started process (PID=838) to work on /home/airflow/.local/lib/python3.8/site-packages/airflow/example_dags/example_sla_dag.py
[2024-04-16T10:17:38.896+0000] {processor.py:830} INFO - Processing file /home/airflow/.local/lib/python3.8/site-packages/airflow/example_dags/example_sla_dag.py for tasks to queue
[2024-04-16T10:17:38.898+0000] {logging_mixin.py:188} INFO - [2024-04-16T10:17:38.897+0000] {dagbag.py:540} INFO - Filling up the DagBag from /home/airflow/.local/lib/python3.8/site-packages/airflow/example_dags/example_sla_dag.py
[2024-04-16T10:17:38.906+0000] {processor.py:840} INFO - DAG(s) 'example_sla_dag' retrieved from /home/airflow/.local/lib/python3.8/site-packages/airflow/example_dags/example_sla_dag.py
[2024-04-16T10:17:38.924+0000] {logging_mixin.py:188} INFO - [2024-04-16T10:17:38.923+0000] {dag.py:3047} INFO - Sync 1 DAGs
[2024-04-16T10:17:38.946+0000] {logging_mixin.py:188} INFO - [2024-04-16T10:17:38.946+0000] {dag.py:3834} INFO - Setting next_dagrun for example_sla_dag to 2024-04-16 10:14:00+00:00, run_after=2024-04-16 10:16:00+00:00
[2024-04-16T10:17:38.965+0000] {processor.py:183} INFO - Processing /home/airflow/.local/lib/python3.8/site-packages/airflow/example_dags/example_sla_dag.py took 0.073 seconds
[2024-04-16T10:18:09.120+0000] {processor.py:161} INFO - Started process (PID=897) to work on /home/airflow/.local/lib/python3.8/site-packages/airflow/example_dags/example_sla_dag.py
[2024-04-16T10:18:09.121+0000] {processor.py:830} INFO - Processing file /home/airflow/.local/lib/python3.8/site-packages/airflow/example_dags/example_sla_dag.py for tasks to queue
[2024-04-16T10:18:09.123+0000] {logging_mixin.py:188} INFO - [2024-04-16T10:18:09.123+0000] {dagbag.py:540} INFO - Filling up the DagBag from /home/airflow/.local/lib/python3.8/site-packages/airflow/example_dags/example_sla_dag.py
[2024-04-16T10:18:09.130+0000] {processor.py:840} INFO - DAG(s) 'example_sla_dag' retrieved from /home/airflow/.local/lib/python3.8/site-packages/airflow/example_dags/example_sla_dag.py
[2024-04-16T10:18:09.147+0000] {logging_mixin.py:188} INFO - [2024-04-16T10:18:09.147+0000] {dag.py:3047} INFO - Sync 1 DAGs
[2024-04-16T10:18:09.170+0000] {logging_mixin.py:188} INFO - [2024-04-16T10:18:09.170+0000] {dag.py:3834} INFO - Setting next_dagrun for example_sla_dag to 2024-04-16 10:16:00+00:00, run_after=2024-04-16 10:18:00+00:00
[2024-04-16T10:18:09.190+0000] {processor.py:183} INFO - Processing /home/airflow/.local/lib/python3.8/site-packages/airflow/example_dags/example_sla_dag.py took 0.073 seconds
[2024-04-16T10:18:39.352+0000] {processor.py:161} INFO - Started process (PID=956) to work on /home/airflow/.local/lib/python3.8/site-packages/airflow/example_dags/example_sla_dag.py
[2024-04-16T10:18:39.353+0000] {processor.py:830} INFO - Processing file /home/airflow/.local/lib/python3.8/site-packages/airflow/example_dags/example_sla_dag.py for tasks to queue
[2024-04-16T10:18:39.355+0000] {logging_mixin.py:188} INFO - [2024-04-16T10:18:39.355+0000] {dagbag.py:540} INFO - Filling up the DagBag from /home/airflow/.local/lib/python3.8/site-packages/airflow/example_dags/example_sla_dag.py
[2024-04-16T10:18:39.364+0000] {processor.py:840} INFO - DAG(s) 'example_sla_dag' retrieved from /home/airflow/.local/lib/python3.8/site-packages/airflow/example_dags/example_sla_dag.py
[2024-04-16T10:18:39.382+0000] {logging_mixin.py:188} INFO - [2024-04-16T10:18:39.381+0000] {dag.py:3047} INFO - Sync 1 DAGs
[2024-04-16T10:18:39.406+0000] {logging_mixin.py:188} INFO - [2024-04-16T10:18:39.406+0000] {dag.py:3834} INFO - Setting next_dagrun for example_sla_dag to 2024-04-16 10:16:00+00:00, run_after=2024-04-16 10:18:00+00:00
[2024-04-16T10:18:39.427+0000] {processor.py:183} INFO - Processing /home/airflow/.local/lib/python3.8/site-packages/airflow/example_dags/example_sla_dag.py took 0.078 seconds
[2024-04-16T10:19:09.756+0000] {processor.py:161} INFO - Started process (PID=1015) to work on /home/airflow/.local/lib/python3.8/site-packages/airflow/example_dags/example_sla_dag.py
[2024-04-16T10:19:09.757+0000] {processor.py:830} INFO - Processing file /home/airflow/.local/lib/python3.8/site-packages/airflow/example_dags/example_sla_dag.py for tasks to queue
[2024-04-16T10:19:09.759+0000] {logging_mixin.py:188} INFO - [2024-04-16T10:19:09.759+0000] {dagbag.py:540} INFO - Filling up the DagBag from /home/airflow/.local/lib/python3.8/site-packages/airflow/example_dags/example_sla_dag.py
[2024-04-16T10:19:09.768+0000] {processor.py:840} INFO - DAG(s) 'example_sla_dag' retrieved from /home/airflow/.local/lib/python3.8/site-packages/airflow/example_dags/example_sla_dag.py
[2024-04-16T10:19:09.786+0000] {logging_mixin.py:188} INFO - [2024-04-16T10:19:09.786+0000] {dag.py:3047} INFO - Sync 1 DAGs
[2024-04-16T10:19:09.808+0000] {logging_mixin.py:188} INFO - [2024-04-16T10:19:09.808+0000] {dag.py:3834} INFO - Setting next_dagrun for example_sla_dag to 2024-04-16 10:16:00+00:00, run_after=2024-04-16 10:18:00+00:00
[2024-04-16T10:19:09.827+0000] {processor.py:183} INFO - Processing /home/airflow/.local/lib/python3.8/site-packages/airflow/example_dags/example_sla_dag.py took 0.074 seconds
[2024-04-16T10:19:39.980+0000] {processor.py:161} INFO - Started process (PID=1074) to work on /home/airflow/.local/lib/python3.8/site-packages/airflow/example_dags/example_sla_dag.py
[2024-04-16T10:19:39.981+0000] {processor.py:830} INFO - Processing file /home/airflow/.local/lib/python3.8/site-packages/airflow/example_dags/example_sla_dag.py for tasks to queue
[2024-04-16T10:19:39.983+0000] {logging_mixin.py:188} INFO - [2024-04-16T10:19:39.983+0000] {dagbag.py:540} INFO - Filling up the DagBag from /home/airflow/.local/lib/python3.8/site-packages/airflow/example_dags/example_sla_dag.py
[2024-04-16T10:19:39.991+0000] {processor.py:840} INFO - DAG(s) 'example_sla_dag' retrieved from /home/airflow/.local/lib/python3.8/site-packages/airflow/example_dags/example_sla_dag.py
[2024-04-16T10:19:40.008+0000] {logging_mixin.py:188} INFO - [2024-04-16T10:19:40.008+0000] {dag.py:3047} INFO - Sync 1 DAGs
[2024-04-16T10:19:40.029+0000] {logging_mixin.py:188} INFO - [2024-04-16T10:19:40.029+0000] {dag.py:3834} INFO - Setting next_dagrun for example_sla_dag to 2024-04-16 10:16:00+00:00, run_after=2024-04-16 10:18:00+00:00
[2024-04-16T10:19:40.047+0000] {processor.py:183} INFO - Processing /home/airflow/.local/lib/python3.8/site-packages/airflow/example_dags/example_sla_dag.py took 0.070 seconds
[2024-04-16T10:20:10.332+0000] {processor.py:161} INFO - Started process (PID=1133) to work on /home/airflow/.local/lib/python3.8/site-packages/airflow/example_dags/example_sla_dag.py
[2024-04-16T10:20:10.333+0000] {processor.py:830} INFO - Processing file /home/airflow/.local/lib/python3.8/site-packages/airflow/example_dags/example_sla_dag.py for tasks to queue
[2024-04-16T10:20:10.335+0000] {logging_mixin.py:188} INFO - [2024-04-16T10:20:10.335+0000] {dagbag.py:540} INFO - Filling up the DagBag from /home/airflow/.local/lib/python3.8/site-packages/airflow/example_dags/example_sla_dag.py
[2024-04-16T10:20:10.344+0000] {processor.py:840} INFO - DAG(s) 'example_sla_dag' retrieved from /home/airflow/.local/lib/python3.8/site-packages/airflow/example_dags/example_sla_dag.py
[2024-04-16T10:20:10.364+0000] {logging_mixin.py:188} INFO - [2024-04-16T10:20:10.364+0000] {dag.py:3047} INFO - Sync 1 DAGs
[2024-04-16T10:20:10.388+0000] {logging_mixin.py:188} INFO - [2024-04-16T10:20:10.387+0000] {dag.py:3834} INFO - Setting next_dagrun for example_sla_dag to 2024-04-16 10:18:00+00:00, run_after=2024-04-16 10:20:00+00:00
[2024-04-16T10:20:10.410+0000] {processor.py:183} INFO - Processing /home/airflow/.local/lib/python3.8/site-packages/airflow/example_dags/example_sla_dag.py took 0.081 seconds
[2024-04-16T10:20:40.482+0000] {processor.py:161} INFO - Started process (PID=1192) to work on /home/airflow/.local/lib/python3.8/site-packages/airflow/example_dags/example_sla_dag.py
[2024-04-16T10:20:40.484+0000] {processor.py:830} INFO - Processing file /home/airflow/.local/lib/python3.8/site-packages/airflow/example_dags/example_sla_dag.py for tasks to queue
[2024-04-16T10:20:40.486+0000] {logging_mixin.py:188} INFO - [2024-04-16T10:20:40.486+0000] {dagbag.py:540} INFO - Filling up the DagBag from /home/airflow/.local/lib/python3.8/site-packages/airflow/example_dags/example_sla_dag.py
[2024-04-16T10:20:40.495+0000] {processor.py:840} INFO - DAG(s) 'example_sla_dag' retrieved from /home/airflow/.local/lib/python3.8/site-packages/airflow/example_dags/example_sla_dag.py
[2024-04-16T10:20:40.514+0000] {logging_mixin.py:188} INFO - [2024-04-16T10:20:40.513+0000] {dag.py:3047} INFO - Sync 1 DAGs
[2024-04-16T10:20:40.540+0000] {logging_mixin.py:188} INFO - [2024-04-16T10:20:40.539+0000] {dag.py:3834} INFO - Setting next_dagrun for example_sla_dag to 2024-04-16 10:18:00+00:00, run_after=2024-04-16 10:20:00+00:00
[2024-04-16T10:20:40.558+0000] {processor.py:183} INFO - Processing /home/airflow/.local/lib/python3.8/site-packages/airflow/example_dags/example_sla_dag.py took 0.079 seconds
[2024-04-16T10:21:11.092+0000] {processor.py:161} INFO - Started process (PID=1251) to work on /home/airflow/.local/lib/python3.8/site-packages/airflow/example_dags/example_sla_dag.py
[2024-04-16T10:21:11.094+0000] {processor.py:830} INFO - Processing file /home/airflow/.local/lib/python3.8/site-packages/airflow/example_dags/example_sla_dag.py for tasks to queue
[2024-04-16T10:21:11.096+0000] {logging_mixin.py:188} INFO - [2024-04-16T10:21:11.096+0000] {dagbag.py:540} INFO - Filling up the DagBag from /home/airflow/.local/lib/python3.8/site-packages/airflow/example_dags/example_sla_dag.py
[2024-04-16T10:21:11.106+0000] {processor.py:840} INFO - DAG(s) 'example_sla_dag' retrieved from /home/airflow/.local/lib/python3.8/site-packages/airflow/example_dags/example_sla_dag.py
[2024-04-16T10:21:11.128+0000] {logging_mixin.py:188} INFO - [2024-04-16T10:21:11.127+0000] {dag.py:3047} INFO - Sync 1 DAGs
[2024-04-16T10:21:11.151+0000] {logging_mixin.py:188} INFO - [2024-04-16T10:21:11.151+0000] {dag.py:3834} INFO - Setting next_dagrun for example_sla_dag to 2024-04-16 10:18:00+00:00, run_after=2024-04-16 10:20:00+00:00
[2024-04-16T10:21:11.171+0000] {processor.py:183} INFO - Processing /home/airflow/.local/lib/python3.8/site-packages/airflow/example_dags/example_sla_dag.py took 0.083 seconds
[2024-04-16T10:21:41.512+0000] {processor.py:161} INFO - Started process (PID=1310) to work on /home/airflow/.local/lib/python3.8/site-packages/airflow/example_dags/example_sla_dag.py
[2024-04-16T10:21:41.514+0000] {processor.py:830} INFO - Processing file /home/airflow/.local/lib/python3.8/site-packages/airflow/example_dags/example_sla_dag.py for tasks to queue
[2024-04-16T10:21:41.516+0000] {logging_mixin.py:188} INFO - [2024-04-16T10:21:41.516+0000] {dagbag.py:540} INFO - Filling up the DagBag from /home/airflow/.local/lib/python3.8/site-packages/airflow/example_dags/example_sla_dag.py
[2024-04-16T10:21:41.526+0000] {processor.py:840} INFO - DAG(s) 'example_sla_dag' retrieved from /home/airflow/.local/lib/python3.8/site-packages/airflow/example_dags/example_sla_dag.py
[2024-04-16T10:21:41.555+0000] {logging_mixin.py:188} INFO - [2024-04-16T10:21:41.555+0000] {dag.py:3047} INFO - Sync 1 DAGs
[2024-04-16T10:21:41.579+0000] {logging_mixin.py:188} INFO - [2024-04-16T10:21:41.578+0000] {dag.py:3834} INFO - Setting next_dagrun for example_sla_dag to 2024-04-16 10:18:00+00:00, run_after=2024-04-16 10:20:00+00:00
[2024-04-16T10:21:41.603+0000] {processor.py:183} INFO - Processing /home/airflow/.local/lib/python3.8/site-packages/airflow/example_dags/example_sla_dag.py took 0.096 seconds
[2024-04-16T10:22:11.667+0000] {processor.py:161} INFO - Started process (PID=1369) to work on /home/airflow/.local/lib/python3.8/site-packages/airflow/example_dags/example_sla_dag.py
[2024-04-16T10:22:11.668+0000] {processor.py:830} INFO - Processing file /home/airflow/.local/lib/python3.8/site-packages/airflow/example_dags/example_sla_dag.py for tasks to queue
[2024-04-16T10:22:11.670+0000] {logging_mixin.py:188} INFO - [2024-04-16T10:22:11.670+0000] {dagbag.py:540} INFO - Filling up the DagBag from /home/airflow/.local/lib/python3.8/site-packages/airflow/example_dags/example_sla_dag.py
[2024-04-16T10:22:11.677+0000] {processor.py:840} INFO - DAG(s) 'example_sla_dag' retrieved from /home/airflow/.local/lib/python3.8/site-packages/airflow/example_dags/example_sla_dag.py
[2024-04-16T10:22:11.697+0000] {logging_mixin.py:188} INFO - [2024-04-16T10:22:11.697+0000] {dag.py:3047} INFO - Sync 1 DAGs
[2024-04-16T10:22:11.726+0000] {logging_mixin.py:188} INFO - [2024-04-16T10:22:11.725+0000] {dag.py:3834} INFO - Setting next_dagrun for example_sla_dag to 2024-04-16 10:20:00+00:00, run_after=2024-04-16 10:22:00+00:00
[2024-04-16T10:22:11.751+0000] {processor.py:183} INFO - Processing /home/airflow/.local/lib/python3.8/site-packages/airflow/example_dags/example_sla_dag.py took 0.087 seconds
[2024-04-16T10:22:42.248+0000] {processor.py:161} INFO - Started process (PID=1428) to work on /home/airflow/.local/lib/python3.8/site-packages/airflow/example_dags/example_sla_dag.py
[2024-04-16T10:22:42.250+0000] {processor.py:830} INFO - Processing file /home/airflow/.local/lib/python3.8/site-packages/airflow/example_dags/example_sla_dag.py for tasks to queue
[2024-04-16T10:22:42.252+0000] {logging_mixin.py:188} INFO - [2024-04-16T10:22:42.251+0000] {dagbag.py:540} INFO - Filling up the DagBag from /home/airflow/.local/lib/python3.8/site-packages/airflow/example_dags/example_sla_dag.py
[2024-04-16T10:22:42.261+0000] {processor.py:840} INFO - DAG(s) 'example_sla_dag' retrieved from /home/airflow/.local/lib/python3.8/site-packages/airflow/example_dags/example_sla_dag.py
[2024-04-16T10:22:42.280+0000] {logging_mixin.py:188} INFO - [2024-04-16T10:22:42.280+0000] {dag.py:3047} INFO - Sync 1 DAGs
[2024-04-16T10:22:42.306+0000] {logging_mixin.py:188} INFO - [2024-04-16T10:22:42.306+0000] {dag.py:3834} INFO - Setting next_dagrun for example_sla_dag to 2024-04-16 10:20:00+00:00, run_after=2024-04-16 10:22:00+00:00
[2024-04-16T10:22:42.327+0000] {processor.py:183} INFO - Processing /home/airflow/.local/lib/python3.8/site-packages/airflow/example_dags/example_sla_dag.py took 0.082 seconds
[2024-04-16T10:23:12.967+0000] {processor.py:161} INFO - Started process (PID=1487) to work on /home/airflow/.local/lib/python3.8/site-packages/airflow/example_dags/example_sla_dag.py
[2024-04-16T10:23:12.969+0000] {processor.py:830} INFO - Processing file /home/airflow/.local/lib/python3.8/site-packages/airflow/example_dags/example_sla_dag.py for tasks to queue
[2024-04-16T10:23:12.971+0000] {logging_mixin.py:188} INFO - [2024-04-16T10:23:12.971+0000] {dagbag.py:540} INFO - Filling up the DagBag from /home/airflow/.local/lib/python3.8/site-packages/airflow/example_dags/example_sla_dag.py
[2024-04-16T10:23:12.982+0000] {processor.py:840} INFO - DAG(s) 'example_sla_dag' retrieved from /home/airflow/.local/lib/python3.8/site-packages/airflow/example_dags/example_sla_dag.py
[2024-04-16T10:23:13.006+0000] {logging_mixin.py:188} INFO - [2024-04-16T10:23:13.005+0000] {dag.py:3047} INFO - Sync 1 DAGs
[2024-04-16T10:23:13.030+0000] {logging_mixin.py:188} INFO - [2024-04-16T10:23:13.030+0000] {dag.py:3834} INFO - Setting next_dagrun for example_sla_dag to 2024-04-16 10:20:00+00:00, run_after=2024-04-16 10:22:00+00:00
[2024-04-16T10:23:13.053+0000] {processor.py:183} INFO - Processing /home/airflow/.local/lib/python3.8/site-packages/airflow/example_dags/example_sla_dag.py took 0.090 seconds
