[2024-04-16T10:11:06.579+0000] {processor.py:161} INFO - Started process (PID=71) to work on /home/airflow/.local/lib/python3.8/site-packages/airflow/example_dags/example_sensors.py
[2024-04-16T10:11:06.581+0000] {processor.py:830} INFO - Processing file /home/airflow/.local/lib/python3.8/site-packages/airflow/example_dags/example_sensors.py for tasks to queue
[2024-04-16T10:11:06.586+0000] {logging_mixin.py:188} INFO - [2024-04-16T10:11:06.586+0000] {dagbag.py:540} INFO - Filling up the DagBag from /home/airflow/.local/lib/python3.8/site-packages/airflow/example_dags/example_sensors.py
[2024-04-16T10:11:06.620+0000] {processor.py:840} INFO - DAG(s) 'example_sensors' retrieved from /home/airflow/.local/lib/python3.8/site-packages/airflow/example_dags/example_sensors.py
[2024-04-16T10:11:06.715+0000] {logging_mixin.py:188} INFO - [2024-04-16T10:11:06.715+0000] {dag.py:3047} INFO - Sync 1 DAGs
[2024-04-16T10:11:06.744+0000] {logging_mixin.py:188} INFO - [2024-04-16T10:11:06.743+0000] {dag.py:3834} INFO - Setting next_dagrun for example_sensors to None, run_after=None
[2024-04-16T10:11:06.796+0000] {processor.py:183} INFO - Processing /home/airflow/.local/lib/python3.8/site-packages/airflow/example_dags/example_sensors.py took 0.236 seconds
[2024-04-16T10:11:37.236+0000] {processor.py:161} INFO - Started process (PID=145) to work on /home/airflow/.local/lib/python3.8/site-packages/airflow/example_dags/example_sensors.py
[2024-04-16T10:11:37.237+0000] {processor.py:830} INFO - Processing file /home/airflow/.local/lib/python3.8/site-packages/airflow/example_dags/example_sensors.py for tasks to queue
[2024-04-16T10:11:37.239+0000] {logging_mixin.py:188} INFO - [2024-04-16T10:11:37.239+0000] {dagbag.py:540} INFO - Filling up the DagBag from /home/airflow/.local/lib/python3.8/site-packages/airflow/example_dags/example_sensors.py
[2024-04-16T10:11:37.247+0000] {processor.py:840} INFO - DAG(s) 'example_sensors' retrieved from /home/airflow/.local/lib/python3.8/site-packages/airflow/example_dags/example_sensors.py
[2024-04-16T10:11:37.334+0000] {logging_mixin.py:188} INFO - [2024-04-16T10:11:37.333+0000] {dag.py:3047} INFO - Sync 1 DAGs
[2024-04-16T10:11:37.345+0000] {logging_mixin.py:188} INFO - [2024-04-16T10:11:37.344+0000] {dag.py:3834} INFO - Setting next_dagrun for example_sensors to None, run_after=None
[2024-04-16T10:11:37.365+0000] {processor.py:183} INFO - Processing /home/airflow/.local/lib/python3.8/site-packages/airflow/example_dags/example_sensors.py took 0.131 seconds
[2024-04-16T10:12:07.423+0000] {processor.py:161} INFO - Started process (PID=204) to work on /home/airflow/.local/lib/python3.8/site-packages/airflow/example_dags/example_sensors.py
[2024-04-16T10:12:07.424+0000] {processor.py:830} INFO - Processing file /home/airflow/.local/lib/python3.8/site-packages/airflow/example_dags/example_sensors.py for tasks to queue
[2024-04-16T10:12:07.426+0000] {logging_mixin.py:188} INFO - [2024-04-16T10:12:07.426+0000] {dagbag.py:540} INFO - Filling up the DagBag from /home/airflow/.local/lib/python3.8/site-packages/airflow/example_dags/example_sensors.py
[2024-04-16T10:12:07.435+0000] {processor.py:840} INFO - DAG(s) 'example_sensors' retrieved from /home/airflow/.local/lib/python3.8/site-packages/airflow/example_dags/example_sensors.py
[2024-04-16T10:12:07.457+0000] {logging_mixin.py:188} INFO - [2024-04-16T10:12:07.457+0000] {dag.py:3047} INFO - Sync 1 DAGs
[2024-04-16T10:12:07.469+0000] {logging_mixin.py:188} INFO - [2024-04-16T10:12:07.469+0000] {dag.py:3834} INFO - Setting next_dagrun for example_sensors to None, run_after=None
[2024-04-16T10:12:07.490+0000] {processor.py:183} INFO - Processing /home/airflow/.local/lib/python3.8/site-packages/airflow/example_dags/example_sensors.py took 0.070 seconds
[2024-04-16T10:12:38.106+0000] {processor.py:161} INFO - Started process (PID=263) to work on /home/airflow/.local/lib/python3.8/site-packages/airflow/example_dags/example_sensors.py
[2024-04-16T10:12:38.107+0000] {processor.py:830} INFO - Processing file /home/airflow/.local/lib/python3.8/site-packages/airflow/example_dags/example_sensors.py for tasks to queue
[2024-04-16T10:12:38.109+0000] {logging_mixin.py:188} INFO - [2024-04-16T10:12:38.109+0000] {dagbag.py:540} INFO - Filling up the DagBag from /home/airflow/.local/lib/python3.8/site-packages/airflow/example_dags/example_sensors.py
[2024-04-16T10:12:38.118+0000] {processor.py:840} INFO - DAG(s) 'example_sensors' retrieved from /home/airflow/.local/lib/python3.8/site-packages/airflow/example_dags/example_sensors.py
[2024-04-16T10:12:38.145+0000] {logging_mixin.py:188} INFO - [2024-04-16T10:12:38.145+0000] {dag.py:3047} INFO - Sync 1 DAGs
[2024-04-16T10:12:38.159+0000] {logging_mixin.py:188} INFO - [2024-04-16T10:12:38.159+0000] {dag.py:3834} INFO - Setting next_dagrun for example_sensors to None, run_after=None
[2024-04-16T10:12:38.184+0000] {processor.py:183} INFO - Processing /home/airflow/.local/lib/python3.8/site-packages/airflow/example_dags/example_sensors.py took 0.081 seconds
[2024-04-16T10:13:08.256+0000] {processor.py:161} INFO - Started process (PID=322) to work on /home/airflow/.local/lib/python3.8/site-packages/airflow/example_dags/example_sensors.py
[2024-04-16T10:13:08.257+0000] {processor.py:830} INFO - Processing file /home/airflow/.local/lib/python3.8/site-packages/airflow/example_dags/example_sensors.py for tasks to queue
[2024-04-16T10:13:08.260+0000] {logging_mixin.py:188} INFO - [2024-04-16T10:13:08.259+0000] {dagbag.py:540} INFO - Filling up the DagBag from /home/airflow/.local/lib/python3.8/site-packages/airflow/example_dags/example_sensors.py
[2024-04-16T10:13:08.269+0000] {processor.py:840} INFO - DAG(s) 'example_sensors' retrieved from /home/airflow/.local/lib/python3.8/site-packages/airflow/example_dags/example_sensors.py
[2024-04-16T10:13:08.292+0000] {logging_mixin.py:188} INFO - [2024-04-16T10:13:08.292+0000] {dag.py:3047} INFO - Sync 1 DAGs
[2024-04-16T10:13:08.302+0000] {logging_mixin.py:188} INFO - [2024-04-16T10:13:08.302+0000] {dag.py:3834} INFO - Setting next_dagrun for example_sensors to None, run_after=None
[2024-04-16T10:13:08.317+0000] {processor.py:183} INFO - Processing /home/airflow/.local/lib/python3.8/site-packages/airflow/example_dags/example_sensors.py took 0.064 seconds
[2024-04-16T10:13:38.372+0000] {processor.py:161} INFO - Started process (PID=381) to work on /home/airflow/.local/lib/python3.8/site-packages/airflow/example_dags/example_sensors.py
[2024-04-16T10:13:38.373+0000] {processor.py:830} INFO - Processing file /home/airflow/.local/lib/python3.8/site-packages/airflow/example_dags/example_sensors.py for tasks to queue
[2024-04-16T10:13:38.375+0000] {logging_mixin.py:188} INFO - [2024-04-16T10:13:38.375+0000] {dagbag.py:540} INFO - Filling up the DagBag from /home/airflow/.local/lib/python3.8/site-packages/airflow/example_dags/example_sensors.py
[2024-04-16T10:13:38.384+0000] {processor.py:840} INFO - DAG(s) 'example_sensors' retrieved from /home/airflow/.local/lib/python3.8/site-packages/airflow/example_dags/example_sensors.py
[2024-04-16T10:13:38.406+0000] {logging_mixin.py:188} INFO - [2024-04-16T10:13:38.406+0000] {dag.py:3047} INFO - Sync 1 DAGs
[2024-04-16T10:13:38.416+0000] {logging_mixin.py:188} INFO - [2024-04-16T10:13:38.416+0000] {dag.py:3834} INFO - Setting next_dagrun for example_sensors to None, run_after=None
[2024-04-16T10:13:38.430+0000] {processor.py:183} INFO - Processing /home/airflow/.local/lib/python3.8/site-packages/airflow/example_dags/example_sensors.py took 0.062 seconds
[2024-04-16T10:14:08.775+0000] {processor.py:161} INFO - Started process (PID=440) to work on /home/airflow/.local/lib/python3.8/site-packages/airflow/example_dags/example_sensors.py
[2024-04-16T10:14:08.776+0000] {processor.py:830} INFO - Processing file /home/airflow/.local/lib/python3.8/site-packages/airflow/example_dags/example_sensors.py for tasks to queue
[2024-04-16T10:14:08.779+0000] {logging_mixin.py:188} INFO - [2024-04-16T10:14:08.779+0000] {dagbag.py:540} INFO - Filling up the DagBag from /home/airflow/.local/lib/python3.8/site-packages/airflow/example_dags/example_sensors.py
[2024-04-16T10:14:08.794+0000] {processor.py:840} INFO - DAG(s) 'example_sensors' retrieved from /home/airflow/.local/lib/python3.8/site-packages/airflow/example_dags/example_sensors.py
[2024-04-16T10:14:08.823+0000] {logging_mixin.py:188} INFO - [2024-04-16T10:14:08.823+0000] {dag.py:3047} INFO - Sync 1 DAGs
[2024-04-16T10:14:08.838+0000] {logging_mixin.py:188} INFO - [2024-04-16T10:14:08.838+0000] {dag.py:3834} INFO - Setting next_dagrun for example_sensors to None, run_after=None
[2024-04-16T10:14:08.859+0000] {processor.py:183} INFO - Processing /home/airflow/.local/lib/python3.8/site-packages/airflow/example_dags/example_sensors.py took 0.087 seconds
[2024-04-16T10:14:39.625+0000] {processor.py:161} INFO - Started process (PID=499) to work on /home/airflow/.local/lib/python3.8/site-packages/airflow/example_dags/example_sensors.py
[2024-04-16T10:14:39.626+0000] {processor.py:830} INFO - Processing file /home/airflow/.local/lib/python3.8/site-packages/airflow/example_dags/example_sensors.py for tasks to queue
[2024-04-16T10:14:39.628+0000] {logging_mixin.py:188} INFO - [2024-04-16T10:14:39.628+0000] {dagbag.py:540} INFO - Filling up the DagBag from /home/airflow/.local/lib/python3.8/site-packages/airflow/example_dags/example_sensors.py
[2024-04-16T10:14:39.637+0000] {processor.py:840} INFO - DAG(s) 'example_sensors' retrieved from /home/airflow/.local/lib/python3.8/site-packages/airflow/example_dags/example_sensors.py
[2024-04-16T10:14:39.661+0000] {logging_mixin.py:188} INFO - [2024-04-16T10:14:39.660+0000] {dag.py:3047} INFO - Sync 1 DAGs
[2024-04-16T10:14:39.673+0000] {logging_mixin.py:188} INFO - [2024-04-16T10:14:39.673+0000] {dag.py:3834} INFO - Setting next_dagrun for example_sensors to None, run_after=None
[2024-04-16T10:14:39.691+0000] {processor.py:183} INFO - Processing /home/airflow/.local/lib/python3.8/site-packages/airflow/example_dags/example_sensors.py took 0.070 seconds
[2024-04-16T10:15:10.079+0000] {processor.py:161} INFO - Started process (PID=558) to work on /home/airflow/.local/lib/python3.8/site-packages/airflow/example_dags/example_sensors.py
[2024-04-16T10:15:10.080+0000] {processor.py:830} INFO - Processing file /home/airflow/.local/lib/python3.8/site-packages/airflow/example_dags/example_sensors.py for tasks to queue
[2024-04-16T10:15:10.083+0000] {logging_mixin.py:188} INFO - [2024-04-16T10:15:10.083+0000] {dagbag.py:540} INFO - Filling up the DagBag from /home/airflow/.local/lib/python3.8/site-packages/airflow/example_dags/example_sensors.py
[2024-04-16T10:15:10.094+0000] {processor.py:840} INFO - DAG(s) 'example_sensors' retrieved from /home/airflow/.local/lib/python3.8/site-packages/airflow/example_dags/example_sensors.py
[2024-04-16T10:15:10.123+0000] {logging_mixin.py:188} INFO - [2024-04-16T10:15:10.123+0000] {dag.py:3047} INFO - Sync 1 DAGs
[2024-04-16T10:15:10.136+0000] {logging_mixin.py:188} INFO - [2024-04-16T10:15:10.135+0000] {dag.py:3834} INFO - Setting next_dagrun for example_sensors to None, run_after=None
[2024-04-16T10:15:10.155+0000] {processor.py:183} INFO - Processing /home/airflow/.local/lib/python3.8/site-packages/airflow/example_dags/example_sensors.py took 0.080 seconds
[2024-04-16T10:15:40.294+0000] {processor.py:161} INFO - Started process (PID=617) to work on /home/airflow/.local/lib/python3.8/site-packages/airflow/example_dags/example_sensors.py
[2024-04-16T10:15:40.295+0000] {processor.py:830} INFO - Processing file /home/airflow/.local/lib/python3.8/site-packages/airflow/example_dags/example_sensors.py for tasks to queue
[2024-04-16T10:15:40.297+0000] {logging_mixin.py:188} INFO - [2024-04-16T10:15:40.297+0000] {dagbag.py:540} INFO - Filling up the DagBag from /home/airflow/.local/lib/python3.8/site-packages/airflow/example_dags/example_sensors.py
[2024-04-16T10:15:40.306+0000] {processor.py:840} INFO - DAG(s) 'example_sensors' retrieved from /home/airflow/.local/lib/python3.8/site-packages/airflow/example_dags/example_sensors.py
[2024-04-16T10:15:40.332+0000] {logging_mixin.py:188} INFO - [2024-04-16T10:15:40.331+0000] {dag.py:3047} INFO - Sync 1 DAGs
[2024-04-16T10:15:40.347+0000] {logging_mixin.py:188} INFO - [2024-04-16T10:15:40.346+0000] {dag.py:3834} INFO - Setting next_dagrun for example_sensors to None, run_after=None
[2024-04-16T10:15:40.372+0000] {processor.py:183} INFO - Processing /home/airflow/.local/lib/python3.8/site-packages/airflow/example_dags/example_sensors.py took 0.080 seconds
[2024-04-16T10:16:10.677+0000] {processor.py:161} INFO - Started process (PID=676) to work on /home/airflow/.local/lib/python3.8/site-packages/airflow/example_dags/example_sensors.py
[2024-04-16T10:16:10.679+0000] {processor.py:830} INFO - Processing file /home/airflow/.local/lib/python3.8/site-packages/airflow/example_dags/example_sensors.py for tasks to queue
[2024-04-16T10:16:10.683+0000] {logging_mixin.py:188} INFO - [2024-04-16T10:16:10.682+0000] {dagbag.py:540} INFO - Filling up the DagBag from /home/airflow/.local/lib/python3.8/site-packages/airflow/example_dags/example_sensors.py
[2024-04-16T10:16:10.708+0000] {processor.py:840} INFO - DAG(s) 'example_sensors' retrieved from /home/airflow/.local/lib/python3.8/site-packages/airflow/example_dags/example_sensors.py
[2024-04-16T10:16:10.747+0000] {logging_mixin.py:188} INFO - [2024-04-16T10:16:10.746+0000] {dag.py:3047} INFO - Sync 1 DAGs
[2024-04-16T10:16:10.768+0000] {logging_mixin.py:188} INFO - [2024-04-16T10:16:10.767+0000] {dag.py:3834} INFO - Setting next_dagrun for example_sensors to None, run_after=None
[2024-04-16T10:16:10.800+0000] {processor.py:183} INFO - Processing /home/airflow/.local/lib/python3.8/site-packages/airflow/example_dags/example_sensors.py took 0.129 seconds
[2024-04-16T10:16:41.178+0000] {processor.py:161} INFO - Started process (PID=735) to work on /home/airflow/.local/lib/python3.8/site-packages/airflow/example_dags/example_sensors.py
[2024-04-16T10:16:41.180+0000] {processor.py:830} INFO - Processing file /home/airflow/.local/lib/python3.8/site-packages/airflow/example_dags/example_sensors.py for tasks to queue
[2024-04-16T10:16:41.183+0000] {logging_mixin.py:188} INFO - [2024-04-16T10:16:41.182+0000] {dagbag.py:540} INFO - Filling up the DagBag from /home/airflow/.local/lib/python3.8/site-packages/airflow/example_dags/example_sensors.py
[2024-04-16T10:16:41.195+0000] {processor.py:840} INFO - DAG(s) 'example_sensors' retrieved from /home/airflow/.local/lib/python3.8/site-packages/airflow/example_dags/example_sensors.py
[2024-04-16T10:16:41.230+0000] {logging_mixin.py:188} INFO - [2024-04-16T10:16:41.229+0000] {dag.py:3047} INFO - Sync 1 DAGs
[2024-04-16T10:16:41.246+0000] {logging_mixin.py:188} INFO - [2024-04-16T10:16:41.245+0000] {dag.py:3834} INFO - Setting next_dagrun for example_sensors to None, run_after=None
[2024-04-16T10:16:41.276+0000] {processor.py:183} INFO - Processing /home/airflow/.local/lib/python3.8/site-packages/airflow/example_dags/example_sensors.py took 0.103 seconds
[2024-04-16T10:17:11.547+0000] {processor.py:161} INFO - Started process (PID=794) to work on /home/airflow/.local/lib/python3.8/site-packages/airflow/example_dags/example_sensors.py
[2024-04-16T10:17:11.548+0000] {processor.py:830} INFO - Processing file /home/airflow/.local/lib/python3.8/site-packages/airflow/example_dags/example_sensors.py for tasks to queue
[2024-04-16T10:17:11.551+0000] {logging_mixin.py:188} INFO - [2024-04-16T10:17:11.550+0000] {dagbag.py:540} INFO - Filling up the DagBag from /home/airflow/.local/lib/python3.8/site-packages/airflow/example_dags/example_sensors.py
[2024-04-16T10:17:11.560+0000] {processor.py:840} INFO - DAG(s) 'example_sensors' retrieved from /home/airflow/.local/lib/python3.8/site-packages/airflow/example_dags/example_sensors.py
[2024-04-16T10:17:11.585+0000] {logging_mixin.py:188} INFO - [2024-04-16T10:17:11.585+0000] {dag.py:3047} INFO - Sync 1 DAGs
[2024-04-16T10:17:11.597+0000] {logging_mixin.py:188} INFO - [2024-04-16T10:17:11.597+0000] {dag.py:3834} INFO - Setting next_dagrun for example_sensors to None, run_after=None
[2024-04-16T10:17:11.616+0000] {processor.py:183} INFO - Processing /home/airflow/.local/lib/python3.8/site-packages/airflow/example_dags/example_sensors.py took 0.073 seconds
[2024-04-16T10:17:41.707+0000] {processor.py:161} INFO - Started process (PID=853) to work on /home/airflow/.local/lib/python3.8/site-packages/airflow/example_dags/example_sensors.py
[2024-04-16T10:17:41.709+0000] {processor.py:830} INFO - Processing file /home/airflow/.local/lib/python3.8/site-packages/airflow/example_dags/example_sensors.py for tasks to queue
[2024-04-16T10:17:41.711+0000] {logging_mixin.py:188} INFO - [2024-04-16T10:17:41.711+0000] {dagbag.py:540} INFO - Filling up the DagBag from /home/airflow/.local/lib/python3.8/site-packages/airflow/example_dags/example_sensors.py
[2024-04-16T10:17:41.721+0000] {processor.py:840} INFO - DAG(s) 'example_sensors' retrieved from /home/airflow/.local/lib/python3.8/site-packages/airflow/example_dags/example_sensors.py
[2024-04-16T10:17:41.742+0000] {logging_mixin.py:188} INFO - [2024-04-16T10:17:41.742+0000] {dag.py:3047} INFO - Sync 1 DAGs
[2024-04-16T10:17:41.752+0000] {logging_mixin.py:188} INFO - [2024-04-16T10:17:41.752+0000] {dag.py:3834} INFO - Setting next_dagrun for example_sensors to None, run_after=None
[2024-04-16T10:17:41.771+0000] {processor.py:183} INFO - Processing /home/airflow/.local/lib/python3.8/site-packages/airflow/example_dags/example_sensors.py took 0.066 seconds
[2024-04-16T10:18:11.876+0000] {processor.py:161} INFO - Started process (PID=912) to work on /home/airflow/.local/lib/python3.8/site-packages/airflow/example_dags/example_sensors.py
[2024-04-16T10:18:11.878+0000] {processor.py:830} INFO - Processing file /home/airflow/.local/lib/python3.8/site-packages/airflow/example_dags/example_sensors.py for tasks to queue
[2024-04-16T10:18:11.881+0000] {logging_mixin.py:188} INFO - [2024-04-16T10:18:11.880+0000] {dagbag.py:540} INFO - Filling up the DagBag from /home/airflow/.local/lib/python3.8/site-packages/airflow/example_dags/example_sensors.py
[2024-04-16T10:18:11.891+0000] {processor.py:840} INFO - DAG(s) 'example_sensors' retrieved from /home/airflow/.local/lib/python3.8/site-packages/airflow/example_dags/example_sensors.py
[2024-04-16T10:18:11.921+0000] {logging_mixin.py:188} INFO - [2024-04-16T10:18:11.921+0000] {dag.py:3047} INFO - Sync 1 DAGs
[2024-04-16T10:18:11.934+0000] {logging_mixin.py:188} INFO - [2024-04-16T10:18:11.934+0000] {dag.py:3834} INFO - Setting next_dagrun for example_sensors to None, run_after=None
[2024-04-16T10:18:11.963+0000] {processor.py:183} INFO - Processing /home/airflow/.local/lib/python3.8/site-packages/airflow/example_dags/example_sensors.py took 0.090 seconds
[2024-04-16T10:18:42.141+0000] {processor.py:161} INFO - Started process (PID=971) to work on /home/airflow/.local/lib/python3.8/site-packages/airflow/example_dags/example_sensors.py
[2024-04-16T10:18:42.142+0000] {processor.py:830} INFO - Processing file /home/airflow/.local/lib/python3.8/site-packages/airflow/example_dags/example_sensors.py for tasks to queue
[2024-04-16T10:18:42.145+0000] {logging_mixin.py:188} INFO - [2024-04-16T10:18:42.144+0000] {dagbag.py:540} INFO - Filling up the DagBag from /home/airflow/.local/lib/python3.8/site-packages/airflow/example_dags/example_sensors.py
[2024-04-16T10:18:42.155+0000] {processor.py:840} INFO - DAG(s) 'example_sensors' retrieved from /home/airflow/.local/lib/python3.8/site-packages/airflow/example_dags/example_sensors.py
[2024-04-16T10:18:42.187+0000] {logging_mixin.py:188} INFO - [2024-04-16T10:18:42.187+0000] {dag.py:3047} INFO - Sync 1 DAGs
[2024-04-16T10:18:42.201+0000] {logging_mixin.py:188} INFO - [2024-04-16T10:18:42.201+0000] {dag.py:3834} INFO - Setting next_dagrun for example_sensors to None, run_after=None
[2024-04-16T10:18:42.227+0000] {processor.py:183} INFO - Processing /home/airflow/.local/lib/python3.8/site-packages/airflow/example_dags/example_sensors.py took 0.090 seconds
[2024-04-16T10:19:12.508+0000] {processor.py:161} INFO - Started process (PID=1030) to work on /home/airflow/.local/lib/python3.8/site-packages/airflow/example_dags/example_sensors.py
[2024-04-16T10:19:12.510+0000] {processor.py:830} INFO - Processing file /home/airflow/.local/lib/python3.8/site-packages/airflow/example_dags/example_sensors.py for tasks to queue
[2024-04-16T10:19:12.512+0000] {logging_mixin.py:188} INFO - [2024-04-16T10:19:12.511+0000] {dagbag.py:540} INFO - Filling up the DagBag from /home/airflow/.local/lib/python3.8/site-packages/airflow/example_dags/example_sensors.py
[2024-04-16T10:19:12.520+0000] {processor.py:840} INFO - DAG(s) 'example_sensors' retrieved from /home/airflow/.local/lib/python3.8/site-packages/airflow/example_dags/example_sensors.py
[2024-04-16T10:19:12.545+0000] {logging_mixin.py:188} INFO - [2024-04-16T10:19:12.545+0000] {dag.py:3047} INFO - Sync 1 DAGs
[2024-04-16T10:19:12.556+0000] {logging_mixin.py:188} INFO - [2024-04-16T10:19:12.556+0000] {dag.py:3834} INFO - Setting next_dagrun for example_sensors to None, run_after=None
[2024-04-16T10:19:12.574+0000] {processor.py:183} INFO - Processing /home/airflow/.local/lib/python3.8/site-packages/airflow/example_dags/example_sensors.py took 0.068 seconds
[2024-04-16T10:19:42.714+0000] {processor.py:161} INFO - Started process (PID=1089) to work on /home/airflow/.local/lib/python3.8/site-packages/airflow/example_dags/example_sensors.py
[2024-04-16T10:19:42.716+0000] {processor.py:830} INFO - Processing file /home/airflow/.local/lib/python3.8/site-packages/airflow/example_dags/example_sensors.py for tasks to queue
[2024-04-16T10:19:42.718+0000] {logging_mixin.py:188} INFO - [2024-04-16T10:19:42.717+0000] {dagbag.py:540} INFO - Filling up the DagBag from /home/airflow/.local/lib/python3.8/site-packages/airflow/example_dags/example_sensors.py
[2024-04-16T10:19:42.726+0000] {processor.py:840} INFO - DAG(s) 'example_sensors' retrieved from /home/airflow/.local/lib/python3.8/site-packages/airflow/example_dags/example_sensors.py
[2024-04-16T10:19:42.747+0000] {logging_mixin.py:188} INFO - [2024-04-16T10:19:42.746+0000] {dag.py:3047} INFO - Sync 1 DAGs
[2024-04-16T10:19:42.757+0000] {logging_mixin.py:188} INFO - [2024-04-16T10:19:42.757+0000] {dag.py:3834} INFO - Setting next_dagrun for example_sensors to None, run_after=None
[2024-04-16T10:19:42.775+0000] {processor.py:183} INFO - Processing /home/airflow/.local/lib/python3.8/site-packages/airflow/example_dags/example_sensors.py took 0.063 seconds
[2024-04-16T10:20:13.163+0000] {processor.py:161} INFO - Started process (PID=1148) to work on /home/airflow/.local/lib/python3.8/site-packages/airflow/example_dags/example_sensors.py
[2024-04-16T10:20:13.164+0000] {processor.py:830} INFO - Processing file /home/airflow/.local/lib/python3.8/site-packages/airflow/example_dags/example_sensors.py for tasks to queue
[2024-04-16T10:20:13.167+0000] {logging_mixin.py:188} INFO - [2024-04-16T10:20:13.166+0000] {dagbag.py:540} INFO - Filling up the DagBag from /home/airflow/.local/lib/python3.8/site-packages/airflow/example_dags/example_sensors.py
[2024-04-16T10:20:13.176+0000] {processor.py:840} INFO - DAG(s) 'example_sensors' retrieved from /home/airflow/.local/lib/python3.8/site-packages/airflow/example_dags/example_sensors.py
[2024-04-16T10:20:13.200+0000] {logging_mixin.py:188} INFO - [2024-04-16T10:20:13.200+0000] {dag.py:3047} INFO - Sync 1 DAGs
[2024-04-16T10:20:13.212+0000] {logging_mixin.py:188} INFO - [2024-04-16T10:20:13.212+0000] {dag.py:3834} INFO - Setting next_dagrun for example_sensors to None, run_after=None
[2024-04-16T10:20:13.231+0000] {processor.py:183} INFO - Processing /home/airflow/.local/lib/python3.8/site-packages/airflow/example_dags/example_sensors.py took 0.071 seconds
[2024-04-16T10:20:43.495+0000] {processor.py:161} INFO - Started process (PID=1207) to work on /home/airflow/.local/lib/python3.8/site-packages/airflow/example_dags/example_sensors.py
[2024-04-16T10:20:43.497+0000] {processor.py:830} INFO - Processing file /home/airflow/.local/lib/python3.8/site-packages/airflow/example_dags/example_sensors.py for tasks to queue
[2024-04-16T10:20:43.499+0000] {logging_mixin.py:188} INFO - [2024-04-16T10:20:43.499+0000] {dagbag.py:540} INFO - Filling up the DagBag from /home/airflow/.local/lib/python3.8/site-packages/airflow/example_dags/example_sensors.py
[2024-04-16T10:20:43.508+0000] {processor.py:840} INFO - DAG(s) 'example_sensors' retrieved from /home/airflow/.local/lib/python3.8/site-packages/airflow/example_dags/example_sensors.py
[2024-04-16T10:20:43.531+0000] {logging_mixin.py:188} INFO - [2024-04-16T10:20:43.531+0000] {dag.py:3047} INFO - Sync 1 DAGs
[2024-04-16T10:20:43.543+0000] {logging_mixin.py:188} INFO - [2024-04-16T10:20:43.543+0000] {dag.py:3834} INFO - Setting next_dagrun for example_sensors to None, run_after=None
[2024-04-16T10:20:43.564+0000] {processor.py:183} INFO - Processing /home/airflow/.local/lib/python3.8/site-packages/airflow/example_dags/example_sensors.py took 0.072 seconds
[2024-04-16T10:21:13.979+0000] {processor.py:161} INFO - Started process (PID=1266) to work on /home/airflow/.local/lib/python3.8/site-packages/airflow/example_dags/example_sensors.py
[2024-04-16T10:21:13.981+0000] {processor.py:830} INFO - Processing file /home/airflow/.local/lib/python3.8/site-packages/airflow/example_dags/example_sensors.py for tasks to queue
[2024-04-16T10:21:13.984+0000] {logging_mixin.py:188} INFO - [2024-04-16T10:21:13.983+0000] {dagbag.py:540} INFO - Filling up the DagBag from /home/airflow/.local/lib/python3.8/site-packages/airflow/example_dags/example_sensors.py
[2024-04-16T10:21:13.993+0000] {processor.py:840} INFO - DAG(s) 'example_sensors' retrieved from /home/airflow/.local/lib/python3.8/site-packages/airflow/example_dags/example_sensors.py
[2024-04-16T10:21:14.020+0000] {logging_mixin.py:188} INFO - [2024-04-16T10:21:14.020+0000] {dag.py:3047} INFO - Sync 1 DAGs
[2024-04-16T10:21:14.034+0000] {logging_mixin.py:188} INFO - [2024-04-16T10:21:14.034+0000] {dag.py:3834} INFO - Setting next_dagrun for example_sensors to None, run_after=None
[2024-04-16T10:21:14.064+0000] {processor.py:183} INFO - Processing /home/airflow/.local/lib/python3.8/site-packages/airflow/example_dags/example_sensors.py took 0.087 seconds
[2024-04-16T10:21:44.307+0000] {processor.py:161} INFO - Started process (PID=1325) to work on /home/airflow/.local/lib/python3.8/site-packages/airflow/example_dags/example_sensors.py
[2024-04-16T10:21:44.309+0000] {processor.py:830} INFO - Processing file /home/airflow/.local/lib/python3.8/site-packages/airflow/example_dags/example_sensors.py for tasks to queue
[2024-04-16T10:21:44.311+0000] {logging_mixin.py:188} INFO - [2024-04-16T10:21:44.311+0000] {dagbag.py:540} INFO - Filling up the DagBag from /home/airflow/.local/lib/python3.8/site-packages/airflow/example_dags/example_sensors.py
[2024-04-16T10:21:44.319+0000] {processor.py:840} INFO - DAG(s) 'example_sensors' retrieved from /home/airflow/.local/lib/python3.8/site-packages/airflow/example_dags/example_sensors.py
[2024-04-16T10:21:44.340+0000] {logging_mixin.py:188} INFO - [2024-04-16T10:21:44.340+0000] {dag.py:3047} INFO - Sync 1 DAGs
[2024-04-16T10:21:44.350+0000] {logging_mixin.py:188} INFO - [2024-04-16T10:21:44.350+0000] {dag.py:3834} INFO - Setting next_dagrun for example_sensors to None, run_after=None
[2024-04-16T10:21:44.372+0000] {processor.py:183} INFO - Processing /home/airflow/.local/lib/python3.8/site-packages/airflow/example_dags/example_sensors.py took 0.068 seconds
[2024-04-16T10:22:14.927+0000] {processor.py:161} INFO - Started process (PID=1384) to work on /home/airflow/.local/lib/python3.8/site-packages/airflow/example_dags/example_sensors.py
[2024-04-16T10:22:14.928+0000] {processor.py:830} INFO - Processing file /home/airflow/.local/lib/python3.8/site-packages/airflow/example_dags/example_sensors.py for tasks to queue
[2024-04-16T10:22:14.931+0000] {logging_mixin.py:188} INFO - [2024-04-16T10:22:14.930+0000] {dagbag.py:540} INFO - Filling up the DagBag from /home/airflow/.local/lib/python3.8/site-packages/airflow/example_dags/example_sensors.py
[2024-04-16T10:22:14.941+0000] {processor.py:840} INFO - DAG(s) 'example_sensors' retrieved from /home/airflow/.local/lib/python3.8/site-packages/airflow/example_dags/example_sensors.py
[2024-04-16T10:22:14.980+0000] {logging_mixin.py:188} INFO - [2024-04-16T10:22:14.980+0000] {dag.py:3047} INFO - Sync 1 DAGs
[2024-04-16T10:22:14.996+0000] {logging_mixin.py:188} INFO - [2024-04-16T10:22:14.996+0000] {dag.py:3834} INFO - Setting next_dagrun for example_sensors to None, run_after=None
[2024-04-16T10:22:15.025+0000] {processor.py:183} INFO - Processing /home/airflow/.local/lib/python3.8/site-packages/airflow/example_dags/example_sensors.py took 0.102 seconds
[2024-04-16T10:22:45.244+0000] {processor.py:161} INFO - Started process (PID=1443) to work on /home/airflow/.local/lib/python3.8/site-packages/airflow/example_dags/example_sensors.py
[2024-04-16T10:22:45.248+0000] {processor.py:830} INFO - Processing file /home/airflow/.local/lib/python3.8/site-packages/airflow/example_dags/example_sensors.py for tasks to queue
[2024-04-16T10:22:45.254+0000] {logging_mixin.py:188} INFO - [2024-04-16T10:22:45.253+0000] {dagbag.py:540} INFO - Filling up the DagBag from /home/airflow/.local/lib/python3.8/site-packages/airflow/example_dags/example_sensors.py
[2024-04-16T10:22:45.277+0000] {processor.py:840} INFO - DAG(s) 'example_sensors' retrieved from /home/airflow/.local/lib/python3.8/site-packages/airflow/example_dags/example_sensors.py
[2024-04-16T10:22:45.322+0000] {logging_mixin.py:188} INFO - [2024-04-16T10:22:45.321+0000] {dag.py:3047} INFO - Sync 1 DAGs
[2024-04-16T10:22:45.348+0000] {logging_mixin.py:188} INFO - [2024-04-16T10:22:45.347+0000] {dag.py:3834} INFO - Setting next_dagrun for example_sensors to None, run_after=None
[2024-04-16T10:22:45.401+0000] {processor.py:183} INFO - Processing /home/airflow/.local/lib/python3.8/site-packages/airflow/example_dags/example_sensors.py took 0.165 seconds
