[2024-04-16T10:11:04.459+0000] {processor.py:161} INFO - Started process (PID=60) to work on /home/airflow/.local/lib/python3.8/site-packages/airflow/example_dags/example_short_circuit_operator.py
[2024-04-16T10:11:04.461+0000] {processor.py:830} INFO - Processing file /home/airflow/.local/lib/python3.8/site-packages/airflow/example_dags/example_short_circuit_operator.py for tasks to queue
[2024-04-16T10:11:04.465+0000] {logging_mixin.py:188} INFO - [2024-04-16T10:11:04.464+0000] {dagbag.py:540} INFO - Filling up the DagBag from /home/airflow/.local/lib/python3.8/site-packages/airflow/example_dags/example_short_circuit_operator.py
[2024-04-16T10:11:04.484+0000] {processor.py:840} INFO - DAG(s) 'example_short_circuit_operator' retrieved from /home/airflow/.local/lib/python3.8/site-packages/airflow/example_dags/example_short_circuit_operator.py
[2024-04-16T10:11:04.539+0000] {logging_mixin.py:188} INFO - [2024-04-16T10:11:04.539+0000] {dag.py:3047} INFO - Sync 1 DAGs
[2024-04-16T10:11:04.699+0000] {logging_mixin.py:188} INFO - [2024-04-16T10:11:04.699+0000] {dag.py:3834} INFO - Setting next_dagrun for example_short_circuit_operator to 2024-04-15 00:00:00+00:00, run_after=2024-04-16 00:00:00+00:00
[2024-04-16T10:11:05.159+0000] {processor.py:183} INFO - Processing /home/airflow/.local/lib/python3.8/site-packages/airflow/example_dags/example_short_circuit_operator.py took 0.707 seconds
[2024-04-16T10:11:35.965+0000] {processor.py:161} INFO - Started process (PID=134) to work on /home/airflow/.local/lib/python3.8/site-packages/airflow/example_dags/example_short_circuit_operator.py
[2024-04-16T10:11:35.968+0000] {processor.py:830} INFO - Processing file /home/airflow/.local/lib/python3.8/site-packages/airflow/example_dags/example_short_circuit_operator.py for tasks to queue
[2024-04-16T10:11:35.970+0000] {logging_mixin.py:188} INFO - [2024-04-16T10:11:35.969+0000] {dagbag.py:540} INFO - Filling up the DagBag from /home/airflow/.local/lib/python3.8/site-packages/airflow/example_dags/example_short_circuit_operator.py
[2024-04-16T10:11:35.976+0000] {processor.py:840} INFO - DAG(s) 'example_short_circuit_operator' retrieved from /home/airflow/.local/lib/python3.8/site-packages/airflow/example_dags/example_short_circuit_operator.py
[2024-04-16T10:11:36.066+0000] {logging_mixin.py:188} INFO - [2024-04-16T10:11:36.066+0000] {dag.py:3047} INFO - Sync 1 DAGs
[2024-04-16T10:11:36.084+0000] {logging_mixin.py:188} INFO - [2024-04-16T10:11:36.084+0000] {dag.py:3834} INFO - Setting next_dagrun for example_short_circuit_operator to 2024-04-15 00:00:00+00:00, run_after=2024-04-16 00:00:00+00:00
[2024-04-16T10:11:36.102+0000] {processor.py:183} INFO - Processing /home/airflow/.local/lib/python3.8/site-packages/airflow/example_dags/example_short_circuit_operator.py took 0.140 seconds
[2024-04-16T10:12:06.257+0000] {processor.py:161} INFO - Started process (PID=193) to work on /home/airflow/.local/lib/python3.8/site-packages/airflow/example_dags/example_short_circuit_operator.py
[2024-04-16T10:12:06.260+0000] {processor.py:830} INFO - Processing file /home/airflow/.local/lib/python3.8/site-packages/airflow/example_dags/example_short_circuit_operator.py for tasks to queue
[2024-04-16T10:12:06.265+0000] {logging_mixin.py:188} INFO - [2024-04-16T10:12:06.264+0000] {dagbag.py:540} INFO - Filling up the DagBag from /home/airflow/.local/lib/python3.8/site-packages/airflow/example_dags/example_short_circuit_operator.py
[2024-04-16T10:12:06.278+0000] {processor.py:840} INFO - DAG(s) 'example_short_circuit_operator' retrieved from /home/airflow/.local/lib/python3.8/site-packages/airflow/example_dags/example_short_circuit_operator.py
[2024-04-16T10:12:06.336+0000] {logging_mixin.py:188} INFO - [2024-04-16T10:12:06.335+0000] {dag.py:3047} INFO - Sync 1 DAGs
[2024-04-16T10:12:06.388+0000] {logging_mixin.py:188} INFO - [2024-04-16T10:12:06.386+0000] {dag.py:3834} INFO - Setting next_dagrun for example_short_circuit_operator to 2024-04-15 00:00:00+00:00, run_after=2024-04-16 00:00:00+00:00
[2024-04-16T10:12:06.442+0000] {processor.py:183} INFO - Processing /home/airflow/.local/lib/python3.8/site-packages/airflow/example_dags/example_short_circuit_operator.py took 0.192 seconds
[2024-04-16T10:12:36.481+0000] {processor.py:161} INFO - Started process (PID=252) to work on /home/airflow/.local/lib/python3.8/site-packages/airflow/example_dags/example_short_circuit_operator.py
[2024-04-16T10:12:36.482+0000] {processor.py:830} INFO - Processing file /home/airflow/.local/lib/python3.8/site-packages/airflow/example_dags/example_short_circuit_operator.py for tasks to queue
[2024-04-16T10:12:36.484+0000] {logging_mixin.py:188} INFO - [2024-04-16T10:12:36.484+0000] {dagbag.py:540} INFO - Filling up the DagBag from /home/airflow/.local/lib/python3.8/site-packages/airflow/example_dags/example_short_circuit_operator.py
[2024-04-16T10:12:36.490+0000] {processor.py:840} INFO - DAG(s) 'example_short_circuit_operator' retrieved from /home/airflow/.local/lib/python3.8/site-packages/airflow/example_dags/example_short_circuit_operator.py
[2024-04-16T10:12:36.512+0000] {logging_mixin.py:188} INFO - [2024-04-16T10:12:36.512+0000] {dag.py:3047} INFO - Sync 1 DAGs
[2024-04-16T10:12:36.531+0000] {logging_mixin.py:188} INFO - [2024-04-16T10:12:36.531+0000] {dag.py:3834} INFO - Setting next_dagrun for example_short_circuit_operator to 2024-04-15 00:00:00+00:00, run_after=2024-04-16 00:00:00+00:00
[2024-04-16T10:12:36.548+0000] {processor.py:183} INFO - Processing /home/airflow/.local/lib/python3.8/site-packages/airflow/example_dags/example_short_circuit_operator.py took 0.069 seconds
[2024-04-16T10:13:06.750+0000] {processor.py:161} INFO - Started process (PID=311) to work on /home/airflow/.local/lib/python3.8/site-packages/airflow/example_dags/example_short_circuit_operator.py
[2024-04-16T10:13:06.751+0000] {processor.py:830} INFO - Processing file /home/airflow/.local/lib/python3.8/site-packages/airflow/example_dags/example_short_circuit_operator.py for tasks to queue
[2024-04-16T10:13:06.753+0000] {logging_mixin.py:188} INFO - [2024-04-16T10:13:06.753+0000] {dagbag.py:540} INFO - Filling up the DagBag from /home/airflow/.local/lib/python3.8/site-packages/airflow/example_dags/example_short_circuit_operator.py
[2024-04-16T10:13:06.760+0000] {processor.py:840} INFO - DAG(s) 'example_short_circuit_operator' retrieved from /home/airflow/.local/lib/python3.8/site-packages/airflow/example_dags/example_short_circuit_operator.py
[2024-04-16T10:13:06.781+0000] {logging_mixin.py:188} INFO - [2024-04-16T10:13:06.781+0000] {dag.py:3047} INFO - Sync 1 DAGs
[2024-04-16T10:13:06.801+0000] {logging_mixin.py:188} INFO - [2024-04-16T10:13:06.801+0000] {dag.py:3834} INFO - Setting next_dagrun for example_short_circuit_operator to 2024-04-15 00:00:00+00:00, run_after=2024-04-16 00:00:00+00:00
[2024-04-16T10:13:06.820+0000] {processor.py:183} INFO - Processing /home/airflow/.local/lib/python3.8/site-packages/airflow/example_dags/example_short_circuit_operator.py took 0.073 seconds
[2024-04-16T10:13:36.910+0000] {processor.py:161} INFO - Started process (PID=370) to work on /home/airflow/.local/lib/python3.8/site-packages/airflow/example_dags/example_short_circuit_operator.py
[2024-04-16T10:13:36.911+0000] {processor.py:830} INFO - Processing file /home/airflow/.local/lib/python3.8/site-packages/airflow/example_dags/example_short_circuit_operator.py for tasks to queue
[2024-04-16T10:13:36.913+0000] {logging_mixin.py:188} INFO - [2024-04-16T10:13:36.913+0000] {dagbag.py:540} INFO - Filling up the DagBag from /home/airflow/.local/lib/python3.8/site-packages/airflow/example_dags/example_short_circuit_operator.py
[2024-04-16T10:13:36.919+0000] {processor.py:840} INFO - DAG(s) 'example_short_circuit_operator' retrieved from /home/airflow/.local/lib/python3.8/site-packages/airflow/example_dags/example_short_circuit_operator.py
[2024-04-16T10:13:36.941+0000] {logging_mixin.py:188} INFO - [2024-04-16T10:13:36.941+0000] {dag.py:3047} INFO - Sync 1 DAGs
[2024-04-16T10:13:36.961+0000] {logging_mixin.py:188} INFO - [2024-04-16T10:13:36.961+0000] {dag.py:3834} INFO - Setting next_dagrun for example_short_circuit_operator to 2024-04-15 00:00:00+00:00, run_after=2024-04-16 00:00:00+00:00
[2024-04-16T10:13:36.981+0000] {processor.py:183} INFO - Processing /home/airflow/.local/lib/python3.8/site-packages/airflow/example_dags/example_short_circuit_operator.py took 0.074 seconds
[2024-04-16T10:14:07.265+0000] {processor.py:161} INFO - Started process (PID=429) to work on /home/airflow/.local/lib/python3.8/site-packages/airflow/example_dags/example_short_circuit_operator.py
[2024-04-16T10:14:07.266+0000] {processor.py:830} INFO - Processing file /home/airflow/.local/lib/python3.8/site-packages/airflow/example_dags/example_short_circuit_operator.py for tasks to queue
[2024-04-16T10:14:07.268+0000] {logging_mixin.py:188} INFO - [2024-04-16T10:14:07.268+0000] {dagbag.py:540} INFO - Filling up the DagBag from /home/airflow/.local/lib/python3.8/site-packages/airflow/example_dags/example_short_circuit_operator.py
[2024-04-16T10:14:07.275+0000] {processor.py:840} INFO - DAG(s) 'example_short_circuit_operator' retrieved from /home/airflow/.local/lib/python3.8/site-packages/airflow/example_dags/example_short_circuit_operator.py
[2024-04-16T10:14:07.294+0000] {logging_mixin.py:188} INFO - [2024-04-16T10:14:07.294+0000] {dag.py:3047} INFO - Sync 1 DAGs
[2024-04-16T10:14:07.313+0000] {logging_mixin.py:188} INFO - [2024-04-16T10:14:07.313+0000] {dag.py:3834} INFO - Setting next_dagrun for example_short_circuit_operator to 2024-04-15 00:00:00+00:00, run_after=2024-04-16 00:00:00+00:00
[2024-04-16T10:14:07.334+0000] {processor.py:183} INFO - Processing /home/airflow/.local/lib/python3.8/site-packages/airflow/example_dags/example_short_circuit_operator.py took 0.072 seconds
[2024-04-16T10:14:37.954+0000] {processor.py:161} INFO - Started process (PID=488) to work on /home/airflow/.local/lib/python3.8/site-packages/airflow/example_dags/example_short_circuit_operator.py
[2024-04-16T10:14:37.958+0000] {processor.py:830} INFO - Processing file /home/airflow/.local/lib/python3.8/site-packages/airflow/example_dags/example_short_circuit_operator.py for tasks to queue
[2024-04-16T10:14:37.963+0000] {logging_mixin.py:188} INFO - [2024-04-16T10:14:37.961+0000] {dagbag.py:540} INFO - Filling up the DagBag from /home/airflow/.local/lib/python3.8/site-packages/airflow/example_dags/example_short_circuit_operator.py
[2024-04-16T10:14:37.978+0000] {processor.py:840} INFO - DAG(s) 'example_short_circuit_operator' retrieved from /home/airflow/.local/lib/python3.8/site-packages/airflow/example_dags/example_short_circuit_operator.py
[2024-04-16T10:14:38.024+0000] {logging_mixin.py:188} INFO - [2024-04-16T10:14:38.024+0000] {dag.py:3047} INFO - Sync 1 DAGs
[2024-04-16T10:14:38.061+0000] {logging_mixin.py:188} INFO - [2024-04-16T10:14:38.061+0000] {dag.py:3834} INFO - Setting next_dagrun for example_short_circuit_operator to 2024-04-15 00:00:00+00:00, run_after=2024-04-16 00:00:00+00:00
[2024-04-16T10:14:38.088+0000] {processor.py:183} INFO - Processing /home/airflow/.local/lib/python3.8/site-packages/airflow/example_dags/example_short_circuit_operator.py took 0.139 seconds
[2024-04-16T10:15:08.330+0000] {processor.py:161} INFO - Started process (PID=547) to work on /home/airflow/.local/lib/python3.8/site-packages/airflow/example_dags/example_short_circuit_operator.py
[2024-04-16T10:15:08.332+0000] {processor.py:830} INFO - Processing file /home/airflow/.local/lib/python3.8/site-packages/airflow/example_dags/example_short_circuit_operator.py for tasks to queue
[2024-04-16T10:15:08.333+0000] {logging_mixin.py:188} INFO - [2024-04-16T10:15:08.333+0000] {dagbag.py:540} INFO - Filling up the DagBag from /home/airflow/.local/lib/python3.8/site-packages/airflow/example_dags/example_short_circuit_operator.py
[2024-04-16T10:15:08.340+0000] {processor.py:840} INFO - DAG(s) 'example_short_circuit_operator' retrieved from /home/airflow/.local/lib/python3.8/site-packages/airflow/example_dags/example_short_circuit_operator.py
[2024-04-16T10:15:08.364+0000] {logging_mixin.py:188} INFO - [2024-04-16T10:15:08.364+0000] {dag.py:3047} INFO - Sync 1 DAGs
[2024-04-16T10:15:08.389+0000] {logging_mixin.py:188} INFO - [2024-04-16T10:15:08.389+0000] {dag.py:3834} INFO - Setting next_dagrun for example_short_circuit_operator to 2024-04-15 00:00:00+00:00, run_after=2024-04-16 00:00:00+00:00
[2024-04-16T10:15:08.409+0000] {processor.py:183} INFO - Processing /home/airflow/.local/lib/python3.8/site-packages/airflow/example_dags/example_short_circuit_operator.py took 0.082 seconds
[2024-04-16T10:15:38.517+0000] {processor.py:161} INFO - Started process (PID=606) to work on /home/airflow/.local/lib/python3.8/site-packages/airflow/example_dags/example_short_circuit_operator.py
[2024-04-16T10:15:38.519+0000] {processor.py:830} INFO - Processing file /home/airflow/.local/lib/python3.8/site-packages/airflow/example_dags/example_short_circuit_operator.py for tasks to queue
[2024-04-16T10:15:38.523+0000] {logging_mixin.py:188} INFO - [2024-04-16T10:15:38.522+0000] {dagbag.py:540} INFO - Filling up the DagBag from /home/airflow/.local/lib/python3.8/site-packages/airflow/example_dags/example_short_circuit_operator.py
[2024-04-16T10:15:38.532+0000] {processor.py:840} INFO - DAG(s) 'example_short_circuit_operator' retrieved from /home/airflow/.local/lib/python3.8/site-packages/airflow/example_dags/example_short_circuit_operator.py
[2024-04-16T10:15:38.565+0000] {logging_mixin.py:188} INFO - [2024-04-16T10:15:38.565+0000] {dag.py:3047} INFO - Sync 1 DAGs
[2024-04-16T10:15:38.605+0000] {logging_mixin.py:188} INFO - [2024-04-16T10:15:38.604+0000] {dag.py:3834} INFO - Setting next_dagrun for example_short_circuit_operator to 2024-04-15 00:00:00+00:00, run_after=2024-04-16 00:00:00+00:00
[2024-04-16T10:15:38.627+0000] {processor.py:183} INFO - Processing /home/airflow/.local/lib/python3.8/site-packages/airflow/example_dags/example_short_circuit_operator.py took 0.117 seconds
[2024-04-16T10:16:08.889+0000] {processor.py:161} INFO - Started process (PID=665) to work on /home/airflow/.local/lib/python3.8/site-packages/airflow/example_dags/example_short_circuit_operator.py
[2024-04-16T10:16:08.890+0000] {processor.py:830} INFO - Processing file /home/airflow/.local/lib/python3.8/site-packages/airflow/example_dags/example_short_circuit_operator.py for tasks to queue
[2024-04-16T10:16:08.892+0000] {logging_mixin.py:188} INFO - [2024-04-16T10:16:08.892+0000] {dagbag.py:540} INFO - Filling up the DagBag from /home/airflow/.local/lib/python3.8/site-packages/airflow/example_dags/example_short_circuit_operator.py
[2024-04-16T10:16:08.900+0000] {processor.py:840} INFO - DAG(s) 'example_short_circuit_operator' retrieved from /home/airflow/.local/lib/python3.8/site-packages/airflow/example_dags/example_short_circuit_operator.py
[2024-04-16T10:16:08.929+0000] {logging_mixin.py:188} INFO - [2024-04-16T10:16:08.929+0000] {dag.py:3047} INFO - Sync 1 DAGs
[2024-04-16T10:16:08.955+0000] {logging_mixin.py:188} INFO - [2024-04-16T10:16:08.955+0000] {dag.py:3834} INFO - Setting next_dagrun for example_short_circuit_operator to 2024-04-15 00:00:00+00:00, run_after=2024-04-16 00:00:00+00:00
[2024-04-16T10:16:08.981+0000] {processor.py:183} INFO - Processing /home/airflow/.local/lib/python3.8/site-packages/airflow/example_dags/example_short_circuit_operator.py took 0.095 seconds
[2024-04-16T10:16:39.543+0000] {processor.py:161} INFO - Started process (PID=724) to work on /home/airflow/.local/lib/python3.8/site-packages/airflow/example_dags/example_short_circuit_operator.py
[2024-04-16T10:16:39.545+0000] {processor.py:830} INFO - Processing file /home/airflow/.local/lib/python3.8/site-packages/airflow/example_dags/example_short_circuit_operator.py for tasks to queue
[2024-04-16T10:16:39.547+0000] {logging_mixin.py:188} INFO - [2024-04-16T10:16:39.547+0000] {dagbag.py:540} INFO - Filling up the DagBag from /home/airflow/.local/lib/python3.8/site-packages/airflow/example_dags/example_short_circuit_operator.py
[2024-04-16T10:16:39.556+0000] {processor.py:840} INFO - DAG(s) 'example_short_circuit_operator' retrieved from /home/airflow/.local/lib/python3.8/site-packages/airflow/example_dags/example_short_circuit_operator.py
[2024-04-16T10:16:39.583+0000] {logging_mixin.py:188} INFO - [2024-04-16T10:16:39.583+0000] {dag.py:3047} INFO - Sync 1 DAGs
[2024-04-16T10:16:39.610+0000] {logging_mixin.py:188} INFO - [2024-04-16T10:16:39.610+0000] {dag.py:3834} INFO - Setting next_dagrun for example_short_circuit_operator to 2024-04-15 00:00:00+00:00, run_after=2024-04-16 00:00:00+00:00
[2024-04-16T10:16:39.630+0000] {processor.py:183} INFO - Processing /home/airflow/.local/lib/python3.8/site-packages/airflow/example_dags/example_short_circuit_operator.py took 0.090 seconds
[2024-04-16T10:17:09.964+0000] {processor.py:161} INFO - Started process (PID=783) to work on /home/airflow/.local/lib/python3.8/site-packages/airflow/example_dags/example_short_circuit_operator.py
[2024-04-16T10:17:09.965+0000] {processor.py:830} INFO - Processing file /home/airflow/.local/lib/python3.8/site-packages/airflow/example_dags/example_short_circuit_operator.py for tasks to queue
[2024-04-16T10:17:09.967+0000] {logging_mixin.py:188} INFO - [2024-04-16T10:17:09.967+0000] {dagbag.py:540} INFO - Filling up the DagBag from /home/airflow/.local/lib/python3.8/site-packages/airflow/example_dags/example_short_circuit_operator.py
[2024-04-16T10:17:09.974+0000] {processor.py:840} INFO - DAG(s) 'example_short_circuit_operator' retrieved from /home/airflow/.local/lib/python3.8/site-packages/airflow/example_dags/example_short_circuit_operator.py
[2024-04-16T10:17:09.998+0000] {logging_mixin.py:188} INFO - [2024-04-16T10:17:09.998+0000] {dag.py:3047} INFO - Sync 1 DAGs
[2024-04-16T10:17:10.018+0000] {logging_mixin.py:188} INFO - [2024-04-16T10:17:10.018+0000] {dag.py:3834} INFO - Setting next_dagrun for example_short_circuit_operator to 2024-04-15 00:00:00+00:00, run_after=2024-04-16 00:00:00+00:00
[2024-04-16T10:17:10.039+0000] {processor.py:183} INFO - Processing /home/airflow/.local/lib/python3.8/site-packages/airflow/example_dags/example_short_circuit_operator.py took 0.079 seconds
[2024-04-16T10:17:40.106+0000] {processor.py:161} INFO - Started process (PID=842) to work on /home/airflow/.local/lib/python3.8/site-packages/airflow/example_dags/example_short_circuit_operator.py
[2024-04-16T10:17:40.108+0000] {processor.py:830} INFO - Processing file /home/airflow/.local/lib/python3.8/site-packages/airflow/example_dags/example_short_circuit_operator.py for tasks to queue
[2024-04-16T10:17:40.109+0000] {logging_mixin.py:188} INFO - [2024-04-16T10:17:40.109+0000] {dagbag.py:540} INFO - Filling up the DagBag from /home/airflow/.local/lib/python3.8/site-packages/airflow/example_dags/example_short_circuit_operator.py
[2024-04-16T10:17:40.116+0000] {processor.py:840} INFO - DAG(s) 'example_short_circuit_operator' retrieved from /home/airflow/.local/lib/python3.8/site-packages/airflow/example_dags/example_short_circuit_operator.py
[2024-04-16T10:17:40.138+0000] {logging_mixin.py:188} INFO - [2024-04-16T10:17:40.138+0000] {dag.py:3047} INFO - Sync 1 DAGs
[2024-04-16T10:17:40.159+0000] {logging_mixin.py:188} INFO - [2024-04-16T10:17:40.159+0000] {dag.py:3834} INFO - Setting next_dagrun for example_short_circuit_operator to 2024-04-15 00:00:00+00:00, run_after=2024-04-16 00:00:00+00:00
[2024-04-16T10:17:40.178+0000] {processor.py:183} INFO - Processing /home/airflow/.local/lib/python3.8/site-packages/airflow/example_dags/example_short_circuit_operator.py took 0.074 seconds
[2024-04-16T10:18:10.333+0000] {processor.py:161} INFO - Started process (PID=901) to work on /home/airflow/.local/lib/python3.8/site-packages/airflow/example_dags/example_short_circuit_operator.py
[2024-04-16T10:18:10.335+0000] {processor.py:830} INFO - Processing file /home/airflow/.local/lib/python3.8/site-packages/airflow/example_dags/example_short_circuit_operator.py for tasks to queue
[2024-04-16T10:18:10.337+0000] {logging_mixin.py:188} INFO - [2024-04-16T10:18:10.337+0000] {dagbag.py:540} INFO - Filling up the DagBag from /home/airflow/.local/lib/python3.8/site-packages/airflow/example_dags/example_short_circuit_operator.py
[2024-04-16T10:18:10.343+0000] {processor.py:840} INFO - DAG(s) 'example_short_circuit_operator' retrieved from /home/airflow/.local/lib/python3.8/site-packages/airflow/example_dags/example_short_circuit_operator.py
[2024-04-16T10:18:10.364+0000] {logging_mixin.py:188} INFO - [2024-04-16T10:18:10.364+0000] {dag.py:3047} INFO - Sync 1 DAGs
[2024-04-16T10:18:10.387+0000] {logging_mixin.py:188} INFO - [2024-04-16T10:18:10.387+0000] {dag.py:3834} INFO - Setting next_dagrun for example_short_circuit_operator to 2024-04-15 00:00:00+00:00, run_after=2024-04-16 00:00:00+00:00
[2024-04-16T10:18:10.410+0000] {processor.py:183} INFO - Processing /home/airflow/.local/lib/python3.8/site-packages/airflow/example_dags/example_short_circuit_operator.py took 0.080 seconds
[2024-04-16T10:18:40.578+0000] {processor.py:161} INFO - Started process (PID=960) to work on /home/airflow/.local/lib/python3.8/site-packages/airflow/example_dags/example_short_circuit_operator.py
[2024-04-16T10:18:40.579+0000] {processor.py:830} INFO - Processing file /home/airflow/.local/lib/python3.8/site-packages/airflow/example_dags/example_short_circuit_operator.py for tasks to queue
[2024-04-16T10:18:40.581+0000] {logging_mixin.py:188} INFO - [2024-04-16T10:18:40.581+0000] {dagbag.py:540} INFO - Filling up the DagBag from /home/airflow/.local/lib/python3.8/site-packages/airflow/example_dags/example_short_circuit_operator.py
[2024-04-16T10:18:40.588+0000] {processor.py:840} INFO - DAG(s) 'example_short_circuit_operator' retrieved from /home/airflow/.local/lib/python3.8/site-packages/airflow/example_dags/example_short_circuit_operator.py
[2024-04-16T10:18:40.608+0000] {logging_mixin.py:188} INFO - [2024-04-16T10:18:40.608+0000] {dag.py:3047} INFO - Sync 1 DAGs
[2024-04-16T10:18:40.626+0000] {logging_mixin.py:188} INFO - [2024-04-16T10:18:40.626+0000] {dag.py:3834} INFO - Setting next_dagrun for example_short_circuit_operator to 2024-04-15 00:00:00+00:00, run_after=2024-04-16 00:00:00+00:00
[2024-04-16T10:18:40.646+0000] {processor.py:183} INFO - Processing /home/airflow/.local/lib/python3.8/site-packages/airflow/example_dags/example_short_circuit_operator.py took 0.071 seconds
[2024-04-16T10:19:10.965+0000] {processor.py:161} INFO - Started process (PID=1019) to work on /home/airflow/.local/lib/python3.8/site-packages/airflow/example_dags/example_short_circuit_operator.py
[2024-04-16T10:19:10.966+0000] {processor.py:830} INFO - Processing file /home/airflow/.local/lib/python3.8/site-packages/airflow/example_dags/example_short_circuit_operator.py for tasks to queue
[2024-04-16T10:19:10.969+0000] {logging_mixin.py:188} INFO - [2024-04-16T10:19:10.969+0000] {dagbag.py:540} INFO - Filling up the DagBag from /home/airflow/.local/lib/python3.8/site-packages/airflow/example_dags/example_short_circuit_operator.py
[2024-04-16T10:19:10.976+0000] {processor.py:840} INFO - DAG(s) 'example_short_circuit_operator' retrieved from /home/airflow/.local/lib/python3.8/site-packages/airflow/example_dags/example_short_circuit_operator.py
[2024-04-16T10:19:10.996+0000] {logging_mixin.py:188} INFO - [2024-04-16T10:19:10.996+0000] {dag.py:3047} INFO - Sync 1 DAGs
[2024-04-16T10:19:11.016+0000] {logging_mixin.py:188} INFO - [2024-04-16T10:19:11.015+0000] {dag.py:3834} INFO - Setting next_dagrun for example_short_circuit_operator to 2024-04-15 00:00:00+00:00, run_after=2024-04-16 00:00:00+00:00
[2024-04-16T10:19:11.034+0000] {processor.py:183} INFO - Processing /home/airflow/.local/lib/python3.8/site-packages/airflow/example_dags/example_short_circuit_operator.py took 0.072 seconds
[2024-04-16T10:19:41.200+0000] {processor.py:161} INFO - Started process (PID=1078) to work on /home/airflow/.local/lib/python3.8/site-packages/airflow/example_dags/example_short_circuit_operator.py
[2024-04-16T10:19:41.201+0000] {processor.py:830} INFO - Processing file /home/airflow/.local/lib/python3.8/site-packages/airflow/example_dags/example_short_circuit_operator.py for tasks to queue
[2024-04-16T10:19:41.203+0000] {logging_mixin.py:188} INFO - [2024-04-16T10:19:41.203+0000] {dagbag.py:540} INFO - Filling up the DagBag from /home/airflow/.local/lib/python3.8/site-packages/airflow/example_dags/example_short_circuit_operator.py
[2024-04-16T10:19:41.209+0000] {processor.py:840} INFO - DAG(s) 'example_short_circuit_operator' retrieved from /home/airflow/.local/lib/python3.8/site-packages/airflow/example_dags/example_short_circuit_operator.py
[2024-04-16T10:19:41.233+0000] {logging_mixin.py:188} INFO - [2024-04-16T10:19:41.233+0000] {dag.py:3047} INFO - Sync 1 DAGs
[2024-04-16T10:19:41.253+0000] {logging_mixin.py:188} INFO - [2024-04-16T10:19:41.253+0000] {dag.py:3834} INFO - Setting next_dagrun for example_short_circuit_operator to 2024-04-15 00:00:00+00:00, run_after=2024-04-16 00:00:00+00:00
[2024-04-16T10:19:41.274+0000] {processor.py:183} INFO - Processing /home/airflow/.local/lib/python3.8/site-packages/airflow/example_dags/example_short_circuit_operator.py took 0.077 seconds
[2024-04-16T10:20:11.577+0000] {processor.py:161} INFO - Started process (PID=1137) to work on /home/airflow/.local/lib/python3.8/site-packages/airflow/example_dags/example_short_circuit_operator.py
[2024-04-16T10:20:11.579+0000] {processor.py:830} INFO - Processing file /home/airflow/.local/lib/python3.8/site-packages/airflow/example_dags/example_short_circuit_operator.py for tasks to queue
[2024-04-16T10:20:11.581+0000] {logging_mixin.py:188} INFO - [2024-04-16T10:20:11.581+0000] {dagbag.py:540} INFO - Filling up the DagBag from /home/airflow/.local/lib/python3.8/site-packages/airflow/example_dags/example_short_circuit_operator.py
[2024-04-16T10:20:11.589+0000] {processor.py:840} INFO - DAG(s) 'example_short_circuit_operator' retrieved from /home/airflow/.local/lib/python3.8/site-packages/airflow/example_dags/example_short_circuit_operator.py
[2024-04-16T10:20:11.611+0000] {logging_mixin.py:188} INFO - [2024-04-16T10:20:11.611+0000] {dag.py:3047} INFO - Sync 1 DAGs
[2024-04-16T10:20:11.634+0000] {logging_mixin.py:188} INFO - [2024-04-16T10:20:11.633+0000] {dag.py:3834} INFO - Setting next_dagrun for example_short_circuit_operator to 2024-04-15 00:00:00+00:00, run_after=2024-04-16 00:00:00+00:00
[2024-04-16T10:20:11.655+0000] {processor.py:183} INFO - Processing /home/airflow/.local/lib/python3.8/site-packages/airflow/example_dags/example_short_circuit_operator.py took 0.081 seconds
[2024-04-16T10:20:41.774+0000] {processor.py:161} INFO - Started process (PID=1196) to work on /home/airflow/.local/lib/python3.8/site-packages/airflow/example_dags/example_short_circuit_operator.py
[2024-04-16T10:20:41.776+0000] {processor.py:830} INFO - Processing file /home/airflow/.local/lib/python3.8/site-packages/airflow/example_dags/example_short_circuit_operator.py for tasks to queue
[2024-04-16T10:20:41.778+0000] {logging_mixin.py:188} INFO - [2024-04-16T10:20:41.778+0000] {dagbag.py:540} INFO - Filling up the DagBag from /home/airflow/.local/lib/python3.8/site-packages/airflow/example_dags/example_short_circuit_operator.py
[2024-04-16T10:20:41.791+0000] {processor.py:840} INFO - DAG(s) 'example_short_circuit_operator' retrieved from /home/airflow/.local/lib/python3.8/site-packages/airflow/example_dags/example_short_circuit_operator.py
[2024-04-16T10:20:41.819+0000] {logging_mixin.py:188} INFO - [2024-04-16T10:20:41.819+0000] {dag.py:3047} INFO - Sync 1 DAGs
[2024-04-16T10:20:41.851+0000] {logging_mixin.py:188} INFO - [2024-04-16T10:20:41.850+0000] {dag.py:3834} INFO - Setting next_dagrun for example_short_circuit_operator to 2024-04-15 00:00:00+00:00, run_after=2024-04-16 00:00:00+00:00
[2024-04-16T10:20:41.877+0000] {processor.py:183} INFO - Processing /home/airflow/.local/lib/python3.8/site-packages/airflow/example_dags/example_short_circuit_operator.py took 0.105 seconds
[2024-04-16T10:21:12.334+0000] {processor.py:161} INFO - Started process (PID=1255) to work on /home/airflow/.local/lib/python3.8/site-packages/airflow/example_dags/example_short_circuit_operator.py
[2024-04-16T10:21:12.335+0000] {processor.py:830} INFO - Processing file /home/airflow/.local/lib/python3.8/site-packages/airflow/example_dags/example_short_circuit_operator.py for tasks to queue
[2024-04-16T10:21:12.338+0000] {logging_mixin.py:188} INFO - [2024-04-16T10:21:12.337+0000] {dagbag.py:540} INFO - Filling up the DagBag from /home/airflow/.local/lib/python3.8/site-packages/airflow/example_dags/example_short_circuit_operator.py
[2024-04-16T10:21:12.344+0000] {processor.py:840} INFO - DAG(s) 'example_short_circuit_operator' retrieved from /home/airflow/.local/lib/python3.8/site-packages/airflow/example_dags/example_short_circuit_operator.py
[2024-04-16T10:21:12.372+0000] {logging_mixin.py:188} INFO - [2024-04-16T10:21:12.371+0000] {dag.py:3047} INFO - Sync 1 DAGs
[2024-04-16T10:21:12.395+0000] {logging_mixin.py:188} INFO - [2024-04-16T10:21:12.395+0000] {dag.py:3834} INFO - Setting next_dagrun for example_short_circuit_operator to 2024-04-15 00:00:00+00:00, run_after=2024-04-16 00:00:00+00:00
[2024-04-16T10:21:12.418+0000] {processor.py:183} INFO - Processing /home/airflow/.local/lib/python3.8/site-packages/airflow/example_dags/example_short_circuit_operator.py took 0.087 seconds
[2024-04-16T10:21:42.809+0000] {processor.py:161} INFO - Started process (PID=1314) to work on /home/airflow/.local/lib/python3.8/site-packages/airflow/example_dags/example_short_circuit_operator.py
[2024-04-16T10:21:42.810+0000] {processor.py:830} INFO - Processing file /home/airflow/.local/lib/python3.8/site-packages/airflow/example_dags/example_short_circuit_operator.py for tasks to queue
[2024-04-16T10:21:42.812+0000] {logging_mixin.py:188} INFO - [2024-04-16T10:21:42.812+0000] {dagbag.py:540} INFO - Filling up the DagBag from /home/airflow/.local/lib/python3.8/site-packages/airflow/example_dags/example_short_circuit_operator.py
[2024-04-16T10:21:42.819+0000] {processor.py:840} INFO - DAG(s) 'example_short_circuit_operator' retrieved from /home/airflow/.local/lib/python3.8/site-packages/airflow/example_dags/example_short_circuit_operator.py
[2024-04-16T10:21:42.840+0000] {logging_mixin.py:188} INFO - [2024-04-16T10:21:42.840+0000] {dag.py:3047} INFO - Sync 1 DAGs
[2024-04-16T10:21:42.868+0000] {logging_mixin.py:188} INFO - [2024-04-16T10:21:42.868+0000] {dag.py:3834} INFO - Setting next_dagrun for example_short_circuit_operator to 2024-04-15 00:00:00+00:00, run_after=2024-04-16 00:00:00+00:00
[2024-04-16T10:21:42.890+0000] {processor.py:183} INFO - Processing /home/airflow/.local/lib/python3.8/site-packages/airflow/example_dags/example_short_circuit_operator.py took 0.084 seconds
[2024-04-16T10:22:12.992+0000] {processor.py:161} INFO - Started process (PID=1373) to work on /home/airflow/.local/lib/python3.8/site-packages/airflow/example_dags/example_short_circuit_operator.py
[2024-04-16T10:22:12.993+0000] {processor.py:830} INFO - Processing file /home/airflow/.local/lib/python3.8/site-packages/airflow/example_dags/example_short_circuit_operator.py for tasks to queue
[2024-04-16T10:22:12.996+0000] {logging_mixin.py:188} INFO - [2024-04-16T10:22:12.996+0000] {dagbag.py:540} INFO - Filling up the DagBag from /home/airflow/.local/lib/python3.8/site-packages/airflow/example_dags/example_short_circuit_operator.py
[2024-04-16T10:22:13.005+0000] {processor.py:840} INFO - DAG(s) 'example_short_circuit_operator' retrieved from /home/airflow/.local/lib/python3.8/site-packages/airflow/example_dags/example_short_circuit_operator.py
[2024-04-16T10:22:13.029+0000] {logging_mixin.py:188} INFO - [2024-04-16T10:22:13.028+0000] {dag.py:3047} INFO - Sync 1 DAGs
[2024-04-16T10:22:13.048+0000] {logging_mixin.py:188} INFO - [2024-04-16T10:22:13.047+0000] {dag.py:3834} INFO - Setting next_dagrun for example_short_circuit_operator to 2024-04-15 00:00:00+00:00, run_after=2024-04-16 00:00:00+00:00
[2024-04-16T10:22:13.067+0000] {processor.py:183} INFO - Processing /home/airflow/.local/lib/python3.8/site-packages/airflow/example_dags/example_short_circuit_operator.py took 0.078 seconds
[2024-04-16T10:22:43.515+0000] {processor.py:161} INFO - Started process (PID=1432) to work on /home/airflow/.local/lib/python3.8/site-packages/airflow/example_dags/example_short_circuit_operator.py
[2024-04-16T10:22:43.517+0000] {processor.py:830} INFO - Processing file /home/airflow/.local/lib/python3.8/site-packages/airflow/example_dags/example_short_circuit_operator.py for tasks to queue
[2024-04-16T10:22:43.519+0000] {logging_mixin.py:188} INFO - [2024-04-16T10:22:43.519+0000] {dagbag.py:540} INFO - Filling up the DagBag from /home/airflow/.local/lib/python3.8/site-packages/airflow/example_dags/example_short_circuit_operator.py
[2024-04-16T10:22:43.531+0000] {processor.py:840} INFO - DAG(s) 'example_short_circuit_operator' retrieved from /home/airflow/.local/lib/python3.8/site-packages/airflow/example_dags/example_short_circuit_operator.py
[2024-04-16T10:22:43.559+0000] {logging_mixin.py:188} INFO - [2024-04-16T10:22:43.559+0000] {dag.py:3047} INFO - Sync 1 DAGs
[2024-04-16T10:22:43.587+0000] {logging_mixin.py:188} INFO - [2024-04-16T10:22:43.586+0000] {dag.py:3834} INFO - Setting next_dagrun for example_short_circuit_operator to 2024-04-15 00:00:00+00:00, run_after=2024-04-16 00:00:00+00:00
[2024-04-16T10:22:43.610+0000] {processor.py:183} INFO - Processing /home/airflow/.local/lib/python3.8/site-packages/airflow/example_dags/example_short_circuit_operator.py took 0.098 seconds
