[2024-04-16T10:11:05.182+0000] {processor.py:161} INFO - Started process (PID=61) to work on /home/airflow/.local/lib/python3.8/site-packages/airflow/example_dags/example_branch_python_dop_operator_3.py
[2024-04-16T10:11:05.186+0000] {processor.py:830} INFO - Processing file /home/airflow/.local/lib/python3.8/site-packages/airflow/example_dags/example_branch_python_dop_operator_3.py for tasks to queue
[2024-04-16T10:11:05.189+0000] {logging_mixin.py:188} INFO - [2024-04-16T10:11:05.189+0000] {dagbag.py:540} INFO - Filling up the DagBag from /home/airflow/.local/lib/python3.8/site-packages/airflow/example_dags/example_branch_python_dop_operator_3.py
[2024-04-16T10:11:05.357+0000] {processor.py:840} INFO - DAG(s) 'example_branch_dop_operator_v3' retrieved from /home/airflow/.local/lib/python3.8/site-packages/airflow/example_dags/example_branch_python_dop_operator_3.py
[2024-04-16T10:11:05.398+0000] {logging_mixin.py:188} INFO - [2024-04-16T10:11:05.398+0000] {dag.py:3047} INFO - Sync 1 DAGs
[2024-04-16T10:11:05.487+0000] {logging_mixin.py:188} INFO - [2024-04-16T10:11:05.484+0000] {dag.py:3834} INFO - Setting next_dagrun for example_branch_dop_operator_v3 to 2024-04-16 10:10:00+00:00, run_after=2024-04-16 10:11:00+00:00
[2024-04-16T10:11:05.551+0000] {processor.py:183} INFO - Processing /home/airflow/.local/lib/python3.8/site-packages/airflow/example_dags/example_branch_python_dop_operator_3.py took 0.374 seconds
[2024-04-16T10:11:35.965+0000] {processor.py:161} INFO - Started process (PID=135) to work on /home/airflow/.local/lib/python3.8/site-packages/airflow/example_dags/example_branch_python_dop_operator_3.py
[2024-04-16T10:11:35.967+0000] {processor.py:830} INFO - Processing file /home/airflow/.local/lib/python3.8/site-packages/airflow/example_dags/example_branch_python_dop_operator_3.py for tasks to queue
[2024-04-16T10:11:35.969+0000] {logging_mixin.py:188} INFO - [2024-04-16T10:11:35.969+0000] {dagbag.py:540} INFO - Filling up the DagBag from /home/airflow/.local/lib/python3.8/site-packages/airflow/example_dags/example_branch_python_dop_operator_3.py
[2024-04-16T10:11:35.977+0000] {processor.py:840} INFO - DAG(s) 'example_branch_dop_operator_v3' retrieved from /home/airflow/.local/lib/python3.8/site-packages/airflow/example_dags/example_branch_python_dop_operator_3.py
[2024-04-16T10:11:36.065+0000] {logging_mixin.py:188} INFO - [2024-04-16T10:11:36.065+0000] {dag.py:3047} INFO - Sync 1 DAGs
[2024-04-16T10:11:36.085+0000] {logging_mixin.py:188} INFO - [2024-04-16T10:11:36.085+0000] {dag.py:3834} INFO - Setting next_dagrun for example_branch_dop_operator_v3 to 2024-04-16 10:10:00+00:00, run_after=2024-04-16 10:11:00+00:00
[2024-04-16T10:11:36.102+0000] {processor.py:183} INFO - Processing /home/airflow/.local/lib/python3.8/site-packages/airflow/example_dags/example_branch_python_dop_operator_3.py took 0.140 seconds
[2024-04-16T10:12:06.263+0000] {processor.py:161} INFO - Started process (PID=194) to work on /home/airflow/.local/lib/python3.8/site-packages/airflow/example_dags/example_branch_python_dop_operator_3.py
[2024-04-16T10:12:06.265+0000] {processor.py:830} INFO - Processing file /home/airflow/.local/lib/python3.8/site-packages/airflow/example_dags/example_branch_python_dop_operator_3.py for tasks to queue
[2024-04-16T10:12:06.269+0000] {logging_mixin.py:188} INFO - [2024-04-16T10:12:06.268+0000] {dagbag.py:540} INFO - Filling up the DagBag from /home/airflow/.local/lib/python3.8/site-packages/airflow/example_dags/example_branch_python_dop_operator_3.py
[2024-04-16T10:12:06.287+0000] {processor.py:840} INFO - DAG(s) 'example_branch_dop_operator_v3' retrieved from /home/airflow/.local/lib/python3.8/site-packages/airflow/example_dags/example_branch_python_dop_operator_3.py
[2024-04-16T10:12:06.336+0000] {logging_mixin.py:188} INFO - [2024-04-16T10:12:06.336+0000] {dag.py:3047} INFO - Sync 1 DAGs
[2024-04-16T10:12:06.403+0000] {logging_mixin.py:188} INFO - [2024-04-16T10:12:06.403+0000] {dag.py:3834} INFO - Setting next_dagrun for example_branch_dop_operator_v3 to 2024-04-16 10:11:00+00:00, run_after=2024-04-16 10:12:00+00:00
[2024-04-16T10:12:06.455+0000] {processor.py:183} INFO - Processing /home/airflow/.local/lib/python3.8/site-packages/airflow/example_dags/example_branch_python_dop_operator_3.py took 0.198 seconds
[2024-04-16T10:12:36.556+0000] {processor.py:161} INFO - Started process (PID=253) to work on /home/airflow/.local/lib/python3.8/site-packages/airflow/example_dags/example_branch_python_dop_operator_3.py
[2024-04-16T10:12:36.557+0000] {processor.py:830} INFO - Processing file /home/airflow/.local/lib/python3.8/site-packages/airflow/example_dags/example_branch_python_dop_operator_3.py for tasks to queue
[2024-04-16T10:12:36.559+0000] {logging_mixin.py:188} INFO - [2024-04-16T10:12:36.558+0000] {dagbag.py:540} INFO - Filling up the DagBag from /home/airflow/.local/lib/python3.8/site-packages/airflow/example_dags/example_branch_python_dop_operator_3.py
[2024-04-16T10:12:36.567+0000] {processor.py:840} INFO - DAG(s) 'example_branch_dop_operator_v3' retrieved from /home/airflow/.local/lib/python3.8/site-packages/airflow/example_dags/example_branch_python_dop_operator_3.py
[2024-04-16T10:12:36.584+0000] {logging_mixin.py:188} INFO - [2024-04-16T10:12:36.583+0000] {dag.py:3047} INFO - Sync 1 DAGs
[2024-04-16T10:12:36.606+0000] {logging_mixin.py:188} INFO - [2024-04-16T10:12:36.606+0000] {dag.py:3834} INFO - Setting next_dagrun for example_branch_dop_operator_v3 to 2024-04-16 10:11:00+00:00, run_after=2024-04-16 10:12:00+00:00
[2024-04-16T10:12:36.624+0000] {processor.py:183} INFO - Processing /home/airflow/.local/lib/python3.8/site-packages/airflow/example_dags/example_branch_python_dop_operator_3.py took 0.072 seconds
[2024-04-16T10:13:06.752+0000] {processor.py:161} INFO - Started process (PID=312) to work on /home/airflow/.local/lib/python3.8/site-packages/airflow/example_dags/example_branch_python_dop_operator_3.py
[2024-04-16T10:13:06.753+0000] {processor.py:830} INFO - Processing file /home/airflow/.local/lib/python3.8/site-packages/airflow/example_dags/example_branch_python_dop_operator_3.py for tasks to queue
[2024-04-16T10:13:06.755+0000] {logging_mixin.py:188} INFO - [2024-04-16T10:13:06.755+0000] {dagbag.py:540} INFO - Filling up the DagBag from /home/airflow/.local/lib/python3.8/site-packages/airflow/example_dags/example_branch_python_dop_operator_3.py
[2024-04-16T10:13:06.763+0000] {processor.py:840} INFO - DAG(s) 'example_branch_dop_operator_v3' retrieved from /home/airflow/.local/lib/python3.8/site-packages/airflow/example_dags/example_branch_python_dop_operator_3.py
[2024-04-16T10:13:06.780+0000] {logging_mixin.py:188} INFO - [2024-04-16T10:13:06.780+0000] {dag.py:3047} INFO - Sync 1 DAGs
[2024-04-16T10:13:06.805+0000] {logging_mixin.py:188} INFO - [2024-04-16T10:13:06.805+0000] {dag.py:3834} INFO - Setting next_dagrun for example_branch_dop_operator_v3 to 2024-04-16 10:12:00+00:00, run_after=2024-04-16 10:13:00+00:00
[2024-04-16T10:13:06.825+0000] {processor.py:183} INFO - Processing /home/airflow/.local/lib/python3.8/site-packages/airflow/example_dags/example_branch_python_dop_operator_3.py took 0.076 seconds
[2024-04-16T10:13:36.910+0000] {processor.py:161} INFO - Started process (PID=371) to work on /home/airflow/.local/lib/python3.8/site-packages/airflow/example_dags/example_branch_python_dop_operator_3.py
[2024-04-16T10:13:36.912+0000] {processor.py:830} INFO - Processing file /home/airflow/.local/lib/python3.8/site-packages/airflow/example_dags/example_branch_python_dop_operator_3.py for tasks to queue
[2024-04-16T10:13:36.913+0000] {logging_mixin.py:188} INFO - [2024-04-16T10:13:36.913+0000] {dagbag.py:540} INFO - Filling up the DagBag from /home/airflow/.local/lib/python3.8/site-packages/airflow/example_dags/example_branch_python_dop_operator_3.py
[2024-04-16T10:13:36.921+0000] {processor.py:840} INFO - DAG(s) 'example_branch_dop_operator_v3' retrieved from /home/airflow/.local/lib/python3.8/site-packages/airflow/example_dags/example_branch_python_dop_operator_3.py
[2024-04-16T10:13:36.940+0000] {logging_mixin.py:188} INFO - [2024-04-16T10:13:36.939+0000] {dag.py:3047} INFO - Sync 1 DAGs
[2024-04-16T10:13:36.963+0000] {logging_mixin.py:188} INFO - [2024-04-16T10:13:36.963+0000] {dag.py:3834} INFO - Setting next_dagrun for example_branch_dop_operator_v3 to 2024-04-16 10:12:00+00:00, run_after=2024-04-16 10:13:00+00:00
[2024-04-16T10:13:36.981+0000] {processor.py:183} INFO - Processing /home/airflow/.local/lib/python3.8/site-packages/airflow/example_dags/example_branch_python_dop_operator_3.py took 0.073 seconds
[2024-04-16T10:14:07.265+0000] {processor.py:161} INFO - Started process (PID=430) to work on /home/airflow/.local/lib/python3.8/site-packages/airflow/example_dags/example_branch_python_dop_operator_3.py
[2024-04-16T10:14:07.267+0000] {processor.py:830} INFO - Processing file /home/airflow/.local/lib/python3.8/site-packages/airflow/example_dags/example_branch_python_dop_operator_3.py for tasks to queue
[2024-04-16T10:14:07.268+0000] {logging_mixin.py:188} INFO - [2024-04-16T10:14:07.268+0000] {dagbag.py:540} INFO - Filling up the DagBag from /home/airflow/.local/lib/python3.8/site-packages/airflow/example_dags/example_branch_python_dop_operator_3.py
[2024-04-16T10:14:07.275+0000] {processor.py:840} INFO - DAG(s) 'example_branch_dop_operator_v3' retrieved from /home/airflow/.local/lib/python3.8/site-packages/airflow/example_dags/example_branch_python_dop_operator_3.py
[2024-04-16T10:14:07.293+0000] {logging_mixin.py:188} INFO - [2024-04-16T10:14:07.293+0000] {dag.py:3047} INFO - Sync 1 DAGs
[2024-04-16T10:14:07.315+0000] {logging_mixin.py:188} INFO - [2024-04-16T10:14:07.315+0000] {dag.py:3834} INFO - Setting next_dagrun for example_branch_dop_operator_v3 to 2024-04-16 10:13:00+00:00, run_after=2024-04-16 10:14:00+00:00
[2024-04-16T10:14:07.334+0000] {processor.py:183} INFO - Processing /home/airflow/.local/lib/python3.8/site-packages/airflow/example_dags/example_branch_python_dop_operator_3.py took 0.071 seconds
[2024-04-16T10:14:37.954+0000] {processor.py:161} INFO - Started process (PID=489) to work on /home/airflow/.local/lib/python3.8/site-packages/airflow/example_dags/example_branch_python_dop_operator_3.py
[2024-04-16T10:14:37.958+0000] {processor.py:830} INFO - Processing file /home/airflow/.local/lib/python3.8/site-packages/airflow/example_dags/example_branch_python_dop_operator_3.py for tasks to queue
[2024-04-16T10:14:37.961+0000] {logging_mixin.py:188} INFO - [2024-04-16T10:14:37.961+0000] {dagbag.py:540} INFO - Filling up the DagBag from /home/airflow/.local/lib/python3.8/site-packages/airflow/example_dags/example_branch_python_dop_operator_3.py
[2024-04-16T10:14:37.981+0000] {processor.py:840} INFO - DAG(s) 'example_branch_dop_operator_v3' retrieved from /home/airflow/.local/lib/python3.8/site-packages/airflow/example_dags/example_branch_python_dop_operator_3.py
[2024-04-16T10:14:38.025+0000] {logging_mixin.py:188} INFO - [2024-04-16T10:14:38.025+0000] {dag.py:3047} INFO - Sync 1 DAGs
[2024-04-16T10:14:38.066+0000] {logging_mixin.py:188} INFO - [2024-04-16T10:14:38.065+0000] {dag.py:3834} INFO - Setting next_dagrun for example_branch_dop_operator_v3 to 2024-04-16 10:13:00+00:00, run_after=2024-04-16 10:14:00+00:00
[2024-04-16T10:14:38.092+0000] {processor.py:183} INFO - Processing /home/airflow/.local/lib/python3.8/site-packages/airflow/example_dags/example_branch_python_dop_operator_3.py took 0.143 seconds
[2024-04-16T10:15:08.330+0000] {processor.py:161} INFO - Started process (PID=548) to work on /home/airflow/.local/lib/python3.8/site-packages/airflow/example_dags/example_branch_python_dop_operator_3.py
[2024-04-16T10:15:08.332+0000] {processor.py:830} INFO - Processing file /home/airflow/.local/lib/python3.8/site-packages/airflow/example_dags/example_branch_python_dop_operator_3.py for tasks to queue
[2024-04-16T10:15:08.333+0000] {logging_mixin.py:188} INFO - [2024-04-16T10:15:08.333+0000] {dagbag.py:540} INFO - Filling up the DagBag from /home/airflow/.local/lib/python3.8/site-packages/airflow/example_dags/example_branch_python_dop_operator_3.py
[2024-04-16T10:15:08.342+0000] {processor.py:840} INFO - DAG(s) 'example_branch_dop_operator_v3' retrieved from /home/airflow/.local/lib/python3.8/site-packages/airflow/example_dags/example_branch_python_dop_operator_3.py
[2024-04-16T10:15:08.359+0000] {logging_mixin.py:188} INFO - [2024-04-16T10:15:08.359+0000] {dag.py:3047} INFO - Sync 1 DAGs
[2024-04-16T10:15:08.389+0000] {logging_mixin.py:188} INFO - [2024-04-16T10:15:08.389+0000] {dag.py:3834} INFO - Setting next_dagrun for example_branch_dop_operator_v3 to 2024-04-16 10:14:00+00:00, run_after=2024-04-16 10:15:00+00:00
[2024-04-16T10:15:08.409+0000] {processor.py:183} INFO - Processing /home/airflow/.local/lib/python3.8/site-packages/airflow/example_dags/example_branch_python_dop_operator_3.py took 0.081 seconds
[2024-04-16T10:15:38.518+0000] {processor.py:161} INFO - Started process (PID=607) to work on /home/airflow/.local/lib/python3.8/site-packages/airflow/example_dags/example_branch_python_dop_operator_3.py
[2024-04-16T10:15:38.519+0000] {processor.py:830} INFO - Processing file /home/airflow/.local/lib/python3.8/site-packages/airflow/example_dags/example_branch_python_dop_operator_3.py for tasks to queue
[2024-04-16T10:15:38.523+0000] {logging_mixin.py:188} INFO - [2024-04-16T10:15:38.522+0000] {dagbag.py:540} INFO - Filling up the DagBag from /home/airflow/.local/lib/python3.8/site-packages/airflow/example_dags/example_branch_python_dop_operator_3.py
[2024-04-16T10:15:38.535+0000] {processor.py:840} INFO - DAG(s) 'example_branch_dop_operator_v3' retrieved from /home/airflow/.local/lib/python3.8/site-packages/airflow/example_dags/example_branch_python_dop_operator_3.py
[2024-04-16T10:15:38.565+0000] {logging_mixin.py:188} INFO - [2024-04-16T10:15:38.565+0000] {dag.py:3047} INFO - Sync 1 DAGs
[2024-04-16T10:15:38.600+0000] {logging_mixin.py:188} INFO - [2024-04-16T10:15:38.600+0000] {dag.py:3834} INFO - Setting next_dagrun for example_branch_dop_operator_v3 to 2024-04-16 10:14:00+00:00, run_after=2024-04-16 10:15:00+00:00
[2024-04-16T10:15:38.627+0000] {processor.py:183} INFO - Processing /home/airflow/.local/lib/python3.8/site-packages/airflow/example_dags/example_branch_python_dop_operator_3.py took 0.114 seconds
[2024-04-16T10:16:08.889+0000] {processor.py:161} INFO - Started process (PID=666) to work on /home/airflow/.local/lib/python3.8/site-packages/airflow/example_dags/example_branch_python_dop_operator_3.py
[2024-04-16T10:16:08.890+0000] {processor.py:830} INFO - Processing file /home/airflow/.local/lib/python3.8/site-packages/airflow/example_dags/example_branch_python_dop_operator_3.py for tasks to queue
[2024-04-16T10:16:08.892+0000] {logging_mixin.py:188} INFO - [2024-04-16T10:16:08.892+0000] {dagbag.py:540} INFO - Filling up the DagBag from /home/airflow/.local/lib/python3.8/site-packages/airflow/example_dags/example_branch_python_dop_operator_3.py
[2024-04-16T10:16:08.909+0000] {processor.py:840} INFO - DAG(s) 'example_branch_dop_operator_v3' retrieved from /home/airflow/.local/lib/python3.8/site-packages/airflow/example_dags/example_branch_python_dop_operator_3.py
[2024-04-16T10:16:08.932+0000] {logging_mixin.py:188} INFO - [2024-04-16T10:16:08.931+0000] {dag.py:3047} INFO - Sync 1 DAGs
[2024-04-16T10:16:08.959+0000] {logging_mixin.py:188} INFO - [2024-04-16T10:16:08.959+0000] {dag.py:3834} INFO - Setting next_dagrun for example_branch_dop_operator_v3 to 2024-04-16 10:15:00+00:00, run_after=2024-04-16 10:16:00+00:00
[2024-04-16T10:16:08.986+0000] {processor.py:183} INFO - Processing /home/airflow/.local/lib/python3.8/site-packages/airflow/example_dags/example_branch_python_dop_operator_3.py took 0.100 seconds
[2024-04-16T10:16:39.543+0000] {processor.py:161} INFO - Started process (PID=725) to work on /home/airflow/.local/lib/python3.8/site-packages/airflow/example_dags/example_branch_python_dop_operator_3.py
[2024-04-16T10:16:39.545+0000] {processor.py:830} INFO - Processing file /home/airflow/.local/lib/python3.8/site-packages/airflow/example_dags/example_branch_python_dop_operator_3.py for tasks to queue
[2024-04-16T10:16:39.547+0000] {logging_mixin.py:188} INFO - [2024-04-16T10:16:39.547+0000] {dagbag.py:540} INFO - Filling up the DagBag from /home/airflow/.local/lib/python3.8/site-packages/airflow/example_dags/example_branch_python_dop_operator_3.py
[2024-04-16T10:16:39.556+0000] {processor.py:840} INFO - DAG(s) 'example_branch_dop_operator_v3' retrieved from /home/airflow/.local/lib/python3.8/site-packages/airflow/example_dags/example_branch_python_dop_operator_3.py
[2024-04-16T10:16:39.578+0000] {logging_mixin.py:188} INFO - [2024-04-16T10:16:39.578+0000] {dag.py:3047} INFO - Sync 1 DAGs
[2024-04-16T10:16:39.608+0000] {logging_mixin.py:188} INFO - [2024-04-16T10:16:39.608+0000] {dag.py:3834} INFO - Setting next_dagrun for example_branch_dop_operator_v3 to 2024-04-16 10:15:00+00:00, run_after=2024-04-16 10:16:00+00:00
[2024-04-16T10:16:39.630+0000] {processor.py:183} INFO - Processing /home/airflow/.local/lib/python3.8/site-packages/airflow/example_dags/example_branch_python_dop_operator_3.py took 0.090 seconds
[2024-04-16T10:17:09.965+0000] {processor.py:161} INFO - Started process (PID=784) to work on /home/airflow/.local/lib/python3.8/site-packages/airflow/example_dags/example_branch_python_dop_operator_3.py
[2024-04-16T10:17:09.966+0000] {processor.py:830} INFO - Processing file /home/airflow/.local/lib/python3.8/site-packages/airflow/example_dags/example_branch_python_dop_operator_3.py for tasks to queue
[2024-04-16T10:17:09.968+0000] {logging_mixin.py:188} INFO - [2024-04-16T10:17:09.968+0000] {dagbag.py:540} INFO - Filling up the DagBag from /home/airflow/.local/lib/python3.8/site-packages/airflow/example_dags/example_branch_python_dop_operator_3.py
[2024-04-16T10:17:09.976+0000] {processor.py:840} INFO - DAG(s) 'example_branch_dop_operator_v3' retrieved from /home/airflow/.local/lib/python3.8/site-packages/airflow/example_dags/example_branch_python_dop_operator_3.py
[2024-04-16T10:17:09.996+0000] {logging_mixin.py:188} INFO - [2024-04-16T10:17:09.996+0000] {dag.py:3047} INFO - Sync 1 DAGs
[2024-04-16T10:17:10.021+0000] {logging_mixin.py:188} INFO - [2024-04-16T10:17:10.020+0000] {dag.py:3834} INFO - Setting next_dagrun for example_branch_dop_operator_v3 to 2024-04-16 10:16:00+00:00, run_after=2024-04-16 10:17:00+00:00
[2024-04-16T10:17:10.043+0000] {processor.py:183} INFO - Processing /home/airflow/.local/lib/python3.8/site-packages/airflow/example_dags/example_branch_python_dop_operator_3.py took 0.082 seconds
[2024-04-16T10:17:40.106+0000] {processor.py:161} INFO - Started process (PID=843) to work on /home/airflow/.local/lib/python3.8/site-packages/airflow/example_dags/example_branch_python_dop_operator_3.py
[2024-04-16T10:17:40.108+0000] {processor.py:830} INFO - Processing file /home/airflow/.local/lib/python3.8/site-packages/airflow/example_dags/example_branch_python_dop_operator_3.py for tasks to queue
[2024-04-16T10:17:40.109+0000] {logging_mixin.py:188} INFO - [2024-04-16T10:17:40.109+0000] {dagbag.py:540} INFO - Filling up the DagBag from /home/airflow/.local/lib/python3.8/site-packages/airflow/example_dags/example_branch_python_dop_operator_3.py
[2024-04-16T10:17:40.116+0000] {processor.py:840} INFO - DAG(s) 'example_branch_dop_operator_v3' retrieved from /home/airflow/.local/lib/python3.8/site-packages/airflow/example_dags/example_branch_python_dop_operator_3.py
[2024-04-16T10:17:40.134+0000] {logging_mixin.py:188} INFO - [2024-04-16T10:17:40.134+0000] {dag.py:3047} INFO - Sync 1 DAGs
[2024-04-16T10:17:40.156+0000] {logging_mixin.py:188} INFO - [2024-04-16T10:17:40.156+0000] {dag.py:3834} INFO - Setting next_dagrun for example_branch_dop_operator_v3 to 2024-04-16 10:16:00+00:00, run_after=2024-04-16 10:17:00+00:00
[2024-04-16T10:17:40.178+0000] {processor.py:183} INFO - Processing /home/airflow/.local/lib/python3.8/site-packages/airflow/example_dags/example_branch_python_dop_operator_3.py took 0.075 seconds
[2024-04-16T10:18:10.333+0000] {processor.py:161} INFO - Started process (PID=902) to work on /home/airflow/.local/lib/python3.8/site-packages/airflow/example_dags/example_branch_python_dop_operator_3.py
[2024-04-16T10:18:10.335+0000] {processor.py:830} INFO - Processing file /home/airflow/.local/lib/python3.8/site-packages/airflow/example_dags/example_branch_python_dop_operator_3.py for tasks to queue
[2024-04-16T10:18:10.337+0000] {logging_mixin.py:188} INFO - [2024-04-16T10:18:10.337+0000] {dagbag.py:540} INFO - Filling up the DagBag from /home/airflow/.local/lib/python3.8/site-packages/airflow/example_dags/example_branch_python_dop_operator_3.py
[2024-04-16T10:18:10.345+0000] {processor.py:840} INFO - DAG(s) 'example_branch_dop_operator_v3' retrieved from /home/airflow/.local/lib/python3.8/site-packages/airflow/example_dags/example_branch_python_dop_operator_3.py
[2024-04-16T10:18:10.363+0000] {logging_mixin.py:188} INFO - [2024-04-16T10:18:10.363+0000] {dag.py:3047} INFO - Sync 1 DAGs
[2024-04-16T10:18:10.388+0000] {logging_mixin.py:188} INFO - [2024-04-16T10:18:10.388+0000] {dag.py:3834} INFO - Setting next_dagrun for example_branch_dop_operator_v3 to 2024-04-16 10:17:00+00:00, run_after=2024-04-16 10:18:00+00:00
[2024-04-16T10:18:10.411+0000] {processor.py:183} INFO - Processing /home/airflow/.local/lib/python3.8/site-packages/airflow/example_dags/example_branch_python_dop_operator_3.py took 0.080 seconds
[2024-04-16T10:18:40.579+0000] {processor.py:161} INFO - Started process (PID=961) to work on /home/airflow/.local/lib/python3.8/site-packages/airflow/example_dags/example_branch_python_dop_operator_3.py
[2024-04-16T10:18:40.580+0000] {processor.py:830} INFO - Processing file /home/airflow/.local/lib/python3.8/site-packages/airflow/example_dags/example_branch_python_dop_operator_3.py for tasks to queue
[2024-04-16T10:18:40.582+0000] {logging_mixin.py:188} INFO - [2024-04-16T10:18:40.582+0000] {dagbag.py:540} INFO - Filling up the DagBag from /home/airflow/.local/lib/python3.8/site-packages/airflow/example_dags/example_branch_python_dop_operator_3.py
[2024-04-16T10:18:40.589+0000] {processor.py:840} INFO - DAG(s) 'example_branch_dop_operator_v3' retrieved from /home/airflow/.local/lib/python3.8/site-packages/airflow/example_dags/example_branch_python_dop_operator_3.py
[2024-04-16T10:18:40.606+0000] {logging_mixin.py:188} INFO - [2024-04-16T10:18:40.606+0000] {dag.py:3047} INFO - Sync 1 DAGs
[2024-04-16T10:18:40.629+0000] {logging_mixin.py:188} INFO - [2024-04-16T10:18:40.629+0000] {dag.py:3834} INFO - Setting next_dagrun for example_branch_dop_operator_v3 to 2024-04-16 10:17:00+00:00, run_after=2024-04-16 10:18:00+00:00
[2024-04-16T10:18:40.649+0000] {processor.py:183} INFO - Processing /home/airflow/.local/lib/python3.8/site-packages/airflow/example_dags/example_branch_python_dop_operator_3.py took 0.073 seconds
[2024-04-16T10:19:10.965+0000] {processor.py:161} INFO - Started process (PID=1020) to work on /home/airflow/.local/lib/python3.8/site-packages/airflow/example_dags/example_branch_python_dop_operator_3.py
[2024-04-16T10:19:10.966+0000] {processor.py:830} INFO - Processing file /home/airflow/.local/lib/python3.8/site-packages/airflow/example_dags/example_branch_python_dop_operator_3.py for tasks to queue
[2024-04-16T10:19:10.969+0000] {logging_mixin.py:188} INFO - [2024-04-16T10:19:10.969+0000] {dagbag.py:540} INFO - Filling up the DagBag from /home/airflow/.local/lib/python3.8/site-packages/airflow/example_dags/example_branch_python_dop_operator_3.py
[2024-04-16T10:19:10.977+0000] {processor.py:840} INFO - DAG(s) 'example_branch_dop_operator_v3' retrieved from /home/airflow/.local/lib/python3.8/site-packages/airflow/example_dags/example_branch_python_dop_operator_3.py
[2024-04-16T10:19:11.002+0000] {logging_mixin.py:188} INFO - [2024-04-16T10:19:11.002+0000] {dag.py:3047} INFO - Sync 1 DAGs
[2024-04-16T10:19:11.024+0000] {logging_mixin.py:188} INFO - [2024-04-16T10:19:11.024+0000] {dag.py:3834} INFO - Setting next_dagrun for example_branch_dop_operator_v3 to 2024-04-16 10:18:00+00:00, run_after=2024-04-16 10:19:00+00:00
[2024-04-16T10:19:11.042+0000] {processor.py:183} INFO - Processing /home/airflow/.local/lib/python3.8/site-packages/airflow/example_dags/example_branch_python_dop_operator_3.py took 0.080 seconds
[2024-04-16T10:19:41.199+0000] {processor.py:161} INFO - Started process (PID=1079) to work on /home/airflow/.local/lib/python3.8/site-packages/airflow/example_dags/example_branch_python_dop_operator_3.py
[2024-04-16T10:19:41.201+0000] {processor.py:830} INFO - Processing file /home/airflow/.local/lib/python3.8/site-packages/airflow/example_dags/example_branch_python_dop_operator_3.py for tasks to queue
[2024-04-16T10:19:41.203+0000] {logging_mixin.py:188} INFO - [2024-04-16T10:19:41.203+0000] {dagbag.py:540} INFO - Filling up the DagBag from /home/airflow/.local/lib/python3.8/site-packages/airflow/example_dags/example_branch_python_dop_operator_3.py
[2024-04-16T10:19:41.210+0000] {processor.py:840} INFO - DAG(s) 'example_branch_dop_operator_v3' retrieved from /home/airflow/.local/lib/python3.8/site-packages/airflow/example_dags/example_branch_python_dop_operator_3.py
[2024-04-16T10:19:41.230+0000] {logging_mixin.py:188} INFO - [2024-04-16T10:19:41.229+0000] {dag.py:3047} INFO - Sync 1 DAGs
[2024-04-16T10:19:41.252+0000] {logging_mixin.py:188} INFO - [2024-04-16T10:19:41.252+0000] {dag.py:3834} INFO - Setting next_dagrun for example_branch_dop_operator_v3 to 2024-04-16 10:18:00+00:00, run_after=2024-04-16 10:19:00+00:00
[2024-04-16T10:19:41.272+0000] {processor.py:183} INFO - Processing /home/airflow/.local/lib/python3.8/site-packages/airflow/example_dags/example_branch_python_dop_operator_3.py took 0.076 seconds
[2024-04-16T10:20:11.577+0000] {processor.py:161} INFO - Started process (PID=1138) to work on /home/airflow/.local/lib/python3.8/site-packages/airflow/example_dags/example_branch_python_dop_operator_3.py
[2024-04-16T10:20:11.579+0000] {processor.py:830} INFO - Processing file /home/airflow/.local/lib/python3.8/site-packages/airflow/example_dags/example_branch_python_dop_operator_3.py for tasks to queue
[2024-04-16T10:20:11.581+0000] {logging_mixin.py:188} INFO - [2024-04-16T10:20:11.581+0000] {dagbag.py:540} INFO - Filling up the DagBag from /home/airflow/.local/lib/python3.8/site-packages/airflow/example_dags/example_branch_python_dop_operator_3.py
[2024-04-16T10:20:11.591+0000] {processor.py:840} INFO - DAG(s) 'example_branch_dop_operator_v3' retrieved from /home/airflow/.local/lib/python3.8/site-packages/airflow/example_dags/example_branch_python_dop_operator_3.py
[2024-04-16T10:20:11.609+0000] {logging_mixin.py:188} INFO - [2024-04-16T10:20:11.609+0000] {dag.py:3047} INFO - Sync 1 DAGs
[2024-04-16T10:20:11.635+0000] {logging_mixin.py:188} INFO - [2024-04-16T10:20:11.635+0000] {dag.py:3834} INFO - Setting next_dagrun for example_branch_dop_operator_v3 to 2024-04-16 10:19:00+00:00, run_after=2024-04-16 10:20:00+00:00
[2024-04-16T10:20:11.654+0000] {processor.py:183} INFO - Processing /home/airflow/.local/lib/python3.8/site-packages/airflow/example_dags/example_branch_python_dop_operator_3.py took 0.080 seconds
[2024-04-16T10:20:41.778+0000] {processor.py:161} INFO - Started process (PID=1197) to work on /home/airflow/.local/lib/python3.8/site-packages/airflow/example_dags/example_branch_python_dop_operator_3.py
[2024-04-16T10:20:41.780+0000] {processor.py:830} INFO - Processing file /home/airflow/.local/lib/python3.8/site-packages/airflow/example_dags/example_branch_python_dop_operator_3.py for tasks to queue
[2024-04-16T10:20:41.782+0000] {logging_mixin.py:188} INFO - [2024-04-16T10:20:41.782+0000] {dagbag.py:540} INFO - Filling up the DagBag from /home/airflow/.local/lib/python3.8/site-packages/airflow/example_dags/example_branch_python_dop_operator_3.py
[2024-04-16T10:20:41.795+0000] {processor.py:840} INFO - DAG(s) 'example_branch_dop_operator_v3' retrieved from /home/airflow/.local/lib/python3.8/site-packages/airflow/example_dags/example_branch_python_dop_operator_3.py
[2024-04-16T10:20:41.819+0000] {logging_mixin.py:188} INFO - [2024-04-16T10:20:41.818+0000] {dag.py:3047} INFO - Sync 1 DAGs
[2024-04-16T10:20:41.854+0000] {logging_mixin.py:188} INFO - [2024-04-16T10:20:41.853+0000] {dag.py:3834} INFO - Setting next_dagrun for example_branch_dop_operator_v3 to 2024-04-16 10:19:00+00:00, run_after=2024-04-16 10:20:00+00:00
[2024-04-16T10:20:41.880+0000] {processor.py:183} INFO - Processing /home/airflow/.local/lib/python3.8/site-packages/airflow/example_dags/example_branch_python_dop_operator_3.py took 0.106 seconds
[2024-04-16T10:21:12.334+0000] {processor.py:161} INFO - Started process (PID=1256) to work on /home/airflow/.local/lib/python3.8/site-packages/airflow/example_dags/example_branch_python_dop_operator_3.py
[2024-04-16T10:21:12.336+0000] {processor.py:830} INFO - Processing file /home/airflow/.local/lib/python3.8/site-packages/airflow/example_dags/example_branch_python_dop_operator_3.py for tasks to queue
[2024-04-16T10:21:12.338+0000] {logging_mixin.py:188} INFO - [2024-04-16T10:21:12.337+0000] {dagbag.py:540} INFO - Filling up the DagBag from /home/airflow/.local/lib/python3.8/site-packages/airflow/example_dags/example_branch_python_dop_operator_3.py
[2024-04-16T10:21:12.346+0000] {processor.py:840} INFO - DAG(s) 'example_branch_dop_operator_v3' retrieved from /home/airflow/.local/lib/python3.8/site-packages/airflow/example_dags/example_branch_python_dop_operator_3.py
[2024-04-16T10:21:12.369+0000] {logging_mixin.py:188} INFO - [2024-04-16T10:21:12.368+0000] {dag.py:3047} INFO - Sync 1 DAGs
[2024-04-16T10:21:12.397+0000] {logging_mixin.py:188} INFO - [2024-04-16T10:21:12.397+0000] {dag.py:3834} INFO - Setting next_dagrun for example_branch_dop_operator_v3 to 2024-04-16 10:20:00+00:00, run_after=2024-04-16 10:21:00+00:00
[2024-04-16T10:21:12.418+0000] {processor.py:183} INFO - Processing /home/airflow/.local/lib/python3.8/site-packages/airflow/example_dags/example_branch_python_dop_operator_3.py took 0.087 seconds
[2024-04-16T10:21:42.809+0000] {processor.py:161} INFO - Started process (PID=1315) to work on /home/airflow/.local/lib/python3.8/site-packages/airflow/example_dags/example_branch_python_dop_operator_3.py
[2024-04-16T10:21:42.810+0000] {processor.py:830} INFO - Processing file /home/airflow/.local/lib/python3.8/site-packages/airflow/example_dags/example_branch_python_dop_operator_3.py for tasks to queue
[2024-04-16T10:21:42.812+0000] {logging_mixin.py:188} INFO - [2024-04-16T10:21:42.812+0000] {dagbag.py:540} INFO - Filling up the DagBag from /home/airflow/.local/lib/python3.8/site-packages/airflow/example_dags/example_branch_python_dop_operator_3.py
[2024-04-16T10:21:42.819+0000] {processor.py:840} INFO - DAG(s) 'example_branch_dop_operator_v3' retrieved from /home/airflow/.local/lib/python3.8/site-packages/airflow/example_dags/example_branch_python_dop_operator_3.py
[2024-04-16T10:21:42.838+0000] {logging_mixin.py:188} INFO - [2024-04-16T10:21:42.837+0000] {dag.py:3047} INFO - Sync 1 DAGs
[2024-04-16T10:21:42.862+0000] {logging_mixin.py:188} INFO - [2024-04-16T10:21:42.862+0000] {dag.py:3834} INFO - Setting next_dagrun for example_branch_dop_operator_v3 to 2024-04-16 10:20:00+00:00, run_after=2024-04-16 10:21:00+00:00
[2024-04-16T10:21:42.886+0000] {processor.py:183} INFO - Processing /home/airflow/.local/lib/python3.8/site-packages/airflow/example_dags/example_branch_python_dop_operator_3.py took 0.080 seconds
[2024-04-16T10:22:12.990+0000] {processor.py:161} INFO - Started process (PID=1374) to work on /home/airflow/.local/lib/python3.8/site-packages/airflow/example_dags/example_branch_python_dop_operator_3.py
[2024-04-16T10:22:12.991+0000] {processor.py:830} INFO - Processing file /home/airflow/.local/lib/python3.8/site-packages/airflow/example_dags/example_branch_python_dop_operator_3.py for tasks to queue
[2024-04-16T10:22:12.994+0000] {logging_mixin.py:188} INFO - [2024-04-16T10:22:12.993+0000] {dagbag.py:540} INFO - Filling up the DagBag from /home/airflow/.local/lib/python3.8/site-packages/airflow/example_dags/example_branch_python_dop_operator_3.py
[2024-04-16T10:22:13.005+0000] {processor.py:840} INFO - DAG(s) 'example_branch_dop_operator_v3' retrieved from /home/airflow/.local/lib/python3.8/site-packages/airflow/example_dags/example_branch_python_dop_operator_3.py
[2024-04-16T10:22:13.026+0000] {logging_mixin.py:188} INFO - [2024-04-16T10:22:13.026+0000] {dag.py:3047} INFO - Sync 1 DAGs
[2024-04-16T10:22:13.050+0000] {logging_mixin.py:188} INFO - [2024-04-16T10:22:13.050+0000] {dag.py:3834} INFO - Setting next_dagrun for example_branch_dop_operator_v3 to 2024-04-16 10:21:00+00:00, run_after=2024-04-16 10:22:00+00:00
[2024-04-16T10:22:13.067+0000] {processor.py:183} INFO - Processing /home/airflow/.local/lib/python3.8/site-packages/airflow/example_dags/example_branch_python_dop_operator_3.py took 0.081 seconds
[2024-04-16T10:22:43.515+0000] {processor.py:161} INFO - Started process (PID=1433) to work on /home/airflow/.local/lib/python3.8/site-packages/airflow/example_dags/example_branch_python_dop_operator_3.py
[2024-04-16T10:22:43.517+0000] {processor.py:830} INFO - Processing file /home/airflow/.local/lib/python3.8/site-packages/airflow/example_dags/example_branch_python_dop_operator_3.py for tasks to queue
[2024-04-16T10:22:43.519+0000] {logging_mixin.py:188} INFO - [2024-04-16T10:22:43.519+0000] {dagbag.py:540} INFO - Filling up the DagBag from /home/airflow/.local/lib/python3.8/site-packages/airflow/example_dags/example_branch_python_dop_operator_3.py
[2024-04-16T10:22:43.532+0000] {processor.py:840} INFO - DAG(s) 'example_branch_dop_operator_v3' retrieved from /home/airflow/.local/lib/python3.8/site-packages/airflow/example_dags/example_branch_python_dop_operator_3.py
[2024-04-16T10:22:43.554+0000] {logging_mixin.py:188} INFO - [2024-04-16T10:22:43.554+0000] {dag.py:3047} INFO - Sync 1 DAGs
[2024-04-16T10:22:43.585+0000] {logging_mixin.py:188} INFO - [2024-04-16T10:22:43.585+0000] {dag.py:3834} INFO - Setting next_dagrun for example_branch_dop_operator_v3 to 2024-04-16 10:21:00+00:00, run_after=2024-04-16 10:22:00+00:00
[2024-04-16T10:22:43.610+0000] {processor.py:183} INFO - Processing /home/airflow/.local/lib/python3.8/site-packages/airflow/example_dags/example_branch_python_dop_operator_3.py took 0.098 seconds
