[2024-04-16T10:11:08.474+0000] {processor.py:161} INFO - Started process (PID=90) to work on /home/airflow/.local/lib/python3.8/site-packages/airflow/example_dags/example_latest_only.py
[2024-04-16T10:11:08.478+0000] {processor.py:830} INFO - Processing file /home/airflow/.local/lib/python3.8/site-packages/airflow/example_dags/example_latest_only.py for tasks to queue
[2024-04-16T10:11:08.487+0000] {logging_mixin.py:188} INFO - [2024-04-16T10:11:08.486+0000] {dagbag.py:540} INFO - Filling up the DagBag from /home/airflow/.local/lib/python3.8/site-packages/airflow/example_dags/example_latest_only.py
[2024-04-16T10:11:08.518+0000] {processor.py:840} INFO - DAG(s) 'latest_only' retrieved from /home/airflow/.local/lib/python3.8/site-packages/airflow/example_dags/example_latest_only.py
[2024-04-16T10:11:08.553+0000] {logging_mixin.py:188} INFO - [2024-04-16T10:11:08.553+0000] {dag.py:3047} INFO - Sync 1 DAGs
[2024-04-16T10:11:08.616+0000] {logging_mixin.py:188} INFO - [2024-04-16T10:11:08.615+0000] {dag.py:3834} INFO - Setting next_dagrun for latest_only to 2024-04-16 04:00:00+00:00, run_after=2024-04-16 08:00:00+00:00
[2024-04-16T10:11:08.660+0000] {processor.py:183} INFO - Processing /home/airflow/.local/lib/python3.8/site-packages/airflow/example_dags/example_latest_only.py took 0.210 seconds
[2024-04-16T10:11:38.906+0000] {processor.py:161} INFO - Started process (PID=164) to work on /home/airflow/.local/lib/python3.8/site-packages/airflow/example_dags/example_latest_only.py
[2024-04-16T10:11:38.908+0000] {processor.py:830} INFO - Processing file /home/airflow/.local/lib/python3.8/site-packages/airflow/example_dags/example_latest_only.py for tasks to queue
[2024-04-16T10:11:38.910+0000] {logging_mixin.py:188} INFO - [2024-04-16T10:11:38.910+0000] {dagbag.py:540} INFO - Filling up the DagBag from /home/airflow/.local/lib/python3.8/site-packages/airflow/example_dags/example_latest_only.py
[2024-04-16T10:11:38.915+0000] {processor.py:840} INFO - DAG(s) 'latest_only' retrieved from /home/airflow/.local/lib/python3.8/site-packages/airflow/example_dags/example_latest_only.py
[2024-04-16T10:11:39.003+0000] {logging_mixin.py:188} INFO - [2024-04-16T10:11:39.003+0000] {dag.py:3047} INFO - Sync 1 DAGs
[2024-04-16T10:11:39.022+0000] {logging_mixin.py:188} INFO - [2024-04-16T10:11:39.022+0000] {dag.py:3834} INFO - Setting next_dagrun for latest_only to 2024-04-16 04:00:00+00:00, run_after=2024-04-16 08:00:00+00:00
[2024-04-16T10:11:39.039+0000] {processor.py:183} INFO - Processing /home/airflow/.local/lib/python3.8/site-packages/airflow/example_dags/example_latest_only.py took 0.136 seconds
[2024-04-16T10:12:09.934+0000] {processor.py:161} INFO - Started process (PID=223) to work on /home/airflow/.local/lib/python3.8/site-packages/airflow/example_dags/example_latest_only.py
[2024-04-16T10:12:09.936+0000] {processor.py:830} INFO - Processing file /home/airflow/.local/lib/python3.8/site-packages/airflow/example_dags/example_latest_only.py for tasks to queue
[2024-04-16T10:12:09.938+0000] {logging_mixin.py:188} INFO - [2024-04-16T10:12:09.937+0000] {dagbag.py:540} INFO - Filling up the DagBag from /home/airflow/.local/lib/python3.8/site-packages/airflow/example_dags/example_latest_only.py
[2024-04-16T10:12:09.942+0000] {processor.py:840} INFO - DAG(s) 'latest_only' retrieved from /home/airflow/.local/lib/python3.8/site-packages/airflow/example_dags/example_latest_only.py
[2024-04-16T10:12:09.960+0000] {logging_mixin.py:188} INFO - [2024-04-16T10:12:09.960+0000] {dag.py:3047} INFO - Sync 1 DAGs
[2024-04-16T10:12:09.980+0000] {logging_mixin.py:188} INFO - [2024-04-16T10:12:09.980+0000] {dag.py:3834} INFO - Setting next_dagrun for latest_only to 2024-04-16 04:00:00+00:00, run_after=2024-04-16 08:00:00+00:00
[2024-04-16T10:12:09.997+0000] {processor.py:183} INFO - Processing /home/airflow/.local/lib/python3.8/site-packages/airflow/example_dags/example_latest_only.py took 0.066 seconds
[2024-04-16T10:12:40.286+0000] {processor.py:161} INFO - Started process (PID=282) to work on /home/airflow/.local/lib/python3.8/site-packages/airflow/example_dags/example_latest_only.py
[2024-04-16T10:12:40.287+0000] {processor.py:830} INFO - Processing file /home/airflow/.local/lib/python3.8/site-packages/airflow/example_dags/example_latest_only.py for tasks to queue
[2024-04-16T10:12:40.289+0000] {logging_mixin.py:188} INFO - [2024-04-16T10:12:40.289+0000] {dagbag.py:540} INFO - Filling up the DagBag from /home/airflow/.local/lib/python3.8/site-packages/airflow/example_dags/example_latest_only.py
[2024-04-16T10:12:40.294+0000] {processor.py:840} INFO - DAG(s) 'latest_only' retrieved from /home/airflow/.local/lib/python3.8/site-packages/airflow/example_dags/example_latest_only.py
[2024-04-16T10:12:40.316+0000] {logging_mixin.py:188} INFO - [2024-04-16T10:12:40.315+0000] {dag.py:3047} INFO - Sync 1 DAGs
[2024-04-16T10:12:40.339+0000] {logging_mixin.py:188} INFO - [2024-04-16T10:12:40.339+0000] {dag.py:3834} INFO - Setting next_dagrun for latest_only to 2024-04-16 04:00:00+00:00, run_after=2024-04-16 08:00:00+00:00
[2024-04-16T10:12:40.361+0000] {processor.py:183} INFO - Processing /home/airflow/.local/lib/python3.8/site-packages/airflow/example_dags/example_latest_only.py took 0.078 seconds
[2024-04-16T10:13:11.404+0000] {processor.py:161} INFO - Started process (PID=341) to work on /home/airflow/.local/lib/python3.8/site-packages/airflow/example_dags/example_latest_only.py
[2024-04-16T10:13:11.406+0000] {processor.py:830} INFO - Processing file /home/airflow/.local/lib/python3.8/site-packages/airflow/example_dags/example_latest_only.py for tasks to queue
[2024-04-16T10:13:11.408+0000] {logging_mixin.py:188} INFO - [2024-04-16T10:13:11.407+0000] {dagbag.py:540} INFO - Filling up the DagBag from /home/airflow/.local/lib/python3.8/site-packages/airflow/example_dags/example_latest_only.py
[2024-04-16T10:13:11.412+0000] {processor.py:840} INFO - DAG(s) 'latest_only' retrieved from /home/airflow/.local/lib/python3.8/site-packages/airflow/example_dags/example_latest_only.py
[2024-04-16T10:13:11.440+0000] {logging_mixin.py:188} INFO - [2024-04-16T10:13:11.440+0000] {dag.py:3047} INFO - Sync 1 DAGs
[2024-04-16T10:13:11.468+0000] {logging_mixin.py:188} INFO - [2024-04-16T10:13:11.468+0000] {dag.py:3834} INFO - Setting next_dagrun for latest_only to 2024-04-16 04:00:00+00:00, run_after=2024-04-16 08:00:00+00:00
[2024-04-16T10:13:11.492+0000] {processor.py:183} INFO - Processing /home/airflow/.local/lib/python3.8/site-packages/airflow/example_dags/example_latest_only.py took 0.090 seconds
[2024-04-16T10:13:41.862+0000] {processor.py:161} INFO - Started process (PID=400) to work on /home/airflow/.local/lib/python3.8/site-packages/airflow/example_dags/example_latest_only.py
[2024-04-16T10:13:41.863+0000] {processor.py:830} INFO - Processing file /home/airflow/.local/lib/python3.8/site-packages/airflow/example_dags/example_latest_only.py for tasks to queue
[2024-04-16T10:13:41.865+0000] {logging_mixin.py:188} INFO - [2024-04-16T10:13:41.865+0000] {dagbag.py:540} INFO - Filling up the DagBag from /home/airflow/.local/lib/python3.8/site-packages/airflow/example_dags/example_latest_only.py
[2024-04-16T10:13:41.870+0000] {processor.py:840} INFO - DAG(s) 'latest_only' retrieved from /home/airflow/.local/lib/python3.8/site-packages/airflow/example_dags/example_latest_only.py
[2024-04-16T10:13:41.889+0000] {logging_mixin.py:188} INFO - [2024-04-16T10:13:41.888+0000] {dag.py:3047} INFO - Sync 1 DAGs
[2024-04-16T10:13:41.912+0000] {logging_mixin.py:188} INFO - [2024-04-16T10:13:41.912+0000] {dag.py:3834} INFO - Setting next_dagrun for latest_only to 2024-04-16 04:00:00+00:00, run_after=2024-04-16 08:00:00+00:00
[2024-04-16T10:13:41.936+0000] {processor.py:183} INFO - Processing /home/airflow/.local/lib/python3.8/site-packages/airflow/example_dags/example_latest_only.py took 0.077 seconds
[2024-04-16T10:14:11.993+0000] {processor.py:161} INFO - Started process (PID=459) to work on /home/airflow/.local/lib/python3.8/site-packages/airflow/example_dags/example_latest_only.py
[2024-04-16T10:14:11.995+0000] {processor.py:830} INFO - Processing file /home/airflow/.local/lib/python3.8/site-packages/airflow/example_dags/example_latest_only.py for tasks to queue
[2024-04-16T10:14:11.997+0000] {logging_mixin.py:188} INFO - [2024-04-16T10:14:11.997+0000] {dagbag.py:540} INFO - Filling up the DagBag from /home/airflow/.local/lib/python3.8/site-packages/airflow/example_dags/example_latest_only.py
[2024-04-16T10:14:12.003+0000] {processor.py:840} INFO - DAG(s) 'latest_only' retrieved from /home/airflow/.local/lib/python3.8/site-packages/airflow/example_dags/example_latest_only.py
[2024-04-16T10:14:12.025+0000] {logging_mixin.py:188} INFO - [2024-04-16T10:14:12.024+0000] {dag.py:3047} INFO - Sync 1 DAGs
[2024-04-16T10:14:12.053+0000] {logging_mixin.py:188} INFO - [2024-04-16T10:14:12.052+0000] {dag.py:3834} INFO - Setting next_dagrun for latest_only to 2024-04-16 04:00:00+00:00, run_after=2024-04-16 08:00:00+00:00
[2024-04-16T10:14:12.074+0000] {processor.py:183} INFO - Processing /home/airflow/.local/lib/python3.8/site-packages/airflow/example_dags/example_latest_only.py took 0.084 seconds
[2024-04-16T10:14:42.730+0000] {processor.py:161} INFO - Started process (PID=518) to work on /home/airflow/.local/lib/python3.8/site-packages/airflow/example_dags/example_latest_only.py
[2024-04-16T10:14:42.732+0000] {processor.py:830} INFO - Processing file /home/airflow/.local/lib/python3.8/site-packages/airflow/example_dags/example_latest_only.py for tasks to queue
[2024-04-16T10:14:42.734+0000] {logging_mixin.py:188} INFO - [2024-04-16T10:14:42.734+0000] {dagbag.py:540} INFO - Filling up the DagBag from /home/airflow/.local/lib/python3.8/site-packages/airflow/example_dags/example_latest_only.py
[2024-04-16T10:14:42.739+0000] {processor.py:840} INFO - DAG(s) 'latest_only' retrieved from /home/airflow/.local/lib/python3.8/site-packages/airflow/example_dags/example_latest_only.py
[2024-04-16T10:14:42.761+0000] {logging_mixin.py:188} INFO - [2024-04-16T10:14:42.761+0000] {dag.py:3047} INFO - Sync 1 DAGs
[2024-04-16T10:14:42.783+0000] {logging_mixin.py:188} INFO - [2024-04-16T10:14:42.782+0000] {dag.py:3834} INFO - Setting next_dagrun for latest_only to 2024-04-16 04:00:00+00:00, run_after=2024-04-16 08:00:00+00:00
[2024-04-16T10:14:42.805+0000] {processor.py:183} INFO - Processing /home/airflow/.local/lib/python3.8/site-packages/airflow/example_dags/example_latest_only.py took 0.078 seconds
[2024-04-16T10:15:13.652+0000] {processor.py:161} INFO - Started process (PID=577) to work on /home/airflow/.local/lib/python3.8/site-packages/airflow/example_dags/example_latest_only.py
[2024-04-16T10:15:13.654+0000] {processor.py:830} INFO - Processing file /home/airflow/.local/lib/python3.8/site-packages/airflow/example_dags/example_latest_only.py for tasks to queue
[2024-04-16T10:15:13.658+0000] {logging_mixin.py:188} INFO - [2024-04-16T10:15:13.657+0000] {dagbag.py:540} INFO - Filling up the DagBag from /home/airflow/.local/lib/python3.8/site-packages/airflow/example_dags/example_latest_only.py
[2024-04-16T10:15:13.664+0000] {processor.py:840} INFO - DAG(s) 'latest_only' retrieved from /home/airflow/.local/lib/python3.8/site-packages/airflow/example_dags/example_latest_only.py
[2024-04-16T10:15:13.691+0000] {logging_mixin.py:188} INFO - [2024-04-16T10:15:13.691+0000] {dag.py:3047} INFO - Sync 1 DAGs
[2024-04-16T10:15:13.722+0000] {logging_mixin.py:188} INFO - [2024-04-16T10:15:13.721+0000] {dag.py:3834} INFO - Setting next_dagrun for latest_only to 2024-04-16 04:00:00+00:00, run_after=2024-04-16 08:00:00+00:00
[2024-04-16T10:15:13.748+0000] {processor.py:183} INFO - Processing /home/airflow/.local/lib/python3.8/site-packages/airflow/example_dags/example_latest_only.py took 0.100 seconds
[2024-04-16T10:15:45.461+0000] {processor.py:161} INFO - Started process (PID=636) to work on /home/airflow/.local/lib/python3.8/site-packages/airflow/example_dags/example_latest_only.py
[2024-04-16T10:15:45.462+0000] {processor.py:830} INFO - Processing file /home/airflow/.local/lib/python3.8/site-packages/airflow/example_dags/example_latest_only.py for tasks to queue
[2024-04-16T10:15:45.465+0000] {logging_mixin.py:188} INFO - [2024-04-16T10:15:45.465+0000] {dagbag.py:540} INFO - Filling up the DagBag from /home/airflow/.local/lib/python3.8/site-packages/airflow/example_dags/example_latest_only.py
[2024-04-16T10:15:45.472+0000] {processor.py:840} INFO - DAG(s) 'latest_only' retrieved from /home/airflow/.local/lib/python3.8/site-packages/airflow/example_dags/example_latest_only.py
[2024-04-16T10:15:45.518+0000] {logging_mixin.py:188} INFO - [2024-04-16T10:15:45.517+0000] {dag.py:3047} INFO - Sync 1 DAGs
[2024-04-16T10:15:45.560+0000] {logging_mixin.py:188} INFO - [2024-04-16T10:15:45.559+0000] {dag.py:3834} INFO - Setting next_dagrun for latest_only to 2024-04-16 04:00:00+00:00, run_after=2024-04-16 08:00:00+00:00
[2024-04-16T10:15:45.592+0000] {processor.py:183} INFO - Processing /home/airflow/.local/lib/python3.8/site-packages/airflow/example_dags/example_latest_only.py took 0.136 seconds
[2024-04-16T10:16:15.937+0000] {processor.py:161} INFO - Started process (PID=695) to work on /home/airflow/.local/lib/python3.8/site-packages/airflow/example_dags/example_latest_only.py
[2024-04-16T10:16:15.939+0000] {processor.py:830} INFO - Processing file /home/airflow/.local/lib/python3.8/site-packages/airflow/example_dags/example_latest_only.py for tasks to queue
[2024-04-16T10:16:15.941+0000] {logging_mixin.py:188} INFO - [2024-04-16T10:16:15.940+0000] {dagbag.py:540} INFO - Filling up the DagBag from /home/airflow/.local/lib/python3.8/site-packages/airflow/example_dags/example_latest_only.py
[2024-04-16T10:16:15.945+0000] {processor.py:840} INFO - DAG(s) 'latest_only' retrieved from /home/airflow/.local/lib/python3.8/site-packages/airflow/example_dags/example_latest_only.py
[2024-04-16T10:16:15.962+0000] {logging_mixin.py:188} INFO - [2024-04-16T10:16:15.962+0000] {dag.py:3047} INFO - Sync 1 DAGs
[2024-04-16T10:16:15.983+0000] {logging_mixin.py:188} INFO - [2024-04-16T10:16:15.983+0000] {dag.py:3834} INFO - Setting next_dagrun for latest_only to 2024-04-16 04:00:00+00:00, run_after=2024-04-16 08:00:00+00:00
[2024-04-16T10:16:16.005+0000] {processor.py:183} INFO - Processing /home/airflow/.local/lib/python3.8/site-packages/airflow/example_dags/example_latest_only.py took 0.070 seconds
[2024-04-16T10:16:46.453+0000] {processor.py:161} INFO - Started process (PID=754) to work on /home/airflow/.local/lib/python3.8/site-packages/airflow/example_dags/example_latest_only.py
[2024-04-16T10:16:46.457+0000] {processor.py:830} INFO - Processing file /home/airflow/.local/lib/python3.8/site-packages/airflow/example_dags/example_latest_only.py for tasks to queue
[2024-04-16T10:16:46.462+0000] {logging_mixin.py:188} INFO - [2024-04-16T10:16:46.461+0000] {dagbag.py:540} INFO - Filling up the DagBag from /home/airflow/.local/lib/python3.8/site-packages/airflow/example_dags/example_latest_only.py
[2024-04-16T10:16:46.473+0000] {processor.py:840} INFO - DAG(s) 'latest_only' retrieved from /home/airflow/.local/lib/python3.8/site-packages/airflow/example_dags/example_latest_only.py
[2024-04-16T10:16:46.502+0000] {logging_mixin.py:188} INFO - [2024-04-16T10:16:46.501+0000] {dag.py:3047} INFO - Sync 1 DAGs
[2024-04-16T10:16:46.526+0000] {logging_mixin.py:188} INFO - [2024-04-16T10:16:46.526+0000] {dag.py:3834} INFO - Setting next_dagrun for latest_only to 2024-04-16 04:00:00+00:00, run_after=2024-04-16 08:00:00+00:00
[2024-04-16T10:16:46.552+0000] {processor.py:183} INFO - Processing /home/airflow/.local/lib/python3.8/site-packages/airflow/example_dags/example_latest_only.py took 0.104 seconds
[2024-04-16T10:17:16.822+0000] {processor.py:161} INFO - Started process (PID=819) to work on /home/airflow/.local/lib/python3.8/site-packages/airflow/example_dags/example_latest_only.py
[2024-04-16T10:17:16.824+0000] {processor.py:830} INFO - Processing file /home/airflow/.local/lib/python3.8/site-packages/airflow/example_dags/example_latest_only.py for tasks to queue
[2024-04-16T10:17:16.827+0000] {logging_mixin.py:188} INFO - [2024-04-16T10:17:16.826+0000] {dagbag.py:540} INFO - Filling up the DagBag from /home/airflow/.local/lib/python3.8/site-packages/airflow/example_dags/example_latest_only.py
[2024-04-16T10:17:16.834+0000] {processor.py:840} INFO - DAG(s) 'latest_only' retrieved from /home/airflow/.local/lib/python3.8/site-packages/airflow/example_dags/example_latest_only.py
[2024-04-16T10:17:16.861+0000] {logging_mixin.py:188} INFO - [2024-04-16T10:17:16.860+0000] {dag.py:3047} INFO - Sync 1 DAGs
[2024-04-16T10:17:16.885+0000] {logging_mixin.py:188} INFO - [2024-04-16T10:17:16.885+0000] {dag.py:3834} INFO - Setting next_dagrun for latest_only to 2024-04-16 04:00:00+00:00, run_after=2024-04-16 08:00:00+00:00
[2024-04-16T10:17:16.909+0000] {processor.py:183} INFO - Processing /home/airflow/.local/lib/python3.8/site-packages/airflow/example_dags/example_latest_only.py took 0.091 seconds
[2024-04-16T10:17:47.036+0000] {processor.py:161} INFO - Started process (PID=878) to work on /home/airflow/.local/lib/python3.8/site-packages/airflow/example_dags/example_latest_only.py
[2024-04-16T10:17:47.038+0000] {processor.py:830} INFO - Processing file /home/airflow/.local/lib/python3.8/site-packages/airflow/example_dags/example_latest_only.py for tasks to queue
[2024-04-16T10:17:47.041+0000] {logging_mixin.py:188} INFO - [2024-04-16T10:17:47.041+0000] {dagbag.py:540} INFO - Filling up the DagBag from /home/airflow/.local/lib/python3.8/site-packages/airflow/example_dags/example_latest_only.py
[2024-04-16T10:17:47.047+0000] {processor.py:840} INFO - DAG(s) 'latest_only' retrieved from /home/airflow/.local/lib/python3.8/site-packages/airflow/example_dags/example_latest_only.py
[2024-04-16T10:17:47.068+0000] {logging_mixin.py:188} INFO - [2024-04-16T10:17:47.068+0000] {dag.py:3047} INFO - Sync 1 DAGs
[2024-04-16T10:17:47.090+0000] {logging_mixin.py:188} INFO - [2024-04-16T10:17:47.090+0000] {dag.py:3834} INFO - Setting next_dagrun for latest_only to 2024-04-16 04:00:00+00:00, run_after=2024-04-16 08:00:00+00:00
[2024-04-16T10:17:47.114+0000] {processor.py:183} INFO - Processing /home/airflow/.local/lib/python3.8/site-packages/airflow/example_dags/example_latest_only.py took 0.082 seconds
[2024-04-16T10:18:17.235+0000] {processor.py:161} INFO - Started process (PID=937) to work on /home/airflow/.local/lib/python3.8/site-packages/airflow/example_dags/example_latest_only.py
[2024-04-16T10:18:17.236+0000] {processor.py:830} INFO - Processing file /home/airflow/.local/lib/python3.8/site-packages/airflow/example_dags/example_latest_only.py for tasks to queue
[2024-04-16T10:18:17.238+0000] {logging_mixin.py:188} INFO - [2024-04-16T10:18:17.238+0000] {dagbag.py:540} INFO - Filling up the DagBag from /home/airflow/.local/lib/python3.8/site-packages/airflow/example_dags/example_latest_only.py
[2024-04-16T10:18:17.243+0000] {processor.py:840} INFO - DAG(s) 'latest_only' retrieved from /home/airflow/.local/lib/python3.8/site-packages/airflow/example_dags/example_latest_only.py
[2024-04-16T10:18:17.264+0000] {logging_mixin.py:188} INFO - [2024-04-16T10:18:17.263+0000] {dag.py:3047} INFO - Sync 1 DAGs
[2024-04-16T10:18:17.284+0000] {logging_mixin.py:188} INFO - [2024-04-16T10:18:17.284+0000] {dag.py:3834} INFO - Setting next_dagrun for latest_only to 2024-04-16 04:00:00+00:00, run_after=2024-04-16 08:00:00+00:00
[2024-04-16T10:18:17.300+0000] {processor.py:183} INFO - Processing /home/airflow/.local/lib/python3.8/site-packages/airflow/example_dags/example_latest_only.py took 0.068 seconds
[2024-04-16T10:18:48.232+0000] {processor.py:161} INFO - Started process (PID=996) to work on /home/airflow/.local/lib/python3.8/site-packages/airflow/example_dags/example_latest_only.py
[2024-04-16T10:18:48.233+0000] {processor.py:830} INFO - Processing file /home/airflow/.local/lib/python3.8/site-packages/airflow/example_dags/example_latest_only.py for tasks to queue
[2024-04-16T10:18:48.236+0000] {logging_mixin.py:188} INFO - [2024-04-16T10:18:48.235+0000] {dagbag.py:540} INFO - Filling up the DagBag from /home/airflow/.local/lib/python3.8/site-packages/airflow/example_dags/example_latest_only.py
[2024-04-16T10:18:48.240+0000] {processor.py:840} INFO - DAG(s) 'latest_only' retrieved from /home/airflow/.local/lib/python3.8/site-packages/airflow/example_dags/example_latest_only.py
[2024-04-16T10:18:48.259+0000] {logging_mixin.py:188} INFO - [2024-04-16T10:18:48.259+0000] {dag.py:3047} INFO - Sync 1 DAGs
[2024-04-16T10:18:48.278+0000] {logging_mixin.py:188} INFO - [2024-04-16T10:18:48.278+0000] {dag.py:3834} INFO - Setting next_dagrun for latest_only to 2024-04-16 04:00:00+00:00, run_after=2024-04-16 08:00:00+00:00
[2024-04-16T10:18:48.296+0000] {processor.py:183} INFO - Processing /home/airflow/.local/lib/python3.8/site-packages/airflow/example_dags/example_latest_only.py took 0.067 seconds
[2024-04-16T10:19:18.491+0000] {processor.py:161} INFO - Started process (PID=1055) to work on /home/airflow/.local/lib/python3.8/site-packages/airflow/example_dags/example_latest_only.py
[2024-04-16T10:19:18.493+0000] {processor.py:830} INFO - Processing file /home/airflow/.local/lib/python3.8/site-packages/airflow/example_dags/example_latest_only.py for tasks to queue
[2024-04-16T10:19:18.495+0000] {logging_mixin.py:188} INFO - [2024-04-16T10:19:18.495+0000] {dagbag.py:540} INFO - Filling up the DagBag from /home/airflow/.local/lib/python3.8/site-packages/airflow/example_dags/example_latest_only.py
[2024-04-16T10:19:18.500+0000] {processor.py:840} INFO - DAG(s) 'latest_only' retrieved from /home/airflow/.local/lib/python3.8/site-packages/airflow/example_dags/example_latest_only.py
[2024-04-16T10:19:18.520+0000] {logging_mixin.py:188} INFO - [2024-04-16T10:19:18.520+0000] {dag.py:3047} INFO - Sync 1 DAGs
[2024-04-16T10:19:18.542+0000] {logging_mixin.py:188} INFO - [2024-04-16T10:19:18.542+0000] {dag.py:3834} INFO - Setting next_dagrun for latest_only to 2024-04-16 04:00:00+00:00, run_after=2024-04-16 08:00:00+00:00
[2024-04-16T10:19:18.560+0000] {processor.py:183} INFO - Processing /home/airflow/.local/lib/python3.8/site-packages/airflow/example_dags/example_latest_only.py took 0.071 seconds
[2024-04-16T10:19:48.784+0000] {processor.py:161} INFO - Started process (PID=1114) to work on /home/airflow/.local/lib/python3.8/site-packages/airflow/example_dags/example_latest_only.py
[2024-04-16T10:19:48.785+0000] {processor.py:830} INFO - Processing file /home/airflow/.local/lib/python3.8/site-packages/airflow/example_dags/example_latest_only.py for tasks to queue
[2024-04-16T10:19:48.787+0000] {logging_mixin.py:188} INFO - [2024-04-16T10:19:48.787+0000] {dagbag.py:540} INFO - Filling up the DagBag from /home/airflow/.local/lib/python3.8/site-packages/airflow/example_dags/example_latest_only.py
[2024-04-16T10:19:48.791+0000] {processor.py:840} INFO - DAG(s) 'latest_only' retrieved from /home/airflow/.local/lib/python3.8/site-packages/airflow/example_dags/example_latest_only.py
[2024-04-16T10:19:48.810+0000] {logging_mixin.py:188} INFO - [2024-04-16T10:19:48.809+0000] {dag.py:3047} INFO - Sync 1 DAGs
[2024-04-16T10:19:48.829+0000] {logging_mixin.py:188} INFO - [2024-04-16T10:19:48.829+0000] {dag.py:3834} INFO - Setting next_dagrun for latest_only to 2024-04-16 04:00:00+00:00, run_after=2024-04-16 08:00:00+00:00
[2024-04-16T10:19:48.848+0000] {processor.py:183} INFO - Processing /home/airflow/.local/lib/python3.8/site-packages/airflow/example_dags/example_latest_only.py took 0.067 seconds
[2024-04-16T10:20:19.236+0000] {processor.py:161} INFO - Started process (PID=1173) to work on /home/airflow/.local/lib/python3.8/site-packages/airflow/example_dags/example_latest_only.py
[2024-04-16T10:20:19.238+0000] {processor.py:830} INFO - Processing file /home/airflow/.local/lib/python3.8/site-packages/airflow/example_dags/example_latest_only.py for tasks to queue
[2024-04-16T10:20:19.239+0000] {logging_mixin.py:188} INFO - [2024-04-16T10:20:19.239+0000] {dagbag.py:540} INFO - Filling up the DagBag from /home/airflow/.local/lib/python3.8/site-packages/airflow/example_dags/example_latest_only.py
[2024-04-16T10:20:19.244+0000] {processor.py:840} INFO - DAG(s) 'latest_only' retrieved from /home/airflow/.local/lib/python3.8/site-packages/airflow/example_dags/example_latest_only.py
[2024-04-16T10:20:19.264+0000] {logging_mixin.py:188} INFO - [2024-04-16T10:20:19.264+0000] {dag.py:3047} INFO - Sync 1 DAGs
[2024-04-16T10:20:19.286+0000] {logging_mixin.py:188} INFO - [2024-04-16T10:20:19.285+0000] {dag.py:3834} INFO - Setting next_dagrun for latest_only to 2024-04-16 04:00:00+00:00, run_after=2024-04-16 08:00:00+00:00
[2024-04-16T10:20:19.307+0000] {processor.py:183} INFO - Processing /home/airflow/.local/lib/python3.8/site-packages/airflow/example_dags/example_latest_only.py took 0.074 seconds
[2024-04-16T10:20:49.617+0000] {processor.py:161} INFO - Started process (PID=1232) to work on /home/airflow/.local/lib/python3.8/site-packages/airflow/example_dags/example_latest_only.py
[2024-04-16T10:20:49.619+0000] {processor.py:830} INFO - Processing file /home/airflow/.local/lib/python3.8/site-packages/airflow/example_dags/example_latest_only.py for tasks to queue
[2024-04-16T10:20:49.622+0000] {logging_mixin.py:188} INFO - [2024-04-16T10:20:49.621+0000] {dagbag.py:540} INFO - Filling up the DagBag from /home/airflow/.local/lib/python3.8/site-packages/airflow/example_dags/example_latest_only.py
[2024-04-16T10:20:49.628+0000] {processor.py:840} INFO - DAG(s) 'latest_only' retrieved from /home/airflow/.local/lib/python3.8/site-packages/airflow/example_dags/example_latest_only.py
[2024-04-16T10:20:49.648+0000] {logging_mixin.py:188} INFO - [2024-04-16T10:20:49.647+0000] {dag.py:3047} INFO - Sync 1 DAGs
[2024-04-16T10:20:49.673+0000] {logging_mixin.py:188} INFO - [2024-04-16T10:20:49.673+0000] {dag.py:3834} INFO - Setting next_dagrun for latest_only to 2024-04-16 04:00:00+00:00, run_after=2024-04-16 08:00:00+00:00
[2024-04-16T10:20:49.695+0000] {processor.py:183} INFO - Processing /home/airflow/.local/lib/python3.8/site-packages/airflow/example_dags/example_latest_only.py took 0.082 seconds
[2024-04-16T10:21:20.088+0000] {processor.py:161} INFO - Started process (PID=1291) to work on /home/airflow/.local/lib/python3.8/site-packages/airflow/example_dags/example_latest_only.py
[2024-04-16T10:21:20.089+0000] {processor.py:830} INFO - Processing file /home/airflow/.local/lib/python3.8/site-packages/airflow/example_dags/example_latest_only.py for tasks to queue
[2024-04-16T10:21:20.091+0000] {logging_mixin.py:188} INFO - [2024-04-16T10:21:20.091+0000] {dagbag.py:540} INFO - Filling up the DagBag from /home/airflow/.local/lib/python3.8/site-packages/airflow/example_dags/example_latest_only.py
[2024-04-16T10:21:20.096+0000] {processor.py:840} INFO - DAG(s) 'latest_only' retrieved from /home/airflow/.local/lib/python3.8/site-packages/airflow/example_dags/example_latest_only.py
[2024-04-16T10:21:20.120+0000] {logging_mixin.py:188} INFO - [2024-04-16T10:21:20.119+0000] {dag.py:3047} INFO - Sync 1 DAGs
[2024-04-16T10:21:20.141+0000] {logging_mixin.py:188} INFO - [2024-04-16T10:21:20.141+0000] {dag.py:3834} INFO - Setting next_dagrun for latest_only to 2024-04-16 04:00:00+00:00, run_after=2024-04-16 08:00:00+00:00
[2024-04-16T10:21:20.160+0000] {processor.py:183} INFO - Processing /home/airflow/.local/lib/python3.8/site-packages/airflow/example_dags/example_latest_only.py took 0.076 seconds
[2024-04-16T10:21:50.519+0000] {processor.py:161} INFO - Started process (PID=1350) to work on /home/airflow/.local/lib/python3.8/site-packages/airflow/example_dags/example_latest_only.py
[2024-04-16T10:21:50.521+0000] {processor.py:830} INFO - Processing file /home/airflow/.local/lib/python3.8/site-packages/airflow/example_dags/example_latest_only.py for tasks to queue
[2024-04-16T10:21:50.524+0000] {logging_mixin.py:188} INFO - [2024-04-16T10:21:50.523+0000] {dagbag.py:540} INFO - Filling up the DagBag from /home/airflow/.local/lib/python3.8/site-packages/airflow/example_dags/example_latest_only.py
[2024-04-16T10:21:50.530+0000] {processor.py:840} INFO - DAG(s) 'latest_only' retrieved from /home/airflow/.local/lib/python3.8/site-packages/airflow/example_dags/example_latest_only.py
[2024-04-16T10:21:50.554+0000] {logging_mixin.py:188} INFO - [2024-04-16T10:21:50.554+0000] {dag.py:3047} INFO - Sync 1 DAGs
[2024-04-16T10:21:50.578+0000] {logging_mixin.py:188} INFO - [2024-04-16T10:21:50.578+0000] {dag.py:3834} INFO - Setting next_dagrun for latest_only to 2024-04-16 04:00:00+00:00, run_after=2024-04-16 08:00:00+00:00
[2024-04-16T10:21:50.595+0000] {processor.py:183} INFO - Processing /home/airflow/.local/lib/python3.8/site-packages/airflow/example_dags/example_latest_only.py took 0.079 seconds
[2024-04-16T10:22:21.131+0000] {processor.py:161} INFO - Started process (PID=1409) to work on /home/airflow/.local/lib/python3.8/site-packages/airflow/example_dags/example_latest_only.py
[2024-04-16T10:22:21.132+0000] {processor.py:830} INFO - Processing file /home/airflow/.local/lib/python3.8/site-packages/airflow/example_dags/example_latest_only.py for tasks to queue
[2024-04-16T10:22:21.134+0000] {logging_mixin.py:188} INFO - [2024-04-16T10:22:21.134+0000] {dagbag.py:540} INFO - Filling up the DagBag from /home/airflow/.local/lib/python3.8/site-packages/airflow/example_dags/example_latest_only.py
[2024-04-16T10:22:21.139+0000] {processor.py:840} INFO - DAG(s) 'latest_only' retrieved from /home/airflow/.local/lib/python3.8/site-packages/airflow/example_dags/example_latest_only.py
[2024-04-16T10:22:21.160+0000] {logging_mixin.py:188} INFO - [2024-04-16T10:22:21.160+0000] {dag.py:3047} INFO - Sync 1 DAGs
[2024-04-16T10:22:21.185+0000] {logging_mixin.py:188} INFO - [2024-04-16T10:22:21.185+0000] {dag.py:3834} INFO - Setting next_dagrun for latest_only to 2024-04-16 04:00:00+00:00, run_after=2024-04-16 08:00:00+00:00
[2024-04-16T10:22:21.205+0000] {processor.py:183} INFO - Processing /home/airflow/.local/lib/python3.8/site-packages/airflow/example_dags/example_latest_only.py took 0.078 seconds
[2024-04-16T10:22:51.540+0000] {processor.py:161} INFO - Started process (PID=1468) to work on /home/airflow/.local/lib/python3.8/site-packages/airflow/example_dags/example_latest_only.py
[2024-04-16T10:22:51.541+0000] {processor.py:830} INFO - Processing file /home/airflow/.local/lib/python3.8/site-packages/airflow/example_dags/example_latest_only.py for tasks to queue
[2024-04-16T10:22:51.543+0000] {logging_mixin.py:188} INFO - [2024-04-16T10:22:51.543+0000] {dagbag.py:540} INFO - Filling up the DagBag from /home/airflow/.local/lib/python3.8/site-packages/airflow/example_dags/example_latest_only.py
[2024-04-16T10:22:51.549+0000] {processor.py:840} INFO - DAG(s) 'latest_only' retrieved from /home/airflow/.local/lib/python3.8/site-packages/airflow/example_dags/example_latest_only.py
[2024-04-16T10:22:51.568+0000] {logging_mixin.py:188} INFO - [2024-04-16T10:22:51.568+0000] {dag.py:3047} INFO - Sync 1 DAGs
[2024-04-16T10:22:51.591+0000] {logging_mixin.py:188} INFO - [2024-04-16T10:22:51.590+0000] {dag.py:3834} INFO - Setting next_dagrun for latest_only to 2024-04-16 04:00:00+00:00, run_after=2024-04-16 08:00:00+00:00
[2024-04-16T10:22:51.626+0000] {processor.py:183} INFO - Processing /home/airflow/.local/lib/python3.8/site-packages/airflow/example_dags/example_latest_only.py took 0.090 seconds
