[2024-04-16T10:11:08.121+0000] {processor.py:161} INFO - Started process (PID=86) to work on /home/airflow/.local/lib/python3.8/site-packages/airflow/example_dags/example_nested_branch_dag.py
[2024-04-16T10:11:08.123+0000] {processor.py:830} INFO - Processing file /home/airflow/.local/lib/python3.8/site-packages/airflow/example_dags/example_nested_branch_dag.py for tasks to queue
[2024-04-16T10:11:08.127+0000] {logging_mixin.py:188} INFO - [2024-04-16T10:11:08.126+0000] {dagbag.py:540} INFO - Filling up the DagBag from /home/airflow/.local/lib/python3.8/site-packages/airflow/example_dags/example_nested_branch_dag.py
[2024-04-16T10:11:08.155+0000] {processor.py:840} INFO - DAG(s) 'example_nested_branch_dag' retrieved from /home/airflow/.local/lib/python3.8/site-packages/airflow/example_dags/example_nested_branch_dag.py
[2024-04-16T10:11:08.176+0000] {logging_mixin.py:188} INFO - [2024-04-16T10:11:08.176+0000] {dag.py:3047} INFO - Sync 1 DAGs
[2024-04-16T10:11:08.216+0000] {logging_mixin.py:188} INFO - [2024-04-16T10:11:08.215+0000] {dag.py:3834} INFO - Setting next_dagrun for example_nested_branch_dag to 2024-04-15 00:00:00+00:00, run_after=2024-04-16 00:00:00+00:00
[2024-04-16T10:11:08.256+0000] {processor.py:183} INFO - Processing /home/airflow/.local/lib/python3.8/site-packages/airflow/example_dags/example_nested_branch_dag.py took 0.141 seconds
[2024-04-16T10:11:38.582+0000] {processor.py:161} INFO - Started process (PID=160) to work on /home/airflow/.local/lib/python3.8/site-packages/airflow/example_dags/example_nested_branch_dag.py
[2024-04-16T10:11:38.583+0000] {processor.py:830} INFO - Processing file /home/airflow/.local/lib/python3.8/site-packages/airflow/example_dags/example_nested_branch_dag.py for tasks to queue
[2024-04-16T10:11:38.586+0000] {logging_mixin.py:188} INFO - [2024-04-16T10:11:38.585+0000] {dagbag.py:540} INFO - Filling up the DagBag from /home/airflow/.local/lib/python3.8/site-packages/airflow/example_dags/example_nested_branch_dag.py
[2024-04-16T10:11:38.594+0000] {processor.py:840} INFO - DAG(s) 'example_nested_branch_dag' retrieved from /home/airflow/.local/lib/python3.8/site-packages/airflow/example_dags/example_nested_branch_dag.py
[2024-04-16T10:11:38.679+0000] {logging_mixin.py:188} INFO - [2024-04-16T10:11:38.679+0000] {dag.py:3047} INFO - Sync 1 DAGs
[2024-04-16T10:11:38.699+0000] {logging_mixin.py:188} INFO - [2024-04-16T10:11:38.698+0000] {dag.py:3834} INFO - Setting next_dagrun for example_nested_branch_dag to 2024-04-15 00:00:00+00:00, run_after=2024-04-16 00:00:00+00:00
[2024-04-16T10:11:38.717+0000] {processor.py:183} INFO - Processing /home/airflow/.local/lib/python3.8/site-packages/airflow/example_dags/example_nested_branch_dag.py took 0.139 seconds
[2024-04-16T10:12:09.547+0000] {processor.py:161} INFO - Started process (PID=219) to work on /home/airflow/.local/lib/python3.8/site-packages/airflow/example_dags/example_nested_branch_dag.py
[2024-04-16T10:12:09.548+0000] {processor.py:830} INFO - Processing file /home/airflow/.local/lib/python3.8/site-packages/airflow/example_dags/example_nested_branch_dag.py for tasks to queue
[2024-04-16T10:12:09.550+0000] {logging_mixin.py:188} INFO - [2024-04-16T10:12:09.550+0000] {dagbag.py:540} INFO - Filling up the DagBag from /home/airflow/.local/lib/python3.8/site-packages/airflow/example_dags/example_nested_branch_dag.py
[2024-04-16T10:12:09.559+0000] {processor.py:840} INFO - DAG(s) 'example_nested_branch_dag' retrieved from /home/airflow/.local/lib/python3.8/site-packages/airflow/example_dags/example_nested_branch_dag.py
[2024-04-16T10:12:09.581+0000] {logging_mixin.py:188} INFO - [2024-04-16T10:12:09.581+0000] {dag.py:3047} INFO - Sync 1 DAGs
[2024-04-16T10:12:09.613+0000] {logging_mixin.py:188} INFO - [2024-04-16T10:12:09.613+0000] {dag.py:3834} INFO - Setting next_dagrun for example_nested_branch_dag to 2024-04-15 00:00:00+00:00, run_after=2024-04-16 00:00:00+00:00
[2024-04-16T10:12:09.638+0000] {processor.py:183} INFO - Processing /home/airflow/.local/lib/python3.8/site-packages/airflow/example_dags/example_nested_branch_dag.py took 0.094 seconds
[2024-04-16T10:12:40.004+0000] {processor.py:161} INFO - Started process (PID=278) to work on /home/airflow/.local/lib/python3.8/site-packages/airflow/example_dags/example_nested_branch_dag.py
[2024-04-16T10:12:40.005+0000] {processor.py:830} INFO - Processing file /home/airflow/.local/lib/python3.8/site-packages/airflow/example_dags/example_nested_branch_dag.py for tasks to queue
[2024-04-16T10:12:40.007+0000] {logging_mixin.py:188} INFO - [2024-04-16T10:12:40.007+0000] {dagbag.py:540} INFO - Filling up the DagBag from /home/airflow/.local/lib/python3.8/site-packages/airflow/example_dags/example_nested_branch_dag.py
[2024-04-16T10:12:40.017+0000] {processor.py:840} INFO - DAG(s) 'example_nested_branch_dag' retrieved from /home/airflow/.local/lib/python3.8/site-packages/airflow/example_dags/example_nested_branch_dag.py
[2024-04-16T10:12:40.038+0000] {logging_mixin.py:188} INFO - [2024-04-16T10:12:40.038+0000] {dag.py:3047} INFO - Sync 1 DAGs
[2024-04-16T10:12:40.058+0000] {logging_mixin.py:188} INFO - [2024-04-16T10:12:40.057+0000] {dag.py:3834} INFO - Setting next_dagrun for example_nested_branch_dag to 2024-04-15 00:00:00+00:00, run_after=2024-04-16 00:00:00+00:00
[2024-04-16T10:12:40.074+0000] {processor.py:183} INFO - Processing /home/airflow/.local/lib/python3.8/site-packages/airflow/example_dags/example_nested_branch_dag.py took 0.074 seconds
[2024-04-16T10:13:11.041+0000] {processor.py:161} INFO - Started process (PID=337) to work on /home/airflow/.local/lib/python3.8/site-packages/airflow/example_dags/example_nested_branch_dag.py
[2024-04-16T10:13:11.042+0000] {processor.py:830} INFO - Processing file /home/airflow/.local/lib/python3.8/site-packages/airflow/example_dags/example_nested_branch_dag.py for tasks to queue
[2024-04-16T10:13:11.044+0000] {logging_mixin.py:188} INFO - [2024-04-16T10:13:11.044+0000] {dagbag.py:540} INFO - Filling up the DagBag from /home/airflow/.local/lib/python3.8/site-packages/airflow/example_dags/example_nested_branch_dag.py
[2024-04-16T10:13:11.053+0000] {processor.py:840} INFO - DAG(s) 'example_nested_branch_dag' retrieved from /home/airflow/.local/lib/python3.8/site-packages/airflow/example_dags/example_nested_branch_dag.py
[2024-04-16T10:13:11.073+0000] {logging_mixin.py:188} INFO - [2024-04-16T10:13:11.072+0000] {dag.py:3047} INFO - Sync 1 DAGs
[2024-04-16T10:13:11.094+0000] {logging_mixin.py:188} INFO - [2024-04-16T10:13:11.093+0000] {dag.py:3834} INFO - Setting next_dagrun for example_nested_branch_dag to 2024-04-15 00:00:00+00:00, run_after=2024-04-16 00:00:00+00:00
[2024-04-16T10:13:11.117+0000] {processor.py:183} INFO - Processing /home/airflow/.local/lib/python3.8/site-packages/airflow/example_dags/example_nested_branch_dag.py took 0.079 seconds
[2024-04-16T10:13:41.496+0000] {processor.py:161} INFO - Started process (PID=396) to work on /home/airflow/.local/lib/python3.8/site-packages/airflow/example_dags/example_nested_branch_dag.py
[2024-04-16T10:13:41.497+0000] {processor.py:830} INFO - Processing file /home/airflow/.local/lib/python3.8/site-packages/airflow/example_dags/example_nested_branch_dag.py for tasks to queue
[2024-04-16T10:13:41.498+0000] {logging_mixin.py:188} INFO - [2024-04-16T10:13:41.498+0000] {dagbag.py:540} INFO - Filling up the DagBag from /home/airflow/.local/lib/python3.8/site-packages/airflow/example_dags/example_nested_branch_dag.py
[2024-04-16T10:13:41.508+0000] {processor.py:840} INFO - DAG(s) 'example_nested_branch_dag' retrieved from /home/airflow/.local/lib/python3.8/site-packages/airflow/example_dags/example_nested_branch_dag.py
[2024-04-16T10:13:41.527+0000] {logging_mixin.py:188} INFO - [2024-04-16T10:13:41.526+0000] {dag.py:3047} INFO - Sync 1 DAGs
[2024-04-16T10:13:41.551+0000] {logging_mixin.py:188} INFO - [2024-04-16T10:13:41.551+0000] {dag.py:3834} INFO - Setting next_dagrun for example_nested_branch_dag to 2024-04-15 00:00:00+00:00, run_after=2024-04-16 00:00:00+00:00
[2024-04-16T10:13:41.571+0000] {processor.py:183} INFO - Processing /home/airflow/.local/lib/python3.8/site-packages/airflow/example_dags/example_nested_branch_dag.py took 0.079 seconds
[2024-04-16T10:14:11.683+0000] {processor.py:161} INFO - Started process (PID=455) to work on /home/airflow/.local/lib/python3.8/site-packages/airflow/example_dags/example_nested_branch_dag.py
[2024-04-16T10:14:11.684+0000] {processor.py:830} INFO - Processing file /home/airflow/.local/lib/python3.8/site-packages/airflow/example_dags/example_nested_branch_dag.py for tasks to queue
[2024-04-16T10:14:11.688+0000] {logging_mixin.py:188} INFO - [2024-04-16T10:14:11.687+0000] {dagbag.py:540} INFO - Filling up the DagBag from /home/airflow/.local/lib/python3.8/site-packages/airflow/example_dags/example_nested_branch_dag.py
[2024-04-16T10:14:11.704+0000] {processor.py:840} INFO - DAG(s) 'example_nested_branch_dag' retrieved from /home/airflow/.local/lib/python3.8/site-packages/airflow/example_dags/example_nested_branch_dag.py
[2024-04-16T10:14:11.744+0000] {logging_mixin.py:188} INFO - [2024-04-16T10:14:11.744+0000] {dag.py:3047} INFO - Sync 1 DAGs
[2024-04-16T10:14:11.779+0000] {logging_mixin.py:188} INFO - [2024-04-16T10:14:11.779+0000] {dag.py:3834} INFO - Setting next_dagrun for example_nested_branch_dag to 2024-04-15 00:00:00+00:00, run_after=2024-04-16 00:00:00+00:00
[2024-04-16T10:14:11.813+0000] {processor.py:183} INFO - Processing /home/airflow/.local/lib/python3.8/site-packages/airflow/example_dags/example_nested_branch_dag.py took 0.135 seconds
[2024-04-16T10:14:42.519+0000] {processor.py:161} INFO - Started process (PID=514) to work on /home/airflow/.local/lib/python3.8/site-packages/airflow/example_dags/example_nested_branch_dag.py
[2024-04-16T10:14:42.520+0000] {processor.py:830} INFO - Processing file /home/airflow/.local/lib/python3.8/site-packages/airflow/example_dags/example_nested_branch_dag.py for tasks to queue
[2024-04-16T10:14:42.522+0000] {logging_mixin.py:188} INFO - [2024-04-16T10:14:42.522+0000] {dagbag.py:540} INFO - Filling up the DagBag from /home/airflow/.local/lib/python3.8/site-packages/airflow/example_dags/example_nested_branch_dag.py
[2024-04-16T10:14:42.531+0000] {processor.py:840} INFO - DAG(s) 'example_nested_branch_dag' retrieved from /home/airflow/.local/lib/python3.8/site-packages/airflow/example_dags/example_nested_branch_dag.py
[2024-04-16T10:14:42.552+0000] {logging_mixin.py:188} INFO - [2024-04-16T10:14:42.552+0000] {dag.py:3047} INFO - Sync 1 DAGs
[2024-04-16T10:14:42.574+0000] {logging_mixin.py:188} INFO - [2024-04-16T10:14:42.573+0000] {dag.py:3834} INFO - Setting next_dagrun for example_nested_branch_dag to 2024-04-15 00:00:00+00:00, run_after=2024-04-16 00:00:00+00:00
[2024-04-16T10:14:42.595+0000] {processor.py:183} INFO - Processing /home/airflow/.local/lib/python3.8/site-packages/airflow/example_dags/example_nested_branch_dag.py took 0.080 seconds
[2024-04-16T10:15:13.359+0000] {processor.py:161} INFO - Started process (PID=573) to work on /home/airflow/.local/lib/python3.8/site-packages/airflow/example_dags/example_nested_branch_dag.py
[2024-04-16T10:15:13.361+0000] {processor.py:830} INFO - Processing file /home/airflow/.local/lib/python3.8/site-packages/airflow/example_dags/example_nested_branch_dag.py for tasks to queue
[2024-04-16T10:15:13.363+0000] {logging_mixin.py:188} INFO - [2024-04-16T10:15:13.363+0000] {dagbag.py:540} INFO - Filling up the DagBag from /home/airflow/.local/lib/python3.8/site-packages/airflow/example_dags/example_nested_branch_dag.py
[2024-04-16T10:15:13.380+0000] {processor.py:840} INFO - DAG(s) 'example_nested_branch_dag' retrieved from /home/airflow/.local/lib/python3.8/site-packages/airflow/example_dags/example_nested_branch_dag.py
[2024-04-16T10:15:13.416+0000] {logging_mixin.py:188} INFO - [2024-04-16T10:15:13.416+0000] {dag.py:3047} INFO - Sync 1 DAGs
[2024-04-16T10:15:13.450+0000] {logging_mixin.py:188} INFO - [2024-04-16T10:15:13.449+0000] {dag.py:3834} INFO - Setting next_dagrun for example_nested_branch_dag to 2024-04-15 00:00:00+00:00, run_after=2024-04-16 00:00:00+00:00
[2024-04-16T10:15:13.483+0000] {processor.py:183} INFO - Processing /home/airflow/.local/lib/python3.8/site-packages/airflow/example_dags/example_nested_branch_dag.py took 0.128 seconds
[2024-04-16T10:15:44.936+0000] {processor.py:161} INFO - Started process (PID=632) to work on /home/airflow/.local/lib/python3.8/site-packages/airflow/example_dags/example_nested_branch_dag.py
[2024-04-16T10:15:44.946+0000] {processor.py:830} INFO - Processing file /home/airflow/.local/lib/python3.8/site-packages/airflow/example_dags/example_nested_branch_dag.py for tasks to queue
[2024-04-16T10:15:44.950+0000] {logging_mixin.py:188} INFO - [2024-04-16T10:15:44.950+0000] {dagbag.py:540} INFO - Filling up the DagBag from /home/airflow/.local/lib/python3.8/site-packages/airflow/example_dags/example_nested_branch_dag.py
[2024-04-16T10:15:44.986+0000] {processor.py:840} INFO - DAG(s) 'example_nested_branch_dag' retrieved from /home/airflow/.local/lib/python3.8/site-packages/airflow/example_dags/example_nested_branch_dag.py
[2024-04-16T10:15:45.046+0000] {logging_mixin.py:188} INFO - [2024-04-16T10:15:45.046+0000] {dag.py:3047} INFO - Sync 1 DAGs
[2024-04-16T10:15:45.104+0000] {logging_mixin.py:188} INFO - [2024-04-16T10:15:45.104+0000] {dag.py:3834} INFO - Setting next_dagrun for example_nested_branch_dag to 2024-04-15 00:00:00+00:00, run_after=2024-04-16 00:00:00+00:00
[2024-04-16T10:15:45.167+0000] {processor.py:183} INFO - Processing /home/airflow/.local/lib/python3.8/site-packages/airflow/example_dags/example_nested_branch_dag.py took 0.238 seconds
[2024-04-16T10:16:15.565+0000] {processor.py:161} INFO - Started process (PID=691) to work on /home/airflow/.local/lib/python3.8/site-packages/airflow/example_dags/example_nested_branch_dag.py
[2024-04-16T10:16:15.567+0000] {processor.py:830} INFO - Processing file /home/airflow/.local/lib/python3.8/site-packages/airflow/example_dags/example_nested_branch_dag.py for tasks to queue
[2024-04-16T10:16:15.571+0000] {logging_mixin.py:188} INFO - [2024-04-16T10:16:15.570+0000] {dagbag.py:540} INFO - Filling up the DagBag from /home/airflow/.local/lib/python3.8/site-packages/airflow/example_dags/example_nested_branch_dag.py
[2024-04-16T10:16:15.581+0000] {processor.py:840} INFO - DAG(s) 'example_nested_branch_dag' retrieved from /home/airflow/.local/lib/python3.8/site-packages/airflow/example_dags/example_nested_branch_dag.py
[2024-04-16T10:16:15.604+0000] {logging_mixin.py:188} INFO - [2024-04-16T10:16:15.604+0000] {dag.py:3047} INFO - Sync 1 DAGs
[2024-04-16T10:16:15.626+0000] {logging_mixin.py:188} INFO - [2024-04-16T10:16:15.626+0000] {dag.py:3834} INFO - Setting next_dagrun for example_nested_branch_dag to 2024-04-15 00:00:00+00:00, run_after=2024-04-16 00:00:00+00:00
[2024-04-16T10:16:15.654+0000] {processor.py:183} INFO - Processing /home/airflow/.local/lib/python3.8/site-packages/airflow/example_dags/example_nested_branch_dag.py took 0.092 seconds
[2024-04-16T10:16:46.196+0000] {processor.py:161} INFO - Started process (PID=750) to work on /home/airflow/.local/lib/python3.8/site-packages/airflow/example_dags/example_nested_branch_dag.py
[2024-04-16T10:16:46.198+0000] {processor.py:830} INFO - Processing file /home/airflow/.local/lib/python3.8/site-packages/airflow/example_dags/example_nested_branch_dag.py for tasks to queue
[2024-04-16T10:16:46.200+0000] {logging_mixin.py:188} INFO - [2024-04-16T10:16:46.200+0000] {dagbag.py:540} INFO - Filling up the DagBag from /home/airflow/.local/lib/python3.8/site-packages/airflow/example_dags/example_nested_branch_dag.py
[2024-04-16T10:16:46.209+0000] {processor.py:840} INFO - DAG(s) 'example_nested_branch_dag' retrieved from /home/airflow/.local/lib/python3.8/site-packages/airflow/example_dags/example_nested_branch_dag.py
[2024-04-16T10:16:46.236+0000] {logging_mixin.py:188} INFO - [2024-04-16T10:16:46.236+0000] {dag.py:3047} INFO - Sync 1 DAGs
[2024-04-16T10:16:46.262+0000] {logging_mixin.py:188} INFO - [2024-04-16T10:16:46.262+0000] {dag.py:3834} INFO - Setting next_dagrun for example_nested_branch_dag to 2024-04-15 00:00:00+00:00, run_after=2024-04-16 00:00:00+00:00
[2024-04-16T10:16:46.283+0000] {processor.py:183} INFO - Processing /home/airflow/.local/lib/python3.8/site-packages/airflow/example_dags/example_nested_branch_dag.py took 0.090 seconds
[2024-04-16T10:17:16.587+0000] {processor.py:161} INFO - Started process (PID=809) to work on /home/airflow/.local/lib/python3.8/site-packages/airflow/example_dags/example_nested_branch_dag.py
[2024-04-16T10:17:16.589+0000] {processor.py:830} INFO - Processing file /home/airflow/.local/lib/python3.8/site-packages/airflow/example_dags/example_nested_branch_dag.py for tasks to queue
[2024-04-16T10:17:16.591+0000] {logging_mixin.py:188} INFO - [2024-04-16T10:17:16.591+0000] {dagbag.py:540} INFO - Filling up the DagBag from /home/airflow/.local/lib/python3.8/site-packages/airflow/example_dags/example_nested_branch_dag.py
[2024-04-16T10:17:16.602+0000] {processor.py:840} INFO - DAG(s) 'example_nested_branch_dag' retrieved from /home/airflow/.local/lib/python3.8/site-packages/airflow/example_dags/example_nested_branch_dag.py
[2024-04-16T10:17:16.631+0000] {logging_mixin.py:188} INFO - [2024-04-16T10:17:16.630+0000] {dag.py:3047} INFO - Sync 1 DAGs
[2024-04-16T10:17:16.656+0000] {logging_mixin.py:188} INFO - [2024-04-16T10:17:16.655+0000] {dag.py:3834} INFO - Setting next_dagrun for example_nested_branch_dag to 2024-04-15 00:00:00+00:00, run_after=2024-04-16 00:00:00+00:00
[2024-04-16T10:17:16.680+0000] {processor.py:183} INFO - Processing /home/airflow/.local/lib/python3.8/site-packages/airflow/example_dags/example_nested_branch_dag.py took 0.097 seconds
[2024-04-16T10:17:46.827+0000] {processor.py:161} INFO - Started process (PID=874) to work on /home/airflow/.local/lib/python3.8/site-packages/airflow/example_dags/example_nested_branch_dag.py
[2024-04-16T10:17:46.829+0000] {processor.py:830} INFO - Processing file /home/airflow/.local/lib/python3.8/site-packages/airflow/example_dags/example_nested_branch_dag.py for tasks to queue
[2024-04-16T10:17:46.830+0000] {logging_mixin.py:188} INFO - [2024-04-16T10:17:46.830+0000] {dagbag.py:540} INFO - Filling up the DagBag from /home/airflow/.local/lib/python3.8/site-packages/airflow/example_dags/example_nested_branch_dag.py
[2024-04-16T10:17:46.841+0000] {processor.py:840} INFO - DAG(s) 'example_nested_branch_dag' retrieved from /home/airflow/.local/lib/python3.8/site-packages/airflow/example_dags/example_nested_branch_dag.py
[2024-04-16T10:17:46.866+0000] {logging_mixin.py:188} INFO - [2024-04-16T10:17:46.865+0000] {dag.py:3047} INFO - Sync 1 DAGs
[2024-04-16T10:17:46.891+0000] {logging_mixin.py:188} INFO - [2024-04-16T10:17:46.890+0000] {dag.py:3834} INFO - Setting next_dagrun for example_nested_branch_dag to 2024-04-15 00:00:00+00:00, run_after=2024-04-16 00:00:00+00:00
[2024-04-16T10:17:46.912+0000] {processor.py:183} INFO - Processing /home/airflow/.local/lib/python3.8/site-packages/airflow/example_dags/example_nested_branch_dag.py took 0.088 seconds
[2024-04-16T10:18:17.023+0000] {processor.py:161} INFO - Started process (PID=933) to work on /home/airflow/.local/lib/python3.8/site-packages/airflow/example_dags/example_nested_branch_dag.py
[2024-04-16T10:18:17.024+0000] {processor.py:830} INFO - Processing file /home/airflow/.local/lib/python3.8/site-packages/airflow/example_dags/example_nested_branch_dag.py for tasks to queue
[2024-04-16T10:18:17.027+0000] {logging_mixin.py:188} INFO - [2024-04-16T10:18:17.026+0000] {dagbag.py:540} INFO - Filling up the DagBag from /home/airflow/.local/lib/python3.8/site-packages/airflow/example_dags/example_nested_branch_dag.py
[2024-04-16T10:18:17.036+0000] {processor.py:840} INFO - DAG(s) 'example_nested_branch_dag' retrieved from /home/airflow/.local/lib/python3.8/site-packages/airflow/example_dags/example_nested_branch_dag.py
[2024-04-16T10:18:17.055+0000] {logging_mixin.py:188} INFO - [2024-04-16T10:18:17.054+0000] {dag.py:3047} INFO - Sync 1 DAGs
[2024-04-16T10:18:17.078+0000] {logging_mixin.py:188} INFO - [2024-04-16T10:18:17.078+0000] {dag.py:3834} INFO - Setting next_dagrun for example_nested_branch_dag to 2024-04-15 00:00:00+00:00, run_after=2024-04-16 00:00:00+00:00
[2024-04-16T10:18:17.095+0000] {processor.py:183} INFO - Processing /home/airflow/.local/lib/python3.8/site-packages/airflow/example_dags/example_nested_branch_dag.py took 0.075 seconds
[2024-04-16T10:18:48.022+0000] {processor.py:161} INFO - Started process (PID=992) to work on /home/airflow/.local/lib/python3.8/site-packages/airflow/example_dags/example_nested_branch_dag.py
[2024-04-16T10:18:48.023+0000] {processor.py:830} INFO - Processing file /home/airflow/.local/lib/python3.8/site-packages/airflow/example_dags/example_nested_branch_dag.py for tasks to queue
[2024-04-16T10:18:48.026+0000] {logging_mixin.py:188} INFO - [2024-04-16T10:18:48.026+0000] {dagbag.py:540} INFO - Filling up the DagBag from /home/airflow/.local/lib/python3.8/site-packages/airflow/example_dags/example_nested_branch_dag.py
[2024-04-16T10:18:48.035+0000] {processor.py:840} INFO - DAG(s) 'example_nested_branch_dag' retrieved from /home/airflow/.local/lib/python3.8/site-packages/airflow/example_dags/example_nested_branch_dag.py
[2024-04-16T10:18:48.055+0000] {logging_mixin.py:188} INFO - [2024-04-16T10:18:48.055+0000] {dag.py:3047} INFO - Sync 1 DAGs
[2024-04-16T10:18:48.077+0000] {logging_mixin.py:188} INFO - [2024-04-16T10:18:48.077+0000] {dag.py:3834} INFO - Setting next_dagrun for example_nested_branch_dag to 2024-04-15 00:00:00+00:00, run_after=2024-04-16 00:00:00+00:00
[2024-04-16T10:18:48.095+0000] {processor.py:183} INFO - Processing /home/airflow/.local/lib/python3.8/site-packages/airflow/example_dags/example_nested_branch_dag.py took 0.076 seconds
[2024-04-16T10:19:18.159+0000] {processor.py:161} INFO - Started process (PID=1050) to work on /home/airflow/.local/lib/python3.8/site-packages/airflow/example_dags/example_nested_branch_dag.py
[2024-04-16T10:19:18.160+0000] {processor.py:830} INFO - Processing file /home/airflow/.local/lib/python3.8/site-packages/airflow/example_dags/example_nested_branch_dag.py for tasks to queue
[2024-04-16T10:19:18.162+0000] {logging_mixin.py:188} INFO - [2024-04-16T10:19:18.162+0000] {dagbag.py:540} INFO - Filling up the DagBag from /home/airflow/.local/lib/python3.8/site-packages/airflow/example_dags/example_nested_branch_dag.py
[2024-04-16T10:19:18.170+0000] {processor.py:840} INFO - DAG(s) 'example_nested_branch_dag' retrieved from /home/airflow/.local/lib/python3.8/site-packages/airflow/example_dags/example_nested_branch_dag.py
[2024-04-16T10:19:18.190+0000] {logging_mixin.py:188} INFO - [2024-04-16T10:19:18.190+0000] {dag.py:3047} INFO - Sync 1 DAGs
[2024-04-16T10:19:18.213+0000] {logging_mixin.py:188} INFO - [2024-04-16T10:19:18.213+0000] {dag.py:3834} INFO - Setting next_dagrun for example_nested_branch_dag to 2024-04-15 00:00:00+00:00, run_after=2024-04-16 00:00:00+00:00
[2024-04-16T10:19:18.233+0000] {processor.py:183} INFO - Processing /home/airflow/.local/lib/python3.8/site-packages/airflow/example_dags/example_nested_branch_dag.py took 0.077 seconds
[2024-04-16T10:19:48.362+0000] {processor.py:161} INFO - Started process (PID=1109) to work on /home/airflow/.local/lib/python3.8/site-packages/airflow/example_dags/example_nested_branch_dag.py
[2024-04-16T10:19:48.363+0000] {processor.py:830} INFO - Processing file /home/airflow/.local/lib/python3.8/site-packages/airflow/example_dags/example_nested_branch_dag.py for tasks to queue
[2024-04-16T10:19:48.365+0000] {logging_mixin.py:188} INFO - [2024-04-16T10:19:48.364+0000] {dagbag.py:540} INFO - Filling up the DagBag from /home/airflow/.local/lib/python3.8/site-packages/airflow/example_dags/example_nested_branch_dag.py
[2024-04-16T10:19:48.374+0000] {processor.py:840} INFO - DAG(s) 'example_nested_branch_dag' retrieved from /home/airflow/.local/lib/python3.8/site-packages/airflow/example_dags/example_nested_branch_dag.py
[2024-04-16T10:19:48.393+0000] {logging_mixin.py:188} INFO - [2024-04-16T10:19:48.393+0000] {dag.py:3047} INFO - Sync 1 DAGs
[2024-04-16T10:19:48.412+0000] {logging_mixin.py:188} INFO - [2024-04-16T10:19:48.412+0000] {dag.py:3834} INFO - Setting next_dagrun for example_nested_branch_dag to 2024-04-15 00:00:00+00:00, run_after=2024-04-16 00:00:00+00:00
[2024-04-16T10:19:48.432+0000] {processor.py:183} INFO - Processing /home/airflow/.local/lib/python3.8/site-packages/airflow/example_dags/example_nested_branch_dag.py took 0.073 seconds
[2024-04-16T10:20:18.990+0000] {processor.py:161} INFO - Started process (PID=1169) to work on /home/airflow/.local/lib/python3.8/site-packages/airflow/example_dags/example_nested_branch_dag.py
[2024-04-16T10:20:18.991+0000] {processor.py:830} INFO - Processing file /home/airflow/.local/lib/python3.8/site-packages/airflow/example_dags/example_nested_branch_dag.py for tasks to queue
[2024-04-16T10:20:18.993+0000] {logging_mixin.py:188} INFO - [2024-04-16T10:20:18.993+0000] {dagbag.py:540} INFO - Filling up the DagBag from /home/airflow/.local/lib/python3.8/site-packages/airflow/example_dags/example_nested_branch_dag.py
[2024-04-16T10:20:19.004+0000] {processor.py:840} INFO - DAG(s) 'example_nested_branch_dag' retrieved from /home/airflow/.local/lib/python3.8/site-packages/airflow/example_dags/example_nested_branch_dag.py
[2024-04-16T10:20:19.029+0000] {logging_mixin.py:188} INFO - [2024-04-16T10:20:19.029+0000] {dag.py:3047} INFO - Sync 1 DAGs
[2024-04-16T10:20:19.054+0000] {logging_mixin.py:188} INFO - [2024-04-16T10:20:19.054+0000] {dag.py:3834} INFO - Setting next_dagrun for example_nested_branch_dag to 2024-04-15 00:00:00+00:00, run_after=2024-04-16 00:00:00+00:00
[2024-04-16T10:20:19.074+0000] {processor.py:183} INFO - Processing /home/airflow/.local/lib/python3.8/site-packages/airflow/example_dags/example_nested_branch_dag.py took 0.088 seconds
[2024-04-16T10:20:49.355+0000] {processor.py:161} INFO - Started process (PID=1228) to work on /home/airflow/.local/lib/python3.8/site-packages/airflow/example_dags/example_nested_branch_dag.py
[2024-04-16T10:20:49.357+0000] {processor.py:830} INFO - Processing file /home/airflow/.local/lib/python3.8/site-packages/airflow/example_dags/example_nested_branch_dag.py for tasks to queue
[2024-04-16T10:20:49.359+0000] {logging_mixin.py:188} INFO - [2024-04-16T10:20:49.358+0000] {dagbag.py:540} INFO - Filling up the DagBag from /home/airflow/.local/lib/python3.8/site-packages/airflow/example_dags/example_nested_branch_dag.py
[2024-04-16T10:20:49.370+0000] {processor.py:840} INFO - DAG(s) 'example_nested_branch_dag' retrieved from /home/airflow/.local/lib/python3.8/site-packages/airflow/example_dags/example_nested_branch_dag.py
[2024-04-16T10:20:49.396+0000] {logging_mixin.py:188} INFO - [2024-04-16T10:20:49.395+0000] {dag.py:3047} INFO - Sync 1 DAGs
[2024-04-16T10:20:49.422+0000] {logging_mixin.py:188} INFO - [2024-04-16T10:20:49.422+0000] {dag.py:3834} INFO - Setting next_dagrun for example_nested_branch_dag to 2024-04-15 00:00:00+00:00, run_after=2024-04-16 00:00:00+00:00
[2024-04-16T10:20:49.447+0000] {processor.py:183} INFO - Processing /home/airflow/.local/lib/python3.8/site-packages/airflow/example_dags/example_nested_branch_dag.py took 0.095 seconds
[2024-04-16T10:21:19.850+0000] {processor.py:161} INFO - Started process (PID=1287) to work on /home/airflow/.local/lib/python3.8/site-packages/airflow/example_dags/example_nested_branch_dag.py
[2024-04-16T10:21:19.852+0000] {processor.py:830} INFO - Processing file /home/airflow/.local/lib/python3.8/site-packages/airflow/example_dags/example_nested_branch_dag.py for tasks to queue
[2024-04-16T10:21:19.854+0000] {logging_mixin.py:188} INFO - [2024-04-16T10:21:19.853+0000] {dagbag.py:540} INFO - Filling up the DagBag from /home/airflow/.local/lib/python3.8/site-packages/airflow/example_dags/example_nested_branch_dag.py
[2024-04-16T10:21:19.863+0000] {processor.py:840} INFO - DAG(s) 'example_nested_branch_dag' retrieved from /home/airflow/.local/lib/python3.8/site-packages/airflow/example_dags/example_nested_branch_dag.py
[2024-04-16T10:21:19.885+0000] {logging_mixin.py:188} INFO - [2024-04-16T10:21:19.885+0000] {dag.py:3047} INFO - Sync 1 DAGs
[2024-04-16T10:21:19.909+0000] {logging_mixin.py:188} INFO - [2024-04-16T10:21:19.909+0000] {dag.py:3834} INFO - Setting next_dagrun for example_nested_branch_dag to 2024-04-15 00:00:00+00:00, run_after=2024-04-16 00:00:00+00:00
[2024-04-16T10:21:19.928+0000] {processor.py:183} INFO - Processing /home/airflow/.local/lib/python3.8/site-packages/airflow/example_dags/example_nested_branch_dag.py took 0.082 seconds
[2024-04-16T10:21:49.961+0000] {processor.py:161} INFO - Started process (PID=1345) to work on /home/airflow/.local/lib/python3.8/site-packages/airflow/example_dags/example_nested_branch_dag.py
[2024-04-16T10:21:49.962+0000] {processor.py:830} INFO - Processing file /home/airflow/.local/lib/python3.8/site-packages/airflow/example_dags/example_nested_branch_dag.py for tasks to queue
[2024-04-16T10:21:49.964+0000] {logging_mixin.py:188} INFO - [2024-04-16T10:21:49.964+0000] {dagbag.py:540} INFO - Filling up the DagBag from /home/airflow/.local/lib/python3.8/site-packages/airflow/example_dags/example_nested_branch_dag.py
[2024-04-16T10:21:49.972+0000] {processor.py:840} INFO - DAG(s) 'example_nested_branch_dag' retrieved from /home/airflow/.local/lib/python3.8/site-packages/airflow/example_dags/example_nested_branch_dag.py
[2024-04-16T10:21:49.994+0000] {logging_mixin.py:188} INFO - [2024-04-16T10:21:49.994+0000] {dag.py:3047} INFO - Sync 1 DAGs
[2024-04-16T10:21:50.014+0000] {logging_mixin.py:188} INFO - [2024-04-16T10:21:50.014+0000] {dag.py:3834} INFO - Setting next_dagrun for example_nested_branch_dag to 2024-04-15 00:00:00+00:00, run_after=2024-04-16 00:00:00+00:00
[2024-04-16T10:21:50.032+0000] {processor.py:183} INFO - Processing /home/airflow/.local/lib/python3.8/site-packages/airflow/example_dags/example_nested_branch_dag.py took 0.073 seconds
[2024-04-16T10:22:20.877+0000] {processor.py:161} INFO - Started process (PID=1405) to work on /home/airflow/.local/lib/python3.8/site-packages/airflow/example_dags/example_nested_branch_dag.py
[2024-04-16T10:22:20.878+0000] {processor.py:830} INFO - Processing file /home/airflow/.local/lib/python3.8/site-packages/airflow/example_dags/example_nested_branch_dag.py for tasks to queue
[2024-04-16T10:22:20.880+0000] {logging_mixin.py:188} INFO - [2024-04-16T10:22:20.880+0000] {dagbag.py:540} INFO - Filling up the DagBag from /home/airflow/.local/lib/python3.8/site-packages/airflow/example_dags/example_nested_branch_dag.py
[2024-04-16T10:22:20.890+0000] {processor.py:840} INFO - DAG(s) 'example_nested_branch_dag' retrieved from /home/airflow/.local/lib/python3.8/site-packages/airflow/example_dags/example_nested_branch_dag.py
[2024-04-16T10:22:20.916+0000] {logging_mixin.py:188} INFO - [2024-04-16T10:22:20.916+0000] {dag.py:3047} INFO - Sync 1 DAGs
[2024-04-16T10:22:20.946+0000] {logging_mixin.py:188} INFO - [2024-04-16T10:22:20.946+0000] {dag.py:3834} INFO - Setting next_dagrun for example_nested_branch_dag to 2024-04-15 00:00:00+00:00, run_after=2024-04-16 00:00:00+00:00
[2024-04-16T10:22:20.968+0000] {processor.py:183} INFO - Processing /home/airflow/.local/lib/python3.8/site-packages/airflow/example_dags/example_nested_branch_dag.py took 0.095 seconds
[2024-04-16T10:22:51.301+0000] {processor.py:161} INFO - Started process (PID=1464) to work on /home/airflow/.local/lib/python3.8/site-packages/airflow/example_dags/example_nested_branch_dag.py
[2024-04-16T10:22:51.303+0000] {processor.py:830} INFO - Processing file /home/airflow/.local/lib/python3.8/site-packages/airflow/example_dags/example_nested_branch_dag.py for tasks to queue
[2024-04-16T10:22:51.306+0000] {logging_mixin.py:188} INFO - [2024-04-16T10:22:51.305+0000] {dagbag.py:540} INFO - Filling up the DagBag from /home/airflow/.local/lib/python3.8/site-packages/airflow/example_dags/example_nested_branch_dag.py
[2024-04-16T10:22:51.322+0000] {processor.py:840} INFO - DAG(s) 'example_nested_branch_dag' retrieved from /home/airflow/.local/lib/python3.8/site-packages/airflow/example_dags/example_nested_branch_dag.py
[2024-04-16T10:22:51.352+0000] {logging_mixin.py:188} INFO - [2024-04-16T10:22:51.352+0000] {dag.py:3047} INFO - Sync 1 DAGs
[2024-04-16T10:22:51.387+0000] {logging_mixin.py:188} INFO - [2024-04-16T10:22:51.387+0000] {dag.py:3834} INFO - Setting next_dagrun for example_nested_branch_dag to 2024-04-15 00:00:00+00:00, run_after=2024-04-16 00:00:00+00:00
[2024-04-16T10:22:51.416+0000] {processor.py:183} INFO - Processing /home/airflow/.local/lib/python3.8/site-packages/airflow/example_dags/example_nested_branch_dag.py took 0.120 seconds
[2024-04-16T10:23:21.828+0000] {processor.py:161} INFO - Started process (PID=1523) to work on /home/airflow/.local/lib/python3.8/site-packages/airflow/example_dags/example_nested_branch_dag.py
[2024-04-16T10:23:21.830+0000] {processor.py:830} INFO - Processing file /home/airflow/.local/lib/python3.8/site-packages/airflow/example_dags/example_nested_branch_dag.py for tasks to queue
[2024-04-16T10:23:21.833+0000] {logging_mixin.py:188} INFO - [2024-04-16T10:23:21.832+0000] {dagbag.py:540} INFO - Filling up the DagBag from /home/airflow/.local/lib/python3.8/site-packages/airflow/example_dags/example_nested_branch_dag.py
[2024-04-16T10:23:21.844+0000] {processor.py:840} INFO - DAG(s) 'example_nested_branch_dag' retrieved from /home/airflow/.local/lib/python3.8/site-packages/airflow/example_dags/example_nested_branch_dag.py
[2024-04-16T10:23:21.871+0000] {logging_mixin.py:188} INFO - [2024-04-16T10:23:21.871+0000] {dag.py:3047} INFO - Sync 1 DAGs
[2024-04-16T10:23:21.894+0000] {logging_mixin.py:188} INFO - [2024-04-16T10:23:21.894+0000] {dag.py:3834} INFO - Setting next_dagrun for example_nested_branch_dag to 2024-04-15 00:00:00+00:00, run_after=2024-04-16 00:00:00+00:00
[2024-04-16T10:23:21.913+0000] {processor.py:183} INFO - Processing /home/airflow/.local/lib/python3.8/site-packages/airflow/example_dags/example_nested_branch_dag.py took 0.090 seconds
