[2024-04-16T10:11:08.408+0000] {processor.py:161} INFO - Started process (PID=89) to work on /home/airflow/.local/lib/python3.8/site-packages/airflow/example_dags/example_subdag_operator.py
[2024-04-16T10:11:08.411+0000] {processor.py:830} INFO - Processing file /home/airflow/.local/lib/python3.8/site-packages/airflow/example_dags/example_subdag_operator.py for tasks to queue
[2024-04-16T10:11:08.415+0000] {logging_mixin.py:188} INFO - [2024-04-16T10:11:08.414+0000] {dagbag.py:540} INFO - Filling up the DagBag from /home/airflow/.local/lib/python3.8/site-packages/airflow/example_dags/example_subdag_operator.py
[2024-04-16T10:11:08.463+0000] {processor.py:840} INFO - DAG(s) 'example_subdag_operator.section-1', 'example_subdag_operator.section-2', 'example_subdag_operator' retrieved from /home/airflow/.local/lib/python3.8/site-packages/airflow/example_dags/example_subdag_operator.py
[2024-04-16T10:11:08.470+0000] {logging_mixin.py:188} INFO - [2024-04-16T10:11:08.469+0000] {dag.py:3047} INFO - Sync 3 DAGs
[2024-04-16T10:11:08.542+0000] {logging_mixin.py:188} INFO - [2024-04-16T10:11:08.542+0000] {dag.py:3834} INFO - Setting next_dagrun for example_subdag_operator to 2022-01-01 00:00:00+00:00, run_after=2022-01-01 00:00:00+00:00
[2024-04-16T10:11:08.550+0000] {logging_mixin.py:188} INFO - [2024-04-16T10:11:08.549+0000] {dag.py:3834} INFO - Setting next_dagrun for example_subdag_operator.section-1 to None, run_after=None
[2024-04-16T10:11:08.553+0000] {logging_mixin.py:188} INFO - [2024-04-16T10:11:08.553+0000] {dag.py:3834} INFO - Setting next_dagrun for example_subdag_operator.section-2 to None, run_after=None
[2024-04-16T10:11:08.570+0000] {logging_mixin.py:188} INFO - [2024-04-16T10:11:08.569+0000] {dag.py:3047} INFO - Sync 2 DAGs
[2024-04-16T10:11:08.582+0000] {logging_mixin.py:188} INFO - [2024-04-16T10:11:08.581+0000] {dag.py:3834} INFO - Setting next_dagrun for example_subdag_operator.section-1 to None, run_after=None
[2024-04-16T10:11:08.585+0000] {logging_mixin.py:188} INFO - [2024-04-16T10:11:08.584+0000] {dag.py:3834} INFO - Setting next_dagrun for example_subdag_operator.section-2 to None, run_after=None
[2024-04-16T10:11:08.614+0000] {processor.py:183} INFO - Processing /home/airflow/.local/lib/python3.8/site-packages/airflow/example_dags/example_subdag_operator.py took 0.209 seconds
[2024-04-16T10:11:38.844+0000] {processor.py:161} INFO - Started process (PID=163) to work on /home/airflow/.local/lib/python3.8/site-packages/airflow/example_dags/example_subdag_operator.py
[2024-04-16T10:11:38.846+0000] {processor.py:830} INFO - Processing file /home/airflow/.local/lib/python3.8/site-packages/airflow/example_dags/example_subdag_operator.py for tasks to queue
[2024-04-16T10:11:38.848+0000] {logging_mixin.py:188} INFO - [2024-04-16T10:11:38.847+0000] {dagbag.py:540} INFO - Filling up the DagBag from /home/airflow/.local/lib/python3.8/site-packages/airflow/example_dags/example_subdag_operator.py
[2024-04-16T10:11:38.867+0000] {processor.py:840} INFO - DAG(s) 'example_subdag_operator.section-1', 'example_subdag_operator.section-2', 'example_subdag_operator' retrieved from /home/airflow/.local/lib/python3.8/site-packages/airflow/example_dags/example_subdag_operator.py
[2024-04-16T10:11:38.947+0000] {logging_mixin.py:188} INFO - [2024-04-16T10:11:38.947+0000] {dag.py:3047} INFO - Sync 3 DAGs
[2024-04-16T10:11:38.964+0000] {logging_mixin.py:188} INFO - [2024-04-16T10:11:38.964+0000] {dag.py:3834} INFO - Setting next_dagrun for example_subdag_operator to 2022-01-01 00:00:00+00:00, run_after=2022-01-01 00:00:00+00:00
[2024-04-16T10:11:38.968+0000] {logging_mixin.py:188} INFO - [2024-04-16T10:11:38.967+0000] {dag.py:3834} INFO - Setting next_dagrun for example_subdag_operator.section-1 to None, run_after=None
[2024-04-16T10:11:38.970+0000] {logging_mixin.py:188} INFO - [2024-04-16T10:11:38.970+0000] {dag.py:3834} INFO - Setting next_dagrun for example_subdag_operator.section-2 to None, run_after=None
[2024-04-16T10:11:38.980+0000] {logging_mixin.py:188} INFO - [2024-04-16T10:11:38.979+0000] {dag.py:3047} INFO - Sync 2 DAGs
[2024-04-16T10:11:38.986+0000] {logging_mixin.py:188} INFO - [2024-04-16T10:11:38.985+0000] {dag.py:3834} INFO - Setting next_dagrun for example_subdag_operator.section-1 to None, run_after=None
[2024-04-16T10:11:38.987+0000] {logging_mixin.py:188} INFO - [2024-04-16T10:11:38.987+0000] {dag.py:3834} INFO - Setting next_dagrun for example_subdag_operator.section-2 to None, run_after=None
[2024-04-16T10:11:38.998+0000] {processor.py:183} INFO - Processing /home/airflow/.local/lib/python3.8/site-packages/airflow/example_dags/example_subdag_operator.py took 0.156 seconds
[2024-04-16T10:12:09.811+0000] {processor.py:161} INFO - Started process (PID=222) to work on /home/airflow/.local/lib/python3.8/site-packages/airflow/example_dags/example_subdag_operator.py
[2024-04-16T10:12:09.812+0000] {processor.py:830} INFO - Processing file /home/airflow/.local/lib/python3.8/site-packages/airflow/example_dags/example_subdag_operator.py for tasks to queue
[2024-04-16T10:12:09.814+0000] {logging_mixin.py:188} INFO - [2024-04-16T10:12:09.814+0000] {dagbag.py:540} INFO - Filling up the DagBag from /home/airflow/.local/lib/python3.8/site-packages/airflow/example_dags/example_subdag_operator.py
[2024-04-16T10:12:09.833+0000] {processor.py:840} INFO - DAG(s) 'example_subdag_operator.section-1', 'example_subdag_operator.section-2', 'example_subdag_operator' retrieved from /home/airflow/.local/lib/python3.8/site-packages/airflow/example_dags/example_subdag_operator.py
[2024-04-16T10:12:09.849+0000] {logging_mixin.py:188} INFO - [2024-04-16T10:12:09.848+0000] {dag.py:3047} INFO - Sync 3 DAGs
[2024-04-16T10:12:09.869+0000] {logging_mixin.py:188} INFO - [2024-04-16T10:12:09.868+0000] {dag.py:3834} INFO - Setting next_dagrun for example_subdag_operator to 2022-01-01 00:00:00+00:00, run_after=2022-01-01 00:00:00+00:00
[2024-04-16T10:12:09.872+0000] {logging_mixin.py:188} INFO - [2024-04-16T10:12:09.872+0000] {dag.py:3834} INFO - Setting next_dagrun for example_subdag_operator.section-1 to None, run_after=None
[2024-04-16T10:12:09.874+0000] {logging_mixin.py:188} INFO - [2024-04-16T10:12:09.874+0000] {dag.py:3834} INFO - Setting next_dagrun for example_subdag_operator.section-2 to None, run_after=None
[2024-04-16T10:12:09.881+0000] {logging_mixin.py:188} INFO - [2024-04-16T10:12:09.881+0000] {dag.py:3047} INFO - Sync 2 DAGs
[2024-04-16T10:12:09.887+0000] {logging_mixin.py:188} INFO - [2024-04-16T10:12:09.887+0000] {dag.py:3834} INFO - Setting next_dagrun for example_subdag_operator.section-1 to None, run_after=None
[2024-04-16T10:12:09.888+0000] {logging_mixin.py:188} INFO - [2024-04-16T10:12:09.888+0000] {dag.py:3834} INFO - Setting next_dagrun for example_subdag_operator.section-2 to None, run_after=None
[2024-04-16T10:12:09.901+0000] {processor.py:183} INFO - Processing /home/airflow/.local/lib/python3.8/site-packages/airflow/example_dags/example_subdag_operator.py took 0.093 seconds
[2024-04-16T10:12:40.198+0000] {processor.py:161} INFO - Started process (PID=281) to work on /home/airflow/.local/lib/python3.8/site-packages/airflow/example_dags/example_subdag_operator.py
[2024-04-16T10:12:40.200+0000] {processor.py:830} INFO - Processing file /home/airflow/.local/lib/python3.8/site-packages/airflow/example_dags/example_subdag_operator.py for tasks to queue
[2024-04-16T10:12:40.202+0000] {logging_mixin.py:188} INFO - [2024-04-16T10:12:40.202+0000] {dagbag.py:540} INFO - Filling up the DagBag from /home/airflow/.local/lib/python3.8/site-packages/airflow/example_dags/example_subdag_operator.py
[2024-04-16T10:12:40.224+0000] {processor.py:840} INFO - DAG(s) 'example_subdag_operator.section-1', 'example_subdag_operator.section-2', 'example_subdag_operator' retrieved from /home/airflow/.local/lib/python3.8/site-packages/airflow/example_dags/example_subdag_operator.py
[2024-04-16T10:12:40.240+0000] {logging_mixin.py:188} INFO - [2024-04-16T10:12:40.240+0000] {dag.py:3047} INFO - Sync 3 DAGs
[2024-04-16T10:12:40.261+0000] {logging_mixin.py:188} INFO - [2024-04-16T10:12:40.260+0000] {dag.py:3834} INFO - Setting next_dagrun for example_subdag_operator to 2022-01-01 00:00:00+00:00, run_after=2022-01-01 00:00:00+00:00
[2024-04-16T10:12:40.265+0000] {logging_mixin.py:188} INFO - [2024-04-16T10:12:40.265+0000] {dag.py:3834} INFO - Setting next_dagrun for example_subdag_operator.section-1 to None, run_after=None
[2024-04-16T10:12:40.267+0000] {logging_mixin.py:188} INFO - [2024-04-16T10:12:40.267+0000] {dag.py:3834} INFO - Setting next_dagrun for example_subdag_operator.section-2 to None, run_after=None
[2024-04-16T10:12:40.275+0000] {logging_mixin.py:188} INFO - [2024-04-16T10:12:40.275+0000] {dag.py:3047} INFO - Sync 2 DAGs
[2024-04-16T10:12:40.281+0000] {logging_mixin.py:188} INFO - [2024-04-16T10:12:40.281+0000] {dag.py:3834} INFO - Setting next_dagrun for example_subdag_operator.section-1 to None, run_after=None
[2024-04-16T10:12:40.282+0000] {logging_mixin.py:188} INFO - [2024-04-16T10:12:40.281+0000] {dag.py:3834} INFO - Setting next_dagrun for example_subdag_operator.section-2 to None, run_after=None
[2024-04-16T10:12:40.293+0000] {processor.py:183} INFO - Processing /home/airflow/.local/lib/python3.8/site-packages/airflow/example_dags/example_subdag_operator.py took 0.098 seconds
[2024-04-16T10:13:11.279+0000] {processor.py:161} INFO - Started process (PID=340) to work on /home/airflow/.local/lib/python3.8/site-packages/airflow/example_dags/example_subdag_operator.py
[2024-04-16T10:13:11.281+0000] {processor.py:830} INFO - Processing file /home/airflow/.local/lib/python3.8/site-packages/airflow/example_dags/example_subdag_operator.py for tasks to queue
[2024-04-16T10:13:11.283+0000] {logging_mixin.py:188} INFO - [2024-04-16T10:13:11.283+0000] {dagbag.py:540} INFO - Filling up the DagBag from /home/airflow/.local/lib/python3.8/site-packages/airflow/example_dags/example_subdag_operator.py
[2024-04-16T10:13:11.305+0000] {processor.py:840} INFO - DAG(s) 'example_subdag_operator.section-1', 'example_subdag_operator.section-2', 'example_subdag_operator' retrieved from /home/airflow/.local/lib/python3.8/site-packages/airflow/example_dags/example_subdag_operator.py
[2024-04-16T10:13:11.322+0000] {logging_mixin.py:188} INFO - [2024-04-16T10:13:11.322+0000] {dag.py:3047} INFO - Sync 3 DAGs
[2024-04-16T10:13:11.342+0000] {logging_mixin.py:188} INFO - [2024-04-16T10:13:11.341+0000] {dag.py:3834} INFO - Setting next_dagrun for example_subdag_operator to 2022-01-01 00:00:00+00:00, run_after=2022-01-01 00:00:00+00:00
[2024-04-16T10:13:11.345+0000] {logging_mixin.py:188} INFO - [2024-04-16T10:13:11.345+0000] {dag.py:3834} INFO - Setting next_dagrun for example_subdag_operator.section-1 to None, run_after=None
[2024-04-16T10:13:11.347+0000] {logging_mixin.py:188} INFO - [2024-04-16T10:13:11.347+0000] {dag.py:3834} INFO - Setting next_dagrun for example_subdag_operator.section-2 to None, run_after=None
[2024-04-16T10:13:11.354+0000] {logging_mixin.py:188} INFO - [2024-04-16T10:13:11.354+0000] {dag.py:3047} INFO - Sync 2 DAGs
[2024-04-16T10:13:11.359+0000] {logging_mixin.py:188} INFO - [2024-04-16T10:13:11.359+0000] {dag.py:3834} INFO - Setting next_dagrun for example_subdag_operator.section-1 to None, run_after=None
[2024-04-16T10:13:11.360+0000] {logging_mixin.py:188} INFO - [2024-04-16T10:13:11.360+0000] {dag.py:3834} INFO - Setting next_dagrun for example_subdag_operator.section-2 to None, run_after=None
[2024-04-16T10:13:11.371+0000] {processor.py:183} INFO - Processing /home/airflow/.local/lib/python3.8/site-packages/airflow/example_dags/example_subdag_operator.py took 0.096 seconds
[2024-04-16T10:13:41.714+0000] {processor.py:161} INFO - Started process (PID=399) to work on /home/airflow/.local/lib/python3.8/site-packages/airflow/example_dags/example_subdag_operator.py
[2024-04-16T10:13:41.716+0000] {processor.py:830} INFO - Processing file /home/airflow/.local/lib/python3.8/site-packages/airflow/example_dags/example_subdag_operator.py for tasks to queue
[2024-04-16T10:13:41.720+0000] {logging_mixin.py:188} INFO - [2024-04-16T10:13:41.719+0000] {dagbag.py:540} INFO - Filling up the DagBag from /home/airflow/.local/lib/python3.8/site-packages/airflow/example_dags/example_subdag_operator.py
[2024-04-16T10:13:41.750+0000] {processor.py:840} INFO - DAG(s) 'example_subdag_operator.section-1', 'example_subdag_operator.section-2', 'example_subdag_operator' retrieved from /home/airflow/.local/lib/python3.8/site-packages/airflow/example_dags/example_subdag_operator.py
[2024-04-16T10:13:41.768+0000] {logging_mixin.py:188} INFO - [2024-04-16T10:13:41.768+0000] {dag.py:3047} INFO - Sync 3 DAGs
[2024-04-16T10:13:41.795+0000] {logging_mixin.py:188} INFO - [2024-04-16T10:13:41.795+0000] {dag.py:3834} INFO - Setting next_dagrun for example_subdag_operator to 2022-01-01 00:00:00+00:00, run_after=2022-01-01 00:00:00+00:00
[2024-04-16T10:13:41.800+0000] {logging_mixin.py:188} INFO - [2024-04-16T10:13:41.799+0000] {dag.py:3834} INFO - Setting next_dagrun for example_subdag_operator.section-1 to None, run_after=None
[2024-04-16T10:13:41.803+0000] {logging_mixin.py:188} INFO - [2024-04-16T10:13:41.802+0000] {dag.py:3834} INFO - Setting next_dagrun for example_subdag_operator.section-2 to None, run_after=None
[2024-04-16T10:13:41.811+0000] {logging_mixin.py:188} INFO - [2024-04-16T10:13:41.811+0000] {dag.py:3047} INFO - Sync 2 DAGs
[2024-04-16T10:13:41.817+0000] {logging_mixin.py:188} INFO - [2024-04-16T10:13:41.816+0000] {dag.py:3834} INFO - Setting next_dagrun for example_subdag_operator.section-1 to None, run_after=None
[2024-04-16T10:13:41.817+0000] {logging_mixin.py:188} INFO - [2024-04-16T10:13:41.817+0000] {dag.py:3834} INFO - Setting next_dagrun for example_subdag_operator.section-2 to None, run_after=None
[2024-04-16T10:13:41.830+0000] {processor.py:183} INFO - Processing /home/airflow/.local/lib/python3.8/site-packages/airflow/example_dags/example_subdag_operator.py took 0.120 seconds
[2024-04-16T10:14:11.972+0000] {processor.py:161} INFO - Started process (PID=458) to work on /home/airflow/.local/lib/python3.8/site-packages/airflow/example_dags/example_subdag_operator.py
[2024-04-16T10:14:11.973+0000] {processor.py:830} INFO - Processing file /home/airflow/.local/lib/python3.8/site-packages/airflow/example_dags/example_subdag_operator.py for tasks to queue
[2024-04-16T10:14:11.975+0000] {logging_mixin.py:188} INFO - [2024-04-16T10:14:11.975+0000] {dagbag.py:540} INFO - Filling up the DagBag from /home/airflow/.local/lib/python3.8/site-packages/airflow/example_dags/example_subdag_operator.py
[2024-04-16T10:14:12.000+0000] {processor.py:840} INFO - DAG(s) 'example_subdag_operator.section-1', 'example_subdag_operator.section-2', 'example_subdag_operator' retrieved from /home/airflow/.local/lib/python3.8/site-packages/airflow/example_dags/example_subdag_operator.py
[2024-04-16T10:14:12.017+0000] {logging_mixin.py:188} INFO - [2024-04-16T10:14:12.017+0000] {dag.py:3047} INFO - Sync 3 DAGs
[2024-04-16T10:14:12.044+0000] {logging_mixin.py:188} INFO - [2024-04-16T10:14:12.044+0000] {dag.py:3834} INFO - Setting next_dagrun for example_subdag_operator to 2022-01-01 00:00:00+00:00, run_after=2022-01-01 00:00:00+00:00
[2024-04-16T10:14:12.048+0000] {logging_mixin.py:188} INFO - [2024-04-16T10:14:12.048+0000] {dag.py:3834} INFO - Setting next_dagrun for example_subdag_operator.section-1 to None, run_after=None
[2024-04-16T10:14:12.050+0000] {logging_mixin.py:188} INFO - [2024-04-16T10:14:12.050+0000] {dag.py:3834} INFO - Setting next_dagrun for example_subdag_operator.section-2 to None, run_after=None
[2024-04-16T10:14:12.058+0000] {logging_mixin.py:188} INFO - [2024-04-16T10:14:12.058+0000] {dag.py:3047} INFO - Sync 2 DAGs
[2024-04-16T10:14:12.065+0000] {logging_mixin.py:188} INFO - [2024-04-16T10:14:12.064+0000] {dag.py:3834} INFO - Setting next_dagrun for example_subdag_operator.section-1 to None, run_after=None
[2024-04-16T10:14:12.066+0000] {logging_mixin.py:188} INFO - [2024-04-16T10:14:12.065+0000] {dag.py:3834} INFO - Setting next_dagrun for example_subdag_operator.section-2 to None, run_after=None
[2024-04-16T10:14:12.080+0000] {processor.py:183} INFO - Processing /home/airflow/.local/lib/python3.8/site-packages/airflow/example_dags/example_subdag_operator.py took 0.113 seconds
[2024-04-16T10:14:42.648+0000] {processor.py:161} INFO - Started process (PID=517) to work on /home/airflow/.local/lib/python3.8/site-packages/airflow/example_dags/example_subdag_operator.py
[2024-04-16T10:14:42.650+0000] {processor.py:830} INFO - Processing file /home/airflow/.local/lib/python3.8/site-packages/airflow/example_dags/example_subdag_operator.py for tasks to queue
[2024-04-16T10:14:42.652+0000] {logging_mixin.py:188} INFO - [2024-04-16T10:14:42.652+0000] {dagbag.py:540} INFO - Filling up the DagBag from /home/airflow/.local/lib/python3.8/site-packages/airflow/example_dags/example_subdag_operator.py
[2024-04-16T10:14:42.675+0000] {processor.py:840} INFO - DAG(s) 'example_subdag_operator.section-1', 'example_subdag_operator.section-2', 'example_subdag_operator' retrieved from /home/airflow/.local/lib/python3.8/site-packages/airflow/example_dags/example_subdag_operator.py
[2024-04-16T10:14:42.693+0000] {logging_mixin.py:188} INFO - [2024-04-16T10:14:42.692+0000] {dag.py:3047} INFO - Sync 3 DAGs
[2024-04-16T10:14:42.717+0000] {logging_mixin.py:188} INFO - [2024-04-16T10:14:42.716+0000] {dag.py:3834} INFO - Setting next_dagrun for example_subdag_operator to 2022-01-01 00:00:00+00:00, run_after=2022-01-01 00:00:00+00:00
[2024-04-16T10:14:42.722+0000] {logging_mixin.py:188} INFO - [2024-04-16T10:14:42.722+0000] {dag.py:3834} INFO - Setting next_dagrun for example_subdag_operator.section-1 to None, run_after=None
[2024-04-16T10:14:42.724+0000] {logging_mixin.py:188} INFO - [2024-04-16T10:14:42.724+0000] {dag.py:3834} INFO - Setting next_dagrun for example_subdag_operator.section-2 to None, run_after=None
[2024-04-16T10:14:42.731+0000] {logging_mixin.py:188} INFO - [2024-04-16T10:14:42.731+0000] {dag.py:3047} INFO - Sync 2 DAGs
[2024-04-16T10:14:42.737+0000] {logging_mixin.py:188} INFO - [2024-04-16T10:14:42.737+0000] {dag.py:3834} INFO - Setting next_dagrun for example_subdag_operator.section-1 to None, run_after=None
[2024-04-16T10:14:42.738+0000] {logging_mixin.py:188} INFO - [2024-04-16T10:14:42.737+0000] {dag.py:3834} INFO - Setting next_dagrun for example_subdag_operator.section-2 to None, run_after=None
[2024-04-16T10:14:42.752+0000] {processor.py:183} INFO - Processing /home/airflow/.local/lib/python3.8/site-packages/airflow/example_dags/example_subdag_operator.py took 0.107 seconds
[2024-04-16T10:15:13.624+0000] {processor.py:161} INFO - Started process (PID=576) to work on /home/airflow/.local/lib/python3.8/site-packages/airflow/example_dags/example_subdag_operator.py
[2024-04-16T10:15:13.627+0000] {processor.py:830} INFO - Processing file /home/airflow/.local/lib/python3.8/site-packages/airflow/example_dags/example_subdag_operator.py for tasks to queue
[2024-04-16T10:15:13.631+0000] {logging_mixin.py:188} INFO - [2024-04-16T10:15:13.631+0000] {dagbag.py:540} INFO - Filling up the DagBag from /home/airflow/.local/lib/python3.8/site-packages/airflow/example_dags/example_subdag_operator.py
[2024-04-16T10:15:13.662+0000] {processor.py:840} INFO - DAG(s) 'example_subdag_operator.section-1', 'example_subdag_operator.section-2', 'example_subdag_operator' retrieved from /home/airflow/.local/lib/python3.8/site-packages/airflow/example_dags/example_subdag_operator.py
[2024-04-16T10:15:13.683+0000] {logging_mixin.py:188} INFO - [2024-04-16T10:15:13.683+0000] {dag.py:3047} INFO - Sync 3 DAGs
[2024-04-16T10:15:13.713+0000] {logging_mixin.py:188} INFO - [2024-04-16T10:15:13.712+0000] {dag.py:3834} INFO - Setting next_dagrun for example_subdag_operator to 2022-01-01 00:00:00+00:00, run_after=2022-01-01 00:00:00+00:00
[2024-04-16T10:15:13.718+0000] {logging_mixin.py:188} INFO - [2024-04-16T10:15:13.718+0000] {dag.py:3834} INFO - Setting next_dagrun for example_subdag_operator.section-1 to None, run_after=None
[2024-04-16T10:15:13.721+0000] {logging_mixin.py:188} INFO - [2024-04-16T10:15:13.720+0000] {dag.py:3834} INFO - Setting next_dagrun for example_subdag_operator.section-2 to None, run_after=None
[2024-04-16T10:15:13.732+0000] {logging_mixin.py:188} INFO - [2024-04-16T10:15:13.732+0000] {dag.py:3047} INFO - Sync 2 DAGs
[2024-04-16T10:15:13.740+0000] {logging_mixin.py:188} INFO - [2024-04-16T10:15:13.739+0000] {dag.py:3834} INFO - Setting next_dagrun for example_subdag_operator.section-1 to None, run_after=None
[2024-04-16T10:15:13.741+0000] {logging_mixin.py:188} INFO - [2024-04-16T10:15:13.740+0000] {dag.py:3834} INFO - Setting next_dagrun for example_subdag_operator.section-2 to None, run_after=None
[2024-04-16T10:15:13.758+0000] {processor.py:183} INFO - Processing /home/airflow/.local/lib/python3.8/site-packages/airflow/example_dags/example_subdag_operator.py took 0.138 seconds
[2024-04-16T10:15:45.396+0000] {processor.py:161} INFO - Started process (PID=635) to work on /home/airflow/.local/lib/python3.8/site-packages/airflow/example_dags/example_subdag_operator.py
[2024-04-16T10:15:45.398+0000] {processor.py:830} INFO - Processing file /home/airflow/.local/lib/python3.8/site-packages/airflow/example_dags/example_subdag_operator.py for tasks to queue
[2024-04-16T10:15:45.409+0000] {logging_mixin.py:188} INFO - [2024-04-16T10:15:45.408+0000] {dagbag.py:540} INFO - Filling up the DagBag from /home/airflow/.local/lib/python3.8/site-packages/airflow/example_dags/example_subdag_operator.py
[2024-04-16T10:15:45.460+0000] {processor.py:840} INFO - DAG(s) 'example_subdag_operator.section-1', 'example_subdag_operator.section-2', 'example_subdag_operator' retrieved from /home/airflow/.local/lib/python3.8/site-packages/airflow/example_dags/example_subdag_operator.py
[2024-04-16T10:15:45.485+0000] {logging_mixin.py:188} INFO - [2024-04-16T10:15:45.484+0000] {dag.py:3047} INFO - Sync 3 DAGs
[2024-04-16T10:15:45.533+0000] {logging_mixin.py:188} INFO - [2024-04-16T10:15:45.532+0000] {dag.py:3834} INFO - Setting next_dagrun for example_subdag_operator to 2022-01-01 00:00:00+00:00, run_after=2022-01-01 00:00:00+00:00
[2024-04-16T10:15:45.539+0000] {logging_mixin.py:188} INFO - [2024-04-16T10:15:45.539+0000] {dag.py:3834} INFO - Setting next_dagrun for example_subdag_operator.section-1 to None, run_after=None
[2024-04-16T10:15:45.543+0000] {logging_mixin.py:188} INFO - [2024-04-16T10:15:45.542+0000] {dag.py:3834} INFO - Setting next_dagrun for example_subdag_operator.section-2 to None, run_after=None
[2024-04-16T10:15:45.555+0000] {logging_mixin.py:188} INFO - [2024-04-16T10:15:45.555+0000] {dag.py:3047} INFO - Sync 2 DAGs
[2024-04-16T10:15:45.566+0000] {logging_mixin.py:188} INFO - [2024-04-16T10:15:45.565+0000] {dag.py:3834} INFO - Setting next_dagrun for example_subdag_operator.section-1 to None, run_after=None
[2024-04-16T10:15:45.567+0000] {logging_mixin.py:188} INFO - [2024-04-16T10:15:45.567+0000] {dag.py:3834} INFO - Setting next_dagrun for example_subdag_operator.section-2 to None, run_after=None
[2024-04-16T10:15:45.586+0000] {processor.py:183} INFO - Processing /home/airflow/.local/lib/python3.8/site-packages/airflow/example_dags/example_subdag_operator.py took 0.202 seconds
[2024-04-16T10:16:15.796+0000] {processor.py:161} INFO - Started process (PID=694) to work on /home/airflow/.local/lib/python3.8/site-packages/airflow/example_dags/example_subdag_operator.py
[2024-04-16T10:16:15.798+0000] {processor.py:830} INFO - Processing file /home/airflow/.local/lib/python3.8/site-packages/airflow/example_dags/example_subdag_operator.py for tasks to queue
[2024-04-16T10:16:15.800+0000] {logging_mixin.py:188} INFO - [2024-04-16T10:16:15.799+0000] {dagbag.py:540} INFO - Filling up the DagBag from /home/airflow/.local/lib/python3.8/site-packages/airflow/example_dags/example_subdag_operator.py
[2024-04-16T10:16:15.824+0000] {processor.py:840} INFO - DAG(s) 'example_subdag_operator.section-1', 'example_subdag_operator.section-2', 'example_subdag_operator' retrieved from /home/airflow/.local/lib/python3.8/site-packages/airflow/example_dags/example_subdag_operator.py
[2024-04-16T10:16:15.843+0000] {logging_mixin.py:188} INFO - [2024-04-16T10:16:15.842+0000] {dag.py:3047} INFO - Sync 3 DAGs
[2024-04-16T10:16:15.863+0000] {logging_mixin.py:188} INFO - [2024-04-16T10:16:15.863+0000] {dag.py:3834} INFO - Setting next_dagrun for example_subdag_operator to 2022-01-01 00:00:00+00:00, run_after=2022-01-01 00:00:00+00:00
[2024-04-16T10:16:15.868+0000] {logging_mixin.py:188} INFO - [2024-04-16T10:16:15.867+0000] {dag.py:3834} INFO - Setting next_dagrun for example_subdag_operator.section-1 to None, run_after=None
[2024-04-16T10:16:15.870+0000] {logging_mixin.py:188} INFO - [2024-04-16T10:16:15.870+0000] {dag.py:3834} INFO - Setting next_dagrun for example_subdag_operator.section-2 to None, run_after=None
[2024-04-16T10:16:15.878+0000] {logging_mixin.py:188} INFO - [2024-04-16T10:16:15.878+0000] {dag.py:3047} INFO - Sync 2 DAGs
[2024-04-16T10:16:15.883+0000] {logging_mixin.py:188} INFO - [2024-04-16T10:16:15.883+0000] {dag.py:3834} INFO - Setting next_dagrun for example_subdag_operator.section-1 to None, run_after=None
[2024-04-16T10:16:15.884+0000] {logging_mixin.py:188} INFO - [2024-04-16T10:16:15.884+0000] {dag.py:3834} INFO - Setting next_dagrun for example_subdag_operator.section-2 to None, run_after=None
[2024-04-16T10:16:15.899+0000] {processor.py:183} INFO - Processing /home/airflow/.local/lib/python3.8/site-packages/airflow/example_dags/example_subdag_operator.py took 0.107 seconds
[2024-04-16T10:16:46.437+0000] {processor.py:161} INFO - Started process (PID=753) to work on /home/airflow/.local/lib/python3.8/site-packages/airflow/example_dags/example_subdag_operator.py
[2024-04-16T10:16:46.440+0000] {processor.py:830} INFO - Processing file /home/airflow/.local/lib/python3.8/site-packages/airflow/example_dags/example_subdag_operator.py for tasks to queue
[2024-04-16T10:16:46.443+0000] {logging_mixin.py:188} INFO - [2024-04-16T10:16:46.443+0000] {dagbag.py:540} INFO - Filling up the DagBag from /home/airflow/.local/lib/python3.8/site-packages/airflow/example_dags/example_subdag_operator.py
[2024-04-16T10:16:46.488+0000] {processor.py:840} INFO - DAG(s) 'example_subdag_operator.section-1', 'example_subdag_operator.section-2', 'example_subdag_operator' retrieved from /home/airflow/.local/lib/python3.8/site-packages/airflow/example_dags/example_subdag_operator.py
[2024-04-16T10:16:46.510+0000] {logging_mixin.py:188} INFO - [2024-04-16T10:16:46.509+0000] {dag.py:3047} INFO - Sync 3 DAGs
[2024-04-16T10:16:46.533+0000] {logging_mixin.py:188} INFO - [2024-04-16T10:16:46.532+0000] {dag.py:3834} INFO - Setting next_dagrun for example_subdag_operator to 2022-01-01 00:00:00+00:00, run_after=2022-01-01 00:00:00+00:00
[2024-04-16T10:16:46.538+0000] {logging_mixin.py:188} INFO - [2024-04-16T10:16:46.538+0000] {dag.py:3834} INFO - Setting next_dagrun for example_subdag_operator.section-1 to None, run_after=None
[2024-04-16T10:16:46.541+0000] {logging_mixin.py:188} INFO - [2024-04-16T10:16:46.540+0000] {dag.py:3834} INFO - Setting next_dagrun for example_subdag_operator.section-2 to None, run_after=None
[2024-04-16T10:16:46.551+0000] {logging_mixin.py:188} INFO - [2024-04-16T10:16:46.550+0000] {dag.py:3047} INFO - Sync 2 DAGs
[2024-04-16T10:16:46.559+0000] {logging_mixin.py:188} INFO - [2024-04-16T10:16:46.559+0000] {dag.py:3834} INFO - Setting next_dagrun for example_subdag_operator.section-1 to None, run_after=None
[2024-04-16T10:16:46.560+0000] {logging_mixin.py:188} INFO - [2024-04-16T10:16:46.560+0000] {dag.py:3834} INFO - Setting next_dagrun for example_subdag_operator.section-2 to None, run_after=None
[2024-04-16T10:16:46.577+0000] {processor.py:183} INFO - Processing /home/airflow/.local/lib/python3.8/site-packages/airflow/example_dags/example_subdag_operator.py took 0.145 seconds
[2024-04-16T10:17:16.748+0000] {processor.py:161} INFO - Started process (PID=818) to work on /home/airflow/.local/lib/python3.8/site-packages/airflow/example_dags/example_subdag_operator.py
[2024-04-16T10:17:16.749+0000] {processor.py:830} INFO - Processing file /home/airflow/.local/lib/python3.8/site-packages/airflow/example_dags/example_subdag_operator.py for tasks to queue
[2024-04-16T10:17:16.752+0000] {logging_mixin.py:188} INFO - [2024-04-16T10:17:16.751+0000] {dagbag.py:540} INFO - Filling up the DagBag from /home/airflow/.local/lib/python3.8/site-packages/airflow/example_dags/example_subdag_operator.py
[2024-04-16T10:17:16.780+0000] {processor.py:840} INFO - DAG(s) 'example_subdag_operator.section-1', 'example_subdag_operator.section-2', 'example_subdag_operator' retrieved from /home/airflow/.local/lib/python3.8/site-packages/airflow/example_dags/example_subdag_operator.py
[2024-04-16T10:17:16.798+0000] {logging_mixin.py:188} INFO - [2024-04-16T10:17:16.798+0000] {dag.py:3047} INFO - Sync 3 DAGs
[2024-04-16T10:17:16.824+0000] {logging_mixin.py:188} INFO - [2024-04-16T10:17:16.823+0000] {dag.py:3834} INFO - Setting next_dagrun for example_subdag_operator to 2022-01-01 00:00:00+00:00, run_after=2022-01-01 00:00:00+00:00
[2024-04-16T10:17:16.829+0000] {logging_mixin.py:188} INFO - [2024-04-16T10:17:16.829+0000] {dag.py:3834} INFO - Setting next_dagrun for example_subdag_operator.section-1 to None, run_after=None
[2024-04-16T10:17:16.831+0000] {logging_mixin.py:188} INFO - [2024-04-16T10:17:16.831+0000] {dag.py:3834} INFO - Setting next_dagrun for example_subdag_operator.section-2 to None, run_after=None
[2024-04-16T10:17:16.842+0000] {logging_mixin.py:188} INFO - [2024-04-16T10:17:16.842+0000] {dag.py:3047} INFO - Sync 2 DAGs
[2024-04-16T10:17:16.849+0000] {logging_mixin.py:188} INFO - [2024-04-16T10:17:16.849+0000] {dag.py:3834} INFO - Setting next_dagrun for example_subdag_operator.section-1 to None, run_after=None
[2024-04-16T10:17:16.850+0000] {logging_mixin.py:188} INFO - [2024-04-16T10:17:16.850+0000] {dag.py:3834} INFO - Setting next_dagrun for example_subdag_operator.section-2 to None, run_after=None
[2024-04-16T10:17:16.869+0000] {processor.py:183} INFO - Processing /home/airflow/.local/lib/python3.8/site-packages/airflow/example_dags/example_subdag_operator.py took 0.125 seconds
[2024-04-16T10:17:46.984+0000] {processor.py:161} INFO - Started process (PID=877) to work on /home/airflow/.local/lib/python3.8/site-packages/airflow/example_dags/example_subdag_operator.py
[2024-04-16T10:17:46.985+0000] {processor.py:830} INFO - Processing file /home/airflow/.local/lib/python3.8/site-packages/airflow/example_dags/example_subdag_operator.py for tasks to queue
[2024-04-16T10:17:46.987+0000] {logging_mixin.py:188} INFO - [2024-04-16T10:17:46.987+0000] {dagbag.py:540} INFO - Filling up the DagBag from /home/airflow/.local/lib/python3.8/site-packages/airflow/example_dags/example_subdag_operator.py
[2024-04-16T10:17:47.011+0000] {processor.py:840} INFO - DAG(s) 'example_subdag_operator.section-1', 'example_subdag_operator.section-2', 'example_subdag_operator' retrieved from /home/airflow/.local/lib/python3.8/site-packages/airflow/example_dags/example_subdag_operator.py
[2024-04-16T10:17:47.028+0000] {logging_mixin.py:188} INFO - [2024-04-16T10:17:47.028+0000] {dag.py:3047} INFO - Sync 3 DAGs
[2024-04-16T10:17:47.052+0000] {logging_mixin.py:188} INFO - [2024-04-16T10:17:47.052+0000] {dag.py:3834} INFO - Setting next_dagrun for example_subdag_operator to 2022-01-01 00:00:00+00:00, run_after=2022-01-01 00:00:00+00:00
[2024-04-16T10:17:47.056+0000] {logging_mixin.py:188} INFO - [2024-04-16T10:17:47.056+0000] {dag.py:3834} INFO - Setting next_dagrun for example_subdag_operator.section-1 to None, run_after=None
[2024-04-16T10:17:47.059+0000] {logging_mixin.py:188} INFO - [2024-04-16T10:17:47.059+0000] {dag.py:3834} INFO - Setting next_dagrun for example_subdag_operator.section-2 to None, run_after=None
[2024-04-16T10:17:47.067+0000] {logging_mixin.py:188} INFO - [2024-04-16T10:17:47.066+0000] {dag.py:3047} INFO - Sync 2 DAGs
[2024-04-16T10:17:47.074+0000] {logging_mixin.py:188} INFO - [2024-04-16T10:17:47.073+0000] {dag.py:3834} INFO - Setting next_dagrun for example_subdag_operator.section-1 to None, run_after=None
[2024-04-16T10:17:47.074+0000] {logging_mixin.py:188} INFO - [2024-04-16T10:17:47.074+0000] {dag.py:3834} INFO - Setting next_dagrun for example_subdag_operator.section-2 to None, run_after=None
[2024-04-16T10:17:47.087+0000] {processor.py:183} INFO - Processing /home/airflow/.local/lib/python3.8/site-packages/airflow/example_dags/example_subdag_operator.py took 0.107 seconds
[2024-04-16T10:18:17.214+0000] {processor.py:161} INFO - Started process (PID=936) to work on /home/airflow/.local/lib/python3.8/site-packages/airflow/example_dags/example_subdag_operator.py
[2024-04-16T10:18:17.215+0000] {processor.py:830} INFO - Processing file /home/airflow/.local/lib/python3.8/site-packages/airflow/example_dags/example_subdag_operator.py for tasks to queue
[2024-04-16T10:18:17.217+0000] {logging_mixin.py:188} INFO - [2024-04-16T10:18:17.217+0000] {dagbag.py:540} INFO - Filling up the DagBag from /home/airflow/.local/lib/python3.8/site-packages/airflow/example_dags/example_subdag_operator.py
[2024-04-16T10:18:17.238+0000] {processor.py:840} INFO - DAG(s) 'example_subdag_operator.section-1', 'example_subdag_operator.section-2', 'example_subdag_operator' retrieved from /home/airflow/.local/lib/python3.8/site-packages/airflow/example_dags/example_subdag_operator.py
[2024-04-16T10:18:17.254+0000] {logging_mixin.py:188} INFO - [2024-04-16T10:18:17.254+0000] {dag.py:3047} INFO - Sync 3 DAGs
[2024-04-16T10:18:17.276+0000] {logging_mixin.py:188} INFO - [2024-04-16T10:18:17.276+0000] {dag.py:3834} INFO - Setting next_dagrun for example_subdag_operator to 2022-01-01 00:00:00+00:00, run_after=2022-01-01 00:00:00+00:00
[2024-04-16T10:18:17.280+0000] {logging_mixin.py:188} INFO - [2024-04-16T10:18:17.280+0000] {dag.py:3834} INFO - Setting next_dagrun for example_subdag_operator.section-1 to None, run_after=None
[2024-04-16T10:18:17.282+0000] {logging_mixin.py:188} INFO - [2024-04-16T10:18:17.282+0000] {dag.py:3834} INFO - Setting next_dagrun for example_subdag_operator.section-2 to None, run_after=None
[2024-04-16T10:18:17.288+0000] {logging_mixin.py:188} INFO - [2024-04-16T10:18:17.288+0000] {dag.py:3047} INFO - Sync 2 DAGs
[2024-04-16T10:18:17.293+0000] {logging_mixin.py:188} INFO - [2024-04-16T10:18:17.293+0000] {dag.py:3834} INFO - Setting next_dagrun for example_subdag_operator.section-1 to None, run_after=None
[2024-04-16T10:18:17.294+0000] {logging_mixin.py:188} INFO - [2024-04-16T10:18:17.294+0000] {dag.py:3834} INFO - Setting next_dagrun for example_subdag_operator.section-2 to None, run_after=None
[2024-04-16T10:18:17.304+0000] {processor.py:183} INFO - Processing /home/airflow/.local/lib/python3.8/site-packages/airflow/example_dags/example_subdag_operator.py took 0.093 seconds
[2024-04-16T10:18:48.210+0000] {processor.py:161} INFO - Started process (PID=995) to work on /home/airflow/.local/lib/python3.8/site-packages/airflow/example_dags/example_subdag_operator.py
[2024-04-16T10:18:48.211+0000] {processor.py:830} INFO - Processing file /home/airflow/.local/lib/python3.8/site-packages/airflow/example_dags/example_subdag_operator.py for tasks to queue
[2024-04-16T10:18:48.213+0000] {logging_mixin.py:188} INFO - [2024-04-16T10:18:48.213+0000] {dagbag.py:540} INFO - Filling up the DagBag from /home/airflow/.local/lib/python3.8/site-packages/airflow/example_dags/example_subdag_operator.py
[2024-04-16T10:18:48.233+0000] {processor.py:840} INFO - DAG(s) 'example_subdag_operator.section-1', 'example_subdag_operator.section-2', 'example_subdag_operator' retrieved from /home/airflow/.local/lib/python3.8/site-packages/airflow/example_dags/example_subdag_operator.py
[2024-04-16T10:18:48.248+0000] {logging_mixin.py:188} INFO - [2024-04-16T10:18:48.248+0000] {dag.py:3047} INFO - Sync 3 DAGs
[2024-04-16T10:18:48.267+0000] {logging_mixin.py:188} INFO - [2024-04-16T10:18:48.266+0000] {dag.py:3834} INFO - Setting next_dagrun for example_subdag_operator to 2022-01-01 00:00:00+00:00, run_after=2022-01-01 00:00:00+00:00
[2024-04-16T10:18:48.271+0000] {logging_mixin.py:188} INFO - [2024-04-16T10:18:48.271+0000] {dag.py:3834} INFO - Setting next_dagrun for example_subdag_operator.section-1 to None, run_after=None
[2024-04-16T10:18:48.273+0000] {logging_mixin.py:188} INFO - [2024-04-16T10:18:48.273+0000] {dag.py:3834} INFO - Setting next_dagrun for example_subdag_operator.section-2 to None, run_after=None
[2024-04-16T10:18:48.280+0000] {logging_mixin.py:188} INFO - [2024-04-16T10:18:48.279+0000] {dag.py:3047} INFO - Sync 2 DAGs
[2024-04-16T10:18:48.285+0000] {logging_mixin.py:188} INFO - [2024-04-16T10:18:48.284+0000] {dag.py:3834} INFO - Setting next_dagrun for example_subdag_operator.section-1 to None, run_after=None
[2024-04-16T10:18:48.286+0000] {logging_mixin.py:188} INFO - [2024-04-16T10:18:48.285+0000] {dag.py:3834} INFO - Setting next_dagrun for example_subdag_operator.section-2 to None, run_after=None
[2024-04-16T10:18:48.295+0000] {processor.py:183} INFO - Processing /home/airflow/.local/lib/python3.8/site-packages/airflow/example_dags/example_subdag_operator.py took 0.089 seconds
[2024-04-16T10:19:18.458+0000] {processor.py:161} INFO - Started process (PID=1054) to work on /home/airflow/.local/lib/python3.8/site-packages/airflow/example_dags/example_subdag_operator.py
[2024-04-16T10:19:18.460+0000] {processor.py:830} INFO - Processing file /home/airflow/.local/lib/python3.8/site-packages/airflow/example_dags/example_subdag_operator.py for tasks to queue
[2024-04-16T10:19:18.461+0000] {logging_mixin.py:188} INFO - [2024-04-16T10:19:18.461+0000] {dagbag.py:540} INFO - Filling up the DagBag from /home/airflow/.local/lib/python3.8/site-packages/airflow/example_dags/example_subdag_operator.py
[2024-04-16T10:19:18.482+0000] {processor.py:840} INFO - DAG(s) 'example_subdag_operator.section-1', 'example_subdag_operator.section-2', 'example_subdag_operator' retrieved from /home/airflow/.local/lib/python3.8/site-packages/airflow/example_dags/example_subdag_operator.py
[2024-04-16T10:19:18.497+0000] {logging_mixin.py:188} INFO - [2024-04-16T10:19:18.497+0000] {dag.py:3047} INFO - Sync 3 DAGs
[2024-04-16T10:19:18.517+0000] {logging_mixin.py:188} INFO - [2024-04-16T10:19:18.517+0000] {dag.py:3834} INFO - Setting next_dagrun for example_subdag_operator to 2022-01-01 00:00:00+00:00, run_after=2022-01-01 00:00:00+00:00
[2024-04-16T10:19:18.521+0000] {logging_mixin.py:188} INFO - [2024-04-16T10:19:18.521+0000] {dag.py:3834} INFO - Setting next_dagrun for example_subdag_operator.section-1 to None, run_after=None
[2024-04-16T10:19:18.523+0000] {logging_mixin.py:188} INFO - [2024-04-16T10:19:18.523+0000] {dag.py:3834} INFO - Setting next_dagrun for example_subdag_operator.section-2 to None, run_after=None
[2024-04-16T10:19:18.532+0000] {logging_mixin.py:188} INFO - [2024-04-16T10:19:18.531+0000] {dag.py:3047} INFO - Sync 2 DAGs
[2024-04-16T10:19:18.538+0000] {logging_mixin.py:188} INFO - [2024-04-16T10:19:18.538+0000] {dag.py:3834} INFO - Setting next_dagrun for example_subdag_operator.section-1 to None, run_after=None
[2024-04-16T10:19:18.539+0000] {logging_mixin.py:188} INFO - [2024-04-16T10:19:18.539+0000] {dag.py:3834} INFO - Setting next_dagrun for example_subdag_operator.section-2 to None, run_after=None
[2024-04-16T10:19:18.551+0000] {processor.py:183} INFO - Processing /home/airflow/.local/lib/python3.8/site-packages/airflow/example_dags/example_subdag_operator.py took 0.096 seconds
[2024-04-16T10:19:48.784+0000] {processor.py:161} INFO - Started process (PID=1113) to work on /home/airflow/.local/lib/python3.8/site-packages/airflow/example_dags/example_subdag_operator.py
[2024-04-16T10:19:48.785+0000] {processor.py:830} INFO - Processing file /home/airflow/.local/lib/python3.8/site-packages/airflow/example_dags/example_subdag_operator.py for tasks to queue
[2024-04-16T10:19:48.787+0000] {logging_mixin.py:188} INFO - [2024-04-16T10:19:48.787+0000] {dagbag.py:540} INFO - Filling up the DagBag from /home/airflow/.local/lib/python3.8/site-packages/airflow/example_dags/example_subdag_operator.py
[2024-04-16T10:19:48.807+0000] {processor.py:840} INFO - DAG(s) 'example_subdag_operator.section-1', 'example_subdag_operator.section-2', 'example_subdag_operator' retrieved from /home/airflow/.local/lib/python3.8/site-packages/airflow/example_dags/example_subdag_operator.py
[2024-04-16T10:19:48.821+0000] {logging_mixin.py:188} INFO - [2024-04-16T10:19:48.821+0000] {dag.py:3047} INFO - Sync 3 DAGs
[2024-04-16T10:19:48.841+0000] {logging_mixin.py:188} INFO - [2024-04-16T10:19:48.840+0000] {dag.py:3834} INFO - Setting next_dagrun for example_subdag_operator to 2022-01-01 00:00:00+00:00, run_after=2022-01-01 00:00:00+00:00
[2024-04-16T10:19:48.844+0000] {logging_mixin.py:188} INFO - [2024-04-16T10:19:48.844+0000] {dag.py:3834} INFO - Setting next_dagrun for example_subdag_operator.section-1 to None, run_after=None
[2024-04-16T10:19:48.846+0000] {logging_mixin.py:188} INFO - [2024-04-16T10:19:48.846+0000] {dag.py:3834} INFO - Setting next_dagrun for example_subdag_operator.section-2 to None, run_after=None
[2024-04-16T10:19:48.854+0000] {logging_mixin.py:188} INFO - [2024-04-16T10:19:48.854+0000] {dag.py:3047} INFO - Sync 2 DAGs
[2024-04-16T10:19:48.860+0000] {logging_mixin.py:188} INFO - [2024-04-16T10:19:48.859+0000] {dag.py:3834} INFO - Setting next_dagrun for example_subdag_operator.section-1 to None, run_after=None
[2024-04-16T10:19:48.861+0000] {logging_mixin.py:188} INFO - [2024-04-16T10:19:48.860+0000] {dag.py:3834} INFO - Setting next_dagrun for example_subdag_operator.section-2 to None, run_after=None
[2024-04-16T10:19:48.872+0000] {processor.py:183} INFO - Processing /home/airflow/.local/lib/python3.8/site-packages/airflow/example_dags/example_subdag_operator.py took 0.091 seconds
[2024-04-16T10:20:19.209+0000] {processor.py:161} INFO - Started process (PID=1172) to work on /home/airflow/.local/lib/python3.8/site-packages/airflow/example_dags/example_subdag_operator.py
[2024-04-16T10:20:19.211+0000] {processor.py:830} INFO - Processing file /home/airflow/.local/lib/python3.8/site-packages/airflow/example_dags/example_subdag_operator.py for tasks to queue
[2024-04-16T10:20:19.213+0000] {logging_mixin.py:188} INFO - [2024-04-16T10:20:19.212+0000] {dagbag.py:540} INFO - Filling up the DagBag from /home/airflow/.local/lib/python3.8/site-packages/airflow/example_dags/example_subdag_operator.py
[2024-04-16T10:20:19.237+0000] {processor.py:840} INFO - DAG(s) 'example_subdag_operator.section-1', 'example_subdag_operator.section-2', 'example_subdag_operator' retrieved from /home/airflow/.local/lib/python3.8/site-packages/airflow/example_dags/example_subdag_operator.py
[2024-04-16T10:20:19.252+0000] {logging_mixin.py:188} INFO - [2024-04-16T10:20:19.252+0000] {dag.py:3047} INFO - Sync 3 DAGs
[2024-04-16T10:20:19.274+0000] {logging_mixin.py:188} INFO - [2024-04-16T10:20:19.273+0000] {dag.py:3834} INFO - Setting next_dagrun for example_subdag_operator to 2022-01-01 00:00:00+00:00, run_after=2022-01-01 00:00:00+00:00
[2024-04-16T10:20:19.278+0000] {logging_mixin.py:188} INFO - [2024-04-16T10:20:19.277+0000] {dag.py:3834} INFO - Setting next_dagrun for example_subdag_operator.section-1 to None, run_after=None
[2024-04-16T10:20:19.280+0000] {logging_mixin.py:188} INFO - [2024-04-16T10:20:19.280+0000] {dag.py:3834} INFO - Setting next_dagrun for example_subdag_operator.section-2 to None, run_after=None
[2024-04-16T10:20:19.288+0000] {logging_mixin.py:188} INFO - [2024-04-16T10:20:19.288+0000] {dag.py:3047} INFO - Sync 2 DAGs
[2024-04-16T10:20:19.293+0000] {logging_mixin.py:188} INFO - [2024-04-16T10:20:19.293+0000] {dag.py:3834} INFO - Setting next_dagrun for example_subdag_operator.section-1 to None, run_after=None
[2024-04-16T10:20:19.294+0000] {logging_mixin.py:188} INFO - [2024-04-16T10:20:19.294+0000] {dag.py:3834} INFO - Setting next_dagrun for example_subdag_operator.section-2 to None, run_after=None
[2024-04-16T10:20:19.306+0000] {processor.py:183} INFO - Processing /home/airflow/.local/lib/python3.8/site-packages/airflow/example_dags/example_subdag_operator.py took 0.100 seconds
[2024-04-16T10:20:49.593+0000] {processor.py:161} INFO - Started process (PID=1231) to work on /home/airflow/.local/lib/python3.8/site-packages/airflow/example_dags/example_subdag_operator.py
[2024-04-16T10:20:49.595+0000] {processor.py:830} INFO - Processing file /home/airflow/.local/lib/python3.8/site-packages/airflow/example_dags/example_subdag_operator.py for tasks to queue
[2024-04-16T10:20:49.597+0000] {logging_mixin.py:188} INFO - [2024-04-16T10:20:49.597+0000] {dagbag.py:540} INFO - Filling up the DagBag from /home/airflow/.local/lib/python3.8/site-packages/airflow/example_dags/example_subdag_operator.py
[2024-04-16T10:20:49.620+0000] {processor.py:840} INFO - DAG(s) 'example_subdag_operator.section-1', 'example_subdag_operator.section-2', 'example_subdag_operator' retrieved from /home/airflow/.local/lib/python3.8/site-packages/airflow/example_dags/example_subdag_operator.py
[2024-04-16T10:20:49.638+0000] {logging_mixin.py:188} INFO - [2024-04-16T10:20:49.638+0000] {dag.py:3047} INFO - Sync 3 DAGs
[2024-04-16T10:20:49.661+0000] {logging_mixin.py:188} INFO - [2024-04-16T10:20:49.660+0000] {dag.py:3834} INFO - Setting next_dagrun for example_subdag_operator to 2022-01-01 00:00:00+00:00, run_after=2022-01-01 00:00:00+00:00
[2024-04-16T10:20:49.667+0000] {logging_mixin.py:188} INFO - [2024-04-16T10:20:49.666+0000] {dag.py:3834} INFO - Setting next_dagrun for example_subdag_operator.section-1 to None, run_after=None
[2024-04-16T10:20:49.669+0000] {logging_mixin.py:188} INFO - [2024-04-16T10:20:49.669+0000] {dag.py:3834} INFO - Setting next_dagrun for example_subdag_operator.section-2 to None, run_after=None
[2024-04-16T10:20:49.679+0000] {logging_mixin.py:188} INFO - [2024-04-16T10:20:49.678+0000] {dag.py:3047} INFO - Sync 2 DAGs
[2024-04-16T10:20:49.685+0000] {logging_mixin.py:188} INFO - [2024-04-16T10:20:49.685+0000] {dag.py:3834} INFO - Setting next_dagrun for example_subdag_operator.section-1 to None, run_after=None
[2024-04-16T10:20:49.686+0000] {logging_mixin.py:188} INFO - [2024-04-16T10:20:49.686+0000] {dag.py:3834} INFO - Setting next_dagrun for example_subdag_operator.section-2 to None, run_after=None
[2024-04-16T10:20:49.700+0000] {processor.py:183} INFO - Processing /home/airflow/.local/lib/python3.8/site-packages/airflow/example_dags/example_subdag_operator.py took 0.111 seconds
[2024-04-16T10:21:20.063+0000] {processor.py:161} INFO - Started process (PID=1290) to work on /home/airflow/.local/lib/python3.8/site-packages/airflow/example_dags/example_subdag_operator.py
[2024-04-16T10:21:20.064+0000] {processor.py:830} INFO - Processing file /home/airflow/.local/lib/python3.8/site-packages/airflow/example_dags/example_subdag_operator.py for tasks to queue
[2024-04-16T10:21:20.067+0000] {logging_mixin.py:188} INFO - [2024-04-16T10:21:20.067+0000] {dagbag.py:540} INFO - Filling up the DagBag from /home/airflow/.local/lib/python3.8/site-packages/airflow/example_dags/example_subdag_operator.py
[2024-04-16T10:21:20.094+0000] {processor.py:840} INFO - DAG(s) 'example_subdag_operator.section-1', 'example_subdag_operator.section-2', 'example_subdag_operator' retrieved from /home/airflow/.local/lib/python3.8/site-packages/airflow/example_dags/example_subdag_operator.py
[2024-04-16T10:21:20.111+0000] {logging_mixin.py:188} INFO - [2024-04-16T10:21:20.110+0000] {dag.py:3047} INFO - Sync 3 DAGs
[2024-04-16T10:21:20.133+0000] {logging_mixin.py:188} INFO - [2024-04-16T10:21:20.133+0000] {dag.py:3834} INFO - Setting next_dagrun for example_subdag_operator to 2022-01-01 00:00:00+00:00, run_after=2022-01-01 00:00:00+00:00
[2024-04-16T10:21:20.137+0000] {logging_mixin.py:188} INFO - [2024-04-16T10:21:20.137+0000] {dag.py:3834} INFO - Setting next_dagrun for example_subdag_operator.section-1 to None, run_after=None
[2024-04-16T10:21:20.140+0000] {logging_mixin.py:188} INFO - [2024-04-16T10:21:20.139+0000] {dag.py:3834} INFO - Setting next_dagrun for example_subdag_operator.section-2 to None, run_after=None
[2024-04-16T10:21:20.147+0000] {logging_mixin.py:188} INFO - [2024-04-16T10:21:20.147+0000] {dag.py:3047} INFO - Sync 2 DAGs
[2024-04-16T10:21:20.153+0000] {logging_mixin.py:188} INFO - [2024-04-16T10:21:20.153+0000] {dag.py:3834} INFO - Setting next_dagrun for example_subdag_operator.section-1 to None, run_after=None
[2024-04-16T10:21:20.154+0000] {logging_mixin.py:188} INFO - [2024-04-16T10:21:20.154+0000] {dag.py:3834} INFO - Setting next_dagrun for example_subdag_operator.section-2 to None, run_after=None
[2024-04-16T10:21:20.167+0000] {processor.py:183} INFO - Processing /home/airflow/.local/lib/python3.8/site-packages/airflow/example_dags/example_subdag_operator.py took 0.107 seconds
[2024-04-16T10:21:50.420+0000] {processor.py:161} INFO - Started process (PID=1349) to work on /home/airflow/.local/lib/python3.8/site-packages/airflow/example_dags/example_subdag_operator.py
[2024-04-16T10:21:50.421+0000] {processor.py:830} INFO - Processing file /home/airflow/.local/lib/python3.8/site-packages/airflow/example_dags/example_subdag_operator.py for tasks to queue
[2024-04-16T10:21:50.423+0000] {logging_mixin.py:188} INFO - [2024-04-16T10:21:50.423+0000] {dagbag.py:540} INFO - Filling up the DagBag from /home/airflow/.local/lib/python3.8/site-packages/airflow/example_dags/example_subdag_operator.py
[2024-04-16T10:21:50.443+0000] {processor.py:840} INFO - DAG(s) 'example_subdag_operator.section-1', 'example_subdag_operator.section-2', 'example_subdag_operator' retrieved from /home/airflow/.local/lib/python3.8/site-packages/airflow/example_dags/example_subdag_operator.py
[2024-04-16T10:21:50.456+0000] {logging_mixin.py:188} INFO - [2024-04-16T10:21:50.456+0000] {dag.py:3047} INFO - Sync 3 DAGs
[2024-04-16T10:21:50.476+0000] {logging_mixin.py:188} INFO - [2024-04-16T10:21:50.476+0000] {dag.py:3834} INFO - Setting next_dagrun for example_subdag_operator to 2022-01-01 00:00:00+00:00, run_after=2022-01-01 00:00:00+00:00
[2024-04-16T10:21:50.481+0000] {logging_mixin.py:188} INFO - [2024-04-16T10:21:50.481+0000] {dag.py:3834} INFO - Setting next_dagrun for example_subdag_operator.section-1 to None, run_after=None
[2024-04-16T10:21:50.484+0000] {logging_mixin.py:188} INFO - [2024-04-16T10:21:50.484+0000] {dag.py:3834} INFO - Setting next_dagrun for example_subdag_operator.section-2 to None, run_after=None
[2024-04-16T10:21:50.495+0000] {logging_mixin.py:188} INFO - [2024-04-16T10:21:50.495+0000] {dag.py:3047} INFO - Sync 2 DAGs
[2024-04-16T10:21:50.505+0000] {logging_mixin.py:188} INFO - [2024-04-16T10:21:50.504+0000] {dag.py:3834} INFO - Setting next_dagrun for example_subdag_operator.section-1 to None, run_after=None
[2024-04-16T10:21:50.505+0000] {logging_mixin.py:188} INFO - [2024-04-16T10:21:50.505+0000] {dag.py:3834} INFO - Setting next_dagrun for example_subdag_operator.section-2 to None, run_after=None
[2024-04-16T10:21:50.519+0000] {processor.py:183} INFO - Processing /home/airflow/.local/lib/python3.8/site-packages/airflow/example_dags/example_subdag_operator.py took 0.101 seconds
[2024-04-16T10:22:21.101+0000] {processor.py:161} INFO - Started process (PID=1408) to work on /home/airflow/.local/lib/python3.8/site-packages/airflow/example_dags/example_subdag_operator.py
[2024-04-16T10:22:21.103+0000] {processor.py:830} INFO - Processing file /home/airflow/.local/lib/python3.8/site-packages/airflow/example_dags/example_subdag_operator.py for tasks to queue
[2024-04-16T10:22:21.105+0000] {logging_mixin.py:188} INFO - [2024-04-16T10:22:21.105+0000] {dagbag.py:540} INFO - Filling up the DagBag from /home/airflow/.local/lib/python3.8/site-packages/airflow/example_dags/example_subdag_operator.py
[2024-04-16T10:22:21.134+0000] {processor.py:840} INFO - DAG(s) 'example_subdag_operator.section-1', 'example_subdag_operator.section-2', 'example_subdag_operator' retrieved from /home/airflow/.local/lib/python3.8/site-packages/airflow/example_dags/example_subdag_operator.py
[2024-04-16T10:22:21.149+0000] {logging_mixin.py:188} INFO - [2024-04-16T10:22:21.148+0000] {dag.py:3047} INFO - Sync 3 DAGs
[2024-04-16T10:22:21.172+0000] {logging_mixin.py:188} INFO - [2024-04-16T10:22:21.172+0000] {dag.py:3834} INFO - Setting next_dagrun for example_subdag_operator to 2022-01-01 00:00:00+00:00, run_after=2022-01-01 00:00:00+00:00
[2024-04-16T10:22:21.178+0000] {logging_mixin.py:188} INFO - [2024-04-16T10:22:21.178+0000] {dag.py:3834} INFO - Setting next_dagrun for example_subdag_operator.section-1 to None, run_after=None
[2024-04-16T10:22:21.181+0000] {logging_mixin.py:188} INFO - [2024-04-16T10:22:21.180+0000] {dag.py:3834} INFO - Setting next_dagrun for example_subdag_operator.section-2 to None, run_after=None
[2024-04-16T10:22:21.190+0000] {logging_mixin.py:188} INFO - [2024-04-16T10:22:21.189+0000] {dag.py:3047} INFO - Sync 2 DAGs
[2024-04-16T10:22:21.196+0000] {logging_mixin.py:188} INFO - [2024-04-16T10:22:21.195+0000] {dag.py:3834} INFO - Setting next_dagrun for example_subdag_operator.section-1 to None, run_after=None
[2024-04-16T10:22:21.197+0000] {logging_mixin.py:188} INFO - [2024-04-16T10:22:21.196+0000] {dag.py:3834} INFO - Setting next_dagrun for example_subdag_operator.section-2 to None, run_after=None
[2024-04-16T10:22:21.209+0000] {processor.py:183} INFO - Processing /home/airflow/.local/lib/python3.8/site-packages/airflow/example_dags/example_subdag_operator.py took 0.111 seconds
[2024-04-16T10:22:51.500+0000] {processor.py:161} INFO - Started process (PID=1467) to work on /home/airflow/.local/lib/python3.8/site-packages/airflow/example_dags/example_subdag_operator.py
[2024-04-16T10:22:51.502+0000] {processor.py:830} INFO - Processing file /home/airflow/.local/lib/python3.8/site-packages/airflow/example_dags/example_subdag_operator.py for tasks to queue
[2024-04-16T10:22:51.504+0000] {logging_mixin.py:188} INFO - [2024-04-16T10:22:51.504+0000] {dagbag.py:540} INFO - Filling up the DagBag from /home/airflow/.local/lib/python3.8/site-packages/airflow/example_dags/example_subdag_operator.py
[2024-04-16T10:22:51.528+0000] {processor.py:840} INFO - DAG(s) 'example_subdag_operator.section-1', 'example_subdag_operator.section-2', 'example_subdag_operator' retrieved from /home/airflow/.local/lib/python3.8/site-packages/airflow/example_dags/example_subdag_operator.py
[2024-04-16T10:22:51.542+0000] {logging_mixin.py:188} INFO - [2024-04-16T10:22:51.542+0000] {dag.py:3047} INFO - Sync 3 DAGs
[2024-04-16T10:22:51.561+0000] {logging_mixin.py:188} INFO - [2024-04-16T10:22:51.561+0000] {dag.py:3834} INFO - Setting next_dagrun for example_subdag_operator to 2022-01-01 00:00:00+00:00, run_after=2022-01-01 00:00:00+00:00
[2024-04-16T10:22:51.565+0000] {logging_mixin.py:188} INFO - [2024-04-16T10:22:51.565+0000] {dag.py:3834} INFO - Setting next_dagrun for example_subdag_operator.section-1 to None, run_after=None
[2024-04-16T10:22:51.566+0000] {logging_mixin.py:188} INFO - [2024-04-16T10:22:51.566+0000] {dag.py:3834} INFO - Setting next_dagrun for example_subdag_operator.section-2 to None, run_after=None
[2024-04-16T10:22:51.573+0000] {logging_mixin.py:188} INFO - [2024-04-16T10:22:51.573+0000] {dag.py:3047} INFO - Sync 2 DAGs
[2024-04-16T10:22:51.579+0000] {logging_mixin.py:188} INFO - [2024-04-16T10:22:51.578+0000] {dag.py:3834} INFO - Setting next_dagrun for example_subdag_operator.section-1 to None, run_after=None
[2024-04-16T10:22:51.581+0000] {logging_mixin.py:188} INFO - [2024-04-16T10:22:51.580+0000] {dag.py:3834} INFO - Setting next_dagrun for example_subdag_operator.section-2 to None, run_after=None
[2024-04-16T10:22:51.602+0000] {processor.py:183} INFO - Processing /home/airflow/.local/lib/python3.8/site-packages/airflow/example_dags/example_subdag_operator.py took 0.105 seconds
[2024-04-16T10:23:22.053+0000] {processor.py:161} INFO - Started process (PID=1526) to work on /home/airflow/.local/lib/python3.8/site-packages/airflow/example_dags/example_subdag_operator.py
[2024-04-16T10:23:22.055+0000] {processor.py:830} INFO - Processing file /home/airflow/.local/lib/python3.8/site-packages/airflow/example_dags/example_subdag_operator.py for tasks to queue
[2024-04-16T10:23:22.058+0000] {logging_mixin.py:188} INFO - [2024-04-16T10:23:22.057+0000] {dagbag.py:540} INFO - Filling up the DagBag from /home/airflow/.local/lib/python3.8/site-packages/airflow/example_dags/example_subdag_operator.py
[2024-04-16T10:23:22.102+0000] {processor.py:840} INFO - DAG(s) 'example_subdag_operator.section-1', 'example_subdag_operator.section-2', 'example_subdag_operator' retrieved from /home/airflow/.local/lib/python3.8/site-packages/airflow/example_dags/example_subdag_operator.py
[2024-04-16T10:23:22.123+0000] {logging_mixin.py:188} INFO - [2024-04-16T10:23:22.122+0000] {dag.py:3047} INFO - Sync 3 DAGs
[2024-04-16T10:23:22.153+0000] {logging_mixin.py:188} INFO - [2024-04-16T10:23:22.153+0000] {dag.py:3834} INFO - Setting next_dagrun for example_subdag_operator to 2022-01-01 00:00:00+00:00, run_after=2022-01-01 00:00:00+00:00
[2024-04-16T10:23:22.159+0000] {logging_mixin.py:188} INFO - [2024-04-16T10:23:22.159+0000] {dag.py:3834} INFO - Setting next_dagrun for example_subdag_operator.section-1 to None, run_after=None
[2024-04-16T10:23:22.163+0000] {logging_mixin.py:188} INFO - [2024-04-16T10:23:22.162+0000] {dag.py:3834} INFO - Setting next_dagrun for example_subdag_operator.section-2 to None, run_after=None
[2024-04-16T10:23:22.174+0000] {logging_mixin.py:188} INFO - [2024-04-16T10:23:22.173+0000] {dag.py:3047} INFO - Sync 2 DAGs
[2024-04-16T10:23:22.182+0000] {logging_mixin.py:188} INFO - [2024-04-16T10:23:22.182+0000] {dag.py:3834} INFO - Setting next_dagrun for example_subdag_operator.section-1 to None, run_after=None
[2024-04-16T10:23:22.183+0000] {logging_mixin.py:188} INFO - [2024-04-16T10:23:22.183+0000] {dag.py:3834} INFO - Setting next_dagrun for example_subdag_operator.section-2 to None, run_after=None
[2024-04-16T10:23:22.201+0000] {processor.py:183} INFO - Processing /home/airflow/.local/lib/python3.8/site-packages/airflow/example_dags/example_subdag_operator.py took 0.150 seconds
