[2024-04-16T10:11:04.131+0000] {processor.py:161} INFO - Started process (PID=59) to work on /home/airflow/.local/lib/python3.8/site-packages/airflow/example_dags/example_latest_only_with_trigger.py
[2024-04-16T10:11:04.138+0000] {processor.py:830} INFO - Processing file /home/airflow/.local/lib/python3.8/site-packages/airflow/example_dags/example_latest_only_with_trigger.py for tasks to queue
[2024-04-16T10:11:04.144+0000] {logging_mixin.py:188} INFO - [2024-04-16T10:11:04.143+0000] {dagbag.py:540} INFO - Filling up the DagBag from /home/airflow/.local/lib/python3.8/site-packages/airflow/example_dags/example_latest_only_with_trigger.py
[2024-04-16T10:11:04.201+0000] {processor.py:840} INFO - DAG(s) 'latest_only_with_trigger' retrieved from /home/airflow/.local/lib/python3.8/site-packages/airflow/example_dags/example_latest_only_with_trigger.py
[2024-04-16T10:11:04.241+0000] {logging_mixin.py:188} INFO - [2024-04-16T10:11:04.241+0000] {dag.py:3047} INFO - Sync 1 DAGs
[2024-04-16T10:11:04.303+0000] {logging_mixin.py:188} INFO - [2024-04-16T10:11:04.303+0000] {dag.py:3834} INFO - Setting next_dagrun for latest_only_with_trigger to 2024-04-16 04:00:00+00:00, run_after=2024-04-16 08:00:00+00:00
[2024-04-16T10:11:04.395+0000] {processor.py:183} INFO - Processing /home/airflow/.local/lib/python3.8/site-packages/airflow/example_dags/example_latest_only_with_trigger.py took 0.277 seconds
[2024-04-16T10:11:34.913+0000] {processor.py:161} INFO - Started process (PID=133) to work on /home/airflow/.local/lib/python3.8/site-packages/airflow/example_dags/example_latest_only_with_trigger.py
[2024-04-16T10:11:34.915+0000] {processor.py:830} INFO - Processing file /home/airflow/.local/lib/python3.8/site-packages/airflow/example_dags/example_latest_only_with_trigger.py for tasks to queue
[2024-04-16T10:11:34.917+0000] {logging_mixin.py:188} INFO - [2024-04-16T10:11:34.917+0000] {dagbag.py:540} INFO - Filling up the DagBag from /home/airflow/.local/lib/python3.8/site-packages/airflow/example_dags/example_latest_only_with_trigger.py
[2024-04-16T10:11:34.923+0000] {processor.py:840} INFO - DAG(s) 'latest_only_with_trigger' retrieved from /home/airflow/.local/lib/python3.8/site-packages/airflow/example_dags/example_latest_only_with_trigger.py
[2024-04-16T10:11:35.000+0000] {logging_mixin.py:188} INFO - [2024-04-16T10:11:35.000+0000] {dag.py:3047} INFO - Sync 1 DAGs
[2024-04-16T10:11:35.018+0000] {logging_mixin.py:188} INFO - [2024-04-16T10:11:35.018+0000] {dag.py:3834} INFO - Setting next_dagrun for latest_only_with_trigger to 2024-04-16 04:00:00+00:00, run_after=2024-04-16 08:00:00+00:00
[2024-04-16T10:11:35.035+0000] {processor.py:183} INFO - Processing /home/airflow/.local/lib/python3.8/site-packages/airflow/example_dags/example_latest_only_with_trigger.py took 0.125 seconds
[2024-04-16T10:12:05.071+0000] {processor.py:161} INFO - Started process (PID=192) to work on /home/airflow/.local/lib/python3.8/site-packages/airflow/example_dags/example_latest_only_with_trigger.py
[2024-04-16T10:12:05.073+0000] {processor.py:830} INFO - Processing file /home/airflow/.local/lib/python3.8/site-packages/airflow/example_dags/example_latest_only_with_trigger.py for tasks to queue
[2024-04-16T10:12:05.075+0000] {logging_mixin.py:188} INFO - [2024-04-16T10:12:05.075+0000] {dagbag.py:540} INFO - Filling up the DagBag from /home/airflow/.local/lib/python3.8/site-packages/airflow/example_dags/example_latest_only_with_trigger.py
[2024-04-16T10:12:05.082+0000] {processor.py:840} INFO - DAG(s) 'latest_only_with_trigger' retrieved from /home/airflow/.local/lib/python3.8/site-packages/airflow/example_dags/example_latest_only_with_trigger.py
[2024-04-16T10:12:05.110+0000] {logging_mixin.py:188} INFO - [2024-04-16T10:12:05.109+0000] {dag.py:3047} INFO - Sync 1 DAGs
[2024-04-16T10:12:05.144+0000] {logging_mixin.py:188} INFO - [2024-04-16T10:12:05.143+0000] {dag.py:3834} INFO - Setting next_dagrun for latest_only_with_trigger to 2024-04-16 04:00:00+00:00, run_after=2024-04-16 08:00:00+00:00
[2024-04-16T10:12:05.166+0000] {processor.py:183} INFO - Processing /home/airflow/.local/lib/python3.8/site-packages/airflow/example_dags/example_latest_only_with_trigger.py took 0.099 seconds
[2024-04-16T10:12:35.447+0000] {processor.py:161} INFO - Started process (PID=251) to work on /home/airflow/.local/lib/python3.8/site-packages/airflow/example_dags/example_latest_only_with_trigger.py
[2024-04-16T10:12:35.448+0000] {processor.py:830} INFO - Processing file /home/airflow/.local/lib/python3.8/site-packages/airflow/example_dags/example_latest_only_with_trigger.py for tasks to queue
[2024-04-16T10:12:35.450+0000] {logging_mixin.py:188} INFO - [2024-04-16T10:12:35.450+0000] {dagbag.py:540} INFO - Filling up the DagBag from /home/airflow/.local/lib/python3.8/site-packages/airflow/example_dags/example_latest_only_with_trigger.py
[2024-04-16T10:12:35.457+0000] {processor.py:840} INFO - DAG(s) 'latest_only_with_trigger' retrieved from /home/airflow/.local/lib/python3.8/site-packages/airflow/example_dags/example_latest_only_with_trigger.py
[2024-04-16T10:12:35.476+0000] {logging_mixin.py:188} INFO - [2024-04-16T10:12:35.476+0000] {dag.py:3047} INFO - Sync 1 DAGs
[2024-04-16T10:12:35.497+0000] {logging_mixin.py:188} INFO - [2024-04-16T10:12:35.497+0000] {dag.py:3834} INFO - Setting next_dagrun for latest_only_with_trigger to 2024-04-16 04:00:00+00:00, run_after=2024-04-16 08:00:00+00:00
[2024-04-16T10:12:35.519+0000] {processor.py:183} INFO - Processing /home/airflow/.local/lib/python3.8/site-packages/airflow/example_dags/example_latest_only_with_trigger.py took 0.075 seconds
[2024-04-16T10:13:05.687+0000] {processor.py:161} INFO - Started process (PID=310) to work on /home/airflow/.local/lib/python3.8/site-packages/airflow/example_dags/example_latest_only_with_trigger.py
[2024-04-16T10:13:05.688+0000] {processor.py:830} INFO - Processing file /home/airflow/.local/lib/python3.8/site-packages/airflow/example_dags/example_latest_only_with_trigger.py for tasks to queue
[2024-04-16T10:13:05.690+0000] {logging_mixin.py:188} INFO - [2024-04-16T10:13:05.690+0000] {dagbag.py:540} INFO - Filling up the DagBag from /home/airflow/.local/lib/python3.8/site-packages/airflow/example_dags/example_latest_only_with_trigger.py
[2024-04-16T10:13:05.696+0000] {processor.py:840} INFO - DAG(s) 'latest_only_with_trigger' retrieved from /home/airflow/.local/lib/python3.8/site-packages/airflow/example_dags/example_latest_only_with_trigger.py
[2024-04-16T10:13:05.718+0000] {logging_mixin.py:188} INFO - [2024-04-16T10:13:05.717+0000] {dag.py:3047} INFO - Sync 1 DAGs
[2024-04-16T10:13:05.739+0000] {logging_mixin.py:188} INFO - [2024-04-16T10:13:05.738+0000] {dag.py:3834} INFO - Setting next_dagrun for latest_only_with_trigger to 2024-04-16 04:00:00+00:00, run_after=2024-04-16 08:00:00+00:00
[2024-04-16T10:13:05.756+0000] {processor.py:183} INFO - Processing /home/airflow/.local/lib/python3.8/site-packages/airflow/example_dags/example_latest_only_with_trigger.py took 0.073 seconds
[2024-04-16T10:13:35.906+0000] {processor.py:161} INFO - Started process (PID=369) to work on /home/airflow/.local/lib/python3.8/site-packages/airflow/example_dags/example_latest_only_with_trigger.py
[2024-04-16T10:13:35.907+0000] {processor.py:830} INFO - Processing file /home/airflow/.local/lib/python3.8/site-packages/airflow/example_dags/example_latest_only_with_trigger.py for tasks to queue
[2024-04-16T10:13:35.909+0000] {logging_mixin.py:188} INFO - [2024-04-16T10:13:35.909+0000] {dagbag.py:540} INFO - Filling up the DagBag from /home/airflow/.local/lib/python3.8/site-packages/airflow/example_dags/example_latest_only_with_trigger.py
[2024-04-16T10:13:35.914+0000] {processor.py:840} INFO - DAG(s) 'latest_only_with_trigger' retrieved from /home/airflow/.local/lib/python3.8/site-packages/airflow/example_dags/example_latest_only_with_trigger.py
[2024-04-16T10:13:35.933+0000] {logging_mixin.py:188} INFO - [2024-04-16T10:13:35.932+0000] {dag.py:3047} INFO - Sync 1 DAGs
[2024-04-16T10:13:35.951+0000] {logging_mixin.py:188} INFO - [2024-04-16T10:13:35.951+0000] {dag.py:3834} INFO - Setting next_dagrun for latest_only_with_trigger to 2024-04-16 04:00:00+00:00, run_after=2024-04-16 08:00:00+00:00
[2024-04-16T10:13:35.965+0000] {processor.py:183} INFO - Processing /home/airflow/.local/lib/python3.8/site-packages/airflow/example_dags/example_latest_only_with_trigger.py took 0.063 seconds
[2024-04-16T10:14:06.218+0000] {processor.py:161} INFO - Started process (PID=428) to work on /home/airflow/.local/lib/python3.8/site-packages/airflow/example_dags/example_latest_only_with_trigger.py
[2024-04-16T10:14:06.219+0000] {processor.py:830} INFO - Processing file /home/airflow/.local/lib/python3.8/site-packages/airflow/example_dags/example_latest_only_with_trigger.py for tasks to queue
[2024-04-16T10:14:06.221+0000] {logging_mixin.py:188} INFO - [2024-04-16T10:14:06.221+0000] {dagbag.py:540} INFO - Filling up the DagBag from /home/airflow/.local/lib/python3.8/site-packages/airflow/example_dags/example_latest_only_with_trigger.py
[2024-04-16T10:14:06.226+0000] {processor.py:840} INFO - DAG(s) 'latest_only_with_trigger' retrieved from /home/airflow/.local/lib/python3.8/site-packages/airflow/example_dags/example_latest_only_with_trigger.py
[2024-04-16T10:14:06.244+0000] {logging_mixin.py:188} INFO - [2024-04-16T10:14:06.244+0000] {dag.py:3047} INFO - Sync 1 DAGs
[2024-04-16T10:14:06.263+0000] {logging_mixin.py:188} INFO - [2024-04-16T10:14:06.263+0000] {dag.py:3834} INFO - Setting next_dagrun for latest_only_with_trigger to 2024-04-16 04:00:00+00:00, run_after=2024-04-16 08:00:00+00:00
[2024-04-16T10:14:06.278+0000] {processor.py:183} INFO - Processing /home/airflow/.local/lib/python3.8/site-packages/airflow/example_dags/example_latest_only_with_trigger.py took 0.063 seconds
[2024-04-16T10:14:36.871+0000] {processor.py:161} INFO - Started process (PID=487) to work on /home/airflow/.local/lib/python3.8/site-packages/airflow/example_dags/example_latest_only_with_trigger.py
[2024-04-16T10:14:36.872+0000] {processor.py:830} INFO - Processing file /home/airflow/.local/lib/python3.8/site-packages/airflow/example_dags/example_latest_only_with_trigger.py for tasks to queue
[2024-04-16T10:14:36.875+0000] {logging_mixin.py:188} INFO - [2024-04-16T10:14:36.874+0000] {dagbag.py:540} INFO - Filling up the DagBag from /home/airflow/.local/lib/python3.8/site-packages/airflow/example_dags/example_latest_only_with_trigger.py
[2024-04-16T10:14:36.890+0000] {processor.py:840} INFO - DAG(s) 'latest_only_with_trigger' retrieved from /home/airflow/.local/lib/python3.8/site-packages/airflow/example_dags/example_latest_only_with_trigger.py
[2024-04-16T10:14:36.966+0000] {logging_mixin.py:188} INFO - [2024-04-16T10:14:36.965+0000] {dag.py:3047} INFO - Sync 1 DAGs
[2024-04-16T10:14:37.039+0000] {logging_mixin.py:188} INFO - [2024-04-16T10:14:37.038+0000] {dag.py:3834} INFO - Setting next_dagrun for latest_only_with_trigger to 2024-04-16 04:00:00+00:00, run_after=2024-04-16 08:00:00+00:00
[2024-04-16T10:14:37.107+0000] {processor.py:183} INFO - Processing /home/airflow/.local/lib/python3.8/site-packages/airflow/example_dags/example_latest_only_with_trigger.py took 0.242 seconds
[2024-04-16T10:15:07.329+0000] {processor.py:161} INFO - Started process (PID=546) to work on /home/airflow/.local/lib/python3.8/site-packages/airflow/example_dags/example_latest_only_with_trigger.py
[2024-04-16T10:15:07.331+0000] {processor.py:830} INFO - Processing file /home/airflow/.local/lib/python3.8/site-packages/airflow/example_dags/example_latest_only_with_trigger.py for tasks to queue
[2024-04-16T10:15:07.335+0000] {logging_mixin.py:188} INFO - [2024-04-16T10:15:07.334+0000] {dagbag.py:540} INFO - Filling up the DagBag from /home/airflow/.local/lib/python3.8/site-packages/airflow/example_dags/example_latest_only_with_trigger.py
[2024-04-16T10:15:07.344+0000] {processor.py:840} INFO - DAG(s) 'latest_only_with_trigger' retrieved from /home/airflow/.local/lib/python3.8/site-packages/airflow/example_dags/example_latest_only_with_trigger.py
[2024-04-16T10:15:07.369+0000] {logging_mixin.py:188} INFO - [2024-04-16T10:15:07.369+0000] {dag.py:3047} INFO - Sync 1 DAGs
[2024-04-16T10:15:07.391+0000] {logging_mixin.py:188} INFO - [2024-04-16T10:15:07.390+0000] {dag.py:3834} INFO - Setting next_dagrun for latest_only_with_trigger to 2024-04-16 04:00:00+00:00, run_after=2024-04-16 08:00:00+00:00
[2024-04-16T10:15:07.410+0000] {processor.py:183} INFO - Processing /home/airflow/.local/lib/python3.8/site-packages/airflow/example_dags/example_latest_only_with_trigger.py took 0.084 seconds
[2024-04-16T10:15:37.499+0000] {processor.py:161} INFO - Started process (PID=605) to work on /home/airflow/.local/lib/python3.8/site-packages/airflow/example_dags/example_latest_only_with_trigger.py
[2024-04-16T10:15:37.501+0000] {processor.py:830} INFO - Processing file /home/airflow/.local/lib/python3.8/site-packages/airflow/example_dags/example_latest_only_with_trigger.py for tasks to queue
[2024-04-16T10:15:37.504+0000] {logging_mixin.py:188} INFO - [2024-04-16T10:15:37.503+0000] {dagbag.py:540} INFO - Filling up the DagBag from /home/airflow/.local/lib/python3.8/site-packages/airflow/example_dags/example_latest_only_with_trigger.py
[2024-04-16T10:15:37.511+0000] {processor.py:840} INFO - DAG(s) 'latest_only_with_trigger' retrieved from /home/airflow/.local/lib/python3.8/site-packages/airflow/example_dags/example_latest_only_with_trigger.py
[2024-04-16T10:15:37.544+0000] {logging_mixin.py:188} INFO - [2024-04-16T10:15:37.544+0000] {dag.py:3047} INFO - Sync 1 DAGs
[2024-04-16T10:15:37.575+0000] {logging_mixin.py:188} INFO - [2024-04-16T10:15:37.574+0000] {dag.py:3834} INFO - Setting next_dagrun for latest_only_with_trigger to 2024-04-16 04:00:00+00:00, run_after=2024-04-16 08:00:00+00:00
[2024-04-16T10:15:37.610+0000] {processor.py:183} INFO - Processing /home/airflow/.local/lib/python3.8/site-packages/airflow/example_dags/example_latest_only_with_trigger.py took 0.115 seconds
[2024-04-16T10:16:07.847+0000] {processor.py:161} INFO - Started process (PID=664) to work on /home/airflow/.local/lib/python3.8/site-packages/airflow/example_dags/example_latest_only_with_trigger.py
[2024-04-16T10:16:07.849+0000] {processor.py:830} INFO - Processing file /home/airflow/.local/lib/python3.8/site-packages/airflow/example_dags/example_latest_only_with_trigger.py for tasks to queue
[2024-04-16T10:16:07.851+0000] {logging_mixin.py:188} INFO - [2024-04-16T10:16:07.850+0000] {dagbag.py:540} INFO - Filling up the DagBag from /home/airflow/.local/lib/python3.8/site-packages/airflow/example_dags/example_latest_only_with_trigger.py
[2024-04-16T10:16:07.856+0000] {processor.py:840} INFO - DAG(s) 'latest_only_with_trigger' retrieved from /home/airflow/.local/lib/python3.8/site-packages/airflow/example_dags/example_latest_only_with_trigger.py
[2024-04-16T10:16:07.874+0000] {logging_mixin.py:188} INFO - [2024-04-16T10:16:07.874+0000] {dag.py:3047} INFO - Sync 1 DAGs
[2024-04-16T10:16:07.892+0000] {logging_mixin.py:188} INFO - [2024-04-16T10:16:07.892+0000] {dag.py:3834} INFO - Setting next_dagrun for latest_only_with_trigger to 2024-04-16 04:00:00+00:00, run_after=2024-04-16 08:00:00+00:00
[2024-04-16T10:16:07.909+0000] {processor.py:183} INFO - Processing /home/airflow/.local/lib/python3.8/site-packages/airflow/example_dags/example_latest_only_with_trigger.py took 0.065 seconds
[2024-04-16T10:16:38.500+0000] {processor.py:161} INFO - Started process (PID=723) to work on /home/airflow/.local/lib/python3.8/site-packages/airflow/example_dags/example_latest_only_with_trigger.py
[2024-04-16T10:16:38.502+0000] {processor.py:830} INFO - Processing file /home/airflow/.local/lib/python3.8/site-packages/airflow/example_dags/example_latest_only_with_trigger.py for tasks to queue
[2024-04-16T10:16:38.504+0000] {logging_mixin.py:188} INFO - [2024-04-16T10:16:38.504+0000] {dagbag.py:540} INFO - Filling up the DagBag from /home/airflow/.local/lib/python3.8/site-packages/airflow/example_dags/example_latest_only_with_trigger.py
[2024-04-16T10:16:38.510+0000] {processor.py:840} INFO - DAG(s) 'latest_only_with_trigger' retrieved from /home/airflow/.local/lib/python3.8/site-packages/airflow/example_dags/example_latest_only_with_trigger.py
[2024-04-16T10:16:38.533+0000] {logging_mixin.py:188} INFO - [2024-04-16T10:16:38.532+0000] {dag.py:3047} INFO - Sync 1 DAGs
[2024-04-16T10:16:38.555+0000] {logging_mixin.py:188} INFO - [2024-04-16T10:16:38.555+0000] {dag.py:3834} INFO - Setting next_dagrun for latest_only_with_trigger to 2024-04-16 04:00:00+00:00, run_after=2024-04-16 08:00:00+00:00
[2024-04-16T10:16:38.575+0000] {processor.py:183} INFO - Processing /home/airflow/.local/lib/python3.8/site-packages/airflow/example_dags/example_latest_only_with_trigger.py took 0.078 seconds
[2024-04-16T10:17:08.902+0000] {processor.py:161} INFO - Started process (PID=782) to work on /home/airflow/.local/lib/python3.8/site-packages/airflow/example_dags/example_latest_only_with_trigger.py
[2024-04-16T10:17:08.904+0000] {processor.py:830} INFO - Processing file /home/airflow/.local/lib/python3.8/site-packages/airflow/example_dags/example_latest_only_with_trigger.py for tasks to queue
[2024-04-16T10:17:08.906+0000] {logging_mixin.py:188} INFO - [2024-04-16T10:17:08.906+0000] {dagbag.py:540} INFO - Filling up the DagBag from /home/airflow/.local/lib/python3.8/site-packages/airflow/example_dags/example_latest_only_with_trigger.py
[2024-04-16T10:17:08.912+0000] {processor.py:840} INFO - DAG(s) 'latest_only_with_trigger' retrieved from /home/airflow/.local/lib/python3.8/site-packages/airflow/example_dags/example_latest_only_with_trigger.py
[2024-04-16T10:17:08.938+0000] {logging_mixin.py:188} INFO - [2024-04-16T10:17:08.937+0000] {dag.py:3047} INFO - Sync 1 DAGs
[2024-04-16T10:17:08.967+0000] {logging_mixin.py:188} INFO - [2024-04-16T10:17:08.967+0000] {dag.py:3834} INFO - Setting next_dagrun for latest_only_with_trigger to 2024-04-16 04:00:00+00:00, run_after=2024-04-16 08:00:00+00:00
[2024-04-16T10:17:08.999+0000] {processor.py:183} INFO - Processing /home/airflow/.local/lib/python3.8/site-packages/airflow/example_dags/example_latest_only_with_trigger.py took 0.100 seconds
[2024-04-16T10:17:39.081+0000] {processor.py:161} INFO - Started process (PID=841) to work on /home/airflow/.local/lib/python3.8/site-packages/airflow/example_dags/example_latest_only_with_trigger.py
[2024-04-16T10:17:39.083+0000] {processor.py:830} INFO - Processing file /home/airflow/.local/lib/python3.8/site-packages/airflow/example_dags/example_latest_only_with_trigger.py for tasks to queue
[2024-04-16T10:17:39.084+0000] {logging_mixin.py:188} INFO - [2024-04-16T10:17:39.084+0000] {dagbag.py:540} INFO - Filling up the DagBag from /home/airflow/.local/lib/python3.8/site-packages/airflow/example_dags/example_latest_only_with_trigger.py
[2024-04-16T10:17:39.089+0000] {processor.py:840} INFO - DAG(s) 'latest_only_with_trigger' retrieved from /home/airflow/.local/lib/python3.8/site-packages/airflow/example_dags/example_latest_only_with_trigger.py
[2024-04-16T10:17:39.107+0000] {logging_mixin.py:188} INFO - [2024-04-16T10:17:39.107+0000] {dag.py:3047} INFO - Sync 1 DAGs
[2024-04-16T10:17:39.124+0000] {logging_mixin.py:188} INFO - [2024-04-16T10:17:39.124+0000] {dag.py:3834} INFO - Setting next_dagrun for latest_only_with_trigger to 2024-04-16 04:00:00+00:00, run_after=2024-04-16 08:00:00+00:00
[2024-04-16T10:17:39.141+0000] {processor.py:183} INFO - Processing /home/airflow/.local/lib/python3.8/site-packages/airflow/example_dags/example_latest_only_with_trigger.py took 0.062 seconds
[2024-04-16T10:18:09.300+0000] {processor.py:161} INFO - Started process (PID=900) to work on /home/airflow/.local/lib/python3.8/site-packages/airflow/example_dags/example_latest_only_with_trigger.py
[2024-04-16T10:18:09.302+0000] {processor.py:830} INFO - Processing file /home/airflow/.local/lib/python3.8/site-packages/airflow/example_dags/example_latest_only_with_trigger.py for tasks to queue
[2024-04-16T10:18:09.304+0000] {logging_mixin.py:188} INFO - [2024-04-16T10:18:09.303+0000] {dagbag.py:540} INFO - Filling up the DagBag from /home/airflow/.local/lib/python3.8/site-packages/airflow/example_dags/example_latest_only_with_trigger.py
[2024-04-16T10:18:09.309+0000] {processor.py:840} INFO - DAG(s) 'latest_only_with_trigger' retrieved from /home/airflow/.local/lib/python3.8/site-packages/airflow/example_dags/example_latest_only_with_trigger.py
[2024-04-16T10:18:09.326+0000] {logging_mixin.py:188} INFO - [2024-04-16T10:18:09.326+0000] {dag.py:3047} INFO - Sync 1 DAGs
[2024-04-16T10:18:09.344+0000] {logging_mixin.py:188} INFO - [2024-04-16T10:18:09.343+0000] {dag.py:3834} INFO - Setting next_dagrun for latest_only_with_trigger to 2024-04-16 04:00:00+00:00, run_after=2024-04-16 08:00:00+00:00
[2024-04-16T10:18:09.360+0000] {processor.py:183} INFO - Processing /home/airflow/.local/lib/python3.8/site-packages/airflow/example_dags/example_latest_only_with_trigger.py took 0.063 seconds
[2024-04-16T10:18:39.540+0000] {processor.py:161} INFO - Started process (PID=959) to work on /home/airflow/.local/lib/python3.8/site-packages/airflow/example_dags/example_latest_only_with_trigger.py
[2024-04-16T10:18:39.541+0000] {processor.py:830} INFO - Processing file /home/airflow/.local/lib/python3.8/site-packages/airflow/example_dags/example_latest_only_with_trigger.py for tasks to queue
[2024-04-16T10:18:39.543+0000] {logging_mixin.py:188} INFO - [2024-04-16T10:18:39.542+0000] {dagbag.py:540} INFO - Filling up the DagBag from /home/airflow/.local/lib/python3.8/site-packages/airflow/example_dags/example_latest_only_with_trigger.py
[2024-04-16T10:18:39.548+0000] {processor.py:840} INFO - DAG(s) 'latest_only_with_trigger' retrieved from /home/airflow/.local/lib/python3.8/site-packages/airflow/example_dags/example_latest_only_with_trigger.py
[2024-04-16T10:18:39.565+0000] {logging_mixin.py:188} INFO - [2024-04-16T10:18:39.565+0000] {dag.py:3047} INFO - Sync 1 DAGs
[2024-04-16T10:18:39.583+0000] {logging_mixin.py:188} INFO - [2024-04-16T10:18:39.582+0000] {dag.py:3834} INFO - Setting next_dagrun for latest_only_with_trigger to 2024-04-16 04:00:00+00:00, run_after=2024-04-16 08:00:00+00:00
[2024-04-16T10:18:39.599+0000] {processor.py:183} INFO - Processing /home/airflow/.local/lib/python3.8/site-packages/airflow/example_dags/example_latest_only_with_trigger.py took 0.062 seconds
[2024-04-16T10:19:09.933+0000] {processor.py:161} INFO - Started process (PID=1018) to work on /home/airflow/.local/lib/python3.8/site-packages/airflow/example_dags/example_latest_only_with_trigger.py
[2024-04-16T10:19:09.935+0000] {processor.py:830} INFO - Processing file /home/airflow/.local/lib/python3.8/site-packages/airflow/example_dags/example_latest_only_with_trigger.py for tasks to queue
[2024-04-16T10:19:09.938+0000] {logging_mixin.py:188} INFO - [2024-04-16T10:19:09.937+0000] {dagbag.py:540} INFO - Filling up the DagBag from /home/airflow/.local/lib/python3.8/site-packages/airflow/example_dags/example_latest_only_with_trigger.py
[2024-04-16T10:19:09.943+0000] {processor.py:840} INFO - DAG(s) 'latest_only_with_trigger' retrieved from /home/airflow/.local/lib/python3.8/site-packages/airflow/example_dags/example_latest_only_with_trigger.py
[2024-04-16T10:19:09.962+0000] {logging_mixin.py:188} INFO - [2024-04-16T10:19:09.962+0000] {dag.py:3047} INFO - Sync 1 DAGs
[2024-04-16T10:19:09.984+0000] {logging_mixin.py:188} INFO - [2024-04-16T10:19:09.984+0000] {dag.py:3834} INFO - Setting next_dagrun for latest_only_with_trigger to 2024-04-16 04:00:00+00:00, run_after=2024-04-16 08:00:00+00:00
[2024-04-16T10:19:10.003+0000] {processor.py:183} INFO - Processing /home/airflow/.local/lib/python3.8/site-packages/airflow/example_dags/example_latest_only_with_trigger.py took 0.072 seconds
[2024-04-16T10:19:40.159+0000] {processor.py:161} INFO - Started process (PID=1077) to work on /home/airflow/.local/lib/python3.8/site-packages/airflow/example_dags/example_latest_only_with_trigger.py
[2024-04-16T10:19:40.160+0000] {processor.py:830} INFO - Processing file /home/airflow/.local/lib/python3.8/site-packages/airflow/example_dags/example_latest_only_with_trigger.py for tasks to queue
[2024-04-16T10:19:40.162+0000] {logging_mixin.py:188} INFO - [2024-04-16T10:19:40.162+0000] {dagbag.py:540} INFO - Filling up the DagBag from /home/airflow/.local/lib/python3.8/site-packages/airflow/example_dags/example_latest_only_with_trigger.py
[2024-04-16T10:19:40.167+0000] {processor.py:840} INFO - DAG(s) 'latest_only_with_trigger' retrieved from /home/airflow/.local/lib/python3.8/site-packages/airflow/example_dags/example_latest_only_with_trigger.py
[2024-04-16T10:19:40.184+0000] {logging_mixin.py:188} INFO - [2024-04-16T10:19:40.184+0000] {dag.py:3047} INFO - Sync 1 DAGs
[2024-04-16T10:19:40.201+0000] {logging_mixin.py:188} INFO - [2024-04-16T10:19:40.201+0000] {dag.py:3834} INFO - Setting next_dagrun for latest_only_with_trigger to 2024-04-16 04:00:00+00:00, run_after=2024-04-16 08:00:00+00:00
[2024-04-16T10:19:40.217+0000] {processor.py:183} INFO - Processing /home/airflow/.local/lib/python3.8/site-packages/airflow/example_dags/example_latest_only_with_trigger.py took 0.062 seconds
[2024-04-16T10:20:10.535+0000] {processor.py:161} INFO - Started process (PID=1136) to work on /home/airflow/.local/lib/python3.8/site-packages/airflow/example_dags/example_latest_only_with_trigger.py
[2024-04-16T10:20:10.537+0000] {processor.py:830} INFO - Processing file /home/airflow/.local/lib/python3.8/site-packages/airflow/example_dags/example_latest_only_with_trigger.py for tasks to queue
[2024-04-16T10:20:10.539+0000] {logging_mixin.py:188} INFO - [2024-04-16T10:20:10.539+0000] {dagbag.py:540} INFO - Filling up the DagBag from /home/airflow/.local/lib/python3.8/site-packages/airflow/example_dags/example_latest_only_with_trigger.py
[2024-04-16T10:20:10.546+0000] {processor.py:840} INFO - DAG(s) 'latest_only_with_trigger' retrieved from /home/airflow/.local/lib/python3.8/site-packages/airflow/example_dags/example_latest_only_with_trigger.py
[2024-04-16T10:20:10.571+0000] {logging_mixin.py:188} INFO - [2024-04-16T10:20:10.570+0000] {dag.py:3047} INFO - Sync 1 DAGs
[2024-04-16T10:20:10.593+0000] {logging_mixin.py:188} INFO - [2024-04-16T10:20:10.592+0000] {dag.py:3834} INFO - Setting next_dagrun for latest_only_with_trigger to 2024-04-16 04:00:00+00:00, run_after=2024-04-16 08:00:00+00:00
[2024-04-16T10:20:10.611+0000] {processor.py:183} INFO - Processing /home/airflow/.local/lib/python3.8/site-packages/airflow/example_dags/example_latest_only_with_trigger.py took 0.080 seconds
[2024-04-16T10:20:40.770+0000] {processor.py:161} INFO - Started process (PID=1195) to work on /home/airflow/.local/lib/python3.8/site-packages/airflow/example_dags/example_latest_only_with_trigger.py
[2024-04-16T10:20:40.771+0000] {processor.py:830} INFO - Processing file /home/airflow/.local/lib/python3.8/site-packages/airflow/example_dags/example_latest_only_with_trigger.py for tasks to queue
[2024-04-16T10:20:40.773+0000] {logging_mixin.py:188} INFO - [2024-04-16T10:20:40.773+0000] {dagbag.py:540} INFO - Filling up the DagBag from /home/airflow/.local/lib/python3.8/site-packages/airflow/example_dags/example_latest_only_with_trigger.py
[2024-04-16T10:20:40.779+0000] {processor.py:840} INFO - DAG(s) 'latest_only_with_trigger' retrieved from /home/airflow/.local/lib/python3.8/site-packages/airflow/example_dags/example_latest_only_with_trigger.py
[2024-04-16T10:20:40.801+0000] {logging_mixin.py:188} INFO - [2024-04-16T10:20:40.801+0000] {dag.py:3047} INFO - Sync 1 DAGs
[2024-04-16T10:20:40.834+0000] {logging_mixin.py:188} INFO - [2024-04-16T10:20:40.833+0000] {dag.py:3834} INFO - Setting next_dagrun for latest_only_with_trigger to 2024-04-16 04:00:00+00:00, run_after=2024-04-16 08:00:00+00:00
[2024-04-16T10:20:40.860+0000] {processor.py:183} INFO - Processing /home/airflow/.local/lib/python3.8/site-packages/airflow/example_dags/example_latest_only_with_trigger.py took 0.094 seconds
[2024-04-16T10:21:11.317+0000] {processor.py:161} INFO - Started process (PID=1254) to work on /home/airflow/.local/lib/python3.8/site-packages/airflow/example_dags/example_latest_only_with_trigger.py
[2024-04-16T10:21:11.318+0000] {processor.py:830} INFO - Processing file /home/airflow/.local/lib/python3.8/site-packages/airflow/example_dags/example_latest_only_with_trigger.py for tasks to queue
[2024-04-16T10:21:11.321+0000] {logging_mixin.py:188} INFO - [2024-04-16T10:21:11.320+0000] {dagbag.py:540} INFO - Filling up the DagBag from /home/airflow/.local/lib/python3.8/site-packages/airflow/example_dags/example_latest_only_with_trigger.py
[2024-04-16T10:21:11.326+0000] {processor.py:840} INFO - DAG(s) 'latest_only_with_trigger' retrieved from /home/airflow/.local/lib/python3.8/site-packages/airflow/example_dags/example_latest_only_with_trigger.py
[2024-04-16T10:21:11.346+0000] {logging_mixin.py:188} INFO - [2024-04-16T10:21:11.346+0000] {dag.py:3047} INFO - Sync 1 DAGs
[2024-04-16T10:21:11.369+0000] {logging_mixin.py:188} INFO - [2024-04-16T10:21:11.368+0000] {dag.py:3834} INFO - Setting next_dagrun for latest_only_with_trigger to 2024-04-16 04:00:00+00:00, run_after=2024-04-16 08:00:00+00:00
[2024-04-16T10:21:11.389+0000] {processor.py:183} INFO - Processing /home/airflow/.local/lib/python3.8/site-packages/airflow/example_dags/example_latest_only_with_trigger.py took 0.075 seconds
[2024-04-16T10:21:41.803+0000] {processor.py:161} INFO - Started process (PID=1313) to work on /home/airflow/.local/lib/python3.8/site-packages/airflow/example_dags/example_latest_only_with_trigger.py
[2024-04-16T10:21:41.805+0000] {processor.py:830} INFO - Processing file /home/airflow/.local/lib/python3.8/site-packages/airflow/example_dags/example_latest_only_with_trigger.py for tasks to queue
[2024-04-16T10:21:41.807+0000] {logging_mixin.py:188} INFO - [2024-04-16T10:21:41.807+0000] {dagbag.py:540} INFO - Filling up the DagBag from /home/airflow/.local/lib/python3.8/site-packages/airflow/example_dags/example_latest_only_with_trigger.py
[2024-04-16T10:21:41.814+0000] {processor.py:840} INFO - DAG(s) 'latest_only_with_trigger' retrieved from /home/airflow/.local/lib/python3.8/site-packages/airflow/example_dags/example_latest_only_with_trigger.py
[2024-04-16T10:21:41.840+0000] {logging_mixin.py:188} INFO - [2024-04-16T10:21:41.840+0000] {dag.py:3047} INFO - Sync 1 DAGs
[2024-04-16T10:21:41.871+0000] {logging_mixin.py:188} INFO - [2024-04-16T10:21:41.871+0000] {dag.py:3834} INFO - Setting next_dagrun for latest_only_with_trigger to 2024-04-16 04:00:00+00:00, run_after=2024-04-16 08:00:00+00:00
[2024-04-16T10:21:41.902+0000] {processor.py:183} INFO - Processing /home/airflow/.local/lib/python3.8/site-packages/airflow/example_dags/example_latest_only_with_trigger.py took 0.102 seconds
[2024-04-16T10:22:11.982+0000] {processor.py:161} INFO - Started process (PID=1372) to work on /home/airflow/.local/lib/python3.8/site-packages/airflow/example_dags/example_latest_only_with_trigger.py
[2024-04-16T10:22:11.984+0000] {processor.py:830} INFO - Processing file /home/airflow/.local/lib/python3.8/site-packages/airflow/example_dags/example_latest_only_with_trigger.py for tasks to queue
[2024-04-16T10:22:11.988+0000] {logging_mixin.py:188} INFO - [2024-04-16T10:22:11.987+0000] {dagbag.py:540} INFO - Filling up the DagBag from /home/airflow/.local/lib/python3.8/site-packages/airflow/example_dags/example_latest_only_with_trigger.py
[2024-04-16T10:22:11.995+0000] {processor.py:840} INFO - DAG(s) 'latest_only_with_trigger' retrieved from /home/airflow/.local/lib/python3.8/site-packages/airflow/example_dags/example_latest_only_with_trigger.py
[2024-04-16T10:22:12.026+0000] {logging_mixin.py:188} INFO - [2024-04-16T10:22:12.026+0000] {dag.py:3047} INFO - Sync 1 DAGs
[2024-04-16T10:22:12.061+0000] {logging_mixin.py:188} INFO - [2024-04-16T10:22:12.061+0000] {dag.py:3834} INFO - Setting next_dagrun for latest_only_with_trigger to 2024-04-16 04:00:00+00:00, run_after=2024-04-16 08:00:00+00:00
[2024-04-16T10:22:12.092+0000] {processor.py:183} INFO - Processing /home/airflow/.local/lib/python3.8/site-packages/airflow/example_dags/example_latest_only_with_trigger.py took 0.114 seconds
[2024-04-16T10:22:42.461+0000] {processor.py:161} INFO - Started process (PID=1431) to work on /home/airflow/.local/lib/python3.8/site-packages/airflow/example_dags/example_latest_only_with_trigger.py
[2024-04-16T10:22:42.463+0000] {processor.py:830} INFO - Processing file /home/airflow/.local/lib/python3.8/site-packages/airflow/example_dags/example_latest_only_with_trigger.py for tasks to queue
[2024-04-16T10:22:42.465+0000] {logging_mixin.py:188} INFO - [2024-04-16T10:22:42.465+0000] {dagbag.py:540} INFO - Filling up the DagBag from /home/airflow/.local/lib/python3.8/site-packages/airflow/example_dags/example_latest_only_with_trigger.py
[2024-04-16T10:22:42.471+0000] {processor.py:840} INFO - DAG(s) 'latest_only_with_trigger' retrieved from /home/airflow/.local/lib/python3.8/site-packages/airflow/example_dags/example_latest_only_with_trigger.py
[2024-04-16T10:22:42.489+0000] {logging_mixin.py:188} INFO - [2024-04-16T10:22:42.489+0000] {dag.py:3047} INFO - Sync 1 DAGs
[2024-04-16T10:22:42.511+0000] {logging_mixin.py:188} INFO - [2024-04-16T10:22:42.510+0000] {dag.py:3834} INFO - Setting next_dagrun for latest_only_with_trigger to 2024-04-16 04:00:00+00:00, run_after=2024-04-16 08:00:00+00:00
[2024-04-16T10:22:42.531+0000] {processor.py:183} INFO - Processing /home/airflow/.local/lib/python3.8/site-packages/airflow/example_dags/example_latest_only_with_trigger.py took 0.073 seconds
