[2024-04-16T10:11:08.035+0000] {processor.py:161} INFO - Started process (PID=85) to work on /home/airflow/.local/lib/python3.8/site-packages/airflow/example_dags/example_branch_operator.py
[2024-04-16T10:11:08.037+0000] {processor.py:830} INFO - Processing file /home/airflow/.local/lib/python3.8/site-packages/airflow/example_dags/example_branch_operator.py for tasks to queue
[2024-04-16T10:11:08.041+0000] {logging_mixin.py:188} INFO - [2024-04-16T10:11:08.040+0000] {dagbag.py:540} INFO - Filling up the DagBag from /home/airflow/.local/lib/python3.8/site-packages/airflow/example_dags/example_branch_operator.py
[2024-04-16T10:11:08.080+0000] {processor.py:840} INFO - DAG(s) 'example_branch_operator' retrieved from /home/airflow/.local/lib/python3.8/site-packages/airflow/example_dags/example_branch_operator.py
[2024-04-16T10:11:08.103+0000] {logging_mixin.py:188} INFO - [2024-04-16T10:11:08.102+0000] {dag.py:3047} INFO - Sync 1 DAGs
[2024-04-16T10:11:08.154+0000] {logging_mixin.py:188} INFO - [2024-04-16T10:11:08.154+0000] {dag.py:3834} INFO - Setting next_dagrun for example_branch_operator to 2024-04-15 00:00:00+00:00, run_after=2024-04-16 00:00:00+00:00
[2024-04-16T10:11:08.189+0000] {processor.py:183} INFO - Processing /home/airflow/.local/lib/python3.8/site-packages/airflow/example_dags/example_branch_operator.py took 0.159 seconds
[2024-04-16T10:11:38.503+0000] {processor.py:161} INFO - Started process (PID=159) to work on /home/airflow/.local/lib/python3.8/site-packages/airflow/example_dags/example_branch_operator.py
[2024-04-16T10:11:38.505+0000] {processor.py:830} INFO - Processing file /home/airflow/.local/lib/python3.8/site-packages/airflow/example_dags/example_branch_operator.py for tasks to queue
[2024-04-16T10:11:38.507+0000] {logging_mixin.py:188} INFO - [2024-04-16T10:11:38.507+0000] {dagbag.py:540} INFO - Filling up the DagBag from /home/airflow/.local/lib/python3.8/site-packages/airflow/example_dags/example_branch_operator.py
[2024-04-16T10:11:38.522+0000] {processor.py:840} INFO - DAG(s) 'example_branch_operator' retrieved from /home/airflow/.local/lib/python3.8/site-packages/airflow/example_dags/example_branch_operator.py
[2024-04-16T10:11:38.614+0000] {logging_mixin.py:188} INFO - [2024-04-16T10:11:38.613+0000] {dag.py:3047} INFO - Sync 1 DAGs
[2024-04-16T10:11:38.630+0000] {logging_mixin.py:188} INFO - [2024-04-16T10:11:38.630+0000] {dag.py:3834} INFO - Setting next_dagrun for example_branch_operator to 2024-04-15 00:00:00+00:00, run_after=2024-04-16 00:00:00+00:00
[2024-04-16T10:11:38.648+0000] {processor.py:183} INFO - Processing /home/airflow/.local/lib/python3.8/site-packages/airflow/example_dags/example_branch_operator.py took 0.147 seconds
[2024-04-16T10:12:09.524+0000] {processor.py:161} INFO - Started process (PID=218) to work on /home/airflow/.local/lib/python3.8/site-packages/airflow/example_dags/example_branch_operator.py
[2024-04-16T10:12:09.526+0000] {processor.py:830} INFO - Processing file /home/airflow/.local/lib/python3.8/site-packages/airflow/example_dags/example_branch_operator.py for tasks to queue
[2024-04-16T10:12:09.529+0000] {logging_mixin.py:188} INFO - [2024-04-16T10:12:09.528+0000] {dagbag.py:540} INFO - Filling up the DagBag from /home/airflow/.local/lib/python3.8/site-packages/airflow/example_dags/example_branch_operator.py
[2024-04-16T10:12:09.546+0000] {processor.py:840} INFO - DAG(s) 'example_branch_operator' retrieved from /home/airflow/.local/lib/python3.8/site-packages/airflow/example_dags/example_branch_operator.py
[2024-04-16T10:12:09.571+0000] {logging_mixin.py:188} INFO - [2024-04-16T10:12:09.571+0000] {dag.py:3047} INFO - Sync 1 DAGs
[2024-04-16T10:12:09.597+0000] {logging_mixin.py:188} INFO - [2024-04-16T10:12:09.596+0000] {dag.py:3834} INFO - Setting next_dagrun for example_branch_operator to 2024-04-15 00:00:00+00:00, run_after=2024-04-16 00:00:00+00:00
[2024-04-16T10:12:09.624+0000] {processor.py:183} INFO - Processing /home/airflow/.local/lib/python3.8/site-packages/airflow/example_dags/example_branch_operator.py took 0.104 seconds
[2024-04-16T10:12:39.984+0000] {processor.py:161} INFO - Started process (PID=277) to work on /home/airflow/.local/lib/python3.8/site-packages/airflow/example_dags/example_branch_operator.py
[2024-04-16T10:12:39.985+0000] {processor.py:830} INFO - Processing file /home/airflow/.local/lib/python3.8/site-packages/airflow/example_dags/example_branch_operator.py for tasks to queue
[2024-04-16T10:12:39.988+0000] {logging_mixin.py:188} INFO - [2024-04-16T10:12:39.987+0000] {dagbag.py:540} INFO - Filling up the DagBag from /home/airflow/.local/lib/python3.8/site-packages/airflow/example_dags/example_branch_operator.py
[2024-04-16T10:12:40.002+0000] {processor.py:840} INFO - DAG(s) 'example_branch_operator' retrieved from /home/airflow/.local/lib/python3.8/site-packages/airflow/example_dags/example_branch_operator.py
[2024-04-16T10:12:40.028+0000] {logging_mixin.py:188} INFO - [2024-04-16T10:12:40.028+0000] {dag.py:3047} INFO - Sync 1 DAGs
[2024-04-16T10:12:40.049+0000] {logging_mixin.py:188} INFO - [2024-04-16T10:12:40.048+0000] {dag.py:3834} INFO - Setting next_dagrun for example_branch_operator to 2024-04-15 00:00:00+00:00, run_after=2024-04-16 00:00:00+00:00
[2024-04-16T10:12:40.064+0000] {processor.py:183} INFO - Processing /home/airflow/.local/lib/python3.8/site-packages/airflow/example_dags/example_branch_operator.py took 0.083 seconds
[2024-04-16T10:13:11.022+0000] {processor.py:161} INFO - Started process (PID=336) to work on /home/airflow/.local/lib/python3.8/site-packages/airflow/example_dags/example_branch_operator.py
[2024-04-16T10:13:11.023+0000] {processor.py:830} INFO - Processing file /home/airflow/.local/lib/python3.8/site-packages/airflow/example_dags/example_branch_operator.py for tasks to queue
[2024-04-16T10:13:11.025+0000] {logging_mixin.py:188} INFO - [2024-04-16T10:13:11.025+0000] {dagbag.py:540} INFO - Filling up the DagBag from /home/airflow/.local/lib/python3.8/site-packages/airflow/example_dags/example_branch_operator.py
[2024-04-16T10:13:11.042+0000] {processor.py:840} INFO - DAG(s) 'example_branch_operator' retrieved from /home/airflow/.local/lib/python3.8/site-packages/airflow/example_dags/example_branch_operator.py
[2024-04-16T10:13:11.065+0000] {logging_mixin.py:188} INFO - [2024-04-16T10:13:11.065+0000] {dag.py:3047} INFO - Sync 1 DAGs
[2024-04-16T10:13:11.087+0000] {logging_mixin.py:188} INFO - [2024-04-16T10:13:11.086+0000] {dag.py:3834} INFO - Setting next_dagrun for example_branch_operator to 2024-04-15 00:00:00+00:00, run_after=2024-04-16 00:00:00+00:00
[2024-04-16T10:13:11.106+0000] {processor.py:183} INFO - Processing /home/airflow/.local/lib/python3.8/site-packages/airflow/example_dags/example_branch_operator.py took 0.087 seconds
[2024-04-16T10:13:41.356+0000] {processor.py:161} INFO - Started process (PID=395) to work on /home/airflow/.local/lib/python3.8/site-packages/airflow/example_dags/example_branch_operator.py
[2024-04-16T10:13:41.358+0000] {processor.py:830} INFO - Processing file /home/airflow/.local/lib/python3.8/site-packages/airflow/example_dags/example_branch_operator.py for tasks to queue
[2024-04-16T10:13:41.359+0000] {logging_mixin.py:188} INFO - [2024-04-16T10:13:41.359+0000] {dagbag.py:540} INFO - Filling up the DagBag from /home/airflow/.local/lib/python3.8/site-packages/airflow/example_dags/example_branch_operator.py
[2024-04-16T10:13:41.373+0000] {processor.py:840} INFO - DAG(s) 'example_branch_operator' retrieved from /home/airflow/.local/lib/python3.8/site-packages/airflow/example_dags/example_branch_operator.py
[2024-04-16T10:13:41.405+0000] {logging_mixin.py:188} INFO - [2024-04-16T10:13:41.404+0000] {dag.py:3047} INFO - Sync 1 DAGs
[2024-04-16T10:13:41.434+0000] {logging_mixin.py:188} INFO - [2024-04-16T10:13:41.433+0000] {dag.py:3834} INFO - Setting next_dagrun for example_branch_operator to 2024-04-15 00:00:00+00:00, run_after=2024-04-16 00:00:00+00:00
[2024-04-16T10:13:41.457+0000] {processor.py:183} INFO - Processing /home/airflow/.local/lib/python3.8/site-packages/airflow/example_dags/example_branch_operator.py took 0.103 seconds
[2024-04-16T10:14:11.622+0000] {processor.py:161} INFO - Started process (PID=454) to work on /home/airflow/.local/lib/python3.8/site-packages/airflow/example_dags/example_branch_operator.py
[2024-04-16T10:14:11.624+0000] {processor.py:830} INFO - Processing file /home/airflow/.local/lib/python3.8/site-packages/airflow/example_dags/example_branch_operator.py for tasks to queue
[2024-04-16T10:14:11.626+0000] {logging_mixin.py:188} INFO - [2024-04-16T10:14:11.625+0000] {dagbag.py:540} INFO - Filling up the DagBag from /home/airflow/.local/lib/python3.8/site-packages/airflow/example_dags/example_branch_operator.py
[2024-04-16T10:14:11.640+0000] {processor.py:840} INFO - DAG(s) 'example_branch_operator' retrieved from /home/airflow/.local/lib/python3.8/site-packages/airflow/example_dags/example_branch_operator.py
[2024-04-16T10:14:11.682+0000] {logging_mixin.py:188} INFO - [2024-04-16T10:14:11.682+0000] {dag.py:3047} INFO - Sync 1 DAGs
[2024-04-16T10:14:11.722+0000] {logging_mixin.py:188} INFO - [2024-04-16T10:14:11.721+0000] {dag.py:3834} INFO - Setting next_dagrun for example_branch_operator to 2024-04-15 00:00:00+00:00, run_after=2024-04-16 00:00:00+00:00
[2024-04-16T10:14:11.758+0000] {processor.py:183} INFO - Processing /home/airflow/.local/lib/python3.8/site-packages/airflow/example_dags/example_branch_operator.py took 0.138 seconds
[2024-04-16T10:14:42.416+0000] {processor.py:161} INFO - Started process (PID=513) to work on /home/airflow/.local/lib/python3.8/site-packages/airflow/example_dags/example_branch_operator.py
[2024-04-16T10:14:42.417+0000] {processor.py:830} INFO - Processing file /home/airflow/.local/lib/python3.8/site-packages/airflow/example_dags/example_branch_operator.py for tasks to queue
[2024-04-16T10:14:42.419+0000] {logging_mixin.py:188} INFO - [2024-04-16T10:14:42.419+0000] {dagbag.py:540} INFO - Filling up the DagBag from /home/airflow/.local/lib/python3.8/site-packages/airflow/example_dags/example_branch_operator.py
[2024-04-16T10:14:42.434+0000] {processor.py:840} INFO - DAG(s) 'example_branch_operator' retrieved from /home/airflow/.local/lib/python3.8/site-packages/airflow/example_dags/example_branch_operator.py
[2024-04-16T10:14:42.465+0000] {logging_mixin.py:188} INFO - [2024-04-16T10:14:42.464+0000] {dag.py:3047} INFO - Sync 1 DAGs
[2024-04-16T10:14:42.490+0000] {logging_mixin.py:188} INFO - [2024-04-16T10:14:42.490+0000] {dag.py:3834} INFO - Setting next_dagrun for example_branch_operator to 2024-04-15 00:00:00+00:00, run_after=2024-04-16 00:00:00+00:00
[2024-04-16T10:14:42.510+0000] {processor.py:183} INFO - Processing /home/airflow/.local/lib/python3.8/site-packages/airflow/example_dags/example_branch_operator.py took 0.097 seconds
[2024-04-16T10:15:13.306+0000] {processor.py:161} INFO - Started process (PID=572) to work on /home/airflow/.local/lib/python3.8/site-packages/airflow/example_dags/example_branch_operator.py
[2024-04-16T10:15:13.308+0000] {processor.py:830} INFO - Processing file /home/airflow/.local/lib/python3.8/site-packages/airflow/example_dags/example_branch_operator.py for tasks to queue
[2024-04-16T10:15:13.310+0000] {logging_mixin.py:188} INFO - [2024-04-16T10:15:13.310+0000] {dagbag.py:540} INFO - Filling up the DagBag from /home/airflow/.local/lib/python3.8/site-packages/airflow/example_dags/example_branch_operator.py
[2024-04-16T10:15:13.337+0000] {processor.py:840} INFO - DAG(s) 'example_branch_operator' retrieved from /home/airflow/.local/lib/python3.8/site-packages/airflow/example_dags/example_branch_operator.py
[2024-04-16T10:15:13.379+0000] {logging_mixin.py:188} INFO - [2024-04-16T10:15:13.378+0000] {dag.py:3047} INFO - Sync 1 DAGs
[2024-04-16T10:15:13.417+0000] {logging_mixin.py:188} INFO - [2024-04-16T10:15:13.417+0000] {dag.py:3834} INFO - Setting next_dagrun for example_branch_operator to 2024-04-15 00:00:00+00:00, run_after=2024-04-16 00:00:00+00:00
[2024-04-16T10:15:13.449+0000] {processor.py:183} INFO - Processing /home/airflow/.local/lib/python3.8/site-packages/airflow/example_dags/example_branch_operator.py took 0.148 seconds
[2024-04-16T10:15:44.714+0000] {processor.py:161} INFO - Started process (PID=631) to work on /home/airflow/.local/lib/python3.8/site-packages/airflow/example_dags/example_branch_operator.py
[2024-04-16T10:15:44.720+0000] {processor.py:830} INFO - Processing file /home/airflow/.local/lib/python3.8/site-packages/airflow/example_dags/example_branch_operator.py for tasks to queue
[2024-04-16T10:15:44.731+0000] {logging_mixin.py:188} INFO - [2024-04-16T10:15:44.730+0000] {dagbag.py:540} INFO - Filling up the DagBag from /home/airflow/.local/lib/python3.8/site-packages/airflow/example_dags/example_branch_operator.py
[2024-04-16T10:15:44.805+0000] {processor.py:840} INFO - DAG(s) 'example_branch_operator' retrieved from /home/airflow/.local/lib/python3.8/site-packages/airflow/example_dags/example_branch_operator.py
[2024-04-16T10:15:44.929+0000] {logging_mixin.py:188} INFO - [2024-04-16T10:15:44.926+0000] {dag.py:3047} INFO - Sync 1 DAGs
[2024-04-16T10:15:45.017+0000] {logging_mixin.py:188} INFO - [2024-04-16T10:15:45.016+0000] {dag.py:3834} INFO - Setting next_dagrun for example_branch_operator to 2024-04-15 00:00:00+00:00, run_after=2024-04-16 00:00:00+00:00
[2024-04-16T10:15:45.086+0000] {processor.py:183} INFO - Processing /home/airflow/.local/lib/python3.8/site-packages/airflow/example_dags/example_branch_operator.py took 0.379 seconds
[2024-04-16T10:16:15.538+0000] {processor.py:161} INFO - Started process (PID=690) to work on /home/airflow/.local/lib/python3.8/site-packages/airflow/example_dags/example_branch_operator.py
[2024-04-16T10:16:15.539+0000] {processor.py:830} INFO - Processing file /home/airflow/.local/lib/python3.8/site-packages/airflow/example_dags/example_branch_operator.py for tasks to queue
[2024-04-16T10:16:15.542+0000] {logging_mixin.py:188} INFO - [2024-04-16T10:16:15.541+0000] {dagbag.py:540} INFO - Filling up the DagBag from /home/airflow/.local/lib/python3.8/site-packages/airflow/example_dags/example_branch_operator.py
[2024-04-16T10:16:15.558+0000] {processor.py:840} INFO - DAG(s) 'example_branch_operator' retrieved from /home/airflow/.local/lib/python3.8/site-packages/airflow/example_dags/example_branch_operator.py
[2024-04-16T10:16:15.586+0000] {logging_mixin.py:188} INFO - [2024-04-16T10:16:15.586+0000] {dag.py:3047} INFO - Sync 1 DAGs
[2024-04-16T10:16:15.611+0000] {logging_mixin.py:188} INFO - [2024-04-16T10:16:15.611+0000] {dag.py:3834} INFO - Setting next_dagrun for example_branch_operator to 2024-04-15 00:00:00+00:00, run_after=2024-04-16 00:00:00+00:00
[2024-04-16T10:16:15.633+0000] {processor.py:183} INFO - Processing /home/airflow/.local/lib/python3.8/site-packages/airflow/example_dags/example_branch_operator.py took 0.099 seconds
[2024-04-16T10:16:46.172+0000] {processor.py:161} INFO - Started process (PID=749) to work on /home/airflow/.local/lib/python3.8/site-packages/airflow/example_dags/example_branch_operator.py
[2024-04-16T10:16:46.174+0000] {processor.py:830} INFO - Processing file /home/airflow/.local/lib/python3.8/site-packages/airflow/example_dags/example_branch_operator.py for tasks to queue
[2024-04-16T10:16:46.176+0000] {logging_mixin.py:188} INFO - [2024-04-16T10:16:46.176+0000] {dagbag.py:540} INFO - Filling up the DagBag from /home/airflow/.local/lib/python3.8/site-packages/airflow/example_dags/example_branch_operator.py
[2024-04-16T10:16:46.194+0000] {processor.py:840} INFO - DAG(s) 'example_branch_operator' retrieved from /home/airflow/.local/lib/python3.8/site-packages/airflow/example_dags/example_branch_operator.py
[2024-04-16T10:16:46.222+0000] {logging_mixin.py:188} INFO - [2024-04-16T10:16:46.221+0000] {dag.py:3047} INFO - Sync 1 DAGs
[2024-04-16T10:16:46.249+0000] {logging_mixin.py:188} INFO - [2024-04-16T10:16:46.249+0000] {dag.py:3834} INFO - Setting next_dagrun for example_branch_operator to 2024-04-15 00:00:00+00:00, run_after=2024-04-16 00:00:00+00:00
[2024-04-16T10:16:46.272+0000] {processor.py:183} INFO - Processing /home/airflow/.local/lib/python3.8/site-packages/airflow/example_dags/example_branch_operator.py took 0.103 seconds
[2024-04-16T10:17:16.482+0000] {processor.py:161} INFO - Started process (PID=808) to work on /home/airflow/.local/lib/python3.8/site-packages/airflow/example_dags/example_branch_operator.py
[2024-04-16T10:17:16.483+0000] {processor.py:830} INFO - Processing file /home/airflow/.local/lib/python3.8/site-packages/airflow/example_dags/example_branch_operator.py for tasks to queue
[2024-04-16T10:17:16.486+0000] {logging_mixin.py:188} INFO - [2024-04-16T10:17:16.486+0000] {dagbag.py:540} INFO - Filling up the DagBag from /home/airflow/.local/lib/python3.8/site-packages/airflow/example_dags/example_branch_operator.py
[2024-04-16T10:17:16.509+0000] {processor.py:840} INFO - DAG(s) 'example_branch_operator' retrieved from /home/airflow/.local/lib/python3.8/site-packages/airflow/example_dags/example_branch_operator.py
[2024-04-16T10:17:16.544+0000] {logging_mixin.py:188} INFO - [2024-04-16T10:17:16.543+0000] {dag.py:3047} INFO - Sync 1 DAGs
[2024-04-16T10:17:16.573+0000] {logging_mixin.py:188} INFO - [2024-04-16T10:17:16.573+0000] {dag.py:3834} INFO - Setting next_dagrun for example_branch_operator to 2024-04-15 00:00:00+00:00, run_after=2024-04-16 00:00:00+00:00
[2024-04-16T10:17:16.600+0000] {processor.py:183} INFO - Processing /home/airflow/.local/lib/python3.8/site-packages/airflow/example_dags/example_branch_operator.py took 0.121 seconds
[2024-04-16T10:17:46.757+0000] {processor.py:161} INFO - Started process (PID=873) to work on /home/airflow/.local/lib/python3.8/site-packages/airflow/example_dags/example_branch_operator.py
[2024-04-16T10:17:46.758+0000] {processor.py:830} INFO - Processing file /home/airflow/.local/lib/python3.8/site-packages/airflow/example_dags/example_branch_operator.py for tasks to queue
[2024-04-16T10:17:46.760+0000] {logging_mixin.py:188} INFO - [2024-04-16T10:17:46.760+0000] {dagbag.py:540} INFO - Filling up the DagBag from /home/airflow/.local/lib/python3.8/site-packages/airflow/example_dags/example_branch_operator.py
[2024-04-16T10:17:46.777+0000] {processor.py:840} INFO - DAG(s) 'example_branch_operator' retrieved from /home/airflow/.local/lib/python3.8/site-packages/airflow/example_dags/example_branch_operator.py
[2024-04-16T10:17:46.807+0000] {logging_mixin.py:188} INFO - [2024-04-16T10:17:46.806+0000] {dag.py:3047} INFO - Sync 1 DAGs
[2024-04-16T10:17:46.831+0000] {logging_mixin.py:188} INFO - [2024-04-16T10:17:46.830+0000] {dag.py:3834} INFO - Setting next_dagrun for example_branch_operator to 2024-04-15 00:00:00+00:00, run_after=2024-04-16 00:00:00+00:00
[2024-04-16T10:17:46.851+0000] {processor.py:183} INFO - Processing /home/airflow/.local/lib/python3.8/site-packages/airflow/example_dags/example_branch_operator.py took 0.098 seconds
[2024-04-16T10:18:16.904+0000] {processor.py:161} INFO - Started process (PID=932) to work on /home/airflow/.local/lib/python3.8/site-packages/airflow/example_dags/example_branch_operator.py
[2024-04-16T10:18:16.905+0000] {processor.py:830} INFO - Processing file /home/airflow/.local/lib/python3.8/site-packages/airflow/example_dags/example_branch_operator.py for tasks to queue
[2024-04-16T10:18:16.907+0000] {logging_mixin.py:188} INFO - [2024-04-16T10:18:16.907+0000] {dagbag.py:540} INFO - Filling up the DagBag from /home/airflow/.local/lib/python3.8/site-packages/airflow/example_dags/example_branch_operator.py
[2024-04-16T10:18:16.922+0000] {processor.py:840} INFO - DAG(s) 'example_branch_operator' retrieved from /home/airflow/.local/lib/python3.8/site-packages/airflow/example_dags/example_branch_operator.py
[2024-04-16T10:18:16.950+0000] {logging_mixin.py:188} INFO - [2024-04-16T10:18:16.949+0000] {dag.py:3047} INFO - Sync 1 DAGs
[2024-04-16T10:18:16.971+0000] {logging_mixin.py:188} INFO - [2024-04-16T10:18:16.971+0000] {dag.py:3834} INFO - Setting next_dagrun for example_branch_operator to 2024-04-15 00:00:00+00:00, run_after=2024-04-16 00:00:00+00:00
[2024-04-16T10:18:16.993+0000] {processor.py:183} INFO - Processing /home/airflow/.local/lib/python3.8/site-packages/airflow/example_dags/example_branch_operator.py took 0.092 seconds
[2024-04-16T10:18:47.912+0000] {processor.py:161} INFO - Started process (PID=991) to work on /home/airflow/.local/lib/python3.8/site-packages/airflow/example_dags/example_branch_operator.py
[2024-04-16T10:18:47.914+0000] {processor.py:830} INFO - Processing file /home/airflow/.local/lib/python3.8/site-packages/airflow/example_dags/example_branch_operator.py for tasks to queue
[2024-04-16T10:18:47.915+0000] {logging_mixin.py:188} INFO - [2024-04-16T10:18:47.915+0000] {dagbag.py:540} INFO - Filling up the DagBag from /home/airflow/.local/lib/python3.8/site-packages/airflow/example_dags/example_branch_operator.py
[2024-04-16T10:18:47.929+0000] {processor.py:840} INFO - DAG(s) 'example_branch_operator' retrieved from /home/airflow/.local/lib/python3.8/site-packages/airflow/example_dags/example_branch_operator.py
[2024-04-16T10:18:47.954+0000] {logging_mixin.py:188} INFO - [2024-04-16T10:18:47.954+0000] {dag.py:3047} INFO - Sync 1 DAGs
[2024-04-16T10:18:47.975+0000] {logging_mixin.py:188} INFO - [2024-04-16T10:18:47.975+0000] {dag.py:3834} INFO - Setting next_dagrun for example_branch_operator to 2024-04-15 00:00:00+00:00, run_after=2024-04-16 00:00:00+00:00
[2024-04-16T10:18:47.996+0000] {processor.py:183} INFO - Processing /home/airflow/.local/lib/python3.8/site-packages/airflow/example_dags/example_branch_operator.py took 0.087 seconds
[2024-04-16T10:19:18.159+0000] {processor.py:161} INFO - Started process (PID=1049) to work on /home/airflow/.local/lib/python3.8/site-packages/airflow/example_dags/example_branch_operator.py
[2024-04-16T10:19:18.160+0000] {processor.py:830} INFO - Processing file /home/airflow/.local/lib/python3.8/site-packages/airflow/example_dags/example_branch_operator.py for tasks to queue
[2024-04-16T10:19:18.162+0000] {logging_mixin.py:188} INFO - [2024-04-16T10:19:18.162+0000] {dagbag.py:540} INFO - Filling up the DagBag from /home/airflow/.local/lib/python3.8/site-packages/airflow/example_dags/example_branch_operator.py
[2024-04-16T10:19:18.176+0000] {processor.py:840} INFO - DAG(s) 'example_branch_operator' retrieved from /home/airflow/.local/lib/python3.8/site-packages/airflow/example_dags/example_branch_operator.py
[2024-04-16T10:19:18.203+0000] {logging_mixin.py:188} INFO - [2024-04-16T10:19:18.202+0000] {dag.py:3047} INFO - Sync 1 DAGs
[2024-04-16T10:19:18.226+0000] {logging_mixin.py:188} INFO - [2024-04-16T10:19:18.226+0000] {dag.py:3834} INFO - Setting next_dagrun for example_branch_operator to 2024-04-15 00:00:00+00:00, run_after=2024-04-16 00:00:00+00:00
[2024-04-16T10:19:18.243+0000] {processor.py:183} INFO - Processing /home/airflow/.local/lib/python3.8/site-packages/airflow/example_dags/example_branch_operator.py took 0.086 seconds
[2024-04-16T10:19:48.361+0000] {processor.py:161} INFO - Started process (PID=1108) to work on /home/airflow/.local/lib/python3.8/site-packages/airflow/example_dags/example_branch_operator.py
[2024-04-16T10:19:48.363+0000] {processor.py:830} INFO - Processing file /home/airflow/.local/lib/python3.8/site-packages/airflow/example_dags/example_branch_operator.py for tasks to queue
[2024-04-16T10:19:48.365+0000] {logging_mixin.py:188} INFO - [2024-04-16T10:19:48.364+0000] {dagbag.py:540} INFO - Filling up the DagBag from /home/airflow/.local/lib/python3.8/site-packages/airflow/example_dags/example_branch_operator.py
[2024-04-16T10:19:48.379+0000] {processor.py:840} INFO - DAG(s) 'example_branch_operator' retrieved from /home/airflow/.local/lib/python3.8/site-packages/airflow/example_dags/example_branch_operator.py
[2024-04-16T10:19:48.403+0000] {logging_mixin.py:188} INFO - [2024-04-16T10:19:48.403+0000] {dag.py:3047} INFO - Sync 1 DAGs
[2024-04-16T10:19:48.424+0000] {logging_mixin.py:188} INFO - [2024-04-16T10:19:48.424+0000] {dag.py:3834} INFO - Setting next_dagrun for example_branch_operator to 2024-04-15 00:00:00+00:00, run_after=2024-04-16 00:00:00+00:00
[2024-04-16T10:19:48.442+0000] {processor.py:183} INFO - Processing /home/airflow/.local/lib/python3.8/site-packages/airflow/example_dags/example_branch_operator.py took 0.083 seconds
[2024-04-16T10:20:18.858+0000] {processor.py:161} INFO - Started process (PID=1168) to work on /home/airflow/.local/lib/python3.8/site-packages/airflow/example_dags/example_branch_operator.py
[2024-04-16T10:20:18.860+0000] {processor.py:830} INFO - Processing file /home/airflow/.local/lib/python3.8/site-packages/airflow/example_dags/example_branch_operator.py for tasks to queue
[2024-04-16T10:20:18.864+0000] {logging_mixin.py:188} INFO - [2024-04-16T10:20:18.864+0000] {dagbag.py:540} INFO - Filling up the DagBag from /home/airflow/.local/lib/python3.8/site-packages/airflow/example_dags/example_branch_operator.py
[2024-04-16T10:20:18.884+0000] {processor.py:840} INFO - DAG(s) 'example_branch_operator' retrieved from /home/airflow/.local/lib/python3.8/site-packages/airflow/example_dags/example_branch_operator.py
[2024-04-16T10:20:18.916+0000] {logging_mixin.py:188} INFO - [2024-04-16T10:20:18.915+0000] {dag.py:3047} INFO - Sync 1 DAGs
[2024-04-16T10:20:18.942+0000] {logging_mixin.py:188} INFO - [2024-04-16T10:20:18.941+0000] {dag.py:3834} INFO - Setting next_dagrun for example_branch_operator to 2024-04-15 00:00:00+00:00, run_after=2024-04-16 00:00:00+00:00
[2024-04-16T10:20:18.961+0000] {processor.py:183} INFO - Processing /home/airflow/.local/lib/python3.8/site-packages/airflow/example_dags/example_branch_operator.py took 0.106 seconds
[2024-04-16T10:20:49.212+0000] {processor.py:161} INFO - Started process (PID=1227) to work on /home/airflow/.local/lib/python3.8/site-packages/airflow/example_dags/example_branch_operator.py
[2024-04-16T10:20:49.214+0000] {processor.py:830} INFO - Processing file /home/airflow/.local/lib/python3.8/site-packages/airflow/example_dags/example_branch_operator.py for tasks to queue
[2024-04-16T10:20:49.216+0000] {logging_mixin.py:188} INFO - [2024-04-16T10:20:49.216+0000] {dagbag.py:540} INFO - Filling up the DagBag from /home/airflow/.local/lib/python3.8/site-packages/airflow/example_dags/example_branch_operator.py
[2024-04-16T10:20:49.235+0000] {processor.py:840} INFO - DAG(s) 'example_branch_operator' retrieved from /home/airflow/.local/lib/python3.8/site-packages/airflow/example_dags/example_branch_operator.py
[2024-04-16T10:20:49.271+0000] {logging_mixin.py:188} INFO - [2024-04-16T10:20:49.271+0000] {dag.py:3047} INFO - Sync 1 DAGs
[2024-04-16T10:20:49.300+0000] {logging_mixin.py:188} INFO - [2024-04-16T10:20:49.299+0000] {dag.py:3834} INFO - Setting next_dagrun for example_branch_operator to 2024-04-15 00:00:00+00:00, run_after=2024-04-16 00:00:00+00:00
[2024-04-16T10:20:49.321+0000] {processor.py:183} INFO - Processing /home/airflow/.local/lib/python3.8/site-packages/airflow/example_dags/example_branch_operator.py took 0.111 seconds
[2024-04-16T10:21:19.725+0000] {processor.py:161} INFO - Started process (PID=1286) to work on /home/airflow/.local/lib/python3.8/site-packages/airflow/example_dags/example_branch_operator.py
[2024-04-16T10:21:19.726+0000] {processor.py:830} INFO - Processing file /home/airflow/.local/lib/python3.8/site-packages/airflow/example_dags/example_branch_operator.py for tasks to queue
[2024-04-16T10:21:19.728+0000] {logging_mixin.py:188} INFO - [2024-04-16T10:21:19.728+0000] {dagbag.py:540} INFO - Filling up the DagBag from /home/airflow/.local/lib/python3.8/site-packages/airflow/example_dags/example_branch_operator.py
[2024-04-16T10:21:19.746+0000] {processor.py:840} INFO - DAG(s) 'example_branch_operator' retrieved from /home/airflow/.local/lib/python3.8/site-packages/airflow/example_dags/example_branch_operator.py
[2024-04-16T10:21:19.778+0000] {logging_mixin.py:188} INFO - [2024-04-16T10:21:19.778+0000] {dag.py:3047} INFO - Sync 1 DAGs
[2024-04-16T10:21:19.803+0000] {logging_mixin.py:188} INFO - [2024-04-16T10:21:19.803+0000] {dag.py:3834} INFO - Setting next_dagrun for example_branch_operator to 2024-04-15 00:00:00+00:00, run_after=2024-04-16 00:00:00+00:00
[2024-04-16T10:21:19.824+0000] {processor.py:183} INFO - Processing /home/airflow/.local/lib/python3.8/site-packages/airflow/example_dags/example_branch_operator.py took 0.102 seconds
[2024-04-16T10:21:49.943+0000] {processor.py:161} INFO - Started process (PID=1344) to work on /home/airflow/.local/lib/python3.8/site-packages/airflow/example_dags/example_branch_operator.py
[2024-04-16T10:21:49.944+0000] {processor.py:830} INFO - Processing file /home/airflow/.local/lib/python3.8/site-packages/airflow/example_dags/example_branch_operator.py for tasks to queue
[2024-04-16T10:21:49.945+0000] {logging_mixin.py:188} INFO - [2024-04-16T10:21:49.945+0000] {dagbag.py:540} INFO - Filling up the DagBag from /home/airflow/.local/lib/python3.8/site-packages/airflow/example_dags/example_branch_operator.py
[2024-04-16T10:21:49.958+0000] {processor.py:840} INFO - DAG(s) 'example_branch_operator' retrieved from /home/airflow/.local/lib/python3.8/site-packages/airflow/example_dags/example_branch_operator.py
[2024-04-16T10:21:49.984+0000] {logging_mixin.py:188} INFO - [2024-04-16T10:21:49.983+0000] {dag.py:3047} INFO - Sync 1 DAGs
[2024-04-16T10:21:50.007+0000] {logging_mixin.py:188} INFO - [2024-04-16T10:21:50.007+0000] {dag.py:3834} INFO - Setting next_dagrun for example_branch_operator to 2024-04-15 00:00:00+00:00, run_after=2024-04-16 00:00:00+00:00
[2024-04-16T10:21:50.026+0000] {processor.py:183} INFO - Processing /home/airflow/.local/lib/python3.8/site-packages/airflow/example_dags/example_branch_operator.py took 0.086 seconds
[2024-04-16T10:22:20.734+0000] {processor.py:161} INFO - Started process (PID=1404) to work on /home/airflow/.local/lib/python3.8/site-packages/airflow/example_dags/example_branch_operator.py
[2024-04-16T10:22:20.735+0000] {processor.py:830} INFO - Processing file /home/airflow/.local/lib/python3.8/site-packages/airflow/example_dags/example_branch_operator.py for tasks to queue
[2024-04-16T10:22:20.737+0000] {logging_mixin.py:188} INFO - [2024-04-16T10:22:20.737+0000] {dagbag.py:540} INFO - Filling up the DagBag from /home/airflow/.local/lib/python3.8/site-packages/airflow/example_dags/example_branch_operator.py
[2024-04-16T10:22:20.761+0000] {processor.py:840} INFO - DAG(s) 'example_branch_operator' retrieved from /home/airflow/.local/lib/python3.8/site-packages/airflow/example_dags/example_branch_operator.py
[2024-04-16T10:22:20.799+0000] {logging_mixin.py:188} INFO - [2024-04-16T10:22:20.798+0000] {dag.py:3047} INFO - Sync 1 DAGs
[2024-04-16T10:22:20.827+0000] {logging_mixin.py:188} INFO - [2024-04-16T10:22:20.827+0000] {dag.py:3834} INFO - Setting next_dagrun for example_branch_operator to 2024-04-15 00:00:00+00:00, run_after=2024-04-16 00:00:00+00:00
[2024-04-16T10:22:20.849+0000] {processor.py:183} INFO - Processing /home/airflow/.local/lib/python3.8/site-packages/airflow/example_dags/example_branch_operator.py took 0.119 seconds
[2024-04-16T10:22:51.141+0000] {processor.py:161} INFO - Started process (PID=1463) to work on /home/airflow/.local/lib/python3.8/site-packages/airflow/example_dags/example_branch_operator.py
[2024-04-16T10:22:51.143+0000] {processor.py:830} INFO - Processing file /home/airflow/.local/lib/python3.8/site-packages/airflow/example_dags/example_branch_operator.py for tasks to queue
[2024-04-16T10:22:51.146+0000] {logging_mixin.py:188} INFO - [2024-04-16T10:22:51.146+0000] {dagbag.py:540} INFO - Filling up the DagBag from /home/airflow/.local/lib/python3.8/site-packages/airflow/example_dags/example_branch_operator.py
[2024-04-16T10:22:51.171+0000] {processor.py:840} INFO - DAG(s) 'example_branch_operator' retrieved from /home/airflow/.local/lib/python3.8/site-packages/airflow/example_dags/example_branch_operator.py
[2024-04-16T10:22:51.213+0000] {logging_mixin.py:188} INFO - [2024-04-16T10:22:51.212+0000] {dag.py:3047} INFO - Sync 1 DAGs
[2024-04-16T10:22:51.241+0000] {logging_mixin.py:188} INFO - [2024-04-16T10:22:51.241+0000] {dag.py:3834} INFO - Setting next_dagrun for example_branch_operator to 2024-04-15 00:00:00+00:00, run_after=2024-04-16 00:00:00+00:00
[2024-04-16T10:22:51.267+0000] {processor.py:183} INFO - Processing /home/airflow/.local/lib/python3.8/site-packages/airflow/example_dags/example_branch_operator.py took 0.130 seconds
[2024-04-16T10:23:21.697+0000] {processor.py:161} INFO - Started process (PID=1522) to work on /home/airflow/.local/lib/python3.8/site-packages/airflow/example_dags/example_branch_operator.py
[2024-04-16T10:23:21.698+0000] {processor.py:830} INFO - Processing file /home/airflow/.local/lib/python3.8/site-packages/airflow/example_dags/example_branch_operator.py for tasks to queue
[2024-04-16T10:23:21.701+0000] {logging_mixin.py:188} INFO - [2024-04-16T10:23:21.700+0000] {dagbag.py:540} INFO - Filling up the DagBag from /home/airflow/.local/lib/python3.8/site-packages/airflow/example_dags/example_branch_operator.py
[2024-04-16T10:23:21.716+0000] {processor.py:840} INFO - DAG(s) 'example_branch_operator' retrieved from /home/airflow/.local/lib/python3.8/site-packages/airflow/example_dags/example_branch_operator.py
[2024-04-16T10:23:21.750+0000] {logging_mixin.py:188} INFO - [2024-04-16T10:23:21.749+0000] {dag.py:3047} INFO - Sync 1 DAGs
[2024-04-16T10:23:21.773+0000] {logging_mixin.py:188} INFO - [2024-04-16T10:23:21.773+0000] {dag.py:3834} INFO - Setting next_dagrun for example_branch_operator to 2024-04-15 00:00:00+00:00, run_after=2024-04-16 00:00:00+00:00
[2024-04-16T10:23:21.795+0000] {processor.py:183} INFO - Processing /home/airflow/.local/lib/python3.8/site-packages/airflow/example_dags/example_branch_operator.py took 0.101 seconds
