[2024-04-16T10:11:06.958+0000] {processor.py:161} INFO - Started process (PID=74) to work on /home/airflow/.local/lib/python3.8/site-packages/airflow/example_dags/example_task_group_decorator.py
[2024-04-16T10:11:06.961+0000] {processor.py:830} INFO - Processing file /home/airflow/.local/lib/python3.8/site-packages/airflow/example_dags/example_task_group_decorator.py for tasks to queue
[2024-04-16T10:11:06.970+0000] {logging_mixin.py:188} INFO - [2024-04-16T10:11:06.968+0000] {dagbag.py:540} INFO - Filling up the DagBag from /home/airflow/.local/lib/python3.8/site-packages/airflow/example_dags/example_task_group_decorator.py
[2024-04-16T10:11:07.018+0000] {processor.py:840} INFO - DAG(s) 'example_task_group_decorator' retrieved from /home/airflow/.local/lib/python3.8/site-packages/airflow/example_dags/example_task_group_decorator.py
[2024-04-16T10:11:07.050+0000] {logging_mixin.py:188} INFO - [2024-04-16T10:11:07.049+0000] {dag.py:3047} INFO - Sync 1 DAGs
[2024-04-16T10:11:07.097+0000] {logging_mixin.py:188} INFO - [2024-04-16T10:11:07.097+0000] {dag.py:3834} INFO - Setting next_dagrun for example_task_group_decorator to 2024-04-15 00:00:00+00:00, run_after=2024-04-16 00:00:00+00:00
[2024-04-16T10:11:07.140+0000] {processor.py:183} INFO - Processing /home/airflow/.local/lib/python3.8/site-packages/airflow/example_dags/example_task_group_decorator.py took 0.195 seconds
[2024-04-16T10:11:37.426+0000] {processor.py:161} INFO - Started process (PID=148) to work on /home/airflow/.local/lib/python3.8/site-packages/airflow/example_dags/example_task_group_decorator.py
[2024-04-16T10:11:37.428+0000] {processor.py:830} INFO - Processing file /home/airflow/.local/lib/python3.8/site-packages/airflow/example_dags/example_task_group_decorator.py for tasks to queue
[2024-04-16T10:11:37.429+0000] {logging_mixin.py:188} INFO - [2024-04-16T10:11:37.429+0000] {dagbag.py:540} INFO - Filling up the DagBag from /home/airflow/.local/lib/python3.8/site-packages/airflow/example_dags/example_task_group_decorator.py
[2024-04-16T10:11:37.444+0000] {processor.py:840} INFO - DAG(s) 'example_task_group_decorator' retrieved from /home/airflow/.local/lib/python3.8/site-packages/airflow/example_dags/example_task_group_decorator.py
[2024-04-16T10:11:37.540+0000] {logging_mixin.py:188} INFO - [2024-04-16T10:11:37.540+0000] {dag.py:3047} INFO - Sync 1 DAGs
[2024-04-16T10:11:37.562+0000] {logging_mixin.py:188} INFO - [2024-04-16T10:11:37.561+0000] {dag.py:3834} INFO - Setting next_dagrun for example_task_group_decorator to 2024-04-15 00:00:00+00:00, run_after=2024-04-16 00:00:00+00:00
[2024-04-16T10:11:37.586+0000] {processor.py:183} INFO - Processing /home/airflow/.local/lib/python3.8/site-packages/airflow/example_dags/example_task_group_decorator.py took 0.163 seconds
[2024-04-16T10:12:07.651+0000] {processor.py:161} INFO - Started process (PID=207) to work on /home/airflow/.local/lib/python3.8/site-packages/airflow/example_dags/example_task_group_decorator.py
[2024-04-16T10:12:07.653+0000] {processor.py:830} INFO - Processing file /home/airflow/.local/lib/python3.8/site-packages/airflow/example_dags/example_task_group_decorator.py for tasks to queue
[2024-04-16T10:12:07.655+0000] {logging_mixin.py:188} INFO - [2024-04-16T10:12:07.655+0000] {dagbag.py:540} INFO - Filling up the DagBag from /home/airflow/.local/lib/python3.8/site-packages/airflow/example_dags/example_task_group_decorator.py
[2024-04-16T10:12:07.673+0000] {processor.py:840} INFO - DAG(s) 'example_task_group_decorator' retrieved from /home/airflow/.local/lib/python3.8/site-packages/airflow/example_dags/example_task_group_decorator.py
[2024-04-16T10:12:07.697+0000] {logging_mixin.py:188} INFO - [2024-04-16T10:12:07.697+0000] {dag.py:3047} INFO - Sync 1 DAGs
[2024-04-16T10:12:07.723+0000] {logging_mixin.py:188} INFO - [2024-04-16T10:12:07.722+0000] {dag.py:3834} INFO - Setting next_dagrun for example_task_group_decorator to 2024-04-15 00:00:00+00:00, run_after=2024-04-16 00:00:00+00:00
[2024-04-16T10:12:07.762+0000] {processor.py:183} INFO - Processing /home/airflow/.local/lib/python3.8/site-packages/airflow/example_dags/example_task_group_decorator.py took 0.114 seconds
[2024-04-16T10:12:38.304+0000] {processor.py:161} INFO - Started process (PID=266) to work on /home/airflow/.local/lib/python3.8/site-packages/airflow/example_dags/example_task_group_decorator.py
[2024-04-16T10:12:38.306+0000] {processor.py:830} INFO - Processing file /home/airflow/.local/lib/python3.8/site-packages/airflow/example_dags/example_task_group_decorator.py for tasks to queue
[2024-04-16T10:12:38.308+0000] {logging_mixin.py:188} INFO - [2024-04-16T10:12:38.308+0000] {dagbag.py:540} INFO - Filling up the DagBag from /home/airflow/.local/lib/python3.8/site-packages/airflow/example_dags/example_task_group_decorator.py
[2024-04-16T10:12:38.325+0000] {processor.py:840} INFO - DAG(s) 'example_task_group_decorator' retrieved from /home/airflow/.local/lib/python3.8/site-packages/airflow/example_dags/example_task_group_decorator.py
[2024-04-16T10:12:38.352+0000] {logging_mixin.py:188} INFO - [2024-04-16T10:12:38.352+0000] {dag.py:3047} INFO - Sync 1 DAGs
[2024-04-16T10:12:38.377+0000] {logging_mixin.py:188} INFO - [2024-04-16T10:12:38.377+0000] {dag.py:3834} INFO - Setting next_dagrun for example_task_group_decorator to 2024-04-15 00:00:00+00:00, run_after=2024-04-16 00:00:00+00:00
[2024-04-16T10:12:38.402+0000] {processor.py:183} INFO - Processing /home/airflow/.local/lib/python3.8/site-packages/airflow/example_dags/example_task_group_decorator.py took 0.102 seconds
[2024-04-16T10:13:08.450+0000] {processor.py:161} INFO - Started process (PID=325) to work on /home/airflow/.local/lib/python3.8/site-packages/airflow/example_dags/example_task_group_decorator.py
[2024-04-16T10:13:08.451+0000] {processor.py:830} INFO - Processing file /home/airflow/.local/lib/python3.8/site-packages/airflow/example_dags/example_task_group_decorator.py for tasks to queue
[2024-04-16T10:13:08.453+0000] {logging_mixin.py:188} INFO - [2024-04-16T10:13:08.453+0000] {dagbag.py:540} INFO - Filling up the DagBag from /home/airflow/.local/lib/python3.8/site-packages/airflow/example_dags/example_task_group_decorator.py
[2024-04-16T10:13:08.465+0000] {processor.py:840} INFO - DAG(s) 'example_task_group_decorator' retrieved from /home/airflow/.local/lib/python3.8/site-packages/airflow/example_dags/example_task_group_decorator.py
[2024-04-16T10:13:08.485+0000] {logging_mixin.py:188} INFO - [2024-04-16T10:13:08.485+0000] {dag.py:3047} INFO - Sync 1 DAGs
[2024-04-16T10:13:08.503+0000] {logging_mixin.py:188} INFO - [2024-04-16T10:13:08.503+0000] {dag.py:3834} INFO - Setting next_dagrun for example_task_group_decorator to 2024-04-15 00:00:00+00:00, run_after=2024-04-16 00:00:00+00:00
[2024-04-16T10:13:08.519+0000] {processor.py:183} INFO - Processing /home/airflow/.local/lib/python3.8/site-packages/airflow/example_dags/example_task_group_decorator.py took 0.073 seconds
[2024-04-16T10:13:38.570+0000] {processor.py:161} INFO - Started process (PID=384) to work on /home/airflow/.local/lib/python3.8/site-packages/airflow/example_dags/example_task_group_decorator.py
[2024-04-16T10:13:38.572+0000] {processor.py:830} INFO - Processing file /home/airflow/.local/lib/python3.8/site-packages/airflow/example_dags/example_task_group_decorator.py for tasks to queue
[2024-04-16T10:13:38.574+0000] {logging_mixin.py:188} INFO - [2024-04-16T10:13:38.574+0000] {dagbag.py:540} INFO - Filling up the DagBag from /home/airflow/.local/lib/python3.8/site-packages/airflow/example_dags/example_task_group_decorator.py
[2024-04-16T10:13:38.584+0000] {processor.py:840} INFO - DAG(s) 'example_task_group_decorator' retrieved from /home/airflow/.local/lib/python3.8/site-packages/airflow/example_dags/example_task_group_decorator.py
[2024-04-16T10:13:38.606+0000] {logging_mixin.py:188} INFO - [2024-04-16T10:13:38.606+0000] {dag.py:3047} INFO - Sync 1 DAGs
[2024-04-16T10:13:38.627+0000] {logging_mixin.py:188} INFO - [2024-04-16T10:13:38.626+0000] {dag.py:3834} INFO - Setting next_dagrun for example_task_group_decorator to 2024-04-15 00:00:00+00:00, run_after=2024-04-16 00:00:00+00:00
[2024-04-16T10:13:38.643+0000] {processor.py:183} INFO - Processing /home/airflow/.local/lib/python3.8/site-packages/airflow/example_dags/example_task_group_decorator.py took 0.075 seconds
[2024-04-16T10:14:08.925+0000] {processor.py:161} INFO - Started process (PID=443) to work on /home/airflow/.local/lib/python3.8/site-packages/airflow/example_dags/example_task_group_decorator.py
[2024-04-16T10:14:08.926+0000] {processor.py:830} INFO - Processing file /home/airflow/.local/lib/python3.8/site-packages/airflow/example_dags/example_task_group_decorator.py for tasks to queue
[2024-04-16T10:14:08.929+0000] {logging_mixin.py:188} INFO - [2024-04-16T10:14:08.928+0000] {dagbag.py:540} INFO - Filling up the DagBag from /home/airflow/.local/lib/python3.8/site-packages/airflow/example_dags/example_task_group_decorator.py
[2024-04-16T10:14:08.946+0000] {processor.py:840} INFO - DAG(s) 'example_task_group_decorator' retrieved from /home/airflow/.local/lib/python3.8/site-packages/airflow/example_dags/example_task_group_decorator.py
[2024-04-16T10:14:08.971+0000] {logging_mixin.py:188} INFO - [2024-04-16T10:14:08.971+0000] {dag.py:3047} INFO - Sync 1 DAGs
[2024-04-16T10:14:08.998+0000] {logging_mixin.py:188} INFO - [2024-04-16T10:14:08.998+0000] {dag.py:3834} INFO - Setting next_dagrun for example_task_group_decorator to 2024-04-15 00:00:00+00:00, run_after=2024-04-16 00:00:00+00:00
[2024-04-16T10:14:09.022+0000] {processor.py:183} INFO - Processing /home/airflow/.local/lib/python3.8/site-packages/airflow/example_dags/example_task_group_decorator.py took 0.101 seconds
[2024-04-16T10:14:39.785+0000] {processor.py:161} INFO - Started process (PID=502) to work on /home/airflow/.local/lib/python3.8/site-packages/airflow/example_dags/example_task_group_decorator.py
[2024-04-16T10:14:39.786+0000] {processor.py:830} INFO - Processing file /home/airflow/.local/lib/python3.8/site-packages/airflow/example_dags/example_task_group_decorator.py for tasks to queue
[2024-04-16T10:14:39.788+0000] {logging_mixin.py:188} INFO - [2024-04-16T10:14:39.788+0000] {dagbag.py:540} INFO - Filling up the DagBag from /home/airflow/.local/lib/python3.8/site-packages/airflow/example_dags/example_task_group_decorator.py
[2024-04-16T10:14:39.801+0000] {processor.py:840} INFO - DAG(s) 'example_task_group_decorator' retrieved from /home/airflow/.local/lib/python3.8/site-packages/airflow/example_dags/example_task_group_decorator.py
[2024-04-16T10:14:39.830+0000] {logging_mixin.py:188} INFO - [2024-04-16T10:14:39.829+0000] {dag.py:3047} INFO - Sync 1 DAGs
[2024-04-16T10:14:39.855+0000] {logging_mixin.py:188} INFO - [2024-04-16T10:14:39.854+0000] {dag.py:3834} INFO - Setting next_dagrun for example_task_group_decorator to 2024-04-15 00:00:00+00:00, run_after=2024-04-16 00:00:00+00:00
[2024-04-16T10:14:39.877+0000] {processor.py:183} INFO - Processing /home/airflow/.local/lib/python3.8/site-packages/airflow/example_dags/example_task_group_decorator.py took 0.096 seconds
[2024-04-16T10:15:10.257+0000] {processor.py:161} INFO - Started process (PID=561) to work on /home/airflow/.local/lib/python3.8/site-packages/airflow/example_dags/example_task_group_decorator.py
[2024-04-16T10:15:10.259+0000] {processor.py:830} INFO - Processing file /home/airflow/.local/lib/python3.8/site-packages/airflow/example_dags/example_task_group_decorator.py for tasks to queue
[2024-04-16T10:15:10.262+0000] {logging_mixin.py:188} INFO - [2024-04-16T10:15:10.261+0000] {dagbag.py:540} INFO - Filling up the DagBag from /home/airflow/.local/lib/python3.8/site-packages/airflow/example_dags/example_task_group_decorator.py
[2024-04-16T10:15:10.282+0000] {processor.py:840} INFO - DAG(s) 'example_task_group_decorator' retrieved from /home/airflow/.local/lib/python3.8/site-packages/airflow/example_dags/example_task_group_decorator.py
[2024-04-16T10:15:10.308+0000] {logging_mixin.py:188} INFO - [2024-04-16T10:15:10.308+0000] {dag.py:3047} INFO - Sync 1 DAGs
[2024-04-16T10:15:10.329+0000] {logging_mixin.py:188} INFO - [2024-04-16T10:15:10.329+0000] {dag.py:3834} INFO - Setting next_dagrun for example_task_group_decorator to 2024-04-15 00:00:00+00:00, run_after=2024-04-16 00:00:00+00:00
[2024-04-16T10:15:10.349+0000] {processor.py:183} INFO - Processing /home/airflow/.local/lib/python3.8/site-packages/airflow/example_dags/example_task_group_decorator.py took 0.095 seconds
[2024-04-16T10:15:40.430+0000] {processor.py:161} INFO - Started process (PID=620) to work on /home/airflow/.local/lib/python3.8/site-packages/airflow/example_dags/example_task_group_decorator.py
[2024-04-16T10:15:40.431+0000] {processor.py:830} INFO - Processing file /home/airflow/.local/lib/python3.8/site-packages/airflow/example_dags/example_task_group_decorator.py for tasks to queue
[2024-04-16T10:15:40.433+0000] {logging_mixin.py:188} INFO - [2024-04-16T10:15:40.433+0000] {dagbag.py:540} INFO - Filling up the DagBag from /home/airflow/.local/lib/python3.8/site-packages/airflow/example_dags/example_task_group_decorator.py
[2024-04-16T10:15:40.445+0000] {processor.py:840} INFO - DAG(s) 'example_task_group_decorator' retrieved from /home/airflow/.local/lib/python3.8/site-packages/airflow/example_dags/example_task_group_decorator.py
[2024-04-16T10:15:40.469+0000] {logging_mixin.py:188} INFO - [2024-04-16T10:15:40.468+0000] {dag.py:3047} INFO - Sync 1 DAGs
[2024-04-16T10:15:40.491+0000] {logging_mixin.py:188} INFO - [2024-04-16T10:15:40.491+0000] {dag.py:3834} INFO - Setting next_dagrun for example_task_group_decorator to 2024-04-15 00:00:00+00:00, run_after=2024-04-16 00:00:00+00:00
[2024-04-16T10:15:40.509+0000] {processor.py:183} INFO - Processing /home/airflow/.local/lib/python3.8/site-packages/airflow/example_dags/example_task_group_decorator.py took 0.082 seconds
[2024-04-16T10:16:10.924+0000] {processor.py:161} INFO - Started process (PID=679) to work on /home/airflow/.local/lib/python3.8/site-packages/airflow/example_dags/example_task_group_decorator.py
[2024-04-16T10:16:10.926+0000] {processor.py:830} INFO - Processing file /home/airflow/.local/lib/python3.8/site-packages/airflow/example_dags/example_task_group_decorator.py for tasks to queue
[2024-04-16T10:16:10.930+0000] {logging_mixin.py:188} INFO - [2024-04-16T10:16:10.929+0000] {dagbag.py:540} INFO - Filling up the DagBag from /home/airflow/.local/lib/python3.8/site-packages/airflow/example_dags/example_task_group_decorator.py
[2024-04-16T10:16:10.962+0000] {processor.py:840} INFO - DAG(s) 'example_task_group_decorator' retrieved from /home/airflow/.local/lib/python3.8/site-packages/airflow/example_dags/example_task_group_decorator.py
[2024-04-16T10:16:11.011+0000] {logging_mixin.py:188} INFO - [2024-04-16T10:16:11.011+0000] {dag.py:3047} INFO - Sync 1 DAGs
[2024-04-16T10:16:11.064+0000] {logging_mixin.py:188} INFO - [2024-04-16T10:16:11.064+0000] {dag.py:3834} INFO - Setting next_dagrun for example_task_group_decorator to 2024-04-15 00:00:00+00:00, run_after=2024-04-16 00:00:00+00:00
[2024-04-16T10:16:11.094+0000] {processor.py:183} INFO - Processing /home/airflow/.local/lib/python3.8/site-packages/airflow/example_dags/example_task_group_decorator.py took 0.174 seconds
[2024-04-16T10:16:41.388+0000] {processor.py:161} INFO - Started process (PID=738) to work on /home/airflow/.local/lib/python3.8/site-packages/airflow/example_dags/example_task_group_decorator.py
[2024-04-16T10:16:41.389+0000] {processor.py:830} INFO - Processing file /home/airflow/.local/lib/python3.8/site-packages/airflow/example_dags/example_task_group_decorator.py for tasks to queue
[2024-04-16T10:16:41.393+0000] {logging_mixin.py:188} INFO - [2024-04-16T10:16:41.392+0000] {dagbag.py:540} INFO - Filling up the DagBag from /home/airflow/.local/lib/python3.8/site-packages/airflow/example_dags/example_task_group_decorator.py
[2024-04-16T10:16:41.410+0000] {processor.py:840} INFO - DAG(s) 'example_task_group_decorator' retrieved from /home/airflow/.local/lib/python3.8/site-packages/airflow/example_dags/example_task_group_decorator.py
[2024-04-16T10:16:41.443+0000] {logging_mixin.py:188} INFO - [2024-04-16T10:16:41.443+0000] {dag.py:3047} INFO - Sync 1 DAGs
[2024-04-16T10:16:41.473+0000] {logging_mixin.py:188} INFO - [2024-04-16T10:16:41.473+0000] {dag.py:3834} INFO - Setting next_dagrun for example_task_group_decorator to 2024-04-15 00:00:00+00:00, run_after=2024-04-16 00:00:00+00:00
[2024-04-16T10:16:41.499+0000] {processor.py:183} INFO - Processing /home/airflow/.local/lib/python3.8/site-packages/airflow/example_dags/example_task_group_decorator.py took 0.115 seconds
[2024-04-16T10:17:11.731+0000] {processor.py:161} INFO - Started process (PID=797) to work on /home/airflow/.local/lib/python3.8/site-packages/airflow/example_dags/example_task_group_decorator.py
[2024-04-16T10:17:11.732+0000] {processor.py:830} INFO - Processing file /home/airflow/.local/lib/python3.8/site-packages/airflow/example_dags/example_task_group_decorator.py for tasks to queue
[2024-04-16T10:17:11.734+0000] {logging_mixin.py:188} INFO - [2024-04-16T10:17:11.734+0000] {dagbag.py:540} INFO - Filling up the DagBag from /home/airflow/.local/lib/python3.8/site-packages/airflow/example_dags/example_task_group_decorator.py
[2024-04-16T10:17:11.748+0000] {processor.py:840} INFO - DAG(s) 'example_task_group_decorator' retrieved from /home/airflow/.local/lib/python3.8/site-packages/airflow/example_dags/example_task_group_decorator.py
[2024-04-16T10:17:11.773+0000] {logging_mixin.py:188} INFO - [2024-04-16T10:17:11.773+0000] {dag.py:3047} INFO - Sync 1 DAGs
[2024-04-16T10:17:11.800+0000] {logging_mixin.py:188} INFO - [2024-04-16T10:17:11.799+0000] {dag.py:3834} INFO - Setting next_dagrun for example_task_group_decorator to 2024-04-15 00:00:00+00:00, run_after=2024-04-16 00:00:00+00:00
[2024-04-16T10:17:11.829+0000] {processor.py:183} INFO - Processing /home/airflow/.local/lib/python3.8/site-packages/airflow/example_dags/example_task_group_decorator.py took 0.102 seconds
[2024-04-16T10:17:41.879+0000] {processor.py:161} INFO - Started process (PID=856) to work on /home/airflow/.local/lib/python3.8/site-packages/airflow/example_dags/example_task_group_decorator.py
[2024-04-16T10:17:41.880+0000] {processor.py:830} INFO - Processing file /home/airflow/.local/lib/python3.8/site-packages/airflow/example_dags/example_task_group_decorator.py for tasks to queue
[2024-04-16T10:17:41.883+0000] {logging_mixin.py:188} INFO - [2024-04-16T10:17:41.883+0000] {dagbag.py:540} INFO - Filling up the DagBag from /home/airflow/.local/lib/python3.8/site-packages/airflow/example_dags/example_task_group_decorator.py
[2024-04-16T10:17:41.901+0000] {processor.py:840} INFO - DAG(s) 'example_task_group_decorator' retrieved from /home/airflow/.local/lib/python3.8/site-packages/airflow/example_dags/example_task_group_decorator.py
[2024-04-16T10:17:41.931+0000] {logging_mixin.py:188} INFO - [2024-04-16T10:17:41.930+0000] {dag.py:3047} INFO - Sync 1 DAGs
[2024-04-16T10:17:41.960+0000] {logging_mixin.py:188} INFO - [2024-04-16T10:17:41.959+0000] {dag.py:3834} INFO - Setting next_dagrun for example_task_group_decorator to 2024-04-15 00:00:00+00:00, run_after=2024-04-16 00:00:00+00:00
[2024-04-16T10:17:41.988+0000] {processor.py:183} INFO - Processing /home/airflow/.local/lib/python3.8/site-packages/airflow/example_dags/example_task_group_decorator.py took 0.112 seconds
[2024-04-16T10:18:12.076+0000] {processor.py:161} INFO - Started process (PID=915) to work on /home/airflow/.local/lib/python3.8/site-packages/airflow/example_dags/example_task_group_decorator.py
[2024-04-16T10:18:12.077+0000] {processor.py:830} INFO - Processing file /home/airflow/.local/lib/python3.8/site-packages/airflow/example_dags/example_task_group_decorator.py for tasks to queue
[2024-04-16T10:18:12.078+0000] {logging_mixin.py:188} INFO - [2024-04-16T10:18:12.078+0000] {dagbag.py:540} INFO - Filling up the DagBag from /home/airflow/.local/lib/python3.8/site-packages/airflow/example_dags/example_task_group_decorator.py
[2024-04-16T10:18:12.091+0000] {processor.py:840} INFO - DAG(s) 'example_task_group_decorator' retrieved from /home/airflow/.local/lib/python3.8/site-packages/airflow/example_dags/example_task_group_decorator.py
[2024-04-16T10:18:12.115+0000] {logging_mixin.py:188} INFO - [2024-04-16T10:18:12.115+0000] {dag.py:3047} INFO - Sync 1 DAGs
[2024-04-16T10:18:12.135+0000] {logging_mixin.py:188} INFO - [2024-04-16T10:18:12.134+0000] {dag.py:3834} INFO - Setting next_dagrun for example_task_group_decorator to 2024-04-15 00:00:00+00:00, run_after=2024-04-16 00:00:00+00:00
[2024-04-16T10:18:12.151+0000] {processor.py:183} INFO - Processing /home/airflow/.local/lib/python3.8/site-packages/airflow/example_dags/example_task_group_decorator.py took 0.079 seconds
[2024-04-16T10:18:42.336+0000] {processor.py:161} INFO - Started process (PID=974) to work on /home/airflow/.local/lib/python3.8/site-packages/airflow/example_dags/example_task_group_decorator.py
[2024-04-16T10:18:42.337+0000] {processor.py:830} INFO - Processing file /home/airflow/.local/lib/python3.8/site-packages/airflow/example_dags/example_task_group_decorator.py for tasks to queue
[2024-04-16T10:18:42.339+0000] {logging_mixin.py:188} INFO - [2024-04-16T10:18:42.339+0000] {dagbag.py:540} INFO - Filling up the DagBag from /home/airflow/.local/lib/python3.8/site-packages/airflow/example_dags/example_task_group_decorator.py
[2024-04-16T10:18:42.352+0000] {processor.py:840} INFO - DAG(s) 'example_task_group_decorator' retrieved from /home/airflow/.local/lib/python3.8/site-packages/airflow/example_dags/example_task_group_decorator.py
[2024-04-16T10:18:42.374+0000] {logging_mixin.py:188} INFO - [2024-04-16T10:18:42.374+0000] {dag.py:3047} INFO - Sync 1 DAGs
[2024-04-16T10:18:42.394+0000] {logging_mixin.py:188} INFO - [2024-04-16T10:18:42.394+0000] {dag.py:3834} INFO - Setting next_dagrun for example_task_group_decorator to 2024-04-15 00:00:00+00:00, run_after=2024-04-16 00:00:00+00:00
[2024-04-16T10:18:42.413+0000] {processor.py:183} INFO - Processing /home/airflow/.local/lib/python3.8/site-packages/airflow/example_dags/example_task_group_decorator.py took 0.080 seconds
[2024-04-16T10:19:12.680+0000] {processor.py:161} INFO - Started process (PID=1033) to work on /home/airflow/.local/lib/python3.8/site-packages/airflow/example_dags/example_task_group_decorator.py
[2024-04-16T10:19:12.681+0000] {processor.py:830} INFO - Processing file /home/airflow/.local/lib/python3.8/site-packages/airflow/example_dags/example_task_group_decorator.py for tasks to queue
[2024-04-16T10:19:12.683+0000] {logging_mixin.py:188} INFO - [2024-04-16T10:19:12.683+0000] {dagbag.py:540} INFO - Filling up the DagBag from /home/airflow/.local/lib/python3.8/site-packages/airflow/example_dags/example_task_group_decorator.py
[2024-04-16T10:19:12.696+0000] {processor.py:840} INFO - DAG(s) 'example_task_group_decorator' retrieved from /home/airflow/.local/lib/python3.8/site-packages/airflow/example_dags/example_task_group_decorator.py
[2024-04-16T10:19:12.718+0000] {logging_mixin.py:188} INFO - [2024-04-16T10:19:12.717+0000] {dag.py:3047} INFO - Sync 1 DAGs
[2024-04-16T10:19:12.735+0000] {logging_mixin.py:188} INFO - [2024-04-16T10:19:12.735+0000] {dag.py:3834} INFO - Setting next_dagrun for example_task_group_decorator to 2024-04-15 00:00:00+00:00, run_after=2024-04-16 00:00:00+00:00
[2024-04-16T10:19:12.750+0000] {processor.py:183} INFO - Processing /home/airflow/.local/lib/python3.8/site-packages/airflow/example_dags/example_task_group_decorator.py took 0.073 seconds
[2024-04-16T10:19:42.863+0000] {processor.py:161} INFO - Started process (PID=1092) to work on /home/airflow/.local/lib/python3.8/site-packages/airflow/example_dags/example_task_group_decorator.py
[2024-04-16T10:19:42.865+0000] {processor.py:830} INFO - Processing file /home/airflow/.local/lib/python3.8/site-packages/airflow/example_dags/example_task_group_decorator.py for tasks to queue
[2024-04-16T10:19:42.867+0000] {logging_mixin.py:188} INFO - [2024-04-16T10:19:42.866+0000] {dagbag.py:540} INFO - Filling up the DagBag from /home/airflow/.local/lib/python3.8/site-packages/airflow/example_dags/example_task_group_decorator.py
[2024-04-16T10:19:42.880+0000] {processor.py:840} INFO - DAG(s) 'example_task_group_decorator' retrieved from /home/airflow/.local/lib/python3.8/site-packages/airflow/example_dags/example_task_group_decorator.py
[2024-04-16T10:19:42.900+0000] {logging_mixin.py:188} INFO - [2024-04-16T10:19:42.900+0000] {dag.py:3047} INFO - Sync 1 DAGs
[2024-04-16T10:19:42.917+0000] {logging_mixin.py:188} INFO - [2024-04-16T10:19:42.917+0000] {dag.py:3834} INFO - Setting next_dagrun for example_task_group_decorator to 2024-04-15 00:00:00+00:00, run_after=2024-04-16 00:00:00+00:00
[2024-04-16T10:19:42.931+0000] {processor.py:183} INFO - Processing /home/airflow/.local/lib/python3.8/site-packages/airflow/example_dags/example_task_group_decorator.py took 0.072 seconds
[2024-04-16T10:20:13.326+0000] {processor.py:161} INFO - Started process (PID=1151) to work on /home/airflow/.local/lib/python3.8/site-packages/airflow/example_dags/example_task_group_decorator.py
[2024-04-16T10:20:13.327+0000] {processor.py:830} INFO - Processing file /home/airflow/.local/lib/python3.8/site-packages/airflow/example_dags/example_task_group_decorator.py for tasks to queue
[2024-04-16T10:20:13.330+0000] {logging_mixin.py:188} INFO - [2024-04-16T10:20:13.329+0000] {dagbag.py:540} INFO - Filling up the DagBag from /home/airflow/.local/lib/python3.8/site-packages/airflow/example_dags/example_task_group_decorator.py
[2024-04-16T10:20:13.342+0000] {processor.py:840} INFO - DAG(s) 'example_task_group_decorator' retrieved from /home/airflow/.local/lib/python3.8/site-packages/airflow/example_dags/example_task_group_decorator.py
[2024-04-16T10:20:13.365+0000] {logging_mixin.py:188} INFO - [2024-04-16T10:20:13.364+0000] {dag.py:3047} INFO - Sync 1 DAGs
[2024-04-16T10:20:13.385+0000] {logging_mixin.py:188} INFO - [2024-04-16T10:20:13.385+0000] {dag.py:3834} INFO - Setting next_dagrun for example_task_group_decorator to 2024-04-15 00:00:00+00:00, run_after=2024-04-16 00:00:00+00:00
[2024-04-16T10:20:13.402+0000] {processor.py:183} INFO - Processing /home/airflow/.local/lib/python3.8/site-packages/airflow/example_dags/example_task_group_decorator.py took 0.079 seconds
[2024-04-16T10:20:43.654+0000] {processor.py:161} INFO - Started process (PID=1210) to work on /home/airflow/.local/lib/python3.8/site-packages/airflow/example_dags/example_task_group_decorator.py
[2024-04-16T10:20:43.656+0000] {processor.py:830} INFO - Processing file /home/airflow/.local/lib/python3.8/site-packages/airflow/example_dags/example_task_group_decorator.py for tasks to queue
[2024-04-16T10:20:43.658+0000] {logging_mixin.py:188} INFO - [2024-04-16T10:20:43.657+0000] {dagbag.py:540} INFO - Filling up the DagBag from /home/airflow/.local/lib/python3.8/site-packages/airflow/example_dags/example_task_group_decorator.py
[2024-04-16T10:20:43.675+0000] {processor.py:840} INFO - DAG(s) 'example_task_group_decorator' retrieved from /home/airflow/.local/lib/python3.8/site-packages/airflow/example_dags/example_task_group_decorator.py
[2024-04-16T10:20:43.699+0000] {logging_mixin.py:188} INFO - [2024-04-16T10:20:43.699+0000] {dag.py:3047} INFO - Sync 1 DAGs
[2024-04-16T10:20:43.719+0000] {logging_mixin.py:188} INFO - [2024-04-16T10:20:43.718+0000] {dag.py:3834} INFO - Setting next_dagrun for example_task_group_decorator to 2024-04-15 00:00:00+00:00, run_after=2024-04-16 00:00:00+00:00
[2024-04-16T10:20:43.735+0000] {processor.py:183} INFO - Processing /home/airflow/.local/lib/python3.8/site-packages/airflow/example_dags/example_task_group_decorator.py took 0.084 seconds
[2024-04-16T10:21:14.185+0000] {processor.py:161} INFO - Started process (PID=1269) to work on /home/airflow/.local/lib/python3.8/site-packages/airflow/example_dags/example_task_group_decorator.py
[2024-04-16T10:21:14.187+0000] {processor.py:830} INFO - Processing file /home/airflow/.local/lib/python3.8/site-packages/airflow/example_dags/example_task_group_decorator.py for tasks to queue
[2024-04-16T10:21:14.190+0000] {logging_mixin.py:188} INFO - [2024-04-16T10:21:14.190+0000] {dagbag.py:540} INFO - Filling up the DagBag from /home/airflow/.local/lib/python3.8/site-packages/airflow/example_dags/example_task_group_decorator.py
[2024-04-16T10:21:14.208+0000] {processor.py:840} INFO - DAG(s) 'example_task_group_decorator' retrieved from /home/airflow/.local/lib/python3.8/site-packages/airflow/example_dags/example_task_group_decorator.py
[2024-04-16T10:21:14.237+0000] {logging_mixin.py:188} INFO - [2024-04-16T10:21:14.237+0000] {dag.py:3047} INFO - Sync 1 DAGs
[2024-04-16T10:21:14.260+0000] {logging_mixin.py:188} INFO - [2024-04-16T10:21:14.260+0000] {dag.py:3834} INFO - Setting next_dagrun for example_task_group_decorator to 2024-04-15 00:00:00+00:00, run_after=2024-04-16 00:00:00+00:00
[2024-04-16T10:21:14.280+0000] {processor.py:183} INFO - Processing /home/airflow/.local/lib/python3.8/site-packages/airflow/example_dags/example_task_group_decorator.py took 0.099 seconds
[2024-04-16T10:21:44.491+0000] {processor.py:161} INFO - Started process (PID=1328) to work on /home/airflow/.local/lib/python3.8/site-packages/airflow/example_dags/example_task_group_decorator.py
[2024-04-16T10:21:44.493+0000] {processor.py:830} INFO - Processing file /home/airflow/.local/lib/python3.8/site-packages/airflow/example_dags/example_task_group_decorator.py for tasks to queue
[2024-04-16T10:21:44.495+0000] {logging_mixin.py:188} INFO - [2024-04-16T10:21:44.495+0000] {dagbag.py:540} INFO - Filling up the DagBag from /home/airflow/.local/lib/python3.8/site-packages/airflow/example_dags/example_task_group_decorator.py
[2024-04-16T10:21:44.507+0000] {processor.py:840} INFO - DAG(s) 'example_task_group_decorator' retrieved from /home/airflow/.local/lib/python3.8/site-packages/airflow/example_dags/example_task_group_decorator.py
[2024-04-16T10:21:44.528+0000] {logging_mixin.py:188} INFO - [2024-04-16T10:21:44.528+0000] {dag.py:3047} INFO - Sync 1 DAGs
[2024-04-16T10:21:44.547+0000] {logging_mixin.py:188} INFO - [2024-04-16T10:21:44.547+0000] {dag.py:3834} INFO - Setting next_dagrun for example_task_group_decorator to 2024-04-15 00:00:00+00:00, run_after=2024-04-16 00:00:00+00:00
[2024-04-16T10:21:44.562+0000] {processor.py:183} INFO - Processing /home/airflow/.local/lib/python3.8/site-packages/airflow/example_dags/example_task_group_decorator.py took 0.074 seconds
[2024-04-16T10:22:15.195+0000] {processor.py:161} INFO - Started process (PID=1387) to work on /home/airflow/.local/lib/python3.8/site-packages/airflow/example_dags/example_task_group_decorator.py
[2024-04-16T10:22:15.197+0000] {processor.py:830} INFO - Processing file /home/airflow/.local/lib/python3.8/site-packages/airflow/example_dags/example_task_group_decorator.py for tasks to queue
[2024-04-16T10:22:15.200+0000] {logging_mixin.py:188} INFO - [2024-04-16T10:22:15.200+0000] {dagbag.py:540} INFO - Filling up the DagBag from /home/airflow/.local/lib/python3.8/site-packages/airflow/example_dags/example_task_group_decorator.py
[2024-04-16T10:22:15.221+0000] {processor.py:840} INFO - DAG(s) 'example_task_group_decorator' retrieved from /home/airflow/.local/lib/python3.8/site-packages/airflow/example_dags/example_task_group_decorator.py
[2024-04-16T10:22:15.257+0000] {logging_mixin.py:188} INFO - [2024-04-16T10:22:15.257+0000] {dag.py:3047} INFO - Sync 1 DAGs
[2024-04-16T10:22:15.312+0000] {logging_mixin.py:188} INFO - [2024-04-16T10:22:15.311+0000] {dag.py:3834} INFO - Setting next_dagrun for example_task_group_decorator to 2024-04-15 00:00:00+00:00, run_after=2024-04-16 00:00:00+00:00
[2024-04-16T10:22:15.358+0000] {processor.py:183} INFO - Processing /home/airflow/.local/lib/python3.8/site-packages/airflow/example_dags/example_task_group_decorator.py took 0.168 seconds
[2024-04-16T10:22:45.577+0000] {processor.py:161} INFO - Started process (PID=1446) to work on /home/airflow/.local/lib/python3.8/site-packages/airflow/example_dags/example_task_group_decorator.py
[2024-04-16T10:22:45.580+0000] {processor.py:830} INFO - Processing file /home/airflow/.local/lib/python3.8/site-packages/airflow/example_dags/example_task_group_decorator.py for tasks to queue
[2024-04-16T10:22:45.584+0000] {logging_mixin.py:188} INFO - [2024-04-16T10:22:45.584+0000] {dagbag.py:540} INFO - Filling up the DagBag from /home/airflow/.local/lib/python3.8/site-packages/airflow/example_dags/example_task_group_decorator.py
[2024-04-16T10:22:45.613+0000] {processor.py:840} INFO - DAG(s) 'example_task_group_decorator' retrieved from /home/airflow/.local/lib/python3.8/site-packages/airflow/example_dags/example_task_group_decorator.py
[2024-04-16T10:22:45.655+0000] {logging_mixin.py:188} INFO - [2024-04-16T10:22:45.654+0000] {dag.py:3047} INFO - Sync 1 DAGs
[2024-04-16T10:22:45.698+0000] {logging_mixin.py:188} INFO - [2024-04-16T10:22:45.698+0000] {dag.py:3834} INFO - Setting next_dagrun for example_task_group_decorator to 2024-04-15 00:00:00+00:00, run_after=2024-04-16 00:00:00+00:00
[2024-04-16T10:22:45.741+0000] {processor.py:183} INFO - Processing /home/airflow/.local/lib/python3.8/site-packages/airflow/example_dags/example_task_group_decorator.py took 0.169 seconds
