[2024-04-16T10:11:03.544+0000] {processor.py:161} INFO - Started process (PID=55) to work on /home/airflow/.local/lib/python3.8/site-packages/airflow/example_dags/example_datasets.py
[2024-04-16T10:11:03.546+0000] {processor.py:830} INFO - Processing file /home/airflow/.local/lib/python3.8/site-packages/airflow/example_dags/example_datasets.py for tasks to queue
[2024-04-16T10:11:03.549+0000] {logging_mixin.py:188} INFO - [2024-04-16T10:11:03.549+0000] {dagbag.py:540} INFO - Filling up the DagBag from /home/airflow/.local/lib/python3.8/site-packages/airflow/example_dags/example_datasets.py
[2024-04-16T10:11:03.568+0000] {processor.py:840} INFO - DAG(s) 'dataset_consumes_1_never_scheduled', 'dataset_produces_2', 'dataset_consumes_1', 'dataset_produces_1', 'dataset_consumes_1_and_2', 'dataset_consumes_unknown_never_scheduled' retrieved from /home/airflow/.local/lib/python3.8/site-packages/airflow/example_dags/example_datasets.py
[2024-04-16T10:11:03.590+0000] {logging_mixin.py:188} INFO - [2024-04-16T10:11:03.590+0000] {dag.py:3047} INFO - Sync 6 DAGs
[2024-04-16T10:11:03.631+0000] {logging_mixin.py:188} INFO - [2024-04-16T10:11:03.631+0000] {dag.py:3834} INFO - Setting next_dagrun for dataset_consumes_1 to None, run_after=None
[2024-04-16T10:11:03.637+0000] {logging_mixin.py:188} INFO - [2024-04-16T10:11:03.636+0000] {dag.py:3834} INFO - Setting next_dagrun for dataset_consumes_1_and_2 to None, run_after=None
[2024-04-16T10:11:03.643+0000] {logging_mixin.py:188} INFO - [2024-04-16T10:11:03.642+0000] {dag.py:3834} INFO - Setting next_dagrun for dataset_consumes_1_never_scheduled to None, run_after=None
[2024-04-16T10:11:03.645+0000] {logging_mixin.py:188} INFO - [2024-04-16T10:11:03.645+0000] {dag.py:3834} INFO - Setting next_dagrun for dataset_consumes_unknown_never_scheduled to None, run_after=None
[2024-04-16T10:11:03.650+0000] {logging_mixin.py:188} INFO - [2024-04-16T10:11:03.649+0000] {dag.py:3834} INFO - Setting next_dagrun for dataset_produces_1 to 2024-04-15 00:00:00+00:00, run_after=2024-04-16 00:00:00+00:00
[2024-04-16T10:11:03.652+0000] {logging_mixin.py:188} INFO - [2024-04-16T10:11:03.652+0000] {dag.py:3834} INFO - Setting next_dagrun for dataset_produces_2 to None, run_after=None
[2024-04-16T10:11:03.819+0000] {processor.py:183} INFO - Processing /home/airflow/.local/lib/python3.8/site-packages/airflow/example_dags/example_datasets.py took 0.279 seconds
[2024-04-16T10:11:34.486+0000] {processor.py:161} INFO - Started process (PID=129) to work on /home/airflow/.local/lib/python3.8/site-packages/airflow/example_dags/example_datasets.py
[2024-04-16T10:11:34.487+0000] {processor.py:830} INFO - Processing file /home/airflow/.local/lib/python3.8/site-packages/airflow/example_dags/example_datasets.py for tasks to queue
[2024-04-16T10:11:34.489+0000] {logging_mixin.py:188} INFO - [2024-04-16T10:11:34.489+0000] {dagbag.py:540} INFO - Filling up the DagBag from /home/airflow/.local/lib/python3.8/site-packages/airflow/example_dags/example_datasets.py
[2024-04-16T10:11:34.498+0000] {processor.py:840} INFO - DAG(s) 'dataset_produces_2', 'dataset_consumes_unknown_never_scheduled', 'dataset_consumes_1', 'dataset_consumes_1_never_scheduled', 'dataset_produces_1', 'dataset_consumes_1_and_2' retrieved from /home/airflow/.local/lib/python3.8/site-packages/airflow/example_dags/example_datasets.py
[2024-04-16T10:11:34.651+0000] {logging_mixin.py:188} INFO - [2024-04-16T10:11:34.651+0000] {dag.py:3047} INFO - Sync 6 DAGs
[2024-04-16T10:11:34.670+0000] {logging_mixin.py:188} INFO - [2024-04-16T10:11:34.669+0000] {dag.py:3834} INFO - Setting next_dagrun for dataset_consumes_1 to None, run_after=None
[2024-04-16T10:11:34.674+0000] {logging_mixin.py:188} INFO - [2024-04-16T10:11:34.674+0000] {dag.py:3834} INFO - Setting next_dagrun for dataset_consumes_1_and_2 to None, run_after=None
[2024-04-16T10:11:34.678+0000] {logging_mixin.py:188} INFO - [2024-04-16T10:11:34.677+0000] {dag.py:3834} INFO - Setting next_dagrun for dataset_consumes_1_never_scheduled to None, run_after=None
[2024-04-16T10:11:34.680+0000] {logging_mixin.py:188} INFO - [2024-04-16T10:11:34.680+0000] {dag.py:3834} INFO - Setting next_dagrun for dataset_consumes_unknown_never_scheduled to None, run_after=None
[2024-04-16T10:11:34.683+0000] {logging_mixin.py:188} INFO - [2024-04-16T10:11:34.683+0000] {dag.py:3834} INFO - Setting next_dagrun for dataset_produces_1 to 2024-04-15 00:00:00+00:00, run_after=2024-04-16 00:00:00+00:00
[2024-04-16T10:11:34.686+0000] {logging_mixin.py:188} INFO - [2024-04-16T10:11:34.685+0000] {dag.py:3834} INFO - Setting next_dagrun for dataset_produces_2 to None, run_after=None
[2024-04-16T10:11:34.718+0000] {processor.py:183} INFO - Processing /home/airflow/.local/lib/python3.8/site-packages/airflow/example_dags/example_datasets.py took 0.236 seconds
[2024-04-16T10:12:04.779+0000] {processor.py:161} INFO - Started process (PID=188) to work on /home/airflow/.local/lib/python3.8/site-packages/airflow/example_dags/example_datasets.py
[2024-04-16T10:12:04.781+0000] {processor.py:830} INFO - Processing file /home/airflow/.local/lib/python3.8/site-packages/airflow/example_dags/example_datasets.py for tasks to queue
[2024-04-16T10:12:04.784+0000] {logging_mixin.py:188} INFO - [2024-04-16T10:12:04.784+0000] {dagbag.py:540} INFO - Filling up the DagBag from /home/airflow/.local/lib/python3.8/site-packages/airflow/example_dags/example_datasets.py
[2024-04-16T10:12:04.797+0000] {processor.py:840} INFO - DAG(s) 'dataset_consumes_1_never_scheduled', 'dataset_produces_2', 'dataset_consumes_1', 'dataset_produces_1', 'dataset_consumes_1_and_2', 'dataset_consumes_unknown_never_scheduled' retrieved from /home/airflow/.local/lib/python3.8/site-packages/airflow/example_dags/example_datasets.py
[2024-04-16T10:12:04.866+0000] {logging_mixin.py:188} INFO - [2024-04-16T10:12:04.865+0000] {dag.py:3047} INFO - Sync 6 DAGs
[2024-04-16T10:12:04.899+0000] {logging_mixin.py:188} INFO - [2024-04-16T10:12:04.898+0000] {dag.py:3834} INFO - Setting next_dagrun for dataset_consumes_1 to None, run_after=None
[2024-04-16T10:12:04.904+0000] {logging_mixin.py:188} INFO - [2024-04-16T10:12:04.904+0000] {dag.py:3834} INFO - Setting next_dagrun for dataset_consumes_1_and_2 to None, run_after=None
[2024-04-16T10:12:04.907+0000] {logging_mixin.py:188} INFO - [2024-04-16T10:12:04.906+0000] {dag.py:3834} INFO - Setting next_dagrun for dataset_consumes_1_never_scheduled to None, run_after=None
[2024-04-16T10:12:04.910+0000] {logging_mixin.py:188} INFO - [2024-04-16T10:12:04.910+0000] {dag.py:3834} INFO - Setting next_dagrun for dataset_consumes_unknown_never_scheduled to None, run_after=None
[2024-04-16T10:12:04.914+0000] {logging_mixin.py:188} INFO - [2024-04-16T10:12:04.913+0000] {dag.py:3834} INFO - Setting next_dagrun for dataset_produces_1 to 2024-04-15 00:00:00+00:00, run_after=2024-04-16 00:00:00+00:00
[2024-04-16T10:12:04.917+0000] {logging_mixin.py:188} INFO - [2024-04-16T10:12:04.917+0000] {dag.py:3834} INFO - Setting next_dagrun for dataset_produces_2 to None, run_after=None
[2024-04-16T10:12:04.954+0000] {processor.py:183} INFO - Processing /home/airflow/.local/lib/python3.8/site-packages/airflow/example_dags/example_datasets.py took 0.180 seconds
[2024-04-16T10:12:35.184+0000] {processor.py:161} INFO - Started process (PID=247) to work on /home/airflow/.local/lib/python3.8/site-packages/airflow/example_dags/example_datasets.py
[2024-04-16T10:12:35.185+0000] {processor.py:830} INFO - Processing file /home/airflow/.local/lib/python3.8/site-packages/airflow/example_dags/example_datasets.py for tasks to queue
[2024-04-16T10:12:35.187+0000] {logging_mixin.py:188} INFO - [2024-04-16T10:12:35.187+0000] {dagbag.py:540} INFO - Filling up the DagBag from /home/airflow/.local/lib/python3.8/site-packages/airflow/example_dags/example_datasets.py
[2024-04-16T10:12:35.196+0000] {processor.py:840} INFO - DAG(s) 'dataset_consumes_1_and_2', 'dataset_consumes_1', 'dataset_consumes_1_never_scheduled', 'dataset_consumes_unknown_never_scheduled', 'dataset_produces_2', 'dataset_produces_1' retrieved from /home/airflow/.local/lib/python3.8/site-packages/airflow/example_dags/example_datasets.py
[2024-04-16T10:12:35.235+0000] {logging_mixin.py:188} INFO - [2024-04-16T10:12:35.235+0000] {dag.py:3047} INFO - Sync 6 DAGs
[2024-04-16T10:12:35.258+0000] {logging_mixin.py:188} INFO - [2024-04-16T10:12:35.258+0000] {dag.py:3834} INFO - Setting next_dagrun for dataset_consumes_1 to None, run_after=None
[2024-04-16T10:12:35.263+0000] {logging_mixin.py:188} INFO - [2024-04-16T10:12:35.263+0000] {dag.py:3834} INFO - Setting next_dagrun for dataset_consumes_1_and_2 to None, run_after=None
[2024-04-16T10:12:35.265+0000] {logging_mixin.py:188} INFO - [2024-04-16T10:12:35.265+0000] {dag.py:3834} INFO - Setting next_dagrun for dataset_consumes_1_never_scheduled to None, run_after=None
[2024-04-16T10:12:35.267+0000] {logging_mixin.py:188} INFO - [2024-04-16T10:12:35.267+0000] {dag.py:3834} INFO - Setting next_dagrun for dataset_consumes_unknown_never_scheduled to None, run_after=None
[2024-04-16T10:12:35.270+0000] {logging_mixin.py:188} INFO - [2024-04-16T10:12:35.270+0000] {dag.py:3834} INFO - Setting next_dagrun for dataset_produces_1 to 2024-04-15 00:00:00+00:00, run_after=2024-04-16 00:00:00+00:00
[2024-04-16T10:12:35.272+0000] {logging_mixin.py:188} INFO - [2024-04-16T10:12:35.272+0000] {dag.py:3834} INFO - Setting next_dagrun for dataset_produces_2 to None, run_after=None
[2024-04-16T10:12:35.307+0000] {processor.py:183} INFO - Processing /home/airflow/.local/lib/python3.8/site-packages/airflow/example_dags/example_datasets.py took 0.126 seconds
[2024-04-16T10:13:05.455+0000] {processor.py:161} INFO - Started process (PID=306) to work on /home/airflow/.local/lib/python3.8/site-packages/airflow/example_dags/example_datasets.py
[2024-04-16T10:13:05.457+0000] {processor.py:830} INFO - Processing file /home/airflow/.local/lib/python3.8/site-packages/airflow/example_dags/example_datasets.py for tasks to queue
[2024-04-16T10:13:05.460+0000] {logging_mixin.py:188} INFO - [2024-04-16T10:13:05.459+0000] {dagbag.py:540} INFO - Filling up the DagBag from /home/airflow/.local/lib/python3.8/site-packages/airflow/example_dags/example_datasets.py
[2024-04-16T10:13:05.471+0000] {processor.py:840} INFO - DAG(s) 'dataset_produces_2', 'dataset_consumes_1_and_2', 'dataset_consumes_1_never_scheduled', 'dataset_produces_1', 'dataset_consumes_unknown_never_scheduled', 'dataset_consumes_1' retrieved from /home/airflow/.local/lib/python3.8/site-packages/airflow/example_dags/example_datasets.py
[2024-04-16T10:13:05.512+0000] {logging_mixin.py:188} INFO - [2024-04-16T10:13:05.512+0000] {dag.py:3047} INFO - Sync 6 DAGs
[2024-04-16T10:13:05.535+0000] {logging_mixin.py:188} INFO - [2024-04-16T10:13:05.535+0000] {dag.py:3834} INFO - Setting next_dagrun for dataset_consumes_1 to None, run_after=None
[2024-04-16T10:13:05.539+0000] {logging_mixin.py:188} INFO - [2024-04-16T10:13:05.539+0000] {dag.py:3834} INFO - Setting next_dagrun for dataset_consumes_1_and_2 to None, run_after=None
[2024-04-16T10:13:05.541+0000] {logging_mixin.py:188} INFO - [2024-04-16T10:13:05.541+0000] {dag.py:3834} INFO - Setting next_dagrun for dataset_consumes_1_never_scheduled to None, run_after=None
[2024-04-16T10:13:05.543+0000] {logging_mixin.py:188} INFO - [2024-04-16T10:13:05.543+0000] {dag.py:3834} INFO - Setting next_dagrun for dataset_consumes_unknown_never_scheduled to None, run_after=None
[2024-04-16T10:13:05.547+0000] {logging_mixin.py:188} INFO - [2024-04-16T10:13:05.547+0000] {dag.py:3834} INFO - Setting next_dagrun for dataset_produces_1 to 2024-04-15 00:00:00+00:00, run_after=2024-04-16 00:00:00+00:00
[2024-04-16T10:13:05.549+0000] {logging_mixin.py:188} INFO - [2024-04-16T10:13:05.548+0000] {dag.py:3834} INFO - Setting next_dagrun for dataset_produces_2 to None, run_after=None
[2024-04-16T10:13:05.583+0000] {processor.py:183} INFO - Processing /home/airflow/.local/lib/python3.8/site-packages/airflow/example_dags/example_datasets.py took 0.133 seconds
[2024-04-16T10:13:35.645+0000] {processor.py:161} INFO - Started process (PID=366) to work on /home/airflow/.local/lib/python3.8/site-packages/airflow/example_dags/example_datasets.py
[2024-04-16T10:13:35.647+0000] {processor.py:830} INFO - Processing file /home/airflow/.local/lib/python3.8/site-packages/airflow/example_dags/example_datasets.py for tasks to queue
[2024-04-16T10:13:35.649+0000] {logging_mixin.py:188} INFO - [2024-04-16T10:13:35.649+0000] {dagbag.py:540} INFO - Filling up the DagBag from /home/airflow/.local/lib/python3.8/site-packages/airflow/example_dags/example_datasets.py
[2024-04-16T10:13:35.657+0000] {processor.py:840} INFO - DAG(s) 'dataset_produces_1', 'dataset_consumes_1', 'dataset_consumes_1_and_2', 'dataset_consumes_unknown_never_scheduled', 'dataset_consumes_1_never_scheduled', 'dataset_produces_2' retrieved from /home/airflow/.local/lib/python3.8/site-packages/airflow/example_dags/example_datasets.py
[2024-04-16T10:13:35.690+0000] {logging_mixin.py:188} INFO - [2024-04-16T10:13:35.690+0000] {dag.py:3047} INFO - Sync 6 DAGs
[2024-04-16T10:13:35.713+0000] {logging_mixin.py:188} INFO - [2024-04-16T10:13:35.713+0000] {dag.py:3834} INFO - Setting next_dagrun for dataset_consumes_1 to None, run_after=None
[2024-04-16T10:13:35.718+0000] {logging_mixin.py:188} INFO - [2024-04-16T10:13:35.718+0000] {dag.py:3834} INFO - Setting next_dagrun for dataset_consumes_1_and_2 to None, run_after=None
[2024-04-16T10:13:35.720+0000] {logging_mixin.py:188} INFO - [2024-04-16T10:13:35.720+0000] {dag.py:3834} INFO - Setting next_dagrun for dataset_consumes_1_never_scheduled to None, run_after=None
[2024-04-16T10:13:35.722+0000] {logging_mixin.py:188} INFO - [2024-04-16T10:13:35.722+0000] {dag.py:3834} INFO - Setting next_dagrun for dataset_consumes_unknown_never_scheduled to None, run_after=None
[2024-04-16T10:13:35.726+0000] {logging_mixin.py:188} INFO - [2024-04-16T10:13:35.726+0000] {dag.py:3834} INFO - Setting next_dagrun for dataset_produces_1 to 2024-04-15 00:00:00+00:00, run_after=2024-04-16 00:00:00+00:00
[2024-04-16T10:13:35.728+0000] {logging_mixin.py:188} INFO - [2024-04-16T10:13:35.728+0000] {dag.py:3834} INFO - Setting next_dagrun for dataset_produces_2 to None, run_after=None
[2024-04-16T10:13:35.764+0000] {processor.py:183} INFO - Processing /home/airflow/.local/lib/python3.8/site-packages/airflow/example_dags/example_datasets.py took 0.121 seconds
[2024-04-16T10:14:05.987+0000] {processor.py:161} INFO - Started process (PID=424) to work on /home/airflow/.local/lib/python3.8/site-packages/airflow/example_dags/example_datasets.py
[2024-04-16T10:14:05.988+0000] {processor.py:830} INFO - Processing file /home/airflow/.local/lib/python3.8/site-packages/airflow/example_dags/example_datasets.py for tasks to queue
[2024-04-16T10:14:05.990+0000] {logging_mixin.py:188} INFO - [2024-04-16T10:14:05.990+0000] {dagbag.py:540} INFO - Filling up the DagBag from /home/airflow/.local/lib/python3.8/site-packages/airflow/example_dags/example_datasets.py
[2024-04-16T10:14:05.998+0000] {processor.py:840} INFO - DAG(s) 'dataset_produces_2', 'dataset_consumes_1_never_scheduled', 'dataset_produces_1', 'dataset_consumes_unknown_never_scheduled', 'dataset_consumes_1_and_2', 'dataset_consumes_1' retrieved from /home/airflow/.local/lib/python3.8/site-packages/airflow/example_dags/example_datasets.py
[2024-04-16T10:14:06.029+0000] {logging_mixin.py:188} INFO - [2024-04-16T10:14:06.029+0000] {dag.py:3047} INFO - Sync 6 DAGs
[2024-04-16T10:14:06.050+0000] {logging_mixin.py:188} INFO - [2024-04-16T10:14:06.050+0000] {dag.py:3834} INFO - Setting next_dagrun for dataset_consumes_1 to None, run_after=None
[2024-04-16T10:14:06.053+0000] {logging_mixin.py:188} INFO - [2024-04-16T10:14:06.053+0000] {dag.py:3834} INFO - Setting next_dagrun for dataset_consumes_1_and_2 to None, run_after=None
[2024-04-16T10:14:06.055+0000] {logging_mixin.py:188} INFO - [2024-04-16T10:14:06.055+0000] {dag.py:3834} INFO - Setting next_dagrun for dataset_consumes_1_never_scheduled to None, run_after=None
[2024-04-16T10:14:06.057+0000] {logging_mixin.py:188} INFO - [2024-04-16T10:14:06.056+0000] {dag.py:3834} INFO - Setting next_dagrun for dataset_consumes_unknown_never_scheduled to None, run_after=None
[2024-04-16T10:14:06.059+0000] {logging_mixin.py:188} INFO - [2024-04-16T10:14:06.059+0000] {dag.py:3834} INFO - Setting next_dagrun for dataset_produces_1 to 2024-04-15 00:00:00+00:00, run_after=2024-04-16 00:00:00+00:00
[2024-04-16T10:14:06.061+0000] {logging_mixin.py:188} INFO - [2024-04-16T10:14:06.061+0000] {dag.py:3834} INFO - Setting next_dagrun for dataset_produces_2 to None, run_after=None
[2024-04-16T10:14:06.090+0000] {processor.py:183} INFO - Processing /home/airflow/.local/lib/python3.8/site-packages/airflow/example_dags/example_datasets.py took 0.106 seconds
[2024-04-16T10:14:36.394+0000] {processor.py:161} INFO - Started process (PID=483) to work on /home/airflow/.local/lib/python3.8/site-packages/airflow/example_dags/example_datasets.py
[2024-04-16T10:14:36.395+0000] {processor.py:830} INFO - Processing file /home/airflow/.local/lib/python3.8/site-packages/airflow/example_dags/example_datasets.py for tasks to queue
[2024-04-16T10:14:36.397+0000] {logging_mixin.py:188} INFO - [2024-04-16T10:14:36.397+0000] {dagbag.py:540} INFO - Filling up the DagBag from /home/airflow/.local/lib/python3.8/site-packages/airflow/example_dags/example_datasets.py
[2024-04-16T10:14:36.407+0000] {processor.py:840} INFO - DAG(s) 'dataset_consumes_unknown_never_scheduled', 'dataset_consumes_1_never_scheduled', 'dataset_consumes_1', 'dataset_consumes_1_and_2', 'dataset_produces_1', 'dataset_produces_2' retrieved from /home/airflow/.local/lib/python3.8/site-packages/airflow/example_dags/example_datasets.py
[2024-04-16T10:14:36.447+0000] {logging_mixin.py:188} INFO - [2024-04-16T10:14:36.446+0000] {dag.py:3047} INFO - Sync 6 DAGs
[2024-04-16T10:14:36.473+0000] {logging_mixin.py:188} INFO - [2024-04-16T10:14:36.473+0000] {dag.py:3834} INFO - Setting next_dagrun for dataset_consumes_1 to None, run_after=None
[2024-04-16T10:14:36.478+0000] {logging_mixin.py:188} INFO - [2024-04-16T10:14:36.478+0000] {dag.py:3834} INFO - Setting next_dagrun for dataset_consumes_1_and_2 to None, run_after=None
[2024-04-16T10:14:36.480+0000] {logging_mixin.py:188} INFO - [2024-04-16T10:14:36.480+0000] {dag.py:3834} INFO - Setting next_dagrun for dataset_consumes_1_never_scheduled to None, run_after=None
[2024-04-16T10:14:36.482+0000] {logging_mixin.py:188} INFO - [2024-04-16T10:14:36.482+0000] {dag.py:3834} INFO - Setting next_dagrun for dataset_consumes_unknown_never_scheduled to None, run_after=None
[2024-04-16T10:14:36.486+0000] {logging_mixin.py:188} INFO - [2024-04-16T10:14:36.486+0000] {dag.py:3834} INFO - Setting next_dagrun for dataset_produces_1 to 2024-04-15 00:00:00+00:00, run_after=2024-04-16 00:00:00+00:00
[2024-04-16T10:14:36.489+0000] {logging_mixin.py:188} INFO - [2024-04-16T10:14:36.489+0000] {dag.py:3834} INFO - Setting next_dagrun for dataset_produces_2 to None, run_after=None
[2024-04-16T10:14:36.529+0000] {processor.py:183} INFO - Processing /home/airflow/.local/lib/python3.8/site-packages/airflow/example_dags/example_datasets.py took 0.138 seconds
[2024-04-16T10:15:06.811+0000] {processor.py:161} INFO - Started process (PID=542) to work on /home/airflow/.local/lib/python3.8/site-packages/airflow/example_dags/example_datasets.py
[2024-04-16T10:15:06.815+0000] {processor.py:830} INFO - Processing file /home/airflow/.local/lib/python3.8/site-packages/airflow/example_dags/example_datasets.py for tasks to queue
[2024-04-16T10:15:06.820+0000] {logging_mixin.py:188} INFO - [2024-04-16T10:15:06.819+0000] {dagbag.py:540} INFO - Filling up the DagBag from /home/airflow/.local/lib/python3.8/site-packages/airflow/example_dags/example_datasets.py
[2024-04-16T10:15:06.838+0000] {processor.py:840} INFO - DAG(s) 'dataset_consumes_1_never_scheduled', 'dataset_produces_1', 'dataset_produces_2', 'dataset_consumes_unknown_never_scheduled', 'dataset_consumes_1_and_2', 'dataset_consumes_1' retrieved from /home/airflow/.local/lib/python3.8/site-packages/airflow/example_dags/example_datasets.py
[2024-04-16T10:15:06.905+0000] {logging_mixin.py:188} INFO - [2024-04-16T10:15:06.904+0000] {dag.py:3047} INFO - Sync 6 DAGs
[2024-04-16T10:15:06.941+0000] {logging_mixin.py:188} INFO - [2024-04-16T10:15:06.940+0000] {dag.py:3834} INFO - Setting next_dagrun for dataset_consumes_1 to None, run_after=None
[2024-04-16T10:15:06.946+0000] {logging_mixin.py:188} INFO - [2024-04-16T10:15:06.946+0000] {dag.py:3834} INFO - Setting next_dagrun for dataset_consumes_1_and_2 to None, run_after=None
[2024-04-16T10:15:06.950+0000] {logging_mixin.py:188} INFO - [2024-04-16T10:15:06.949+0000] {dag.py:3834} INFO - Setting next_dagrun for dataset_consumes_1_never_scheduled to None, run_after=None
[2024-04-16T10:15:06.953+0000] {logging_mixin.py:188} INFO - [2024-04-16T10:15:06.953+0000] {dag.py:3834} INFO - Setting next_dagrun for dataset_consumes_unknown_never_scheduled to None, run_after=None
[2024-04-16T10:15:06.958+0000] {logging_mixin.py:188} INFO - [2024-04-16T10:15:06.957+0000] {dag.py:3834} INFO - Setting next_dagrun for dataset_produces_1 to 2024-04-15 00:00:00+00:00, run_after=2024-04-16 00:00:00+00:00
[2024-04-16T10:15:06.961+0000] {logging_mixin.py:188} INFO - [2024-04-16T10:15:06.960+0000] {dag.py:3834} INFO - Setting next_dagrun for dataset_produces_2 to None, run_after=None
[2024-04-16T10:15:07.010+0000] {processor.py:183} INFO - Processing /home/airflow/.local/lib/python3.8/site-packages/airflow/example_dags/example_datasets.py took 0.204 seconds
[2024-04-16T10:15:37.096+0000] {processor.py:161} INFO - Started process (PID=601) to work on /home/airflow/.local/lib/python3.8/site-packages/airflow/example_dags/example_datasets.py
[2024-04-16T10:15:37.097+0000] {processor.py:830} INFO - Processing file /home/airflow/.local/lib/python3.8/site-packages/airflow/example_dags/example_datasets.py for tasks to queue
[2024-04-16T10:15:37.100+0000] {logging_mixin.py:188} INFO - [2024-04-16T10:15:37.099+0000] {dagbag.py:540} INFO - Filling up the DagBag from /home/airflow/.local/lib/python3.8/site-packages/airflow/example_dags/example_datasets.py
[2024-04-16T10:15:37.110+0000] {processor.py:840} INFO - DAG(s) 'dataset_consumes_1_never_scheduled', 'dataset_produces_2', 'dataset_consumes_unknown_never_scheduled', 'dataset_produces_1', 'dataset_consumes_1_and_2', 'dataset_consumes_1' retrieved from /home/airflow/.local/lib/python3.8/site-packages/airflow/example_dags/example_datasets.py
[2024-04-16T10:15:37.152+0000] {logging_mixin.py:188} INFO - [2024-04-16T10:15:37.152+0000] {dag.py:3047} INFO - Sync 6 DAGs
[2024-04-16T10:15:37.182+0000] {logging_mixin.py:188} INFO - [2024-04-16T10:15:37.182+0000] {dag.py:3834} INFO - Setting next_dagrun for dataset_consumes_1 to None, run_after=None
[2024-04-16T10:15:37.188+0000] {logging_mixin.py:188} INFO - [2024-04-16T10:15:37.188+0000] {dag.py:3834} INFO - Setting next_dagrun for dataset_consumes_1_and_2 to None, run_after=None
[2024-04-16T10:15:37.191+0000] {logging_mixin.py:188} INFO - [2024-04-16T10:15:37.191+0000] {dag.py:3834} INFO - Setting next_dagrun for dataset_consumes_1_never_scheduled to None, run_after=None
[2024-04-16T10:15:37.194+0000] {logging_mixin.py:188} INFO - [2024-04-16T10:15:37.194+0000] {dag.py:3834} INFO - Setting next_dagrun for dataset_consumes_unknown_never_scheduled to None, run_after=None
[2024-04-16T10:15:37.197+0000] {logging_mixin.py:188} INFO - [2024-04-16T10:15:37.197+0000] {dag.py:3834} INFO - Setting next_dagrun for dataset_produces_1 to 2024-04-15 00:00:00+00:00, run_after=2024-04-16 00:00:00+00:00
[2024-04-16T10:15:37.200+0000] {logging_mixin.py:188} INFO - [2024-04-16T10:15:37.200+0000] {dag.py:3834} INFO - Setting next_dagrun for dataset_produces_2 to None, run_after=None
[2024-04-16T10:15:37.234+0000] {processor.py:183} INFO - Processing /home/airflow/.local/lib/python3.8/site-packages/airflow/example_dags/example_datasets.py took 0.141 seconds
[2024-04-16T10:16:07.577+0000] {processor.py:161} INFO - Started process (PID=660) to work on /home/airflow/.local/lib/python3.8/site-packages/airflow/example_dags/example_datasets.py
[2024-04-16T10:16:07.578+0000] {processor.py:830} INFO - Processing file /home/airflow/.local/lib/python3.8/site-packages/airflow/example_dags/example_datasets.py for tasks to queue
[2024-04-16T10:16:07.580+0000] {logging_mixin.py:188} INFO - [2024-04-16T10:16:07.580+0000] {dagbag.py:540} INFO - Filling up the DagBag from /home/airflow/.local/lib/python3.8/site-packages/airflow/example_dags/example_datasets.py
[2024-04-16T10:16:07.589+0000] {processor.py:840} INFO - DAG(s) 'dataset_consumes_1_and_2', 'dataset_consumes_1_never_scheduled', 'dataset_produces_2', 'dataset_consumes_unknown_never_scheduled', 'dataset_produces_1', 'dataset_consumes_1' retrieved from /home/airflow/.local/lib/python3.8/site-packages/airflow/example_dags/example_datasets.py
[2024-04-16T10:16:07.631+0000] {logging_mixin.py:188} INFO - [2024-04-16T10:16:07.631+0000] {dag.py:3047} INFO - Sync 6 DAGs
[2024-04-16T10:16:07.657+0000] {logging_mixin.py:188} INFO - [2024-04-16T10:16:07.657+0000] {dag.py:3834} INFO - Setting next_dagrun for dataset_consumes_1 to None, run_after=None
[2024-04-16T10:16:07.662+0000] {logging_mixin.py:188} INFO - [2024-04-16T10:16:07.662+0000] {dag.py:3834} INFO - Setting next_dagrun for dataset_consumes_1_and_2 to None, run_after=None
[2024-04-16T10:16:07.664+0000] {logging_mixin.py:188} INFO - [2024-04-16T10:16:07.664+0000] {dag.py:3834} INFO - Setting next_dagrun for dataset_consumes_1_never_scheduled to None, run_after=None
[2024-04-16T10:16:07.666+0000] {logging_mixin.py:188} INFO - [2024-04-16T10:16:07.665+0000] {dag.py:3834} INFO - Setting next_dagrun for dataset_consumes_unknown_never_scheduled to None, run_after=None
[2024-04-16T10:16:07.669+0000] {logging_mixin.py:188} INFO - [2024-04-16T10:16:07.669+0000] {dag.py:3834} INFO - Setting next_dagrun for dataset_produces_1 to 2024-04-15 00:00:00+00:00, run_after=2024-04-16 00:00:00+00:00
[2024-04-16T10:16:07.671+0000] {logging_mixin.py:188} INFO - [2024-04-16T10:16:07.671+0000] {dag.py:3834} INFO - Setting next_dagrun for dataset_produces_2 to None, run_after=None
[2024-04-16T10:16:07.705+0000] {processor.py:183} INFO - Processing /home/airflow/.local/lib/python3.8/site-packages/airflow/example_dags/example_datasets.py took 0.132 seconds
[2024-04-16T10:16:38.233+0000] {processor.py:161} INFO - Started process (PID=719) to work on /home/airflow/.local/lib/python3.8/site-packages/airflow/example_dags/example_datasets.py
[2024-04-16T10:16:38.234+0000] {processor.py:830} INFO - Processing file /home/airflow/.local/lib/python3.8/site-packages/airflow/example_dags/example_datasets.py for tasks to queue
[2024-04-16T10:16:38.236+0000] {logging_mixin.py:188} INFO - [2024-04-16T10:16:38.236+0000] {dagbag.py:540} INFO - Filling up the DagBag from /home/airflow/.local/lib/python3.8/site-packages/airflow/example_dags/example_datasets.py
[2024-04-16T10:16:38.245+0000] {processor.py:840} INFO - DAG(s) 'dataset_consumes_1', 'dataset_consumes_1_and_2', 'dataset_produces_2', 'dataset_produces_1', 'dataset_consumes_unknown_never_scheduled', 'dataset_consumes_1_never_scheduled' retrieved from /home/airflow/.local/lib/python3.8/site-packages/airflow/example_dags/example_datasets.py
[2024-04-16T10:16:38.282+0000] {logging_mixin.py:188} INFO - [2024-04-16T10:16:38.282+0000] {dag.py:3047} INFO - Sync 6 DAGs
[2024-04-16T10:16:38.304+0000] {logging_mixin.py:188} INFO - [2024-04-16T10:16:38.304+0000] {dag.py:3834} INFO - Setting next_dagrun for dataset_consumes_1 to None, run_after=None
[2024-04-16T10:16:38.308+0000] {logging_mixin.py:188} INFO - [2024-04-16T10:16:38.307+0000] {dag.py:3834} INFO - Setting next_dagrun for dataset_consumes_1_and_2 to None, run_after=None
[2024-04-16T10:16:38.311+0000] {logging_mixin.py:188} INFO - [2024-04-16T10:16:38.310+0000] {dag.py:3834} INFO - Setting next_dagrun for dataset_consumes_1_never_scheduled to None, run_after=None
[2024-04-16T10:16:38.312+0000] {logging_mixin.py:188} INFO - [2024-04-16T10:16:38.312+0000] {dag.py:3834} INFO - Setting next_dagrun for dataset_consumes_unknown_never_scheduled to None, run_after=None
[2024-04-16T10:16:38.315+0000] {logging_mixin.py:188} INFO - [2024-04-16T10:16:38.315+0000] {dag.py:3834} INFO - Setting next_dagrun for dataset_produces_1 to 2024-04-15 00:00:00+00:00, run_after=2024-04-16 00:00:00+00:00
[2024-04-16T10:16:38.317+0000] {logging_mixin.py:188} INFO - [2024-04-16T10:16:38.317+0000] {dag.py:3834} INFO - Setting next_dagrun for dataset_produces_2 to None, run_after=None
[2024-04-16T10:16:38.354+0000] {processor.py:183} INFO - Processing /home/airflow/.local/lib/python3.8/site-packages/airflow/example_dags/example_datasets.py took 0.123 seconds
[2024-04-16T10:17:08.584+0000] {processor.py:161} INFO - Started process (PID=778) to work on /home/airflow/.local/lib/python3.8/site-packages/airflow/example_dags/example_datasets.py
[2024-04-16T10:17:08.586+0000] {processor.py:830} INFO - Processing file /home/airflow/.local/lib/python3.8/site-packages/airflow/example_dags/example_datasets.py for tasks to queue
[2024-04-16T10:17:08.588+0000] {logging_mixin.py:188} INFO - [2024-04-16T10:17:08.588+0000] {dagbag.py:540} INFO - Filling up the DagBag from /home/airflow/.local/lib/python3.8/site-packages/airflow/example_dags/example_datasets.py
[2024-04-16T10:17:08.597+0000] {processor.py:840} INFO - DAG(s) 'dataset_consumes_1_and_2', 'dataset_consumes_1_never_scheduled', 'dataset_consumes_unknown_never_scheduled', 'dataset_consumes_1', 'dataset_produces_1', 'dataset_produces_2' retrieved from /home/airflow/.local/lib/python3.8/site-packages/airflow/example_dags/example_datasets.py
[2024-04-16T10:17:08.650+0000] {logging_mixin.py:188} INFO - [2024-04-16T10:17:08.649+0000] {dag.py:3047} INFO - Sync 6 DAGs
[2024-04-16T10:17:08.680+0000] {logging_mixin.py:188} INFO - [2024-04-16T10:17:08.680+0000] {dag.py:3834} INFO - Setting next_dagrun for dataset_consumes_1 to None, run_after=None
[2024-04-16T10:17:08.687+0000] {logging_mixin.py:188} INFO - [2024-04-16T10:17:08.687+0000] {dag.py:3834} INFO - Setting next_dagrun for dataset_consumes_1_and_2 to None, run_after=None
[2024-04-16T10:17:08.689+0000] {logging_mixin.py:188} INFO - [2024-04-16T10:17:08.689+0000] {dag.py:3834} INFO - Setting next_dagrun for dataset_consumes_1_never_scheduled to None, run_after=None
[2024-04-16T10:17:08.691+0000] {logging_mixin.py:188} INFO - [2024-04-16T10:17:08.691+0000] {dag.py:3834} INFO - Setting next_dagrun for dataset_consumes_unknown_never_scheduled to None, run_after=None
[2024-04-16T10:17:08.695+0000] {logging_mixin.py:188} INFO - [2024-04-16T10:17:08.695+0000] {dag.py:3834} INFO - Setting next_dagrun for dataset_produces_1 to 2024-04-15 00:00:00+00:00, run_after=2024-04-16 00:00:00+00:00
[2024-04-16T10:17:08.698+0000] {logging_mixin.py:188} INFO - [2024-04-16T10:17:08.698+0000] {dag.py:3834} INFO - Setting next_dagrun for dataset_produces_2 to None, run_after=None
[2024-04-16T10:17:08.744+0000] {processor.py:183} INFO - Processing /home/airflow/.local/lib/python3.8/site-packages/airflow/example_dags/example_datasets.py took 0.164 seconds
[2024-04-16T10:17:38.835+0000] {processor.py:161} INFO - Started process (PID=837) to work on /home/airflow/.local/lib/python3.8/site-packages/airflow/example_dags/example_datasets.py
[2024-04-16T10:17:38.837+0000] {processor.py:830} INFO - Processing file /home/airflow/.local/lib/python3.8/site-packages/airflow/example_dags/example_datasets.py for tasks to queue
[2024-04-16T10:17:38.839+0000] {logging_mixin.py:188} INFO - [2024-04-16T10:17:38.838+0000] {dagbag.py:540} INFO - Filling up the DagBag from /home/airflow/.local/lib/python3.8/site-packages/airflow/example_dags/example_datasets.py
[2024-04-16T10:17:38.847+0000] {processor.py:840} INFO - DAG(s) 'dataset_consumes_unknown_never_scheduled', 'dataset_produces_1', 'dataset_produces_2', 'dataset_consumes_1', 'dataset_consumes_1_and_2', 'dataset_consumes_1_never_scheduled' retrieved from /home/airflow/.local/lib/python3.8/site-packages/airflow/example_dags/example_datasets.py
[2024-04-16T10:17:38.883+0000] {logging_mixin.py:188} INFO - [2024-04-16T10:17:38.882+0000] {dag.py:3047} INFO - Sync 6 DAGs
[2024-04-16T10:17:38.903+0000] {logging_mixin.py:188} INFO - [2024-04-16T10:17:38.903+0000] {dag.py:3834} INFO - Setting next_dagrun for dataset_consumes_1 to None, run_after=None
[2024-04-16T10:17:38.907+0000] {logging_mixin.py:188} INFO - [2024-04-16T10:17:38.906+0000] {dag.py:3834} INFO - Setting next_dagrun for dataset_consumes_1_and_2 to None, run_after=None
[2024-04-16T10:17:38.908+0000] {logging_mixin.py:188} INFO - [2024-04-16T10:17:38.908+0000] {dag.py:3834} INFO - Setting next_dagrun for dataset_consumes_1_never_scheduled to None, run_after=None
[2024-04-16T10:17:38.910+0000] {logging_mixin.py:188} INFO - [2024-04-16T10:17:38.909+0000] {dag.py:3834} INFO - Setting next_dagrun for dataset_consumes_unknown_never_scheduled to None, run_after=None
[2024-04-16T10:17:38.912+0000] {logging_mixin.py:188} INFO - [2024-04-16T10:17:38.912+0000] {dag.py:3834} INFO - Setting next_dagrun for dataset_produces_1 to 2024-04-15 00:00:00+00:00, run_after=2024-04-16 00:00:00+00:00
[2024-04-16T10:17:38.914+0000] {logging_mixin.py:188} INFO - [2024-04-16T10:17:38.914+0000] {dag.py:3834} INFO - Setting next_dagrun for dataset_produces_2 to None, run_after=None
[2024-04-16T10:17:38.945+0000] {processor.py:183} INFO - Processing /home/airflow/.local/lib/python3.8/site-packages/airflow/example_dags/example_datasets.py took 0.112 seconds
[2024-04-16T10:18:09.062+0000] {processor.py:161} INFO - Started process (PID=896) to work on /home/airflow/.local/lib/python3.8/site-packages/airflow/example_dags/example_datasets.py
[2024-04-16T10:18:09.063+0000] {processor.py:830} INFO - Processing file /home/airflow/.local/lib/python3.8/site-packages/airflow/example_dags/example_datasets.py for tasks to queue
[2024-04-16T10:18:09.065+0000] {logging_mixin.py:188} INFO - [2024-04-16T10:18:09.065+0000] {dagbag.py:540} INFO - Filling up the DagBag from /home/airflow/.local/lib/python3.8/site-packages/airflow/example_dags/example_datasets.py
[2024-04-16T10:18:09.073+0000] {processor.py:840} INFO - DAG(s) 'dataset_produces_1', 'dataset_consumes_1_and_2', 'dataset_consumes_unknown_never_scheduled', 'dataset_consumes_1', 'dataset_produces_2', 'dataset_consumes_1_never_scheduled' retrieved from /home/airflow/.local/lib/python3.8/site-packages/airflow/example_dags/example_datasets.py
[2024-04-16T10:18:09.107+0000] {logging_mixin.py:188} INFO - [2024-04-16T10:18:09.107+0000] {dag.py:3047} INFO - Sync 6 DAGs
[2024-04-16T10:18:09.127+0000] {logging_mixin.py:188} INFO - [2024-04-16T10:18:09.127+0000] {dag.py:3834} INFO - Setting next_dagrun for dataset_consumes_1 to None, run_after=None
[2024-04-16T10:18:09.130+0000] {logging_mixin.py:188} INFO - [2024-04-16T10:18:09.130+0000] {dag.py:3834} INFO - Setting next_dagrun for dataset_consumes_1_and_2 to None, run_after=None
[2024-04-16T10:18:09.132+0000] {logging_mixin.py:188} INFO - [2024-04-16T10:18:09.132+0000] {dag.py:3834} INFO - Setting next_dagrun for dataset_consumes_1_never_scheduled to None, run_after=None
[2024-04-16T10:18:09.134+0000] {logging_mixin.py:188} INFO - [2024-04-16T10:18:09.134+0000] {dag.py:3834} INFO - Setting next_dagrun for dataset_consumes_unknown_never_scheduled to None, run_after=None
[2024-04-16T10:18:09.137+0000] {logging_mixin.py:188} INFO - [2024-04-16T10:18:09.136+0000] {dag.py:3834} INFO - Setting next_dagrun for dataset_produces_1 to 2024-04-15 00:00:00+00:00, run_after=2024-04-16 00:00:00+00:00
[2024-04-16T10:18:09.138+0000] {logging_mixin.py:188} INFO - [2024-04-16T10:18:09.138+0000] {dag.py:3834} INFO - Setting next_dagrun for dataset_produces_2 to None, run_after=None
[2024-04-16T10:18:09.168+0000] {processor.py:183} INFO - Processing /home/airflow/.local/lib/python3.8/site-packages/airflow/example_dags/example_datasets.py took 0.108 seconds
[2024-04-16T10:18:39.294+0000] {processor.py:161} INFO - Started process (PID=955) to work on /home/airflow/.local/lib/python3.8/site-packages/airflow/example_dags/example_datasets.py
[2024-04-16T10:18:39.295+0000] {processor.py:830} INFO - Processing file /home/airflow/.local/lib/python3.8/site-packages/airflow/example_dags/example_datasets.py for tasks to queue
[2024-04-16T10:18:39.297+0000] {logging_mixin.py:188} INFO - [2024-04-16T10:18:39.297+0000] {dagbag.py:540} INFO - Filling up the DagBag from /home/airflow/.local/lib/python3.8/site-packages/airflow/example_dags/example_datasets.py
[2024-04-16T10:18:39.305+0000] {processor.py:840} INFO - DAG(s) 'dataset_consumes_1_and_2', 'dataset_consumes_1', 'dataset_consumes_unknown_never_scheduled', 'dataset_produces_2', 'dataset_produces_1', 'dataset_consumes_1_never_scheduled' retrieved from /home/airflow/.local/lib/python3.8/site-packages/airflow/example_dags/example_datasets.py
[2024-04-16T10:18:39.337+0000] {logging_mixin.py:188} INFO - [2024-04-16T10:18:39.336+0000] {dag.py:3047} INFO - Sync 6 DAGs
[2024-04-16T10:18:39.358+0000] {logging_mixin.py:188} INFO - [2024-04-16T10:18:39.358+0000] {dag.py:3834} INFO - Setting next_dagrun for dataset_consumes_1 to None, run_after=None
[2024-04-16T10:18:39.362+0000] {logging_mixin.py:188} INFO - [2024-04-16T10:18:39.362+0000] {dag.py:3834} INFO - Setting next_dagrun for dataset_consumes_1_and_2 to None, run_after=None
[2024-04-16T10:18:39.364+0000] {logging_mixin.py:188} INFO - [2024-04-16T10:18:39.364+0000] {dag.py:3834} INFO - Setting next_dagrun for dataset_consumes_1_never_scheduled to None, run_after=None
[2024-04-16T10:18:39.366+0000] {logging_mixin.py:188} INFO - [2024-04-16T10:18:39.366+0000] {dag.py:3834} INFO - Setting next_dagrun for dataset_consumes_unknown_never_scheduled to None, run_after=None
[2024-04-16T10:18:39.369+0000] {logging_mixin.py:188} INFO - [2024-04-16T10:18:39.368+0000] {dag.py:3834} INFO - Setting next_dagrun for dataset_produces_1 to 2024-04-15 00:00:00+00:00, run_after=2024-04-16 00:00:00+00:00
[2024-04-16T10:18:39.370+0000] {logging_mixin.py:188} INFO - [2024-04-16T10:18:39.370+0000] {dag.py:3834} INFO - Setting next_dagrun for dataset_produces_2 to None, run_after=None
[2024-04-16T10:18:39.404+0000] {processor.py:183} INFO - Processing /home/airflow/.local/lib/python3.8/site-packages/airflow/example_dags/example_datasets.py took 0.113 seconds
[2024-04-16T10:19:09.689+0000] {processor.py:161} INFO - Started process (PID=1014) to work on /home/airflow/.local/lib/python3.8/site-packages/airflow/example_dags/example_datasets.py
[2024-04-16T10:19:09.690+0000] {processor.py:830} INFO - Processing file /home/airflow/.local/lib/python3.8/site-packages/airflow/example_dags/example_datasets.py for tasks to queue
[2024-04-16T10:19:09.692+0000] {logging_mixin.py:188} INFO - [2024-04-16T10:19:09.692+0000] {dagbag.py:540} INFO - Filling up the DagBag from /home/airflow/.local/lib/python3.8/site-packages/airflow/example_dags/example_datasets.py
[2024-04-16T10:19:09.702+0000] {processor.py:840} INFO - DAG(s) 'dataset_consumes_1', 'dataset_consumes_1_and_2', 'dataset_produces_1', 'dataset_consumes_unknown_never_scheduled', 'dataset_produces_2', 'dataset_consumes_1_never_scheduled' retrieved from /home/airflow/.local/lib/python3.8/site-packages/airflow/example_dags/example_datasets.py
[2024-04-16T10:19:09.744+0000] {logging_mixin.py:188} INFO - [2024-04-16T10:19:09.744+0000] {dag.py:3047} INFO - Sync 6 DAGs
[2024-04-16T10:19:09.768+0000] {logging_mixin.py:188} INFO - [2024-04-16T10:19:09.768+0000] {dag.py:3834} INFO - Setting next_dagrun for dataset_consumes_1 to None, run_after=None
[2024-04-16T10:19:09.772+0000] {logging_mixin.py:188} INFO - [2024-04-16T10:19:09.771+0000] {dag.py:3834} INFO - Setting next_dagrun for dataset_consumes_1_and_2 to None, run_after=None
[2024-04-16T10:19:09.773+0000] {logging_mixin.py:188} INFO - [2024-04-16T10:19:09.773+0000] {dag.py:3834} INFO - Setting next_dagrun for dataset_consumes_1_never_scheduled to None, run_after=None
[2024-04-16T10:19:09.774+0000] {logging_mixin.py:188} INFO - [2024-04-16T10:19:09.774+0000] {dag.py:3834} INFO - Setting next_dagrun for dataset_consumes_unknown_never_scheduled to None, run_after=None
[2024-04-16T10:19:09.777+0000] {logging_mixin.py:188} INFO - [2024-04-16T10:19:09.777+0000] {dag.py:3834} INFO - Setting next_dagrun for dataset_produces_1 to 2024-04-15 00:00:00+00:00, run_after=2024-04-16 00:00:00+00:00
[2024-04-16T10:19:09.779+0000] {logging_mixin.py:188} INFO - [2024-04-16T10:19:09.779+0000] {dag.py:3834} INFO - Setting next_dagrun for dataset_produces_2 to None, run_after=None
[2024-04-16T10:19:09.809+0000] {processor.py:183} INFO - Processing /home/airflow/.local/lib/python3.8/site-packages/airflow/example_dags/example_datasets.py took 0.122 seconds
[2024-04-16T10:19:39.926+0000] {processor.py:161} INFO - Started process (PID=1073) to work on /home/airflow/.local/lib/python3.8/site-packages/airflow/example_dags/example_datasets.py
[2024-04-16T10:19:39.927+0000] {processor.py:830} INFO - Processing file /home/airflow/.local/lib/python3.8/site-packages/airflow/example_dags/example_datasets.py for tasks to queue
[2024-04-16T10:19:39.929+0000] {logging_mixin.py:188} INFO - [2024-04-16T10:19:39.928+0000] {dagbag.py:540} INFO - Filling up the DagBag from /home/airflow/.local/lib/python3.8/site-packages/airflow/example_dags/example_datasets.py
[2024-04-16T10:19:39.937+0000] {processor.py:840} INFO - DAG(s) 'dataset_produces_2', 'dataset_consumes_1_and_2', 'dataset_consumes_1', 'dataset_consumes_1_never_scheduled', 'dataset_produces_1', 'dataset_consumes_unknown_never_scheduled' retrieved from /home/airflow/.local/lib/python3.8/site-packages/airflow/example_dags/example_datasets.py
[2024-04-16T10:19:39.972+0000] {logging_mixin.py:188} INFO - [2024-04-16T10:19:39.971+0000] {dag.py:3047} INFO - Sync 6 DAGs
[2024-04-16T10:19:39.990+0000] {logging_mixin.py:188} INFO - [2024-04-16T10:19:39.990+0000] {dag.py:3834} INFO - Setting next_dagrun for dataset_consumes_1 to None, run_after=None
[2024-04-16T10:19:39.994+0000] {logging_mixin.py:188} INFO - [2024-04-16T10:19:39.994+0000] {dag.py:3834} INFO - Setting next_dagrun for dataset_consumes_1_and_2 to None, run_after=None
[2024-04-16T10:19:39.997+0000] {logging_mixin.py:188} INFO - [2024-04-16T10:19:39.996+0000] {dag.py:3834} INFO - Setting next_dagrun for dataset_consumes_1_never_scheduled to None, run_after=None
[2024-04-16T10:19:39.999+0000] {logging_mixin.py:188} INFO - [2024-04-16T10:19:39.998+0000] {dag.py:3834} INFO - Setting next_dagrun for dataset_consumes_unknown_never_scheduled to None, run_after=None
[2024-04-16T10:19:40.001+0000] {logging_mixin.py:188} INFO - [2024-04-16T10:19:40.001+0000] {dag.py:3834} INFO - Setting next_dagrun for dataset_produces_1 to 2024-04-15 00:00:00+00:00, run_after=2024-04-16 00:00:00+00:00
[2024-04-16T10:19:40.002+0000] {logging_mixin.py:188} INFO - [2024-04-16T10:19:40.002+0000] {dag.py:3834} INFO - Setting next_dagrun for dataset_produces_2 to None, run_after=None
[2024-04-16T10:19:40.030+0000] {processor.py:183} INFO - Processing /home/airflow/.local/lib/python3.8/site-packages/airflow/example_dags/example_datasets.py took 0.108 seconds
[2024-04-16T10:20:10.270+0000] {processor.py:161} INFO - Started process (PID=1132) to work on /home/airflow/.local/lib/python3.8/site-packages/airflow/example_dags/example_datasets.py
[2024-04-16T10:20:10.272+0000] {processor.py:830} INFO - Processing file /home/airflow/.local/lib/python3.8/site-packages/airflow/example_dags/example_datasets.py for tasks to queue
[2024-04-16T10:20:10.274+0000] {logging_mixin.py:188} INFO - [2024-04-16T10:20:10.273+0000] {dagbag.py:540} INFO - Filling up the DagBag from /home/airflow/.local/lib/python3.8/site-packages/airflow/example_dags/example_datasets.py
[2024-04-16T10:20:10.283+0000] {processor.py:840} INFO - DAG(s) 'dataset_produces_2', 'dataset_consumes_unknown_never_scheduled', 'dataset_consumes_1', 'dataset_produces_1', 'dataset_consumes_1_and_2', 'dataset_consumes_1_never_scheduled' retrieved from /home/airflow/.local/lib/python3.8/site-packages/airflow/example_dags/example_datasets.py
[2024-04-16T10:20:10.323+0000] {logging_mixin.py:188} INFO - [2024-04-16T10:20:10.323+0000] {dag.py:3047} INFO - Sync 6 DAGs
[2024-04-16T10:20:10.345+0000] {logging_mixin.py:188} INFO - [2024-04-16T10:20:10.344+0000] {dag.py:3834} INFO - Setting next_dagrun for dataset_consumes_1 to None, run_after=None
[2024-04-16T10:20:10.348+0000] {logging_mixin.py:188} INFO - [2024-04-16T10:20:10.348+0000] {dag.py:3834} INFO - Setting next_dagrun for dataset_consumes_1_and_2 to None, run_after=None
[2024-04-16T10:20:10.351+0000] {logging_mixin.py:188} INFO - [2024-04-16T10:20:10.350+0000] {dag.py:3834} INFO - Setting next_dagrun for dataset_consumes_1_never_scheduled to None, run_after=None
[2024-04-16T10:20:10.353+0000] {logging_mixin.py:188} INFO - [2024-04-16T10:20:10.353+0000] {dag.py:3834} INFO - Setting next_dagrun for dataset_consumes_unknown_never_scheduled to None, run_after=None
[2024-04-16T10:20:10.356+0000] {logging_mixin.py:188} INFO - [2024-04-16T10:20:10.356+0000] {dag.py:3834} INFO - Setting next_dagrun for dataset_produces_1 to 2024-04-15 00:00:00+00:00, run_after=2024-04-16 00:00:00+00:00
[2024-04-16T10:20:10.357+0000] {logging_mixin.py:188} INFO - [2024-04-16T10:20:10.357+0000] {dag.py:3834} INFO - Setting next_dagrun for dataset_produces_2 to None, run_after=None
[2024-04-16T10:20:10.391+0000] {processor.py:183} INFO - Processing /home/airflow/.local/lib/python3.8/site-packages/airflow/example_dags/example_datasets.py took 0.124 seconds
[2024-04-16T10:20:40.459+0000] {processor.py:161} INFO - Started process (PID=1191) to work on /home/airflow/.local/lib/python3.8/site-packages/airflow/example_dags/example_datasets.py
[2024-04-16T10:20:40.460+0000] {processor.py:830} INFO - Processing file /home/airflow/.local/lib/python3.8/site-packages/airflow/example_dags/example_datasets.py for tasks to queue
[2024-04-16T10:20:40.462+0000] {logging_mixin.py:188} INFO - [2024-04-16T10:20:40.462+0000] {dagbag.py:540} INFO - Filling up the DagBag from /home/airflow/.local/lib/python3.8/site-packages/airflow/example_dags/example_datasets.py
[2024-04-16T10:20:40.470+0000] {processor.py:840} INFO - DAG(s) 'dataset_consumes_unknown_never_scheduled', 'dataset_consumes_1_and_2', 'dataset_consumes_1', 'dataset_produces_1', 'dataset_produces_2', 'dataset_consumes_1_never_scheduled' retrieved from /home/airflow/.local/lib/python3.8/site-packages/airflow/example_dags/example_datasets.py
[2024-04-16T10:20:40.506+0000] {logging_mixin.py:188} INFO - [2024-04-16T10:20:40.506+0000] {dag.py:3047} INFO - Sync 6 DAGs
[2024-04-16T10:20:40.528+0000] {logging_mixin.py:188} INFO - [2024-04-16T10:20:40.527+0000] {dag.py:3834} INFO - Setting next_dagrun for dataset_consumes_1 to None, run_after=None
[2024-04-16T10:20:40.533+0000] {logging_mixin.py:188} INFO - [2024-04-16T10:20:40.532+0000] {dag.py:3834} INFO - Setting next_dagrun for dataset_consumes_1_and_2 to None, run_after=None
[2024-04-16T10:20:40.535+0000] {logging_mixin.py:188} INFO - [2024-04-16T10:20:40.534+0000] {dag.py:3834} INFO - Setting next_dagrun for dataset_consumes_1_never_scheduled to None, run_after=None
[2024-04-16T10:20:40.536+0000] {logging_mixin.py:188} INFO - [2024-04-16T10:20:40.536+0000] {dag.py:3834} INFO - Setting next_dagrun for dataset_consumes_unknown_never_scheduled to None, run_after=None
[2024-04-16T10:20:40.539+0000] {logging_mixin.py:188} INFO - [2024-04-16T10:20:40.539+0000] {dag.py:3834} INFO - Setting next_dagrun for dataset_produces_1 to 2024-04-15 00:00:00+00:00, run_after=2024-04-16 00:00:00+00:00
[2024-04-16T10:20:40.541+0000] {logging_mixin.py:188} INFO - [2024-04-16T10:20:40.541+0000] {dag.py:3834} INFO - Setting next_dagrun for dataset_produces_2 to None, run_after=None
[2024-04-16T10:20:40.576+0000] {processor.py:183} INFO - Processing /home/airflow/.local/lib/python3.8/site-packages/airflow/example_dags/example_datasets.py took 0.120 seconds
[2024-04-16T10:21:11.034+0000] {processor.py:161} INFO - Started process (PID=1250) to work on /home/airflow/.local/lib/python3.8/site-packages/airflow/example_dags/example_datasets.py
[2024-04-16T10:21:11.036+0000] {processor.py:830} INFO - Processing file /home/airflow/.local/lib/python3.8/site-packages/airflow/example_dags/example_datasets.py for tasks to queue
[2024-04-16T10:21:11.038+0000] {logging_mixin.py:188} INFO - [2024-04-16T10:21:11.038+0000] {dagbag.py:540} INFO - Filling up the DagBag from /home/airflow/.local/lib/python3.8/site-packages/airflow/example_dags/example_datasets.py
[2024-04-16T10:21:11.046+0000] {processor.py:840} INFO - DAG(s) 'dataset_produces_2', 'dataset_consumes_1', 'dataset_consumes_unknown_never_scheduled', 'dataset_produces_1', 'dataset_consumes_1_and_2', 'dataset_consumes_1_never_scheduled' retrieved from /home/airflow/.local/lib/python3.8/site-packages/airflow/example_dags/example_datasets.py
[2024-04-16T10:21:11.091+0000] {logging_mixin.py:188} INFO - [2024-04-16T10:21:11.091+0000] {dag.py:3047} INFO - Sync 6 DAGs
[2024-04-16T10:21:11.116+0000] {logging_mixin.py:188} INFO - [2024-04-16T10:21:11.115+0000] {dag.py:3834} INFO - Setting next_dagrun for dataset_consumes_1 to None, run_after=None
[2024-04-16T10:21:11.120+0000] {logging_mixin.py:188} INFO - [2024-04-16T10:21:11.120+0000] {dag.py:3834} INFO - Setting next_dagrun for dataset_consumes_1_and_2 to None, run_after=None
[2024-04-16T10:21:11.123+0000] {logging_mixin.py:188} INFO - [2024-04-16T10:21:11.122+0000] {dag.py:3834} INFO - Setting next_dagrun for dataset_consumes_1_never_scheduled to None, run_after=None
[2024-04-16T10:21:11.124+0000] {logging_mixin.py:188} INFO - [2024-04-16T10:21:11.124+0000] {dag.py:3834} INFO - Setting next_dagrun for dataset_consumes_unknown_never_scheduled to None, run_after=None
[2024-04-16T10:21:11.128+0000] {logging_mixin.py:188} INFO - [2024-04-16T10:21:11.127+0000] {dag.py:3834} INFO - Setting next_dagrun for dataset_produces_1 to 2024-04-15 00:00:00+00:00, run_after=2024-04-16 00:00:00+00:00
[2024-04-16T10:21:11.130+0000] {logging_mixin.py:188} INFO - [2024-04-16T10:21:11.130+0000] {dag.py:3834} INFO - Setting next_dagrun for dataset_produces_2 to None, run_after=None
[2024-04-16T10:21:11.161+0000] {processor.py:183} INFO - Processing /home/airflow/.local/lib/python3.8/site-packages/airflow/example_dags/example_datasets.py took 0.130 seconds
[2024-04-16T10:21:41.430+0000] {processor.py:161} INFO - Started process (PID=1309) to work on /home/airflow/.local/lib/python3.8/site-packages/airflow/example_dags/example_datasets.py
[2024-04-16T10:21:41.432+0000] {processor.py:830} INFO - Processing file /home/airflow/.local/lib/python3.8/site-packages/airflow/example_dags/example_datasets.py for tasks to queue
[2024-04-16T10:21:41.435+0000] {logging_mixin.py:188} INFO - [2024-04-16T10:21:41.434+0000] {dagbag.py:540} INFO - Filling up the DagBag from /home/airflow/.local/lib/python3.8/site-packages/airflow/example_dags/example_datasets.py
[2024-04-16T10:21:41.448+0000] {processor.py:840} INFO - DAG(s) 'dataset_produces_1', 'dataset_produces_2', 'dataset_consumes_1', 'dataset_consumes_1_and_2', 'dataset_consumes_1_never_scheduled', 'dataset_consumes_unknown_never_scheduled' retrieved from /home/airflow/.local/lib/python3.8/site-packages/airflow/example_dags/example_datasets.py
[2024-04-16T10:21:41.503+0000] {logging_mixin.py:188} INFO - [2024-04-16T10:21:41.503+0000] {dag.py:3047} INFO - Sync 6 DAGs
[2024-04-16T10:21:41.535+0000] {logging_mixin.py:188} INFO - [2024-04-16T10:21:41.534+0000] {dag.py:3834} INFO - Setting next_dagrun for dataset_consumes_1 to None, run_after=None
[2024-04-16T10:21:41.539+0000] {logging_mixin.py:188} INFO - [2024-04-16T10:21:41.539+0000] {dag.py:3834} INFO - Setting next_dagrun for dataset_consumes_1_and_2 to None, run_after=None
[2024-04-16T10:21:41.543+0000] {logging_mixin.py:188} INFO - [2024-04-16T10:21:41.542+0000] {dag.py:3834} INFO - Setting next_dagrun for dataset_consumes_1_never_scheduled to None, run_after=None
[2024-04-16T10:21:41.546+0000] {logging_mixin.py:188} INFO - [2024-04-16T10:21:41.546+0000] {dag.py:3834} INFO - Setting next_dagrun for dataset_consumes_unknown_never_scheduled to None, run_after=None
[2024-04-16T10:21:41.551+0000] {logging_mixin.py:188} INFO - [2024-04-16T10:21:41.550+0000] {dag.py:3834} INFO - Setting next_dagrun for dataset_produces_1 to 2024-04-15 00:00:00+00:00, run_after=2024-04-16 00:00:00+00:00
[2024-04-16T10:21:41.554+0000] {logging_mixin.py:188} INFO - [2024-04-16T10:21:41.553+0000] {dag.py:3834} INFO - Setting next_dagrun for dataset_produces_2 to None, run_after=None
[2024-04-16T10:21:41.588+0000] {processor.py:183} INFO - Processing /home/airflow/.local/lib/python3.8/site-packages/airflow/example_dags/example_datasets.py took 0.164 seconds
[2024-04-16T10:22:11.666+0000] {processor.py:161} INFO - Started process (PID=1368) to work on /home/airflow/.local/lib/python3.8/site-packages/airflow/example_dags/example_datasets.py
[2024-04-16T10:22:11.668+0000] {processor.py:830} INFO - Processing file /home/airflow/.local/lib/python3.8/site-packages/airflow/example_dags/example_datasets.py for tasks to queue
[2024-04-16T10:22:11.670+0000] {logging_mixin.py:188} INFO - [2024-04-16T10:22:11.670+0000] {dagbag.py:540} INFO - Filling up the DagBag from /home/airflow/.local/lib/python3.8/site-packages/airflow/example_dags/example_datasets.py
[2024-04-16T10:22:11.679+0000] {processor.py:840} INFO - DAG(s) 'dataset_consumes_1_and_2', 'dataset_produces_2', 'dataset_consumes_unknown_never_scheduled', 'dataset_consumes_1_never_scheduled', 'dataset_consumes_1', 'dataset_produces_1' retrieved from /home/airflow/.local/lib/python3.8/site-packages/airflow/example_dags/example_datasets.py
[2024-04-16T10:22:11.718+0000] {logging_mixin.py:188} INFO - [2024-04-16T10:22:11.717+0000] {dag.py:3047} INFO - Sync 6 DAGs
[2024-04-16T10:22:11.742+0000] {logging_mixin.py:188} INFO - [2024-04-16T10:22:11.742+0000] {dag.py:3834} INFO - Setting next_dagrun for dataset_consumes_1 to None, run_after=None
[2024-04-16T10:22:11.748+0000] {logging_mixin.py:188} INFO - [2024-04-16T10:22:11.747+0000] {dag.py:3834} INFO - Setting next_dagrun for dataset_consumes_1_and_2 to None, run_after=None
[2024-04-16T10:22:11.750+0000] {logging_mixin.py:188} INFO - [2024-04-16T10:22:11.749+0000] {dag.py:3834} INFO - Setting next_dagrun for dataset_consumes_1_never_scheduled to None, run_after=None
[2024-04-16T10:22:11.752+0000] {logging_mixin.py:188} INFO - [2024-04-16T10:22:11.751+0000] {dag.py:3834} INFO - Setting next_dagrun for dataset_consumes_unknown_never_scheduled to None, run_after=None
[2024-04-16T10:22:11.755+0000] {logging_mixin.py:188} INFO - [2024-04-16T10:22:11.755+0000] {dag.py:3834} INFO - Setting next_dagrun for dataset_produces_1 to 2024-04-15 00:00:00+00:00, run_after=2024-04-16 00:00:00+00:00
[2024-04-16T10:22:11.758+0000] {logging_mixin.py:188} INFO - [2024-04-16T10:22:11.758+0000] {dag.py:3834} INFO - Setting next_dagrun for dataset_produces_2 to None, run_after=None
[2024-04-16T10:22:11.794+0000] {processor.py:183} INFO - Processing /home/airflow/.local/lib/python3.8/site-packages/airflow/example_dags/example_datasets.py took 0.131 seconds
[2024-04-16T10:22:42.214+0000] {processor.py:161} INFO - Started process (PID=1427) to work on /home/airflow/.local/lib/python3.8/site-packages/airflow/example_dags/example_datasets.py
[2024-04-16T10:22:42.216+0000] {processor.py:830} INFO - Processing file /home/airflow/.local/lib/python3.8/site-packages/airflow/example_dags/example_datasets.py for tasks to queue
[2024-04-16T10:22:42.220+0000] {logging_mixin.py:188} INFO - [2024-04-16T10:22:42.219+0000] {dagbag.py:540} INFO - Filling up the DagBag from /home/airflow/.local/lib/python3.8/site-packages/airflow/example_dags/example_datasets.py
[2024-04-16T10:22:42.240+0000] {processor.py:840} INFO - DAG(s) 'dataset_consumes_1_never_scheduled', 'dataset_produces_2', 'dataset_consumes_1', 'dataset_produces_1', 'dataset_consumes_1_and_2', 'dataset_consumes_unknown_never_scheduled' retrieved from /home/airflow/.local/lib/python3.8/site-packages/airflow/example_dags/example_datasets.py
[2024-04-16T10:22:42.278+0000] {logging_mixin.py:188} INFO - [2024-04-16T10:22:42.278+0000] {dag.py:3047} INFO - Sync 6 DAGs
[2024-04-16T10:22:42.303+0000] {logging_mixin.py:188} INFO - [2024-04-16T10:22:42.302+0000] {dag.py:3834} INFO - Setting next_dagrun for dataset_consumes_1 to None, run_after=None
[2024-04-16T10:22:42.308+0000] {logging_mixin.py:188} INFO - [2024-04-16T10:22:42.307+0000] {dag.py:3834} INFO - Setting next_dagrun for dataset_consumes_1_and_2 to None, run_after=None
[2024-04-16T10:22:42.310+0000] {logging_mixin.py:188} INFO - [2024-04-16T10:22:42.310+0000] {dag.py:3834} INFO - Setting next_dagrun for dataset_consumes_1_never_scheduled to None, run_after=None
[2024-04-16T10:22:42.312+0000] {logging_mixin.py:188} INFO - [2024-04-16T10:22:42.311+0000] {dag.py:3834} INFO - Setting next_dagrun for dataset_consumes_unknown_never_scheduled to None, run_after=None
[2024-04-16T10:22:42.315+0000] {logging_mixin.py:188} INFO - [2024-04-16T10:22:42.315+0000] {dag.py:3834} INFO - Setting next_dagrun for dataset_produces_1 to 2024-04-15 00:00:00+00:00, run_after=2024-04-16 00:00:00+00:00
[2024-04-16T10:22:42.318+0000] {logging_mixin.py:188} INFO - [2024-04-16T10:22:42.317+0000] {dag.py:3834} INFO - Setting next_dagrun for dataset_produces_2 to None, run_after=None
[2024-04-16T10:22:42.354+0000] {processor.py:183} INFO - Processing /home/airflow/.local/lib/python3.8/site-packages/airflow/example_dags/example_datasets.py took 0.145 seconds
[2024-04-16T10:23:12.856+0000] {processor.py:161} INFO - Started process (PID=1486) to work on /home/airflow/.local/lib/python3.8/site-packages/airflow/example_dags/example_datasets.py
[2024-04-16T10:23:12.857+0000] {processor.py:830} INFO - Processing file /home/airflow/.local/lib/python3.8/site-packages/airflow/example_dags/example_datasets.py for tasks to queue
[2024-04-16T10:23:12.860+0000] {logging_mixin.py:188} INFO - [2024-04-16T10:23:12.860+0000] {dagbag.py:540} INFO - Filling up the DagBag from /home/airflow/.local/lib/python3.8/site-packages/airflow/example_dags/example_datasets.py
[2024-04-16T10:23:12.871+0000] {processor.py:840} INFO - DAG(s) 'dataset_consumes_1_and_2', 'dataset_produces_2', 'dataset_consumes_1', 'dataset_consumes_unknown_never_scheduled', 'dataset_produces_1', 'dataset_consumes_1_never_scheduled' retrieved from /home/airflow/.local/lib/python3.8/site-packages/airflow/example_dags/example_datasets.py
[2024-04-16T10:23:12.917+0000] {logging_mixin.py:188} INFO - [2024-04-16T10:23:12.917+0000] {dag.py:3047} INFO - Sync 6 DAGs
[2024-04-16T10:23:12.941+0000] {logging_mixin.py:188} INFO - [2024-04-16T10:23:12.941+0000] {dag.py:3834} INFO - Setting next_dagrun for dataset_consumes_1 to None, run_after=None
[2024-04-16T10:23:12.947+0000] {logging_mixin.py:188} INFO - [2024-04-16T10:23:12.947+0000] {dag.py:3834} INFO - Setting next_dagrun for dataset_consumes_1_and_2 to None, run_after=None
[2024-04-16T10:23:12.949+0000] {logging_mixin.py:188} INFO - [2024-04-16T10:23:12.949+0000] {dag.py:3834} INFO - Setting next_dagrun for dataset_consumes_1_never_scheduled to None, run_after=None
[2024-04-16T10:23:12.952+0000] {logging_mixin.py:188} INFO - [2024-04-16T10:23:12.951+0000] {dag.py:3834} INFO - Setting next_dagrun for dataset_consumes_unknown_never_scheduled to None, run_after=None
[2024-04-16T10:23:12.955+0000] {logging_mixin.py:188} INFO - [2024-04-16T10:23:12.955+0000] {dag.py:3834} INFO - Setting next_dagrun for dataset_produces_1 to 2024-04-15 00:00:00+00:00, run_after=2024-04-16 00:00:00+00:00
[2024-04-16T10:23:12.957+0000] {logging_mixin.py:188} INFO - [2024-04-16T10:23:12.957+0000] {dag.py:3834} INFO - Setting next_dagrun for dataset_produces_2 to None, run_after=None
[2024-04-16T10:23:12.998+0000] {processor.py:183} INFO - Processing /home/airflow/.local/lib/python3.8/site-packages/airflow/example_dags/example_datasets.py took 0.146 seconds
