[2024-04-16T10:11:06.867+0000] {processor.py:161} INFO - Started process (PID=73) to work on /home/airflow/.local/lib/python3.8/site-packages/airflow/example_dags/example_external_task_marker_dag.py
[2024-04-16T10:11:06.869+0000] {processor.py:830} INFO - Processing file /home/airflow/.local/lib/python3.8/site-packages/airflow/example_dags/example_external_task_marker_dag.py for tasks to queue
[2024-04-16T10:11:06.875+0000] {logging_mixin.py:188} INFO - [2024-04-16T10:11:06.874+0000] {dagbag.py:540} INFO - Filling up the DagBag from /home/airflow/.local/lib/python3.8/site-packages/airflow/example_dags/example_external_task_marker_dag.py
[2024-04-16T10:11:06.906+0000] {processor.py:840} INFO - DAG(s) 'example_external_task_marker_parent', 'example_external_task_marker_child' retrieved from /home/airflow/.local/lib/python3.8/site-packages/airflow/example_dags/example_external_task_marker_dag.py
[2024-04-16T10:11:06.947+0000] {logging_mixin.py:188} INFO - [2024-04-16T10:11:06.946+0000] {dag.py:3047} INFO - Sync 2 DAGs
[2024-04-16T10:11:06.990+0000] {logging_mixin.py:188} INFO - [2024-04-16T10:11:06.989+0000] {dag.py:3834} INFO - Setting next_dagrun for example_external_task_marker_child to None, run_after=None
[2024-04-16T10:11:07.000+0000] {logging_mixin.py:188} INFO - [2024-04-16T10:11:07.000+0000] {dag.py:3834} INFO - Setting next_dagrun for example_external_task_marker_parent to None, run_after=None
[2024-04-16T10:11:07.046+0000] {processor.py:183} INFO - Processing /home/airflow/.local/lib/python3.8/site-packages/airflow/example_dags/example_external_task_marker_dag.py took 0.184 seconds
[2024-04-16T10:11:37.398+0000] {processor.py:161} INFO - Started process (PID=147) to work on /home/airflow/.local/lib/python3.8/site-packages/airflow/example_dags/example_external_task_marker_dag.py
[2024-04-16T10:11:37.400+0000] {processor.py:830} INFO - Processing file /home/airflow/.local/lib/python3.8/site-packages/airflow/example_dags/example_external_task_marker_dag.py for tasks to queue
[2024-04-16T10:11:37.403+0000] {logging_mixin.py:188} INFO - [2024-04-16T10:11:37.402+0000] {dagbag.py:540} INFO - Filling up the DagBag from /home/airflow/.local/lib/python3.8/site-packages/airflow/example_dags/example_external_task_marker_dag.py
[2024-04-16T10:11:37.409+0000] {processor.py:840} INFO - DAG(s) 'example_external_task_marker_parent', 'example_external_task_marker_child' retrieved from /home/airflow/.local/lib/python3.8/site-packages/airflow/example_dags/example_external_task_marker_dag.py
[2024-04-16T10:11:37.511+0000] {logging_mixin.py:188} INFO - [2024-04-16T10:11:37.510+0000] {dag.py:3047} INFO - Sync 2 DAGs
[2024-04-16T10:11:37.520+0000] {logging_mixin.py:188} INFO - [2024-04-16T10:11:37.520+0000] {dag.py:3834} INFO - Setting next_dagrun for example_external_task_marker_child to None, run_after=None
[2024-04-16T10:11:37.524+0000] {logging_mixin.py:188} INFO - [2024-04-16T10:11:37.524+0000] {dag.py:3834} INFO - Setting next_dagrun for example_external_task_marker_parent to None, run_after=None
[2024-04-16T10:11:37.547+0000] {processor.py:183} INFO - Processing /home/airflow/.local/lib/python3.8/site-packages/airflow/example_dags/example_external_task_marker_dag.py took 0.151 seconds
[2024-04-16T10:12:07.651+0000] {processor.py:161} INFO - Started process (PID=206) to work on /home/airflow/.local/lib/python3.8/site-packages/airflow/example_dags/example_external_task_marker_dag.py
[2024-04-16T10:12:07.652+0000] {processor.py:830} INFO - Processing file /home/airflow/.local/lib/python3.8/site-packages/airflow/example_dags/example_external_task_marker_dag.py for tasks to queue
[2024-04-16T10:12:07.655+0000] {logging_mixin.py:188} INFO - [2024-04-16T10:12:07.655+0000] {dagbag.py:540} INFO - Filling up the DagBag from /home/airflow/.local/lib/python3.8/site-packages/airflow/example_dags/example_external_task_marker_dag.py
[2024-04-16T10:12:07.661+0000] {processor.py:840} INFO - DAG(s) 'example_external_task_marker_child', 'example_external_task_marker_parent' retrieved from /home/airflow/.local/lib/python3.8/site-packages/airflow/example_dags/example_external_task_marker_dag.py
[2024-04-16T10:12:07.686+0000] {logging_mixin.py:188} INFO - [2024-04-16T10:12:07.686+0000] {dag.py:3047} INFO - Sync 2 DAGs
[2024-04-16T10:12:07.698+0000] {logging_mixin.py:188} INFO - [2024-04-16T10:12:07.698+0000] {dag.py:3834} INFO - Setting next_dagrun for example_external_task_marker_child to None, run_after=None
[2024-04-16T10:12:07.704+0000] {logging_mixin.py:188} INFO - [2024-04-16T10:12:07.704+0000] {dag.py:3834} INFO - Setting next_dagrun for example_external_task_marker_parent to None, run_after=None
[2024-04-16T10:12:07.736+0000] {processor.py:183} INFO - Processing /home/airflow/.local/lib/python3.8/site-packages/airflow/example_dags/example_external_task_marker_dag.py took 0.088 seconds
[2024-04-16T10:12:38.217+0000] {processor.py:161} INFO - Started process (PID=265) to work on /home/airflow/.local/lib/python3.8/site-packages/airflow/example_dags/example_external_task_marker_dag.py
[2024-04-16T10:12:38.219+0000] {processor.py:830} INFO - Processing file /home/airflow/.local/lib/python3.8/site-packages/airflow/example_dags/example_external_task_marker_dag.py for tasks to queue
[2024-04-16T10:12:38.221+0000] {logging_mixin.py:188} INFO - [2024-04-16T10:12:38.221+0000] {dagbag.py:540} INFO - Filling up the DagBag from /home/airflow/.local/lib/python3.8/site-packages/airflow/example_dags/example_external_task_marker_dag.py
[2024-04-16T10:12:38.229+0000] {processor.py:840} INFO - DAG(s) 'example_external_task_marker_parent', 'example_external_task_marker_child' retrieved from /home/airflow/.local/lib/python3.8/site-packages/airflow/example_dags/example_external_task_marker_dag.py
[2024-04-16T10:12:38.262+0000] {logging_mixin.py:188} INFO - [2024-04-16T10:12:38.262+0000] {dag.py:3047} INFO - Sync 2 DAGs
[2024-04-16T10:12:38.277+0000] {logging_mixin.py:188} INFO - [2024-04-16T10:12:38.276+0000] {dag.py:3834} INFO - Setting next_dagrun for example_external_task_marker_child to None, run_after=None
[2024-04-16T10:12:38.282+0000] {logging_mixin.py:188} INFO - [2024-04-16T10:12:38.282+0000] {dag.py:3834} INFO - Setting next_dagrun for example_external_task_marker_parent to None, run_after=None
[2024-04-16T10:12:38.308+0000] {processor.py:183} INFO - Processing /home/airflow/.local/lib/python3.8/site-packages/airflow/example_dags/example_external_task_marker_dag.py took 0.095 seconds
[2024-04-16T10:13:08.352+0000] {processor.py:161} INFO - Started process (PID=324) to work on /home/airflow/.local/lib/python3.8/site-packages/airflow/example_dags/example_external_task_marker_dag.py
[2024-04-16T10:13:08.353+0000] {processor.py:830} INFO - Processing file /home/airflow/.local/lib/python3.8/site-packages/airflow/example_dags/example_external_task_marker_dag.py for tasks to queue
[2024-04-16T10:13:08.355+0000] {logging_mixin.py:188} INFO - [2024-04-16T10:13:08.355+0000] {dagbag.py:540} INFO - Filling up the DagBag from /home/airflow/.local/lib/python3.8/site-packages/airflow/example_dags/example_external_task_marker_dag.py
[2024-04-16T10:13:08.360+0000] {processor.py:840} INFO - DAG(s) 'example_external_task_marker_parent', 'example_external_task_marker_child' retrieved from /home/airflow/.local/lib/python3.8/site-packages/airflow/example_dags/example_external_task_marker_dag.py
[2024-04-16T10:13:08.383+0000] {logging_mixin.py:188} INFO - [2024-04-16T10:13:08.382+0000] {dag.py:3047} INFO - Sync 2 DAGs
[2024-04-16T10:13:08.397+0000] {logging_mixin.py:188} INFO - [2024-04-16T10:13:08.396+0000] {dag.py:3834} INFO - Setting next_dagrun for example_external_task_marker_child to None, run_after=None
[2024-04-16T10:13:08.401+0000] {logging_mixin.py:188} INFO - [2024-04-16T10:13:08.401+0000] {dag.py:3834} INFO - Setting next_dagrun for example_external_task_marker_parent to None, run_after=None
[2024-04-16T10:13:08.418+0000] {processor.py:183} INFO - Processing /home/airflow/.local/lib/python3.8/site-packages/airflow/example_dags/example_external_task_marker_dag.py took 0.068 seconds
[2024-04-16T10:13:38.470+0000] {processor.py:161} INFO - Started process (PID=382) to work on /home/airflow/.local/lib/python3.8/site-packages/airflow/example_dags/example_external_task_marker_dag.py
[2024-04-16T10:13:38.471+0000] {processor.py:830} INFO - Processing file /home/airflow/.local/lib/python3.8/site-packages/airflow/example_dags/example_external_task_marker_dag.py for tasks to queue
[2024-04-16T10:13:38.473+0000] {logging_mixin.py:188} INFO - [2024-04-16T10:13:38.473+0000] {dagbag.py:540} INFO - Filling up the DagBag from /home/airflow/.local/lib/python3.8/site-packages/airflow/example_dags/example_external_task_marker_dag.py
[2024-04-16T10:13:38.479+0000] {processor.py:840} INFO - DAG(s) 'example_external_task_marker_parent', 'example_external_task_marker_child' retrieved from /home/airflow/.local/lib/python3.8/site-packages/airflow/example_dags/example_external_task_marker_dag.py
[2024-04-16T10:13:38.501+0000] {logging_mixin.py:188} INFO - [2024-04-16T10:13:38.501+0000] {dag.py:3047} INFO - Sync 2 DAGs
[2024-04-16T10:13:38.514+0000] {logging_mixin.py:188} INFO - [2024-04-16T10:13:38.513+0000] {dag.py:3834} INFO - Setting next_dagrun for example_external_task_marker_child to None, run_after=None
[2024-04-16T10:13:38.517+0000] {logging_mixin.py:188} INFO - [2024-04-16T10:13:38.517+0000] {dag.py:3834} INFO - Setting next_dagrun for example_external_task_marker_parent to None, run_after=None
[2024-04-16T10:13:38.534+0000] {processor.py:183} INFO - Processing /home/airflow/.local/lib/python3.8/site-packages/airflow/example_dags/example_external_task_marker_dag.py took 0.066 seconds
[2024-04-16T10:14:08.810+0000] {processor.py:161} INFO - Started process (PID=441) to work on /home/airflow/.local/lib/python3.8/site-packages/airflow/example_dags/example_external_task_marker_dag.py
[2024-04-16T10:14:08.811+0000] {processor.py:830} INFO - Processing file /home/airflow/.local/lib/python3.8/site-packages/airflow/example_dags/example_external_task_marker_dag.py for tasks to queue
[2024-04-16T10:14:08.814+0000] {logging_mixin.py:188} INFO - [2024-04-16T10:14:08.813+0000] {dagbag.py:540} INFO - Filling up the DagBag from /home/airflow/.local/lib/python3.8/site-packages/airflow/example_dags/example_external_task_marker_dag.py
[2024-04-16T10:14:08.821+0000] {processor.py:840} INFO - DAG(s) 'example_external_task_marker_child', 'example_external_task_marker_parent' retrieved from /home/airflow/.local/lib/python3.8/site-packages/airflow/example_dags/example_external_task_marker_dag.py
[2024-04-16T10:14:08.847+0000] {logging_mixin.py:188} INFO - [2024-04-16T10:14:08.847+0000] {dag.py:3047} INFO - Sync 2 DAGs
[2024-04-16T10:14:08.859+0000] {logging_mixin.py:188} INFO - [2024-04-16T10:14:08.859+0000] {dag.py:3834} INFO - Setting next_dagrun for example_external_task_marker_child to None, run_after=None
[2024-04-16T10:14:08.864+0000] {logging_mixin.py:188} INFO - [2024-04-16T10:14:08.864+0000] {dag.py:3834} INFO - Setting next_dagrun for example_external_task_marker_parent to None, run_after=None
[2024-04-16T10:14:08.894+0000] {processor.py:183} INFO - Processing /home/airflow/.local/lib/python3.8/site-packages/airflow/example_dags/example_external_task_marker_dag.py took 0.088 seconds
[2024-04-16T10:14:39.676+0000] {processor.py:161} INFO - Started process (PID=500) to work on /home/airflow/.local/lib/python3.8/site-packages/airflow/example_dags/example_external_task_marker_dag.py
[2024-04-16T10:14:39.677+0000] {processor.py:830} INFO - Processing file /home/airflow/.local/lib/python3.8/site-packages/airflow/example_dags/example_external_task_marker_dag.py for tasks to queue
[2024-04-16T10:14:39.679+0000] {logging_mixin.py:188} INFO - [2024-04-16T10:14:39.679+0000] {dagbag.py:540} INFO - Filling up the DagBag from /home/airflow/.local/lib/python3.8/site-packages/airflow/example_dags/example_external_task_marker_dag.py
[2024-04-16T10:14:39.686+0000] {processor.py:840} INFO - DAG(s) 'example_external_task_marker_parent', 'example_external_task_marker_child' retrieved from /home/airflow/.local/lib/python3.8/site-packages/airflow/example_dags/example_external_task_marker_dag.py
[2024-04-16T10:14:39.710+0000] {logging_mixin.py:188} INFO - [2024-04-16T10:14:39.710+0000] {dag.py:3047} INFO - Sync 2 DAGs
[2024-04-16T10:14:39.726+0000] {logging_mixin.py:188} INFO - [2024-04-16T10:14:39.726+0000] {dag.py:3834} INFO - Setting next_dagrun for example_external_task_marker_child to None, run_after=None
[2024-04-16T10:14:39.731+0000] {logging_mixin.py:188} INFO - [2024-04-16T10:14:39.730+0000] {dag.py:3834} INFO - Setting next_dagrun for example_external_task_marker_parent to None, run_after=None
[2024-04-16T10:14:39.756+0000] {processor.py:183} INFO - Processing /home/airflow/.local/lib/python3.8/site-packages/airflow/example_dags/example_external_task_marker_dag.py took 0.083 seconds
[2024-04-16T10:15:10.184+0000] {processor.py:161} INFO - Started process (PID=560) to work on /home/airflow/.local/lib/python3.8/site-packages/airflow/example_dags/example_external_task_marker_dag.py
[2024-04-16T10:15:10.186+0000] {processor.py:830} INFO - Processing file /home/airflow/.local/lib/python3.8/site-packages/airflow/example_dags/example_external_task_marker_dag.py for tasks to queue
[2024-04-16T10:15:10.189+0000] {logging_mixin.py:188} INFO - [2024-04-16T10:15:10.189+0000] {dagbag.py:540} INFO - Filling up the DagBag from /home/airflow/.local/lib/python3.8/site-packages/airflow/example_dags/example_external_task_marker_dag.py
[2024-04-16T10:15:10.196+0000] {processor.py:840} INFO - DAG(s) 'example_external_task_marker_child', 'example_external_task_marker_parent' retrieved from /home/airflow/.local/lib/python3.8/site-packages/airflow/example_dags/example_external_task_marker_dag.py
[2024-04-16T10:15:10.225+0000] {logging_mixin.py:188} INFO - [2024-04-16T10:15:10.225+0000] {dag.py:3047} INFO - Sync 2 DAGs
[2024-04-16T10:15:10.243+0000] {logging_mixin.py:188} INFO - [2024-04-16T10:15:10.243+0000] {dag.py:3834} INFO - Setting next_dagrun for example_external_task_marker_child to None, run_after=None
[2024-04-16T10:15:10.249+0000] {logging_mixin.py:188} INFO - [2024-04-16T10:15:10.248+0000] {dag.py:3834} INFO - Setting next_dagrun for example_external_task_marker_parent to None, run_after=None
[2024-04-16T10:15:10.278+0000] {processor.py:183} INFO - Processing /home/airflow/.local/lib/python3.8/site-packages/airflow/example_dags/example_external_task_marker_dag.py took 0.098 seconds
[2024-04-16T10:15:40.407+0000] {processor.py:161} INFO - Started process (PID=619) to work on /home/airflow/.local/lib/python3.8/site-packages/airflow/example_dags/example_external_task_marker_dag.py
[2024-04-16T10:15:40.408+0000] {processor.py:830} INFO - Processing file /home/airflow/.local/lib/python3.8/site-packages/airflow/example_dags/example_external_task_marker_dag.py for tasks to queue
[2024-04-16T10:15:40.410+0000] {logging_mixin.py:188} INFO - [2024-04-16T10:15:40.410+0000] {dagbag.py:540} INFO - Filling up the DagBag from /home/airflow/.local/lib/python3.8/site-packages/airflow/example_dags/example_external_task_marker_dag.py
[2024-04-16T10:15:40.416+0000] {processor.py:840} INFO - DAG(s) 'example_external_task_marker_child', 'example_external_task_marker_parent' retrieved from /home/airflow/.local/lib/python3.8/site-packages/airflow/example_dags/example_external_task_marker_dag.py
[2024-04-16T10:15:40.438+0000] {logging_mixin.py:188} INFO - [2024-04-16T10:15:40.438+0000] {dag.py:3047} INFO - Sync 2 DAGs
[2024-04-16T10:15:40.451+0000] {logging_mixin.py:188} INFO - [2024-04-16T10:15:40.450+0000] {dag.py:3834} INFO - Setting next_dagrun for example_external_task_marker_child to None, run_after=None
[2024-04-16T10:15:40.454+0000] {logging_mixin.py:188} INFO - [2024-04-16T10:15:40.454+0000] {dag.py:3834} INFO - Setting next_dagrun for example_external_task_marker_parent to None, run_after=None
[2024-04-16T10:15:40.472+0000] {processor.py:183} INFO - Processing /home/airflow/.local/lib/python3.8/site-packages/airflow/example_dags/example_external_task_marker_dag.py took 0.068 seconds
[2024-04-16T10:16:10.839+0000] {processor.py:161} INFO - Started process (PID=678) to work on /home/airflow/.local/lib/python3.8/site-packages/airflow/example_dags/example_external_task_marker_dag.py
[2024-04-16T10:16:10.841+0000] {processor.py:830} INFO - Processing file /home/airflow/.local/lib/python3.8/site-packages/airflow/example_dags/example_external_task_marker_dag.py for tasks to queue
[2024-04-16T10:16:10.843+0000] {logging_mixin.py:188} INFO - [2024-04-16T10:16:10.843+0000] {dagbag.py:540} INFO - Filling up the DagBag from /home/airflow/.local/lib/python3.8/site-packages/airflow/example_dags/example_external_task_marker_dag.py
[2024-04-16T10:16:10.851+0000] {processor.py:840} INFO - DAG(s) 'example_external_task_marker_child', 'example_external_task_marker_parent' retrieved from /home/airflow/.local/lib/python3.8/site-packages/airflow/example_dags/example_external_task_marker_dag.py
[2024-04-16T10:16:10.884+0000] {logging_mixin.py:188} INFO - [2024-04-16T10:16:10.884+0000] {dag.py:3047} INFO - Sync 2 DAGs
[2024-04-16T10:16:10.903+0000] {logging_mixin.py:188} INFO - [2024-04-16T10:16:10.902+0000] {dag.py:3834} INFO - Setting next_dagrun for example_external_task_marker_child to None, run_after=None
[2024-04-16T10:16:10.910+0000] {logging_mixin.py:188} INFO - [2024-04-16T10:16:10.909+0000] {dag.py:3834} INFO - Setting next_dagrun for example_external_task_marker_parent to None, run_after=None
[2024-04-16T10:16:10.944+0000] {processor.py:183} INFO - Processing /home/airflow/.local/lib/python3.8/site-packages/airflow/example_dags/example_external_task_marker_dag.py took 0.109 seconds
[2024-04-16T10:16:41.313+0000] {processor.py:161} INFO - Started process (PID=737) to work on /home/airflow/.local/lib/python3.8/site-packages/airflow/example_dags/example_external_task_marker_dag.py
[2024-04-16T10:16:41.315+0000] {processor.py:830} INFO - Processing file /home/airflow/.local/lib/python3.8/site-packages/airflow/example_dags/example_external_task_marker_dag.py for tasks to queue
[2024-04-16T10:16:41.318+0000] {logging_mixin.py:188} INFO - [2024-04-16T10:16:41.317+0000] {dagbag.py:540} INFO - Filling up the DagBag from /home/airflow/.local/lib/python3.8/site-packages/airflow/example_dags/example_external_task_marker_dag.py
[2024-04-16T10:16:41.325+0000] {processor.py:840} INFO - DAG(s) 'example_external_task_marker_parent', 'example_external_task_marker_child' retrieved from /home/airflow/.local/lib/python3.8/site-packages/airflow/example_dags/example_external_task_marker_dag.py
[2024-04-16T10:16:41.357+0000] {logging_mixin.py:188} INFO - [2024-04-16T10:16:41.357+0000] {dag.py:3047} INFO - Sync 2 DAGs
[2024-04-16T10:16:41.378+0000] {logging_mixin.py:188} INFO - [2024-04-16T10:16:41.378+0000] {dag.py:3834} INFO - Setting next_dagrun for example_external_task_marker_child to None, run_after=None
[2024-04-16T10:16:41.385+0000] {logging_mixin.py:188} INFO - [2024-04-16T10:16:41.384+0000] {dag.py:3834} INFO - Setting next_dagrun for example_external_task_marker_parent to None, run_after=None
[2024-04-16T10:16:41.411+0000] {processor.py:183} INFO - Processing /home/airflow/.local/lib/python3.8/site-packages/airflow/example_dags/example_external_task_marker_dag.py took 0.102 seconds
[2024-04-16T10:17:11.652+0000] {processor.py:161} INFO - Started process (PID=796) to work on /home/airflow/.local/lib/python3.8/site-packages/airflow/example_dags/example_external_task_marker_dag.py
[2024-04-16T10:17:11.654+0000] {processor.py:830} INFO - Processing file /home/airflow/.local/lib/python3.8/site-packages/airflow/example_dags/example_external_task_marker_dag.py for tasks to queue
[2024-04-16T10:17:11.656+0000] {logging_mixin.py:188} INFO - [2024-04-16T10:17:11.656+0000] {dagbag.py:540} INFO - Filling up the DagBag from /home/airflow/.local/lib/python3.8/site-packages/airflow/example_dags/example_external_task_marker_dag.py
[2024-04-16T10:17:11.662+0000] {processor.py:840} INFO - DAG(s) 'example_external_task_marker_parent', 'example_external_task_marker_child' retrieved from /home/airflow/.local/lib/python3.8/site-packages/airflow/example_dags/example_external_task_marker_dag.py
[2024-04-16T10:17:11.688+0000] {logging_mixin.py:188} INFO - [2024-04-16T10:17:11.688+0000] {dag.py:3047} INFO - Sync 2 DAGs
[2024-04-16T10:17:11.701+0000] {logging_mixin.py:188} INFO - [2024-04-16T10:17:11.701+0000] {dag.py:3834} INFO - Setting next_dagrun for example_external_task_marker_child to None, run_after=None
[2024-04-16T10:17:11.706+0000] {logging_mixin.py:188} INFO - [2024-04-16T10:17:11.706+0000] {dag.py:3834} INFO - Setting next_dagrun for example_external_task_marker_parent to None, run_after=None
[2024-04-16T10:17:11.726+0000] {processor.py:183} INFO - Processing /home/airflow/.local/lib/python3.8/site-packages/airflow/example_dags/example_external_task_marker_dag.py took 0.077 seconds
[2024-04-16T10:17:41.806+0000] {processor.py:161} INFO - Started process (PID=855) to work on /home/airflow/.local/lib/python3.8/site-packages/airflow/example_dags/example_external_task_marker_dag.py
[2024-04-16T10:17:41.807+0000] {processor.py:830} INFO - Processing file /home/airflow/.local/lib/python3.8/site-packages/airflow/example_dags/example_external_task_marker_dag.py for tasks to queue
[2024-04-16T10:17:41.810+0000] {logging_mixin.py:188} INFO - [2024-04-16T10:17:41.809+0000] {dagbag.py:540} INFO - Filling up the DagBag from /home/airflow/.local/lib/python3.8/site-packages/airflow/example_dags/example_external_task_marker_dag.py
[2024-04-16T10:17:41.817+0000] {processor.py:840} INFO - DAG(s) 'example_external_task_marker_parent', 'example_external_task_marker_child' retrieved from /home/airflow/.local/lib/python3.8/site-packages/airflow/example_dags/example_external_task_marker_dag.py
[2024-04-16T10:17:41.847+0000] {logging_mixin.py:188} INFO - [2024-04-16T10:17:41.847+0000] {dag.py:3047} INFO - Sync 2 DAGs
[2024-04-16T10:17:41.865+0000] {logging_mixin.py:188} INFO - [2024-04-16T10:17:41.865+0000] {dag.py:3834} INFO - Setting next_dagrun for example_external_task_marker_child to None, run_after=None
[2024-04-16T10:17:41.870+0000] {logging_mixin.py:188} INFO - [2024-04-16T10:17:41.869+0000] {dag.py:3834} INFO - Setting next_dagrun for example_external_task_marker_parent to None, run_after=None
[2024-04-16T10:17:41.893+0000] {processor.py:183} INFO - Processing /home/airflow/.local/lib/python3.8/site-packages/airflow/example_dags/example_external_task_marker_dag.py took 0.092 seconds
[2024-04-16T10:18:12.001+0000] {processor.py:161} INFO - Started process (PID=914) to work on /home/airflow/.local/lib/python3.8/site-packages/airflow/example_dags/example_external_task_marker_dag.py
[2024-04-16T10:18:12.003+0000] {processor.py:830} INFO - Processing file /home/airflow/.local/lib/python3.8/site-packages/airflow/example_dags/example_external_task_marker_dag.py for tasks to queue
[2024-04-16T10:18:12.006+0000] {logging_mixin.py:188} INFO - [2024-04-16T10:18:12.006+0000] {dagbag.py:540} INFO - Filling up the DagBag from /home/airflow/.local/lib/python3.8/site-packages/airflow/example_dags/example_external_task_marker_dag.py
[2024-04-16T10:18:12.014+0000] {processor.py:840} INFO - DAG(s) 'example_external_task_marker_parent', 'example_external_task_marker_child' retrieved from /home/airflow/.local/lib/python3.8/site-packages/airflow/example_dags/example_external_task_marker_dag.py
[2024-04-16T10:18:12.040+0000] {logging_mixin.py:188} INFO - [2024-04-16T10:18:12.040+0000] {dag.py:3047} INFO - Sync 2 DAGs
[2024-04-16T10:18:12.052+0000] {logging_mixin.py:188} INFO - [2024-04-16T10:18:12.052+0000] {dag.py:3834} INFO - Setting next_dagrun for example_external_task_marker_child to None, run_after=None
[2024-04-16T10:18:12.056+0000] {logging_mixin.py:188} INFO - [2024-04-16T10:18:12.056+0000] {dag.py:3834} INFO - Setting next_dagrun for example_external_task_marker_parent to None, run_after=None
[2024-04-16T10:18:12.077+0000] {processor.py:183} INFO - Processing /home/airflow/.local/lib/python3.8/site-packages/airflow/example_dags/example_external_task_marker_dag.py took 0.082 seconds
[2024-04-16T10:18:42.260+0000] {processor.py:161} INFO - Started process (PID=973) to work on /home/airflow/.local/lib/python3.8/site-packages/airflow/example_dags/example_external_task_marker_dag.py
[2024-04-16T10:18:42.261+0000] {processor.py:830} INFO - Processing file /home/airflow/.local/lib/python3.8/site-packages/airflow/example_dags/example_external_task_marker_dag.py for tasks to queue
[2024-04-16T10:18:42.264+0000] {logging_mixin.py:188} INFO - [2024-04-16T10:18:42.264+0000] {dagbag.py:540} INFO - Filling up the DagBag from /home/airflow/.local/lib/python3.8/site-packages/airflow/example_dags/example_external_task_marker_dag.py
[2024-04-16T10:18:42.271+0000] {processor.py:840} INFO - DAG(s) 'example_external_task_marker_parent', 'example_external_task_marker_child' retrieved from /home/airflow/.local/lib/python3.8/site-packages/airflow/example_dags/example_external_task_marker_dag.py
[2024-04-16T10:18:42.296+0000] {logging_mixin.py:188} INFO - [2024-04-16T10:18:42.296+0000] {dag.py:3047} INFO - Sync 2 DAGs
[2024-04-16T10:18:42.311+0000] {logging_mixin.py:188} INFO - [2024-04-16T10:18:42.310+0000] {dag.py:3834} INFO - Setting next_dagrun for example_external_task_marker_child to None, run_after=None
[2024-04-16T10:18:42.316+0000] {logging_mixin.py:188} INFO - [2024-04-16T10:18:42.315+0000] {dag.py:3834} INFO - Setting next_dagrun for example_external_task_marker_parent to None, run_after=None
[2024-04-16T10:18:42.335+0000] {processor.py:183} INFO - Processing /home/airflow/.local/lib/python3.8/site-packages/airflow/example_dags/example_external_task_marker_dag.py took 0.079 seconds
[2024-04-16T10:19:12.600+0000] {processor.py:161} INFO - Started process (PID=1032) to work on /home/airflow/.local/lib/python3.8/site-packages/airflow/example_dags/example_external_task_marker_dag.py
[2024-04-16T10:19:12.602+0000] {processor.py:830} INFO - Processing file /home/airflow/.local/lib/python3.8/site-packages/airflow/example_dags/example_external_task_marker_dag.py for tasks to queue
[2024-04-16T10:19:12.604+0000] {logging_mixin.py:188} INFO - [2024-04-16T10:19:12.604+0000] {dagbag.py:540} INFO - Filling up the DagBag from /home/airflow/.local/lib/python3.8/site-packages/airflow/example_dags/example_external_task_marker_dag.py
[2024-04-16T10:19:12.610+0000] {processor.py:840} INFO - DAG(s) 'example_external_task_marker_child', 'example_external_task_marker_parent' retrieved from /home/airflow/.local/lib/python3.8/site-packages/airflow/example_dags/example_external_task_marker_dag.py
[2024-04-16T10:19:12.637+0000] {logging_mixin.py:188} INFO - [2024-04-16T10:19:12.637+0000] {dag.py:3047} INFO - Sync 2 DAGs
[2024-04-16T10:19:12.649+0000] {logging_mixin.py:188} INFO - [2024-04-16T10:19:12.649+0000] {dag.py:3834} INFO - Setting next_dagrun for example_external_task_marker_child to None, run_after=None
[2024-04-16T10:19:12.653+0000] {logging_mixin.py:188} INFO - [2024-04-16T10:19:12.652+0000] {dag.py:3834} INFO - Setting next_dagrun for example_external_task_marker_parent to None, run_after=None
[2024-04-16T10:19:12.669+0000] {processor.py:183} INFO - Processing /home/airflow/.local/lib/python3.8/site-packages/airflow/example_dags/example_external_task_marker_dag.py took 0.071 seconds
[2024-04-16T10:19:42.805+0000] {processor.py:161} INFO - Started process (PID=1091) to work on /home/airflow/.local/lib/python3.8/site-packages/airflow/example_dags/example_external_task_marker_dag.py
[2024-04-16T10:19:42.806+0000] {processor.py:830} INFO - Processing file /home/airflow/.local/lib/python3.8/site-packages/airflow/example_dags/example_external_task_marker_dag.py for tasks to queue
[2024-04-16T10:19:42.808+0000] {logging_mixin.py:188} INFO - [2024-04-16T10:19:42.808+0000] {dagbag.py:540} INFO - Filling up the DagBag from /home/airflow/.local/lib/python3.8/site-packages/airflow/example_dags/example_external_task_marker_dag.py
[2024-04-16T10:19:42.813+0000] {processor.py:840} INFO - DAG(s) 'example_external_task_marker_parent', 'example_external_task_marker_child' retrieved from /home/airflow/.local/lib/python3.8/site-packages/airflow/example_dags/example_external_task_marker_dag.py
[2024-04-16T10:19:42.836+0000] {logging_mixin.py:188} INFO - [2024-04-16T10:19:42.836+0000] {dag.py:3047} INFO - Sync 2 DAGs
[2024-04-16T10:19:42.849+0000] {logging_mixin.py:188} INFO - [2024-04-16T10:19:42.848+0000] {dag.py:3834} INFO - Setting next_dagrun for example_external_task_marker_child to None, run_after=None
[2024-04-16T10:19:42.854+0000] {logging_mixin.py:188} INFO - [2024-04-16T10:19:42.854+0000] {dag.py:3834} INFO - Setting next_dagrun for example_external_task_marker_parent to None, run_after=None
[2024-04-16T10:19:42.870+0000] {processor.py:183} INFO - Processing /home/airflow/.local/lib/python3.8/site-packages/airflow/example_dags/example_external_task_marker_dag.py took 0.069 seconds
[2024-04-16T10:20:13.259+0000] {processor.py:161} INFO - Started process (PID=1150) to work on /home/airflow/.local/lib/python3.8/site-packages/airflow/example_dags/example_external_task_marker_dag.py
[2024-04-16T10:20:13.260+0000] {processor.py:830} INFO - Processing file /home/airflow/.local/lib/python3.8/site-packages/airflow/example_dags/example_external_task_marker_dag.py for tasks to queue
[2024-04-16T10:20:13.262+0000] {logging_mixin.py:188} INFO - [2024-04-16T10:20:13.262+0000] {dagbag.py:540} INFO - Filling up the DagBag from /home/airflow/.local/lib/python3.8/site-packages/airflow/example_dags/example_external_task_marker_dag.py
[2024-04-16T10:20:13.269+0000] {processor.py:840} INFO - DAG(s) 'example_external_task_marker_child', 'example_external_task_marker_parent' retrieved from /home/airflow/.local/lib/python3.8/site-packages/airflow/example_dags/example_external_task_marker_dag.py
[2024-04-16T10:20:13.294+0000] {logging_mixin.py:188} INFO - [2024-04-16T10:20:13.294+0000] {dag.py:3047} INFO - Sync 2 DAGs
[2024-04-16T10:20:13.307+0000] {logging_mixin.py:188} INFO - [2024-04-16T10:20:13.306+0000] {dag.py:3834} INFO - Setting next_dagrun for example_external_task_marker_child to None, run_after=None
[2024-04-16T10:20:13.311+0000] {logging_mixin.py:188} INFO - [2024-04-16T10:20:13.311+0000] {dag.py:3834} INFO - Setting next_dagrun for example_external_task_marker_parent to None, run_after=None
[2024-04-16T10:20:13.332+0000] {processor.py:183} INFO - Processing /home/airflow/.local/lib/python3.8/site-packages/airflow/example_dags/example_external_task_marker_dag.py took 0.076 seconds
[2024-04-16T10:20:43.597+0000] {processor.py:161} INFO - Started process (PID=1209) to work on /home/airflow/.local/lib/python3.8/site-packages/airflow/example_dags/example_external_task_marker_dag.py
[2024-04-16T10:20:43.598+0000] {processor.py:830} INFO - Processing file /home/airflow/.local/lib/python3.8/site-packages/airflow/example_dags/example_external_task_marker_dag.py for tasks to queue
[2024-04-16T10:20:43.600+0000] {logging_mixin.py:188} INFO - [2024-04-16T10:20:43.600+0000] {dagbag.py:540} INFO - Filling up the DagBag from /home/airflow/.local/lib/python3.8/site-packages/airflow/example_dags/example_external_task_marker_dag.py
[2024-04-16T10:20:43.606+0000] {processor.py:840} INFO - DAG(s) 'example_external_task_marker_parent', 'example_external_task_marker_child' retrieved from /home/airflow/.local/lib/python3.8/site-packages/airflow/example_dags/example_external_task_marker_dag.py
[2024-04-16T10:20:43.636+0000] {logging_mixin.py:188} INFO - [2024-04-16T10:20:43.636+0000] {dag.py:3047} INFO - Sync 2 DAGs
[2024-04-16T10:20:43.651+0000] {logging_mixin.py:188} INFO - [2024-04-16T10:20:43.650+0000] {dag.py:3834} INFO - Setting next_dagrun for example_external_task_marker_child to None, run_after=None
[2024-04-16T10:20:43.655+0000] {logging_mixin.py:188} INFO - [2024-04-16T10:20:43.655+0000] {dag.py:3834} INFO - Setting next_dagrun for example_external_task_marker_parent to None, run_after=None
[2024-04-16T10:20:43.676+0000] {processor.py:183} INFO - Processing /home/airflow/.local/lib/python3.8/site-packages/airflow/example_dags/example_external_task_marker_dag.py took 0.082 seconds
[2024-04-16T10:21:14.098+0000] {processor.py:161} INFO - Started process (PID=1268) to work on /home/airflow/.local/lib/python3.8/site-packages/airflow/example_dags/example_external_task_marker_dag.py
[2024-04-16T10:21:14.100+0000] {processor.py:830} INFO - Processing file /home/airflow/.local/lib/python3.8/site-packages/airflow/example_dags/example_external_task_marker_dag.py for tasks to queue
[2024-04-16T10:21:14.102+0000] {logging_mixin.py:188} INFO - [2024-04-16T10:21:14.102+0000] {dagbag.py:540} INFO - Filling up the DagBag from /home/airflow/.local/lib/python3.8/site-packages/airflow/example_dags/example_external_task_marker_dag.py
[2024-04-16T10:21:14.111+0000] {processor.py:840} INFO - DAG(s) 'example_external_task_marker_child', 'example_external_task_marker_parent' retrieved from /home/airflow/.local/lib/python3.8/site-packages/airflow/example_dags/example_external_task_marker_dag.py
[2024-04-16T10:21:14.140+0000] {logging_mixin.py:188} INFO - [2024-04-16T10:21:14.140+0000] {dag.py:3047} INFO - Sync 2 DAGs
[2024-04-16T10:21:14.167+0000] {logging_mixin.py:188} INFO - [2024-04-16T10:21:14.166+0000] {dag.py:3834} INFO - Setting next_dagrun for example_external_task_marker_child to None, run_after=None
[2024-04-16T10:21:14.172+0000] {logging_mixin.py:188} INFO - [2024-04-16T10:21:14.172+0000] {dag.py:3834} INFO - Setting next_dagrun for example_external_task_marker_parent to None, run_after=None
[2024-04-16T10:21:14.197+0000] {processor.py:183} INFO - Processing /home/airflow/.local/lib/python3.8/site-packages/airflow/example_dags/example_external_task_marker_dag.py took 0.103 seconds
[2024-04-16T10:21:44.410+0000] {processor.py:161} INFO - Started process (PID=1327) to work on /home/airflow/.local/lib/python3.8/site-packages/airflow/example_dags/example_external_task_marker_dag.py
[2024-04-16T10:21:44.412+0000] {processor.py:830} INFO - Processing file /home/airflow/.local/lib/python3.8/site-packages/airflow/example_dags/example_external_task_marker_dag.py for tasks to queue
[2024-04-16T10:21:44.415+0000] {logging_mixin.py:188} INFO - [2024-04-16T10:21:44.415+0000] {dagbag.py:540} INFO - Filling up the DagBag from /home/airflow/.local/lib/python3.8/site-packages/airflow/example_dags/example_external_task_marker_dag.py
[2024-04-16T10:21:44.422+0000] {processor.py:840} INFO - DAG(s) 'example_external_task_marker_parent', 'example_external_task_marker_child' retrieved from /home/airflow/.local/lib/python3.8/site-packages/airflow/example_dags/example_external_task_marker_dag.py
[2024-04-16T10:21:44.452+0000] {logging_mixin.py:188} INFO - [2024-04-16T10:21:44.452+0000] {dag.py:3047} INFO - Sync 2 DAGs
[2024-04-16T10:21:44.466+0000] {logging_mixin.py:188} INFO - [2024-04-16T10:21:44.466+0000] {dag.py:3834} INFO - Setting next_dagrun for example_external_task_marker_child to None, run_after=None
[2024-04-16T10:21:44.471+0000] {logging_mixin.py:188} INFO - [2024-04-16T10:21:44.471+0000] {dag.py:3834} INFO - Setting next_dagrun for example_external_task_marker_parent to None, run_after=None
[2024-04-16T10:21:44.488+0000] {processor.py:183} INFO - Processing /home/airflow/.local/lib/python3.8/site-packages/airflow/example_dags/example_external_task_marker_dag.py took 0.082 seconds
[2024-04-16T10:22:15.060+0000] {processor.py:161} INFO - Started process (PID=1386) to work on /home/airflow/.local/lib/python3.8/site-packages/airflow/example_dags/example_external_task_marker_dag.py
[2024-04-16T10:22:15.061+0000] {processor.py:830} INFO - Processing file /home/airflow/.local/lib/python3.8/site-packages/airflow/example_dags/example_external_task_marker_dag.py for tasks to queue
[2024-04-16T10:22:15.065+0000] {logging_mixin.py:188} INFO - [2024-04-16T10:22:15.064+0000] {dagbag.py:540} INFO - Filling up the DagBag from /home/airflow/.local/lib/python3.8/site-packages/airflow/example_dags/example_external_task_marker_dag.py
[2024-04-16T10:22:15.077+0000] {processor.py:840} INFO - DAG(s) 'example_external_task_marker_parent', 'example_external_task_marker_child' retrieved from /home/airflow/.local/lib/python3.8/site-packages/airflow/example_dags/example_external_task_marker_dag.py
[2024-04-16T10:22:15.130+0000] {logging_mixin.py:188} INFO - [2024-04-16T10:22:15.129+0000] {dag.py:3047} INFO - Sync 2 DAGs
[2024-04-16T10:22:15.155+0000] {logging_mixin.py:188} INFO - [2024-04-16T10:22:15.155+0000] {dag.py:3834} INFO - Setting next_dagrun for example_external_task_marker_child to None, run_after=None
[2024-04-16T10:22:15.162+0000] {logging_mixin.py:188} INFO - [2024-04-16T10:22:15.162+0000] {dag.py:3834} INFO - Setting next_dagrun for example_external_task_marker_parent to None, run_after=None
[2024-04-16T10:22:15.195+0000] {processor.py:183} INFO - Processing /home/airflow/.local/lib/python3.8/site-packages/airflow/example_dags/example_external_task_marker_dag.py took 0.138 seconds
[2024-04-16T10:22:45.454+0000] {processor.py:161} INFO - Started process (PID=1445) to work on /home/airflow/.local/lib/python3.8/site-packages/airflow/example_dags/example_external_task_marker_dag.py
[2024-04-16T10:22:45.457+0000] {processor.py:830} INFO - Processing file /home/airflow/.local/lib/python3.8/site-packages/airflow/example_dags/example_external_task_marker_dag.py for tasks to queue
[2024-04-16T10:22:45.461+0000] {logging_mixin.py:188} INFO - [2024-04-16T10:22:45.460+0000] {dagbag.py:540} INFO - Filling up the DagBag from /home/airflow/.local/lib/python3.8/site-packages/airflow/example_dags/example_external_task_marker_dag.py
[2024-04-16T10:22:45.473+0000] {processor.py:840} INFO - DAG(s) 'example_external_task_marker_child', 'example_external_task_marker_parent' retrieved from /home/airflow/.local/lib/python3.8/site-packages/airflow/example_dags/example_external_task_marker_dag.py
[2024-04-16T10:22:45.520+0000] {logging_mixin.py:188} INFO - [2024-04-16T10:22:45.519+0000] {dag.py:3047} INFO - Sync 2 DAGs
[2024-04-16T10:22:45.551+0000] {logging_mixin.py:188} INFO - [2024-04-16T10:22:45.549+0000] {dag.py:3834} INFO - Setting next_dagrun for example_external_task_marker_child to None, run_after=None
[2024-04-16T10:22:45.559+0000] {logging_mixin.py:188} INFO - [2024-04-16T10:22:45.558+0000] {dag.py:3834} INFO - Setting next_dagrun for example_external_task_marker_parent to None, run_after=None
[2024-04-16T10:22:45.605+0000] {processor.py:183} INFO - Processing /home/airflow/.local/lib/python3.8/site-packages/airflow/example_dags/example_external_task_marker_dag.py took 0.155 seconds
