[2024-04-16T10:11:04.102+0000] {processor.py:161} INFO - Started process (PID=58) to work on /home/airflow/.local/lib/python3.8/site-packages/airflow/example_dags/example_local_kubernetes_executor.py
[2024-04-16T10:11:04.121+0000] {processor.py:830} INFO - Processing file /home/airflow/.local/lib/python3.8/site-packages/airflow/example_dags/example_local_kubernetes_executor.py for tasks to queue
[2024-04-16T10:11:04.131+0000] {logging_mixin.py:188} INFO - [2024-04-16T10:11:04.130+0000] {dagbag.py:540} INFO - Filling up the DagBag from /home/airflow/.local/lib/python3.8/site-packages/airflow/example_dags/example_local_kubernetes_executor.py
[2024-04-16T10:11:04.198+0000] {processor.py:840} INFO - DAG(s) 'example_local_kubernetes_executor' retrieved from /home/airflow/.local/lib/python3.8/site-packages/airflow/example_dags/example_local_kubernetes_executor.py
[2024-04-16T10:11:04.242+0000] {logging_mixin.py:188} INFO - [2024-04-16T10:11:04.241+0000] {dag.py:3047} INFO - Sync 1 DAGs
[2024-04-16T10:11:04.274+0000] {logging_mixin.py:188} INFO - [2024-04-16T10:11:04.273+0000] {dag.py:3834} INFO - Setting next_dagrun for example_local_kubernetes_executor to None, run_after=None
[2024-04-16T10:11:04.337+0000] {processor.py:183} INFO - Processing /home/airflow/.local/lib/python3.8/site-packages/airflow/example_dags/example_local_kubernetes_executor.py took 0.252 seconds
[2024-04-16T10:11:34.774+0000] {processor.py:161} INFO - Started process (PID=132) to work on /home/airflow/.local/lib/python3.8/site-packages/airflow/example_dags/example_local_kubernetes_executor.py
[2024-04-16T10:11:34.775+0000] {processor.py:830} INFO - Processing file /home/airflow/.local/lib/python3.8/site-packages/airflow/example_dags/example_local_kubernetes_executor.py for tasks to queue
[2024-04-16T10:11:34.777+0000] {logging_mixin.py:188} INFO - [2024-04-16T10:11:34.777+0000] {dagbag.py:540} INFO - Filling up the DagBag from /home/airflow/.local/lib/python3.8/site-packages/airflow/example_dags/example_local_kubernetes_executor.py
[2024-04-16T10:11:34.784+0000] {processor.py:840} INFO - DAG(s) 'example_local_kubernetes_executor' retrieved from /home/airflow/.local/lib/python3.8/site-packages/airflow/example_dags/example_local_kubernetes_executor.py
[2024-04-16T10:11:34.890+0000] {logging_mixin.py:188} INFO - [2024-04-16T10:11:34.889+0000] {dag.py:3047} INFO - Sync 1 DAGs
[2024-04-16T10:11:34.899+0000] {logging_mixin.py:188} INFO - [2024-04-16T10:11:34.899+0000] {dag.py:3834} INFO - Setting next_dagrun for example_local_kubernetes_executor to None, run_after=None
[2024-04-16T10:11:34.916+0000] {processor.py:183} INFO - Processing /home/airflow/.local/lib/python3.8/site-packages/airflow/example_dags/example_local_kubernetes_executor.py took 0.145 seconds
[2024-04-16T10:12:04.987+0000] {processor.py:161} INFO - Started process (PID=191) to work on /home/airflow/.local/lib/python3.8/site-packages/airflow/example_dags/example_local_kubernetes_executor.py
[2024-04-16T10:12:04.989+0000] {processor.py:830} INFO - Processing file /home/airflow/.local/lib/python3.8/site-packages/airflow/example_dags/example_local_kubernetes_executor.py for tasks to queue
[2024-04-16T10:12:04.992+0000] {logging_mixin.py:188} INFO - [2024-04-16T10:12:04.991+0000] {dagbag.py:540} INFO - Filling up the DagBag from /home/airflow/.local/lib/python3.8/site-packages/airflow/example_dags/example_local_kubernetes_executor.py
[2024-04-16T10:12:05.003+0000] {processor.py:840} INFO - DAG(s) 'example_local_kubernetes_executor' retrieved from /home/airflow/.local/lib/python3.8/site-packages/airflow/example_dags/example_local_kubernetes_executor.py
[2024-04-16T10:12:05.046+0000] {logging_mixin.py:188} INFO - [2024-04-16T10:12:05.046+0000] {dag.py:3047} INFO - Sync 1 DAGs
[2024-04-16T10:12:05.062+0000] {logging_mixin.py:188} INFO - [2024-04-16T10:12:05.061+0000] {dag.py:3834} INFO - Setting next_dagrun for example_local_kubernetes_executor to None, run_after=None
[2024-04-16T10:12:05.083+0000] {processor.py:183} INFO - Processing /home/airflow/.local/lib/python3.8/site-packages/airflow/example_dags/example_local_kubernetes_executor.py took 0.100 seconds
[2024-04-16T10:12:35.358+0000] {processor.py:161} INFO - Started process (PID=250) to work on /home/airflow/.local/lib/python3.8/site-packages/airflow/example_dags/example_local_kubernetes_executor.py
[2024-04-16T10:12:35.359+0000] {processor.py:830} INFO - Processing file /home/airflow/.local/lib/python3.8/site-packages/airflow/example_dags/example_local_kubernetes_executor.py for tasks to queue
[2024-04-16T10:12:35.361+0000] {logging_mixin.py:188} INFO - [2024-04-16T10:12:35.361+0000] {dagbag.py:540} INFO - Filling up the DagBag from /home/airflow/.local/lib/python3.8/site-packages/airflow/example_dags/example_local_kubernetes_executor.py
[2024-04-16T10:12:35.369+0000] {processor.py:840} INFO - DAG(s) 'example_local_kubernetes_executor' retrieved from /home/airflow/.local/lib/python3.8/site-packages/airflow/example_dags/example_local_kubernetes_executor.py
[2024-04-16T10:12:35.405+0000] {logging_mixin.py:188} INFO - [2024-04-16T10:12:35.404+0000] {dag.py:3047} INFO - Sync 1 DAGs
[2024-04-16T10:12:35.416+0000] {logging_mixin.py:188} INFO - [2024-04-16T10:12:35.416+0000] {dag.py:3834} INFO - Setting next_dagrun for example_local_kubernetes_executor to None, run_after=None
[2024-04-16T10:12:35.438+0000] {processor.py:183} INFO - Processing /home/airflow/.local/lib/python3.8/site-packages/airflow/example_dags/example_local_kubernetes_executor.py took 0.084 seconds
[2024-04-16T10:13:05.613+0000] {processor.py:161} INFO - Started process (PID=309) to work on /home/airflow/.local/lib/python3.8/site-packages/airflow/example_dags/example_local_kubernetes_executor.py
[2024-04-16T10:13:05.614+0000] {processor.py:830} INFO - Processing file /home/airflow/.local/lib/python3.8/site-packages/airflow/example_dags/example_local_kubernetes_executor.py for tasks to queue
[2024-04-16T10:13:05.617+0000] {logging_mixin.py:188} INFO - [2024-04-16T10:13:05.616+0000] {dagbag.py:540} INFO - Filling up the DagBag from /home/airflow/.local/lib/python3.8/site-packages/airflow/example_dags/example_local_kubernetes_executor.py
[2024-04-16T10:13:05.625+0000] {processor.py:840} INFO - DAG(s) 'example_local_kubernetes_executor' retrieved from /home/airflow/.local/lib/python3.8/site-packages/airflow/example_dags/example_local_kubernetes_executor.py
[2024-04-16T10:13:05.667+0000] {logging_mixin.py:188} INFO - [2024-04-16T10:13:05.667+0000] {dag.py:3047} INFO - Sync 1 DAGs
[2024-04-16T10:13:05.682+0000] {logging_mixin.py:188} INFO - [2024-04-16T10:13:05.682+0000] {dag.py:3834} INFO - Setting next_dagrun for example_local_kubernetes_executor to None, run_after=None
[2024-04-16T10:13:05.702+0000] {processor.py:183} INFO - Processing /home/airflow/.local/lib/python3.8/site-packages/airflow/example_dags/example_local_kubernetes_executor.py took 0.092 seconds
[2024-04-16T10:13:35.804+0000] {processor.py:161} INFO - Started process (PID=368) to work on /home/airflow/.local/lib/python3.8/site-packages/airflow/example_dags/example_local_kubernetes_executor.py
[2024-04-16T10:13:35.806+0000] {processor.py:830} INFO - Processing file /home/airflow/.local/lib/python3.8/site-packages/airflow/example_dags/example_local_kubernetes_executor.py for tasks to queue
[2024-04-16T10:13:35.807+0000] {logging_mixin.py:188} INFO - [2024-04-16T10:13:35.807+0000] {dagbag.py:540} INFO - Filling up the DagBag from /home/airflow/.local/lib/python3.8/site-packages/airflow/example_dags/example_local_kubernetes_executor.py
[2024-04-16T10:13:35.814+0000] {processor.py:840} INFO - DAG(s) 'example_local_kubernetes_executor' retrieved from /home/airflow/.local/lib/python3.8/site-packages/airflow/example_dags/example_local_kubernetes_executor.py
[2024-04-16T10:13:35.846+0000] {logging_mixin.py:188} INFO - [2024-04-16T10:13:35.845+0000] {dag.py:3047} INFO - Sync 1 DAGs
[2024-04-16T10:13:35.856+0000] {logging_mixin.py:188} INFO - [2024-04-16T10:13:35.856+0000] {dag.py:3834} INFO - Setting next_dagrun for example_local_kubernetes_executor to None, run_after=None
[2024-04-16T10:13:35.872+0000] {processor.py:183} INFO - Processing /home/airflow/.local/lib/python3.8/site-packages/airflow/example_dags/example_local_kubernetes_executor.py took 0.071 seconds
[2024-04-16T10:14:06.150+0000] {processor.py:161} INFO - Started process (PID=427) to work on /home/airflow/.local/lib/python3.8/site-packages/airflow/example_dags/example_local_kubernetes_executor.py
[2024-04-16T10:14:06.151+0000] {processor.py:830} INFO - Processing file /home/airflow/.local/lib/python3.8/site-packages/airflow/example_dags/example_local_kubernetes_executor.py for tasks to queue
[2024-04-16T10:14:06.153+0000] {logging_mixin.py:188} INFO - [2024-04-16T10:14:06.153+0000] {dagbag.py:540} INFO - Filling up the DagBag from /home/airflow/.local/lib/python3.8/site-packages/airflow/example_dags/example_local_kubernetes_executor.py
[2024-04-16T10:14:06.161+0000] {processor.py:840} INFO - DAG(s) 'example_local_kubernetes_executor' retrieved from /home/airflow/.local/lib/python3.8/site-packages/airflow/example_dags/example_local_kubernetes_executor.py
[2024-04-16T10:14:06.192+0000] {logging_mixin.py:188} INFO - [2024-04-16T10:14:06.192+0000] {dag.py:3047} INFO - Sync 1 DAGs
[2024-04-16T10:14:06.204+0000] {logging_mixin.py:188} INFO - [2024-04-16T10:14:06.203+0000] {dag.py:3834} INFO - Setting next_dagrun for example_local_kubernetes_executor to None, run_after=None
[2024-04-16T10:14:06.222+0000] {processor.py:183} INFO - Processing /home/airflow/.local/lib/python3.8/site-packages/airflow/example_dags/example_local_kubernetes_executor.py took 0.075 seconds
[2024-04-16T10:14:36.658+0000] {processor.py:161} INFO - Started process (PID=486) to work on /home/airflow/.local/lib/python3.8/site-packages/airflow/example_dags/example_local_kubernetes_executor.py
[2024-04-16T10:14:36.662+0000] {processor.py:830} INFO - Processing file /home/airflow/.local/lib/python3.8/site-packages/airflow/example_dags/example_local_kubernetes_executor.py for tasks to queue
[2024-04-16T10:14:36.667+0000] {logging_mixin.py:188} INFO - [2024-04-16T10:14:36.666+0000] {dagbag.py:540} INFO - Filling up the DagBag from /home/airflow/.local/lib/python3.8/site-packages/airflow/example_dags/example_local_kubernetes_executor.py
[2024-04-16T10:14:36.687+0000] {processor.py:840} INFO - DAG(s) 'example_local_kubernetes_executor' retrieved from /home/airflow/.local/lib/python3.8/site-packages/airflow/example_dags/example_local_kubernetes_executor.py
[2024-04-16T10:14:36.754+0000] {logging_mixin.py:188} INFO - [2024-04-16T10:14:36.754+0000] {dag.py:3047} INFO - Sync 1 DAGs
[2024-04-16T10:14:36.783+0000] {logging_mixin.py:188} INFO - [2024-04-16T10:14:36.782+0000] {dag.py:3834} INFO - Setting next_dagrun for example_local_kubernetes_executor to None, run_after=None
[2024-04-16T10:14:36.870+0000] {processor.py:183} INFO - Processing /home/airflow/.local/lib/python3.8/site-packages/airflow/example_dags/example_local_kubernetes_executor.py took 0.217 seconds
[2024-04-16T10:15:07.200+0000] {processor.py:161} INFO - Started process (PID=545) to work on /home/airflow/.local/lib/python3.8/site-packages/airflow/example_dags/example_local_kubernetes_executor.py
[2024-04-16T10:15:07.202+0000] {processor.py:830} INFO - Processing file /home/airflow/.local/lib/python3.8/site-packages/airflow/example_dags/example_local_kubernetes_executor.py for tasks to queue
[2024-04-16T10:15:07.204+0000] {logging_mixin.py:188} INFO - [2024-04-16T10:15:07.204+0000] {dagbag.py:540} INFO - Filling up the DagBag from /home/airflow/.local/lib/python3.8/site-packages/airflow/example_dags/example_local_kubernetes_executor.py
[2024-04-16T10:15:07.212+0000] {processor.py:840} INFO - DAG(s) 'example_local_kubernetes_executor' retrieved from /home/airflow/.local/lib/python3.8/site-packages/airflow/example_dags/example_local_kubernetes_executor.py
[2024-04-16T10:15:07.246+0000] {logging_mixin.py:188} INFO - [2024-04-16T10:15:07.246+0000] {dag.py:3047} INFO - Sync 1 DAGs
[2024-04-16T10:15:07.260+0000] {logging_mixin.py:188} INFO - [2024-04-16T10:15:07.260+0000] {dag.py:3834} INFO - Setting next_dagrun for example_local_kubernetes_executor to None, run_after=None
[2024-04-16T10:15:07.283+0000] {processor.py:183} INFO - Processing /home/airflow/.local/lib/python3.8/site-packages/airflow/example_dags/example_local_kubernetes_executor.py took 0.086 seconds
[2024-04-16T10:15:37.352+0000] {processor.py:161} INFO - Started process (PID=604) to work on /home/airflow/.local/lib/python3.8/site-packages/airflow/example_dags/example_local_kubernetes_executor.py
[2024-04-16T10:15:37.354+0000] {processor.py:830} INFO - Processing file /home/airflow/.local/lib/python3.8/site-packages/airflow/example_dags/example_local_kubernetes_executor.py for tasks to queue
[2024-04-16T10:15:37.356+0000] {logging_mixin.py:188} INFO - [2024-04-16T10:15:37.356+0000] {dagbag.py:540} INFO - Filling up the DagBag from /home/airflow/.local/lib/python3.8/site-packages/airflow/example_dags/example_local_kubernetes_executor.py
[2024-04-16T10:15:37.365+0000] {processor.py:840} INFO - DAG(s) 'example_local_kubernetes_executor' retrieved from /home/airflow/.local/lib/python3.8/site-packages/airflow/example_dags/example_local_kubernetes_executor.py
[2024-04-16T10:15:37.408+0000] {logging_mixin.py:188} INFO - [2024-04-16T10:15:37.408+0000] {dag.py:3047} INFO - Sync 1 DAGs
[2024-04-16T10:15:37.422+0000] {logging_mixin.py:188} INFO - [2024-04-16T10:15:37.422+0000] {dag.py:3834} INFO - Setting next_dagrun for example_local_kubernetes_executor to None, run_after=None
[2024-04-16T10:15:37.449+0000] {processor.py:183} INFO - Processing /home/airflow/.local/lib/python3.8/site-packages/airflow/example_dags/example_local_kubernetes_executor.py took 0.101 seconds
[2024-04-16T10:16:07.751+0000] {processor.py:161} INFO - Started process (PID=663) to work on /home/airflow/.local/lib/python3.8/site-packages/airflow/example_dags/example_local_kubernetes_executor.py
[2024-04-16T10:16:07.753+0000] {processor.py:830} INFO - Processing file /home/airflow/.local/lib/python3.8/site-packages/airflow/example_dags/example_local_kubernetes_executor.py for tasks to queue
[2024-04-16T10:16:07.755+0000] {logging_mixin.py:188} INFO - [2024-04-16T10:16:07.755+0000] {dagbag.py:540} INFO - Filling up the DagBag from /home/airflow/.local/lib/python3.8/site-packages/airflow/example_dags/example_local_kubernetes_executor.py
[2024-04-16T10:16:07.762+0000] {processor.py:840} INFO - DAG(s) 'example_local_kubernetes_executor' retrieved from /home/airflow/.local/lib/python3.8/site-packages/airflow/example_dags/example_local_kubernetes_executor.py
[2024-04-16T10:16:07.794+0000] {logging_mixin.py:188} INFO - [2024-04-16T10:16:07.794+0000] {dag.py:3047} INFO - Sync 1 DAGs
[2024-04-16T10:16:07.805+0000] {logging_mixin.py:188} INFO - [2024-04-16T10:16:07.805+0000] {dag.py:3834} INFO - Setting next_dagrun for example_local_kubernetes_executor to None, run_after=None
[2024-04-16T10:16:07.833+0000] {processor.py:183} INFO - Processing /home/airflow/.local/lib/python3.8/site-packages/airflow/example_dags/example_local_kubernetes_executor.py took 0.085 seconds
[2024-04-16T10:16:38.403+0000] {processor.py:161} INFO - Started process (PID=722) to work on /home/airflow/.local/lib/python3.8/site-packages/airflow/example_dags/example_local_kubernetes_executor.py
[2024-04-16T10:16:38.404+0000] {processor.py:830} INFO - Processing file /home/airflow/.local/lib/python3.8/site-packages/airflow/example_dags/example_local_kubernetes_executor.py for tasks to queue
[2024-04-16T10:16:38.407+0000] {logging_mixin.py:188} INFO - [2024-04-16T10:16:38.406+0000] {dagbag.py:540} INFO - Filling up the DagBag from /home/airflow/.local/lib/python3.8/site-packages/airflow/example_dags/example_local_kubernetes_executor.py
[2024-04-16T10:16:38.415+0000] {processor.py:840} INFO - DAG(s) 'example_local_kubernetes_executor' retrieved from /home/airflow/.local/lib/python3.8/site-packages/airflow/example_dags/example_local_kubernetes_executor.py
[2024-04-16T10:16:38.455+0000] {logging_mixin.py:188} INFO - [2024-04-16T10:16:38.454+0000] {dag.py:3047} INFO - Sync 1 DAGs
[2024-04-16T10:16:38.471+0000] {logging_mixin.py:188} INFO - [2024-04-16T10:16:38.471+0000] {dag.py:3834} INFO - Setting next_dagrun for example_local_kubernetes_executor to None, run_after=None
[2024-04-16T10:16:38.495+0000] {processor.py:183} INFO - Processing /home/airflow/.local/lib/python3.8/site-packages/airflow/example_dags/example_local_kubernetes_executor.py took 0.096 seconds
[2024-04-16T10:17:08.819+0000] {processor.py:161} INFO - Started process (PID=781) to work on /home/airflow/.local/lib/python3.8/site-packages/airflow/example_dags/example_local_kubernetes_executor.py
[2024-04-16T10:17:08.820+0000] {processor.py:830} INFO - Processing file /home/airflow/.local/lib/python3.8/site-packages/airflow/example_dags/example_local_kubernetes_executor.py for tasks to queue
[2024-04-16T10:17:08.824+0000] {logging_mixin.py:188} INFO - [2024-04-16T10:17:08.824+0000] {dagbag.py:540} INFO - Filling up the DagBag from /home/airflow/.local/lib/python3.8/site-packages/airflow/example_dags/example_local_kubernetes_executor.py
[2024-04-16T10:17:08.833+0000] {processor.py:840} INFO - DAG(s) 'example_local_kubernetes_executor' retrieved from /home/airflow/.local/lib/python3.8/site-packages/airflow/example_dags/example_local_kubernetes_executor.py
[2024-04-16T10:17:08.872+0000] {logging_mixin.py:188} INFO - [2024-04-16T10:17:08.871+0000] {dag.py:3047} INFO - Sync 1 DAGs
[2024-04-16T10:17:08.887+0000] {logging_mixin.py:188} INFO - [2024-04-16T10:17:08.887+0000] {dag.py:3834} INFO - Setting next_dagrun for example_local_kubernetes_executor to None, run_after=None
[2024-04-16T10:17:08.911+0000] {processor.py:183} INFO - Processing /home/airflow/.local/lib/python3.8/site-packages/airflow/example_dags/example_local_kubernetes_executor.py took 0.096 seconds
[2024-04-16T10:17:38.993+0000] {processor.py:161} INFO - Started process (PID=840) to work on /home/airflow/.local/lib/python3.8/site-packages/airflow/example_dags/example_local_kubernetes_executor.py
[2024-04-16T10:17:38.995+0000] {processor.py:830} INFO - Processing file /home/airflow/.local/lib/python3.8/site-packages/airflow/example_dags/example_local_kubernetes_executor.py for tasks to queue
[2024-04-16T10:17:38.996+0000] {logging_mixin.py:188} INFO - [2024-04-16T10:17:38.996+0000] {dagbag.py:540} INFO - Filling up the DagBag from /home/airflow/.local/lib/python3.8/site-packages/airflow/example_dags/example_local_kubernetes_executor.py
[2024-04-16T10:17:39.003+0000] {processor.py:840} INFO - DAG(s) 'example_local_kubernetes_executor' retrieved from /home/airflow/.local/lib/python3.8/site-packages/airflow/example_dags/example_local_kubernetes_executor.py
[2024-04-16T10:17:39.035+0000] {logging_mixin.py:188} INFO - [2024-04-16T10:17:39.034+0000] {dag.py:3047} INFO - Sync 1 DAGs
[2024-04-16T10:17:39.046+0000] {logging_mixin.py:188} INFO - [2024-04-16T10:17:39.046+0000] {dag.py:3834} INFO - Setting next_dagrun for example_local_kubernetes_executor to None, run_after=None
[2024-04-16T10:17:39.065+0000] {processor.py:183} INFO - Processing /home/airflow/.local/lib/python3.8/site-packages/airflow/example_dags/example_local_kubernetes_executor.py took 0.074 seconds
[2024-04-16T10:18:09.220+0000] {processor.py:161} INFO - Started process (PID=899) to work on /home/airflow/.local/lib/python3.8/site-packages/airflow/example_dags/example_local_kubernetes_executor.py
[2024-04-16T10:18:09.221+0000] {processor.py:830} INFO - Processing file /home/airflow/.local/lib/python3.8/site-packages/airflow/example_dags/example_local_kubernetes_executor.py for tasks to queue
[2024-04-16T10:18:09.223+0000] {logging_mixin.py:188} INFO - [2024-04-16T10:18:09.223+0000] {dagbag.py:540} INFO - Filling up the DagBag from /home/airflow/.local/lib/python3.8/site-packages/airflow/example_dags/example_local_kubernetes_executor.py
[2024-04-16T10:18:09.230+0000] {processor.py:840} INFO - DAG(s) 'example_local_kubernetes_executor' retrieved from /home/airflow/.local/lib/python3.8/site-packages/airflow/example_dags/example_local_kubernetes_executor.py
[2024-04-16T10:18:09.264+0000] {logging_mixin.py:188} INFO - [2024-04-16T10:18:09.264+0000] {dag.py:3047} INFO - Sync 1 DAGs
[2024-04-16T10:18:09.275+0000] {logging_mixin.py:188} INFO - [2024-04-16T10:18:09.275+0000] {dag.py:3834} INFO - Setting next_dagrun for example_local_kubernetes_executor to None, run_after=None
[2024-04-16T10:18:09.293+0000] {processor.py:183} INFO - Processing /home/airflow/.local/lib/python3.8/site-packages/airflow/example_dags/example_local_kubernetes_executor.py took 0.075 seconds
[2024-04-16T10:18:39.455+0000] {processor.py:161} INFO - Started process (PID=958) to work on /home/airflow/.local/lib/python3.8/site-packages/airflow/example_dags/example_local_kubernetes_executor.py
[2024-04-16T10:18:39.457+0000] {processor.py:830} INFO - Processing file /home/airflow/.local/lib/python3.8/site-packages/airflow/example_dags/example_local_kubernetes_executor.py for tasks to queue
[2024-04-16T10:18:39.459+0000] {logging_mixin.py:188} INFO - [2024-04-16T10:18:39.458+0000] {dagbag.py:540} INFO - Filling up the DagBag from /home/airflow/.local/lib/python3.8/site-packages/airflow/example_dags/example_local_kubernetes_executor.py
[2024-04-16T10:18:39.466+0000] {processor.py:840} INFO - DAG(s) 'example_local_kubernetes_executor' retrieved from /home/airflow/.local/lib/python3.8/site-packages/airflow/example_dags/example_local_kubernetes_executor.py
[2024-04-16T10:18:39.498+0000] {logging_mixin.py:188} INFO - [2024-04-16T10:18:39.498+0000] {dag.py:3047} INFO - Sync 1 DAGs
[2024-04-16T10:18:39.509+0000] {logging_mixin.py:188} INFO - [2024-04-16T10:18:39.509+0000] {dag.py:3834} INFO - Setting next_dagrun for example_local_kubernetes_executor to None, run_after=None
[2024-04-16T10:18:39.531+0000] {processor.py:183} INFO - Processing /home/airflow/.local/lib/python3.8/site-packages/airflow/example_dags/example_local_kubernetes_executor.py took 0.079 seconds
[2024-04-16T10:19:09.855+0000] {processor.py:161} INFO - Started process (PID=1017) to work on /home/airflow/.local/lib/python3.8/site-packages/airflow/example_dags/example_local_kubernetes_executor.py
[2024-04-16T10:19:09.857+0000] {processor.py:830} INFO - Processing file /home/airflow/.local/lib/python3.8/site-packages/airflow/example_dags/example_local_kubernetes_executor.py for tasks to queue
[2024-04-16T10:19:09.859+0000] {logging_mixin.py:188} INFO - [2024-04-16T10:19:09.858+0000] {dagbag.py:540} INFO - Filling up the DagBag from /home/airflow/.local/lib/python3.8/site-packages/airflow/example_dags/example_local_kubernetes_executor.py
[2024-04-16T10:19:09.866+0000] {processor.py:840} INFO - DAG(s) 'example_local_kubernetes_executor' retrieved from /home/airflow/.local/lib/python3.8/site-packages/airflow/example_dags/example_local_kubernetes_executor.py
[2024-04-16T10:19:09.896+0000] {logging_mixin.py:188} INFO - [2024-04-16T10:19:09.895+0000] {dag.py:3047} INFO - Sync 1 DAGs
[2024-04-16T10:19:09.907+0000] {logging_mixin.py:188} INFO - [2024-04-16T10:19:09.907+0000] {dag.py:3834} INFO - Setting next_dagrun for example_local_kubernetes_executor to None, run_after=None
[2024-04-16T10:19:09.926+0000] {processor.py:183} INFO - Processing /home/airflow/.local/lib/python3.8/site-packages/airflow/example_dags/example_local_kubernetes_executor.py took 0.074 seconds
[2024-04-16T10:19:40.074+0000] {processor.py:161} INFO - Started process (PID=1076) to work on /home/airflow/.local/lib/python3.8/site-packages/airflow/example_dags/example_local_kubernetes_executor.py
[2024-04-16T10:19:40.075+0000] {processor.py:830} INFO - Processing file /home/airflow/.local/lib/python3.8/site-packages/airflow/example_dags/example_local_kubernetes_executor.py for tasks to queue
[2024-04-16T10:19:40.076+0000] {logging_mixin.py:188} INFO - [2024-04-16T10:19:40.076+0000] {dagbag.py:540} INFO - Filling up the DagBag from /home/airflow/.local/lib/python3.8/site-packages/airflow/example_dags/example_local_kubernetes_executor.py
[2024-04-16T10:19:40.083+0000] {processor.py:840} INFO - DAG(s) 'example_local_kubernetes_executor' retrieved from /home/airflow/.local/lib/python3.8/site-packages/airflow/example_dags/example_local_kubernetes_executor.py
[2024-04-16T10:19:40.118+0000] {logging_mixin.py:188} INFO - [2024-04-16T10:19:40.118+0000] {dag.py:3047} INFO - Sync 1 DAGs
[2024-04-16T10:19:40.130+0000] {logging_mixin.py:188} INFO - [2024-04-16T10:19:40.129+0000] {dag.py:3834} INFO - Setting next_dagrun for example_local_kubernetes_executor to None, run_after=None
[2024-04-16T10:19:40.151+0000] {processor.py:183} INFO - Processing /home/airflow/.local/lib/python3.8/site-packages/airflow/example_dags/example_local_kubernetes_executor.py took 0.080 seconds
[2024-04-16T10:20:10.439+0000] {processor.py:161} INFO - Started process (PID=1135) to work on /home/airflow/.local/lib/python3.8/site-packages/airflow/example_dags/example_local_kubernetes_executor.py
[2024-04-16T10:20:10.440+0000] {processor.py:830} INFO - Processing file /home/airflow/.local/lib/python3.8/site-packages/airflow/example_dags/example_local_kubernetes_executor.py for tasks to queue
[2024-04-16T10:20:10.442+0000] {logging_mixin.py:188} INFO - [2024-04-16T10:20:10.442+0000] {dagbag.py:540} INFO - Filling up the DagBag from /home/airflow/.local/lib/python3.8/site-packages/airflow/example_dags/example_local_kubernetes_executor.py
[2024-04-16T10:20:10.451+0000] {processor.py:840} INFO - DAG(s) 'example_local_kubernetes_executor' retrieved from /home/airflow/.local/lib/python3.8/site-packages/airflow/example_dags/example_local_kubernetes_executor.py
[2024-04-16T10:20:10.486+0000] {logging_mixin.py:188} INFO - [2024-04-16T10:20:10.486+0000] {dag.py:3047} INFO - Sync 1 DAGs
[2024-04-16T10:20:10.503+0000] {logging_mixin.py:188} INFO - [2024-04-16T10:20:10.502+0000] {dag.py:3834} INFO - Setting next_dagrun for example_local_kubernetes_executor to None, run_after=None
[2024-04-16T10:20:10.526+0000] {processor.py:183} INFO - Processing /home/airflow/.local/lib/python3.8/site-packages/airflow/example_dags/example_local_kubernetes_executor.py took 0.090 seconds
[2024-04-16T10:20:40.607+0000] {processor.py:161} INFO - Started process (PID=1194) to work on /home/airflow/.local/lib/python3.8/site-packages/airflow/example_dags/example_local_kubernetes_executor.py
[2024-04-16T10:20:40.609+0000] {processor.py:830} INFO - Processing file /home/airflow/.local/lib/python3.8/site-packages/airflow/example_dags/example_local_kubernetes_executor.py for tasks to queue
[2024-04-16T10:20:40.611+0000] {logging_mixin.py:188} INFO - [2024-04-16T10:20:40.611+0000] {dagbag.py:540} INFO - Filling up the DagBag from /home/airflow/.local/lib/python3.8/site-packages/airflow/example_dags/example_local_kubernetes_executor.py
[2024-04-16T10:20:40.620+0000] {processor.py:840} INFO - DAG(s) 'example_local_kubernetes_executor' retrieved from /home/airflow/.local/lib/python3.8/site-packages/airflow/example_dags/example_local_kubernetes_executor.py
[2024-04-16T10:20:40.651+0000] {logging_mixin.py:188} INFO - [2024-04-16T10:20:40.651+0000] {dag.py:3047} INFO - Sync 1 DAGs
[2024-04-16T10:20:40.680+0000] {logging_mixin.py:188} INFO - [2024-04-16T10:20:40.679+0000] {dag.py:3834} INFO - Setting next_dagrun for example_local_kubernetes_executor to None, run_after=None
[2024-04-16T10:20:40.720+0000] {processor.py:183} INFO - Processing /home/airflow/.local/lib/python3.8/site-packages/airflow/example_dags/example_local_kubernetes_executor.py took 0.116 seconds
[2024-04-16T10:21:11.201+0000] {processor.py:161} INFO - Started process (PID=1253) to work on /home/airflow/.local/lib/python3.8/site-packages/airflow/example_dags/example_local_kubernetes_executor.py
[2024-04-16T10:21:11.202+0000] {processor.py:830} INFO - Processing file /home/airflow/.local/lib/python3.8/site-packages/airflow/example_dags/example_local_kubernetes_executor.py for tasks to queue
[2024-04-16T10:21:11.204+0000] {logging_mixin.py:188} INFO - [2024-04-16T10:21:11.204+0000] {dagbag.py:540} INFO - Filling up the DagBag from /home/airflow/.local/lib/python3.8/site-packages/airflow/example_dags/example_local_kubernetes_executor.py
[2024-04-16T10:21:11.211+0000] {processor.py:840} INFO - DAG(s) 'example_local_kubernetes_executor' retrieved from /home/airflow/.local/lib/python3.8/site-packages/airflow/example_dags/example_local_kubernetes_executor.py
[2024-04-16T10:21:11.247+0000] {logging_mixin.py:188} INFO - [2024-04-16T10:21:11.247+0000] {dag.py:3047} INFO - Sync 1 DAGs
[2024-04-16T10:21:11.260+0000] {logging_mixin.py:188} INFO - [2024-04-16T10:21:11.259+0000] {dag.py:3834} INFO - Setting next_dagrun for example_local_kubernetes_executor to None, run_after=None
[2024-04-16T10:21:11.278+0000] {processor.py:183} INFO - Processing /home/airflow/.local/lib/python3.8/site-packages/airflow/example_dags/example_local_kubernetes_executor.py took 0.080 seconds
[2024-04-16T10:21:41.647+0000] {processor.py:161} INFO - Started process (PID=1312) to work on /home/airflow/.local/lib/python3.8/site-packages/airflow/example_dags/example_local_kubernetes_executor.py
[2024-04-16T10:21:41.649+0000] {processor.py:830} INFO - Processing file /home/airflow/.local/lib/python3.8/site-packages/airflow/example_dags/example_local_kubernetes_executor.py for tasks to queue
[2024-04-16T10:21:41.651+0000] {logging_mixin.py:188} INFO - [2024-04-16T10:21:41.651+0000] {dagbag.py:540} INFO - Filling up the DagBag from /home/airflow/.local/lib/python3.8/site-packages/airflow/example_dags/example_local_kubernetes_executor.py
[2024-04-16T10:21:41.660+0000] {processor.py:840} INFO - DAG(s) 'example_local_kubernetes_executor' retrieved from /home/airflow/.local/lib/python3.8/site-packages/airflow/example_dags/example_local_kubernetes_executor.py
[2024-04-16T10:21:41.710+0000] {logging_mixin.py:188} INFO - [2024-04-16T10:21:41.709+0000] {dag.py:3047} INFO - Sync 1 DAGs
[2024-04-16T10:21:41.731+0000] {logging_mixin.py:188} INFO - [2024-04-16T10:21:41.731+0000] {dag.py:3834} INFO - Setting next_dagrun for example_local_kubernetes_executor to None, run_after=None
[2024-04-16T10:21:41.757+0000] {processor.py:183} INFO - Processing /home/airflow/.local/lib/python3.8/site-packages/airflow/example_dags/example_local_kubernetes_executor.py took 0.116 seconds
[2024-04-16T10:22:11.834+0000] {processor.py:161} INFO - Started process (PID=1371) to work on /home/airflow/.local/lib/python3.8/site-packages/airflow/example_dags/example_local_kubernetes_executor.py
[2024-04-16T10:22:11.836+0000] {processor.py:830} INFO - Processing file /home/airflow/.local/lib/python3.8/site-packages/airflow/example_dags/example_local_kubernetes_executor.py for tasks to queue
[2024-04-16T10:22:11.838+0000] {logging_mixin.py:188} INFO - [2024-04-16T10:22:11.838+0000] {dagbag.py:540} INFO - Filling up the DagBag from /home/airflow/.local/lib/python3.8/site-packages/airflow/example_dags/example_local_kubernetes_executor.py
[2024-04-16T10:22:11.850+0000] {processor.py:840} INFO - DAG(s) 'example_local_kubernetes_executor' retrieved from /home/airflow/.local/lib/python3.8/site-packages/airflow/example_dags/example_local_kubernetes_executor.py
[2024-04-16T10:22:11.891+0000] {logging_mixin.py:188} INFO - [2024-04-16T10:22:11.891+0000] {dag.py:3047} INFO - Sync 1 DAGs
[2024-04-16T10:22:11.905+0000] {logging_mixin.py:188} INFO - [2024-04-16T10:22:11.905+0000] {dag.py:3834} INFO - Setting next_dagrun for example_local_kubernetes_executor to None, run_after=None
[2024-04-16T10:22:11.927+0000] {processor.py:183} INFO - Processing /home/airflow/.local/lib/python3.8/site-packages/airflow/example_dags/example_local_kubernetes_executor.py took 0.096 seconds
[2024-04-16T10:22:42.383+0000] {processor.py:161} INFO - Started process (PID=1430) to work on /home/airflow/.local/lib/python3.8/site-packages/airflow/example_dags/example_local_kubernetes_executor.py
[2024-04-16T10:22:42.384+0000] {processor.py:830} INFO - Processing file /home/airflow/.local/lib/python3.8/site-packages/airflow/example_dags/example_local_kubernetes_executor.py for tasks to queue
[2024-04-16T10:22:42.386+0000] {logging_mixin.py:188} INFO - [2024-04-16T10:22:42.386+0000] {dagbag.py:540} INFO - Filling up the DagBag from /home/airflow/.local/lib/python3.8/site-packages/airflow/example_dags/example_local_kubernetes_executor.py
[2024-04-16T10:22:42.394+0000] {processor.py:840} INFO - DAG(s) 'example_local_kubernetes_executor' retrieved from /home/airflow/.local/lib/python3.8/site-packages/airflow/example_dags/example_local_kubernetes_executor.py
[2024-04-16T10:22:42.428+0000] {logging_mixin.py:188} INFO - [2024-04-16T10:22:42.428+0000] {dag.py:3047} INFO - Sync 1 DAGs
[2024-04-16T10:22:42.439+0000] {logging_mixin.py:188} INFO - [2024-04-16T10:22:42.438+0000] {dag.py:3834} INFO - Setting next_dagrun for example_local_kubernetes_executor to None, run_after=None
[2024-04-16T10:22:42.457+0000] {processor.py:183} INFO - Processing /home/airflow/.local/lib/python3.8/site-packages/airflow/example_dags/example_local_kubernetes_executor.py took 0.078 seconds
