[2024-04-16T10:11:03.897+0000] {processor.py:161} INFO - Started process (PID=57) to work on /home/airflow/.local/lib/python3.8/site-packages/airflow/example_dags/example_complex.py
[2024-04-16T10:11:03.900+0000] {processor.py:830} INFO - Processing file /home/airflow/.local/lib/python3.8/site-packages/airflow/example_dags/example_complex.py for tasks to queue
[2024-04-16T10:11:03.905+0000] {logging_mixin.py:188} INFO - [2024-04-16T10:11:03.904+0000] {dagbag.py:540} INFO - Filling up the DagBag from /home/airflow/.local/lib/python3.8/site-packages/airflow/example_dags/example_complex.py
[2024-04-16T10:11:03.935+0000] {processor.py:840} INFO - DAG(s) 'example_complex' retrieved from /home/airflow/.local/lib/python3.8/site-packages/airflow/example_dags/example_complex.py
[2024-04-16T10:11:03.956+0000] {logging_mixin.py:188} INFO - [2024-04-16T10:11:03.955+0000] {dag.py:3047} INFO - Sync 1 DAGs
[2024-04-16T10:11:03.977+0000] {logging_mixin.py:188} INFO - [2024-04-16T10:11:03.976+0000] {dag.py:3834} INFO - Setting next_dagrun for example_complex to None, run_after=None
[2024-04-16T10:11:04.010+0000] {processor.py:183} INFO - Processing /home/airflow/.local/lib/python3.8/site-packages/airflow/example_dags/example_complex.py took 0.125 seconds
[2024-04-16T10:11:34.747+0000] {processor.py:161} INFO - Started process (PID=131) to work on /home/airflow/.local/lib/python3.8/site-packages/airflow/example_dags/example_complex.py
[2024-04-16T10:11:34.748+0000] {processor.py:830} INFO - Processing file /home/airflow/.local/lib/python3.8/site-packages/airflow/example_dags/example_complex.py for tasks to queue
[2024-04-16T10:11:34.750+0000] {logging_mixin.py:188} INFO - [2024-04-16T10:11:34.750+0000] {dagbag.py:540} INFO - Filling up the DagBag from /home/airflow/.local/lib/python3.8/site-packages/airflow/example_dags/example_complex.py
[2024-04-16T10:11:34.760+0000] {processor.py:840} INFO - DAG(s) 'example_complex' retrieved from /home/airflow/.local/lib/python3.8/site-packages/airflow/example_dags/example_complex.py
[2024-04-16T10:11:34.854+0000] {logging_mixin.py:188} INFO - [2024-04-16T10:11:34.854+0000] {dag.py:3047} INFO - Sync 1 DAGs
[2024-04-16T10:11:34.866+0000] {logging_mixin.py:188} INFO - [2024-04-16T10:11:34.866+0000] {dag.py:3834} INFO - Setting next_dagrun for example_complex to None, run_after=None
[2024-04-16T10:11:34.886+0000] {processor.py:183} INFO - Processing /home/airflow/.local/lib/python3.8/site-packages/airflow/example_dags/example_complex.py took 0.143 seconds
[2024-04-16T10:12:04.942+0000] {processor.py:161} INFO - Started process (PID=190) to work on /home/airflow/.local/lib/python3.8/site-packages/airflow/example_dags/example_complex.py
[2024-04-16T10:12:04.943+0000] {processor.py:830} INFO - Processing file /home/airflow/.local/lib/python3.8/site-packages/airflow/example_dags/example_complex.py for tasks to queue
[2024-04-16T10:12:04.945+0000] {logging_mixin.py:188} INFO - [2024-04-16T10:12:04.944+0000] {dagbag.py:540} INFO - Filling up the DagBag from /home/airflow/.local/lib/python3.8/site-packages/airflow/example_dags/example_complex.py
[2024-04-16T10:12:04.955+0000] {processor.py:840} INFO - DAG(s) 'example_complex' retrieved from /home/airflow/.local/lib/python3.8/site-packages/airflow/example_dags/example_complex.py
[2024-04-16T10:12:04.984+0000] {logging_mixin.py:188} INFO - [2024-04-16T10:12:04.984+0000] {dag.py:3047} INFO - Sync 1 DAGs
[2024-04-16T10:12:05.002+0000] {logging_mixin.py:188} INFO - [2024-04-16T10:12:05.002+0000] {dag.py:3834} INFO - Setting next_dagrun for example_complex to None, run_after=None
[2024-04-16T10:12:05.030+0000] {processor.py:183} INFO - Processing /home/airflow/.local/lib/python3.8/site-packages/airflow/example_dags/example_complex.py took 0.091 seconds
[2024-04-16T10:12:35.340+0000] {processor.py:161} INFO - Started process (PID=249) to work on /home/airflow/.local/lib/python3.8/site-packages/airflow/example_dags/example_complex.py
[2024-04-16T10:12:35.342+0000] {processor.py:830} INFO - Processing file /home/airflow/.local/lib/python3.8/site-packages/airflow/example_dags/example_complex.py for tasks to queue
[2024-04-16T10:12:35.344+0000] {logging_mixin.py:188} INFO - [2024-04-16T10:12:35.344+0000] {dagbag.py:540} INFO - Filling up the DagBag from /home/airflow/.local/lib/python3.8/site-packages/airflow/example_dags/example_complex.py
[2024-04-16T10:12:35.354+0000] {processor.py:840} INFO - DAG(s) 'example_complex' retrieved from /home/airflow/.local/lib/python3.8/site-packages/airflow/example_dags/example_complex.py
[2024-04-16T10:12:35.384+0000] {logging_mixin.py:188} INFO - [2024-04-16T10:12:35.384+0000] {dag.py:3047} INFO - Sync 1 DAGs
[2024-04-16T10:12:35.397+0000] {logging_mixin.py:188} INFO - [2024-04-16T10:12:35.397+0000] {dag.py:3834} INFO - Setting next_dagrun for example_complex to None, run_after=None
[2024-04-16T10:12:35.419+0000] {processor.py:183} INFO - Processing /home/airflow/.local/lib/python3.8/site-packages/airflow/example_dags/example_complex.py took 0.081 seconds
[2024-04-16T10:13:05.575+0000] {processor.py:161} INFO - Started process (PID=308) to work on /home/airflow/.local/lib/python3.8/site-packages/airflow/example_dags/example_complex.py
[2024-04-16T10:13:05.576+0000] {processor.py:830} INFO - Processing file /home/airflow/.local/lib/python3.8/site-packages/airflow/example_dags/example_complex.py for tasks to queue
[2024-04-16T10:13:05.578+0000] {logging_mixin.py:188} INFO - [2024-04-16T10:13:05.578+0000] {dagbag.py:540} INFO - Filling up the DagBag from /home/airflow/.local/lib/python3.8/site-packages/airflow/example_dags/example_complex.py
[2024-04-16T10:13:05.589+0000] {processor.py:840} INFO - DAG(s) 'example_complex' retrieved from /home/airflow/.local/lib/python3.8/site-packages/airflow/example_dags/example_complex.py
[2024-04-16T10:13:05.621+0000] {logging_mixin.py:188} INFO - [2024-04-16T10:13:05.620+0000] {dag.py:3047} INFO - Sync 1 DAGs
[2024-04-16T10:13:05.635+0000] {logging_mixin.py:188} INFO - [2024-04-16T10:13:05.634+0000] {dag.py:3834} INFO - Setting next_dagrun for example_complex to None, run_after=None
[2024-04-16T10:13:05.656+0000] {processor.py:183} INFO - Processing /home/airflow/.local/lib/python3.8/site-packages/airflow/example_dags/example_complex.py took 0.084 seconds
[2024-04-16T10:13:35.688+0000] {processor.py:161} INFO - Started process (PID=367) to work on /home/airflow/.local/lib/python3.8/site-packages/airflow/example_dags/example_complex.py
[2024-04-16T10:13:35.689+0000] {processor.py:830} INFO - Processing file /home/airflow/.local/lib/python3.8/site-packages/airflow/example_dags/example_complex.py for tasks to queue
[2024-04-16T10:13:35.691+0000] {logging_mixin.py:188} INFO - [2024-04-16T10:13:35.690+0000] {dagbag.py:540} INFO - Filling up the DagBag from /home/airflow/.local/lib/python3.8/site-packages/airflow/example_dags/example_complex.py
[2024-04-16T10:13:35.701+0000] {processor.py:840} INFO - DAG(s) 'example_complex' retrieved from /home/airflow/.local/lib/python3.8/site-packages/airflow/example_dags/example_complex.py
[2024-04-16T10:13:35.736+0000] {logging_mixin.py:188} INFO - [2024-04-16T10:13:35.736+0000] {dag.py:3047} INFO - Sync 1 DAGs
[2024-04-16T10:13:35.749+0000] {logging_mixin.py:188} INFO - [2024-04-16T10:13:35.749+0000] {dag.py:3834} INFO - Setting next_dagrun for example_complex to None, run_after=None
[2024-04-16T10:13:35.770+0000] {processor.py:183} INFO - Processing /home/airflow/.local/lib/python3.8/site-packages/airflow/example_dags/example_complex.py took 0.085 seconds
[2024-04-16T10:14:06.119+0000] {processor.py:161} INFO - Started process (PID=426) to work on /home/airflow/.local/lib/python3.8/site-packages/airflow/example_dags/example_complex.py
[2024-04-16T10:14:06.121+0000] {processor.py:830} INFO - Processing file /home/airflow/.local/lib/python3.8/site-packages/airflow/example_dags/example_complex.py for tasks to queue
[2024-04-16T10:14:06.123+0000] {logging_mixin.py:188} INFO - [2024-04-16T10:14:06.122+0000] {dagbag.py:540} INFO - Filling up the DagBag from /home/airflow/.local/lib/python3.8/site-packages/airflow/example_dags/example_complex.py
[2024-04-16T10:14:06.132+0000] {processor.py:840} INFO - DAG(s) 'example_complex' retrieved from /home/airflow/.local/lib/python3.8/site-packages/airflow/example_dags/example_complex.py
[2024-04-16T10:14:06.162+0000] {logging_mixin.py:188} INFO - [2024-04-16T10:14:06.162+0000] {dag.py:3047} INFO - Sync 1 DAGs
[2024-04-16T10:14:06.173+0000] {logging_mixin.py:188} INFO - [2024-04-16T10:14:06.173+0000] {dag.py:3834} INFO - Setting next_dagrun for example_complex to None, run_after=None
[2024-04-16T10:14:06.191+0000] {processor.py:183} INFO - Processing /home/airflow/.local/lib/python3.8/site-packages/airflow/example_dags/example_complex.py took 0.074 seconds
[2024-04-16T10:14:36.604+0000] {processor.py:161} INFO - Started process (PID=485) to work on /home/airflow/.local/lib/python3.8/site-packages/airflow/example_dags/example_complex.py
[2024-04-16T10:14:36.608+0000] {processor.py:830} INFO - Processing file /home/airflow/.local/lib/python3.8/site-packages/airflow/example_dags/example_complex.py for tasks to queue
[2024-04-16T10:14:36.616+0000] {logging_mixin.py:188} INFO - [2024-04-16T10:14:36.616+0000] {dagbag.py:540} INFO - Filling up the DagBag from /home/airflow/.local/lib/python3.8/site-packages/airflow/example_dags/example_complex.py
[2024-04-16T10:14:36.647+0000] {processor.py:840} INFO - DAG(s) 'example_complex' retrieved from /home/airflow/.local/lib/python3.8/site-packages/airflow/example_dags/example_complex.py
[2024-04-16T10:14:36.716+0000] {logging_mixin.py:188} INFO - [2024-04-16T10:14:36.716+0000] {dag.py:3047} INFO - Sync 1 DAGs
[2024-04-16T10:14:36.738+0000] {logging_mixin.py:188} INFO - [2024-04-16T10:14:36.738+0000] {dag.py:3834} INFO - Setting next_dagrun for example_complex to None, run_after=None
[2024-04-16T10:14:36.786+0000] {processor.py:183} INFO - Processing /home/airflow/.local/lib/python3.8/site-packages/airflow/example_dags/example_complex.py took 0.193 seconds
[2024-04-16T10:15:07.064+0000] {processor.py:161} INFO - Started process (PID=544) to work on /home/airflow/.local/lib/python3.8/site-packages/airflow/example_dags/example_complex.py
[2024-04-16T10:15:07.067+0000] {processor.py:830} INFO - Processing file /home/airflow/.local/lib/python3.8/site-packages/airflow/example_dags/example_complex.py for tasks to queue
[2024-04-16T10:15:07.069+0000] {logging_mixin.py:188} INFO - [2024-04-16T10:15:07.069+0000] {dagbag.py:540} INFO - Filling up the DagBag from /home/airflow/.local/lib/python3.8/site-packages/airflow/example_dags/example_complex.py
[2024-04-16T10:15:07.083+0000] {processor.py:840} INFO - DAG(s) 'example_complex' retrieved from /home/airflow/.local/lib/python3.8/site-packages/airflow/example_dags/example_complex.py
[2024-04-16T10:15:07.121+0000] {logging_mixin.py:188} INFO - [2024-04-16T10:15:07.121+0000] {dag.py:3047} INFO - Sync 1 DAGs
[2024-04-16T10:15:07.134+0000] {logging_mixin.py:188} INFO - [2024-04-16T10:15:07.134+0000] {dag.py:3834} INFO - Setting next_dagrun for example_complex to None, run_after=None
[2024-04-16T10:15:07.161+0000] {processor.py:183} INFO - Processing /home/airflow/.local/lib/python3.8/site-packages/airflow/example_dags/example_complex.py took 0.101 seconds
[2024-04-16T10:15:37.222+0000] {processor.py:161} INFO - Started process (PID=603) to work on /home/airflow/.local/lib/python3.8/site-packages/airflow/example_dags/example_complex.py
[2024-04-16T10:15:37.224+0000] {processor.py:830} INFO - Processing file /home/airflow/.local/lib/python3.8/site-packages/airflow/example_dags/example_complex.py for tasks to queue
[2024-04-16T10:15:37.226+0000] {logging_mixin.py:188} INFO - [2024-04-16T10:15:37.225+0000] {dagbag.py:540} INFO - Filling up the DagBag from /home/airflow/.local/lib/python3.8/site-packages/airflow/example_dags/example_complex.py
[2024-04-16T10:15:37.236+0000] {processor.py:840} INFO - DAG(s) 'example_complex' retrieved from /home/airflow/.local/lib/python3.8/site-packages/airflow/example_dags/example_complex.py
[2024-04-16T10:15:37.272+0000] {logging_mixin.py:188} INFO - [2024-04-16T10:15:37.272+0000] {dag.py:3047} INFO - Sync 1 DAGs
[2024-04-16T10:15:37.287+0000] {logging_mixin.py:188} INFO - [2024-04-16T10:15:37.287+0000] {dag.py:3834} INFO - Setting next_dagrun for example_complex to None, run_after=None
[2024-04-16T10:15:37.311+0000] {processor.py:183} INFO - Processing /home/airflow/.local/lib/python3.8/site-packages/airflow/example_dags/example_complex.py took 0.092 seconds
[2024-04-16T10:16:07.740+0000] {processor.py:161} INFO - Started process (PID=662) to work on /home/airflow/.local/lib/python3.8/site-packages/airflow/example_dags/example_complex.py
[2024-04-16T10:16:07.741+0000] {processor.py:830} INFO - Processing file /home/airflow/.local/lib/python3.8/site-packages/airflow/example_dags/example_complex.py for tasks to queue
[2024-04-16T10:16:07.743+0000] {logging_mixin.py:188} INFO - [2024-04-16T10:16:07.743+0000] {dagbag.py:540} INFO - Filling up the DagBag from /home/airflow/.local/lib/python3.8/site-packages/airflow/example_dags/example_complex.py
[2024-04-16T10:16:07.753+0000] {processor.py:840} INFO - DAG(s) 'example_complex' retrieved from /home/airflow/.local/lib/python3.8/site-packages/airflow/example_dags/example_complex.py
[2024-04-16T10:16:07.783+0000] {logging_mixin.py:188} INFO - [2024-04-16T10:16:07.783+0000] {dag.py:3047} INFO - Sync 1 DAGs
[2024-04-16T10:16:07.795+0000] {logging_mixin.py:188} INFO - [2024-04-16T10:16:07.795+0000] {dag.py:3834} INFO - Setting next_dagrun for example_complex to None, run_after=None
[2024-04-16T10:16:07.816+0000] {processor.py:183} INFO - Processing /home/airflow/.local/lib/python3.8/site-packages/airflow/example_dags/example_complex.py took 0.079 seconds
[2024-04-16T10:16:38.382+0000] {processor.py:161} INFO - Started process (PID=721) to work on /home/airflow/.local/lib/python3.8/site-packages/airflow/example_dags/example_complex.py
[2024-04-16T10:16:38.383+0000] {processor.py:830} INFO - Processing file /home/airflow/.local/lib/python3.8/site-packages/airflow/example_dags/example_complex.py for tasks to queue
[2024-04-16T10:16:38.386+0000] {logging_mixin.py:188} INFO - [2024-04-16T10:16:38.385+0000] {dagbag.py:540} INFO - Filling up the DagBag from /home/airflow/.local/lib/python3.8/site-packages/airflow/example_dags/example_complex.py
[2024-04-16T10:16:38.398+0000] {processor.py:840} INFO - DAG(s) 'example_complex' retrieved from /home/airflow/.local/lib/python3.8/site-packages/airflow/example_dags/example_complex.py
[2024-04-16T10:16:38.433+0000] {logging_mixin.py:188} INFO - [2024-04-16T10:16:38.433+0000] {dag.py:3047} INFO - Sync 1 DAGs
[2024-04-16T10:16:38.446+0000] {logging_mixin.py:188} INFO - [2024-04-16T10:16:38.446+0000] {dag.py:3834} INFO - Setting next_dagrun for example_complex to None, run_after=None
[2024-04-16T10:16:38.472+0000] {processor.py:183} INFO - Processing /home/airflow/.local/lib/python3.8/site-packages/airflow/example_dags/example_complex.py took 0.094 seconds
[2024-04-16T10:17:08.781+0000] {processor.py:161} INFO - Started process (PID=780) to work on /home/airflow/.local/lib/python3.8/site-packages/airflow/example_dags/example_complex.py
[2024-04-16T10:17:08.782+0000] {processor.py:830} INFO - Processing file /home/airflow/.local/lib/python3.8/site-packages/airflow/example_dags/example_complex.py for tasks to queue
[2024-04-16T10:17:08.785+0000] {logging_mixin.py:188} INFO - [2024-04-16T10:17:08.784+0000] {dagbag.py:540} INFO - Filling up the DagBag from /home/airflow/.local/lib/python3.8/site-packages/airflow/example_dags/example_complex.py
[2024-04-16T10:17:08.796+0000] {processor.py:840} INFO - DAG(s) 'example_complex' retrieved from /home/airflow/.local/lib/python3.8/site-packages/airflow/example_dags/example_complex.py
[2024-04-16T10:17:08.834+0000] {logging_mixin.py:188} INFO - [2024-04-16T10:17:08.834+0000] {dag.py:3047} INFO - Sync 1 DAGs
[2024-04-16T10:17:08.848+0000] {logging_mixin.py:188} INFO - [2024-04-16T10:17:08.847+0000] {dag.py:3834} INFO - Setting next_dagrun for example_complex to None, run_after=None
[2024-04-16T10:17:08.873+0000] {processor.py:183} INFO - Processing /home/airflow/.local/lib/python3.8/site-packages/airflow/example_dags/example_complex.py took 0.095 seconds
[2024-04-16T10:17:38.977+0000] {processor.py:161} INFO - Started process (PID=839) to work on /home/airflow/.local/lib/python3.8/site-packages/airflow/example_dags/example_complex.py
[2024-04-16T10:17:38.978+0000] {processor.py:830} INFO - Processing file /home/airflow/.local/lib/python3.8/site-packages/airflow/example_dags/example_complex.py for tasks to queue
[2024-04-16T10:17:38.981+0000] {logging_mixin.py:188} INFO - [2024-04-16T10:17:38.980+0000] {dagbag.py:540} INFO - Filling up the DagBag from /home/airflow/.local/lib/python3.8/site-packages/airflow/example_dags/example_complex.py
[2024-04-16T10:17:38.990+0000] {processor.py:840} INFO - DAG(s) 'example_complex' retrieved from /home/airflow/.local/lib/python3.8/site-packages/airflow/example_dags/example_complex.py
[2024-04-16T10:17:39.016+0000] {logging_mixin.py:188} INFO - [2024-04-16T10:17:39.016+0000] {dag.py:3047} INFO - Sync 1 DAGs
[2024-04-16T10:17:39.028+0000] {logging_mixin.py:188} INFO - [2024-04-16T10:17:39.028+0000] {dag.py:3834} INFO - Setting next_dagrun for example_complex to None, run_after=None
[2024-04-16T10:17:39.049+0000] {processor.py:183} INFO - Processing /home/airflow/.local/lib/python3.8/site-packages/airflow/example_dags/example_complex.py took 0.074 seconds
[2024-04-16T10:18:09.199+0000] {processor.py:161} INFO - Started process (PID=898) to work on /home/airflow/.local/lib/python3.8/site-packages/airflow/example_dags/example_complex.py
[2024-04-16T10:18:09.200+0000] {processor.py:830} INFO - Processing file /home/airflow/.local/lib/python3.8/site-packages/airflow/example_dags/example_complex.py for tasks to queue
[2024-04-16T10:18:09.202+0000] {logging_mixin.py:188} INFO - [2024-04-16T10:18:09.202+0000] {dagbag.py:540} INFO - Filling up the DagBag from /home/airflow/.local/lib/python3.8/site-packages/airflow/example_dags/example_complex.py
[2024-04-16T10:18:09.212+0000] {processor.py:840} INFO - DAG(s) 'example_complex' retrieved from /home/airflow/.local/lib/python3.8/site-packages/airflow/example_dags/example_complex.py
[2024-04-16T10:18:09.238+0000] {logging_mixin.py:188} INFO - [2024-04-16T10:18:09.238+0000] {dag.py:3047} INFO - Sync 1 DAGs
[2024-04-16T10:18:09.250+0000] {logging_mixin.py:188} INFO - [2024-04-16T10:18:09.250+0000] {dag.py:3834} INFO - Setting next_dagrun for example_complex to None, run_after=None
[2024-04-16T10:18:09.273+0000] {processor.py:183} INFO - Processing /home/airflow/.local/lib/python3.8/site-packages/airflow/example_dags/example_complex.py took 0.077 seconds
[2024-04-16T10:18:39.438+0000] {processor.py:161} INFO - Started process (PID=957) to work on /home/airflow/.local/lib/python3.8/site-packages/airflow/example_dags/example_complex.py
[2024-04-16T10:18:39.439+0000] {processor.py:830} INFO - Processing file /home/airflow/.local/lib/python3.8/site-packages/airflow/example_dags/example_complex.py for tasks to queue
[2024-04-16T10:18:39.441+0000] {logging_mixin.py:188} INFO - [2024-04-16T10:18:39.441+0000] {dagbag.py:540} INFO - Filling up the DagBag from /home/airflow/.local/lib/python3.8/site-packages/airflow/example_dags/example_complex.py
[2024-04-16T10:18:39.453+0000] {processor.py:840} INFO - DAG(s) 'example_complex' retrieved from /home/airflow/.local/lib/python3.8/site-packages/airflow/example_dags/example_complex.py
[2024-04-16T10:18:39.480+0000] {logging_mixin.py:188} INFO - [2024-04-16T10:18:39.480+0000] {dag.py:3047} INFO - Sync 1 DAGs
[2024-04-16T10:18:39.491+0000] {logging_mixin.py:188} INFO - [2024-04-16T10:18:39.491+0000] {dag.py:3834} INFO - Setting next_dagrun for example_complex to None, run_after=None
[2024-04-16T10:18:39.509+0000] {processor.py:183} INFO - Processing /home/airflow/.local/lib/python3.8/site-packages/airflow/example_dags/example_complex.py took 0.074 seconds
[2024-04-16T10:19:09.836+0000] {processor.py:161} INFO - Started process (PID=1016) to work on /home/airflow/.local/lib/python3.8/site-packages/airflow/example_dags/example_complex.py
[2024-04-16T10:19:09.837+0000] {processor.py:830} INFO - Processing file /home/airflow/.local/lib/python3.8/site-packages/airflow/example_dags/example_complex.py for tasks to queue
[2024-04-16T10:19:09.839+0000] {logging_mixin.py:188} INFO - [2024-04-16T10:19:09.839+0000] {dagbag.py:540} INFO - Filling up the DagBag from /home/airflow/.local/lib/python3.8/site-packages/airflow/example_dags/example_complex.py
[2024-04-16T10:19:09.849+0000] {processor.py:840} INFO - DAG(s) 'example_complex' retrieved from /home/airflow/.local/lib/python3.8/site-packages/airflow/example_dags/example_complex.py
[2024-04-16T10:19:09.875+0000] {logging_mixin.py:188} INFO - [2024-04-16T10:19:09.874+0000] {dag.py:3047} INFO - Sync 1 DAGs
[2024-04-16T10:19:09.886+0000] {logging_mixin.py:188} INFO - [2024-04-16T10:19:09.886+0000] {dag.py:3834} INFO - Setting next_dagrun for example_complex to None, run_after=None
[2024-04-16T10:19:09.903+0000] {processor.py:183} INFO - Processing /home/airflow/.local/lib/python3.8/site-packages/airflow/example_dags/example_complex.py took 0.071 seconds
[2024-04-16T10:19:40.061+0000] {processor.py:161} INFO - Started process (PID=1075) to work on /home/airflow/.local/lib/python3.8/site-packages/airflow/example_dags/example_complex.py
[2024-04-16T10:19:40.063+0000] {processor.py:830} INFO - Processing file /home/airflow/.local/lib/python3.8/site-packages/airflow/example_dags/example_complex.py for tasks to queue
[2024-04-16T10:19:40.065+0000] {logging_mixin.py:188} INFO - [2024-04-16T10:19:40.064+0000] {dagbag.py:540} INFO - Filling up the DagBag from /home/airflow/.local/lib/python3.8/site-packages/airflow/example_dags/example_complex.py
[2024-04-16T10:19:40.073+0000] {processor.py:840} INFO - DAG(s) 'example_complex' retrieved from /home/airflow/.local/lib/python3.8/site-packages/airflow/example_dags/example_complex.py
[2024-04-16T10:19:40.101+0000] {logging_mixin.py:188} INFO - [2024-04-16T10:19:40.101+0000] {dag.py:3047} INFO - Sync 1 DAGs
[2024-04-16T10:19:40.113+0000] {logging_mixin.py:188} INFO - [2024-04-16T10:19:40.113+0000] {dag.py:3834} INFO - Setting next_dagrun for example_complex to None, run_after=None
[2024-04-16T10:19:40.133+0000] {processor.py:183} INFO - Processing /home/airflow/.local/lib/python3.8/site-packages/airflow/example_dags/example_complex.py took 0.074 seconds
[2024-04-16T10:20:10.425+0000] {processor.py:161} INFO - Started process (PID=1134) to work on /home/airflow/.local/lib/python3.8/site-packages/airflow/example_dags/example_complex.py
[2024-04-16T10:20:10.426+0000] {processor.py:830} INFO - Processing file /home/airflow/.local/lib/python3.8/site-packages/airflow/example_dags/example_complex.py for tasks to queue
[2024-04-16T10:20:10.428+0000] {logging_mixin.py:188} INFO - [2024-04-16T10:20:10.428+0000] {dagbag.py:540} INFO - Filling up the DagBag from /home/airflow/.local/lib/python3.8/site-packages/airflow/example_dags/example_complex.py
[2024-04-16T10:20:10.438+0000] {processor.py:840} INFO - DAG(s) 'example_complex' retrieved from /home/airflow/.local/lib/python3.8/site-packages/airflow/example_dags/example_complex.py
[2024-04-16T10:20:10.469+0000] {logging_mixin.py:188} INFO - [2024-04-16T10:20:10.469+0000] {dag.py:3047} INFO - Sync 1 DAGs
[2024-04-16T10:20:10.481+0000] {logging_mixin.py:188} INFO - [2024-04-16T10:20:10.481+0000] {dag.py:3834} INFO - Setting next_dagrun for example_complex to None, run_after=None
[2024-04-16T10:20:10.506+0000] {processor.py:183} INFO - Processing /home/airflow/.local/lib/python3.8/site-packages/airflow/example_dags/example_complex.py took 0.084 seconds
[2024-04-16T10:20:40.595+0000] {processor.py:161} INFO - Started process (PID=1193) to work on /home/airflow/.local/lib/python3.8/site-packages/airflow/example_dags/example_complex.py
[2024-04-16T10:20:40.596+0000] {processor.py:830} INFO - Processing file /home/airflow/.local/lib/python3.8/site-packages/airflow/example_dags/example_complex.py for tasks to queue
[2024-04-16T10:20:40.598+0000] {logging_mixin.py:188} INFO - [2024-04-16T10:20:40.598+0000] {dagbag.py:540} INFO - Filling up the DagBag from /home/airflow/.local/lib/python3.8/site-packages/airflow/example_dags/example_complex.py
[2024-04-16T10:20:40.608+0000] {processor.py:840} INFO - DAG(s) 'example_complex' retrieved from /home/airflow/.local/lib/python3.8/site-packages/airflow/example_dags/example_complex.py
[2024-04-16T10:20:40.638+0000] {logging_mixin.py:188} INFO - [2024-04-16T10:20:40.638+0000] {dag.py:3047} INFO - Sync 1 DAGs
[2024-04-16T10:20:40.656+0000] {logging_mixin.py:188} INFO - [2024-04-16T10:20:40.655+0000] {dag.py:3834} INFO - Setting next_dagrun for example_complex to None, run_after=None
[2024-04-16T10:20:40.704+0000] {processor.py:183} INFO - Processing /home/airflow/.local/lib/python3.8/site-packages/airflow/example_dags/example_complex.py took 0.113 seconds
[2024-04-16T10:21:11.200+0000] {processor.py:161} INFO - Started process (PID=1252) to work on /home/airflow/.local/lib/python3.8/site-packages/airflow/example_dags/example_complex.py
[2024-04-16T10:21:11.201+0000] {processor.py:830} INFO - Processing file /home/airflow/.local/lib/python3.8/site-packages/airflow/example_dags/example_complex.py for tasks to queue
[2024-04-16T10:21:11.203+0000] {logging_mixin.py:188} INFO - [2024-04-16T10:21:11.203+0000] {dagbag.py:540} INFO - Filling up the DagBag from /home/airflow/.local/lib/python3.8/site-packages/airflow/example_dags/example_complex.py
[2024-04-16T10:21:11.214+0000] {processor.py:840} INFO - DAG(s) 'example_complex' retrieved from /home/airflow/.local/lib/python3.8/site-packages/airflow/example_dags/example_complex.py
[2024-04-16T10:21:11.243+0000] {logging_mixin.py:188} INFO - [2024-04-16T10:21:11.243+0000] {dag.py:3047} INFO - Sync 1 DAGs
[2024-04-16T10:21:11.257+0000] {logging_mixin.py:188} INFO - [2024-04-16T10:21:11.257+0000] {dag.py:3834} INFO - Setting next_dagrun for example_complex to None, run_after=None
[2024-04-16T10:21:11.277+0000] {processor.py:183} INFO - Processing /home/airflow/.local/lib/python3.8/site-packages/airflow/example_dags/example_complex.py took 0.080 seconds
[2024-04-16T10:21:41.647+0000] {processor.py:161} INFO - Started process (PID=1311) to work on /home/airflow/.local/lib/python3.8/site-packages/airflow/example_dags/example_complex.py
[2024-04-16T10:21:41.648+0000] {processor.py:830} INFO - Processing file /home/airflow/.local/lib/python3.8/site-packages/airflow/example_dags/example_complex.py for tasks to queue
[2024-04-16T10:21:41.651+0000] {logging_mixin.py:188} INFO - [2024-04-16T10:21:41.650+0000] {dagbag.py:540} INFO - Filling up the DagBag from /home/airflow/.local/lib/python3.8/site-packages/airflow/example_dags/example_complex.py
[2024-04-16T10:21:41.663+0000] {processor.py:840} INFO - DAG(s) 'example_complex' retrieved from /home/airflow/.local/lib/python3.8/site-packages/airflow/example_dags/example_complex.py
[2024-04-16T10:21:41.708+0000] {logging_mixin.py:188} INFO - [2024-04-16T10:21:41.707+0000] {dag.py:3047} INFO - Sync 1 DAGs
[2024-04-16T10:21:41.725+0000] {logging_mixin.py:188} INFO - [2024-04-16T10:21:41.725+0000] {dag.py:3834} INFO - Setting next_dagrun for example_complex to None, run_after=None
[2024-04-16T10:21:41.754+0000] {processor.py:183} INFO - Processing /home/airflow/.local/lib/python3.8/site-packages/airflow/example_dags/example_complex.py took 0.112 seconds
[2024-04-16T10:22:11.834+0000] {processor.py:161} INFO - Started process (PID=1370) to work on /home/airflow/.local/lib/python3.8/site-packages/airflow/example_dags/example_complex.py
[2024-04-16T10:22:11.836+0000] {processor.py:830} INFO - Processing file /home/airflow/.local/lib/python3.8/site-packages/airflow/example_dags/example_complex.py for tasks to queue
[2024-04-16T10:22:11.838+0000] {logging_mixin.py:188} INFO - [2024-04-16T10:22:11.838+0000] {dagbag.py:540} INFO - Filling up the DagBag from /home/airflow/.local/lib/python3.8/site-packages/airflow/example_dags/example_complex.py
[2024-04-16T10:22:11.852+0000] {processor.py:840} INFO - DAG(s) 'example_complex' retrieved from /home/airflow/.local/lib/python3.8/site-packages/airflow/example_dags/example_complex.py
[2024-04-16T10:22:11.888+0000] {logging_mixin.py:188} INFO - [2024-04-16T10:22:11.887+0000] {dag.py:3047} INFO - Sync 1 DAGs
[2024-04-16T10:22:11.903+0000] {logging_mixin.py:188} INFO - [2024-04-16T10:22:11.902+0000] {dag.py:3834} INFO - Setting next_dagrun for example_complex to None, run_after=None
[2024-04-16T10:22:11.927+0000] {processor.py:183} INFO - Processing /home/airflow/.local/lib/python3.8/site-packages/airflow/example_dags/example_complex.py took 0.096 seconds
[2024-04-16T10:22:42.360+0000] {processor.py:161} INFO - Started process (PID=1429) to work on /home/airflow/.local/lib/python3.8/site-packages/airflow/example_dags/example_complex.py
[2024-04-16T10:22:42.362+0000] {processor.py:830} INFO - Processing file /home/airflow/.local/lib/python3.8/site-packages/airflow/example_dags/example_complex.py for tasks to queue
[2024-04-16T10:22:42.365+0000] {logging_mixin.py:188} INFO - [2024-04-16T10:22:42.364+0000] {dagbag.py:540} INFO - Filling up the DagBag from /home/airflow/.local/lib/python3.8/site-packages/airflow/example_dags/example_complex.py
[2024-04-16T10:22:42.376+0000] {processor.py:840} INFO - DAG(s) 'example_complex' retrieved from /home/airflow/.local/lib/python3.8/site-packages/airflow/example_dags/example_complex.py
[2024-04-16T10:22:42.405+0000] {logging_mixin.py:188} INFO - [2024-04-16T10:22:42.404+0000] {dag.py:3047} INFO - Sync 1 DAGs
[2024-04-16T10:22:42.416+0000] {logging_mixin.py:188} INFO - [2024-04-16T10:22:42.415+0000] {dag.py:3834} INFO - Setting next_dagrun for example_complex to None, run_after=None
[2024-04-16T10:22:42.434+0000] {processor.py:183} INFO - Processing /home/airflow/.local/lib/python3.8/site-packages/airflow/example_dags/example_complex.py took 0.077 seconds
[2024-04-16T10:23:13.027+0000] {processor.py:161} INFO - Started process (PID=1488) to work on /home/airflow/.local/lib/python3.8/site-packages/airflow/example_dags/example_complex.py
[2024-04-16T10:23:13.029+0000] {processor.py:830} INFO - Processing file /home/airflow/.local/lib/python3.8/site-packages/airflow/example_dags/example_complex.py for tasks to queue
[2024-04-16T10:23:13.031+0000] {logging_mixin.py:188} INFO - [2024-04-16T10:23:13.031+0000] {dagbag.py:540} INFO - Filling up the DagBag from /home/airflow/.local/lib/python3.8/site-packages/airflow/example_dags/example_complex.py
[2024-04-16T10:23:13.043+0000] {processor.py:840} INFO - DAG(s) 'example_complex' retrieved from /home/airflow/.local/lib/python3.8/site-packages/airflow/example_dags/example_complex.py
[2024-04-16T10:23:13.075+0000] {logging_mixin.py:188} INFO - [2024-04-16T10:23:13.075+0000] {dag.py:3047} INFO - Sync 1 DAGs
[2024-04-16T10:23:13.087+0000] {logging_mixin.py:188} INFO - [2024-04-16T10:23:13.087+0000] {dag.py:3834} INFO - Setting next_dagrun for example_complex to None, run_after=None
[2024-04-16T10:23:13.112+0000] {processor.py:183} INFO - Processing /home/airflow/.local/lib/python3.8/site-packages/airflow/example_dags/example_complex.py took 0.089 seconds
