[2024-04-16T10:11:03.385+0000] {processor.py:161} INFO - Started process (PID=54) to work on /home/airflow/.local/lib/python3.8/site-packages/airflow/example_dags/tutorial_dag.py
[2024-04-16T10:11:03.387+0000] {processor.py:830} INFO - Processing file /home/airflow/.local/lib/python3.8/site-packages/airflow/example_dags/tutorial_dag.py for tasks to queue
[2024-04-16T10:11:03.391+0000] {logging_mixin.py:188} INFO - [2024-04-16T10:11:03.390+0000] {dagbag.py:540} INFO - Filling up the DagBag from /home/airflow/.local/lib/python3.8/site-packages/airflow/example_dags/tutorial_dag.py
[2024-04-16T10:11:03.411+0000] {processor.py:840} INFO - DAG(s) 'tutorial_dag' retrieved from /home/airflow/.local/lib/python3.8/site-packages/airflow/example_dags/tutorial_dag.py
[2024-04-16T10:11:03.437+0000] {logging_mixin.py:188} INFO - [2024-04-16T10:11:03.437+0000] {dag.py:3047} INFO - Sync 1 DAGs
[2024-04-16T10:11:03.470+0000] {logging_mixin.py:188} INFO - [2024-04-16T10:11:03.470+0000] {dag.py:3834} INFO - Setting next_dagrun for tutorial_dag to None, run_after=None
[2024-04-16T10:11:03.506+0000] {processor.py:183} INFO - Processing /home/airflow/.local/lib/python3.8/site-packages/airflow/example_dags/tutorial_dag.py took 0.129 seconds
[2024-04-16T10:11:34.439+0000] {processor.py:161} INFO - Started process (PID=128) to work on /home/airflow/.local/lib/python3.8/site-packages/airflow/example_dags/tutorial_dag.py
[2024-04-16T10:11:34.440+0000] {processor.py:830} INFO - Processing file /home/airflow/.local/lib/python3.8/site-packages/airflow/example_dags/tutorial_dag.py for tasks to queue
[2024-04-16T10:11:34.443+0000] {logging_mixin.py:188} INFO - [2024-04-16T10:11:34.442+0000] {dagbag.py:540} INFO - Filling up the DagBag from /home/airflow/.local/lib/python3.8/site-packages/airflow/example_dags/tutorial_dag.py
[2024-04-16T10:11:34.449+0000] {processor.py:840} INFO - DAG(s) 'tutorial_dag' retrieved from /home/airflow/.local/lib/python3.8/site-packages/airflow/example_dags/tutorial_dag.py
[2024-04-16T10:11:34.541+0000] {logging_mixin.py:188} INFO - [2024-04-16T10:11:34.540+0000] {dag.py:3047} INFO - Sync 1 DAGs
[2024-04-16T10:11:34.552+0000] {logging_mixin.py:188} INFO - [2024-04-16T10:11:34.552+0000] {dag.py:3834} INFO - Setting next_dagrun for tutorial_dag to None, run_after=None
[2024-04-16T10:11:34.576+0000] {processor.py:183} INFO - Processing /home/airflow/.local/lib/python3.8/site-packages/airflow/example_dags/tutorial_dag.py took 0.141 seconds
[2024-04-16T10:12:04.652+0000] {processor.py:161} INFO - Started process (PID=187) to work on /home/airflow/.local/lib/python3.8/site-packages/airflow/example_dags/tutorial_dag.py
[2024-04-16T10:12:04.654+0000] {processor.py:830} INFO - Processing file /home/airflow/.local/lib/python3.8/site-packages/airflow/example_dags/tutorial_dag.py for tasks to queue
[2024-04-16T10:12:04.659+0000] {logging_mixin.py:188} INFO - [2024-04-16T10:12:04.658+0000] {dagbag.py:540} INFO - Filling up the DagBag from /home/airflow/.local/lib/python3.8/site-packages/airflow/example_dags/tutorial_dag.py
[2024-04-16T10:12:04.675+0000] {processor.py:840} INFO - DAG(s) 'tutorial_dag' retrieved from /home/airflow/.local/lib/python3.8/site-packages/airflow/example_dags/tutorial_dag.py
[2024-04-16T10:12:04.708+0000] {logging_mixin.py:188} INFO - [2024-04-16T10:12:04.708+0000] {dag.py:3047} INFO - Sync 1 DAGs
[2024-04-16T10:12:04.721+0000] {logging_mixin.py:188} INFO - [2024-04-16T10:12:04.721+0000] {dag.py:3834} INFO - Setting next_dagrun for tutorial_dag to None, run_after=None
[2024-04-16T10:12:04.742+0000] {processor.py:183} INFO - Processing /home/airflow/.local/lib/python3.8/site-packages/airflow/example_dags/tutorial_dag.py took 0.095 seconds
[2024-04-16T10:12:35.153+0000] {processor.py:161} INFO - Started process (PID=246) to work on /home/airflow/.local/lib/python3.8/site-packages/airflow/example_dags/tutorial_dag.py
[2024-04-16T10:12:35.155+0000] {processor.py:830} INFO - Processing file /home/airflow/.local/lib/python3.8/site-packages/airflow/example_dags/tutorial_dag.py for tasks to queue
[2024-04-16T10:12:35.158+0000] {logging_mixin.py:188} INFO - [2024-04-16T10:12:35.158+0000] {dagbag.py:540} INFO - Filling up the DagBag from /home/airflow/.local/lib/python3.8/site-packages/airflow/example_dags/tutorial_dag.py
[2024-04-16T10:12:35.164+0000] {processor.py:840} INFO - DAG(s) 'tutorial_dag' retrieved from /home/airflow/.local/lib/python3.8/site-packages/airflow/example_dags/tutorial_dag.py
[2024-04-16T10:12:35.186+0000] {logging_mixin.py:188} INFO - [2024-04-16T10:12:35.185+0000] {dag.py:3047} INFO - Sync 1 DAGs
[2024-04-16T10:12:35.198+0000] {logging_mixin.py:188} INFO - [2024-04-16T10:12:35.198+0000] {dag.py:3834} INFO - Setting next_dagrun for tutorial_dag to None, run_after=None
[2024-04-16T10:12:35.218+0000] {processor.py:183} INFO - Processing /home/airflow/.local/lib/python3.8/site-packages/airflow/example_dags/tutorial_dag.py took 0.069 seconds
[2024-04-16T10:13:05.339+0000] {processor.py:161} INFO - Started process (PID=305) to work on /home/airflow/.local/lib/python3.8/site-packages/airflow/example_dags/tutorial_dag.py
[2024-04-16T10:13:05.340+0000] {processor.py:830} INFO - Processing file /home/airflow/.local/lib/python3.8/site-packages/airflow/example_dags/tutorial_dag.py for tasks to queue
[2024-04-16T10:13:05.342+0000] {logging_mixin.py:188} INFO - [2024-04-16T10:13:05.342+0000] {dagbag.py:540} INFO - Filling up the DagBag from /home/airflow/.local/lib/python3.8/site-packages/airflow/example_dags/tutorial_dag.py
[2024-04-16T10:13:05.347+0000] {processor.py:840} INFO - DAG(s) 'tutorial_dag' retrieved from /home/airflow/.local/lib/python3.8/site-packages/airflow/example_dags/tutorial_dag.py
[2024-04-16T10:13:05.364+0000] {logging_mixin.py:188} INFO - [2024-04-16T10:13:05.364+0000] {dag.py:3047} INFO - Sync 1 DAGs
[2024-04-16T10:13:05.376+0000] {logging_mixin.py:188} INFO - [2024-04-16T10:13:05.376+0000] {dag.py:3834} INFO - Setting next_dagrun for tutorial_dag to None, run_after=None
[2024-04-16T10:13:05.406+0000] {processor.py:183} INFO - Processing /home/airflow/.local/lib/python3.8/site-packages/airflow/example_dags/tutorial_dag.py took 0.069 seconds
[2024-04-16T10:13:35.557+0000] {processor.py:161} INFO - Started process (PID=364) to work on /home/airflow/.local/lib/python3.8/site-packages/airflow/example_dags/tutorial_dag.py
[2024-04-16T10:13:35.559+0000] {processor.py:830} INFO - Processing file /home/airflow/.local/lib/python3.8/site-packages/airflow/example_dags/tutorial_dag.py for tasks to queue
[2024-04-16T10:13:35.561+0000] {logging_mixin.py:188} INFO - [2024-04-16T10:13:35.560+0000] {dagbag.py:540} INFO - Filling up the DagBag from /home/airflow/.local/lib/python3.8/site-packages/airflow/example_dags/tutorial_dag.py
[2024-04-16T10:13:35.566+0000] {processor.py:840} INFO - DAG(s) 'tutorial_dag' retrieved from /home/airflow/.local/lib/python3.8/site-packages/airflow/example_dags/tutorial_dag.py
[2024-04-16T10:13:35.585+0000] {logging_mixin.py:188} INFO - [2024-04-16T10:13:35.584+0000] {dag.py:3047} INFO - Sync 1 DAGs
[2024-04-16T10:13:35.595+0000] {logging_mixin.py:188} INFO - [2024-04-16T10:13:35.595+0000] {dag.py:3834} INFO - Setting next_dagrun for tutorial_dag to None, run_after=None
[2024-04-16T10:13:35.612+0000] {processor.py:183} INFO - Processing /home/airflow/.local/lib/python3.8/site-packages/airflow/example_dags/tutorial_dag.py took 0.058 seconds
[2024-04-16T10:14:05.966+0000] {processor.py:161} INFO - Started process (PID=423) to work on /home/airflow/.local/lib/python3.8/site-packages/airflow/example_dags/tutorial_dag.py
[2024-04-16T10:14:05.967+0000] {processor.py:830} INFO - Processing file /home/airflow/.local/lib/python3.8/site-packages/airflow/example_dags/tutorial_dag.py for tasks to queue
[2024-04-16T10:14:05.969+0000] {logging_mixin.py:188} INFO - [2024-04-16T10:14:05.969+0000] {dagbag.py:540} INFO - Filling up the DagBag from /home/airflow/.local/lib/python3.8/site-packages/airflow/example_dags/tutorial_dag.py
[2024-04-16T10:14:05.974+0000] {processor.py:840} INFO - DAG(s) 'tutorial_dag' retrieved from /home/airflow/.local/lib/python3.8/site-packages/airflow/example_dags/tutorial_dag.py
[2024-04-16T10:14:05.991+0000] {logging_mixin.py:188} INFO - [2024-04-16T10:14:05.991+0000] {dag.py:3047} INFO - Sync 1 DAGs
[2024-04-16T10:14:06.002+0000] {logging_mixin.py:188} INFO - [2024-04-16T10:14:06.002+0000] {dag.py:3834} INFO - Setting next_dagrun for tutorial_dag to None, run_after=None
[2024-04-16T10:14:06.020+0000] {processor.py:183} INFO - Processing /home/airflow/.local/lib/python3.8/site-packages/airflow/example_dags/tutorial_dag.py took 0.058 seconds
[2024-04-16T10:14:36.361+0000] {processor.py:161} INFO - Started process (PID=482) to work on /home/airflow/.local/lib/python3.8/site-packages/airflow/example_dags/tutorial_dag.py
[2024-04-16T10:14:36.363+0000] {processor.py:830} INFO - Processing file /home/airflow/.local/lib/python3.8/site-packages/airflow/example_dags/tutorial_dag.py for tasks to queue
[2024-04-16T10:14:36.365+0000] {logging_mixin.py:188} INFO - [2024-04-16T10:14:36.365+0000] {dagbag.py:540} INFO - Filling up the DagBag from /home/airflow/.local/lib/python3.8/site-packages/airflow/example_dags/tutorial_dag.py
[2024-04-16T10:14:36.372+0000] {processor.py:840} INFO - DAG(s) 'tutorial_dag' retrieved from /home/airflow/.local/lib/python3.8/site-packages/airflow/example_dags/tutorial_dag.py
[2024-04-16T10:14:36.393+0000] {logging_mixin.py:188} INFO - [2024-04-16T10:14:36.393+0000] {dag.py:3047} INFO - Sync 1 DAGs
[2024-04-16T10:14:36.405+0000] {logging_mixin.py:188} INFO - [2024-04-16T10:14:36.405+0000] {dag.py:3834} INFO - Setting next_dagrun for tutorial_dag to None, run_after=None
[2024-04-16T10:14:36.426+0000] {processor.py:183} INFO - Processing /home/airflow/.local/lib/python3.8/site-packages/airflow/example_dags/tutorial_dag.py took 0.068 seconds
[2024-04-16T10:15:06.744+0000] {processor.py:161} INFO - Started process (PID=541) to work on /home/airflow/.local/lib/python3.8/site-packages/airflow/example_dags/tutorial_dag.py
[2024-04-16T10:15:06.747+0000] {processor.py:830} INFO - Processing file /home/airflow/.local/lib/python3.8/site-packages/airflow/example_dags/tutorial_dag.py for tasks to queue
[2024-04-16T10:15:06.750+0000] {logging_mixin.py:188} INFO - [2024-04-16T10:15:06.749+0000] {dagbag.py:540} INFO - Filling up the DagBag from /home/airflow/.local/lib/python3.8/site-packages/airflow/example_dags/tutorial_dag.py
[2024-04-16T10:15:06.761+0000] {processor.py:840} INFO - DAG(s) 'tutorial_dag' retrieved from /home/airflow/.local/lib/python3.8/site-packages/airflow/example_dags/tutorial_dag.py
[2024-04-16T10:15:06.795+0000] {logging_mixin.py:188} INFO - [2024-04-16T10:15:06.794+0000] {dag.py:3047} INFO - Sync 1 DAGs
[2024-04-16T10:15:06.818+0000] {logging_mixin.py:188} INFO - [2024-04-16T10:15:06.818+0000] {dag.py:3834} INFO - Setting next_dagrun for tutorial_dag to None, run_after=None
[2024-04-16T10:15:06.859+0000] {processor.py:183} INFO - Processing /home/airflow/.local/lib/python3.8/site-packages/airflow/example_dags/tutorial_dag.py took 0.121 seconds
[2024-04-16T10:15:36.991+0000] {processor.py:161} INFO - Started process (PID=600) to work on /home/airflow/.local/lib/python3.8/site-packages/airflow/example_dags/tutorial_dag.py
[2024-04-16T10:15:36.993+0000] {processor.py:830} INFO - Processing file /home/airflow/.local/lib/python3.8/site-packages/airflow/example_dags/tutorial_dag.py for tasks to queue
[2024-04-16T10:15:36.995+0000] {logging_mixin.py:188} INFO - [2024-04-16T10:15:36.994+0000] {dagbag.py:540} INFO - Filling up the DagBag from /home/airflow/.local/lib/python3.8/site-packages/airflow/example_dags/tutorial_dag.py
[2024-04-16T10:15:37.001+0000] {processor.py:840} INFO - DAG(s) 'tutorial_dag' retrieved from /home/airflow/.local/lib/python3.8/site-packages/airflow/example_dags/tutorial_dag.py
[2024-04-16T10:15:37.021+0000] {logging_mixin.py:188} INFO - [2024-04-16T10:15:37.021+0000] {dag.py:3047} INFO - Sync 1 DAGs
[2024-04-16T10:15:37.034+0000] {logging_mixin.py:188} INFO - [2024-04-16T10:15:37.034+0000] {dag.py:3834} INFO - Setting next_dagrun for tutorial_dag to None, run_after=None
[2024-04-16T10:15:37.057+0000] {processor.py:183} INFO - Processing /home/airflow/.local/lib/python3.8/site-packages/airflow/example_dags/tutorial_dag.py took 0.069 seconds
[2024-04-16T10:16:07.544+0000] {processor.py:161} INFO - Started process (PID=659) to work on /home/airflow/.local/lib/python3.8/site-packages/airflow/example_dags/tutorial_dag.py
[2024-04-16T10:16:07.545+0000] {processor.py:830} INFO - Processing file /home/airflow/.local/lib/python3.8/site-packages/airflow/example_dags/tutorial_dag.py for tasks to queue
[2024-04-16T10:16:07.548+0000] {logging_mixin.py:188} INFO - [2024-04-16T10:16:07.547+0000] {dagbag.py:540} INFO - Filling up the DagBag from /home/airflow/.local/lib/python3.8/site-packages/airflow/example_dags/tutorial_dag.py
[2024-04-16T10:16:07.554+0000] {processor.py:840} INFO - DAG(s) 'tutorial_dag' retrieved from /home/airflow/.local/lib/python3.8/site-packages/airflow/example_dags/tutorial_dag.py
[2024-04-16T10:16:07.575+0000] {logging_mixin.py:188} INFO - [2024-04-16T10:16:07.575+0000] {dag.py:3047} INFO - Sync 1 DAGs
[2024-04-16T10:16:07.588+0000] {logging_mixin.py:188} INFO - [2024-04-16T10:16:07.588+0000] {dag.py:3834} INFO - Setting next_dagrun for tutorial_dag to None, run_after=None
[2024-04-16T10:16:07.609+0000] {processor.py:183} INFO - Processing /home/airflow/.local/lib/python3.8/site-packages/airflow/example_dags/tutorial_dag.py took 0.069 seconds
[2024-04-16T10:16:38.199+0000] {processor.py:161} INFO - Started process (PID=718) to work on /home/airflow/.local/lib/python3.8/site-packages/airflow/example_dags/tutorial_dag.py
[2024-04-16T10:16:38.200+0000] {processor.py:830} INFO - Processing file /home/airflow/.local/lib/python3.8/site-packages/airflow/example_dags/tutorial_dag.py for tasks to queue
[2024-04-16T10:16:38.203+0000] {logging_mixin.py:188} INFO - [2024-04-16T10:16:38.202+0000] {dagbag.py:540} INFO - Filling up the DagBag from /home/airflow/.local/lib/python3.8/site-packages/airflow/example_dags/tutorial_dag.py
[2024-04-16T10:16:38.209+0000] {processor.py:840} INFO - DAG(s) 'tutorial_dag' retrieved from /home/airflow/.local/lib/python3.8/site-packages/airflow/example_dags/tutorial_dag.py
[2024-04-16T10:16:38.231+0000] {logging_mixin.py:188} INFO - [2024-04-16T10:16:38.230+0000] {dag.py:3047} INFO - Sync 1 DAGs
[2024-04-16T10:16:38.242+0000] {logging_mixin.py:188} INFO - [2024-04-16T10:16:38.242+0000] {dag.py:3834} INFO - Setting next_dagrun for tutorial_dag to None, run_after=None
[2024-04-16T10:16:38.260+0000] {processor.py:183} INFO - Processing /home/airflow/.local/lib/python3.8/site-packages/airflow/example_dags/tutorial_dag.py took 0.065 seconds
[2024-04-16T10:17:08.583+0000] {processor.py:161} INFO - Started process (PID=777) to work on /home/airflow/.local/lib/python3.8/site-packages/airflow/example_dags/tutorial_dag.py
[2024-04-16T10:17:08.585+0000] {processor.py:830} INFO - Processing file /home/airflow/.local/lib/python3.8/site-packages/airflow/example_dags/tutorial_dag.py for tasks to queue
[2024-04-16T10:17:08.588+0000] {logging_mixin.py:188} INFO - [2024-04-16T10:17:08.587+0000] {dagbag.py:540} INFO - Filling up the DagBag from /home/airflow/.local/lib/python3.8/site-packages/airflow/example_dags/tutorial_dag.py
[2024-04-16T10:17:08.594+0000] {processor.py:840} INFO - DAG(s) 'tutorial_dag' retrieved from /home/airflow/.local/lib/python3.8/site-packages/airflow/example_dags/tutorial_dag.py
[2024-04-16T10:17:08.618+0000] {logging_mixin.py:188} INFO - [2024-04-16T10:17:08.618+0000] {dag.py:3047} INFO - Sync 1 DAGs
[2024-04-16T10:17:08.634+0000] {logging_mixin.py:188} INFO - [2024-04-16T10:17:08.634+0000] {dag.py:3834} INFO - Setting next_dagrun for tutorial_dag to None, run_after=None
[2024-04-16T10:17:08.662+0000] {processor.py:183} INFO - Processing /home/airflow/.local/lib/python3.8/site-packages/airflow/example_dags/tutorial_dag.py took 0.082 seconds
[2024-04-16T10:17:38.810+0000] {processor.py:161} INFO - Started process (PID=836) to work on /home/airflow/.local/lib/python3.8/site-packages/airflow/example_dags/tutorial_dag.py
[2024-04-16T10:17:38.811+0000] {processor.py:830} INFO - Processing file /home/airflow/.local/lib/python3.8/site-packages/airflow/example_dags/tutorial_dag.py for tasks to queue
[2024-04-16T10:17:38.813+0000] {logging_mixin.py:188} INFO - [2024-04-16T10:17:38.813+0000] {dagbag.py:540} INFO - Filling up the DagBag from /home/airflow/.local/lib/python3.8/site-packages/airflow/example_dags/tutorial_dag.py
[2024-04-16T10:17:38.819+0000] {processor.py:840} INFO - DAG(s) 'tutorial_dag' retrieved from /home/airflow/.local/lib/python3.8/site-packages/airflow/example_dags/tutorial_dag.py
[2024-04-16T10:17:38.837+0000] {logging_mixin.py:188} INFO - [2024-04-16T10:17:38.837+0000] {dag.py:3047} INFO - Sync 1 DAGs
[2024-04-16T10:17:38.848+0000] {logging_mixin.py:188} INFO - [2024-04-16T10:17:38.848+0000] {dag.py:3834} INFO - Setting next_dagrun for tutorial_dag to None, run_after=None
[2024-04-16T10:17:38.866+0000] {processor.py:183} INFO - Processing /home/airflow/.local/lib/python3.8/site-packages/airflow/example_dags/tutorial_dag.py took 0.059 seconds
[2024-04-16T10:18:09.038+0000] {processor.py:161} INFO - Started process (PID=895) to work on /home/airflow/.local/lib/python3.8/site-packages/airflow/example_dags/tutorial_dag.py
[2024-04-16T10:18:09.039+0000] {processor.py:830} INFO - Processing file /home/airflow/.local/lib/python3.8/site-packages/airflow/example_dags/tutorial_dag.py for tasks to queue
[2024-04-16T10:18:09.041+0000] {logging_mixin.py:188} INFO - [2024-04-16T10:18:09.041+0000] {dagbag.py:540} INFO - Filling up the DagBag from /home/airflow/.local/lib/python3.8/site-packages/airflow/example_dags/tutorial_dag.py
[2024-04-16T10:18:09.046+0000] {processor.py:840} INFO - DAG(s) 'tutorial_dag' retrieved from /home/airflow/.local/lib/python3.8/site-packages/airflow/example_dags/tutorial_dag.py
[2024-04-16T10:18:09.063+0000] {logging_mixin.py:188} INFO - [2024-04-16T10:18:09.063+0000] {dag.py:3047} INFO - Sync 1 DAGs
[2024-04-16T10:18:09.075+0000] {logging_mixin.py:188} INFO - [2024-04-16T10:18:09.075+0000] {dag.py:3834} INFO - Setting next_dagrun for tutorial_dag to None, run_after=None
[2024-04-16T10:18:09.092+0000] {processor.py:183} INFO - Processing /home/airflow/.local/lib/python3.8/site-packages/airflow/example_dags/tutorial_dag.py took 0.057 seconds
[2024-04-16T10:18:39.269+0000] {processor.py:161} INFO - Started process (PID=954) to work on /home/airflow/.local/lib/python3.8/site-packages/airflow/example_dags/tutorial_dag.py
[2024-04-16T10:18:39.271+0000] {processor.py:830} INFO - Processing file /home/airflow/.local/lib/python3.8/site-packages/airflow/example_dags/tutorial_dag.py for tasks to queue
[2024-04-16T10:18:39.273+0000] {logging_mixin.py:188} INFO - [2024-04-16T10:18:39.273+0000] {dagbag.py:540} INFO - Filling up the DagBag from /home/airflow/.local/lib/python3.8/site-packages/airflow/example_dags/tutorial_dag.py
[2024-04-16T10:18:39.278+0000] {processor.py:840} INFO - DAG(s) 'tutorial_dag' retrieved from /home/airflow/.local/lib/python3.8/site-packages/airflow/example_dags/tutorial_dag.py
[2024-04-16T10:18:39.296+0000] {logging_mixin.py:188} INFO - [2024-04-16T10:18:39.296+0000] {dag.py:3047} INFO - Sync 1 DAGs
[2024-04-16T10:18:39.306+0000] {logging_mixin.py:188} INFO - [2024-04-16T10:18:39.306+0000] {dag.py:3834} INFO - Setting next_dagrun for tutorial_dag to None, run_after=None
[2024-04-16T10:18:39.324+0000] {processor.py:183} INFO - Processing /home/airflow/.local/lib/python3.8/site-packages/airflow/example_dags/tutorial_dag.py took 0.058 seconds
[2024-04-16T10:19:09.666+0000] {processor.py:161} INFO - Started process (PID=1013) to work on /home/airflow/.local/lib/python3.8/site-packages/airflow/example_dags/tutorial_dag.py
[2024-04-16T10:19:09.667+0000] {processor.py:830} INFO - Processing file /home/airflow/.local/lib/python3.8/site-packages/airflow/example_dags/tutorial_dag.py for tasks to queue
[2024-04-16T10:19:09.669+0000] {logging_mixin.py:188} INFO - [2024-04-16T10:19:09.669+0000] {dagbag.py:540} INFO - Filling up the DagBag from /home/airflow/.local/lib/python3.8/site-packages/airflow/example_dags/tutorial_dag.py
[2024-04-16T10:19:09.674+0000] {processor.py:840} INFO - DAG(s) 'tutorial_dag' retrieved from /home/airflow/.local/lib/python3.8/site-packages/airflow/example_dags/tutorial_dag.py
[2024-04-16T10:19:09.691+0000] {logging_mixin.py:188} INFO - [2024-04-16T10:19:09.691+0000] {dag.py:3047} INFO - Sync 1 DAGs
[2024-04-16T10:19:09.702+0000] {logging_mixin.py:188} INFO - [2024-04-16T10:19:09.702+0000] {dag.py:3834} INFO - Setting next_dagrun for tutorial_dag to None, run_after=None
[2024-04-16T10:19:09.725+0000] {processor.py:183} INFO - Processing /home/airflow/.local/lib/python3.8/site-packages/airflow/example_dags/tutorial_dag.py took 0.062 seconds
[2024-04-16T10:19:39.893+0000] {processor.py:161} INFO - Started process (PID=1072) to work on /home/airflow/.local/lib/python3.8/site-packages/airflow/example_dags/tutorial_dag.py
[2024-04-16T10:19:39.894+0000] {processor.py:830} INFO - Processing file /home/airflow/.local/lib/python3.8/site-packages/airflow/example_dags/tutorial_dag.py for tasks to queue
[2024-04-16T10:19:39.897+0000] {logging_mixin.py:188} INFO - [2024-04-16T10:19:39.896+0000] {dagbag.py:540} INFO - Filling up the DagBag from /home/airflow/.local/lib/python3.8/site-packages/airflow/example_dags/tutorial_dag.py
[2024-04-16T10:19:39.902+0000] {processor.py:840} INFO - DAG(s) 'tutorial_dag' retrieved from /home/airflow/.local/lib/python3.8/site-packages/airflow/example_dags/tutorial_dag.py
[2024-04-16T10:19:39.924+0000] {logging_mixin.py:188} INFO - [2024-04-16T10:19:39.923+0000] {dag.py:3047} INFO - Sync 1 DAGs
[2024-04-16T10:19:39.934+0000] {logging_mixin.py:188} INFO - [2024-04-16T10:19:39.934+0000] {dag.py:3834} INFO - Setting next_dagrun for tutorial_dag to None, run_after=None
[2024-04-16T10:19:39.954+0000] {processor.py:183} INFO - Processing /home/airflow/.local/lib/python3.8/site-packages/airflow/example_dags/tutorial_dag.py took 0.065 seconds
[2024-04-16T10:20:10.239+0000] {processor.py:161} INFO - Started process (PID=1131) to work on /home/airflow/.local/lib/python3.8/site-packages/airflow/example_dags/tutorial_dag.py
[2024-04-16T10:20:10.240+0000] {processor.py:830} INFO - Processing file /home/airflow/.local/lib/python3.8/site-packages/airflow/example_dags/tutorial_dag.py for tasks to queue
[2024-04-16T10:20:10.242+0000] {logging_mixin.py:188} INFO - [2024-04-16T10:20:10.242+0000] {dagbag.py:540} INFO - Filling up the DagBag from /home/airflow/.local/lib/python3.8/site-packages/airflow/example_dags/tutorial_dag.py
[2024-04-16T10:20:10.247+0000] {processor.py:840} INFO - DAG(s) 'tutorial_dag' retrieved from /home/airflow/.local/lib/python3.8/site-packages/airflow/example_dags/tutorial_dag.py
[2024-04-16T10:20:10.266+0000] {logging_mixin.py:188} INFO - [2024-04-16T10:20:10.266+0000] {dag.py:3047} INFO - Sync 1 DAGs
[2024-04-16T10:20:10.278+0000] {logging_mixin.py:188} INFO - [2024-04-16T10:20:10.277+0000] {dag.py:3834} INFO - Setting next_dagrun for tutorial_dag to None, run_after=None
[2024-04-16T10:20:10.303+0000] {processor.py:183} INFO - Processing /home/airflow/.local/lib/python3.8/site-packages/airflow/example_dags/tutorial_dag.py took 0.068 seconds
[2024-04-16T10:20:40.365+0000] {processor.py:161} INFO - Started process (PID=1190) to work on /home/airflow/.local/lib/python3.8/site-packages/airflow/example_dags/tutorial_dag.py
[2024-04-16T10:20:40.366+0000] {processor.py:830} INFO - Processing file /home/airflow/.local/lib/python3.8/site-packages/airflow/example_dags/tutorial_dag.py for tasks to queue
[2024-04-16T10:20:40.368+0000] {logging_mixin.py:188} INFO - [2024-04-16T10:20:40.367+0000] {dagbag.py:540} INFO - Filling up the DagBag from /home/airflow/.local/lib/python3.8/site-packages/airflow/example_dags/tutorial_dag.py
[2024-04-16T10:20:40.373+0000] {processor.py:840} INFO - DAG(s) 'tutorial_dag' retrieved from /home/airflow/.local/lib/python3.8/site-packages/airflow/example_dags/tutorial_dag.py
[2024-04-16T10:20:40.392+0000] {logging_mixin.py:188} INFO - [2024-04-16T10:20:40.391+0000] {dag.py:3047} INFO - Sync 1 DAGs
[2024-04-16T10:20:40.406+0000] {logging_mixin.py:188} INFO - [2024-04-16T10:20:40.405+0000] {dag.py:3834} INFO - Setting next_dagrun for tutorial_dag to None, run_after=None
[2024-04-16T10:20:40.426+0000] {processor.py:183} INFO - Processing /home/airflow/.local/lib/python3.8/site-packages/airflow/example_dags/tutorial_dag.py took 0.065 seconds
[2024-04-16T10:21:10.992+0000] {processor.py:161} INFO - Started process (PID=1249) to work on /home/airflow/.local/lib/python3.8/site-packages/airflow/example_dags/tutorial_dag.py
[2024-04-16T10:21:10.994+0000] {processor.py:830} INFO - Processing file /home/airflow/.local/lib/python3.8/site-packages/airflow/example_dags/tutorial_dag.py for tasks to queue
[2024-04-16T10:21:10.997+0000] {logging_mixin.py:188} INFO - [2024-04-16T10:21:10.996+0000] {dagbag.py:540} INFO - Filling up the DagBag from /home/airflow/.local/lib/python3.8/site-packages/airflow/example_dags/tutorial_dag.py
[2024-04-16T10:21:11.003+0000] {processor.py:840} INFO - DAG(s) 'tutorial_dag' retrieved from /home/airflow/.local/lib/python3.8/site-packages/airflow/example_dags/tutorial_dag.py
[2024-04-16T10:21:11.027+0000] {logging_mixin.py:188} INFO - [2024-04-16T10:21:11.027+0000] {dag.py:3047} INFO - Sync 1 DAGs
[2024-04-16T10:21:11.039+0000] {logging_mixin.py:188} INFO - [2024-04-16T10:21:11.039+0000] {dag.py:3834} INFO - Setting next_dagrun for tutorial_dag to None, run_after=None
[2024-04-16T10:21:11.059+0000] {processor.py:183} INFO - Processing /home/airflow/.local/lib/python3.8/site-packages/airflow/example_dags/tutorial_dag.py took 0.072 seconds
[2024-04-16T10:21:41.389+0000] {processor.py:161} INFO - Started process (PID=1308) to work on /home/airflow/.local/lib/python3.8/site-packages/airflow/example_dags/tutorial_dag.py
[2024-04-16T10:21:41.391+0000] {processor.py:830} INFO - Processing file /home/airflow/.local/lib/python3.8/site-packages/airflow/example_dags/tutorial_dag.py for tasks to queue
[2024-04-16T10:21:41.395+0000] {logging_mixin.py:188} INFO - [2024-04-16T10:21:41.395+0000] {dagbag.py:540} INFO - Filling up the DagBag from /home/airflow/.local/lib/python3.8/site-packages/airflow/example_dags/tutorial_dag.py
[2024-04-16T10:21:41.402+0000] {processor.py:840} INFO - DAG(s) 'tutorial_dag' retrieved from /home/airflow/.local/lib/python3.8/site-packages/airflow/example_dags/tutorial_dag.py
[2024-04-16T10:21:41.429+0000] {logging_mixin.py:188} INFO - [2024-04-16T10:21:41.428+0000] {dag.py:3047} INFO - Sync 1 DAGs
[2024-04-16T10:21:41.446+0000] {logging_mixin.py:188} INFO - [2024-04-16T10:21:41.446+0000] {dag.py:3834} INFO - Setting next_dagrun for tutorial_dag to None, run_after=None
[2024-04-16T10:21:41.476+0000] {processor.py:183} INFO - Processing /home/airflow/.local/lib/python3.8/site-packages/airflow/example_dags/tutorial_dag.py took 0.090 seconds
[2024-04-16T10:22:11.563+0000] {processor.py:161} INFO - Started process (PID=1367) to work on /home/airflow/.local/lib/python3.8/site-packages/airflow/example_dags/tutorial_dag.py
[2024-04-16T10:22:11.565+0000] {processor.py:830} INFO - Processing file /home/airflow/.local/lib/python3.8/site-packages/airflow/example_dags/tutorial_dag.py for tasks to queue
[2024-04-16T10:22:11.567+0000] {logging_mixin.py:188} INFO - [2024-04-16T10:22:11.567+0000] {dagbag.py:540} INFO - Filling up the DagBag from /home/airflow/.local/lib/python3.8/site-packages/airflow/example_dags/tutorial_dag.py
[2024-04-16T10:22:11.574+0000] {processor.py:840} INFO - DAG(s) 'tutorial_dag' retrieved from /home/airflow/.local/lib/python3.8/site-packages/airflow/example_dags/tutorial_dag.py
[2024-04-16T10:22:11.597+0000] {logging_mixin.py:188} INFO - [2024-04-16T10:22:11.597+0000] {dag.py:3047} INFO - Sync 1 DAGs
[2024-04-16T10:22:11.610+0000] {logging_mixin.py:188} INFO - [2024-04-16T10:22:11.610+0000] {dag.py:3834} INFO - Setting next_dagrun for tutorial_dag to None, run_after=None
[2024-04-16T10:22:11.629+0000] {processor.py:183} INFO - Processing /home/airflow/.local/lib/python3.8/site-packages/airflow/example_dags/tutorial_dag.py took 0.069 seconds
[2024-04-16T10:22:42.101+0000] {processor.py:161} INFO - Started process (PID=1426) to work on /home/airflow/.local/lib/python3.8/site-packages/airflow/example_dags/tutorial_dag.py
[2024-04-16T10:22:42.103+0000] {processor.py:830} INFO - Processing file /home/airflow/.local/lib/python3.8/site-packages/airflow/example_dags/tutorial_dag.py for tasks to queue
[2024-04-16T10:22:42.105+0000] {logging_mixin.py:188} INFO - [2024-04-16T10:22:42.105+0000] {dagbag.py:540} INFO - Filling up the DagBag from /home/airflow/.local/lib/python3.8/site-packages/airflow/example_dags/tutorial_dag.py
[2024-04-16T10:22:42.113+0000] {processor.py:840} INFO - DAG(s) 'tutorial_dag' retrieved from /home/airflow/.local/lib/python3.8/site-packages/airflow/example_dags/tutorial_dag.py
[2024-04-16T10:22:42.139+0000] {logging_mixin.py:188} INFO - [2024-04-16T10:22:42.139+0000] {dag.py:3047} INFO - Sync 1 DAGs
[2024-04-16T10:22:42.152+0000] {logging_mixin.py:188} INFO - [2024-04-16T10:22:42.152+0000] {dag.py:3834} INFO - Setting next_dagrun for tutorial_dag to None, run_after=None
[2024-04-16T10:22:42.182+0000] {processor.py:183} INFO - Processing /home/airflow/.local/lib/python3.8/site-packages/airflow/example_dags/tutorial_dag.py took 0.085 seconds
