[2024-04-16T10:11:02.269+0000] {processor.py:161} INFO - Started process (PID=44) to work on /opt/airflow/dags/prioritas_1_dag.py
[2024-04-16T10:11:02.271+0000] {processor.py:830} INFO - Processing file /opt/airflow/dags/prioritas_1_dag.py for tasks to queue
[2024-04-16T10:11:02.274+0000] {logging_mixin.py:188} INFO - [2024-04-16T10:11:02.274+0000] {dagbag.py:540} INFO - Filling up the DagBag from /opt/airflow/dags/prioritas_1_dag.py
[2024-04-16T10:11:02.305+0000] {processor.py:840} INFO - DAG(s) 'prioritas_1' retrieved from /opt/airflow/dags/prioritas_1_dag.py
[2024-04-16T10:11:02.466+0000] {logging_mixin.py:188} INFO - [2024-04-16T10:11:02.465+0000] {dag.py:3047} INFO - Sync 1 DAGs
[2024-04-16T10:11:02.536+0000] {logging_mixin.py:188} INFO - [2024-04-16T10:11:02.535+0000] {dag.py:3834} INFO - Setting next_dagrun for prioritas_1 to 2024-04-15 00:00:00+00:00, run_after=2024-04-16 00:00:00+00:00
[2024-04-16T10:11:02.572+0000] {processor.py:183} INFO - Processing /opt/airflow/dags/prioritas_1_dag.py took 0.307 seconds
[2024-04-16T10:11:32.759+0000] {processor.py:161} INFO - Started process (PID=122) to work on /opt/airflow/dags/prioritas_1_dag.py
[2024-04-16T10:11:32.761+0000] {processor.py:830} INFO - Processing file /opt/airflow/dags/prioritas_1_dag.py for tasks to queue
[2024-04-16T10:11:32.763+0000] {logging_mixin.py:188} INFO - [2024-04-16T10:11:32.763+0000] {dagbag.py:540} INFO - Filling up the DagBag from /opt/airflow/dags/prioritas_1_dag.py
[2024-04-16T10:11:32.789+0000] {processor.py:840} INFO - DAG(s) 'prioritas_1' retrieved from /opt/airflow/dags/prioritas_1_dag.py
[2024-04-16T10:11:32.812+0000] {logging_mixin.py:188} INFO - [2024-04-16T10:11:32.812+0000] {dag.py:3047} INFO - Sync 1 DAGs
[2024-04-16T10:11:32.842+0000] {logging_mixin.py:188} INFO - [2024-04-16T10:11:32.842+0000] {dag.py:3834} INFO - Setting next_dagrun for prioritas_1 to 2024-04-16 00:00:00+00:00, run_after=2024-04-17 00:00:00+00:00
[2024-04-16T10:11:32.863+0000] {processor.py:183} INFO - Processing /opt/airflow/dags/prioritas_1_dag.py took 0.107 seconds
[2024-04-16T10:12:03.022+0000] {processor.py:161} INFO - Started process (PID=181) to work on /opt/airflow/dags/prioritas_1_dag.py
[2024-04-16T10:12:03.024+0000] {processor.py:830} INFO - Processing file /opt/airflow/dags/prioritas_1_dag.py for tasks to queue
[2024-04-16T10:12:03.026+0000] {logging_mixin.py:188} INFO - [2024-04-16T10:12:03.025+0000] {dagbag.py:540} INFO - Filling up the DagBag from /opt/airflow/dags/prioritas_1_dag.py
[2024-04-16T10:12:03.048+0000] {processor.py:840} INFO - DAG(s) 'prioritas_1' retrieved from /opt/airflow/dags/prioritas_1_dag.py
[2024-04-16T10:12:03.067+0000] {logging_mixin.py:188} INFO - [2024-04-16T10:12:03.067+0000] {dag.py:3047} INFO - Sync 1 DAGs
[2024-04-16T10:12:03.087+0000] {logging_mixin.py:188} INFO - [2024-04-16T10:12:03.087+0000] {dag.py:3834} INFO - Setting next_dagrun for prioritas_1 to 2024-04-16 00:00:00+00:00, run_after=2024-04-17 00:00:00+00:00
[2024-04-16T10:12:03.109+0000] {processor.py:183} INFO - Processing /opt/airflow/dags/prioritas_1_dag.py took 0.090 seconds
[2024-04-16T10:12:33.596+0000] {processor.py:161} INFO - Started process (PID=240) to work on /opt/airflow/dags/prioritas_1_dag.py
[2024-04-16T10:12:33.598+0000] {processor.py:830} INFO - Processing file /opt/airflow/dags/prioritas_1_dag.py for tasks to queue
[2024-04-16T10:12:33.600+0000] {logging_mixin.py:188} INFO - [2024-04-16T10:12:33.600+0000] {dagbag.py:540} INFO - Filling up the DagBag from /opt/airflow/dags/prioritas_1_dag.py
[2024-04-16T10:12:33.626+0000] {processor.py:840} INFO - DAG(s) 'prioritas_1' retrieved from /opt/airflow/dags/prioritas_1_dag.py
[2024-04-16T10:12:33.649+0000] {logging_mixin.py:188} INFO - [2024-04-16T10:12:33.649+0000] {dag.py:3047} INFO - Sync 1 DAGs
[2024-04-16T10:12:33.674+0000] {logging_mixin.py:188} INFO - [2024-04-16T10:12:33.674+0000] {dag.py:3834} INFO - Setting next_dagrun for prioritas_1 to 2024-04-16 00:00:00+00:00, run_after=2024-04-17 00:00:00+00:00
[2024-04-16T10:12:33.719+0000] {processor.py:183} INFO - Processing /opt/airflow/dags/prioritas_1_dag.py took 0.126 seconds
[2024-04-16T10:13:03.957+0000] {processor.py:161} INFO - Started process (PID=299) to work on /opt/airflow/dags/prioritas_1_dag.py
[2024-04-16T10:13:03.958+0000] {processor.py:830} INFO - Processing file /opt/airflow/dags/prioritas_1_dag.py for tasks to queue
[2024-04-16T10:13:03.960+0000] {logging_mixin.py:188} INFO - [2024-04-16T10:13:03.960+0000] {dagbag.py:540} INFO - Filling up the DagBag from /opt/airflow/dags/prioritas_1_dag.py
[2024-04-16T10:13:03.982+0000] {processor.py:840} INFO - DAG(s) 'prioritas_1' retrieved from /opt/airflow/dags/prioritas_1_dag.py
[2024-04-16T10:13:03.999+0000] {logging_mixin.py:188} INFO - [2024-04-16T10:13:03.999+0000] {dag.py:3047} INFO - Sync 1 DAGs
[2024-04-16T10:13:04.017+0000] {logging_mixin.py:188} INFO - [2024-04-16T10:13:04.017+0000] {dag.py:3834} INFO - Setting next_dagrun for prioritas_1 to 2024-04-16 00:00:00+00:00, run_after=2024-04-17 00:00:00+00:00
[2024-04-16T10:13:04.034+0000] {processor.py:183} INFO - Processing /opt/airflow/dags/prioritas_1_dag.py took 0.079 seconds
[2024-04-16T10:13:34.188+0000] {processor.py:161} INFO - Started process (PID=358) to work on /opt/airflow/dags/prioritas_1_dag.py
[2024-04-16T10:13:34.189+0000] {processor.py:830} INFO - Processing file /opt/airflow/dags/prioritas_1_dag.py for tasks to queue
[2024-04-16T10:13:34.191+0000] {logging_mixin.py:188} INFO - [2024-04-16T10:13:34.191+0000] {dagbag.py:540} INFO - Filling up the DagBag from /opt/airflow/dags/prioritas_1_dag.py
[2024-04-16T10:13:34.210+0000] {processor.py:840} INFO - DAG(s) 'prioritas_1' retrieved from /opt/airflow/dags/prioritas_1_dag.py
[2024-04-16T10:13:34.236+0000] {logging_mixin.py:188} INFO - [2024-04-16T10:13:34.236+0000] {dag.py:3047} INFO - Sync 1 DAGs
[2024-04-16T10:13:34.263+0000] {logging_mixin.py:188} INFO - [2024-04-16T10:13:34.263+0000] {dag.py:3834} INFO - Setting next_dagrun for prioritas_1 to 2024-04-16 00:00:00+00:00, run_after=2024-04-17 00:00:00+00:00
[2024-04-16T10:13:34.290+0000] {processor.py:183} INFO - Processing /opt/airflow/dags/prioritas_1_dag.py took 0.105 seconds
[2024-04-16T10:14:04.584+0000] {processor.py:161} INFO - Started process (PID=417) to work on /opt/airflow/dags/prioritas_1_dag.py
[2024-04-16T10:14:04.585+0000] {processor.py:830} INFO - Processing file /opt/airflow/dags/prioritas_1_dag.py for tasks to queue
[2024-04-16T10:14:04.588+0000] {logging_mixin.py:188} INFO - [2024-04-16T10:14:04.587+0000] {dagbag.py:540} INFO - Filling up the DagBag from /opt/airflow/dags/prioritas_1_dag.py
[2024-04-16T10:14:04.609+0000] {processor.py:840} INFO - DAG(s) 'prioritas_1' retrieved from /opt/airflow/dags/prioritas_1_dag.py
[2024-04-16T10:14:04.629+0000] {logging_mixin.py:188} INFO - [2024-04-16T10:14:04.629+0000] {dag.py:3047} INFO - Sync 1 DAGs
[2024-04-16T10:14:04.660+0000] {logging_mixin.py:188} INFO - [2024-04-16T10:14:04.660+0000] {dag.py:3834} INFO - Setting next_dagrun for prioritas_1 to 2024-04-16 00:00:00+00:00, run_after=2024-04-17 00:00:00+00:00
[2024-04-16T10:14:04.692+0000] {processor.py:183} INFO - Processing /opt/airflow/dags/prioritas_1_dag.py took 0.112 seconds
[2024-04-16T10:14:34.847+0000] {processor.py:161} INFO - Started process (PID=476) to work on /opt/airflow/dags/prioritas_1_dag.py
[2024-04-16T10:14:34.848+0000] {processor.py:830} INFO - Processing file /opt/airflow/dags/prioritas_1_dag.py for tasks to queue
[2024-04-16T10:14:34.851+0000] {logging_mixin.py:188} INFO - [2024-04-16T10:14:34.850+0000] {dagbag.py:540} INFO - Filling up the DagBag from /opt/airflow/dags/prioritas_1_dag.py
[2024-04-16T10:14:34.893+0000] {processor.py:840} INFO - DAG(s) 'prioritas_1' retrieved from /opt/airflow/dags/prioritas_1_dag.py
[2024-04-16T10:14:34.957+0000] {logging_mixin.py:188} INFO - [2024-04-16T10:14:34.956+0000] {dag.py:3047} INFO - Sync 1 DAGs
[2024-04-16T10:14:35.001+0000] {logging_mixin.py:188} INFO - [2024-04-16T10:14:35.001+0000] {dag.py:3834} INFO - Setting next_dagrun for prioritas_1 to 2024-04-16 00:00:00+00:00, run_after=2024-04-17 00:00:00+00:00
[2024-04-16T10:14:35.028+0000] {processor.py:183} INFO - Processing /opt/airflow/dags/prioritas_1_dag.py took 0.184 seconds
[2024-04-16T10:15:05.234+0000] {processor.py:161} INFO - Started process (PID=535) to work on /opt/airflow/dags/prioritas_1_dag.py
[2024-04-16T10:15:05.236+0000] {processor.py:830} INFO - Processing file /opt/airflow/dags/prioritas_1_dag.py for tasks to queue
[2024-04-16T10:15:05.238+0000] {logging_mixin.py:188} INFO - [2024-04-16T10:15:05.238+0000] {dagbag.py:540} INFO - Filling up the DagBag from /opt/airflow/dags/prioritas_1_dag.py
[2024-04-16T10:15:05.260+0000] {processor.py:840} INFO - DAG(s) 'prioritas_1' retrieved from /opt/airflow/dags/prioritas_1_dag.py
[2024-04-16T10:15:05.286+0000] {logging_mixin.py:188} INFO - [2024-04-16T10:15:05.286+0000] {dag.py:3047} INFO - Sync 1 DAGs
[2024-04-16T10:15:05.312+0000] {logging_mixin.py:188} INFO - [2024-04-16T10:15:05.312+0000] {dag.py:3834} INFO - Setting next_dagrun for prioritas_1 to 2024-04-16 00:00:00+00:00, run_after=2024-04-17 00:00:00+00:00
[2024-04-16T10:15:05.342+0000] {processor.py:183} INFO - Processing /opt/airflow/dags/prioritas_1_dag.py took 0.112 seconds
[2024-04-16T10:15:35.504+0000] {processor.py:161} INFO - Started process (PID=594) to work on /opt/airflow/dags/prioritas_1_dag.py
[2024-04-16T10:15:35.505+0000] {processor.py:830} INFO - Processing file /opt/airflow/dags/prioritas_1_dag.py for tasks to queue
[2024-04-16T10:15:35.507+0000] {logging_mixin.py:188} INFO - [2024-04-16T10:15:35.507+0000] {dagbag.py:540} INFO - Filling up the DagBag from /opt/airflow/dags/prioritas_1_dag.py
[2024-04-16T10:15:35.526+0000] {processor.py:840} INFO - DAG(s) 'prioritas_1' retrieved from /opt/airflow/dags/prioritas_1_dag.py
[2024-04-16T10:15:35.543+0000] {logging_mixin.py:188} INFO - [2024-04-16T10:15:35.543+0000] {dag.py:3047} INFO - Sync 1 DAGs
[2024-04-16T10:15:35.561+0000] {logging_mixin.py:188} INFO - [2024-04-16T10:15:35.561+0000] {dag.py:3834} INFO - Setting next_dagrun for prioritas_1 to 2024-04-16 00:00:00+00:00, run_after=2024-04-17 00:00:00+00:00
[2024-04-16T10:15:35.579+0000] {processor.py:183} INFO - Processing /opt/airflow/dags/prioritas_1_dag.py took 0.078 seconds
[2024-04-16T10:16:06.186+0000] {processor.py:161} INFO - Started process (PID=653) to work on /opt/airflow/dags/prioritas_1_dag.py
[2024-04-16T10:16:06.187+0000] {processor.py:830} INFO - Processing file /opt/airflow/dags/prioritas_1_dag.py for tasks to queue
[2024-04-16T10:16:06.190+0000] {logging_mixin.py:188} INFO - [2024-04-16T10:16:06.189+0000] {dagbag.py:540} INFO - Filling up the DagBag from /opt/airflow/dags/prioritas_1_dag.py
[2024-04-16T10:16:06.211+0000] {processor.py:840} INFO - DAG(s) 'prioritas_1' retrieved from /opt/airflow/dags/prioritas_1_dag.py
[2024-04-16T10:16:06.233+0000] {logging_mixin.py:188} INFO - [2024-04-16T10:16:06.233+0000] {dag.py:3047} INFO - Sync 1 DAGs
[2024-04-16T10:16:06.258+0000] {logging_mixin.py:188} INFO - [2024-04-16T10:16:06.258+0000] {dag.py:3834} INFO - Setting next_dagrun for prioritas_1 to 2024-04-16 00:00:00+00:00, run_after=2024-04-17 00:00:00+00:00
[2024-04-16T10:16:06.280+0000] {processor.py:183} INFO - Processing /opt/airflow/dags/prioritas_1_dag.py took 0.097 seconds
[2024-04-16T10:16:36.760+0000] {processor.py:161} INFO - Started process (PID=712) to work on /opt/airflow/dags/prioritas_1_dag.py
[2024-04-16T10:16:36.761+0000] {processor.py:830} INFO - Processing file /opt/airflow/dags/prioritas_1_dag.py for tasks to queue
[2024-04-16T10:16:36.763+0000] {logging_mixin.py:188} INFO - [2024-04-16T10:16:36.763+0000] {dagbag.py:540} INFO - Filling up the DagBag from /opt/airflow/dags/prioritas_1_dag.py
[2024-04-16T10:16:36.787+0000] {processor.py:840} INFO - DAG(s) 'prioritas_1' retrieved from /opt/airflow/dags/prioritas_1_dag.py
[2024-04-16T10:16:36.810+0000] {logging_mixin.py:188} INFO - [2024-04-16T10:16:36.810+0000] {dag.py:3047} INFO - Sync 1 DAGs
[2024-04-16T10:16:36.839+0000] {logging_mixin.py:188} INFO - [2024-04-16T10:16:36.839+0000] {dag.py:3834} INFO - Setting next_dagrun for prioritas_1 to 2024-04-16 00:00:00+00:00, run_after=2024-04-17 00:00:00+00:00
[2024-04-16T10:16:36.863+0000] {processor.py:183} INFO - Processing /opt/airflow/dags/prioritas_1_dag.py took 0.106 seconds
[2024-04-16T10:17:07.188+0000] {processor.py:161} INFO - Started process (PID=771) to work on /opt/airflow/dags/prioritas_1_dag.py
[2024-04-16T10:17:07.190+0000] {processor.py:830} INFO - Processing file /opt/airflow/dags/prioritas_1_dag.py for tasks to queue
[2024-04-16T10:17:07.192+0000] {logging_mixin.py:188} INFO - [2024-04-16T10:17:07.192+0000] {dagbag.py:540} INFO - Filling up the DagBag from /opt/airflow/dags/prioritas_1_dag.py
[2024-04-16T10:17:07.212+0000] {processor.py:840} INFO - DAG(s) 'prioritas_1' retrieved from /opt/airflow/dags/prioritas_1_dag.py
[2024-04-16T10:17:07.232+0000] {logging_mixin.py:188} INFO - [2024-04-16T10:17:07.231+0000] {dag.py:3047} INFO - Sync 1 DAGs
[2024-04-16T10:17:07.255+0000] {logging_mixin.py:188} INFO - [2024-04-16T10:17:07.255+0000] {dag.py:3834} INFO - Setting next_dagrun for prioritas_1 to 2024-04-16 00:00:00+00:00, run_after=2024-04-17 00:00:00+00:00
[2024-04-16T10:17:07.279+0000] {processor.py:183} INFO - Processing /opt/airflow/dags/prioritas_1_dag.py took 0.095 seconds
[2024-04-16T10:17:37.484+0000] {processor.py:161} INFO - Started process (PID=830) to work on /opt/airflow/dags/prioritas_1_dag.py
[2024-04-16T10:17:37.485+0000] {processor.py:830} INFO - Processing file /opt/airflow/dags/prioritas_1_dag.py for tasks to queue
[2024-04-16T10:17:37.487+0000] {logging_mixin.py:188} INFO - [2024-04-16T10:17:37.487+0000] {dagbag.py:540} INFO - Filling up the DagBag from /opt/airflow/dags/prioritas_1_dag.py
[2024-04-16T10:17:37.509+0000] {processor.py:840} INFO - DAG(s) 'prioritas_1' retrieved from /opt/airflow/dags/prioritas_1_dag.py
[2024-04-16T10:17:37.526+0000] {logging_mixin.py:188} INFO - [2024-04-16T10:17:37.526+0000] {dag.py:3047} INFO - Sync 1 DAGs
[2024-04-16T10:17:37.543+0000] {logging_mixin.py:188} INFO - [2024-04-16T10:17:37.543+0000] {dag.py:3834} INFO - Setting next_dagrun for prioritas_1 to 2024-04-16 00:00:00+00:00, run_after=2024-04-17 00:00:00+00:00
[2024-04-16T10:17:37.560+0000] {processor.py:183} INFO - Processing /opt/airflow/dags/prioritas_1_dag.py took 0.079 seconds
[2024-04-16T10:18:07.714+0000] {processor.py:161} INFO - Started process (PID=889) to work on /opt/airflow/dags/prioritas_1_dag.py
[2024-04-16T10:18:07.716+0000] {processor.py:830} INFO - Processing file /opt/airflow/dags/prioritas_1_dag.py for tasks to queue
[2024-04-16T10:18:07.717+0000] {logging_mixin.py:188} INFO - [2024-04-16T10:18:07.717+0000] {dagbag.py:540} INFO - Filling up the DagBag from /opt/airflow/dags/prioritas_1_dag.py
[2024-04-16T10:18:07.739+0000] {processor.py:840} INFO - DAG(s) 'prioritas_1' retrieved from /opt/airflow/dags/prioritas_1_dag.py
[2024-04-16T10:18:07.757+0000] {logging_mixin.py:188} INFO - [2024-04-16T10:18:07.757+0000] {dag.py:3047} INFO - Sync 1 DAGs
[2024-04-16T10:18:07.776+0000] {logging_mixin.py:188} INFO - [2024-04-16T10:18:07.776+0000] {dag.py:3834} INFO - Setting next_dagrun for prioritas_1 to 2024-04-16 00:00:00+00:00, run_after=2024-04-17 00:00:00+00:00
[2024-04-16T10:18:07.792+0000] {processor.py:183} INFO - Processing /opt/airflow/dags/prioritas_1_dag.py took 0.080 seconds
[2024-04-16T10:18:37.937+0000] {processor.py:161} INFO - Started process (PID=948) to work on /opt/airflow/dags/prioritas_1_dag.py
[2024-04-16T10:18:37.939+0000] {processor.py:830} INFO - Processing file /opt/airflow/dags/prioritas_1_dag.py for tasks to queue
[2024-04-16T10:18:37.940+0000] {logging_mixin.py:188} INFO - [2024-04-16T10:18:37.940+0000] {dagbag.py:540} INFO - Filling up the DagBag from /opt/airflow/dags/prioritas_1_dag.py
[2024-04-16T10:18:37.964+0000] {processor.py:840} INFO - DAG(s) 'prioritas_1' retrieved from /opt/airflow/dags/prioritas_1_dag.py
[2024-04-16T10:18:37.982+0000] {logging_mixin.py:188} INFO - [2024-04-16T10:18:37.982+0000] {dag.py:3047} INFO - Sync 1 DAGs
[2024-04-16T10:18:38.000+0000] {logging_mixin.py:188} INFO - [2024-04-16T10:18:38.000+0000] {dag.py:3834} INFO - Setting next_dagrun for prioritas_1 to 2024-04-16 00:00:00+00:00, run_after=2024-04-17 00:00:00+00:00
[2024-04-16T10:18:38.019+0000] {processor.py:183} INFO - Processing /opt/airflow/dags/prioritas_1_dag.py took 0.085 seconds
[2024-04-16T10:19:08.311+0000] {processor.py:161} INFO - Started process (PID=1007) to work on /opt/airflow/dags/prioritas_1_dag.py
[2024-04-16T10:19:08.312+0000] {processor.py:830} INFO - Processing file /opt/airflow/dags/prioritas_1_dag.py for tasks to queue
[2024-04-16T10:19:08.314+0000] {logging_mixin.py:188} INFO - [2024-04-16T10:19:08.314+0000] {dagbag.py:540} INFO - Filling up the DagBag from /opt/airflow/dags/prioritas_1_dag.py
[2024-04-16T10:19:08.339+0000] {processor.py:840} INFO - DAG(s) 'prioritas_1' retrieved from /opt/airflow/dags/prioritas_1_dag.py
[2024-04-16T10:19:08.362+0000] {logging_mixin.py:188} INFO - [2024-04-16T10:19:08.362+0000] {dag.py:3047} INFO - Sync 1 DAGs
[2024-04-16T10:19:08.384+0000] {logging_mixin.py:188} INFO - [2024-04-16T10:19:08.384+0000] {dag.py:3834} INFO - Setting next_dagrun for prioritas_1 to 2024-04-16 00:00:00+00:00, run_after=2024-04-17 00:00:00+00:00
[2024-04-16T10:19:08.407+0000] {processor.py:183} INFO - Processing /opt/airflow/dags/prioritas_1_dag.py took 0.099 seconds
[2024-04-16T10:19:38.526+0000] {processor.py:161} INFO - Started process (PID=1066) to work on /opt/airflow/dags/prioritas_1_dag.py
[2024-04-16T10:19:38.527+0000] {processor.py:830} INFO - Processing file /opt/airflow/dags/prioritas_1_dag.py for tasks to queue
[2024-04-16T10:19:38.529+0000] {logging_mixin.py:188} INFO - [2024-04-16T10:19:38.529+0000] {dagbag.py:540} INFO - Filling up the DagBag from /opt/airflow/dags/prioritas_1_dag.py
[2024-04-16T10:19:38.553+0000] {processor.py:840} INFO - DAG(s) 'prioritas_1' retrieved from /opt/airflow/dags/prioritas_1_dag.py
[2024-04-16T10:19:38.569+0000] {logging_mixin.py:188} INFO - [2024-04-16T10:19:38.569+0000] {dag.py:3047} INFO - Sync 1 DAGs
[2024-04-16T10:19:38.588+0000] {logging_mixin.py:188} INFO - [2024-04-16T10:19:38.588+0000] {dag.py:3834} INFO - Setting next_dagrun for prioritas_1 to 2024-04-16 00:00:00+00:00, run_after=2024-04-17 00:00:00+00:00
[2024-04-16T10:19:38.608+0000] {processor.py:183} INFO - Processing /opt/airflow/dags/prioritas_1_dag.py took 0.085 seconds
[2024-04-16T10:20:08.815+0000] {processor.py:161} INFO - Started process (PID=1125) to work on /opt/airflow/dags/prioritas_1_dag.py
[2024-04-16T10:20:08.817+0000] {processor.py:830} INFO - Processing file /opt/airflow/dags/prioritas_1_dag.py for tasks to queue
[2024-04-16T10:20:08.819+0000] {logging_mixin.py:188} INFO - [2024-04-16T10:20:08.819+0000] {dagbag.py:540} INFO - Filling up the DagBag from /opt/airflow/dags/prioritas_1_dag.py
[2024-04-16T10:20:08.841+0000] {processor.py:840} INFO - DAG(s) 'prioritas_1' retrieved from /opt/airflow/dags/prioritas_1_dag.py
[2024-04-16T10:20:08.863+0000] {logging_mixin.py:188} INFO - [2024-04-16T10:20:08.863+0000] {dag.py:3047} INFO - Sync 1 DAGs
[2024-04-16T10:20:08.899+0000] {logging_mixin.py:188} INFO - [2024-04-16T10:20:08.898+0000] {dag.py:3834} INFO - Setting next_dagrun for prioritas_1 to 2024-04-16 00:00:00+00:00, run_after=2024-04-17 00:00:00+00:00
[2024-04-16T10:20:08.924+0000] {processor.py:183} INFO - Processing /opt/airflow/dags/prioritas_1_dag.py took 0.111 seconds
[2024-04-16T10:20:39.006+0000] {processor.py:161} INFO - Started process (PID=1184) to work on /opt/airflow/dags/prioritas_1_dag.py
[2024-04-16T10:20:39.008+0000] {processor.py:830} INFO - Processing file /opt/airflow/dags/prioritas_1_dag.py for tasks to queue
[2024-04-16T10:20:39.010+0000] {logging_mixin.py:188} INFO - [2024-04-16T10:20:39.009+0000] {dagbag.py:540} INFO - Filling up the DagBag from /opt/airflow/dags/prioritas_1_dag.py
[2024-04-16T10:20:39.032+0000] {processor.py:840} INFO - DAG(s) 'prioritas_1' retrieved from /opt/airflow/dags/prioritas_1_dag.py
[2024-04-16T10:20:39.050+0000] {logging_mixin.py:188} INFO - [2024-04-16T10:20:39.050+0000] {dag.py:3047} INFO - Sync 1 DAGs
[2024-04-16T10:20:39.070+0000] {logging_mixin.py:188} INFO - [2024-04-16T10:20:39.070+0000] {dag.py:3834} INFO - Setting next_dagrun for prioritas_1 to 2024-04-16 00:00:00+00:00, run_after=2024-04-17 00:00:00+00:00
[2024-04-16T10:20:39.091+0000] {processor.py:183} INFO - Processing /opt/airflow/dags/prioritas_1_dag.py took 0.088 seconds
[2024-04-16T10:21:09.592+0000] {processor.py:161} INFO - Started process (PID=1243) to work on /opt/airflow/dags/prioritas_1_dag.py
[2024-04-16T10:21:09.593+0000] {processor.py:830} INFO - Processing file /opt/airflow/dags/prioritas_1_dag.py for tasks to queue
[2024-04-16T10:21:09.595+0000] {logging_mixin.py:188} INFO - [2024-04-16T10:21:09.595+0000] {dagbag.py:540} INFO - Filling up the DagBag from /opt/airflow/dags/prioritas_1_dag.py
[2024-04-16T10:21:09.615+0000] {processor.py:840} INFO - DAG(s) 'prioritas_1' retrieved from /opt/airflow/dags/prioritas_1_dag.py
[2024-04-16T10:21:09.635+0000] {logging_mixin.py:188} INFO - [2024-04-16T10:21:09.635+0000] {dag.py:3047} INFO - Sync 1 DAGs
[2024-04-16T10:21:09.656+0000] {logging_mixin.py:188} INFO - [2024-04-16T10:21:09.656+0000] {dag.py:3834} INFO - Setting next_dagrun for prioritas_1 to 2024-04-16 00:00:00+00:00, run_after=2024-04-17 00:00:00+00:00
[2024-04-16T10:21:09.675+0000] {processor.py:183} INFO - Processing /opt/airflow/dags/prioritas_1_dag.py took 0.086 seconds
[2024-04-16T10:21:39.897+0000] {processor.py:161} INFO - Started process (PID=1302) to work on /opt/airflow/dags/prioritas_1_dag.py
[2024-04-16T10:21:39.899+0000] {processor.py:830} INFO - Processing file /opt/airflow/dags/prioritas_1_dag.py for tasks to queue
[2024-04-16T10:21:39.903+0000] {logging_mixin.py:188} INFO - [2024-04-16T10:21:39.902+0000] {dagbag.py:540} INFO - Filling up the DagBag from /opt/airflow/dags/prioritas_1_dag.py
[2024-04-16T10:21:39.929+0000] {processor.py:840} INFO - DAG(s) 'prioritas_1' retrieved from /opt/airflow/dags/prioritas_1_dag.py
[2024-04-16T10:21:39.955+0000] {logging_mixin.py:188} INFO - [2024-04-16T10:21:39.954+0000] {dag.py:3047} INFO - Sync 1 DAGs
[2024-04-16T10:21:39.988+0000] {logging_mixin.py:188} INFO - [2024-04-16T10:21:39.987+0000] {dag.py:3834} INFO - Setting next_dagrun for prioritas_1 to 2024-04-16 00:00:00+00:00, run_after=2024-04-17 00:00:00+00:00
[2024-04-16T10:21:40.027+0000] {processor.py:183} INFO - Processing /opt/airflow/dags/prioritas_1_dag.py took 0.134 seconds
[2024-04-16T10:22:10.191+0000] {processor.py:161} INFO - Started process (PID=1361) to work on /opt/airflow/dags/prioritas_1_dag.py
[2024-04-16T10:22:10.193+0000] {processor.py:830} INFO - Processing file /opt/airflow/dags/prioritas_1_dag.py for tasks to queue
[2024-04-16T10:22:10.194+0000] {logging_mixin.py:188} INFO - [2024-04-16T10:22:10.194+0000] {dagbag.py:540} INFO - Filling up the DagBag from /opt/airflow/dags/prioritas_1_dag.py
[2024-04-16T10:22:10.212+0000] {processor.py:840} INFO - DAG(s) 'prioritas_1' retrieved from /opt/airflow/dags/prioritas_1_dag.py
[2024-04-16T10:22:10.229+0000] {logging_mixin.py:188} INFO - [2024-04-16T10:22:10.228+0000] {dag.py:3047} INFO - Sync 1 DAGs
[2024-04-16T10:22:10.247+0000] {logging_mixin.py:188} INFO - [2024-04-16T10:22:10.247+0000] {dag.py:3834} INFO - Setting next_dagrun for prioritas_1 to 2024-04-16 00:00:00+00:00, run_after=2024-04-17 00:00:00+00:00
[2024-04-16T10:22:10.265+0000] {processor.py:183} INFO - Processing /opt/airflow/dags/prioritas_1_dag.py took 0.076 seconds
[2024-04-16T10:22:40.706+0000] {processor.py:161} INFO - Started process (PID=1420) to work on /opt/airflow/dags/prioritas_1_dag.py
[2024-04-16T10:22:40.707+0000] {processor.py:830} INFO - Processing file /opt/airflow/dags/prioritas_1_dag.py for tasks to queue
[2024-04-16T10:22:40.709+0000] {logging_mixin.py:188} INFO - [2024-04-16T10:22:40.709+0000] {dagbag.py:540} INFO - Filling up the DagBag from /opt/airflow/dags/prioritas_1_dag.py
[2024-04-16T10:22:40.728+0000] {processor.py:840} INFO - DAG(s) 'prioritas_1' retrieved from /opt/airflow/dags/prioritas_1_dag.py
[2024-04-16T10:22:40.745+0000] {logging_mixin.py:188} INFO - [2024-04-16T10:22:40.745+0000] {dag.py:3047} INFO - Sync 1 DAGs
[2024-04-16T10:22:40.764+0000] {logging_mixin.py:188} INFO - [2024-04-16T10:22:40.764+0000] {dag.py:3834} INFO - Setting next_dagrun for prioritas_1 to 2024-04-16 00:00:00+00:00, run_after=2024-04-17 00:00:00+00:00
[2024-04-16T10:22:40.781+0000] {processor.py:183} INFO - Processing /opt/airflow/dags/prioritas_1_dag.py took 0.078 seconds
[2024-04-16T10:23:11.439+0000] {processor.py:161} INFO - Started process (PID=1479) to work on /opt/airflow/dags/prioritas_1_dag.py
[2024-04-16T10:23:11.440+0000] {processor.py:830} INFO - Processing file /opt/airflow/dags/prioritas_1_dag.py for tasks to queue
[2024-04-16T10:23:11.442+0000] {logging_mixin.py:188} INFO - [2024-04-16T10:23:11.442+0000] {dagbag.py:540} INFO - Filling up the DagBag from /opt/airflow/dags/prioritas_1_dag.py
[2024-04-16T10:23:11.468+0000] {processor.py:840} INFO - DAG(s) 'prioritas_1' retrieved from /opt/airflow/dags/prioritas_1_dag.py
[2024-04-16T10:23:11.494+0000] {logging_mixin.py:188} INFO - [2024-04-16T10:23:11.493+0000] {dag.py:3047} INFO - Sync 1 DAGs
[2024-04-16T10:23:11.519+0000] {logging_mixin.py:188} INFO - [2024-04-16T10:23:11.519+0000] {dag.py:3834} INFO - Setting next_dagrun for prioritas_1 to 2024-04-16 00:00:00+00:00, run_after=2024-04-17 00:00:00+00:00
[2024-04-16T10:23:11.541+0000] {processor.py:183} INFO - Processing /opt/airflow/dags/prioritas_1_dag.py took 0.105 seconds
