[2024-04-16T10:11:01.857+0000] {processor.py:161} INFO - Started process (PID=43) to work on /opt/airflow/dags/prioritas_2_dag.py
[2024-04-16T10:11:01.858+0000] {processor.py:830} INFO - Processing file /opt/airflow/dags/prioritas_2_dag.py for tasks to queue
[2024-04-16T10:11:01.860+0000] {logging_mixin.py:188} INFO - [2024-04-16T10:11:01.860+0000] {dagbag.py:540} INFO - Filling up the DagBag from /opt/airflow/dags/prioritas_2_dag.py
[2024-04-16T10:11:01.901+0000] {processor.py:840} INFO - DAG(s) 'prioritas_2' retrieved from /opt/airflow/dags/prioritas_2_dag.py
[2024-04-16T10:11:02.163+0000] {logging_mixin.py:188} INFO - [2024-04-16T10:11:02.162+0000] {dag.py:3047} INFO - Sync 1 DAGs
[2024-04-16T10:11:02.193+0000] {logging_mixin.py:188} INFO - [2024-04-16T10:11:02.192+0000] {dag.py:3834} INFO - Setting next_dagrun for prioritas_2 to 2024-04-15 00:00:00+00:00, run_after=2024-04-16 00:00:00+00:00
[2024-04-16T10:11:02.220+0000] {processor.py:183} INFO - Processing /opt/airflow/dags/prioritas_2_dag.py took 0.369 seconds
[2024-04-16T10:11:32.603+0000] {processor.py:161} INFO - Started process (PID=121) to work on /opt/airflow/dags/prioritas_2_dag.py
[2024-04-16T10:11:32.604+0000] {processor.py:830} INFO - Processing file /opt/airflow/dags/prioritas_2_dag.py for tasks to queue
[2024-04-16T10:11:32.607+0000] {logging_mixin.py:188} INFO - [2024-04-16T10:11:32.606+0000] {dagbag.py:540} INFO - Filling up the DagBag from /opt/airflow/dags/prioritas_2_dag.py
[2024-04-16T10:11:32.632+0000] {processor.py:840} INFO - DAG(s) 'prioritas_2' retrieved from /opt/airflow/dags/prioritas_2_dag.py
[2024-04-16T10:11:32.655+0000] {logging_mixin.py:188} INFO - [2024-04-16T10:11:32.655+0000] {dag.py:3047} INFO - Sync 1 DAGs
[2024-04-16T10:11:32.685+0000] {logging_mixin.py:188} INFO - [2024-04-16T10:11:32.685+0000] {dag.py:3834} INFO - Setting next_dagrun for prioritas_2 to 2024-04-16 00:00:00+00:00, run_after=2024-04-17 00:00:00+00:00
[2024-04-16T10:11:32.715+0000] {processor.py:183} INFO - Processing /opt/airflow/dags/prioritas_2_dag.py took 0.117 seconds
[2024-04-16T10:12:02.893+0000] {processor.py:161} INFO - Started process (PID=180) to work on /opt/airflow/dags/prioritas_2_dag.py
[2024-04-16T10:12:02.894+0000] {processor.py:830} INFO - Processing file /opt/airflow/dags/prioritas_2_dag.py for tasks to queue
[2024-04-16T10:12:02.896+0000] {logging_mixin.py:188} INFO - [2024-04-16T10:12:02.896+0000] {dagbag.py:540} INFO - Filling up the DagBag from /opt/airflow/dags/prioritas_2_dag.py
[2024-04-16T10:12:02.922+0000] {processor.py:840} INFO - DAG(s) 'prioritas_2' retrieved from /opt/airflow/dags/prioritas_2_dag.py
[2024-04-16T10:12:02.944+0000] {logging_mixin.py:188} INFO - [2024-04-16T10:12:02.944+0000] {dag.py:3047} INFO - Sync 1 DAGs
[2024-04-16T10:12:02.968+0000] {logging_mixin.py:188} INFO - [2024-04-16T10:12:02.968+0000] {dag.py:3834} INFO - Setting next_dagrun for prioritas_2 to 2024-04-16 00:00:00+00:00, run_after=2024-04-17 00:00:00+00:00
[2024-04-16T10:12:02.991+0000] {processor.py:183} INFO - Processing /opt/airflow/dags/prioritas_2_dag.py took 0.103 seconds
[2024-04-16T10:12:33.455+0000] {processor.py:161} INFO - Started process (PID=239) to work on /opt/airflow/dags/prioritas_2_dag.py
[2024-04-16T10:12:33.456+0000] {processor.py:830} INFO - Processing file /opt/airflow/dags/prioritas_2_dag.py for tasks to queue
[2024-04-16T10:12:33.458+0000] {logging_mixin.py:188} INFO - [2024-04-16T10:12:33.458+0000] {dagbag.py:540} INFO - Filling up the DagBag from /opt/airflow/dags/prioritas_2_dag.py
[2024-04-16T10:12:33.482+0000] {processor.py:840} INFO - DAG(s) 'prioritas_2' retrieved from /opt/airflow/dags/prioritas_2_dag.py
[2024-04-16T10:12:33.503+0000] {logging_mixin.py:188} INFO - [2024-04-16T10:12:33.503+0000] {dag.py:3047} INFO - Sync 1 DAGs
[2024-04-16T10:12:33.531+0000] {logging_mixin.py:188} INFO - [2024-04-16T10:12:33.531+0000] {dag.py:3834} INFO - Setting next_dagrun for prioritas_2 to 2024-04-16 00:00:00+00:00, run_after=2024-04-17 00:00:00+00:00
[2024-04-16T10:12:33.558+0000] {processor.py:183} INFO - Processing /opt/airflow/dags/prioritas_2_dag.py took 0.107 seconds
[2024-04-16T10:13:03.830+0000] {processor.py:161} INFO - Started process (PID=298) to work on /opt/airflow/dags/prioritas_2_dag.py
[2024-04-16T10:13:03.831+0000] {processor.py:830} INFO - Processing file /opt/airflow/dags/prioritas_2_dag.py for tasks to queue
[2024-04-16T10:13:03.833+0000] {logging_mixin.py:188} INFO - [2024-04-16T10:13:03.833+0000] {dagbag.py:540} INFO - Filling up the DagBag from /opt/airflow/dags/prioritas_2_dag.py
[2024-04-16T10:13:03.857+0000] {processor.py:840} INFO - DAG(s) 'prioritas_2' retrieved from /opt/airflow/dags/prioritas_2_dag.py
[2024-04-16T10:13:03.874+0000] {logging_mixin.py:188} INFO - [2024-04-16T10:13:03.874+0000] {dag.py:3047} INFO - Sync 1 DAGs
[2024-04-16T10:13:03.896+0000] {logging_mixin.py:188} INFO - [2024-04-16T10:13:03.896+0000] {dag.py:3834} INFO - Setting next_dagrun for prioritas_2 to 2024-04-16 00:00:00+00:00, run_after=2024-04-17 00:00:00+00:00
[2024-04-16T10:13:03.917+0000] {processor.py:183} INFO - Processing /opt/airflow/dags/prioritas_2_dag.py took 0.091 seconds
[2024-04-16T10:13:34.078+0000] {processor.py:161} INFO - Started process (PID=357) to work on /opt/airflow/dags/prioritas_2_dag.py
[2024-04-16T10:13:34.079+0000] {processor.py:830} INFO - Processing file /opt/airflow/dags/prioritas_2_dag.py for tasks to queue
[2024-04-16T10:13:34.081+0000] {logging_mixin.py:188} INFO - [2024-04-16T10:13:34.080+0000] {dagbag.py:540} INFO - Filling up the DagBag from /opt/airflow/dags/prioritas_2_dag.py
[2024-04-16T10:13:34.102+0000] {processor.py:840} INFO - DAG(s) 'prioritas_2' retrieved from /opt/airflow/dags/prioritas_2_dag.py
[2024-04-16T10:13:34.119+0000] {logging_mixin.py:188} INFO - [2024-04-16T10:13:34.119+0000] {dag.py:3047} INFO - Sync 1 DAGs
[2024-04-16T10:13:34.139+0000] {logging_mixin.py:188} INFO - [2024-04-16T10:13:34.138+0000] {dag.py:3834} INFO - Setting next_dagrun for prioritas_2 to 2024-04-16 00:00:00+00:00, run_after=2024-04-17 00:00:00+00:00
[2024-04-16T10:13:34.156+0000] {processor.py:183} INFO - Processing /opt/airflow/dags/prioritas_2_dag.py took 0.081 seconds
[2024-04-16T10:14:04.471+0000] {processor.py:161} INFO - Started process (PID=416) to work on /opt/airflow/dags/prioritas_2_dag.py
[2024-04-16T10:14:04.472+0000] {processor.py:830} INFO - Processing file /opt/airflow/dags/prioritas_2_dag.py for tasks to queue
[2024-04-16T10:14:04.474+0000] {logging_mixin.py:188} INFO - [2024-04-16T10:14:04.474+0000] {dagbag.py:540} INFO - Filling up the DagBag from /opt/airflow/dags/prioritas_2_dag.py
[2024-04-16T10:14:04.497+0000] {processor.py:840} INFO - DAG(s) 'prioritas_2' retrieved from /opt/airflow/dags/prioritas_2_dag.py
[2024-04-16T10:14:04.519+0000] {logging_mixin.py:188} INFO - [2024-04-16T10:14:04.518+0000] {dag.py:3047} INFO - Sync 1 DAGs
[2024-04-16T10:14:04.544+0000] {logging_mixin.py:188} INFO - [2024-04-16T10:14:04.544+0000] {dag.py:3834} INFO - Setting next_dagrun for prioritas_2 to 2024-04-16 00:00:00+00:00, run_after=2024-04-17 00:00:00+00:00
[2024-04-16T10:14:04.569+0000] {processor.py:183} INFO - Processing /opt/airflow/dags/prioritas_2_dag.py took 0.102 seconds
[2024-04-16T10:14:34.679+0000] {processor.py:161} INFO - Started process (PID=475) to work on /opt/airflow/dags/prioritas_2_dag.py
[2024-04-16T10:14:34.680+0000] {processor.py:830} INFO - Processing file /opt/airflow/dags/prioritas_2_dag.py for tasks to queue
[2024-04-16T10:14:34.683+0000] {logging_mixin.py:188} INFO - [2024-04-16T10:14:34.683+0000] {dagbag.py:540} INFO - Filling up the DagBag from /opt/airflow/dags/prioritas_2_dag.py
[2024-04-16T10:14:34.708+0000] {processor.py:840} INFO - DAG(s) 'prioritas_2' retrieved from /opt/airflow/dags/prioritas_2_dag.py
[2024-04-16T10:14:34.734+0000] {logging_mixin.py:188} INFO - [2024-04-16T10:14:34.734+0000] {dag.py:3047} INFO - Sync 1 DAGs
[2024-04-16T10:14:34.766+0000] {logging_mixin.py:188} INFO - [2024-04-16T10:14:34.765+0000] {dag.py:3834} INFO - Setting next_dagrun for prioritas_2 to 2024-04-16 00:00:00+00:00, run_after=2024-04-17 00:00:00+00:00
[2024-04-16T10:14:34.821+0000] {processor.py:183} INFO - Processing /opt/airflow/dags/prioritas_2_dag.py took 0.146 seconds
[2024-04-16T10:15:05.055+0000] {processor.py:161} INFO - Started process (PID=534) to work on /opt/airflow/dags/prioritas_2_dag.py
[2024-04-16T10:15:05.058+0000] {processor.py:830} INFO - Processing file /opt/airflow/dags/prioritas_2_dag.py for tasks to queue
[2024-04-16T10:15:05.063+0000] {logging_mixin.py:188} INFO - [2024-04-16T10:15:05.062+0000] {dagbag.py:540} INFO - Filling up the DagBag from /opt/airflow/dags/prioritas_2_dag.py
[2024-04-16T10:15:05.099+0000] {processor.py:840} INFO - DAG(s) 'prioritas_2' retrieved from /opt/airflow/dags/prioritas_2_dag.py
[2024-04-16T10:15:05.132+0000] {logging_mixin.py:188} INFO - [2024-04-16T10:15:05.132+0000] {dag.py:3047} INFO - Sync 1 DAGs
[2024-04-16T10:15:05.171+0000] {logging_mixin.py:188} INFO - [2024-04-16T10:15:05.171+0000] {dag.py:3834} INFO - Setting next_dagrun for prioritas_2 to 2024-04-16 00:00:00+00:00, run_after=2024-04-17 00:00:00+00:00
[2024-04-16T10:15:05.203+0000] {processor.py:183} INFO - Processing /opt/airflow/dags/prioritas_2_dag.py took 0.154 seconds
[2024-04-16T10:15:35.394+0000] {processor.py:161} INFO - Started process (PID=593) to work on /opt/airflow/dags/prioritas_2_dag.py
[2024-04-16T10:15:35.396+0000] {processor.py:830} INFO - Processing file /opt/airflow/dags/prioritas_2_dag.py for tasks to queue
[2024-04-16T10:15:35.397+0000] {logging_mixin.py:188} INFO - [2024-04-16T10:15:35.397+0000] {dagbag.py:540} INFO - Filling up the DagBag from /opt/airflow/dags/prioritas_2_dag.py
[2024-04-16T10:15:35.415+0000] {processor.py:840} INFO - DAG(s) 'prioritas_2' retrieved from /opt/airflow/dags/prioritas_2_dag.py
[2024-04-16T10:15:35.434+0000] {logging_mixin.py:188} INFO - [2024-04-16T10:15:35.434+0000] {dag.py:3047} INFO - Sync 1 DAGs
[2024-04-16T10:15:35.456+0000] {logging_mixin.py:188} INFO - [2024-04-16T10:15:35.456+0000] {dag.py:3834} INFO - Setting next_dagrun for prioritas_2 to 2024-04-16 00:00:00+00:00, run_after=2024-04-17 00:00:00+00:00
[2024-04-16T10:15:35.480+0000] {processor.py:183} INFO - Processing /opt/airflow/dags/prioritas_2_dag.py took 0.088 seconds
[2024-04-16T10:16:06.069+0000] {processor.py:161} INFO - Started process (PID=652) to work on /opt/airflow/dags/prioritas_2_dag.py
[2024-04-16T10:16:06.070+0000] {processor.py:830} INFO - Processing file /opt/airflow/dags/prioritas_2_dag.py for tasks to queue
[2024-04-16T10:16:06.072+0000] {logging_mixin.py:188} INFO - [2024-04-16T10:16:06.072+0000] {dagbag.py:540} INFO - Filling up the DagBag from /opt/airflow/dags/prioritas_2_dag.py
[2024-04-16T10:16:06.095+0000] {processor.py:840} INFO - DAG(s) 'prioritas_2' retrieved from /opt/airflow/dags/prioritas_2_dag.py
[2024-04-16T10:16:06.114+0000] {logging_mixin.py:188} INFO - [2024-04-16T10:16:06.114+0000] {dag.py:3047} INFO - Sync 1 DAGs
[2024-04-16T10:16:06.138+0000] {logging_mixin.py:188} INFO - [2024-04-16T10:16:06.137+0000] {dag.py:3834} INFO - Setting next_dagrun for prioritas_2 to 2024-04-16 00:00:00+00:00, run_after=2024-04-17 00:00:00+00:00
[2024-04-16T10:16:06.164+0000] {processor.py:183} INFO - Processing /opt/airflow/dags/prioritas_2_dag.py took 0.098 seconds
[2024-04-16T10:16:36.648+0000] {processor.py:161} INFO - Started process (PID=711) to work on /opt/airflow/dags/prioritas_2_dag.py
[2024-04-16T10:16:36.650+0000] {processor.py:830} INFO - Processing file /opt/airflow/dags/prioritas_2_dag.py for tasks to queue
[2024-04-16T10:16:36.651+0000] {logging_mixin.py:188} INFO - [2024-04-16T10:16:36.651+0000] {dagbag.py:540} INFO - Filling up the DagBag from /opt/airflow/dags/prioritas_2_dag.py
[2024-04-16T10:16:36.674+0000] {processor.py:840} INFO - DAG(s) 'prioritas_2' retrieved from /opt/airflow/dags/prioritas_2_dag.py
[2024-04-16T10:16:36.694+0000] {logging_mixin.py:188} INFO - [2024-04-16T10:16:36.694+0000] {dag.py:3047} INFO - Sync 1 DAGs
[2024-04-16T10:16:36.718+0000] {logging_mixin.py:188} INFO - [2024-04-16T10:16:36.718+0000] {dag.py:3834} INFO - Setting next_dagrun for prioritas_2 to 2024-04-16 00:00:00+00:00, run_after=2024-04-17 00:00:00+00:00
[2024-04-16T10:16:36.739+0000] {processor.py:183} INFO - Processing /opt/airflow/dags/prioritas_2_dag.py took 0.094 seconds
[2024-04-16T10:17:07.061+0000] {processor.py:161} INFO - Started process (PID=770) to work on /opt/airflow/dags/prioritas_2_dag.py
[2024-04-16T10:17:07.061+0000] {processor.py:830} INFO - Processing file /opt/airflow/dags/prioritas_2_dag.py for tasks to queue
[2024-04-16T10:17:07.064+0000] {logging_mixin.py:188} INFO - [2024-04-16T10:17:07.064+0000] {dagbag.py:540} INFO - Filling up the DagBag from /opt/airflow/dags/prioritas_2_dag.py
[2024-04-16T10:17:07.085+0000] {processor.py:840} INFO - DAG(s) 'prioritas_2' retrieved from /opt/airflow/dags/prioritas_2_dag.py
[2024-04-16T10:17:07.107+0000] {logging_mixin.py:188} INFO - [2024-04-16T10:17:07.106+0000] {dag.py:3047} INFO - Sync 1 DAGs
[2024-04-16T10:17:07.132+0000] {logging_mixin.py:188} INFO - [2024-04-16T10:17:07.131+0000] {dag.py:3834} INFO - Setting next_dagrun for prioritas_2 to 2024-04-16 00:00:00+00:00, run_after=2024-04-17 00:00:00+00:00
[2024-04-16T10:17:07.159+0000] {processor.py:183} INFO - Processing /opt/airflow/dags/prioritas_2_dag.py took 0.102 seconds
[2024-04-16T10:17:37.376+0000] {processor.py:161} INFO - Started process (PID=829) to work on /opt/airflow/dags/prioritas_2_dag.py
[2024-04-16T10:17:37.377+0000] {processor.py:830} INFO - Processing file /opt/airflow/dags/prioritas_2_dag.py for tasks to queue
[2024-04-16T10:17:37.379+0000] {logging_mixin.py:188} INFO - [2024-04-16T10:17:37.379+0000] {dagbag.py:540} INFO - Filling up the DagBag from /opt/airflow/dags/prioritas_2_dag.py
[2024-04-16T10:17:37.402+0000] {processor.py:840} INFO - DAG(s) 'prioritas_2' retrieved from /opt/airflow/dags/prioritas_2_dag.py
[2024-04-16T10:17:37.420+0000] {logging_mixin.py:188} INFO - [2024-04-16T10:17:37.420+0000] {dag.py:3047} INFO - Sync 1 DAGs
[2024-04-16T10:17:37.442+0000] {logging_mixin.py:188} INFO - [2024-04-16T10:17:37.442+0000] {dag.py:3834} INFO - Setting next_dagrun for prioritas_2 to 2024-04-16 00:00:00+00:00, run_after=2024-04-17 00:00:00+00:00
[2024-04-16T10:17:37.461+0000] {processor.py:183} INFO - Processing /opt/airflow/dags/prioritas_2_dag.py took 0.087 seconds
[2024-04-16T10:18:07.607+0000] {processor.py:161} INFO - Started process (PID=888) to work on /opt/airflow/dags/prioritas_2_dag.py
[2024-04-16T10:18:07.608+0000] {processor.py:830} INFO - Processing file /opt/airflow/dags/prioritas_2_dag.py for tasks to queue
[2024-04-16T10:18:07.610+0000] {logging_mixin.py:188} INFO - [2024-04-16T10:18:07.609+0000] {dagbag.py:540} INFO - Filling up the DagBag from /opt/airflow/dags/prioritas_2_dag.py
[2024-04-16T10:18:07.629+0000] {processor.py:840} INFO - DAG(s) 'prioritas_2' retrieved from /opt/airflow/dags/prioritas_2_dag.py
[2024-04-16T10:18:07.647+0000] {logging_mixin.py:188} INFO - [2024-04-16T10:18:07.647+0000] {dag.py:3047} INFO - Sync 1 DAGs
[2024-04-16T10:18:07.668+0000] {logging_mixin.py:188} INFO - [2024-04-16T10:18:07.667+0000] {dag.py:3834} INFO - Setting next_dagrun for prioritas_2 to 2024-04-16 00:00:00+00:00, run_after=2024-04-17 00:00:00+00:00
[2024-04-16T10:18:07.689+0000] {processor.py:183} INFO - Processing /opt/airflow/dags/prioritas_2_dag.py took 0.085 seconds
[2024-04-16T10:18:37.827+0000] {processor.py:161} INFO - Started process (PID=947) to work on /opt/airflow/dags/prioritas_2_dag.py
[2024-04-16T10:18:37.828+0000] {processor.py:830} INFO - Processing file /opt/airflow/dags/prioritas_2_dag.py for tasks to queue
[2024-04-16T10:18:37.830+0000] {logging_mixin.py:188} INFO - [2024-04-16T10:18:37.829+0000] {dagbag.py:540} INFO - Filling up the DagBag from /opt/airflow/dags/prioritas_2_dag.py
[2024-04-16T10:18:37.851+0000] {processor.py:840} INFO - DAG(s) 'prioritas_2' retrieved from /opt/airflow/dags/prioritas_2_dag.py
[2024-04-16T10:18:37.870+0000] {logging_mixin.py:188} INFO - [2024-04-16T10:18:37.870+0000] {dag.py:3047} INFO - Sync 1 DAGs
[2024-04-16T10:18:37.890+0000] {logging_mixin.py:188} INFO - [2024-04-16T10:18:37.890+0000] {dag.py:3834} INFO - Setting next_dagrun for prioritas_2 to 2024-04-16 00:00:00+00:00, run_after=2024-04-17 00:00:00+00:00
[2024-04-16T10:18:37.909+0000] {processor.py:183} INFO - Processing /opt/airflow/dags/prioritas_2_dag.py took 0.085 seconds
[2024-04-16T10:19:08.203+0000] {processor.py:161} INFO - Started process (PID=1006) to work on /opt/airflow/dags/prioritas_2_dag.py
[2024-04-16T10:19:08.204+0000] {processor.py:830} INFO - Processing file /opt/airflow/dags/prioritas_2_dag.py for tasks to queue
[2024-04-16T10:19:08.206+0000] {logging_mixin.py:188} INFO - [2024-04-16T10:19:08.206+0000] {dagbag.py:540} INFO - Filling up the DagBag from /opt/airflow/dags/prioritas_2_dag.py
[2024-04-16T10:19:08.225+0000] {processor.py:840} INFO - DAG(s) 'prioritas_2' retrieved from /opt/airflow/dags/prioritas_2_dag.py
[2024-04-16T10:19:08.241+0000] {logging_mixin.py:188} INFO - [2024-04-16T10:19:08.241+0000] {dag.py:3047} INFO - Sync 1 DAGs
[2024-04-16T10:19:08.262+0000] {logging_mixin.py:188} INFO - [2024-04-16T10:19:08.262+0000] {dag.py:3834} INFO - Setting next_dagrun for prioritas_2 to 2024-04-16 00:00:00+00:00, run_after=2024-04-17 00:00:00+00:00
[2024-04-16T10:19:08.281+0000] {processor.py:183} INFO - Processing /opt/airflow/dags/prioritas_2_dag.py took 0.081 seconds
[2024-04-16T10:19:38.411+0000] {processor.py:161} INFO - Started process (PID=1065) to work on /opt/airflow/dags/prioritas_2_dag.py
[2024-04-16T10:19:38.412+0000] {processor.py:830} INFO - Processing file /opt/airflow/dags/prioritas_2_dag.py for tasks to queue
[2024-04-16T10:19:38.414+0000] {logging_mixin.py:188} INFO - [2024-04-16T10:19:38.413+0000] {dagbag.py:540} INFO - Filling up the DagBag from /opt/airflow/dags/prioritas_2_dag.py
[2024-04-16T10:19:38.430+0000] {processor.py:840} INFO - DAG(s) 'prioritas_2' retrieved from /opt/airflow/dags/prioritas_2_dag.py
[2024-04-16T10:19:38.449+0000] {logging_mixin.py:188} INFO - [2024-04-16T10:19:38.448+0000] {dag.py:3047} INFO - Sync 1 DAGs
[2024-04-16T10:19:38.469+0000] {logging_mixin.py:188} INFO - [2024-04-16T10:19:38.469+0000] {dag.py:3834} INFO - Setting next_dagrun for prioritas_2 to 2024-04-16 00:00:00+00:00, run_after=2024-04-17 00:00:00+00:00
[2024-04-16T10:19:38.488+0000] {processor.py:183} INFO - Processing /opt/airflow/dags/prioritas_2_dag.py took 0.080 seconds
[2024-04-16T10:20:08.694+0000] {processor.py:161} INFO - Started process (PID=1124) to work on /opt/airflow/dags/prioritas_2_dag.py
[2024-04-16T10:20:08.696+0000] {processor.py:830} INFO - Processing file /opt/airflow/dags/prioritas_2_dag.py for tasks to queue
[2024-04-16T10:20:08.698+0000] {logging_mixin.py:188} INFO - [2024-04-16T10:20:08.698+0000] {dagbag.py:540} INFO - Filling up the DagBag from /opt/airflow/dags/prioritas_2_dag.py
[2024-04-16T10:20:08.720+0000] {processor.py:840} INFO - DAG(s) 'prioritas_2' retrieved from /opt/airflow/dags/prioritas_2_dag.py
[2024-04-16T10:20:08.742+0000] {logging_mixin.py:188} INFO - [2024-04-16T10:20:08.741+0000] {dag.py:3047} INFO - Sync 1 DAGs
[2024-04-16T10:20:08.765+0000] {logging_mixin.py:188} INFO - [2024-04-16T10:20:08.765+0000] {dag.py:3834} INFO - Setting next_dagrun for prioritas_2 to 2024-04-16 00:00:00+00:00, run_after=2024-04-17 00:00:00+00:00
[2024-04-16T10:20:08.784+0000] {processor.py:183} INFO - Processing /opt/airflow/dags/prioritas_2_dag.py took 0.092 seconds
[2024-04-16T10:20:38.879+0000] {processor.py:161} INFO - Started process (PID=1183) to work on /opt/airflow/dags/prioritas_2_dag.py
[2024-04-16T10:20:38.880+0000] {processor.py:830} INFO - Processing file /opt/airflow/dags/prioritas_2_dag.py for tasks to queue
[2024-04-16T10:20:38.882+0000] {logging_mixin.py:188} INFO - [2024-04-16T10:20:38.881+0000] {dagbag.py:540} INFO - Filling up the DagBag from /opt/airflow/dags/prioritas_2_dag.py
[2024-04-16T10:20:38.902+0000] {processor.py:840} INFO - DAG(s) 'prioritas_2' retrieved from /opt/airflow/dags/prioritas_2_dag.py
[2024-04-16T10:20:38.924+0000] {logging_mixin.py:188} INFO - [2024-04-16T10:20:38.924+0000] {dag.py:3047} INFO - Sync 1 DAGs
[2024-04-16T10:20:38.950+0000] {logging_mixin.py:188} INFO - [2024-04-16T10:20:38.950+0000] {dag.py:3834} INFO - Setting next_dagrun for prioritas_2 to 2024-04-16 00:00:00+00:00, run_after=2024-04-17 00:00:00+00:00
[2024-04-16T10:20:38.970+0000] {processor.py:183} INFO - Processing /opt/airflow/dags/prioritas_2_dag.py took 0.094 seconds
[2024-04-16T10:21:09.474+0000] {processor.py:161} INFO - Started process (PID=1242) to work on /opt/airflow/dags/prioritas_2_dag.py
[2024-04-16T10:21:09.475+0000] {processor.py:830} INFO - Processing file /opt/airflow/dags/prioritas_2_dag.py for tasks to queue
[2024-04-16T10:21:09.477+0000] {logging_mixin.py:188} INFO - [2024-04-16T10:21:09.477+0000] {dagbag.py:540} INFO - Filling up the DagBag from /opt/airflow/dags/prioritas_2_dag.py
[2024-04-16T10:21:09.498+0000] {processor.py:840} INFO - DAG(s) 'prioritas_2' retrieved from /opt/airflow/dags/prioritas_2_dag.py
[2024-04-16T10:21:09.518+0000] {logging_mixin.py:188} INFO - [2024-04-16T10:21:09.518+0000] {dag.py:3047} INFO - Sync 1 DAGs
[2024-04-16T10:21:09.544+0000] {logging_mixin.py:188} INFO - [2024-04-16T10:21:09.544+0000] {dag.py:3834} INFO - Setting next_dagrun for prioritas_2 to 2024-04-16 00:00:00+00:00, run_after=2024-04-17 00:00:00+00:00
[2024-04-16T10:21:09.565+0000] {processor.py:183} INFO - Processing /opt/airflow/dags/prioritas_2_dag.py took 0.094 seconds
[2024-04-16T10:21:39.730+0000] {processor.py:161} INFO - Started process (PID=1301) to work on /opt/airflow/dags/prioritas_2_dag.py
[2024-04-16T10:21:39.731+0000] {processor.py:830} INFO - Processing file /opt/airflow/dags/prioritas_2_dag.py for tasks to queue
[2024-04-16T10:21:39.734+0000] {logging_mixin.py:188} INFO - [2024-04-16T10:21:39.734+0000] {dagbag.py:540} INFO - Filling up the DagBag from /opt/airflow/dags/prioritas_2_dag.py
[2024-04-16T10:21:39.761+0000] {processor.py:840} INFO - DAG(s) 'prioritas_2' retrieved from /opt/airflow/dags/prioritas_2_dag.py
[2024-04-16T10:21:39.792+0000] {logging_mixin.py:188} INFO - [2024-04-16T10:21:39.791+0000] {dag.py:3047} INFO - Sync 1 DAGs
[2024-04-16T10:21:39.823+0000] {logging_mixin.py:188} INFO - [2024-04-16T10:21:39.823+0000] {dag.py:3834} INFO - Setting next_dagrun for prioritas_2 to 2024-04-16 00:00:00+00:00, run_after=2024-04-17 00:00:00+00:00
[2024-04-16T10:21:39.858+0000] {processor.py:183} INFO - Processing /opt/airflow/dags/prioritas_2_dag.py took 0.133 seconds
[2024-04-16T10:22:10.072+0000] {processor.py:161} INFO - Started process (PID=1360) to work on /opt/airflow/dags/prioritas_2_dag.py
[2024-04-16T10:22:10.073+0000] {processor.py:830} INFO - Processing file /opt/airflow/dags/prioritas_2_dag.py for tasks to queue
[2024-04-16T10:22:10.076+0000] {logging_mixin.py:188} INFO - [2024-04-16T10:22:10.075+0000] {dagbag.py:540} INFO - Filling up the DagBag from /opt/airflow/dags/prioritas_2_dag.py
[2024-04-16T10:22:10.102+0000] {processor.py:840} INFO - DAG(s) 'prioritas_2' retrieved from /opt/airflow/dags/prioritas_2_dag.py
[2024-04-16T10:22:10.120+0000] {logging_mixin.py:188} INFO - [2024-04-16T10:22:10.120+0000] {dag.py:3047} INFO - Sync 1 DAGs
[2024-04-16T10:22:10.139+0000] {logging_mixin.py:188} INFO - [2024-04-16T10:22:10.139+0000] {dag.py:3834} INFO - Setting next_dagrun for prioritas_2 to 2024-04-16 00:00:00+00:00, run_after=2024-04-17 00:00:00+00:00
[2024-04-16T10:22:10.156+0000] {processor.py:183} INFO - Processing /opt/airflow/dags/prioritas_2_dag.py took 0.087 seconds
[2024-04-16T10:22:40.594+0000] {processor.py:161} INFO - Started process (PID=1419) to work on /opt/airflow/dags/prioritas_2_dag.py
[2024-04-16T10:22:40.595+0000] {processor.py:830} INFO - Processing file /opt/airflow/dags/prioritas_2_dag.py for tasks to queue
[2024-04-16T10:22:40.597+0000] {logging_mixin.py:188} INFO - [2024-04-16T10:22:40.597+0000] {dagbag.py:540} INFO - Filling up the DagBag from /opt/airflow/dags/prioritas_2_dag.py
[2024-04-16T10:22:40.616+0000] {processor.py:840} INFO - DAG(s) 'prioritas_2' retrieved from /opt/airflow/dags/prioritas_2_dag.py
[2024-04-16T10:22:40.634+0000] {logging_mixin.py:188} INFO - [2024-04-16T10:22:40.634+0000] {dag.py:3047} INFO - Sync 1 DAGs
[2024-04-16T10:22:40.655+0000] {logging_mixin.py:188} INFO - [2024-04-16T10:22:40.655+0000] {dag.py:3834} INFO - Setting next_dagrun for prioritas_2 to 2024-04-16 00:00:00+00:00, run_after=2024-04-17 00:00:00+00:00
[2024-04-16T10:22:40.677+0000] {processor.py:183} INFO - Processing /opt/airflow/dags/prioritas_2_dag.py took 0.085 seconds
