[2024-04-15T14:45:02.440+0000] {processor.py:161} INFO - Started process (PID=87) to work on /home/airflow/.local/lib/python3.12/site-packages/airflow/example_dags/example_branch_operator.py
[2024-04-15T14:45:02.451+0000] {processor.py:830} INFO - Processing file /home/airflow/.local/lib/python3.12/site-packages/airflow/example_dags/example_branch_operator.py for tasks to queue
[2024-04-15T14:45:02.462+0000] {logging_mixin.py:188} INFO - [2024-04-15T14:45:02.458+0000] {dagbag.py:540} INFO - Filling up the DagBag from /home/airflow/.local/lib/python3.12/site-packages/airflow/example_dags/example_branch_operator.py
[2024-04-15T14:45:02.577+0000] {processor.py:840} INFO - DAG(s) 'example_branch_operator' retrieved from /home/airflow/.local/lib/python3.12/site-packages/airflow/example_dags/example_branch_operator.py
[2024-04-15T14:45:04.410+0000] {logging_mixin.py:188} INFO - [2024-04-15T14:45:04.409+0000] {dag.py:3096} INFO - Sync 1 DAGs
[2024-04-15T14:45:04.538+0000] {logging_mixin.py:188} INFO - [2024-04-15T14:45:04.536+0000] {dag.py:3954} INFO - Setting next_dagrun for example_branch_operator to 2024-04-14 00:00:00+00:00, run_after=2024-04-15 00:00:00+00:00
[2024-04-15T14:45:04.705+0000] {processor.py:183} INFO - Processing /home/airflow/.local/lib/python3.12/site-packages/airflow/example_dags/example_branch_operator.py took 2.295 seconds
[2024-04-15T14:45:35.188+0000] {processor.py:161} INFO - Started process (PID=145) to work on /home/airflow/.local/lib/python3.12/site-packages/airflow/example_dags/example_branch_operator.py
[2024-04-15T14:45:35.192+0000] {processor.py:830} INFO - Processing file /home/airflow/.local/lib/python3.12/site-packages/airflow/example_dags/example_branch_operator.py for tasks to queue
[2024-04-15T14:45:35.196+0000] {logging_mixin.py:188} INFO - [2024-04-15T14:45:35.196+0000] {dagbag.py:540} INFO - Filling up the DagBag from /home/airflow/.local/lib/python3.12/site-packages/airflow/example_dags/example_branch_operator.py
[2024-04-15T14:45:35.238+0000] {processor.py:840} INFO - DAG(s) 'example_branch_operator' retrieved from /home/airflow/.local/lib/python3.12/site-packages/airflow/example_dags/example_branch_operator.py
[2024-04-15T14:45:35.301+0000] {logging_mixin.py:188} INFO - [2024-04-15T14:45:35.301+0000] {dag.py:3096} INFO - Sync 1 DAGs
[2024-04-15T14:45:35.339+0000] {logging_mixin.py:188} INFO - [2024-04-15T14:45:35.338+0000] {dag.py:3954} INFO - Setting next_dagrun for example_branch_operator to 2024-04-14 00:00:00+00:00, run_after=2024-04-15 00:00:00+00:00
[2024-04-15T14:45:35.369+0000] {processor.py:183} INFO - Processing /home/airflow/.local/lib/python3.12/site-packages/airflow/example_dags/example_branch_operator.py took 0.193 seconds
[2024-04-15T14:46:05.432+0000] {processor.py:161} INFO - Started process (PID=204) to work on /home/airflow/.local/lib/python3.12/site-packages/airflow/example_dags/example_branch_operator.py
[2024-04-15T14:46:05.433+0000] {processor.py:830} INFO - Processing file /home/airflow/.local/lib/python3.12/site-packages/airflow/example_dags/example_branch_operator.py for tasks to queue
[2024-04-15T14:46:05.436+0000] {logging_mixin.py:188} INFO - [2024-04-15T14:46:05.435+0000] {dagbag.py:540} INFO - Filling up the DagBag from /home/airflow/.local/lib/python3.12/site-packages/airflow/example_dags/example_branch_operator.py
[2024-04-15T14:46:05.454+0000] {processor.py:840} INFO - DAG(s) 'example_branch_operator' retrieved from /home/airflow/.local/lib/python3.12/site-packages/airflow/example_dags/example_branch_operator.py
[2024-04-15T14:46:05.501+0000] {logging_mixin.py:188} INFO - [2024-04-15T14:46:05.500+0000] {dag.py:3096} INFO - Sync 1 DAGs
[2024-04-15T14:46:05.531+0000] {logging_mixin.py:188} INFO - [2024-04-15T14:46:05.531+0000] {dag.py:3954} INFO - Setting next_dagrun for example_branch_operator to 2024-04-14 00:00:00+00:00, run_after=2024-04-15 00:00:00+00:00
[2024-04-15T14:46:05.557+0000] {processor.py:183} INFO - Processing /home/airflow/.local/lib/python3.12/site-packages/airflow/example_dags/example_branch_operator.py took 0.132 seconds
[2024-04-15T14:46:35.598+0000] {processor.py:161} INFO - Started process (PID=262) to work on /home/airflow/.local/lib/python3.12/site-packages/airflow/example_dags/example_branch_operator.py
[2024-04-15T14:46:35.600+0000] {processor.py:830} INFO - Processing file /home/airflow/.local/lib/python3.12/site-packages/airflow/example_dags/example_branch_operator.py for tasks to queue
[2024-04-15T14:46:35.601+0000] {logging_mixin.py:188} INFO - [2024-04-15T14:46:35.601+0000] {dagbag.py:540} INFO - Filling up the DagBag from /home/airflow/.local/lib/python3.12/site-packages/airflow/example_dags/example_branch_operator.py
[2024-04-15T14:46:35.615+0000] {processor.py:840} INFO - DAG(s) 'example_branch_operator' retrieved from /home/airflow/.local/lib/python3.12/site-packages/airflow/example_dags/example_branch_operator.py
[2024-04-15T14:46:35.640+0000] {logging_mixin.py:188} INFO - [2024-04-15T14:46:35.639+0000] {dag.py:3096} INFO - Sync 1 DAGs
[2024-04-15T14:46:35.661+0000] {logging_mixin.py:188} INFO - [2024-04-15T14:46:35.660+0000] {dag.py:3954} INFO - Setting next_dagrun for example_branch_operator to 2024-04-14 00:00:00+00:00, run_after=2024-04-15 00:00:00+00:00
[2024-04-15T14:46:35.679+0000] {processor.py:183} INFO - Processing /home/airflow/.local/lib/python3.12/site-packages/airflow/example_dags/example_branch_operator.py took 0.085 seconds
[2024-04-15T14:47:05.809+0000] {processor.py:161} INFO - Started process (PID=320) to work on /home/airflow/.local/lib/python3.12/site-packages/airflow/example_dags/example_branch_operator.py
[2024-04-15T14:47:05.810+0000] {processor.py:830} INFO - Processing file /home/airflow/.local/lib/python3.12/site-packages/airflow/example_dags/example_branch_operator.py for tasks to queue
[2024-04-15T14:47:05.812+0000] {logging_mixin.py:188} INFO - [2024-04-15T14:47:05.811+0000] {dagbag.py:540} INFO - Filling up the DagBag from /home/airflow/.local/lib/python3.12/site-packages/airflow/example_dags/example_branch_operator.py
[2024-04-15T14:47:05.825+0000] {processor.py:840} INFO - DAG(s) 'example_branch_operator' retrieved from /home/airflow/.local/lib/python3.12/site-packages/airflow/example_dags/example_branch_operator.py
[2024-04-15T14:47:05.850+0000] {logging_mixin.py:188} INFO - [2024-04-15T14:47:05.850+0000] {dag.py:3096} INFO - Sync 1 DAGs
[2024-04-15T14:47:05.870+0000] {logging_mixin.py:188} INFO - [2024-04-15T14:47:05.870+0000] {dag.py:3954} INFO - Setting next_dagrun for example_branch_operator to 2024-04-14 00:00:00+00:00, run_after=2024-04-15 00:00:00+00:00
[2024-04-15T14:47:05.888+0000] {processor.py:183} INFO - Processing /home/airflow/.local/lib/python3.12/site-packages/airflow/example_dags/example_branch_operator.py took 0.084 seconds
[2024-04-15T14:47:36.362+0000] {processor.py:161} INFO - Started process (PID=378) to work on /home/airflow/.local/lib/python3.12/site-packages/airflow/example_dags/example_branch_operator.py
[2024-04-15T14:47:36.364+0000] {processor.py:830} INFO - Processing file /home/airflow/.local/lib/python3.12/site-packages/airflow/example_dags/example_branch_operator.py for tasks to queue
[2024-04-15T14:47:36.365+0000] {logging_mixin.py:188} INFO - [2024-04-15T14:47:36.365+0000] {dagbag.py:540} INFO - Filling up the DagBag from /home/airflow/.local/lib/python3.12/site-packages/airflow/example_dags/example_branch_operator.py
[2024-04-15T14:47:36.378+0000] {processor.py:840} INFO - DAG(s) 'example_branch_operator' retrieved from /home/airflow/.local/lib/python3.12/site-packages/airflow/example_dags/example_branch_operator.py
[2024-04-15T14:47:36.405+0000] {logging_mixin.py:188} INFO - [2024-04-15T14:47:36.404+0000] {dag.py:3096} INFO - Sync 1 DAGs
[2024-04-15T14:47:36.426+0000] {logging_mixin.py:188} INFO - [2024-04-15T14:47:36.426+0000] {dag.py:3954} INFO - Setting next_dagrun for example_branch_operator to 2024-04-14 00:00:00+00:00, run_after=2024-04-15 00:00:00+00:00
[2024-04-15T14:47:36.447+0000] {processor.py:183} INFO - Processing /home/airflow/.local/lib/python3.12/site-packages/airflow/example_dags/example_branch_operator.py took 0.089 seconds
[2024-04-15T14:48:06.674+0000] {processor.py:161} INFO - Started process (PID=436) to work on /home/airflow/.local/lib/python3.12/site-packages/airflow/example_dags/example_branch_operator.py
[2024-04-15T14:48:06.674+0000] {processor.py:830} INFO - Processing file /home/airflow/.local/lib/python3.12/site-packages/airflow/example_dags/example_branch_operator.py for tasks to queue
[2024-04-15T14:48:06.676+0000] {logging_mixin.py:188} INFO - [2024-04-15T14:48:06.676+0000] {dagbag.py:540} INFO - Filling up the DagBag from /home/airflow/.local/lib/python3.12/site-packages/airflow/example_dags/example_branch_operator.py
[2024-04-15T14:48:06.692+0000] {processor.py:840} INFO - DAG(s) 'example_branch_operator' retrieved from /home/airflow/.local/lib/python3.12/site-packages/airflow/example_dags/example_branch_operator.py
[2024-04-15T14:48:06.723+0000] {logging_mixin.py:188} INFO - [2024-04-15T14:48:06.722+0000] {dag.py:3096} INFO - Sync 1 DAGs
[2024-04-15T14:48:06.749+0000] {logging_mixin.py:188} INFO - [2024-04-15T14:48:06.749+0000] {dag.py:3954} INFO - Setting next_dagrun for example_branch_operator to 2024-04-14 00:00:00+00:00, run_after=2024-04-15 00:00:00+00:00
[2024-04-15T14:48:06.771+0000] {processor.py:183} INFO - Processing /home/airflow/.local/lib/python3.12/site-packages/airflow/example_dags/example_branch_operator.py took 0.103 seconds
[2024-04-15T14:48:36.861+0000] {processor.py:161} INFO - Started process (PID=494) to work on /home/airflow/.local/lib/python3.12/site-packages/airflow/example_dags/example_branch_operator.py
[2024-04-15T14:48:36.862+0000] {processor.py:830} INFO - Processing file /home/airflow/.local/lib/python3.12/site-packages/airflow/example_dags/example_branch_operator.py for tasks to queue
[2024-04-15T14:48:36.864+0000] {logging_mixin.py:188} INFO - [2024-04-15T14:48:36.864+0000] {dagbag.py:540} INFO - Filling up the DagBag from /home/airflow/.local/lib/python3.12/site-packages/airflow/example_dags/example_branch_operator.py
[2024-04-15T14:48:36.878+0000] {processor.py:840} INFO - DAG(s) 'example_branch_operator' retrieved from /home/airflow/.local/lib/python3.12/site-packages/airflow/example_dags/example_branch_operator.py
[2024-04-15T14:48:36.906+0000] {logging_mixin.py:188} INFO - [2024-04-15T14:48:36.906+0000] {dag.py:3096} INFO - Sync 1 DAGs
[2024-04-15T14:48:36.927+0000] {logging_mixin.py:188} INFO - [2024-04-15T14:48:36.927+0000] {dag.py:3954} INFO - Setting next_dagrun for example_branch_operator to 2024-04-14 00:00:00+00:00, run_after=2024-04-15 00:00:00+00:00
[2024-04-15T14:48:36.942+0000] {processor.py:183} INFO - Processing /home/airflow/.local/lib/python3.12/site-packages/airflow/example_dags/example_branch_operator.py took 0.085 seconds
[2024-04-15T14:49:07.472+0000] {processor.py:161} INFO - Started process (PID=552) to work on /home/airflow/.local/lib/python3.12/site-packages/airflow/example_dags/example_branch_operator.py
[2024-04-15T14:49:07.473+0000] {processor.py:830} INFO - Processing file /home/airflow/.local/lib/python3.12/site-packages/airflow/example_dags/example_branch_operator.py for tasks to queue
[2024-04-15T14:49:07.475+0000] {logging_mixin.py:188} INFO - [2024-04-15T14:49:07.475+0000] {dagbag.py:540} INFO - Filling up the DagBag from /home/airflow/.local/lib/python3.12/site-packages/airflow/example_dags/example_branch_operator.py
[2024-04-15T14:49:07.492+0000] {processor.py:840} INFO - DAG(s) 'example_branch_operator' retrieved from /home/airflow/.local/lib/python3.12/site-packages/airflow/example_dags/example_branch_operator.py
[2024-04-15T14:49:07.520+0000] {logging_mixin.py:188} INFO - [2024-04-15T14:49:07.520+0000] {dag.py:3096} INFO - Sync 1 DAGs
[2024-04-15T14:49:07.541+0000] {logging_mixin.py:188} INFO - [2024-04-15T14:49:07.541+0000] {dag.py:3954} INFO - Setting next_dagrun for example_branch_operator to 2024-04-14 00:00:00+00:00, run_after=2024-04-15 00:00:00+00:00
[2024-04-15T14:49:07.557+0000] {processor.py:183} INFO - Processing /home/airflow/.local/lib/python3.12/site-packages/airflow/example_dags/example_branch_operator.py took 0.090 seconds
[2024-04-15T14:49:38.112+0000] {processor.py:161} INFO - Started process (PID=610) to work on /home/airflow/.local/lib/python3.12/site-packages/airflow/example_dags/example_branch_operator.py
[2024-04-15T14:49:38.114+0000] {processor.py:830} INFO - Processing file /home/airflow/.local/lib/python3.12/site-packages/airflow/example_dags/example_branch_operator.py for tasks to queue
[2024-04-15T14:49:38.117+0000] {logging_mixin.py:188} INFO - [2024-04-15T14:49:38.116+0000] {dagbag.py:540} INFO - Filling up the DagBag from /home/airflow/.local/lib/python3.12/site-packages/airflow/example_dags/example_branch_operator.py
[2024-04-15T14:49:38.138+0000] {processor.py:840} INFO - DAG(s) 'example_branch_operator' retrieved from /home/airflow/.local/lib/python3.12/site-packages/airflow/example_dags/example_branch_operator.py
[2024-04-15T14:49:38.175+0000] {logging_mixin.py:188} INFO - [2024-04-15T14:49:38.174+0000] {dag.py:3096} INFO - Sync 1 DAGs
[2024-04-15T14:49:38.219+0000] {logging_mixin.py:188} INFO - [2024-04-15T14:49:38.218+0000] {dag.py:3954} INFO - Setting next_dagrun for example_branch_operator to 2024-04-14 00:00:00+00:00, run_after=2024-04-15 00:00:00+00:00
[2024-04-15T14:49:38.250+0000] {processor.py:183} INFO - Processing /home/airflow/.local/lib/python3.12/site-packages/airflow/example_dags/example_branch_operator.py took 0.146 seconds
[2024-04-15T14:50:08.691+0000] {processor.py:161} INFO - Started process (PID=668) to work on /home/airflow/.local/lib/python3.12/site-packages/airflow/example_dags/example_branch_operator.py
[2024-04-15T14:50:08.692+0000] {processor.py:830} INFO - Processing file /home/airflow/.local/lib/python3.12/site-packages/airflow/example_dags/example_branch_operator.py for tasks to queue
[2024-04-15T14:50:08.694+0000] {logging_mixin.py:188} INFO - [2024-04-15T14:50:08.693+0000] {dagbag.py:540} INFO - Filling up the DagBag from /home/airflow/.local/lib/python3.12/site-packages/airflow/example_dags/example_branch_operator.py
[2024-04-15T14:50:08.708+0000] {processor.py:840} INFO - DAG(s) 'example_branch_operator' retrieved from /home/airflow/.local/lib/python3.12/site-packages/airflow/example_dags/example_branch_operator.py
[2024-04-15T14:50:08.740+0000] {logging_mixin.py:188} INFO - [2024-04-15T14:50:08.739+0000] {dag.py:3096} INFO - Sync 1 DAGs
[2024-04-15T14:50:08.764+0000] {logging_mixin.py:188} INFO - [2024-04-15T14:50:08.763+0000] {dag.py:3954} INFO - Setting next_dagrun for example_branch_operator to 2024-04-14 00:00:00+00:00, run_after=2024-04-15 00:00:00+00:00
[2024-04-15T14:50:08.791+0000] {processor.py:183} INFO - Processing /home/airflow/.local/lib/python3.12/site-packages/airflow/example_dags/example_branch_operator.py took 0.107 seconds
[2024-04-15T14:50:38.893+0000] {processor.py:161} INFO - Started process (PID=726) to work on /home/airflow/.local/lib/python3.12/site-packages/airflow/example_dags/example_branch_operator.py
[2024-04-15T14:50:38.894+0000] {processor.py:830} INFO - Processing file /home/airflow/.local/lib/python3.12/site-packages/airflow/example_dags/example_branch_operator.py for tasks to queue
[2024-04-15T14:50:38.897+0000] {logging_mixin.py:188} INFO - [2024-04-15T14:50:38.896+0000] {dagbag.py:540} INFO - Filling up the DagBag from /home/airflow/.local/lib/python3.12/site-packages/airflow/example_dags/example_branch_operator.py
[2024-04-15T14:50:38.913+0000] {processor.py:840} INFO - DAG(s) 'example_branch_operator' retrieved from /home/airflow/.local/lib/python3.12/site-packages/airflow/example_dags/example_branch_operator.py
[2024-04-15T14:50:38.941+0000] {logging_mixin.py:188} INFO - [2024-04-15T14:50:38.941+0000] {dag.py:3096} INFO - Sync 1 DAGs
[2024-04-15T14:50:38.962+0000] {logging_mixin.py:188} INFO - [2024-04-15T14:50:38.962+0000] {dag.py:3954} INFO - Setting next_dagrun for example_branch_operator to 2024-04-14 00:00:00+00:00, run_after=2024-04-15 00:00:00+00:00
[2024-04-15T14:50:38.981+0000] {processor.py:183} INFO - Processing /home/airflow/.local/lib/python3.12/site-packages/airflow/example_dags/example_branch_operator.py took 0.096 seconds
[2024-04-15T14:51:09.576+0000] {processor.py:161} INFO - Started process (PID=784) to work on /home/airflow/.local/lib/python3.12/site-packages/airflow/example_dags/example_branch_operator.py
[2024-04-15T14:51:09.578+0000] {processor.py:830} INFO - Processing file /home/airflow/.local/lib/python3.12/site-packages/airflow/example_dags/example_branch_operator.py for tasks to queue
[2024-04-15T14:51:09.583+0000] {logging_mixin.py:188} INFO - [2024-04-15T14:51:09.582+0000] {dagbag.py:540} INFO - Filling up the DagBag from /home/airflow/.local/lib/python3.12/site-packages/airflow/example_dags/example_branch_operator.py
[2024-04-15T14:51:09.671+0000] {processor.py:840} INFO - DAG(s) 'example_branch_operator' retrieved from /home/airflow/.local/lib/python3.12/site-packages/airflow/example_dags/example_branch_operator.py
[2024-04-15T14:51:09.783+0000] {logging_mixin.py:188} INFO - [2024-04-15T14:51:09.782+0000] {dag.py:3096} INFO - Sync 1 DAGs
[2024-04-15T14:51:09.863+0000] {logging_mixin.py:188} INFO - [2024-04-15T14:51:09.863+0000] {dag.py:3954} INFO - Setting next_dagrun for example_branch_operator to 2024-04-14 00:00:00+00:00, run_after=2024-04-15 00:00:00+00:00
[2024-04-15T14:51:09.929+0000] {processor.py:183} INFO - Processing /home/airflow/.local/lib/python3.12/site-packages/airflow/example_dags/example_branch_operator.py took 0.363 seconds
[2024-04-15T14:51:40.797+0000] {processor.py:161} INFO - Started process (PID=842) to work on /home/airflow/.local/lib/python3.12/site-packages/airflow/example_dags/example_branch_operator.py
[2024-04-15T14:51:40.799+0000] {processor.py:830} INFO - Processing file /home/airflow/.local/lib/python3.12/site-packages/airflow/example_dags/example_branch_operator.py for tasks to queue
[2024-04-15T14:51:40.801+0000] {logging_mixin.py:188} INFO - [2024-04-15T14:51:40.800+0000] {dagbag.py:540} INFO - Filling up the DagBag from /home/airflow/.local/lib/python3.12/site-packages/airflow/example_dags/example_branch_operator.py
[2024-04-15T14:51:40.815+0000] {processor.py:840} INFO - DAG(s) 'example_branch_operator' retrieved from /home/airflow/.local/lib/python3.12/site-packages/airflow/example_dags/example_branch_operator.py
[2024-04-15T14:51:40.846+0000] {logging_mixin.py:188} INFO - [2024-04-15T14:51:40.845+0000] {dag.py:3096} INFO - Sync 1 DAGs
[2024-04-15T14:51:40.880+0000] {logging_mixin.py:188} INFO - [2024-04-15T14:51:40.879+0000] {dag.py:3954} INFO - Setting next_dagrun for example_branch_operator to 2024-04-14 00:00:00+00:00, run_after=2024-04-15 00:00:00+00:00
[2024-04-15T14:51:41.060+0000] {processor.py:183} INFO - Processing /home/airflow/.local/lib/python3.12/site-packages/airflow/example_dags/example_branch_operator.py took 0.268 seconds
[2024-04-15T14:52:11.476+0000] {processor.py:161} INFO - Started process (PID=900) to work on /home/airflow/.local/lib/python3.12/site-packages/airflow/example_dags/example_branch_operator.py
[2024-04-15T14:52:11.478+0000] {processor.py:830} INFO - Processing file /home/airflow/.local/lib/python3.12/site-packages/airflow/example_dags/example_branch_operator.py for tasks to queue
[2024-04-15T14:52:11.484+0000] {logging_mixin.py:188} INFO - [2024-04-15T14:52:11.483+0000] {dagbag.py:540} INFO - Filling up the DagBag from /home/airflow/.local/lib/python3.12/site-packages/airflow/example_dags/example_branch_operator.py
[2024-04-15T14:52:11.551+0000] {processor.py:840} INFO - DAG(s) 'example_branch_operator' retrieved from /home/airflow/.local/lib/python3.12/site-packages/airflow/example_dags/example_branch_operator.py
[2024-04-15T14:52:11.747+0000] {logging_mixin.py:188} INFO - [2024-04-15T14:52:11.746+0000] {dag.py:3096} INFO - Sync 1 DAGs
[2024-04-15T14:52:11.991+0000] {logging_mixin.py:188} INFO - [2024-04-15T14:52:11.990+0000] {dag.py:3954} INFO - Setting next_dagrun for example_branch_operator to 2024-04-14 00:00:00+00:00, run_after=2024-04-15 00:00:00+00:00
[2024-04-15T14:52:12.243+0000] {processor.py:183} INFO - Processing /home/airflow/.local/lib/python3.12/site-packages/airflow/example_dags/example_branch_operator.py took 0.792 seconds
[2024-04-15T14:52:42.498+0000] {processor.py:161} INFO - Started process (PID=959) to work on /home/airflow/.local/lib/python3.12/site-packages/airflow/example_dags/example_branch_operator.py
[2024-04-15T14:52:42.501+0000] {processor.py:830} INFO - Processing file /home/airflow/.local/lib/python3.12/site-packages/airflow/example_dags/example_branch_operator.py for tasks to queue
[2024-04-15T14:52:42.507+0000] {logging_mixin.py:188} INFO - [2024-04-15T14:52:42.506+0000] {dagbag.py:540} INFO - Filling up the DagBag from /home/airflow/.local/lib/python3.12/site-packages/airflow/example_dags/example_branch_operator.py
[2024-04-15T14:52:42.570+0000] {processor.py:840} INFO - DAG(s) 'example_branch_operator' retrieved from /home/airflow/.local/lib/python3.12/site-packages/airflow/example_dags/example_branch_operator.py
[2024-04-15T14:52:42.630+0000] {logging_mixin.py:188} INFO - [2024-04-15T14:52:42.630+0000] {dag.py:3096} INFO - Sync 1 DAGs
[2024-04-15T14:52:42.675+0000] {logging_mixin.py:188} INFO - [2024-04-15T14:52:42.675+0000] {dag.py:3954} INFO - Setting next_dagrun for example_branch_operator to 2024-04-14 00:00:00+00:00, run_after=2024-04-15 00:00:00+00:00
[2024-04-15T14:52:42.705+0000] {processor.py:183} INFO - Processing /home/airflow/.local/lib/python3.12/site-packages/airflow/example_dags/example_branch_operator.py took 0.225 seconds
[2024-04-15T14:53:13.341+0000] {processor.py:161} INFO - Started process (PID=1023) to work on /home/airflow/.local/lib/python3.12/site-packages/airflow/example_dags/example_branch_operator.py
[2024-04-15T14:53:13.342+0000] {processor.py:830} INFO - Processing file /home/airflow/.local/lib/python3.12/site-packages/airflow/example_dags/example_branch_operator.py for tasks to queue
[2024-04-15T14:53:13.346+0000] {logging_mixin.py:188} INFO - [2024-04-15T14:53:13.345+0000] {dagbag.py:540} INFO - Filling up the DagBag from /home/airflow/.local/lib/python3.12/site-packages/airflow/example_dags/example_branch_operator.py
[2024-04-15T14:53:13.372+0000] {processor.py:840} INFO - DAG(s) 'example_branch_operator' retrieved from /home/airflow/.local/lib/python3.12/site-packages/airflow/example_dags/example_branch_operator.py
[2024-04-15T14:53:13.411+0000] {logging_mixin.py:188} INFO - [2024-04-15T14:53:13.410+0000] {dag.py:3096} INFO - Sync 1 DAGs
[2024-04-15T14:53:13.674+0000] {logging_mixin.py:188} INFO - [2024-04-15T14:53:13.674+0000] {dag.py:3954} INFO - Setting next_dagrun for example_branch_operator to 2024-04-14 00:00:00+00:00, run_after=2024-04-15 00:00:00+00:00
[2024-04-15T14:53:13.699+0000] {processor.py:183} INFO - Processing /home/airflow/.local/lib/python3.12/site-packages/airflow/example_dags/example_branch_operator.py took 0.367 seconds
[2024-04-15T14:53:44.477+0000] {processor.py:161} INFO - Started process (PID=1081) to work on /home/airflow/.local/lib/python3.12/site-packages/airflow/example_dags/example_branch_operator.py
[2024-04-15T14:53:44.481+0000] {processor.py:830} INFO - Processing file /home/airflow/.local/lib/python3.12/site-packages/airflow/example_dags/example_branch_operator.py for tasks to queue
[2024-04-15T14:53:44.489+0000] {logging_mixin.py:188} INFO - [2024-04-15T14:53:44.488+0000] {dagbag.py:540} INFO - Filling up the DagBag from /home/airflow/.local/lib/python3.12/site-packages/airflow/example_dags/example_branch_operator.py
[2024-04-15T14:53:44.540+0000] {processor.py:840} INFO - DAG(s) 'example_branch_operator' retrieved from /home/airflow/.local/lib/python3.12/site-packages/airflow/example_dags/example_branch_operator.py
[2024-04-15T14:53:44.604+0000] {logging_mixin.py:188} INFO - [2024-04-15T14:53:44.603+0000] {dag.py:3096} INFO - Sync 1 DAGs
[2024-04-15T14:53:45.147+0000] {logging_mixin.py:188} INFO - [2024-04-15T14:53:45.146+0000] {dag.py:3954} INFO - Setting next_dagrun for example_branch_operator to 2024-04-14 00:00:00+00:00, run_after=2024-04-15 00:00:00+00:00
[2024-04-15T14:53:45.199+0000] {processor.py:183} INFO - Processing /home/airflow/.local/lib/python3.12/site-packages/airflow/example_dags/example_branch_operator.py took 0.736 seconds
[2024-04-15T14:54:16.004+0000] {processor.py:161} INFO - Started process (PID=1139) to work on /home/airflow/.local/lib/python3.12/site-packages/airflow/example_dags/example_branch_operator.py
[2024-04-15T14:54:16.005+0000] {processor.py:830} INFO - Processing file /home/airflow/.local/lib/python3.12/site-packages/airflow/example_dags/example_branch_operator.py for tasks to queue
[2024-04-15T14:54:16.007+0000] {logging_mixin.py:188} INFO - [2024-04-15T14:54:16.007+0000] {dagbag.py:540} INFO - Filling up the DagBag from /home/airflow/.local/lib/python3.12/site-packages/airflow/example_dags/example_branch_operator.py
[2024-04-15T14:54:16.022+0000] {processor.py:840} INFO - DAG(s) 'example_branch_operator' retrieved from /home/airflow/.local/lib/python3.12/site-packages/airflow/example_dags/example_branch_operator.py
[2024-04-15T14:54:16.052+0000] {logging_mixin.py:188} INFO - [2024-04-15T14:54:16.051+0000] {dag.py:3096} INFO - Sync 1 DAGs
[2024-04-15T14:54:16.080+0000] {logging_mixin.py:188} INFO - [2024-04-15T14:54:16.079+0000] {dag.py:3954} INFO - Setting next_dagrun for example_branch_operator to 2024-04-14 00:00:00+00:00, run_after=2024-04-15 00:00:00+00:00
[2024-04-15T14:54:16.100+0000] {processor.py:183} INFO - Processing /home/airflow/.local/lib/python3.12/site-packages/airflow/example_dags/example_branch_operator.py took 0.101 seconds
[2024-04-15T14:56:05.888+0000] {processor.py:161} INFO - Started process (PID=76) to work on /home/airflow/.local/lib/python3.12/site-packages/airflow/example_dags/example_branch_operator.py
[2024-04-15T14:56:05.890+0000] {processor.py:830} INFO - Processing file /home/airflow/.local/lib/python3.12/site-packages/airflow/example_dags/example_branch_operator.py for tasks to queue
[2024-04-15T14:56:05.892+0000] {logging_mixin.py:188} INFO - [2024-04-15T14:56:05.892+0000] {dagbag.py:540} INFO - Filling up the DagBag from /home/airflow/.local/lib/python3.12/site-packages/airflow/example_dags/example_branch_operator.py
[2024-04-15T14:56:05.917+0000] {processor.py:840} INFO - DAG(s) 'example_branch_operator' retrieved from /home/airflow/.local/lib/python3.12/site-packages/airflow/example_dags/example_branch_operator.py
[2024-04-15T14:56:06.134+0000] {logging_mixin.py:188} INFO - [2024-04-15T14:56:06.134+0000] {dag.py:3096} INFO - Sync 1 DAGs
[2024-04-15T14:56:06.162+0000] {logging_mixin.py:188} INFO - [2024-04-15T14:56:06.161+0000] {dag.py:3954} INFO - Setting next_dagrun for example_branch_operator to 2024-04-14 00:00:00+00:00, run_after=2024-04-15 00:00:00+00:00
[2024-04-15T14:56:06.187+0000] {processor.py:183} INFO - Processing /home/airflow/.local/lib/python3.12/site-packages/airflow/example_dags/example_branch_operator.py took 0.306 seconds
[2024-04-15T14:56:36.309+0000] {processor.py:161} INFO - Started process (PID=136) to work on /home/airflow/.local/lib/python3.12/site-packages/airflow/example_dags/example_branch_operator.py
[2024-04-15T14:56:36.310+0000] {processor.py:830} INFO - Processing file /home/airflow/.local/lib/python3.12/site-packages/airflow/example_dags/example_branch_operator.py for tasks to queue
[2024-04-15T14:56:36.312+0000] {logging_mixin.py:188} INFO - [2024-04-15T14:56:36.312+0000] {dagbag.py:540} INFO - Filling up the DagBag from /home/airflow/.local/lib/python3.12/site-packages/airflow/example_dags/example_branch_operator.py
[2024-04-15T14:56:36.332+0000] {processor.py:840} INFO - DAG(s) 'example_branch_operator' retrieved from /home/airflow/.local/lib/python3.12/site-packages/airflow/example_dags/example_branch_operator.py
[2024-04-15T14:56:36.378+0000] {logging_mixin.py:188} INFO - [2024-04-15T14:56:36.378+0000] {dag.py:3096} INFO - Sync 1 DAGs
[2024-04-15T14:56:36.408+0000] {logging_mixin.py:188} INFO - [2024-04-15T14:56:36.407+0000] {dag.py:3954} INFO - Setting next_dagrun for example_branch_operator to 2024-04-14 00:00:00+00:00, run_after=2024-04-15 00:00:00+00:00
[2024-04-15T14:56:36.429+0000] {processor.py:183} INFO - Processing /home/airflow/.local/lib/python3.12/site-packages/airflow/example_dags/example_branch_operator.py took 0.125 seconds
[2024-04-15T14:57:07.008+0000] {processor.py:161} INFO - Started process (PID=196) to work on /home/airflow/.local/lib/python3.12/site-packages/airflow/example_dags/example_branch_operator.py
[2024-04-15T14:57:07.010+0000] {processor.py:830} INFO - Processing file /home/airflow/.local/lib/python3.12/site-packages/airflow/example_dags/example_branch_operator.py for tasks to queue
[2024-04-15T14:57:07.012+0000] {logging_mixin.py:188} INFO - [2024-04-15T14:57:07.012+0000] {dagbag.py:540} INFO - Filling up the DagBag from /home/airflow/.local/lib/python3.12/site-packages/airflow/example_dags/example_branch_operator.py
[2024-04-15T14:57:07.030+0000] {processor.py:840} INFO - DAG(s) 'example_branch_operator' retrieved from /home/airflow/.local/lib/python3.12/site-packages/airflow/example_dags/example_branch_operator.py
[2024-04-15T14:57:07.059+0000] {logging_mixin.py:188} INFO - [2024-04-15T14:57:07.058+0000] {dag.py:3096} INFO - Sync 1 DAGs
[2024-04-15T14:57:07.081+0000] {logging_mixin.py:188} INFO - [2024-04-15T14:57:07.081+0000] {dag.py:3954} INFO - Setting next_dagrun for example_branch_operator to 2024-04-14 00:00:00+00:00, run_after=2024-04-15 00:00:00+00:00
[2024-04-15T14:57:07.100+0000] {processor.py:183} INFO - Processing /home/airflow/.local/lib/python3.12/site-packages/airflow/example_dags/example_branch_operator.py took 0.098 seconds
[2024-04-15T14:57:37.373+0000] {processor.py:161} INFO - Started process (PID=256) to work on /home/airflow/.local/lib/python3.12/site-packages/airflow/example_dags/example_branch_operator.py
[2024-04-15T14:57:37.374+0000] {processor.py:830} INFO - Processing file /home/airflow/.local/lib/python3.12/site-packages/airflow/example_dags/example_branch_operator.py for tasks to queue
[2024-04-15T14:57:37.376+0000] {logging_mixin.py:188} INFO - [2024-04-15T14:57:37.376+0000] {dagbag.py:540} INFO - Filling up the DagBag from /home/airflow/.local/lib/python3.12/site-packages/airflow/example_dags/example_branch_operator.py
[2024-04-15T14:57:37.398+0000] {processor.py:840} INFO - DAG(s) 'example_branch_operator' retrieved from /home/airflow/.local/lib/python3.12/site-packages/airflow/example_dags/example_branch_operator.py
[2024-04-15T14:57:37.437+0000] {logging_mixin.py:188} INFO - [2024-04-15T14:57:37.436+0000] {dag.py:3096} INFO - Sync 1 DAGs
[2024-04-15T14:57:37.470+0000] {logging_mixin.py:188} INFO - [2024-04-15T14:57:37.470+0000] {dag.py:3954} INFO - Setting next_dagrun for example_branch_operator to 2024-04-14 00:00:00+00:00, run_after=2024-04-15 00:00:00+00:00
[2024-04-15T14:57:37.497+0000] {processor.py:183} INFO - Processing /home/airflow/.local/lib/python3.12/site-packages/airflow/example_dags/example_branch_operator.py took 0.131 seconds
[2024-04-15T14:58:08.231+0000] {processor.py:161} INFO - Started process (PID=316) to work on /home/airflow/.local/lib/python3.12/site-packages/airflow/example_dags/example_branch_operator.py
[2024-04-15T14:58:08.232+0000] {processor.py:830} INFO - Processing file /home/airflow/.local/lib/python3.12/site-packages/airflow/example_dags/example_branch_operator.py for tasks to queue
[2024-04-15T14:58:08.235+0000] {logging_mixin.py:188} INFO - [2024-04-15T14:58:08.234+0000] {dagbag.py:540} INFO - Filling up the DagBag from /home/airflow/.local/lib/python3.12/site-packages/airflow/example_dags/example_branch_operator.py
[2024-04-15T14:58:08.249+0000] {processor.py:840} INFO - DAG(s) 'example_branch_operator' retrieved from /home/airflow/.local/lib/python3.12/site-packages/airflow/example_dags/example_branch_operator.py
[2024-04-15T14:58:08.272+0000] {logging_mixin.py:188} INFO - [2024-04-15T14:58:08.272+0000] {dag.py:3096} INFO - Sync 1 DAGs
[2024-04-15T14:58:08.292+0000] {logging_mixin.py:188} INFO - [2024-04-15T14:58:08.291+0000] {dag.py:3954} INFO - Setting next_dagrun for example_branch_operator to 2024-04-14 00:00:00+00:00, run_after=2024-04-15 00:00:00+00:00
[2024-04-15T14:58:08.307+0000] {processor.py:183} INFO - Processing /home/airflow/.local/lib/python3.12/site-packages/airflow/example_dags/example_branch_operator.py took 0.082 seconds
[2024-04-15T14:58:38.489+0000] {processor.py:161} INFO - Started process (PID=376) to work on /home/airflow/.local/lib/python3.12/site-packages/airflow/example_dags/example_branch_operator.py
[2024-04-15T14:58:38.490+0000] {processor.py:830} INFO - Processing file /home/airflow/.local/lib/python3.12/site-packages/airflow/example_dags/example_branch_operator.py for tasks to queue
[2024-04-15T14:58:38.492+0000] {logging_mixin.py:188} INFO - [2024-04-15T14:58:38.491+0000] {dagbag.py:540} INFO - Filling up the DagBag from /home/airflow/.local/lib/python3.12/site-packages/airflow/example_dags/example_branch_operator.py
[2024-04-15T14:58:38.505+0000] {processor.py:840} INFO - DAG(s) 'example_branch_operator' retrieved from /home/airflow/.local/lib/python3.12/site-packages/airflow/example_dags/example_branch_operator.py
[2024-04-15T14:58:38.543+0000] {logging_mixin.py:188} INFO - [2024-04-15T14:58:38.543+0000] {dag.py:3096} INFO - Sync 1 DAGs
[2024-04-15T14:58:38.566+0000] {logging_mixin.py:188} INFO - [2024-04-15T14:58:38.566+0000] {dag.py:3954} INFO - Setting next_dagrun for example_branch_operator to 2024-04-14 00:00:00+00:00, run_after=2024-04-15 00:00:00+00:00
[2024-04-15T14:58:38.580+0000] {processor.py:183} INFO - Processing /home/airflow/.local/lib/python3.12/site-packages/airflow/example_dags/example_branch_operator.py took 0.098 seconds
[2024-04-15T14:59:09.420+0000] {processor.py:161} INFO - Started process (PID=442) to work on /home/airflow/.local/lib/python3.12/site-packages/airflow/example_dags/example_branch_operator.py
[2024-04-15T14:59:09.422+0000] {processor.py:830} INFO - Processing file /home/airflow/.local/lib/python3.12/site-packages/airflow/example_dags/example_branch_operator.py for tasks to queue
[2024-04-15T14:59:09.423+0000] {logging_mixin.py:188} INFO - [2024-04-15T14:59:09.423+0000] {dagbag.py:540} INFO - Filling up the DagBag from /home/airflow/.local/lib/python3.12/site-packages/airflow/example_dags/example_branch_operator.py
[2024-04-15T14:59:09.438+0000] {processor.py:840} INFO - DAG(s) 'example_branch_operator' retrieved from /home/airflow/.local/lib/python3.12/site-packages/airflow/example_dags/example_branch_operator.py
[2024-04-15T14:59:09.465+0000] {logging_mixin.py:188} INFO - [2024-04-15T14:59:09.465+0000] {dag.py:3096} INFO - Sync 1 DAGs
[2024-04-15T14:59:09.484+0000] {logging_mixin.py:188} INFO - [2024-04-15T14:59:09.483+0000] {dag.py:3954} INFO - Setting next_dagrun for example_branch_operator to 2024-04-14 00:00:00+00:00, run_after=2024-04-15 00:00:00+00:00
[2024-04-15T14:59:09.503+0000] {processor.py:183} INFO - Processing /home/airflow/.local/lib/python3.12/site-packages/airflow/example_dags/example_branch_operator.py took 0.088 seconds
[2024-04-15T14:59:40.410+0000] {processor.py:161} INFO - Started process (PID=502) to work on /home/airflow/.local/lib/python3.12/site-packages/airflow/example_dags/example_branch_operator.py
[2024-04-15T14:59:40.412+0000] {processor.py:830} INFO - Processing file /home/airflow/.local/lib/python3.12/site-packages/airflow/example_dags/example_branch_operator.py for tasks to queue
[2024-04-15T14:59:40.414+0000] {logging_mixin.py:188} INFO - [2024-04-15T14:59:40.413+0000] {dagbag.py:540} INFO - Filling up the DagBag from /home/airflow/.local/lib/python3.12/site-packages/airflow/example_dags/example_branch_operator.py
[2024-04-15T14:59:40.429+0000] {processor.py:840} INFO - DAG(s) 'example_branch_operator' retrieved from /home/airflow/.local/lib/python3.12/site-packages/airflow/example_dags/example_branch_operator.py
[2024-04-15T14:59:40.456+0000] {logging_mixin.py:188} INFO - [2024-04-15T14:59:40.456+0000] {dag.py:3096} INFO - Sync 1 DAGs
[2024-04-15T14:59:40.476+0000] {logging_mixin.py:188} INFO - [2024-04-15T14:59:40.475+0000] {dag.py:3954} INFO - Setting next_dagrun for example_branch_operator to 2024-04-14 00:00:00+00:00, run_after=2024-04-15 00:00:00+00:00
[2024-04-15T14:59:40.496+0000] {processor.py:183} INFO - Processing /home/airflow/.local/lib/python3.12/site-packages/airflow/example_dags/example_branch_operator.py took 0.090 seconds
[2024-04-15T15:00:10.803+0000] {processor.py:161} INFO - Started process (PID=562) to work on /home/airflow/.local/lib/python3.12/site-packages/airflow/example_dags/example_branch_operator.py
[2024-04-15T15:00:10.804+0000] {processor.py:830} INFO - Processing file /home/airflow/.local/lib/python3.12/site-packages/airflow/example_dags/example_branch_operator.py for tasks to queue
[2024-04-15T15:00:10.806+0000] {logging_mixin.py:188} INFO - [2024-04-15T15:00:10.806+0000] {dagbag.py:540} INFO - Filling up the DagBag from /home/airflow/.local/lib/python3.12/site-packages/airflow/example_dags/example_branch_operator.py
[2024-04-15T15:00:10.821+0000] {processor.py:840} INFO - DAG(s) 'example_branch_operator' retrieved from /home/airflow/.local/lib/python3.12/site-packages/airflow/example_dags/example_branch_operator.py
[2024-04-15T15:00:10.844+0000] {logging_mixin.py:188} INFO - [2024-04-15T15:00:10.844+0000] {dag.py:3096} INFO - Sync 1 DAGs
[2024-04-15T15:00:10.864+0000] {logging_mixin.py:188} INFO - [2024-04-15T15:00:10.863+0000] {dag.py:3954} INFO - Setting next_dagrun for example_branch_operator to 2024-04-14 00:00:00+00:00, run_after=2024-04-15 00:00:00+00:00
[2024-04-15T15:00:10.880+0000] {processor.py:183} INFO - Processing /home/airflow/.local/lib/python3.12/site-packages/airflow/example_dags/example_branch_operator.py took 0.082 seconds
[2024-04-15T15:00:41.255+0000] {processor.py:161} INFO - Started process (PID=622) to work on /home/airflow/.local/lib/python3.12/site-packages/airflow/example_dags/example_branch_operator.py
[2024-04-15T15:00:41.256+0000] {processor.py:830} INFO - Processing file /home/airflow/.local/lib/python3.12/site-packages/airflow/example_dags/example_branch_operator.py for tasks to queue
[2024-04-15T15:00:41.258+0000] {logging_mixin.py:188} INFO - [2024-04-15T15:00:41.258+0000] {dagbag.py:540} INFO - Filling up the DagBag from /home/airflow/.local/lib/python3.12/site-packages/airflow/example_dags/example_branch_operator.py
[2024-04-15T15:00:41.274+0000] {processor.py:840} INFO - DAG(s) 'example_branch_operator' retrieved from /home/airflow/.local/lib/python3.12/site-packages/airflow/example_dags/example_branch_operator.py
[2024-04-15T15:00:41.305+0000] {logging_mixin.py:188} INFO - [2024-04-15T15:00:41.305+0000] {dag.py:3096} INFO - Sync 1 DAGs
[2024-04-15T15:00:41.328+0000] {logging_mixin.py:188} INFO - [2024-04-15T15:00:41.327+0000] {dag.py:3954} INFO - Setting next_dagrun for example_branch_operator to 2024-04-14 00:00:00+00:00, run_after=2024-04-15 00:00:00+00:00
[2024-04-15T15:00:41.364+0000] {processor.py:183} INFO - Processing /home/airflow/.local/lib/python3.12/site-packages/airflow/example_dags/example_branch_operator.py took 0.114 seconds
[2024-04-15T15:01:11.981+0000] {processor.py:161} INFO - Started process (PID=682) to work on /home/airflow/.local/lib/python3.12/site-packages/airflow/example_dags/example_branch_operator.py
[2024-04-15T15:01:11.982+0000] {processor.py:830} INFO - Processing file /home/airflow/.local/lib/python3.12/site-packages/airflow/example_dags/example_branch_operator.py for tasks to queue
[2024-04-15T15:01:11.985+0000] {logging_mixin.py:188} INFO - [2024-04-15T15:01:11.985+0000] {dagbag.py:540} INFO - Filling up the DagBag from /home/airflow/.local/lib/python3.12/site-packages/airflow/example_dags/example_branch_operator.py
[2024-04-15T15:01:11.999+0000] {processor.py:840} INFO - DAG(s) 'example_branch_operator' retrieved from /home/airflow/.local/lib/python3.12/site-packages/airflow/example_dags/example_branch_operator.py
[2024-04-15T15:01:12.028+0000] {logging_mixin.py:188} INFO - [2024-04-15T15:01:12.028+0000] {dag.py:3096} INFO - Sync 1 DAGs
[2024-04-15T15:01:12.051+0000] {logging_mixin.py:188} INFO - [2024-04-15T15:01:12.051+0000] {dag.py:3954} INFO - Setting next_dagrun for example_branch_operator to 2024-04-14 00:00:00+00:00, run_after=2024-04-15 00:00:00+00:00
[2024-04-15T15:01:12.071+0000] {processor.py:183} INFO - Processing /home/airflow/.local/lib/python3.12/site-packages/airflow/example_dags/example_branch_operator.py took 0.096 seconds
[2024-04-15T15:01:43.068+0000] {processor.py:161} INFO - Started process (PID=742) to work on /home/airflow/.local/lib/python3.12/site-packages/airflow/example_dags/example_branch_operator.py
[2024-04-15T15:01:43.069+0000] {processor.py:830} INFO - Processing file /home/airflow/.local/lib/python3.12/site-packages/airflow/example_dags/example_branch_operator.py for tasks to queue
[2024-04-15T15:01:43.071+0000] {logging_mixin.py:188} INFO - [2024-04-15T15:01:43.070+0000] {dagbag.py:540} INFO - Filling up the DagBag from /home/airflow/.local/lib/python3.12/site-packages/airflow/example_dags/example_branch_operator.py
[2024-04-15T15:01:43.084+0000] {processor.py:840} INFO - DAG(s) 'example_branch_operator' retrieved from /home/airflow/.local/lib/python3.12/site-packages/airflow/example_dags/example_branch_operator.py
[2024-04-15T15:01:43.108+0000] {logging_mixin.py:188} INFO - [2024-04-15T15:01:43.108+0000] {dag.py:3096} INFO - Sync 1 DAGs
[2024-04-15T15:01:43.128+0000] {logging_mixin.py:188} INFO - [2024-04-15T15:01:43.128+0000] {dag.py:3954} INFO - Setting next_dagrun for example_branch_operator to 2024-04-14 00:00:00+00:00, run_after=2024-04-15 00:00:00+00:00
[2024-04-15T15:01:43.143+0000] {processor.py:183} INFO - Processing /home/airflow/.local/lib/python3.12/site-packages/airflow/example_dags/example_branch_operator.py took 0.080 seconds
[2024-04-15T15:02:14.126+0000] {processor.py:161} INFO - Started process (PID=804) to work on /home/airflow/.local/lib/python3.12/site-packages/airflow/example_dags/example_branch_operator.py
[2024-04-15T15:02:14.127+0000] {processor.py:830} INFO - Processing file /home/airflow/.local/lib/python3.12/site-packages/airflow/example_dags/example_branch_operator.py for tasks to queue
[2024-04-15T15:02:14.130+0000] {logging_mixin.py:188} INFO - [2024-04-15T15:02:14.129+0000] {dagbag.py:540} INFO - Filling up the DagBag from /home/airflow/.local/lib/python3.12/site-packages/airflow/example_dags/example_branch_operator.py
[2024-04-15T15:02:14.150+0000] {processor.py:840} INFO - DAG(s) 'example_branch_operator' retrieved from /home/airflow/.local/lib/python3.12/site-packages/airflow/example_dags/example_branch_operator.py
[2024-04-15T15:02:14.191+0000] {logging_mixin.py:188} INFO - [2024-04-15T15:02:14.190+0000] {dag.py:3096} INFO - Sync 1 DAGs
[2024-04-15T15:02:14.222+0000] {logging_mixin.py:188} INFO - [2024-04-15T15:02:14.222+0000] {dag.py:3954} INFO - Setting next_dagrun for example_branch_operator to 2024-04-14 00:00:00+00:00, run_after=2024-04-15 00:00:00+00:00
[2024-04-15T15:02:14.247+0000] {processor.py:183} INFO - Processing /home/airflow/.local/lib/python3.12/site-packages/airflow/example_dags/example_branch_operator.py took 0.128 seconds
[2024-04-15T15:02:44.854+0000] {processor.py:161} INFO - Started process (PID=864) to work on /home/airflow/.local/lib/python3.12/site-packages/airflow/example_dags/example_branch_operator.py
[2024-04-15T15:02:44.856+0000] {processor.py:830} INFO - Processing file /home/airflow/.local/lib/python3.12/site-packages/airflow/example_dags/example_branch_operator.py for tasks to queue
[2024-04-15T15:02:44.858+0000] {logging_mixin.py:188} INFO - [2024-04-15T15:02:44.858+0000] {dagbag.py:540} INFO - Filling up the DagBag from /home/airflow/.local/lib/python3.12/site-packages/airflow/example_dags/example_branch_operator.py
[2024-04-15T15:02:44.874+0000] {processor.py:840} INFO - DAG(s) 'example_branch_operator' retrieved from /home/airflow/.local/lib/python3.12/site-packages/airflow/example_dags/example_branch_operator.py
[2024-04-15T15:02:44.911+0000] {logging_mixin.py:188} INFO - [2024-04-15T15:02:44.911+0000] {dag.py:3096} INFO - Sync 1 DAGs
[2024-04-15T15:02:44.941+0000] {logging_mixin.py:188} INFO - [2024-04-15T15:02:44.941+0000] {dag.py:3954} INFO - Setting next_dagrun for example_branch_operator to 2024-04-14 00:00:00+00:00, run_after=2024-04-15 00:00:00+00:00
[2024-04-15T15:02:44.968+0000] {processor.py:183} INFO - Processing /home/airflow/.local/lib/python3.12/site-packages/airflow/example_dags/example_branch_operator.py took 0.120 seconds
[2024-04-15T15:03:15.498+0000] {processor.py:161} INFO - Started process (PID=924) to work on /home/airflow/.local/lib/python3.12/site-packages/airflow/example_dags/example_branch_operator.py
[2024-04-15T15:03:15.499+0000] {processor.py:830} INFO - Processing file /home/airflow/.local/lib/python3.12/site-packages/airflow/example_dags/example_branch_operator.py for tasks to queue
[2024-04-15T15:03:15.502+0000] {logging_mixin.py:188} INFO - [2024-04-15T15:03:15.501+0000] {dagbag.py:540} INFO - Filling up the DagBag from /home/airflow/.local/lib/python3.12/site-packages/airflow/example_dags/example_branch_operator.py
[2024-04-15T15:03:15.524+0000] {processor.py:840} INFO - DAG(s) 'example_branch_operator' retrieved from /home/airflow/.local/lib/python3.12/site-packages/airflow/example_dags/example_branch_operator.py
[2024-04-15T15:03:15.558+0000] {logging_mixin.py:188} INFO - [2024-04-15T15:03:15.558+0000] {dag.py:3096} INFO - Sync 1 DAGs
[2024-04-15T15:03:15.711+0000] {logging_mixin.py:188} INFO - [2024-04-15T15:03:15.710+0000] {dag.py:3954} INFO - Setting next_dagrun for example_branch_operator to 2024-04-14 00:00:00+00:00, run_after=2024-04-15 00:00:00+00:00
[2024-04-15T15:03:15.737+0000] {processor.py:183} INFO - Processing /home/airflow/.local/lib/python3.12/site-packages/airflow/example_dags/example_branch_operator.py took 0.246 seconds
[2024-04-15T15:03:46.102+0000] {processor.py:161} INFO - Started process (PID=984) to work on /home/airflow/.local/lib/python3.12/site-packages/airflow/example_dags/example_branch_operator.py
[2024-04-15T15:03:46.103+0000] {processor.py:830} INFO - Processing file /home/airflow/.local/lib/python3.12/site-packages/airflow/example_dags/example_branch_operator.py for tasks to queue
[2024-04-15T15:03:46.105+0000] {logging_mixin.py:188} INFO - [2024-04-15T15:03:46.105+0000] {dagbag.py:540} INFO - Filling up the DagBag from /home/airflow/.local/lib/python3.12/site-packages/airflow/example_dags/example_branch_operator.py
[2024-04-15T15:03:46.117+0000] {processor.py:840} INFO - DAG(s) 'example_branch_operator' retrieved from /home/airflow/.local/lib/python3.12/site-packages/airflow/example_dags/example_branch_operator.py
[2024-04-15T15:03:46.143+0000] {logging_mixin.py:188} INFO - [2024-04-15T15:03:46.143+0000] {dag.py:3096} INFO - Sync 1 DAGs
[2024-04-15T15:03:46.167+0000] {logging_mixin.py:188} INFO - [2024-04-15T15:03:46.166+0000] {dag.py:3954} INFO - Setting next_dagrun for example_branch_operator to 2024-04-14 00:00:00+00:00, run_after=2024-04-15 00:00:00+00:00
[2024-04-15T15:03:46.184+0000] {processor.py:183} INFO - Processing /home/airflow/.local/lib/python3.12/site-packages/airflow/example_dags/example_branch_operator.py took 0.087 seconds
[2024-04-15T15:04:16.740+0000] {processor.py:161} INFO - Started process (PID=1044) to work on /home/airflow/.local/lib/python3.12/site-packages/airflow/example_dags/example_branch_operator.py
[2024-04-15T15:04:16.741+0000] {processor.py:830} INFO - Processing file /home/airflow/.local/lib/python3.12/site-packages/airflow/example_dags/example_branch_operator.py for tasks to queue
[2024-04-15T15:04:16.743+0000] {logging_mixin.py:188} INFO - [2024-04-15T15:04:16.743+0000] {dagbag.py:540} INFO - Filling up the DagBag from /home/airflow/.local/lib/python3.12/site-packages/airflow/example_dags/example_branch_operator.py
[2024-04-15T15:04:16.759+0000] {processor.py:840} INFO - DAG(s) 'example_branch_operator' retrieved from /home/airflow/.local/lib/python3.12/site-packages/airflow/example_dags/example_branch_operator.py
[2024-04-15T15:04:16.785+0000] {logging_mixin.py:188} INFO - [2024-04-15T15:04:16.785+0000] {dag.py:3096} INFO - Sync 1 DAGs
[2024-04-15T15:04:16.806+0000] {logging_mixin.py:188} INFO - [2024-04-15T15:04:16.806+0000] {dag.py:3954} INFO - Setting next_dagrun for example_branch_operator to 2024-04-14 00:00:00+00:00, run_after=2024-04-15 00:00:00+00:00
[2024-04-15T15:04:16.822+0000] {processor.py:183} INFO - Processing /home/airflow/.local/lib/python3.12/site-packages/airflow/example_dags/example_branch_operator.py took 0.088 seconds
[2024-04-15T15:04:47.615+0000] {processor.py:161} INFO - Started process (PID=1104) to work on /home/airflow/.local/lib/python3.12/site-packages/airflow/example_dags/example_branch_operator.py
[2024-04-15T15:04:47.616+0000] {processor.py:830} INFO - Processing file /home/airflow/.local/lib/python3.12/site-packages/airflow/example_dags/example_branch_operator.py for tasks to queue
[2024-04-15T15:04:47.618+0000] {logging_mixin.py:188} INFO - [2024-04-15T15:04:47.618+0000] {dagbag.py:540} INFO - Filling up the DagBag from /home/airflow/.local/lib/python3.12/site-packages/airflow/example_dags/example_branch_operator.py
[2024-04-15T15:04:47.633+0000] {processor.py:840} INFO - DAG(s) 'example_branch_operator' retrieved from /home/airflow/.local/lib/python3.12/site-packages/airflow/example_dags/example_branch_operator.py
[2024-04-15T15:04:47.666+0000] {logging_mixin.py:188} INFO - [2024-04-15T15:04:47.665+0000] {dag.py:3096} INFO - Sync 1 DAGs
[2024-04-15T15:04:47.684+0000] {logging_mixin.py:188} INFO - [2024-04-15T15:04:47.684+0000] {dag.py:3954} INFO - Setting next_dagrun for example_branch_operator to 2024-04-14 00:00:00+00:00, run_after=2024-04-15 00:00:00+00:00
[2024-04-15T15:04:47.699+0000] {processor.py:183} INFO - Processing /home/airflow/.local/lib/python3.12/site-packages/airflow/example_dags/example_branch_operator.py took 0.089 seconds
[2024-04-15T15:05:18.316+0000] {processor.py:161} INFO - Started process (PID=1164) to work on /home/airflow/.local/lib/python3.12/site-packages/airflow/example_dags/example_branch_operator.py
[2024-04-15T15:05:18.317+0000] {processor.py:830} INFO - Processing file /home/airflow/.local/lib/python3.12/site-packages/airflow/example_dags/example_branch_operator.py for tasks to queue
[2024-04-15T15:05:18.321+0000] {logging_mixin.py:188} INFO - [2024-04-15T15:05:18.320+0000] {dagbag.py:540} INFO - Filling up the DagBag from /home/airflow/.local/lib/python3.12/site-packages/airflow/example_dags/example_branch_operator.py
[2024-04-15T15:05:18.338+0000] {processor.py:840} INFO - DAG(s) 'example_branch_operator' retrieved from /home/airflow/.local/lib/python3.12/site-packages/airflow/example_dags/example_branch_operator.py
[2024-04-15T15:05:18.565+0000] {logging_mixin.py:188} INFO - [2024-04-15T15:05:18.565+0000] {dag.py:3096} INFO - Sync 1 DAGs
[2024-04-15T15:05:18.592+0000] {logging_mixin.py:188} INFO - [2024-04-15T15:05:18.592+0000] {dag.py:3954} INFO - Setting next_dagrun for example_branch_operator to 2024-04-14 00:00:00+00:00, run_after=2024-04-15 00:00:00+00:00
[2024-04-15T15:05:18.614+0000] {processor.py:183} INFO - Processing /home/airflow/.local/lib/python3.12/site-packages/airflow/example_dags/example_branch_operator.py took 0.306 seconds
[2024-04-15T15:05:49.150+0000] {processor.py:161} INFO - Started process (PID=1224) to work on /home/airflow/.local/lib/python3.12/site-packages/airflow/example_dags/example_branch_operator.py
[2024-04-15T15:05:49.151+0000] {processor.py:830} INFO - Processing file /home/airflow/.local/lib/python3.12/site-packages/airflow/example_dags/example_branch_operator.py for tasks to queue
[2024-04-15T15:05:49.154+0000] {logging_mixin.py:188} INFO - [2024-04-15T15:05:49.154+0000] {dagbag.py:540} INFO - Filling up the DagBag from /home/airflow/.local/lib/python3.12/site-packages/airflow/example_dags/example_branch_operator.py
[2024-04-15T15:05:49.169+0000] {processor.py:840} INFO - DAG(s) 'example_branch_operator' retrieved from /home/airflow/.local/lib/python3.12/site-packages/airflow/example_dags/example_branch_operator.py
[2024-04-15T15:05:49.197+0000] {logging_mixin.py:188} INFO - [2024-04-15T15:05:49.196+0000] {dag.py:3096} INFO - Sync 1 DAGs
[2024-04-15T15:05:49.346+0000] {logging_mixin.py:188} INFO - [2024-04-15T15:05:49.345+0000] {dag.py:3954} INFO - Setting next_dagrun for example_branch_operator to 2024-04-14 00:00:00+00:00, run_after=2024-04-15 00:00:00+00:00
[2024-04-15T15:05:49.362+0000] {processor.py:183} INFO - Processing /home/airflow/.local/lib/python3.12/site-packages/airflow/example_dags/example_branch_operator.py took 0.218 seconds
