[2024-04-15T14:45:01.331+0000] {processor.py:161} INFO - Started process (PID=85) to work on /home/airflow/.local/lib/python3.12/site-packages/airflow/example_dags/example_python_operator.py
[2024-04-15T14:45:01.334+0000] {processor.py:830} INFO - Processing file /home/airflow/.local/lib/python3.12/site-packages/airflow/example_dags/example_python_operator.py for tasks to queue
[2024-04-15T14:45:01.344+0000] {logging_mixin.py:188} INFO - [2024-04-15T14:45:01.343+0000] {dagbag.py:540} INFO - Filling up the DagBag from /home/airflow/.local/lib/python3.12/site-packages/airflow/example_dags/example_python_operator.py
[2024-04-15T14:45:01.446+0000] {processor.py:840} INFO - DAG(s) 'example_python_operator' retrieved from /home/airflow/.local/lib/python3.12/site-packages/airflow/example_dags/example_python_operator.py
[2024-04-15T14:45:02.053+0000] {logging_mixin.py:188} INFO - [2024-04-15T14:45:02.051+0000] {dag.py:3096} INFO - Sync 1 DAGs
[2024-04-15T14:45:02.109+0000] {logging_mixin.py:188} INFO - [2024-04-15T14:45:02.106+0000] {dag.py:3954} INFO - Setting next_dagrun for example_python_operator to None, run_after=None
[2024-04-15T14:45:02.223+0000] {processor.py:183} INFO - Processing /home/airflow/.local/lib/python3.12/site-packages/airflow/example_dags/example_python_operator.py took 0.936 seconds
[2024-04-15T14:45:33.086+0000] {processor.py:161} INFO - Started process (PID=143) to work on /home/airflow/.local/lib/python3.12/site-packages/airflow/example_dags/example_python_operator.py
[2024-04-15T14:45:33.088+0000] {processor.py:830} INFO - Processing file /home/airflow/.local/lib/python3.12/site-packages/airflow/example_dags/example_python_operator.py for tasks to queue
[2024-04-15T14:45:33.092+0000] {logging_mixin.py:188} INFO - [2024-04-15T14:45:33.091+0000] {dagbag.py:540} INFO - Filling up the DagBag from /home/airflow/.local/lib/python3.12/site-packages/airflow/example_dags/example_python_operator.py
[2024-04-15T14:45:33.106+0000] {processor.py:840} INFO - DAG(s) 'example_python_operator' retrieved from /home/airflow/.local/lib/python3.12/site-packages/airflow/example_dags/example_python_operator.py
[2024-04-15T14:45:33.133+0000] {logging_mixin.py:188} INFO - [2024-04-15T14:45:33.133+0000] {dag.py:3096} INFO - Sync 1 DAGs
[2024-04-15T14:45:33.150+0000] {logging_mixin.py:188} INFO - [2024-04-15T14:45:33.149+0000] {dag.py:3954} INFO - Setting next_dagrun for example_python_operator to None, run_after=None
[2024-04-15T14:45:33.175+0000] {processor.py:183} INFO - Processing /home/airflow/.local/lib/python3.12/site-packages/airflow/example_dags/example_python_operator.py took 0.100 seconds
[2024-04-15T14:46:03.314+0000] {processor.py:161} INFO - Started process (PID=202) to work on /home/airflow/.local/lib/python3.12/site-packages/airflow/example_dags/example_python_operator.py
[2024-04-15T14:46:03.315+0000] {processor.py:830} INFO - Processing file /home/airflow/.local/lib/python3.12/site-packages/airflow/example_dags/example_python_operator.py for tasks to queue
[2024-04-15T14:46:03.316+0000] {logging_mixin.py:188} INFO - [2024-04-15T14:46:03.316+0000] {dagbag.py:540} INFO - Filling up the DagBag from /home/airflow/.local/lib/python3.12/site-packages/airflow/example_dags/example_python_operator.py
[2024-04-15T14:46:03.325+0000] {processor.py:840} INFO - DAG(s) 'example_python_operator' retrieved from /home/airflow/.local/lib/python3.12/site-packages/airflow/example_dags/example_python_operator.py
[2024-04-15T14:46:03.349+0000] {logging_mixin.py:188} INFO - [2024-04-15T14:46:03.347+0000] {dag.py:3096} INFO - Sync 1 DAGs
[2024-04-15T14:46:03.363+0000] {logging_mixin.py:188} INFO - [2024-04-15T14:46:03.362+0000] {dag.py:3954} INFO - Setting next_dagrun for example_python_operator to None, run_after=None
[2024-04-15T14:46:03.378+0000] {processor.py:183} INFO - Processing /home/airflow/.local/lib/python3.12/site-packages/airflow/example_dags/example_python_operator.py took 0.068 seconds
[2024-04-15T14:46:33.575+0000] {processor.py:161} INFO - Started process (PID=260) to work on /home/airflow/.local/lib/python3.12/site-packages/airflow/example_dags/example_python_operator.py
[2024-04-15T14:46:33.576+0000] {processor.py:830} INFO - Processing file /home/airflow/.local/lib/python3.12/site-packages/airflow/example_dags/example_python_operator.py for tasks to queue
[2024-04-15T14:46:33.577+0000] {logging_mixin.py:188} INFO - [2024-04-15T14:46:33.577+0000] {dagbag.py:540} INFO - Filling up the DagBag from /home/airflow/.local/lib/python3.12/site-packages/airflow/example_dags/example_python_operator.py
[2024-04-15T14:46:33.586+0000] {processor.py:840} INFO - DAG(s) 'example_python_operator' retrieved from /home/airflow/.local/lib/python3.12/site-packages/airflow/example_dags/example_python_operator.py
[2024-04-15T14:46:33.605+0000] {logging_mixin.py:188} INFO - [2024-04-15T14:46:33.605+0000] {dag.py:3096} INFO - Sync 1 DAGs
[2024-04-15T14:46:33.616+0000] {logging_mixin.py:188} INFO - [2024-04-15T14:46:33.616+0000] {dag.py:3954} INFO - Setting next_dagrun for example_python_operator to None, run_after=None
[2024-04-15T14:46:33.633+0000] {processor.py:183} INFO - Processing /home/airflow/.local/lib/python3.12/site-packages/airflow/example_dags/example_python_operator.py took 0.063 seconds
[2024-04-15T14:47:03.798+0000] {processor.py:161} INFO - Started process (PID=318) to work on /home/airflow/.local/lib/python3.12/site-packages/airflow/example_dags/example_python_operator.py
[2024-04-15T14:47:03.799+0000] {processor.py:830} INFO - Processing file /home/airflow/.local/lib/python3.12/site-packages/airflow/example_dags/example_python_operator.py for tasks to queue
[2024-04-15T14:47:03.801+0000] {logging_mixin.py:188} INFO - [2024-04-15T14:47:03.801+0000] {dagbag.py:540} INFO - Filling up the DagBag from /home/airflow/.local/lib/python3.12/site-packages/airflow/example_dags/example_python_operator.py
[2024-04-15T14:47:03.809+0000] {processor.py:840} INFO - DAG(s) 'example_python_operator' retrieved from /home/airflow/.local/lib/python3.12/site-packages/airflow/example_dags/example_python_operator.py
[2024-04-15T14:47:03.829+0000] {logging_mixin.py:188} INFO - [2024-04-15T14:47:03.828+0000] {dag.py:3096} INFO - Sync 1 DAGs
[2024-04-15T14:47:03.840+0000] {logging_mixin.py:188} INFO - [2024-04-15T14:47:03.840+0000] {dag.py:3954} INFO - Setting next_dagrun for example_python_operator to None, run_after=None
[2024-04-15T14:47:03.859+0000] {processor.py:183} INFO - Processing /home/airflow/.local/lib/python3.12/site-packages/airflow/example_dags/example_python_operator.py took 0.067 seconds
[2024-04-15T14:47:34.346+0000] {processor.py:161} INFO - Started process (PID=376) to work on /home/airflow/.local/lib/python3.12/site-packages/airflow/example_dags/example_python_operator.py
[2024-04-15T14:47:34.347+0000] {processor.py:830} INFO - Processing file /home/airflow/.local/lib/python3.12/site-packages/airflow/example_dags/example_python_operator.py for tasks to queue
[2024-04-15T14:47:34.349+0000] {logging_mixin.py:188} INFO - [2024-04-15T14:47:34.349+0000] {dagbag.py:540} INFO - Filling up the DagBag from /home/airflow/.local/lib/python3.12/site-packages/airflow/example_dags/example_python_operator.py
[2024-04-15T14:47:34.357+0000] {processor.py:840} INFO - DAG(s) 'example_python_operator' retrieved from /home/airflow/.local/lib/python3.12/site-packages/airflow/example_dags/example_python_operator.py
[2024-04-15T14:47:34.377+0000] {logging_mixin.py:188} INFO - [2024-04-15T14:47:34.377+0000] {dag.py:3096} INFO - Sync 1 DAGs
[2024-04-15T14:47:34.388+0000] {logging_mixin.py:188} INFO - [2024-04-15T14:47:34.387+0000] {dag.py:3954} INFO - Setting next_dagrun for example_python_operator to None, run_after=None
[2024-04-15T14:47:34.405+0000] {processor.py:183} INFO - Processing /home/airflow/.local/lib/python3.12/site-packages/airflow/example_dags/example_python_operator.py took 0.065 seconds
[2024-04-15T14:48:04.664+0000] {processor.py:161} INFO - Started process (PID=434) to work on /home/airflow/.local/lib/python3.12/site-packages/airflow/example_dags/example_python_operator.py
[2024-04-15T14:48:04.665+0000] {processor.py:830} INFO - Processing file /home/airflow/.local/lib/python3.12/site-packages/airflow/example_dags/example_python_operator.py for tasks to queue
[2024-04-15T14:48:04.667+0000] {logging_mixin.py:188} INFO - [2024-04-15T14:48:04.667+0000] {dagbag.py:540} INFO - Filling up the DagBag from /home/airflow/.local/lib/python3.12/site-packages/airflow/example_dags/example_python_operator.py
[2024-04-15T14:48:04.678+0000] {processor.py:840} INFO - DAG(s) 'example_python_operator' retrieved from /home/airflow/.local/lib/python3.12/site-packages/airflow/example_dags/example_python_operator.py
[2024-04-15T14:48:04.701+0000] {logging_mixin.py:188} INFO - [2024-04-15T14:48:04.700+0000] {dag.py:3096} INFO - Sync 1 DAGs
[2024-04-15T14:48:04.714+0000] {logging_mixin.py:188} INFO - [2024-04-15T14:48:04.713+0000] {dag.py:3954} INFO - Setting next_dagrun for example_python_operator to None, run_after=None
[2024-04-15T14:48:04.735+0000] {processor.py:183} INFO - Processing /home/airflow/.local/lib/python3.12/site-packages/airflow/example_dags/example_python_operator.py took 0.077 seconds
[2024-04-15T14:48:34.850+0000] {processor.py:161} INFO - Started process (PID=492) to work on /home/airflow/.local/lib/python3.12/site-packages/airflow/example_dags/example_python_operator.py
[2024-04-15T14:48:34.851+0000] {processor.py:830} INFO - Processing file /home/airflow/.local/lib/python3.12/site-packages/airflow/example_dags/example_python_operator.py for tasks to queue
[2024-04-15T14:48:34.853+0000] {logging_mixin.py:188} INFO - [2024-04-15T14:48:34.853+0000] {dagbag.py:540} INFO - Filling up the DagBag from /home/airflow/.local/lib/python3.12/site-packages/airflow/example_dags/example_python_operator.py
[2024-04-15T14:48:34.861+0000] {processor.py:840} INFO - DAG(s) 'example_python_operator' retrieved from /home/airflow/.local/lib/python3.12/site-packages/airflow/example_dags/example_python_operator.py
[2024-04-15T14:48:34.880+0000] {logging_mixin.py:188} INFO - [2024-04-15T14:48:34.880+0000] {dag.py:3096} INFO - Sync 1 DAGs
[2024-04-15T14:48:34.891+0000] {logging_mixin.py:188} INFO - [2024-04-15T14:48:34.891+0000] {dag.py:3954} INFO - Setting next_dagrun for example_python_operator to None, run_after=None
[2024-04-15T14:48:34.911+0000] {processor.py:183} INFO - Processing /home/airflow/.local/lib/python3.12/site-packages/airflow/example_dags/example_python_operator.py took 0.066 seconds
[2024-04-15T14:49:05.463+0000] {processor.py:161} INFO - Started process (PID=550) to work on /home/airflow/.local/lib/python3.12/site-packages/airflow/example_dags/example_python_operator.py
[2024-04-15T14:49:05.464+0000] {processor.py:830} INFO - Processing file /home/airflow/.local/lib/python3.12/site-packages/airflow/example_dags/example_python_operator.py for tasks to queue
[2024-04-15T14:49:05.466+0000] {logging_mixin.py:188} INFO - [2024-04-15T14:49:05.466+0000] {dagbag.py:540} INFO - Filling up the DagBag from /home/airflow/.local/lib/python3.12/site-packages/airflow/example_dags/example_python_operator.py
[2024-04-15T14:49:05.478+0000] {processor.py:840} INFO - DAG(s) 'example_python_operator' retrieved from /home/airflow/.local/lib/python3.12/site-packages/airflow/example_dags/example_python_operator.py
[2024-04-15T14:49:05.502+0000] {logging_mixin.py:188} INFO - [2024-04-15T14:49:05.501+0000] {dag.py:3096} INFO - Sync 1 DAGs
[2024-04-15T14:49:05.515+0000] {logging_mixin.py:188} INFO - [2024-04-15T14:49:05.515+0000] {dag.py:3954} INFO - Setting next_dagrun for example_python_operator to None, run_after=None
[2024-04-15T14:49:05.534+0000] {processor.py:183} INFO - Processing /home/airflow/.local/lib/python3.12/site-packages/airflow/example_dags/example_python_operator.py took 0.076 seconds
[2024-04-15T14:49:36.024+0000] {processor.py:161} INFO - Started process (PID=608) to work on /home/airflow/.local/lib/python3.12/site-packages/airflow/example_dags/example_python_operator.py
[2024-04-15T14:49:36.025+0000] {processor.py:830} INFO - Processing file /home/airflow/.local/lib/python3.12/site-packages/airflow/example_dags/example_python_operator.py for tasks to queue
[2024-04-15T14:49:36.027+0000] {logging_mixin.py:188} INFO - [2024-04-15T14:49:36.026+0000] {dagbag.py:540} INFO - Filling up the DagBag from /home/airflow/.local/lib/python3.12/site-packages/airflow/example_dags/example_python_operator.py
[2024-04-15T14:49:36.036+0000] {processor.py:840} INFO - DAG(s) 'example_python_operator' retrieved from /home/airflow/.local/lib/python3.12/site-packages/airflow/example_dags/example_python_operator.py
[2024-04-15T14:49:36.061+0000] {logging_mixin.py:188} INFO - [2024-04-15T14:49:36.061+0000] {dag.py:3096} INFO - Sync 1 DAGs
[2024-04-15T14:49:36.073+0000] {logging_mixin.py:188} INFO - [2024-04-15T14:49:36.073+0000] {dag.py:3954} INFO - Setting next_dagrun for example_python_operator to None, run_after=None
[2024-04-15T14:49:36.089+0000] {processor.py:183} INFO - Processing /home/airflow/.local/lib/python3.12/site-packages/airflow/example_dags/example_python_operator.py took 0.070 seconds
[2024-04-15T14:50:06.564+0000] {processor.py:161} INFO - Started process (PID=666) to work on /home/airflow/.local/lib/python3.12/site-packages/airflow/example_dags/example_python_operator.py
[2024-04-15T14:50:06.566+0000] {processor.py:830} INFO - Processing file /home/airflow/.local/lib/python3.12/site-packages/airflow/example_dags/example_python_operator.py for tasks to queue
[2024-04-15T14:50:06.570+0000] {logging_mixin.py:188} INFO - [2024-04-15T14:50:06.569+0000] {dagbag.py:540} INFO - Filling up the DagBag from /home/airflow/.local/lib/python3.12/site-packages/airflow/example_dags/example_python_operator.py
[2024-04-15T14:50:06.584+0000] {processor.py:840} INFO - DAG(s) 'example_python_operator' retrieved from /home/airflow/.local/lib/python3.12/site-packages/airflow/example_dags/example_python_operator.py
[2024-04-15T14:50:06.612+0000] {logging_mixin.py:188} INFO - [2024-04-15T14:50:06.612+0000] {dag.py:3096} INFO - Sync 1 DAGs
[2024-04-15T14:50:06.630+0000] {logging_mixin.py:188} INFO - [2024-04-15T14:50:06.629+0000] {dag.py:3954} INFO - Setting next_dagrun for example_python_operator to None, run_after=None
[2024-04-15T14:50:06.649+0000] {processor.py:183} INFO - Processing /home/airflow/.local/lib/python3.12/site-packages/airflow/example_dags/example_python_operator.py took 0.093 seconds
[2024-04-15T14:50:36.787+0000] {processor.py:161} INFO - Started process (PID=724) to work on /home/airflow/.local/lib/python3.12/site-packages/airflow/example_dags/example_python_operator.py
[2024-04-15T14:50:36.788+0000] {processor.py:830} INFO - Processing file /home/airflow/.local/lib/python3.12/site-packages/airflow/example_dags/example_python_operator.py for tasks to queue
[2024-04-15T14:50:36.790+0000] {logging_mixin.py:188} INFO - [2024-04-15T14:50:36.790+0000] {dagbag.py:540} INFO - Filling up the DagBag from /home/airflow/.local/lib/python3.12/site-packages/airflow/example_dags/example_python_operator.py
[2024-04-15T14:50:36.799+0000] {processor.py:840} INFO - DAG(s) 'example_python_operator' retrieved from /home/airflow/.local/lib/python3.12/site-packages/airflow/example_dags/example_python_operator.py
[2024-04-15T14:50:36.819+0000] {logging_mixin.py:188} INFO - [2024-04-15T14:50:36.818+0000] {dag.py:3096} INFO - Sync 1 DAGs
[2024-04-15T14:50:36.830+0000] {logging_mixin.py:188} INFO - [2024-04-15T14:50:36.830+0000] {dag.py:3954} INFO - Setting next_dagrun for example_python_operator to None, run_after=None
[2024-04-15T14:50:36.847+0000] {processor.py:183} INFO - Processing /home/airflow/.local/lib/python3.12/site-packages/airflow/example_dags/example_python_operator.py took 0.065 seconds
[2024-04-15T14:51:07.545+0000] {processor.py:161} INFO - Started process (PID=782) to work on /home/airflow/.local/lib/python3.12/site-packages/airflow/example_dags/example_python_operator.py
[2024-04-15T14:51:07.547+0000] {processor.py:830} INFO - Processing file /home/airflow/.local/lib/python3.12/site-packages/airflow/example_dags/example_python_operator.py for tasks to queue
[2024-04-15T14:51:07.549+0000] {logging_mixin.py:188} INFO - [2024-04-15T14:51:07.549+0000] {dagbag.py:540} INFO - Filling up the DagBag from /home/airflow/.local/lib/python3.12/site-packages/airflow/example_dags/example_python_operator.py
[2024-04-15T14:51:07.564+0000] {processor.py:840} INFO - DAG(s) 'example_python_operator' retrieved from /home/airflow/.local/lib/python3.12/site-packages/airflow/example_dags/example_python_operator.py
[2024-04-15T14:51:07.590+0000] {logging_mixin.py:188} INFO - [2024-04-15T14:51:07.590+0000] {dag.py:3096} INFO - Sync 1 DAGs
[2024-04-15T14:51:07.607+0000] {logging_mixin.py:188} INFO - [2024-04-15T14:51:07.606+0000] {dag.py:3954} INFO - Setting next_dagrun for example_python_operator to None, run_after=None
[2024-04-15T14:51:07.628+0000] {processor.py:183} INFO - Processing /home/airflow/.local/lib/python3.12/site-packages/airflow/example_dags/example_python_operator.py took 0.088 seconds
[2024-04-15T14:51:37.771+0000] {processor.py:161} INFO - Started process (PID=840) to work on /home/airflow/.local/lib/python3.12/site-packages/airflow/example_dags/example_python_operator.py
[2024-04-15T14:51:37.773+0000] {processor.py:830} INFO - Processing file /home/airflow/.local/lib/python3.12/site-packages/airflow/example_dags/example_python_operator.py for tasks to queue
[2024-04-15T14:51:37.775+0000] {logging_mixin.py:188} INFO - [2024-04-15T14:51:37.775+0000] {dagbag.py:540} INFO - Filling up the DagBag from /home/airflow/.local/lib/python3.12/site-packages/airflow/example_dags/example_python_operator.py
[2024-04-15T14:51:37.787+0000] {processor.py:840} INFO - DAG(s) 'example_python_operator' retrieved from /home/airflow/.local/lib/python3.12/site-packages/airflow/example_dags/example_python_operator.py
[2024-04-15T14:51:37.812+0000] {logging_mixin.py:188} INFO - [2024-04-15T14:51:37.811+0000] {dag.py:3096} INFO - Sync 1 DAGs
[2024-04-15T14:51:37.826+0000] {logging_mixin.py:188} INFO - [2024-04-15T14:51:37.826+0000] {dag.py:3954} INFO - Setting next_dagrun for example_python_operator to None, run_after=None
[2024-04-15T14:51:37.846+0000] {processor.py:183} INFO - Processing /home/airflow/.local/lib/python3.12/site-packages/airflow/example_dags/example_python_operator.py took 0.081 seconds
[2024-04-15T14:52:08.687+0000] {processor.py:161} INFO - Started process (PID=898) to work on /home/airflow/.local/lib/python3.12/site-packages/airflow/example_dags/example_python_operator.py
[2024-04-15T14:52:08.693+0000] {processor.py:830} INFO - Processing file /home/airflow/.local/lib/python3.12/site-packages/airflow/example_dags/example_python_operator.py for tasks to queue
[2024-04-15T14:52:08.702+0000] {logging_mixin.py:188} INFO - [2024-04-15T14:52:08.701+0000] {dagbag.py:540} INFO - Filling up the DagBag from /home/airflow/.local/lib/python3.12/site-packages/airflow/example_dags/example_python_operator.py
[2024-04-15T14:52:08.750+0000] {processor.py:840} INFO - DAG(s) 'example_python_operator' retrieved from /home/airflow/.local/lib/python3.12/site-packages/airflow/example_dags/example_python_operator.py
[2024-04-15T14:52:08.836+0000] {logging_mixin.py:188} INFO - [2024-04-15T14:52:08.835+0000] {dag.py:3096} INFO - Sync 1 DAGs
[2024-04-15T14:52:09.103+0000] {logging_mixin.py:188} INFO - [2024-04-15T14:52:09.102+0000] {dag.py:3954} INFO - Setting next_dagrun for example_python_operator to None, run_after=None
[2024-04-15T14:52:09.441+0000] {processor.py:183} INFO - Processing /home/airflow/.local/lib/python3.12/site-packages/airflow/example_dags/example_python_operator.py took 0.818 seconds
[2024-04-15T14:52:39.543+0000] {processor.py:161} INFO - Started process (PID=956) to work on /home/airflow/.local/lib/python3.12/site-packages/airflow/example_dags/example_python_operator.py
[2024-04-15T14:52:39.545+0000] {processor.py:830} INFO - Processing file /home/airflow/.local/lib/python3.12/site-packages/airflow/example_dags/example_python_operator.py for tasks to queue
[2024-04-15T14:52:39.550+0000] {logging_mixin.py:188} INFO - [2024-04-15T14:52:39.549+0000] {dagbag.py:540} INFO - Filling up the DagBag from /home/airflow/.local/lib/python3.12/site-packages/airflow/example_dags/example_python_operator.py
[2024-04-15T14:52:39.565+0000] {processor.py:840} INFO - DAG(s) 'example_python_operator' retrieved from /home/airflow/.local/lib/python3.12/site-packages/airflow/example_dags/example_python_operator.py
[2024-04-15T14:52:39.594+0000] {logging_mixin.py:188} INFO - [2024-04-15T14:52:39.594+0000] {dag.py:3096} INFO - Sync 1 DAGs
[2024-04-15T14:52:39.610+0000] {logging_mixin.py:188} INFO - [2024-04-15T14:52:39.610+0000] {dag.py:3954} INFO - Setting next_dagrun for example_python_operator to None, run_after=None
[2024-04-15T14:52:39.636+0000] {processor.py:183} INFO - Processing /home/airflow/.local/lib/python3.12/site-packages/airflow/example_dags/example_python_operator.py took 0.099 seconds
[2024-04-15T14:53:11.529+0000] {processor.py:161} INFO - Started process (PID=1014) to work on /home/airflow/.local/lib/python3.12/site-packages/airflow/example_dags/example_python_operator.py
[2024-04-15T14:53:11.532+0000] {processor.py:830} INFO - Processing file /home/airflow/.local/lib/python3.12/site-packages/airflow/example_dags/example_python_operator.py for tasks to queue
[2024-04-15T14:53:11.536+0000] {logging_mixin.py:188} INFO - [2024-04-15T14:53:11.535+0000] {dagbag.py:540} INFO - Filling up the DagBag from /home/airflow/.local/lib/python3.12/site-packages/airflow/example_dags/example_python_operator.py
[2024-04-15T14:53:11.567+0000] {processor.py:840} INFO - DAG(s) 'example_python_operator' retrieved from /home/airflow/.local/lib/python3.12/site-packages/airflow/example_dags/example_python_operator.py
[2024-04-15T14:53:11.627+0000] {logging_mixin.py:188} INFO - [2024-04-15T14:53:11.627+0000] {dag.py:3096} INFO - Sync 1 DAGs
[2024-04-15T14:53:11.663+0000] {logging_mixin.py:188} INFO - [2024-04-15T14:53:11.662+0000] {dag.py:3954} INFO - Setting next_dagrun for example_python_operator to None, run_after=None
[2024-04-15T14:53:12.034+0000] {processor.py:183} INFO - Processing /home/airflow/.local/lib/python3.12/site-packages/airflow/example_dags/example_python_operator.py took 0.515 seconds
[2024-04-15T14:53:42.309+0000] {processor.py:161} INFO - Started process (PID=1072) to work on /home/airflow/.local/lib/python3.12/site-packages/airflow/example_dags/example_python_operator.py
[2024-04-15T14:53:42.310+0000] {processor.py:830} INFO - Processing file /home/airflow/.local/lib/python3.12/site-packages/airflow/example_dags/example_python_operator.py for tasks to queue
[2024-04-15T14:53:42.312+0000] {logging_mixin.py:188} INFO - [2024-04-15T14:53:42.312+0000] {dagbag.py:540} INFO - Filling up the DagBag from /home/airflow/.local/lib/python3.12/site-packages/airflow/example_dags/example_python_operator.py
[2024-04-15T14:53:42.322+0000] {processor.py:840} INFO - DAG(s) 'example_python_operator' retrieved from /home/airflow/.local/lib/python3.12/site-packages/airflow/example_dags/example_python_operator.py
[2024-04-15T14:53:42.346+0000] {logging_mixin.py:188} INFO - [2024-04-15T14:53:42.345+0000] {dag.py:3096} INFO - Sync 1 DAGs
[2024-04-15T14:53:42.359+0000] {logging_mixin.py:188} INFO - [2024-04-15T14:53:42.358+0000] {dag.py:3954} INFO - Setting next_dagrun for example_python_operator to None, run_after=None
[2024-04-15T14:53:42.376+0000] {processor.py:183} INFO - Processing /home/airflow/.local/lib/python3.12/site-packages/airflow/example_dags/example_python_operator.py took 0.072 seconds
[2024-04-15T14:54:12.863+0000] {processor.py:161} INFO - Started process (PID=1136) to work on /home/airflow/.local/lib/python3.12/site-packages/airflow/example_dags/example_python_operator.py
[2024-04-15T14:54:12.864+0000] {processor.py:830} INFO - Processing file /home/airflow/.local/lib/python3.12/site-packages/airflow/example_dags/example_python_operator.py for tasks to queue
[2024-04-15T14:54:12.867+0000] {logging_mixin.py:188} INFO - [2024-04-15T14:54:12.867+0000] {dagbag.py:540} INFO - Filling up the DagBag from /home/airflow/.local/lib/python3.12/site-packages/airflow/example_dags/example_python_operator.py
[2024-04-15T14:54:12.880+0000] {processor.py:840} INFO - DAG(s) 'example_python_operator' retrieved from /home/airflow/.local/lib/python3.12/site-packages/airflow/example_dags/example_python_operator.py
[2024-04-15T14:54:12.908+0000] {logging_mixin.py:188} INFO - [2024-04-15T14:54:12.908+0000] {dag.py:3096} INFO - Sync 1 DAGs
[2024-04-15T14:54:12.924+0000] {logging_mixin.py:188} INFO - [2024-04-15T14:54:12.924+0000] {dag.py:3954} INFO - Setting next_dagrun for example_python_operator to None, run_after=None
[2024-04-15T14:54:12.949+0000] {processor.py:183} INFO - Processing /home/airflow/.local/lib/python3.12/site-packages/airflow/example_dags/example_python_operator.py took 0.093 seconds
[2024-04-15T14:56:05.665+0000] {processor.py:161} INFO - Started process (PID=74) to work on /home/airflow/.local/lib/python3.12/site-packages/airflow/example_dags/example_python_operator.py
[2024-04-15T14:56:05.667+0000] {processor.py:830} INFO - Processing file /home/airflow/.local/lib/python3.12/site-packages/airflow/example_dags/example_python_operator.py for tasks to queue
[2024-04-15T14:56:05.669+0000] {logging_mixin.py:188} INFO - [2024-04-15T14:56:05.669+0000] {dagbag.py:540} INFO - Filling up the DagBag from /home/airflow/.local/lib/python3.12/site-packages/airflow/example_dags/example_python_operator.py
[2024-04-15T14:56:05.684+0000] {processor.py:840} INFO - DAG(s) 'example_python_operator' retrieved from /home/airflow/.local/lib/python3.12/site-packages/airflow/example_dags/example_python_operator.py
[2024-04-15T14:56:05.809+0000] {logging_mixin.py:188} INFO - [2024-04-15T14:56:05.809+0000] {dag.py:3096} INFO - Sync 1 DAGs
[2024-04-15T14:56:05.822+0000] {logging_mixin.py:188} INFO - [2024-04-15T14:56:05.822+0000] {dag.py:3954} INFO - Setting next_dagrun for example_python_operator to None, run_after=None
[2024-04-15T14:56:05.845+0000] {processor.py:183} INFO - Processing /home/airflow/.local/lib/python3.12/site-packages/airflow/example_dags/example_python_operator.py took 0.187 seconds
[2024-04-15T14:56:36.082+0000] {processor.py:161} INFO - Started process (PID=134) to work on /home/airflow/.local/lib/python3.12/site-packages/airflow/example_dags/example_python_operator.py
[2024-04-15T14:56:36.083+0000] {processor.py:830} INFO - Processing file /home/airflow/.local/lib/python3.12/site-packages/airflow/example_dags/example_python_operator.py for tasks to queue
[2024-04-15T14:56:36.086+0000] {logging_mixin.py:188} INFO - [2024-04-15T14:56:36.085+0000] {dagbag.py:540} INFO - Filling up the DagBag from /home/airflow/.local/lib/python3.12/site-packages/airflow/example_dags/example_python_operator.py
[2024-04-15T14:56:36.097+0000] {processor.py:840} INFO - DAG(s) 'example_python_operator' retrieved from /home/airflow/.local/lib/python3.12/site-packages/airflow/example_dags/example_python_operator.py
[2024-04-15T14:56:36.122+0000] {logging_mixin.py:188} INFO - [2024-04-15T14:56:36.121+0000] {dag.py:3096} INFO - Sync 1 DAGs
[2024-04-15T14:56:36.138+0000] {logging_mixin.py:188} INFO - [2024-04-15T14:56:36.138+0000] {dag.py:3954} INFO - Setting next_dagrun for example_python_operator to None, run_after=None
[2024-04-15T14:56:36.160+0000] {processor.py:183} INFO - Processing /home/airflow/.local/lib/python3.12/site-packages/airflow/example_dags/example_python_operator.py took 0.083 seconds
[2024-04-15T14:57:06.902+0000] {processor.py:161} INFO - Started process (PID=194) to work on /home/airflow/.local/lib/python3.12/site-packages/airflow/example_dags/example_python_operator.py
[2024-04-15T14:57:06.903+0000] {processor.py:830} INFO - Processing file /home/airflow/.local/lib/python3.12/site-packages/airflow/example_dags/example_python_operator.py for tasks to queue
[2024-04-15T14:57:06.905+0000] {logging_mixin.py:188} INFO - [2024-04-15T14:57:06.904+0000] {dagbag.py:540} INFO - Filling up the DagBag from /home/airflow/.local/lib/python3.12/site-packages/airflow/example_dags/example_python_operator.py
[2024-04-15T14:57:06.914+0000] {processor.py:840} INFO - DAG(s) 'example_python_operator' retrieved from /home/airflow/.local/lib/python3.12/site-packages/airflow/example_dags/example_python_operator.py
[2024-04-15T14:57:06.942+0000] {logging_mixin.py:188} INFO - [2024-04-15T14:57:06.941+0000] {dag.py:3096} INFO - Sync 1 DAGs
[2024-04-15T14:57:06.956+0000] {logging_mixin.py:188} INFO - [2024-04-15T14:57:06.956+0000] {dag.py:3954} INFO - Setting next_dagrun for example_python_operator to None, run_after=None
[2024-04-15T14:57:06.976+0000] {processor.py:183} INFO - Processing /home/airflow/.local/lib/python3.12/site-packages/airflow/example_dags/example_python_operator.py took 0.079 seconds
[2024-04-15T14:57:37.116+0000] {processor.py:161} INFO - Started process (PID=254) to work on /home/airflow/.local/lib/python3.12/site-packages/airflow/example_dags/example_python_operator.py
[2024-04-15T14:57:37.118+0000] {processor.py:830} INFO - Processing file /home/airflow/.local/lib/python3.12/site-packages/airflow/example_dags/example_python_operator.py for tasks to queue
[2024-04-15T14:57:37.120+0000] {logging_mixin.py:188} INFO - [2024-04-15T14:57:37.120+0000] {dagbag.py:540} INFO - Filling up the DagBag from /home/airflow/.local/lib/python3.12/site-packages/airflow/example_dags/example_python_operator.py
[2024-04-15T14:57:37.132+0000] {processor.py:840} INFO - DAG(s) 'example_python_operator' retrieved from /home/airflow/.local/lib/python3.12/site-packages/airflow/example_dags/example_python_operator.py
[2024-04-15T14:57:37.159+0000] {logging_mixin.py:188} INFO - [2024-04-15T14:57:37.158+0000] {dag.py:3096} INFO - Sync 1 DAGs
[2024-04-15T14:57:37.174+0000] {logging_mixin.py:188} INFO - [2024-04-15T14:57:37.174+0000] {dag.py:3954} INFO - Setting next_dagrun for example_python_operator to None, run_after=None
[2024-04-15T14:57:37.201+0000] {processor.py:183} INFO - Processing /home/airflow/.local/lib/python3.12/site-packages/airflow/example_dags/example_python_operator.py took 0.092 seconds
[2024-04-15T14:58:08.124+0000] {processor.py:161} INFO - Started process (PID=314) to work on /home/airflow/.local/lib/python3.12/site-packages/airflow/example_dags/example_python_operator.py
[2024-04-15T14:58:08.125+0000] {processor.py:830} INFO - Processing file /home/airflow/.local/lib/python3.12/site-packages/airflow/example_dags/example_python_operator.py for tasks to queue
[2024-04-15T14:58:08.127+0000] {logging_mixin.py:188} INFO - [2024-04-15T14:58:08.127+0000] {dagbag.py:540} INFO - Filling up the DagBag from /home/airflow/.local/lib/python3.12/site-packages/airflow/example_dags/example_python_operator.py
[2024-04-15T14:58:08.137+0000] {processor.py:840} INFO - DAG(s) 'example_python_operator' retrieved from /home/airflow/.local/lib/python3.12/site-packages/airflow/example_dags/example_python_operator.py
[2024-04-15T14:58:08.158+0000] {logging_mixin.py:188} INFO - [2024-04-15T14:58:08.158+0000] {dag.py:3096} INFO - Sync 1 DAGs
[2024-04-15T14:58:08.169+0000] {logging_mixin.py:188} INFO - [2024-04-15T14:58:08.169+0000] {dag.py:3954} INFO - Setting next_dagrun for example_python_operator to None, run_after=None
[2024-04-15T14:58:08.191+0000] {processor.py:183} INFO - Processing /home/airflow/.local/lib/python3.12/site-packages/airflow/example_dags/example_python_operator.py took 0.074 seconds
[2024-04-15T14:58:38.400+0000] {processor.py:161} INFO - Started process (PID=374) to work on /home/airflow/.local/lib/python3.12/site-packages/airflow/example_dags/example_python_operator.py
[2024-04-15T14:58:38.401+0000] {processor.py:830} INFO - Processing file /home/airflow/.local/lib/python3.12/site-packages/airflow/example_dags/example_python_operator.py for tasks to queue
[2024-04-15T14:58:38.403+0000] {logging_mixin.py:188} INFO - [2024-04-15T14:58:38.403+0000] {dagbag.py:540} INFO - Filling up the DagBag from /home/airflow/.local/lib/python3.12/site-packages/airflow/example_dags/example_python_operator.py
[2024-04-15T14:58:38.412+0000] {processor.py:840} INFO - DAG(s) 'example_python_operator' retrieved from /home/airflow/.local/lib/python3.12/site-packages/airflow/example_dags/example_python_operator.py
[2024-04-15T14:58:38.431+0000] {logging_mixin.py:188} INFO - [2024-04-15T14:58:38.431+0000] {dag.py:3096} INFO - Sync 1 DAGs
[2024-04-15T14:58:38.442+0000] {logging_mixin.py:188} INFO - [2024-04-15T14:58:38.442+0000] {dag.py:3954} INFO - Setting next_dagrun for example_python_operator to None, run_after=None
[2024-04-15T14:58:38.458+0000] {processor.py:183} INFO - Processing /home/airflow/.local/lib/python3.12/site-packages/airflow/example_dags/example_python_operator.py took 0.062 seconds
[2024-04-15T14:59:09.329+0000] {processor.py:161} INFO - Started process (PID=440) to work on /home/airflow/.local/lib/python3.12/site-packages/airflow/example_dags/example_python_operator.py
[2024-04-15T14:59:09.330+0000] {processor.py:830} INFO - Processing file /home/airflow/.local/lib/python3.12/site-packages/airflow/example_dags/example_python_operator.py for tasks to queue
[2024-04-15T14:59:09.332+0000] {logging_mixin.py:188} INFO - [2024-04-15T14:59:09.332+0000] {dagbag.py:540} INFO - Filling up the DagBag from /home/airflow/.local/lib/python3.12/site-packages/airflow/example_dags/example_python_operator.py
[2024-04-15T14:59:09.342+0000] {processor.py:840} INFO - DAG(s) 'example_python_operator' retrieved from /home/airflow/.local/lib/python3.12/site-packages/airflow/example_dags/example_python_operator.py
[2024-04-15T14:59:09.364+0000] {logging_mixin.py:188} INFO - [2024-04-15T14:59:09.364+0000] {dag.py:3096} INFO - Sync 1 DAGs
[2024-04-15T14:59:09.375+0000] {logging_mixin.py:188} INFO - [2024-04-15T14:59:09.375+0000] {dag.py:3954} INFO - Setting next_dagrun for example_python_operator to None, run_after=None
[2024-04-15T14:59:09.391+0000] {processor.py:183} INFO - Processing /home/airflow/.local/lib/python3.12/site-packages/airflow/example_dags/example_python_operator.py took 0.067 seconds
[2024-04-15T14:59:40.317+0000] {processor.py:161} INFO - Started process (PID=500) to work on /home/airflow/.local/lib/python3.12/site-packages/airflow/example_dags/example_python_operator.py
[2024-04-15T14:59:40.319+0000] {processor.py:830} INFO - Processing file /home/airflow/.local/lib/python3.12/site-packages/airflow/example_dags/example_python_operator.py for tasks to queue
[2024-04-15T14:59:40.321+0000] {logging_mixin.py:188} INFO - [2024-04-15T14:59:40.321+0000] {dagbag.py:540} INFO - Filling up the DagBag from /home/airflow/.local/lib/python3.12/site-packages/airflow/example_dags/example_python_operator.py
[2024-04-15T14:59:40.331+0000] {processor.py:840} INFO - DAG(s) 'example_python_operator' retrieved from /home/airflow/.local/lib/python3.12/site-packages/airflow/example_dags/example_python_operator.py
[2024-04-15T14:59:40.353+0000] {logging_mixin.py:188} INFO - [2024-04-15T14:59:40.353+0000] {dag.py:3096} INFO - Sync 1 DAGs
[2024-04-15T14:59:40.365+0000] {logging_mixin.py:188} INFO - [2024-04-15T14:59:40.364+0000] {dag.py:3954} INFO - Setting next_dagrun for example_python_operator to None, run_after=None
[2024-04-15T14:59:40.380+0000] {processor.py:183} INFO - Processing /home/airflow/.local/lib/python3.12/site-packages/airflow/example_dags/example_python_operator.py took 0.070 seconds
[2024-04-15T15:00:10.629+0000] {processor.py:161} INFO - Started process (PID=560) to work on /home/airflow/.local/lib/python3.12/site-packages/airflow/example_dags/example_python_operator.py
[2024-04-15T15:00:10.630+0000] {processor.py:830} INFO - Processing file /home/airflow/.local/lib/python3.12/site-packages/airflow/example_dags/example_python_operator.py for tasks to queue
[2024-04-15T15:00:10.632+0000] {logging_mixin.py:188} INFO - [2024-04-15T15:00:10.631+0000] {dagbag.py:540} INFO - Filling up the DagBag from /home/airflow/.local/lib/python3.12/site-packages/airflow/example_dags/example_python_operator.py
[2024-04-15T15:00:10.641+0000] {processor.py:840} INFO - DAG(s) 'example_python_operator' retrieved from /home/airflow/.local/lib/python3.12/site-packages/airflow/example_dags/example_python_operator.py
[2024-04-15T15:00:10.665+0000] {logging_mixin.py:188} INFO - [2024-04-15T15:00:10.665+0000] {dag.py:3096} INFO - Sync 1 DAGs
[2024-04-15T15:00:10.677+0000] {logging_mixin.py:188} INFO - [2024-04-15T15:00:10.677+0000] {dag.py:3954} INFO - Setting next_dagrun for example_python_operator to None, run_after=None
[2024-04-15T15:00:10.696+0000] {processor.py:183} INFO - Processing /home/airflow/.local/lib/python3.12/site-packages/airflow/example_dags/example_python_operator.py took 0.073 seconds
[2024-04-15T15:00:41.019+0000] {processor.py:161} INFO - Started process (PID=620) to work on /home/airflow/.local/lib/python3.12/site-packages/airflow/example_dags/example_python_operator.py
[2024-04-15T15:00:41.020+0000] {processor.py:830} INFO - Processing file /home/airflow/.local/lib/python3.12/site-packages/airflow/example_dags/example_python_operator.py for tasks to queue
[2024-04-15T15:00:41.022+0000] {logging_mixin.py:188} INFO - [2024-04-15T15:00:41.022+0000] {dagbag.py:540} INFO - Filling up the DagBag from /home/airflow/.local/lib/python3.12/site-packages/airflow/example_dags/example_python_operator.py
[2024-04-15T15:00:41.032+0000] {processor.py:840} INFO - DAG(s) 'example_python_operator' retrieved from /home/airflow/.local/lib/python3.12/site-packages/airflow/example_dags/example_python_operator.py
[2024-04-15T15:00:41.057+0000] {logging_mixin.py:188} INFO - [2024-04-15T15:00:41.057+0000] {dag.py:3096} INFO - Sync 1 DAGs
[2024-04-15T15:00:41.070+0000] {logging_mixin.py:188} INFO - [2024-04-15T15:00:41.069+0000] {dag.py:3954} INFO - Setting next_dagrun for example_python_operator to None, run_after=None
[2024-04-15T15:00:41.092+0000] {processor.py:183} INFO - Processing /home/airflow/.local/lib/python3.12/site-packages/airflow/example_dags/example_python_operator.py took 0.079 seconds
[2024-04-15T15:01:11.885+0000] {processor.py:161} INFO - Started process (PID=680) to work on /home/airflow/.local/lib/python3.12/site-packages/airflow/example_dags/example_python_operator.py
[2024-04-15T15:01:11.887+0000] {processor.py:830} INFO - Processing file /home/airflow/.local/lib/python3.12/site-packages/airflow/example_dags/example_python_operator.py for tasks to queue
[2024-04-15T15:01:11.889+0000] {logging_mixin.py:188} INFO - [2024-04-15T15:01:11.888+0000] {dagbag.py:540} INFO - Filling up the DagBag from /home/airflow/.local/lib/python3.12/site-packages/airflow/example_dags/example_python_operator.py
[2024-04-15T15:01:11.899+0000] {processor.py:840} INFO - DAG(s) 'example_python_operator' retrieved from /home/airflow/.local/lib/python3.12/site-packages/airflow/example_dags/example_python_operator.py
[2024-04-15T15:01:11.922+0000] {logging_mixin.py:188} INFO - [2024-04-15T15:01:11.922+0000] {dag.py:3096} INFO - Sync 1 DAGs
[2024-04-15T15:01:11.934+0000] {logging_mixin.py:188} INFO - [2024-04-15T15:01:11.934+0000] {dag.py:3954} INFO - Setting next_dagrun for example_python_operator to None, run_after=None
[2024-04-15T15:01:11.951+0000] {processor.py:183} INFO - Processing /home/airflow/.local/lib/python3.12/site-packages/airflow/example_dags/example_python_operator.py took 0.074 seconds
[2024-04-15T15:01:42.933+0000] {processor.py:161} INFO - Started process (PID=740) to work on /home/airflow/.local/lib/python3.12/site-packages/airflow/example_dags/example_python_operator.py
[2024-04-15T15:01:42.934+0000] {processor.py:830} INFO - Processing file /home/airflow/.local/lib/python3.12/site-packages/airflow/example_dags/example_python_operator.py for tasks to queue
[2024-04-15T15:01:42.937+0000] {logging_mixin.py:188} INFO - [2024-04-15T15:01:42.936+0000] {dagbag.py:540} INFO - Filling up the DagBag from /home/airflow/.local/lib/python3.12/site-packages/airflow/example_dags/example_python_operator.py
[2024-04-15T15:01:42.946+0000] {processor.py:840} INFO - DAG(s) 'example_python_operator' retrieved from /home/airflow/.local/lib/python3.12/site-packages/airflow/example_dags/example_python_operator.py
[2024-04-15T15:01:42.968+0000] {logging_mixin.py:188} INFO - [2024-04-15T15:01:42.968+0000] {dag.py:3096} INFO - Sync 1 DAGs
[2024-04-15T15:01:42.980+0000] {logging_mixin.py:188} INFO - [2024-04-15T15:01:42.979+0000] {dag.py:3954} INFO - Setting next_dagrun for example_python_operator to None, run_after=None
[2024-04-15T15:01:42.997+0000] {processor.py:183} INFO - Processing /home/airflow/.local/lib/python3.12/site-packages/airflow/example_dags/example_python_operator.py took 0.069 seconds
[2024-04-15T15:02:13.916+0000] {processor.py:161} INFO - Started process (PID=802) to work on /home/airflow/.local/lib/python3.12/site-packages/airflow/example_dags/example_python_operator.py
[2024-04-15T15:02:13.918+0000] {processor.py:830} INFO - Processing file /home/airflow/.local/lib/python3.12/site-packages/airflow/example_dags/example_python_operator.py for tasks to queue
[2024-04-15T15:02:13.920+0000] {logging_mixin.py:188} INFO - [2024-04-15T15:02:13.920+0000] {dagbag.py:540} INFO - Filling up the DagBag from /home/airflow/.local/lib/python3.12/site-packages/airflow/example_dags/example_python_operator.py
[2024-04-15T15:02:13.936+0000] {processor.py:840} INFO - DAG(s) 'example_python_operator' retrieved from /home/airflow/.local/lib/python3.12/site-packages/airflow/example_dags/example_python_operator.py
[2024-04-15T15:02:13.962+0000] {logging_mixin.py:188} INFO - [2024-04-15T15:02:13.962+0000] {dag.py:3096} INFO - Sync 1 DAGs
[2024-04-15T15:02:13.979+0000] {logging_mixin.py:188} INFO - [2024-04-15T15:02:13.979+0000] {dag.py:3954} INFO - Setting next_dagrun for example_python_operator to None, run_after=None
[2024-04-15T15:02:14.006+0000] {processor.py:183} INFO - Processing /home/airflow/.local/lib/python3.12/site-packages/airflow/example_dags/example_python_operator.py took 0.098 seconds
[2024-04-15T15:02:44.684+0000] {processor.py:161} INFO - Started process (PID=862) to work on /home/airflow/.local/lib/python3.12/site-packages/airflow/example_dags/example_python_operator.py
[2024-04-15T15:02:44.686+0000] {processor.py:830} INFO - Processing file /home/airflow/.local/lib/python3.12/site-packages/airflow/example_dags/example_python_operator.py for tasks to queue
[2024-04-15T15:02:44.688+0000] {logging_mixin.py:188} INFO - [2024-04-15T15:02:44.688+0000] {dagbag.py:540} INFO - Filling up the DagBag from /home/airflow/.local/lib/python3.12/site-packages/airflow/example_dags/example_python_operator.py
[2024-04-15T15:02:44.698+0000] {processor.py:840} INFO - DAG(s) 'example_python_operator' retrieved from /home/airflow/.local/lib/python3.12/site-packages/airflow/example_dags/example_python_operator.py
[2024-04-15T15:02:44.726+0000] {logging_mixin.py:188} INFO - [2024-04-15T15:02:44.726+0000] {dag.py:3096} INFO - Sync 1 DAGs
[2024-04-15T15:02:44.741+0000] {logging_mixin.py:188} INFO - [2024-04-15T15:02:44.741+0000] {dag.py:3954} INFO - Setting next_dagrun for example_python_operator to None, run_after=None
[2024-04-15T15:02:44.766+0000] {processor.py:183} INFO - Processing /home/airflow/.local/lib/python3.12/site-packages/airflow/example_dags/example_python_operator.py took 0.088 seconds
[2024-04-15T15:03:15.331+0000] {processor.py:161} INFO - Started process (PID=922) to work on /home/airflow/.local/lib/python3.12/site-packages/airflow/example_dags/example_python_operator.py
[2024-04-15T15:03:15.332+0000] {processor.py:830} INFO - Processing file /home/airflow/.local/lib/python3.12/site-packages/airflow/example_dags/example_python_operator.py for tasks to queue
[2024-04-15T15:03:15.333+0000] {logging_mixin.py:188} INFO - [2024-04-15T15:03:15.333+0000] {dagbag.py:540} INFO - Filling up the DagBag from /home/airflow/.local/lib/python3.12/site-packages/airflow/example_dags/example_python_operator.py
[2024-04-15T15:03:15.343+0000] {processor.py:840} INFO - DAG(s) 'example_python_operator' retrieved from /home/airflow/.local/lib/python3.12/site-packages/airflow/example_dags/example_python_operator.py
[2024-04-15T15:03:15.369+0000] {logging_mixin.py:188} INFO - [2024-04-15T15:03:15.369+0000] {dag.py:3096} INFO - Sync 1 DAGs
[2024-04-15T15:03:15.385+0000] {logging_mixin.py:188} INFO - [2024-04-15T15:03:15.384+0000] {dag.py:3954} INFO - Setting next_dagrun for example_python_operator to None, run_after=None
[2024-04-15T15:03:15.407+0000] {processor.py:183} INFO - Processing /home/airflow/.local/lib/python3.12/site-packages/airflow/example_dags/example_python_operator.py took 0.082 seconds
[2024-04-15T15:03:45.983+0000] {processor.py:161} INFO - Started process (PID=982) to work on /home/airflow/.local/lib/python3.12/site-packages/airflow/example_dags/example_python_operator.py
[2024-04-15T15:03:45.984+0000] {processor.py:830} INFO - Processing file /home/airflow/.local/lib/python3.12/site-packages/airflow/example_dags/example_python_operator.py for tasks to queue
[2024-04-15T15:03:45.987+0000] {logging_mixin.py:188} INFO - [2024-04-15T15:03:45.986+0000] {dagbag.py:540} INFO - Filling up the DagBag from /home/airflow/.local/lib/python3.12/site-packages/airflow/example_dags/example_python_operator.py
[2024-04-15T15:03:45.995+0000] {processor.py:840} INFO - DAG(s) 'example_python_operator' retrieved from /home/airflow/.local/lib/python3.12/site-packages/airflow/example_dags/example_python_operator.py
[2024-04-15T15:03:46.015+0000] {logging_mixin.py:188} INFO - [2024-04-15T15:03:46.015+0000] {dag.py:3096} INFO - Sync 1 DAGs
[2024-04-15T15:03:46.028+0000] {logging_mixin.py:188} INFO - [2024-04-15T15:03:46.027+0000] {dag.py:3954} INFO - Setting next_dagrun for example_python_operator to None, run_after=None
[2024-04-15T15:03:46.045+0000] {processor.py:183} INFO - Processing /home/airflow/.local/lib/python3.12/site-packages/airflow/example_dags/example_python_operator.py took 0.067 seconds
[2024-04-15T15:04:16.593+0000] {processor.py:161} INFO - Started process (PID=1042) to work on /home/airflow/.local/lib/python3.12/site-packages/airflow/example_dags/example_python_operator.py
[2024-04-15T15:04:16.594+0000] {processor.py:830} INFO - Processing file /home/airflow/.local/lib/python3.12/site-packages/airflow/example_dags/example_python_operator.py for tasks to queue
[2024-04-15T15:04:16.597+0000] {logging_mixin.py:188} INFO - [2024-04-15T15:04:16.597+0000] {dagbag.py:540} INFO - Filling up the DagBag from /home/airflow/.local/lib/python3.12/site-packages/airflow/example_dags/example_python_operator.py
[2024-04-15T15:04:16.606+0000] {processor.py:840} INFO - DAG(s) 'example_python_operator' retrieved from /home/airflow/.local/lib/python3.12/site-packages/airflow/example_dags/example_python_operator.py
[2024-04-15T15:04:16.625+0000] {logging_mixin.py:188} INFO - [2024-04-15T15:04:16.625+0000] {dag.py:3096} INFO - Sync 1 DAGs
[2024-04-15T15:04:16.634+0000] {logging_mixin.py:188} INFO - [2024-04-15T15:04:16.634+0000] {dag.py:3954} INFO - Setting next_dagrun for example_python_operator to None, run_after=None
[2024-04-15T15:04:16.650+0000] {processor.py:183} INFO - Processing /home/airflow/.local/lib/python3.12/site-packages/airflow/example_dags/example_python_operator.py took 0.061 seconds
[2024-04-15T15:04:47.460+0000] {processor.py:161} INFO - Started process (PID=1102) to work on /home/airflow/.local/lib/python3.12/site-packages/airflow/example_dags/example_python_operator.py
[2024-04-15T15:04:47.461+0000] {processor.py:830} INFO - Processing file /home/airflow/.local/lib/python3.12/site-packages/airflow/example_dags/example_python_operator.py for tasks to queue
[2024-04-15T15:04:47.464+0000] {logging_mixin.py:188} INFO - [2024-04-15T15:04:47.463+0000] {dagbag.py:540} INFO - Filling up the DagBag from /home/airflow/.local/lib/python3.12/site-packages/airflow/example_dags/example_python_operator.py
[2024-04-15T15:04:47.474+0000] {processor.py:840} INFO - DAG(s) 'example_python_operator' retrieved from /home/airflow/.local/lib/python3.12/site-packages/airflow/example_dags/example_python_operator.py
[2024-04-15T15:04:47.498+0000] {logging_mixin.py:188} INFO - [2024-04-15T15:04:47.498+0000] {dag.py:3096} INFO - Sync 1 DAGs
[2024-04-15T15:04:47.512+0000] {logging_mixin.py:188} INFO - [2024-04-15T15:04:47.512+0000] {dag.py:3954} INFO - Setting next_dagrun for example_python_operator to None, run_after=None
[2024-04-15T15:04:47.535+0000] {processor.py:183} INFO - Processing /home/airflow/.local/lib/python3.12/site-packages/airflow/example_dags/example_python_operator.py took 0.082 seconds
[2024-04-15T15:05:17.804+0000] {processor.py:161} INFO - Started process (PID=1162) to work on /home/airflow/.local/lib/python3.12/site-packages/airflow/example_dags/example_python_operator.py
[2024-04-15T15:05:17.805+0000] {processor.py:830} INFO - Processing file /home/airflow/.local/lib/python3.12/site-packages/airflow/example_dags/example_python_operator.py for tasks to queue
[2024-04-15T15:05:17.807+0000] {logging_mixin.py:188} INFO - [2024-04-15T15:05:17.807+0000] {dagbag.py:540} INFO - Filling up the DagBag from /home/airflow/.local/lib/python3.12/site-packages/airflow/example_dags/example_python_operator.py
[2024-04-15T15:05:17.818+0000] {processor.py:840} INFO - DAG(s) 'example_python_operator' retrieved from /home/airflow/.local/lib/python3.12/site-packages/airflow/example_dags/example_python_operator.py
[2024-04-15T15:05:17.850+0000] {logging_mixin.py:188} INFO - [2024-04-15T15:05:17.850+0000] {dag.py:3096} INFO - Sync 1 DAGs
[2024-04-15T15:05:18.042+0000] {logging_mixin.py:188} INFO - [2024-04-15T15:05:18.042+0000] {dag.py:3954} INFO - Setting next_dagrun for example_python_operator to None, run_after=None
[2024-04-15T15:05:18.076+0000] {processor.py:183} INFO - Processing /home/airflow/.local/lib/python3.12/site-packages/airflow/example_dags/example_python_operator.py took 0.279 seconds
[2024-04-15T15:05:48.873+0000] {processor.py:161} INFO - Started process (PID=1222) to work on /home/airflow/.local/lib/python3.12/site-packages/airflow/example_dags/example_python_operator.py
[2024-04-15T15:05:48.875+0000] {processor.py:830} INFO - Processing file /home/airflow/.local/lib/python3.12/site-packages/airflow/example_dags/example_python_operator.py for tasks to queue
[2024-04-15T15:05:48.877+0000] {logging_mixin.py:188} INFO - [2024-04-15T15:05:48.876+0000] {dagbag.py:540} INFO - Filling up the DagBag from /home/airflow/.local/lib/python3.12/site-packages/airflow/example_dags/example_python_operator.py
[2024-04-15T15:05:48.886+0000] {processor.py:840} INFO - DAG(s) 'example_python_operator' retrieved from /home/airflow/.local/lib/python3.12/site-packages/airflow/example_dags/example_python_operator.py
[2024-04-15T15:05:48.907+0000] {logging_mixin.py:188} INFO - [2024-04-15T15:05:48.907+0000] {dag.py:3096} INFO - Sync 1 DAGs
[2024-04-15T15:05:48.922+0000] {logging_mixin.py:188} INFO - [2024-04-15T15:05:48.921+0000] {dag.py:3954} INFO - Setting next_dagrun for example_python_operator to None, run_after=None
[2024-04-15T15:05:49.113+0000] {processor.py:183} INFO - Processing /home/airflow/.local/lib/python3.12/site-packages/airflow/example_dags/example_python_operator.py took 0.246 seconds
