[2024-04-15T14:44:53.288+0000] {processor.py:161} INFO - Started process (PID=71) to work on /home/airflow/.local/lib/python3.12/site-packages/airflow/example_dags/example_branch_labels.py
[2024-04-15T14:44:53.292+0000] {processor.py:830} INFO - Processing file /home/airflow/.local/lib/python3.12/site-packages/airflow/example_dags/example_branch_labels.py for tasks to queue
[2024-04-15T14:44:53.304+0000] {logging_mixin.py:188} INFO - [2024-04-15T14:44:53.303+0000] {dagbag.py:540} INFO - Filling up the DagBag from /home/airflow/.local/lib/python3.12/site-packages/airflow/example_dags/example_branch_labels.py
[2024-04-15T14:44:53.376+0000] {processor.py:840} INFO - DAG(s) 'example_branch_labels' retrieved from /home/airflow/.local/lib/python3.12/site-packages/airflow/example_dags/example_branch_labels.py
[2024-04-15T14:44:54.408+0000] {logging_mixin.py:188} INFO - [2024-04-15T14:44:54.407+0000] {dag.py:3096} INFO - Sync 1 DAGs
[2024-04-15T14:44:54.668+0000] {logging_mixin.py:188} INFO - [2024-04-15T14:44:54.665+0000] {dag.py:3954} INFO - Setting next_dagrun for example_branch_labels to 2024-04-14 00:00:00+00:00, run_after=2024-04-15 00:00:00+00:00
[2024-04-15T14:44:54.914+0000] {processor.py:183} INFO - Processing /home/airflow/.local/lib/python3.12/site-packages/airflow/example_dags/example_branch_labels.py took 1.660 seconds
[2024-04-15T14:45:25.074+0000] {processor.py:161} INFO - Started process (PID=129) to work on /home/airflow/.local/lib/python3.12/site-packages/airflow/example_dags/example_branch_labels.py
[2024-04-15T14:45:25.076+0000] {processor.py:830} INFO - Processing file /home/airflow/.local/lib/python3.12/site-packages/airflow/example_dags/example_branch_labels.py for tasks to queue
[2024-04-15T14:45:25.080+0000] {logging_mixin.py:188} INFO - [2024-04-15T14:45:25.079+0000] {dagbag.py:540} INFO - Filling up the DagBag from /home/airflow/.local/lib/python3.12/site-packages/airflow/example_dags/example_branch_labels.py
[2024-04-15T14:45:25.094+0000] {processor.py:840} INFO - DAG(s) 'example_branch_labels' retrieved from /home/airflow/.local/lib/python3.12/site-packages/airflow/example_dags/example_branch_labels.py
[2024-04-15T14:45:25.135+0000] {logging_mixin.py:188} INFO - [2024-04-15T14:45:25.134+0000] {dag.py:3096} INFO - Sync 1 DAGs
[2024-04-15T14:45:25.171+0000] {logging_mixin.py:188} INFO - [2024-04-15T14:45:25.170+0000] {dag.py:3954} INFO - Setting next_dagrun for example_branch_labels to 2024-04-14 00:00:00+00:00, run_after=2024-04-15 00:00:00+00:00
[2024-04-15T14:45:25.197+0000] {processor.py:183} INFO - Processing /home/airflow/.local/lib/python3.12/site-packages/airflow/example_dags/example_branch_labels.py took 0.135 seconds
[2024-04-15T14:45:55.520+0000] {processor.py:161} INFO - Started process (PID=188) to work on /home/airflow/.local/lib/python3.12/site-packages/airflow/example_dags/example_branch_labels.py
[2024-04-15T14:45:55.521+0000] {processor.py:830} INFO - Processing file /home/airflow/.local/lib/python3.12/site-packages/airflow/example_dags/example_branch_labels.py for tasks to queue
[2024-04-15T14:45:55.523+0000] {logging_mixin.py:188} INFO - [2024-04-15T14:45:55.523+0000] {dagbag.py:540} INFO - Filling up the DagBag from /home/airflow/.local/lib/python3.12/site-packages/airflow/example_dags/example_branch_labels.py
[2024-04-15T14:45:55.530+0000] {processor.py:840} INFO - DAG(s) 'example_branch_labels' retrieved from /home/airflow/.local/lib/python3.12/site-packages/airflow/example_dags/example_branch_labels.py
[2024-04-15T14:45:55.549+0000] {logging_mixin.py:188} INFO - [2024-04-15T14:45:55.549+0000] {dag.py:3096} INFO - Sync 1 DAGs
[2024-04-15T14:45:55.572+0000] {logging_mixin.py:188} INFO - [2024-04-15T14:45:55.571+0000] {dag.py:3954} INFO - Setting next_dagrun for example_branch_labels to 2024-04-14 00:00:00+00:00, run_after=2024-04-15 00:00:00+00:00
[2024-04-15T14:45:55.591+0000] {processor.py:183} INFO - Processing /home/airflow/.local/lib/python3.12/site-packages/airflow/example_dags/example_branch_labels.py took 0.076 seconds
[2024-04-15T14:46:25.807+0000] {processor.py:161} INFO - Started process (PID=246) to work on /home/airflow/.local/lib/python3.12/site-packages/airflow/example_dags/example_branch_labels.py
[2024-04-15T14:46:25.808+0000] {processor.py:830} INFO - Processing file /home/airflow/.local/lib/python3.12/site-packages/airflow/example_dags/example_branch_labels.py for tasks to queue
[2024-04-15T14:46:25.810+0000] {logging_mixin.py:188} INFO - [2024-04-15T14:46:25.810+0000] {dagbag.py:540} INFO - Filling up the DagBag from /home/airflow/.local/lib/python3.12/site-packages/airflow/example_dags/example_branch_labels.py
[2024-04-15T14:46:25.816+0000] {processor.py:840} INFO - DAG(s) 'example_branch_labels' retrieved from /home/airflow/.local/lib/python3.12/site-packages/airflow/example_dags/example_branch_labels.py
[2024-04-15T14:46:25.835+0000] {logging_mixin.py:188} INFO - [2024-04-15T14:46:25.835+0000] {dag.py:3096} INFO - Sync 1 DAGs
[2024-04-15T14:46:25.856+0000] {logging_mixin.py:188} INFO - [2024-04-15T14:46:25.856+0000] {dag.py:3954} INFO - Setting next_dagrun for example_branch_labels to 2024-04-14 00:00:00+00:00, run_after=2024-04-15 00:00:00+00:00
[2024-04-15T14:46:25.875+0000] {processor.py:183} INFO - Processing /home/airflow/.local/lib/python3.12/site-packages/airflow/example_dags/example_branch_labels.py took 0.072 seconds
[2024-04-15T14:46:55.979+0000] {processor.py:161} INFO - Started process (PID=304) to work on /home/airflow/.local/lib/python3.12/site-packages/airflow/example_dags/example_branch_labels.py
[2024-04-15T14:46:55.980+0000] {processor.py:830} INFO - Processing file /home/airflow/.local/lib/python3.12/site-packages/airflow/example_dags/example_branch_labels.py for tasks to queue
[2024-04-15T14:46:55.982+0000] {logging_mixin.py:188} INFO - [2024-04-15T14:46:55.982+0000] {dagbag.py:540} INFO - Filling up the DagBag from /home/airflow/.local/lib/python3.12/site-packages/airflow/example_dags/example_branch_labels.py
[2024-04-15T14:46:55.989+0000] {processor.py:840} INFO - DAG(s) 'example_branch_labels' retrieved from /home/airflow/.local/lib/python3.12/site-packages/airflow/example_dags/example_branch_labels.py
[2024-04-15T14:46:56.010+0000] {logging_mixin.py:188} INFO - [2024-04-15T14:46:56.010+0000] {dag.py:3096} INFO - Sync 1 DAGs
[2024-04-15T14:46:56.034+0000] {logging_mixin.py:188} INFO - [2024-04-15T14:46:56.034+0000] {dag.py:3954} INFO - Setting next_dagrun for example_branch_labels to 2024-04-14 00:00:00+00:00, run_after=2024-04-15 00:00:00+00:00
[2024-04-15T14:46:56.058+0000] {processor.py:183} INFO - Processing /home/airflow/.local/lib/python3.12/site-packages/airflow/example_dags/example_branch_labels.py took 0.084 seconds
[2024-04-15T14:47:26.472+0000] {processor.py:161} INFO - Started process (PID=362) to work on /home/airflow/.local/lib/python3.12/site-packages/airflow/example_dags/example_branch_labels.py
[2024-04-15T14:47:26.473+0000] {processor.py:830} INFO - Processing file /home/airflow/.local/lib/python3.12/site-packages/airflow/example_dags/example_branch_labels.py for tasks to queue
[2024-04-15T14:47:26.475+0000] {logging_mixin.py:188} INFO - [2024-04-15T14:47:26.475+0000] {dagbag.py:540} INFO - Filling up the DagBag from /home/airflow/.local/lib/python3.12/site-packages/airflow/example_dags/example_branch_labels.py
[2024-04-15T14:47:26.484+0000] {processor.py:840} INFO - DAG(s) 'example_branch_labels' retrieved from /home/airflow/.local/lib/python3.12/site-packages/airflow/example_dags/example_branch_labels.py
[2024-04-15T14:47:26.507+0000] {logging_mixin.py:188} INFO - [2024-04-15T14:47:26.506+0000] {dag.py:3096} INFO - Sync 1 DAGs
[2024-04-15T14:47:26.533+0000] {logging_mixin.py:188} INFO - [2024-04-15T14:47:26.533+0000] {dag.py:3954} INFO - Setting next_dagrun for example_branch_labels to 2024-04-14 00:00:00+00:00, run_after=2024-04-15 00:00:00+00:00
[2024-04-15T14:47:26.553+0000] {processor.py:183} INFO - Processing /home/airflow/.local/lib/python3.12/site-packages/airflow/example_dags/example_branch_labels.py took 0.087 seconds
[2024-04-15T14:47:56.668+0000] {processor.py:161} INFO - Started process (PID=420) to work on /home/airflow/.local/lib/python3.12/site-packages/airflow/example_dags/example_branch_labels.py
[2024-04-15T14:47:56.669+0000] {processor.py:830} INFO - Processing file /home/airflow/.local/lib/python3.12/site-packages/airflow/example_dags/example_branch_labels.py for tasks to queue
[2024-04-15T14:47:56.671+0000] {logging_mixin.py:188} INFO - [2024-04-15T14:47:56.671+0000] {dagbag.py:540} INFO - Filling up the DagBag from /home/airflow/.local/lib/python3.12/site-packages/airflow/example_dags/example_branch_labels.py
[2024-04-15T14:47:56.678+0000] {processor.py:840} INFO - DAG(s) 'example_branch_labels' retrieved from /home/airflow/.local/lib/python3.12/site-packages/airflow/example_dags/example_branch_labels.py
[2024-04-15T14:47:56.702+0000] {logging_mixin.py:188} INFO - [2024-04-15T14:47:56.701+0000] {dag.py:3096} INFO - Sync 1 DAGs
[2024-04-15T14:47:56.726+0000] {logging_mixin.py:188} INFO - [2024-04-15T14:47:56.725+0000] {dag.py:3954} INFO - Setting next_dagrun for example_branch_labels to 2024-04-14 00:00:00+00:00, run_after=2024-04-15 00:00:00+00:00
[2024-04-15T14:47:56.742+0000] {processor.py:183} INFO - Processing /home/airflow/.local/lib/python3.12/site-packages/airflow/example_dags/example_branch_labels.py took 0.080 seconds
[2024-04-15T14:48:26.944+0000] {processor.py:161} INFO - Started process (PID=478) to work on /home/airflow/.local/lib/python3.12/site-packages/airflow/example_dags/example_branch_labels.py
[2024-04-15T14:48:26.945+0000] {processor.py:830} INFO - Processing file /home/airflow/.local/lib/python3.12/site-packages/airflow/example_dags/example_branch_labels.py for tasks to queue
[2024-04-15T14:48:26.946+0000] {logging_mixin.py:188} INFO - [2024-04-15T14:48:26.946+0000] {dagbag.py:540} INFO - Filling up the DagBag from /home/airflow/.local/lib/python3.12/site-packages/airflow/example_dags/example_branch_labels.py
[2024-04-15T14:48:26.953+0000] {processor.py:840} INFO - DAG(s) 'example_branch_labels' retrieved from /home/airflow/.local/lib/python3.12/site-packages/airflow/example_dags/example_branch_labels.py
[2024-04-15T14:48:26.971+0000] {logging_mixin.py:188} INFO - [2024-04-15T14:48:26.971+0000] {dag.py:3096} INFO - Sync 1 DAGs
[2024-04-15T14:48:26.994+0000] {logging_mixin.py:188} INFO - [2024-04-15T14:48:26.993+0000] {dag.py:3954} INFO - Setting next_dagrun for example_branch_labels to 2024-04-14 00:00:00+00:00, run_after=2024-04-15 00:00:00+00:00
[2024-04-15T14:48:27.012+0000] {processor.py:183} INFO - Processing /home/airflow/.local/lib/python3.12/site-packages/airflow/example_dags/example_branch_labels.py took 0.073 seconds
[2024-04-15T14:48:57.610+0000] {processor.py:161} INFO - Started process (PID=536) to work on /home/airflow/.local/lib/python3.12/site-packages/airflow/example_dags/example_branch_labels.py
[2024-04-15T14:48:57.611+0000] {processor.py:830} INFO - Processing file /home/airflow/.local/lib/python3.12/site-packages/airflow/example_dags/example_branch_labels.py for tasks to queue
[2024-04-15T14:48:57.612+0000] {logging_mixin.py:188} INFO - [2024-04-15T14:48:57.612+0000] {dagbag.py:540} INFO - Filling up the DagBag from /home/airflow/.local/lib/python3.12/site-packages/airflow/example_dags/example_branch_labels.py
[2024-04-15T14:48:57.619+0000] {processor.py:840} INFO - DAG(s) 'example_branch_labels' retrieved from /home/airflow/.local/lib/python3.12/site-packages/airflow/example_dags/example_branch_labels.py
[2024-04-15T14:48:57.638+0000] {logging_mixin.py:188} INFO - [2024-04-15T14:48:57.638+0000] {dag.py:3096} INFO - Sync 1 DAGs
[2024-04-15T14:48:57.657+0000] {logging_mixin.py:188} INFO - [2024-04-15T14:48:57.657+0000] {dag.py:3954} INFO - Setting next_dagrun for example_branch_labels to 2024-04-14 00:00:00+00:00, run_after=2024-04-15 00:00:00+00:00
[2024-04-15T14:48:57.675+0000] {processor.py:183} INFO - Processing /home/airflow/.local/lib/python3.12/site-packages/airflow/example_dags/example_branch_labels.py took 0.070 seconds
[2024-04-15T14:49:28.070+0000] {processor.py:161} INFO - Started process (PID=594) to work on /home/airflow/.local/lib/python3.12/site-packages/airflow/example_dags/example_branch_labels.py
[2024-04-15T14:49:28.071+0000] {processor.py:830} INFO - Processing file /home/airflow/.local/lib/python3.12/site-packages/airflow/example_dags/example_branch_labels.py for tasks to queue
[2024-04-15T14:49:28.073+0000] {logging_mixin.py:188} INFO - [2024-04-15T14:49:28.073+0000] {dagbag.py:540} INFO - Filling up the DagBag from /home/airflow/.local/lib/python3.12/site-packages/airflow/example_dags/example_branch_labels.py
[2024-04-15T14:49:28.079+0000] {processor.py:840} INFO - DAG(s) 'example_branch_labels' retrieved from /home/airflow/.local/lib/python3.12/site-packages/airflow/example_dags/example_branch_labels.py
[2024-04-15T14:49:28.101+0000] {logging_mixin.py:188} INFO - [2024-04-15T14:49:28.101+0000] {dag.py:3096} INFO - Sync 1 DAGs
[2024-04-15T14:49:28.126+0000] {logging_mixin.py:188} INFO - [2024-04-15T14:49:28.125+0000] {dag.py:3954} INFO - Setting next_dagrun for example_branch_labels to 2024-04-14 00:00:00+00:00, run_after=2024-04-15 00:00:00+00:00
[2024-04-15T14:49:28.147+0000] {processor.py:183} INFO - Processing /home/airflow/.local/lib/python3.12/site-packages/airflow/example_dags/example_branch_labels.py took 0.081 seconds
[2024-04-15T14:49:58.445+0000] {processor.py:161} INFO - Started process (PID=652) to work on /home/airflow/.local/lib/python3.12/site-packages/airflow/example_dags/example_branch_labels.py
[2024-04-15T14:49:58.446+0000] {processor.py:830} INFO - Processing file /home/airflow/.local/lib/python3.12/site-packages/airflow/example_dags/example_branch_labels.py for tasks to queue
[2024-04-15T14:49:58.448+0000] {logging_mixin.py:188} INFO - [2024-04-15T14:49:58.448+0000] {dagbag.py:540} INFO - Filling up the DagBag from /home/airflow/.local/lib/python3.12/site-packages/airflow/example_dags/example_branch_labels.py
[2024-04-15T14:49:58.458+0000] {processor.py:840} INFO - DAG(s) 'example_branch_labels' retrieved from /home/airflow/.local/lib/python3.12/site-packages/airflow/example_dags/example_branch_labels.py
[2024-04-15T14:49:58.484+0000] {logging_mixin.py:188} INFO - [2024-04-15T14:49:58.483+0000] {dag.py:3096} INFO - Sync 1 DAGs
[2024-04-15T14:49:58.516+0000] {logging_mixin.py:188} INFO - [2024-04-15T14:49:58.516+0000] {dag.py:3954} INFO - Setting next_dagrun for example_branch_labels to 2024-04-14 00:00:00+00:00, run_after=2024-04-15 00:00:00+00:00
[2024-04-15T14:49:58.544+0000] {processor.py:183} INFO - Processing /home/airflow/.local/lib/python3.12/site-packages/airflow/example_dags/example_branch_labels.py took 0.106 seconds
[2024-04-15T14:50:28.892+0000] {processor.py:161} INFO - Started process (PID=710) to work on /home/airflow/.local/lib/python3.12/site-packages/airflow/example_dags/example_branch_labels.py
[2024-04-15T14:50:28.894+0000] {processor.py:830} INFO - Processing file /home/airflow/.local/lib/python3.12/site-packages/airflow/example_dags/example_branch_labels.py for tasks to queue
[2024-04-15T14:50:28.897+0000] {logging_mixin.py:188} INFO - [2024-04-15T14:50:28.896+0000] {dagbag.py:540} INFO - Filling up the DagBag from /home/airflow/.local/lib/python3.12/site-packages/airflow/example_dags/example_branch_labels.py
[2024-04-15T14:50:28.906+0000] {processor.py:840} INFO - DAG(s) 'example_branch_labels' retrieved from /home/airflow/.local/lib/python3.12/site-packages/airflow/example_dags/example_branch_labels.py
[2024-04-15T14:50:28.939+0000] {logging_mixin.py:188} INFO - [2024-04-15T14:50:28.938+0000] {dag.py:3096} INFO - Sync 1 DAGs
[2024-04-15T14:50:28.969+0000] {logging_mixin.py:188} INFO - [2024-04-15T14:50:28.969+0000] {dag.py:3954} INFO - Setting next_dagrun for example_branch_labels to 2024-04-14 00:00:00+00:00, run_after=2024-04-15 00:00:00+00:00
[2024-04-15T14:50:29.003+0000] {processor.py:183} INFO - Processing /home/airflow/.local/lib/python3.12/site-packages/airflow/example_dags/example_branch_labels.py took 0.119 seconds
[2024-04-15T14:50:59.104+0000] {processor.py:161} INFO - Started process (PID=768) to work on /home/airflow/.local/lib/python3.12/site-packages/airflow/example_dags/example_branch_labels.py
[2024-04-15T14:50:59.105+0000] {processor.py:830} INFO - Processing file /home/airflow/.local/lib/python3.12/site-packages/airflow/example_dags/example_branch_labels.py for tasks to queue
[2024-04-15T14:50:59.107+0000] {logging_mixin.py:188} INFO - [2024-04-15T14:50:59.107+0000] {dagbag.py:540} INFO - Filling up the DagBag from /home/airflow/.local/lib/python3.12/site-packages/airflow/example_dags/example_branch_labels.py
[2024-04-15T14:50:59.116+0000] {processor.py:840} INFO - DAG(s) 'example_branch_labels' retrieved from /home/airflow/.local/lib/python3.12/site-packages/airflow/example_dags/example_branch_labels.py
[2024-04-15T14:50:59.143+0000] {logging_mixin.py:188} INFO - [2024-04-15T14:50:59.143+0000] {dag.py:3096} INFO - Sync 1 DAGs
[2024-04-15T14:50:59.173+0000] {logging_mixin.py:188} INFO - [2024-04-15T14:50:59.173+0000] {dag.py:3954} INFO - Setting next_dagrun for example_branch_labels to 2024-04-14 00:00:00+00:00, run_after=2024-04-15 00:00:00+00:00
[2024-04-15T14:50:59.197+0000] {processor.py:183} INFO - Processing /home/airflow/.local/lib/python3.12/site-packages/airflow/example_dags/example_branch_labels.py took 0.098 seconds
[2024-04-15T14:51:29.749+0000] {processor.py:161} INFO - Started process (PID=826) to work on /home/airflow/.local/lib/python3.12/site-packages/airflow/example_dags/example_branch_labels.py
[2024-04-15T14:51:29.751+0000] {processor.py:830} INFO - Processing file /home/airflow/.local/lib/python3.12/site-packages/airflow/example_dags/example_branch_labels.py for tasks to queue
[2024-04-15T14:51:29.754+0000] {logging_mixin.py:188} INFO - [2024-04-15T14:51:29.754+0000] {dagbag.py:540} INFO - Filling up the DagBag from /home/airflow/.local/lib/python3.12/site-packages/airflow/example_dags/example_branch_labels.py
[2024-04-15T14:51:29.763+0000] {processor.py:840} INFO - DAG(s) 'example_branch_labels' retrieved from /home/airflow/.local/lib/python3.12/site-packages/airflow/example_dags/example_branch_labels.py
[2024-04-15T14:51:29.784+0000] {logging_mixin.py:188} INFO - [2024-04-15T14:51:29.783+0000] {dag.py:3096} INFO - Sync 1 DAGs
[2024-04-15T14:51:29.803+0000] {logging_mixin.py:188} INFO - [2024-04-15T14:51:29.803+0000] {dag.py:3954} INFO - Setting next_dagrun for example_branch_labels to 2024-04-14 00:00:00+00:00, run_after=2024-04-15 00:00:00+00:00
[2024-04-15T14:51:29.818+0000] {processor.py:183} INFO - Processing /home/airflow/.local/lib/python3.12/site-packages/airflow/example_dags/example_branch_labels.py took 0.074 seconds
[2024-04-15T14:52:00.393+0000] {processor.py:161} INFO - Started process (PID=884) to work on /home/airflow/.local/lib/python3.12/site-packages/airflow/example_dags/example_branch_labels.py
[2024-04-15T14:52:00.396+0000] {processor.py:830} INFO - Processing file /home/airflow/.local/lib/python3.12/site-packages/airflow/example_dags/example_branch_labels.py for tasks to queue
[2024-04-15T14:52:00.400+0000] {logging_mixin.py:188} INFO - [2024-04-15T14:52:00.399+0000] {dagbag.py:540} INFO - Filling up the DagBag from /home/airflow/.local/lib/python3.12/site-packages/airflow/example_dags/example_branch_labels.py
[2024-04-15T14:52:00.417+0000] {processor.py:840} INFO - DAG(s) 'example_branch_labels' retrieved from /home/airflow/.local/lib/python3.12/site-packages/airflow/example_dags/example_branch_labels.py
[2024-04-15T14:52:00.627+0000] {logging_mixin.py:188} INFO - [2024-04-15T14:52:00.625+0000] {dag.py:3096} INFO - Sync 1 DAGs
[2024-04-15T14:52:00.830+0000] {logging_mixin.py:188} INFO - [2024-04-15T14:52:00.829+0000] {dag.py:3954} INFO - Setting next_dagrun for example_branch_labels to 2024-04-14 00:00:00+00:00, run_after=2024-04-15 00:00:00+00:00
[2024-04-15T14:52:00.964+0000] {processor.py:183} INFO - Processing /home/airflow/.local/lib/python3.12/site-packages/airflow/example_dags/example_branch_labels.py took 0.597 seconds
[2024-04-15T14:52:31.282+0000] {processor.py:161} INFO - Started process (PID=943) to work on /home/airflow/.local/lib/python3.12/site-packages/airflow/example_dags/example_branch_labels.py
[2024-04-15T14:52:31.284+0000] {processor.py:830} INFO - Processing file /home/airflow/.local/lib/python3.12/site-packages/airflow/example_dags/example_branch_labels.py for tasks to queue
[2024-04-15T14:52:31.286+0000] {logging_mixin.py:188} INFO - [2024-04-15T14:52:31.286+0000] {dagbag.py:540} INFO - Filling up the DagBag from /home/airflow/.local/lib/python3.12/site-packages/airflow/example_dags/example_branch_labels.py
[2024-04-15T14:52:31.296+0000] {processor.py:840} INFO - DAG(s) 'example_branch_labels' retrieved from /home/airflow/.local/lib/python3.12/site-packages/airflow/example_dags/example_branch_labels.py
[2024-04-15T14:52:31.320+0000] {logging_mixin.py:188} INFO - [2024-04-15T14:52:31.319+0000] {dag.py:3096} INFO - Sync 1 DAGs
[2024-04-15T14:52:31.547+0000] {logging_mixin.py:188} INFO - [2024-04-15T14:52:31.547+0000] {dag.py:3954} INFO - Setting next_dagrun for example_branch_labels to 2024-04-14 00:00:00+00:00, run_after=2024-04-15 00:00:00+00:00
[2024-04-15T14:52:31.579+0000] {processor.py:183} INFO - Processing /home/airflow/.local/lib/python3.12/site-packages/airflow/example_dags/example_branch_labels.py took 0.304 seconds
[2024-04-15T14:53:02.179+0000] {processor.py:161} INFO - Started process (PID=1001) to work on /home/airflow/.local/lib/python3.12/site-packages/airflow/example_dags/example_branch_labels.py
[2024-04-15T14:53:02.181+0000] {processor.py:830} INFO - Processing file /home/airflow/.local/lib/python3.12/site-packages/airflow/example_dags/example_branch_labels.py for tasks to queue
[2024-04-15T14:53:02.184+0000] {logging_mixin.py:188} INFO - [2024-04-15T14:53:02.183+0000] {dagbag.py:540} INFO - Filling up the DagBag from /home/airflow/.local/lib/python3.12/site-packages/airflow/example_dags/example_branch_labels.py
[2024-04-15T14:53:02.196+0000] {processor.py:840} INFO - DAG(s) 'example_branch_labels' retrieved from /home/airflow/.local/lib/python3.12/site-packages/airflow/example_dags/example_branch_labels.py
[2024-04-15T14:53:02.227+0000] {logging_mixin.py:188} INFO - [2024-04-15T14:53:02.227+0000] {dag.py:3096} INFO - Sync 1 DAGs
[2024-04-15T14:53:02.260+0000] {logging_mixin.py:188} INFO - [2024-04-15T14:53:02.260+0000] {dag.py:3954} INFO - Setting next_dagrun for example_branch_labels to 2024-04-14 00:00:00+00:00, run_after=2024-04-15 00:00:00+00:00
[2024-04-15T14:53:02.283+0000] {processor.py:183} INFO - Processing /home/airflow/.local/lib/python3.12/site-packages/airflow/example_dags/example_branch_labels.py took 0.111 seconds
[2024-04-15T14:53:32.358+0000] {processor.py:161} INFO - Started process (PID=1058) to work on /home/airflow/.local/lib/python3.12/site-packages/airflow/example_dags/example_branch_labels.py
[2024-04-15T14:53:32.359+0000] {processor.py:830} INFO - Processing file /home/airflow/.local/lib/python3.12/site-packages/airflow/example_dags/example_branch_labels.py for tasks to queue
[2024-04-15T14:53:32.363+0000] {logging_mixin.py:188} INFO - [2024-04-15T14:53:32.362+0000] {dagbag.py:540} INFO - Filling up the DagBag from /home/airflow/.local/lib/python3.12/site-packages/airflow/example_dags/example_branch_labels.py
[2024-04-15T14:53:32.371+0000] {processor.py:840} INFO - DAG(s) 'example_branch_labels' retrieved from /home/airflow/.local/lib/python3.12/site-packages/airflow/example_dags/example_branch_labels.py
[2024-04-15T14:53:32.431+0000] {logging_mixin.py:188} INFO - [2024-04-15T14:53:32.430+0000] {dag.py:3096} INFO - Sync 1 DAGs
[2024-04-15T14:53:32.480+0000] {logging_mixin.py:188} INFO - [2024-04-15T14:53:32.480+0000] {dag.py:3954} INFO - Setting next_dagrun for example_branch_labels to 2024-04-14 00:00:00+00:00, run_after=2024-04-15 00:00:00+00:00
[2024-04-15T14:53:32.522+0000] {processor.py:183} INFO - Processing /home/airflow/.local/lib/python3.12/site-packages/airflow/example_dags/example_branch_labels.py took 0.172 seconds
[2024-04-15T14:54:02.674+0000] {processor.py:161} INFO - Started process (PID=1116) to work on /home/airflow/.local/lib/python3.12/site-packages/airflow/example_dags/example_branch_labels.py
[2024-04-15T14:54:02.676+0000] {processor.py:830} INFO - Processing file /home/airflow/.local/lib/python3.12/site-packages/airflow/example_dags/example_branch_labels.py for tasks to queue
[2024-04-15T14:54:02.678+0000] {logging_mixin.py:188} INFO - [2024-04-15T14:54:02.678+0000] {dagbag.py:540} INFO - Filling up the DagBag from /home/airflow/.local/lib/python3.12/site-packages/airflow/example_dags/example_branch_labels.py
[2024-04-15T14:54:02.686+0000] {processor.py:840} INFO - DAG(s) 'example_branch_labels' retrieved from /home/airflow/.local/lib/python3.12/site-packages/airflow/example_dags/example_branch_labels.py
[2024-04-15T14:54:02.711+0000] {logging_mixin.py:188} INFO - [2024-04-15T14:54:02.711+0000] {dag.py:3096} INFO - Sync 1 DAGs
[2024-04-15T14:54:02.736+0000] {logging_mixin.py:188} INFO - [2024-04-15T14:54:02.735+0000] {dag.py:3954} INFO - Setting next_dagrun for example_branch_labels to 2024-04-14 00:00:00+00:00, run_after=2024-04-15 00:00:00+00:00
[2024-04-15T14:54:02.758+0000] {processor.py:183} INFO - Processing /home/airflow/.local/lib/python3.12/site-packages/airflow/example_dags/example_branch_labels.py took 0.089 seconds
[2024-04-15T14:54:32.970+0000] {processor.py:161} INFO - Started process (PID=1174) to work on /home/airflow/.local/lib/python3.12/site-packages/airflow/example_dags/example_branch_labels.py
[2024-04-15T14:54:32.972+0000] {processor.py:830} INFO - Processing file /home/airflow/.local/lib/python3.12/site-packages/airflow/example_dags/example_branch_labels.py for tasks to queue
[2024-04-15T14:54:32.976+0000] {logging_mixin.py:188} INFO - [2024-04-15T14:54:32.974+0000] {dagbag.py:540} INFO - Filling up the DagBag from /home/airflow/.local/lib/python3.12/site-packages/airflow/example_dags/example_branch_labels.py
[2024-04-15T14:54:32.997+0000] {processor.py:840} INFO - DAG(s) 'example_branch_labels' retrieved from /home/airflow/.local/lib/python3.12/site-packages/airflow/example_dags/example_branch_labels.py
[2024-04-15T14:54:33.029+0000] {logging_mixin.py:188} INFO - [2024-04-15T14:54:33.029+0000] {dag.py:3096} INFO - Sync 1 DAGs
[2024-04-15T14:54:33.082+0000] {logging_mixin.py:188} INFO - [2024-04-15T14:54:33.082+0000] {dag.py:3954} INFO - Setting next_dagrun for example_branch_labels to 2024-04-14 00:00:00+00:00, run_after=2024-04-15 00:00:00+00:00
[2024-04-15T14:54:33.115+0000] {processor.py:183} INFO - Processing /home/airflow/.local/lib/python3.12/site-packages/airflow/example_dags/example_branch_labels.py took 0.160 seconds
[2024-04-15T14:56:03.408+0000] {processor.py:161} INFO - Started process (PID=60) to work on /home/airflow/.local/lib/python3.12/site-packages/airflow/example_dags/example_branch_labels.py
[2024-04-15T14:56:03.410+0000] {processor.py:830} INFO - Processing file /home/airflow/.local/lib/python3.12/site-packages/airflow/example_dags/example_branch_labels.py for tasks to queue
[2024-04-15T14:56:03.412+0000] {logging_mixin.py:188} INFO - [2024-04-15T14:56:03.412+0000] {dagbag.py:540} INFO - Filling up the DagBag from /home/airflow/.local/lib/python3.12/site-packages/airflow/example_dags/example_branch_labels.py
[2024-04-15T14:56:03.422+0000] {processor.py:840} INFO - DAG(s) 'example_branch_labels' retrieved from /home/airflow/.local/lib/python3.12/site-packages/airflow/example_dags/example_branch_labels.py
[2024-04-15T14:56:03.546+0000] {logging_mixin.py:188} INFO - [2024-04-15T14:56:03.546+0000] {dag.py:3096} INFO - Sync 1 DAGs
[2024-04-15T14:56:03.580+0000] {logging_mixin.py:188} INFO - [2024-04-15T14:56:03.579+0000] {dag.py:3954} INFO - Setting next_dagrun for example_branch_labels to 2024-04-14 00:00:00+00:00, run_after=2024-04-15 00:00:00+00:00
[2024-04-15T14:56:03.603+0000] {processor.py:183} INFO - Processing /home/airflow/.local/lib/python3.12/site-packages/airflow/example_dags/example_branch_labels.py took 0.200 seconds
[2024-04-15T14:56:34.351+0000] {processor.py:161} INFO - Started process (PID=120) to work on /home/airflow/.local/lib/python3.12/site-packages/airflow/example_dags/example_branch_labels.py
[2024-04-15T14:56:34.353+0000] {processor.py:830} INFO - Processing file /home/airflow/.local/lib/python3.12/site-packages/airflow/example_dags/example_branch_labels.py for tasks to queue
[2024-04-15T14:56:34.358+0000] {logging_mixin.py:188} INFO - [2024-04-15T14:56:34.357+0000] {dagbag.py:540} INFO - Filling up the DagBag from /home/airflow/.local/lib/python3.12/site-packages/airflow/example_dags/example_branch_labels.py
[2024-04-15T14:56:34.368+0000] {processor.py:840} INFO - DAG(s) 'example_branch_labels' retrieved from /home/airflow/.local/lib/python3.12/site-packages/airflow/example_dags/example_branch_labels.py
[2024-04-15T14:56:34.403+0000] {logging_mixin.py:188} INFO - [2024-04-15T14:56:34.403+0000] {dag.py:3096} INFO - Sync 1 DAGs
[2024-04-15T14:56:34.441+0000] {logging_mixin.py:188} INFO - [2024-04-15T14:56:34.440+0000] {dag.py:3954} INFO - Setting next_dagrun for example_branch_labels to 2024-04-14 00:00:00+00:00, run_after=2024-04-15 00:00:00+00:00
[2024-04-15T14:56:34.472+0000] {processor.py:183} INFO - Processing /home/airflow/.local/lib/python3.12/site-packages/airflow/example_dags/example_branch_labels.py took 0.128 seconds
[2024-04-15T14:57:04.644+0000] {processor.py:161} INFO - Started process (PID=180) to work on /home/airflow/.local/lib/python3.12/site-packages/airflow/example_dags/example_branch_labels.py
[2024-04-15T14:57:04.646+0000] {processor.py:830} INFO - Processing file /home/airflow/.local/lib/python3.12/site-packages/airflow/example_dags/example_branch_labels.py for tasks to queue
[2024-04-15T14:57:04.648+0000] {logging_mixin.py:188} INFO - [2024-04-15T14:57:04.647+0000] {dagbag.py:540} INFO - Filling up the DagBag from /home/airflow/.local/lib/python3.12/site-packages/airflow/example_dags/example_branch_labels.py
[2024-04-15T14:57:04.657+0000] {processor.py:840} INFO - DAG(s) 'example_branch_labels' retrieved from /home/airflow/.local/lib/python3.12/site-packages/airflow/example_dags/example_branch_labels.py
[2024-04-15T14:57:04.677+0000] {logging_mixin.py:188} INFO - [2024-04-15T14:57:04.677+0000] {dag.py:3096} INFO - Sync 1 DAGs
[2024-04-15T14:57:04.697+0000] {logging_mixin.py:188} INFO - [2024-04-15T14:57:04.697+0000] {dag.py:3954} INFO - Setting next_dagrun for example_branch_labels to 2024-04-14 00:00:00+00:00, run_after=2024-04-15 00:00:00+00:00
[2024-04-15T14:57:04.712+0000] {processor.py:183} INFO - Processing /home/airflow/.local/lib/python3.12/site-packages/airflow/example_dags/example_branch_labels.py took 0.072 seconds
[2024-04-15T14:57:35.204+0000] {processor.py:161} INFO - Started process (PID=240) to work on /home/airflow/.local/lib/python3.12/site-packages/airflow/example_dags/example_branch_labels.py
[2024-04-15T14:57:35.205+0000] {processor.py:830} INFO - Processing file /home/airflow/.local/lib/python3.12/site-packages/airflow/example_dags/example_branch_labels.py for tasks to queue
[2024-04-15T14:57:35.207+0000] {logging_mixin.py:188} INFO - [2024-04-15T14:57:35.207+0000] {dagbag.py:540} INFO - Filling up the DagBag from /home/airflow/.local/lib/python3.12/site-packages/airflow/example_dags/example_branch_labels.py
[2024-04-15T14:57:35.214+0000] {processor.py:840} INFO - DAG(s) 'example_branch_labels' retrieved from /home/airflow/.local/lib/python3.12/site-packages/airflow/example_dags/example_branch_labels.py
[2024-04-15T14:57:35.237+0000] {logging_mixin.py:188} INFO - [2024-04-15T14:57:35.237+0000] {dag.py:3096} INFO - Sync 1 DAGs
[2024-04-15T14:57:35.261+0000] {logging_mixin.py:188} INFO - [2024-04-15T14:57:35.261+0000] {dag.py:3954} INFO - Setting next_dagrun for example_branch_labels to 2024-04-14 00:00:00+00:00, run_after=2024-04-15 00:00:00+00:00
[2024-04-15T14:57:35.279+0000] {processor.py:183} INFO - Processing /home/airflow/.local/lib/python3.12/site-packages/airflow/example_dags/example_branch_labels.py took 0.081 seconds
[2024-04-15T14:58:06.296+0000] {processor.py:161} INFO - Started process (PID=300) to work on /home/airflow/.local/lib/python3.12/site-packages/airflow/example_dags/example_branch_labels.py
[2024-04-15T14:58:06.298+0000] {processor.py:830} INFO - Processing file /home/airflow/.local/lib/python3.12/site-packages/airflow/example_dags/example_branch_labels.py for tasks to queue
[2024-04-15T14:58:06.301+0000] {logging_mixin.py:188} INFO - [2024-04-15T14:58:06.301+0000] {dagbag.py:540} INFO - Filling up the DagBag from /home/airflow/.local/lib/python3.12/site-packages/airflow/example_dags/example_branch_labels.py
[2024-04-15T14:58:06.310+0000] {processor.py:840} INFO - DAG(s) 'example_branch_labels' retrieved from /home/airflow/.local/lib/python3.12/site-packages/airflow/example_dags/example_branch_labels.py
[2024-04-15T14:58:06.336+0000] {logging_mixin.py:188} INFO - [2024-04-15T14:58:06.336+0000] {dag.py:3096} INFO - Sync 1 DAGs
[2024-04-15T14:58:06.358+0000] {logging_mixin.py:188} INFO - [2024-04-15T14:58:06.357+0000] {dag.py:3954} INFO - Setting next_dagrun for example_branch_labels to 2024-04-14 00:00:00+00:00, run_after=2024-04-15 00:00:00+00:00
[2024-04-15T14:58:06.375+0000] {processor.py:183} INFO - Processing /home/airflow/.local/lib/python3.12/site-packages/airflow/example_dags/example_branch_labels.py took 0.086 seconds
[2024-04-15T14:58:37.165+0000] {processor.py:161} INFO - Started process (PID=360) to work on /home/airflow/.local/lib/python3.12/site-packages/airflow/example_dags/example_branch_labels.py
[2024-04-15T14:58:37.167+0000] {processor.py:830} INFO - Processing file /home/airflow/.local/lib/python3.12/site-packages/airflow/example_dags/example_branch_labels.py for tasks to queue
[2024-04-15T14:58:37.171+0000] {logging_mixin.py:188} INFO - [2024-04-15T14:58:37.170+0000] {dagbag.py:540} INFO - Filling up the DagBag from /home/airflow/.local/lib/python3.12/site-packages/airflow/example_dags/example_branch_labels.py
[2024-04-15T14:58:37.178+0000] {processor.py:840} INFO - DAG(s) 'example_branch_labels' retrieved from /home/airflow/.local/lib/python3.12/site-packages/airflow/example_dags/example_branch_labels.py
[2024-04-15T14:58:37.214+0000] {logging_mixin.py:188} INFO - [2024-04-15T14:58:37.214+0000] {dag.py:3096} INFO - Sync 1 DAGs
[2024-04-15T14:58:37.244+0000] {logging_mixin.py:188} INFO - [2024-04-15T14:58:37.244+0000] {dag.py:3954} INFO - Setting next_dagrun for example_branch_labels to 2024-04-14 00:00:00+00:00, run_after=2024-04-15 00:00:00+00:00
[2024-04-15T14:58:37.273+0000] {processor.py:183} INFO - Processing /home/airflow/.local/lib/python3.12/site-packages/airflow/example_dags/example_branch_labels.py took 0.113 seconds
[2024-04-15T14:59:07.366+0000] {processor.py:161} INFO - Started process (PID=420) to work on /home/airflow/.local/lib/python3.12/site-packages/airflow/example_dags/example_branch_labels.py
[2024-04-15T14:59:07.367+0000] {processor.py:830} INFO - Processing file /home/airflow/.local/lib/python3.12/site-packages/airflow/example_dags/example_branch_labels.py for tasks to queue
[2024-04-15T14:59:07.370+0000] {logging_mixin.py:188} INFO - [2024-04-15T14:59:07.370+0000] {dagbag.py:540} INFO - Filling up the DagBag from /home/airflow/.local/lib/python3.12/site-packages/airflow/example_dags/example_branch_labels.py
[2024-04-15T14:59:07.378+0000] {processor.py:840} INFO - DAG(s) 'example_branch_labels' retrieved from /home/airflow/.local/lib/python3.12/site-packages/airflow/example_dags/example_branch_labels.py
[2024-04-15T14:59:07.407+0000] {logging_mixin.py:188} INFO - [2024-04-15T14:59:07.407+0000] {dag.py:3096} INFO - Sync 1 DAGs
[2024-04-15T14:59:07.433+0000] {logging_mixin.py:188} INFO - [2024-04-15T14:59:07.433+0000] {dag.py:3954} INFO - Setting next_dagrun for example_branch_labels to 2024-04-14 00:00:00+00:00, run_after=2024-04-15 00:00:00+00:00
[2024-04-15T14:59:07.454+0000] {processor.py:183} INFO - Processing /home/airflow/.local/lib/python3.12/site-packages/airflow/example_dags/example_branch_labels.py took 0.095 seconds
[2024-04-15T14:59:38.302+0000] {processor.py:161} INFO - Started process (PID=480) to work on /home/airflow/.local/lib/python3.12/site-packages/airflow/example_dags/example_branch_labels.py
[2024-04-15T14:59:38.303+0000] {processor.py:830} INFO - Processing file /home/airflow/.local/lib/python3.12/site-packages/airflow/example_dags/example_branch_labels.py for tasks to queue
[2024-04-15T14:59:38.305+0000] {logging_mixin.py:188} INFO - [2024-04-15T14:59:38.304+0000] {dagbag.py:540} INFO - Filling up the DagBag from /home/airflow/.local/lib/python3.12/site-packages/airflow/example_dags/example_branch_labels.py
[2024-04-15T14:59:38.312+0000] {processor.py:840} INFO - DAG(s) 'example_branch_labels' retrieved from /home/airflow/.local/lib/python3.12/site-packages/airflow/example_dags/example_branch_labels.py
[2024-04-15T14:59:38.331+0000] {logging_mixin.py:188} INFO - [2024-04-15T14:59:38.331+0000] {dag.py:3096} INFO - Sync 1 DAGs
[2024-04-15T14:59:38.353+0000] {logging_mixin.py:188} INFO - [2024-04-15T14:59:38.353+0000] {dag.py:3954} INFO - Setting next_dagrun for example_branch_labels to 2024-04-14 00:00:00+00:00, run_after=2024-04-15 00:00:00+00:00
[2024-04-15T14:59:38.371+0000] {processor.py:183} INFO - Processing /home/airflow/.local/lib/python3.12/site-packages/airflow/example_dags/example_branch_labels.py took 0.073 seconds
[2024-04-15T15:00:08.624+0000] {processor.py:161} INFO - Started process (PID=540) to work on /home/airflow/.local/lib/python3.12/site-packages/airflow/example_dags/example_branch_labels.py
[2024-04-15T15:00:08.625+0000] {processor.py:830} INFO - Processing file /home/airflow/.local/lib/python3.12/site-packages/airflow/example_dags/example_branch_labels.py for tasks to queue
[2024-04-15T15:00:08.627+0000] {logging_mixin.py:188} INFO - [2024-04-15T15:00:08.627+0000] {dagbag.py:540} INFO - Filling up the DagBag from /home/airflow/.local/lib/python3.12/site-packages/airflow/example_dags/example_branch_labels.py
[2024-04-15T15:00:08.633+0000] {processor.py:840} INFO - DAG(s) 'example_branch_labels' retrieved from /home/airflow/.local/lib/python3.12/site-packages/airflow/example_dags/example_branch_labels.py
[2024-04-15T15:00:08.659+0000] {logging_mixin.py:188} INFO - [2024-04-15T15:00:08.659+0000] {dag.py:3096} INFO - Sync 1 DAGs
[2024-04-15T15:00:08.680+0000] {logging_mixin.py:188} INFO - [2024-04-15T15:00:08.680+0000] {dag.py:3954} INFO - Setting next_dagrun for example_branch_labels to 2024-04-14 00:00:00+00:00, run_after=2024-04-15 00:00:00+00:00
[2024-04-15T15:00:08.710+0000] {processor.py:183} INFO - Processing /home/airflow/.local/lib/python3.12/site-packages/airflow/example_dags/example_branch_labels.py took 0.092 seconds
[2024-04-15T15:00:39.083+0000] {processor.py:161} INFO - Started process (PID=606) to work on /home/airflow/.local/lib/python3.12/site-packages/airflow/example_dags/example_branch_labels.py
[2024-04-15T15:00:39.086+0000] {processor.py:830} INFO - Processing file /home/airflow/.local/lib/python3.12/site-packages/airflow/example_dags/example_branch_labels.py for tasks to queue
[2024-04-15T15:00:39.089+0000] {logging_mixin.py:188} INFO - [2024-04-15T15:00:39.088+0000] {dagbag.py:540} INFO - Filling up the DagBag from /home/airflow/.local/lib/python3.12/site-packages/airflow/example_dags/example_branch_labels.py
[2024-04-15T15:00:39.098+0000] {processor.py:840} INFO - DAG(s) 'example_branch_labels' retrieved from /home/airflow/.local/lib/python3.12/site-packages/airflow/example_dags/example_branch_labels.py
[2024-04-15T15:00:39.121+0000] {logging_mixin.py:188} INFO - [2024-04-15T15:00:39.120+0000] {dag.py:3096} INFO - Sync 1 DAGs
[2024-04-15T15:00:39.140+0000] {logging_mixin.py:188} INFO - [2024-04-15T15:00:39.140+0000] {dag.py:3954} INFO - Setting next_dagrun for example_branch_labels to 2024-04-14 00:00:00+00:00, run_after=2024-04-15 00:00:00+00:00
[2024-04-15T15:00:39.161+0000] {processor.py:183} INFO - Processing /home/airflow/.local/lib/python3.12/site-packages/airflow/example_dags/example_branch_labels.py took 0.083 seconds
[2024-04-15T15:01:09.734+0000] {processor.py:161} INFO - Started process (PID=666) to work on /home/airflow/.local/lib/python3.12/site-packages/airflow/example_dags/example_branch_labels.py
[2024-04-15T15:01:09.736+0000] {processor.py:830} INFO - Processing file /home/airflow/.local/lib/python3.12/site-packages/airflow/example_dags/example_branch_labels.py for tasks to queue
[2024-04-15T15:01:09.737+0000] {logging_mixin.py:188} INFO - [2024-04-15T15:01:09.737+0000] {dagbag.py:540} INFO - Filling up the DagBag from /home/airflow/.local/lib/python3.12/site-packages/airflow/example_dags/example_branch_labels.py
[2024-04-15T15:01:09.744+0000] {processor.py:840} INFO - DAG(s) 'example_branch_labels' retrieved from /home/airflow/.local/lib/python3.12/site-packages/airflow/example_dags/example_branch_labels.py
[2024-04-15T15:01:09.763+0000] {logging_mixin.py:188} INFO - [2024-04-15T15:01:09.762+0000] {dag.py:3096} INFO - Sync 1 DAGs
[2024-04-15T15:01:09.781+0000] {logging_mixin.py:188} INFO - [2024-04-15T15:01:09.781+0000] {dag.py:3954} INFO - Setting next_dagrun for example_branch_labels to 2024-04-14 00:00:00+00:00, run_after=2024-04-15 00:00:00+00:00
[2024-04-15T15:01:09.797+0000] {processor.py:183} INFO - Processing /home/airflow/.local/lib/python3.12/site-packages/airflow/example_dags/example_branch_labels.py took 0.068 seconds
[2024-04-15T15:01:39.903+0000] {processor.py:161} INFO - Started process (PID=726) to work on /home/airflow/.local/lib/python3.12/site-packages/airflow/example_dags/example_branch_labels.py
[2024-04-15T15:01:39.904+0000] {processor.py:830} INFO - Processing file /home/airflow/.local/lib/python3.12/site-packages/airflow/example_dags/example_branch_labels.py for tasks to queue
[2024-04-15T15:01:39.908+0000] {logging_mixin.py:188} INFO - [2024-04-15T15:01:39.907+0000] {dagbag.py:540} INFO - Filling up the DagBag from /home/airflow/.local/lib/python3.12/site-packages/airflow/example_dags/example_branch_labels.py
[2024-04-15T15:01:39.919+0000] {processor.py:840} INFO - DAG(s) 'example_branch_labels' retrieved from /home/airflow/.local/lib/python3.12/site-packages/airflow/example_dags/example_branch_labels.py
[2024-04-15T15:01:39.944+0000] {logging_mixin.py:188} INFO - [2024-04-15T15:01:39.943+0000] {dag.py:3096} INFO - Sync 1 DAGs
[2024-04-15T15:01:39.969+0000] {logging_mixin.py:188} INFO - [2024-04-15T15:01:39.968+0000] {dag.py:3954} INFO - Setting next_dagrun for example_branch_labels to 2024-04-14 00:00:00+00:00, run_after=2024-04-15 00:00:00+00:00
[2024-04-15T15:01:39.995+0000] {processor.py:183} INFO - Processing /home/airflow/.local/lib/python3.12/site-packages/airflow/example_dags/example_branch_labels.py took 0.099 seconds
[2024-04-15T15:02:10.249+0000] {processor.py:161} INFO - Started process (PID=786) to work on /home/airflow/.local/lib/python3.12/site-packages/airflow/example_dags/example_branch_labels.py
[2024-04-15T15:02:10.251+0000] {processor.py:830} INFO - Processing file /home/airflow/.local/lib/python3.12/site-packages/airflow/example_dags/example_branch_labels.py for tasks to queue
[2024-04-15T15:02:10.255+0000] {logging_mixin.py:188} INFO - [2024-04-15T15:02:10.254+0000] {dagbag.py:540} INFO - Filling up the DagBag from /home/airflow/.local/lib/python3.12/site-packages/airflow/example_dags/example_branch_labels.py
[2024-04-15T15:02:10.269+0000] {processor.py:840} INFO - DAG(s) 'example_branch_labels' retrieved from /home/airflow/.local/lib/python3.12/site-packages/airflow/example_dags/example_branch_labels.py
[2024-04-15T15:02:10.315+0000] {logging_mixin.py:188} INFO - [2024-04-15T15:02:10.315+0000] {dag.py:3096} INFO - Sync 1 DAGs
[2024-04-15T15:02:10.342+0000] {logging_mixin.py:188} INFO - [2024-04-15T15:02:10.342+0000] {dag.py:3954} INFO - Setting next_dagrun for example_branch_labels to 2024-04-14 00:00:00+00:00, run_after=2024-04-15 00:00:00+00:00
[2024-04-15T15:02:10.372+0000] {processor.py:183} INFO - Processing /home/airflow/.local/lib/python3.12/site-packages/airflow/example_dags/example_branch_labels.py took 0.132 seconds
[2024-04-15T15:02:40.500+0000] {processor.py:161} INFO - Started process (PID=846) to work on /home/airflow/.local/lib/python3.12/site-packages/airflow/example_dags/example_branch_labels.py
[2024-04-15T15:02:40.501+0000] {processor.py:830} INFO - Processing file /home/airflow/.local/lib/python3.12/site-packages/airflow/example_dags/example_branch_labels.py for tasks to queue
[2024-04-15T15:02:40.503+0000] {logging_mixin.py:188} INFO - [2024-04-15T15:02:40.503+0000] {dagbag.py:540} INFO - Filling up the DagBag from /home/airflow/.local/lib/python3.12/site-packages/airflow/example_dags/example_branch_labels.py
[2024-04-15T15:02:40.511+0000] {processor.py:840} INFO - DAG(s) 'example_branch_labels' retrieved from /home/airflow/.local/lib/python3.12/site-packages/airflow/example_dags/example_branch_labels.py
[2024-04-15T15:02:40.531+0000] {logging_mixin.py:188} INFO - [2024-04-15T15:02:40.530+0000] {dag.py:3096} INFO - Sync 1 DAGs
[2024-04-15T15:02:40.550+0000] {logging_mixin.py:188} INFO - [2024-04-15T15:02:40.550+0000] {dag.py:3954} INFO - Setting next_dagrun for example_branch_labels to 2024-04-14 00:00:00+00:00, run_after=2024-04-15 00:00:00+00:00
[2024-04-15T15:02:40.568+0000] {processor.py:183} INFO - Processing /home/airflow/.local/lib/python3.12/site-packages/airflow/example_dags/example_branch_labels.py took 0.072 seconds
[2024-04-15T15:03:10.655+0000] {processor.py:161} INFO - Started process (PID=906) to work on /home/airflow/.local/lib/python3.12/site-packages/airflow/example_dags/example_branch_labels.py
[2024-04-15T15:03:10.656+0000] {processor.py:830} INFO - Processing file /home/airflow/.local/lib/python3.12/site-packages/airflow/example_dags/example_branch_labels.py for tasks to queue
[2024-04-15T15:03:10.658+0000] {logging_mixin.py:188} INFO - [2024-04-15T15:03:10.658+0000] {dagbag.py:540} INFO - Filling up the DagBag from /home/airflow/.local/lib/python3.12/site-packages/airflow/example_dags/example_branch_labels.py
[2024-04-15T15:03:10.664+0000] {processor.py:840} INFO - DAG(s) 'example_branch_labels' retrieved from /home/airflow/.local/lib/python3.12/site-packages/airflow/example_dags/example_branch_labels.py
[2024-04-15T15:03:10.684+0000] {logging_mixin.py:188} INFO - [2024-04-15T15:03:10.684+0000] {dag.py:3096} INFO - Sync 1 DAGs
[2024-04-15T15:03:10.707+0000] {logging_mixin.py:188} INFO - [2024-04-15T15:03:10.707+0000] {dag.py:3954} INFO - Setting next_dagrun for example_branch_labels to 2024-04-14 00:00:00+00:00, run_after=2024-04-15 00:00:00+00:00
[2024-04-15T15:03:10.732+0000] {processor.py:183} INFO - Processing /home/airflow/.local/lib/python3.12/site-packages/airflow/example_dags/example_branch_labels.py took 0.083 seconds
[2024-04-15T15:03:40.868+0000] {processor.py:161} INFO - Started process (PID=966) to work on /home/airflow/.local/lib/python3.12/site-packages/airflow/example_dags/example_branch_labels.py
[2024-04-15T15:03:40.869+0000] {processor.py:830} INFO - Processing file /home/airflow/.local/lib/python3.12/site-packages/airflow/example_dags/example_branch_labels.py for tasks to queue
[2024-04-15T15:03:40.871+0000] {logging_mixin.py:188} INFO - [2024-04-15T15:03:40.871+0000] {dagbag.py:540} INFO - Filling up the DagBag from /home/airflow/.local/lib/python3.12/site-packages/airflow/example_dags/example_branch_labels.py
[2024-04-15T15:03:40.877+0000] {processor.py:840} INFO - DAG(s) 'example_branch_labels' retrieved from /home/airflow/.local/lib/python3.12/site-packages/airflow/example_dags/example_branch_labels.py
[2024-04-15T15:03:40.897+0000] {logging_mixin.py:188} INFO - [2024-04-15T15:03:40.896+0000] {dag.py:3096} INFO - Sync 1 DAGs
[2024-04-15T15:03:40.914+0000] {logging_mixin.py:188} INFO - [2024-04-15T15:03:40.914+0000] {dag.py:3954} INFO - Setting next_dagrun for example_branch_labels to 2024-04-14 00:00:00+00:00, run_after=2024-04-15 00:00:00+00:00
[2024-04-15T15:03:40.933+0000] {processor.py:183} INFO - Processing /home/airflow/.local/lib/python3.12/site-packages/airflow/example_dags/example_branch_labels.py took 0.069 seconds
[2024-04-15T15:04:11.546+0000] {processor.py:161} INFO - Started process (PID=1026) to work on /home/airflow/.local/lib/python3.12/site-packages/airflow/example_dags/example_branch_labels.py
[2024-04-15T15:04:11.547+0000] {processor.py:830} INFO - Processing file /home/airflow/.local/lib/python3.12/site-packages/airflow/example_dags/example_branch_labels.py for tasks to queue
[2024-04-15T15:04:11.548+0000] {logging_mixin.py:188} INFO - [2024-04-15T15:04:11.548+0000] {dagbag.py:540} INFO - Filling up the DagBag from /home/airflow/.local/lib/python3.12/site-packages/airflow/example_dags/example_branch_labels.py
[2024-04-15T15:04:11.557+0000] {processor.py:840} INFO - DAG(s) 'example_branch_labels' retrieved from /home/airflow/.local/lib/python3.12/site-packages/airflow/example_dags/example_branch_labels.py
[2024-04-15T15:04:11.576+0000] {logging_mixin.py:188} INFO - [2024-04-15T15:04:11.576+0000] {dag.py:3096} INFO - Sync 1 DAGs
[2024-04-15T15:04:11.596+0000] {logging_mixin.py:188} INFO - [2024-04-15T15:04:11.595+0000] {dag.py:3954} INFO - Setting next_dagrun for example_branch_labels to 2024-04-14 00:00:00+00:00, run_after=2024-04-15 00:00:00+00:00
[2024-04-15T15:04:11.612+0000] {processor.py:183} INFO - Processing /home/airflow/.local/lib/python3.12/site-packages/airflow/example_dags/example_branch_labels.py took 0.070 seconds
[2024-04-15T15:04:41.958+0000] {processor.py:161} INFO - Started process (PID=1086) to work on /home/airflow/.local/lib/python3.12/site-packages/airflow/example_dags/example_branch_labels.py
[2024-04-15T15:04:41.961+0000] {processor.py:830} INFO - Processing file /home/airflow/.local/lib/python3.12/site-packages/airflow/example_dags/example_branch_labels.py for tasks to queue
[2024-04-15T15:04:41.964+0000] {logging_mixin.py:188} INFO - [2024-04-15T15:04:41.964+0000] {dagbag.py:540} INFO - Filling up the DagBag from /home/airflow/.local/lib/python3.12/site-packages/airflow/example_dags/example_branch_labels.py
[2024-04-15T15:04:41.972+0000] {processor.py:840} INFO - DAG(s) 'example_branch_labels' retrieved from /home/airflow/.local/lib/python3.12/site-packages/airflow/example_dags/example_branch_labels.py
[2024-04-15T15:04:41.997+0000] {logging_mixin.py:188} INFO - [2024-04-15T15:04:41.996+0000] {dag.py:3096} INFO - Sync 1 DAGs
[2024-04-15T15:04:42.207+0000] {logging_mixin.py:188} INFO - [2024-04-15T15:04:42.206+0000] {dag.py:3954} INFO - Setting next_dagrun for example_branch_labels to 2024-04-14 00:00:00+00:00, run_after=2024-04-15 00:00:00+00:00
[2024-04-15T15:04:42.261+0000] {processor.py:183} INFO - Processing /home/airflow/.local/lib/python3.12/site-packages/airflow/example_dags/example_branch_labels.py took 0.310 seconds
[2024-04-15T15:05:12.999+0000] {processor.py:161} INFO - Started process (PID=1148) to work on /home/airflow/.local/lib/python3.12/site-packages/airflow/example_dags/example_branch_labels.py
[2024-04-15T15:05:13.001+0000] {processor.py:830} INFO - Processing file /home/airflow/.local/lib/python3.12/site-packages/airflow/example_dags/example_branch_labels.py for tasks to queue
[2024-04-15T15:05:13.005+0000] {logging_mixin.py:188} INFO - [2024-04-15T15:05:13.004+0000] {dagbag.py:540} INFO - Filling up the DagBag from /home/airflow/.local/lib/python3.12/site-packages/airflow/example_dags/example_branch_labels.py
[2024-04-15T15:05:13.026+0000] {processor.py:840} INFO - DAG(s) 'example_branch_labels' retrieved from /home/airflow/.local/lib/python3.12/site-packages/airflow/example_dags/example_branch_labels.py
[2024-04-15T15:05:13.120+0000] {logging_mixin.py:188} INFO - [2024-04-15T15:05:13.119+0000] {dag.py:3096} INFO - Sync 1 DAGs
[2024-04-15T15:05:13.197+0000] {logging_mixin.py:188} INFO - [2024-04-15T15:05:13.197+0000] {dag.py:3954} INFO - Setting next_dagrun for example_branch_labels to 2024-04-14 00:00:00+00:00, run_after=2024-04-15 00:00:00+00:00
[2024-04-15T15:05:13.518+0000] {processor.py:183} INFO - Processing /home/airflow/.local/lib/python3.12/site-packages/airflow/example_dags/example_branch_labels.py took 0.529 seconds
[2024-04-15T15:05:44.342+0000] {processor.py:161} INFO - Started process (PID=1208) to work on /home/airflow/.local/lib/python3.12/site-packages/airflow/example_dags/example_branch_labels.py
[2024-04-15T15:05:44.344+0000] {processor.py:830} INFO - Processing file /home/airflow/.local/lib/python3.12/site-packages/airflow/example_dags/example_branch_labels.py for tasks to queue
[2024-04-15T15:05:44.347+0000] {logging_mixin.py:188} INFO - [2024-04-15T15:05:44.346+0000] {dagbag.py:540} INFO - Filling up the DagBag from /home/airflow/.local/lib/python3.12/site-packages/airflow/example_dags/example_branch_labels.py
[2024-04-15T15:05:44.359+0000] {processor.py:840} INFO - DAG(s) 'example_branch_labels' retrieved from /home/airflow/.local/lib/python3.12/site-packages/airflow/example_dags/example_branch_labels.py
[2024-04-15T15:05:44.378+0000] {logging_mixin.py:188} INFO - [2024-04-15T15:05:44.378+0000] {dag.py:3096} INFO - Sync 1 DAGs
[2024-04-15T15:05:44.404+0000] {logging_mixin.py:188} INFO - [2024-04-15T15:05:44.404+0000] {dag.py:3954} INFO - Setting next_dagrun for example_branch_labels to 2024-04-14 00:00:00+00:00, run_after=2024-04-15 00:00:00+00:00
[2024-04-15T15:05:44.425+0000] {processor.py:183} INFO - Processing /home/airflow/.local/lib/python3.12/site-packages/airflow/example_dags/example_branch_labels.py took 0.091 seconds
