[2024-04-15T14:45:06.343+0000] {processor.py:161} INFO - Started process (PID=91) to work on /home/airflow/.local/lib/python3.12/site-packages/airflow/example_dags/example_subdag_operator.py
[2024-04-15T14:45:06.346+0000] {processor.py:830} INFO - Processing file /home/airflow/.local/lib/python3.12/site-packages/airflow/example_dags/example_subdag_operator.py for tasks to queue
[2024-04-15T14:45:06.358+0000] {logging_mixin.py:188} INFO - [2024-04-15T14:45:06.356+0000] {dagbag.py:540} INFO - Filling up the DagBag from /home/airflow/.local/lib/python3.12/site-packages/airflow/example_dags/example_subdag_operator.py
[2024-04-15T14:45:06.560+0000] {processor.py:840} INFO - DAG(s) 'example_subdag_operator.section-1', 'example_subdag_operator.section-2', 'example_subdag_operator' retrieved from /home/airflow/.local/lib/python3.12/site-packages/airflow/example_dags/example_subdag_operator.py
[2024-04-15T14:45:07.071+0000] {logging_mixin.py:188} INFO - [2024-04-15T14:45:07.070+0000] {dag.py:3096} INFO - Sync 3 DAGs
[2024-04-15T14:45:07.156+0000] {logging_mixin.py:188} INFO - [2024-04-15T14:45:07.155+0000] {dag.py:3954} INFO - Setting next_dagrun for example_subdag_operator to 2022-01-01 00:00:00+00:00, run_after=2022-01-01 00:00:00+00:00
[2024-04-15T14:45:07.168+0000] {logging_mixin.py:188} INFO - [2024-04-15T14:45:07.168+0000] {dag.py:3954} INFO - Setting next_dagrun for example_subdag_operator.section-1 to None, run_after=None
[2024-04-15T14:45:07.173+0000] {logging_mixin.py:188} INFO - [2024-04-15T14:45:07.173+0000] {dag.py:3954} INFO - Setting next_dagrun for example_subdag_operator.section-2 to None, run_after=None
[2024-04-15T14:45:07.196+0000] {logging_mixin.py:188} INFO - [2024-04-15T14:45:07.196+0000] {dag.py:3096} INFO - Sync 2 DAGs
[2024-04-15T14:45:07.212+0000] {logging_mixin.py:188} INFO - [2024-04-15T14:45:07.212+0000] {dag.py:3954} INFO - Setting next_dagrun for example_subdag_operator.section-1 to None, run_after=None
[2024-04-15T14:45:07.213+0000] {logging_mixin.py:188} INFO - [2024-04-15T14:45:07.213+0000] {dag.py:3954} INFO - Setting next_dagrun for example_subdag_operator.section-2 to None, run_after=None
[2024-04-15T14:45:07.241+0000] {processor.py:183} INFO - Processing /home/airflow/.local/lib/python3.12/site-packages/airflow/example_dags/example_subdag_operator.py took 0.931 seconds
[2024-04-15T14:45:37.534+0000] {processor.py:161} INFO - Started process (PID=149) to work on /home/airflow/.local/lib/python3.12/site-packages/airflow/example_dags/example_subdag_operator.py
[2024-04-15T14:45:37.535+0000] {processor.py:830} INFO - Processing file /home/airflow/.local/lib/python3.12/site-packages/airflow/example_dags/example_subdag_operator.py for tasks to queue
[2024-04-15T14:45:37.537+0000] {logging_mixin.py:188} INFO - [2024-04-15T14:45:37.537+0000] {dagbag.py:540} INFO - Filling up the DagBag from /home/airflow/.local/lib/python3.12/site-packages/airflow/example_dags/example_subdag_operator.py
[2024-04-15T14:45:37.563+0000] {processor.py:840} INFO - DAG(s) 'example_subdag_operator.section-1', 'example_subdag_operator.section-2', 'example_subdag_operator' retrieved from /home/airflow/.local/lib/python3.12/site-packages/airflow/example_dags/example_subdag_operator.py
[2024-04-15T14:45:37.582+0000] {logging_mixin.py:188} INFO - [2024-04-15T14:45:37.581+0000] {dag.py:3096} INFO - Sync 3 DAGs
[2024-04-15T14:45:37.606+0000] {logging_mixin.py:188} INFO - [2024-04-15T14:45:37.606+0000] {dag.py:3954} INFO - Setting next_dagrun for example_subdag_operator to 2022-01-01 00:00:00+00:00, run_after=2022-01-01 00:00:00+00:00
[2024-04-15T14:45:37.611+0000] {logging_mixin.py:188} INFO - [2024-04-15T14:45:37.611+0000] {dag.py:3954} INFO - Setting next_dagrun for example_subdag_operator.section-1 to None, run_after=None
[2024-04-15T14:45:37.616+0000] {logging_mixin.py:188} INFO - [2024-04-15T14:45:37.615+0000] {dag.py:3954} INFO - Setting next_dagrun for example_subdag_operator.section-2 to None, run_after=None
[2024-04-15T14:45:37.625+0000] {logging_mixin.py:188} INFO - [2024-04-15T14:45:37.625+0000] {dag.py:3096} INFO - Sync 2 DAGs
[2024-04-15T14:45:37.635+0000] {logging_mixin.py:188} INFO - [2024-04-15T14:45:37.634+0000] {dag.py:3954} INFO - Setting next_dagrun for example_subdag_operator.section-1 to None, run_after=None
[2024-04-15T14:45:37.636+0000] {logging_mixin.py:188} INFO - [2024-04-15T14:45:37.636+0000] {dag.py:3954} INFO - Setting next_dagrun for example_subdag_operator.section-2 to None, run_after=None
[2024-04-15T14:45:37.647+0000] {processor.py:183} INFO - Processing /home/airflow/.local/lib/python3.12/site-packages/airflow/example_dags/example_subdag_operator.py took 0.118 seconds
[2024-04-15T14:46:07.715+0000] {processor.py:161} INFO - Started process (PID=208) to work on /home/airflow/.local/lib/python3.12/site-packages/airflow/example_dags/example_subdag_operator.py
[2024-04-15T14:46:07.716+0000] {processor.py:830} INFO - Processing file /home/airflow/.local/lib/python3.12/site-packages/airflow/example_dags/example_subdag_operator.py for tasks to queue
[2024-04-15T14:46:07.718+0000] {logging_mixin.py:188} INFO - [2024-04-15T14:46:07.718+0000] {dagbag.py:540} INFO - Filling up the DagBag from /home/airflow/.local/lib/python3.12/site-packages/airflow/example_dags/example_subdag_operator.py
[2024-04-15T14:46:07.739+0000] {processor.py:840} INFO - DAG(s) 'example_subdag_operator.section-1', 'example_subdag_operator.section-2', 'example_subdag_operator' retrieved from /home/airflow/.local/lib/python3.12/site-packages/airflow/example_dags/example_subdag_operator.py
[2024-04-15T14:46:07.756+0000] {logging_mixin.py:188} INFO - [2024-04-15T14:46:07.755+0000] {dag.py:3096} INFO - Sync 3 DAGs
[2024-04-15T14:46:07.780+0000] {logging_mixin.py:188} INFO - [2024-04-15T14:46:07.780+0000] {dag.py:3954} INFO - Setting next_dagrun for example_subdag_operator to 2022-01-01 00:00:00+00:00, run_after=2022-01-01 00:00:00+00:00
[2024-04-15T14:46:07.784+0000] {logging_mixin.py:188} INFO - [2024-04-15T14:46:07.784+0000] {dag.py:3954} INFO - Setting next_dagrun for example_subdag_operator.section-1 to None, run_after=None
[2024-04-15T14:46:07.786+0000] {logging_mixin.py:188} INFO - [2024-04-15T14:46:07.785+0000] {dag.py:3954} INFO - Setting next_dagrun for example_subdag_operator.section-2 to None, run_after=None
[2024-04-15T14:46:07.793+0000] {logging_mixin.py:188} INFO - [2024-04-15T14:46:07.793+0000] {dag.py:3096} INFO - Sync 2 DAGs
[2024-04-15T14:46:07.799+0000] {logging_mixin.py:188} INFO - [2024-04-15T14:46:07.799+0000] {dag.py:3954} INFO - Setting next_dagrun for example_subdag_operator.section-1 to None, run_after=None
[2024-04-15T14:46:07.800+0000] {logging_mixin.py:188} INFO - [2024-04-15T14:46:07.800+0000] {dag.py:3954} INFO - Setting next_dagrun for example_subdag_operator.section-2 to None, run_after=None
[2024-04-15T14:46:07.817+0000] {processor.py:183} INFO - Processing /home/airflow/.local/lib/python3.12/site-packages/airflow/example_dags/example_subdag_operator.py took 0.106 seconds
[2024-04-15T14:46:37.949+0000] {processor.py:161} INFO - Started process (PID=266) to work on /home/airflow/.local/lib/python3.12/site-packages/airflow/example_dags/example_subdag_operator.py
[2024-04-15T14:46:37.950+0000] {processor.py:830} INFO - Processing file /home/airflow/.local/lib/python3.12/site-packages/airflow/example_dags/example_subdag_operator.py for tasks to queue
[2024-04-15T14:46:37.953+0000] {logging_mixin.py:188} INFO - [2024-04-15T14:46:37.953+0000] {dagbag.py:540} INFO - Filling up the DagBag from /home/airflow/.local/lib/python3.12/site-packages/airflow/example_dags/example_subdag_operator.py
[2024-04-15T14:46:37.983+0000] {processor.py:840} INFO - DAG(s) 'example_subdag_operator.section-1', 'example_subdag_operator.section-2', 'example_subdag_operator' retrieved from /home/airflow/.local/lib/python3.12/site-packages/airflow/example_dags/example_subdag_operator.py
[2024-04-15T14:46:38.002+0000] {logging_mixin.py:188} INFO - [2024-04-15T14:46:38.002+0000] {dag.py:3096} INFO - Sync 3 DAGs
[2024-04-15T14:46:38.024+0000] {logging_mixin.py:188} INFO - [2024-04-15T14:46:38.023+0000] {dag.py:3954} INFO - Setting next_dagrun for example_subdag_operator to 2022-01-01 00:00:00+00:00, run_after=2022-01-01 00:00:00+00:00
[2024-04-15T14:46:38.028+0000] {logging_mixin.py:188} INFO - [2024-04-15T14:46:38.027+0000] {dag.py:3954} INFO - Setting next_dagrun for example_subdag_operator.section-1 to None, run_after=None
[2024-04-15T14:46:38.029+0000] {logging_mixin.py:188} INFO - [2024-04-15T14:46:38.029+0000] {dag.py:3954} INFO - Setting next_dagrun for example_subdag_operator.section-2 to None, run_after=None
[2024-04-15T14:46:38.038+0000] {logging_mixin.py:188} INFO - [2024-04-15T14:46:38.038+0000] {dag.py:3096} INFO - Sync 2 DAGs
[2024-04-15T14:46:38.044+0000] {logging_mixin.py:188} INFO - [2024-04-15T14:46:38.044+0000] {dag.py:3954} INFO - Setting next_dagrun for example_subdag_operator.section-1 to None, run_after=None
[2024-04-15T14:46:38.046+0000] {logging_mixin.py:188} INFO - [2024-04-15T14:46:38.046+0000] {dag.py:3954} INFO - Setting next_dagrun for example_subdag_operator.section-2 to None, run_after=None
[2024-04-15T14:46:38.059+0000] {processor.py:183} INFO - Processing /home/airflow/.local/lib/python3.12/site-packages/airflow/example_dags/example_subdag_operator.py took 0.117 seconds
[2024-04-15T14:47:08.111+0000] {processor.py:161} INFO - Started process (PID=324) to work on /home/airflow/.local/lib/python3.12/site-packages/airflow/example_dags/example_subdag_operator.py
[2024-04-15T14:47:08.112+0000] {processor.py:830} INFO - Processing file /home/airflow/.local/lib/python3.12/site-packages/airflow/example_dags/example_subdag_operator.py for tasks to queue
[2024-04-15T14:47:08.113+0000] {logging_mixin.py:188} INFO - [2024-04-15T14:47:08.113+0000] {dagbag.py:540} INFO - Filling up the DagBag from /home/airflow/.local/lib/python3.12/site-packages/airflow/example_dags/example_subdag_operator.py
[2024-04-15T14:47:08.132+0000] {processor.py:840} INFO - DAG(s) 'example_subdag_operator.section-1', 'example_subdag_operator.section-2', 'example_subdag_operator' retrieved from /home/airflow/.local/lib/python3.12/site-packages/airflow/example_dags/example_subdag_operator.py
[2024-04-15T14:47:08.146+0000] {logging_mixin.py:188} INFO - [2024-04-15T14:47:08.145+0000] {dag.py:3096} INFO - Sync 3 DAGs
[2024-04-15T14:47:08.164+0000] {logging_mixin.py:188} INFO - [2024-04-15T14:47:08.164+0000] {dag.py:3954} INFO - Setting next_dagrun for example_subdag_operator to 2022-01-01 00:00:00+00:00, run_after=2022-01-01 00:00:00+00:00
[2024-04-15T14:47:08.169+0000] {logging_mixin.py:188} INFO - [2024-04-15T14:47:08.168+0000] {dag.py:3954} INFO - Setting next_dagrun for example_subdag_operator.section-1 to None, run_after=None
[2024-04-15T14:47:08.171+0000] {logging_mixin.py:188} INFO - [2024-04-15T14:47:08.171+0000] {dag.py:3954} INFO - Setting next_dagrun for example_subdag_operator.section-2 to None, run_after=None
[2024-04-15T14:47:08.178+0000] {logging_mixin.py:188} INFO - [2024-04-15T14:47:08.177+0000] {dag.py:3096} INFO - Sync 2 DAGs
[2024-04-15T14:47:08.183+0000] {logging_mixin.py:188} INFO - [2024-04-15T14:47:08.183+0000] {dag.py:3954} INFO - Setting next_dagrun for example_subdag_operator.section-1 to None, run_after=None
[2024-04-15T14:47:08.184+0000] {logging_mixin.py:188} INFO - [2024-04-15T14:47:08.184+0000] {dag.py:3954} INFO - Setting next_dagrun for example_subdag_operator.section-2 to None, run_after=None
[2024-04-15T14:47:08.197+0000] {processor.py:183} INFO - Processing /home/airflow/.local/lib/python3.12/site-packages/airflow/example_dags/example_subdag_operator.py took 0.091 seconds
[2024-04-15T14:47:38.508+0000] {processor.py:161} INFO - Started process (PID=382) to work on /home/airflow/.local/lib/python3.12/site-packages/airflow/example_dags/example_subdag_operator.py
[2024-04-15T14:47:38.509+0000] {processor.py:830} INFO - Processing file /home/airflow/.local/lib/python3.12/site-packages/airflow/example_dags/example_subdag_operator.py for tasks to queue
[2024-04-15T14:47:38.511+0000] {logging_mixin.py:188} INFO - [2024-04-15T14:47:38.511+0000] {dagbag.py:540} INFO - Filling up the DagBag from /home/airflow/.local/lib/python3.12/site-packages/airflow/example_dags/example_subdag_operator.py
[2024-04-15T14:47:38.534+0000] {processor.py:840} INFO - DAG(s) 'example_subdag_operator.section-1', 'example_subdag_operator.section-2', 'example_subdag_operator' retrieved from /home/airflow/.local/lib/python3.12/site-packages/airflow/example_dags/example_subdag_operator.py
[2024-04-15T14:47:38.549+0000] {logging_mixin.py:188} INFO - [2024-04-15T14:47:38.548+0000] {dag.py:3096} INFO - Sync 3 DAGs
[2024-04-15T14:47:38.568+0000] {logging_mixin.py:188} INFO - [2024-04-15T14:47:38.568+0000] {dag.py:3954} INFO - Setting next_dagrun for example_subdag_operator to 2022-01-01 00:00:00+00:00, run_after=2022-01-01 00:00:00+00:00
[2024-04-15T14:47:38.572+0000] {logging_mixin.py:188} INFO - [2024-04-15T14:47:38.572+0000] {dag.py:3954} INFO - Setting next_dagrun for example_subdag_operator.section-1 to None, run_after=None
[2024-04-15T14:47:38.574+0000] {logging_mixin.py:188} INFO - [2024-04-15T14:47:38.574+0000] {dag.py:3954} INFO - Setting next_dagrun for example_subdag_operator.section-2 to None, run_after=None
[2024-04-15T14:47:38.581+0000] {logging_mixin.py:188} INFO - [2024-04-15T14:47:38.581+0000] {dag.py:3096} INFO - Sync 2 DAGs
[2024-04-15T14:47:38.586+0000] {logging_mixin.py:188} INFO - [2024-04-15T14:47:38.586+0000] {dag.py:3954} INFO - Setting next_dagrun for example_subdag_operator.section-1 to None, run_after=None
[2024-04-15T14:47:38.587+0000] {logging_mixin.py:188} INFO - [2024-04-15T14:47:38.587+0000] {dag.py:3954} INFO - Setting next_dagrun for example_subdag_operator.section-2 to None, run_after=None
[2024-04-15T14:47:38.600+0000] {processor.py:183} INFO - Processing /home/airflow/.local/lib/python3.12/site-packages/airflow/example_dags/example_subdag_operator.py took 0.097 seconds
[2024-04-15T14:48:08.835+0000] {processor.py:161} INFO - Started process (PID=440) to work on /home/airflow/.local/lib/python3.12/site-packages/airflow/example_dags/example_subdag_operator.py
[2024-04-15T14:48:08.836+0000] {processor.py:830} INFO - Processing file /home/airflow/.local/lib/python3.12/site-packages/airflow/example_dags/example_subdag_operator.py for tasks to queue
[2024-04-15T14:48:08.838+0000] {logging_mixin.py:188} INFO - [2024-04-15T14:48:08.838+0000] {dagbag.py:540} INFO - Filling up the DagBag from /home/airflow/.local/lib/python3.12/site-packages/airflow/example_dags/example_subdag_operator.py
[2024-04-15T14:48:08.858+0000] {processor.py:840} INFO - DAG(s) 'example_subdag_operator.section-1', 'example_subdag_operator.section-2', 'example_subdag_operator' retrieved from /home/airflow/.local/lib/python3.12/site-packages/airflow/example_dags/example_subdag_operator.py
[2024-04-15T14:48:08.873+0000] {logging_mixin.py:188} INFO - [2024-04-15T14:48:08.873+0000] {dag.py:3096} INFO - Sync 3 DAGs
[2024-04-15T14:48:08.892+0000] {logging_mixin.py:188} INFO - [2024-04-15T14:48:08.892+0000] {dag.py:3954} INFO - Setting next_dagrun for example_subdag_operator to 2022-01-01 00:00:00+00:00, run_after=2022-01-01 00:00:00+00:00
[2024-04-15T14:48:08.896+0000] {logging_mixin.py:188} INFO - [2024-04-15T14:48:08.895+0000] {dag.py:3954} INFO - Setting next_dagrun for example_subdag_operator.section-1 to None, run_after=None
[2024-04-15T14:48:08.897+0000] {logging_mixin.py:188} INFO - [2024-04-15T14:48:08.897+0000] {dag.py:3954} INFO - Setting next_dagrun for example_subdag_operator.section-2 to None, run_after=None
[2024-04-15T14:48:08.904+0000] {logging_mixin.py:188} INFO - [2024-04-15T14:48:08.904+0000] {dag.py:3096} INFO - Sync 2 DAGs
[2024-04-15T14:48:08.909+0000] {logging_mixin.py:188} INFO - [2024-04-15T14:48:08.909+0000] {dag.py:3954} INFO - Setting next_dagrun for example_subdag_operator.section-1 to None, run_after=None
[2024-04-15T14:48:08.910+0000] {logging_mixin.py:188} INFO - [2024-04-15T14:48:08.910+0000] {dag.py:3954} INFO - Setting next_dagrun for example_subdag_operator.section-2 to None, run_after=None
[2024-04-15T14:48:08.925+0000] {processor.py:183} INFO - Processing /home/airflow/.local/lib/python3.12/site-packages/airflow/example_dags/example_subdag_operator.py took 0.095 seconds
[2024-04-15T14:48:39.001+0000] {processor.py:161} INFO - Started process (PID=498) to work on /home/airflow/.local/lib/python3.12/site-packages/airflow/example_dags/example_subdag_operator.py
[2024-04-15T14:48:39.002+0000] {processor.py:830} INFO - Processing file /home/airflow/.local/lib/python3.12/site-packages/airflow/example_dags/example_subdag_operator.py for tasks to queue
[2024-04-15T14:48:39.004+0000] {logging_mixin.py:188} INFO - [2024-04-15T14:48:39.004+0000] {dagbag.py:540} INFO - Filling up the DagBag from /home/airflow/.local/lib/python3.12/site-packages/airflow/example_dags/example_subdag_operator.py
[2024-04-15T14:48:39.025+0000] {processor.py:840} INFO - DAG(s) 'example_subdag_operator.section-1', 'example_subdag_operator.section-2', 'example_subdag_operator' retrieved from /home/airflow/.local/lib/python3.12/site-packages/airflow/example_dags/example_subdag_operator.py
[2024-04-15T14:48:39.038+0000] {logging_mixin.py:188} INFO - [2024-04-15T14:48:39.038+0000] {dag.py:3096} INFO - Sync 3 DAGs
[2024-04-15T14:48:39.056+0000] {logging_mixin.py:188} INFO - [2024-04-15T14:48:39.056+0000] {dag.py:3954} INFO - Setting next_dagrun for example_subdag_operator to 2022-01-01 00:00:00+00:00, run_after=2022-01-01 00:00:00+00:00
[2024-04-15T14:48:39.060+0000] {logging_mixin.py:188} INFO - [2024-04-15T14:48:39.060+0000] {dag.py:3954} INFO - Setting next_dagrun for example_subdag_operator.section-1 to None, run_after=None
[2024-04-15T14:48:39.062+0000] {logging_mixin.py:188} INFO - [2024-04-15T14:48:39.062+0000] {dag.py:3954} INFO - Setting next_dagrun for example_subdag_operator.section-2 to None, run_after=None
[2024-04-15T14:48:39.068+0000] {logging_mixin.py:188} INFO - [2024-04-15T14:48:39.068+0000] {dag.py:3096} INFO - Sync 2 DAGs
[2024-04-15T14:48:39.074+0000] {logging_mixin.py:188} INFO - [2024-04-15T14:48:39.073+0000] {dag.py:3954} INFO - Setting next_dagrun for example_subdag_operator.section-1 to None, run_after=None
[2024-04-15T14:48:39.075+0000] {logging_mixin.py:188} INFO - [2024-04-15T14:48:39.075+0000] {dag.py:3954} INFO - Setting next_dagrun for example_subdag_operator.section-2 to None, run_after=None
[2024-04-15T14:48:39.085+0000] {processor.py:183} INFO - Processing /home/airflow/.local/lib/python3.12/site-packages/airflow/example_dags/example_subdag_operator.py took 0.088 seconds
[2024-04-15T14:49:09.644+0000] {processor.py:161} INFO - Started process (PID=556) to work on /home/airflow/.local/lib/python3.12/site-packages/airflow/example_dags/example_subdag_operator.py
[2024-04-15T14:49:09.646+0000] {processor.py:830} INFO - Processing file /home/airflow/.local/lib/python3.12/site-packages/airflow/example_dags/example_subdag_operator.py for tasks to queue
[2024-04-15T14:49:09.650+0000] {logging_mixin.py:188} INFO - [2024-04-15T14:49:09.649+0000] {dagbag.py:540} INFO - Filling up the DagBag from /home/airflow/.local/lib/python3.12/site-packages/airflow/example_dags/example_subdag_operator.py
[2024-04-15T14:49:09.674+0000] {processor.py:840} INFO - DAG(s) 'example_subdag_operator.section-1', 'example_subdag_operator.section-2', 'example_subdag_operator' retrieved from /home/airflow/.local/lib/python3.12/site-packages/airflow/example_dags/example_subdag_operator.py
[2024-04-15T14:49:09.689+0000] {logging_mixin.py:188} INFO - [2024-04-15T14:49:09.688+0000] {dag.py:3096} INFO - Sync 3 DAGs
[2024-04-15T14:49:09.711+0000] {logging_mixin.py:188} INFO - [2024-04-15T14:49:09.710+0000] {dag.py:3954} INFO - Setting next_dagrun for example_subdag_operator to 2022-01-01 00:00:00+00:00, run_after=2022-01-01 00:00:00+00:00
[2024-04-15T14:49:09.714+0000] {logging_mixin.py:188} INFO - [2024-04-15T14:49:09.714+0000] {dag.py:3954} INFO - Setting next_dagrun for example_subdag_operator.section-1 to None, run_after=None
[2024-04-15T14:49:09.716+0000] {logging_mixin.py:188} INFO - [2024-04-15T14:49:09.716+0000] {dag.py:3954} INFO - Setting next_dagrun for example_subdag_operator.section-2 to None, run_after=None
[2024-04-15T14:49:09.724+0000] {logging_mixin.py:188} INFO - [2024-04-15T14:49:09.723+0000] {dag.py:3096} INFO - Sync 2 DAGs
[2024-04-15T14:49:09.730+0000] {logging_mixin.py:188} INFO - [2024-04-15T14:49:09.729+0000] {dag.py:3954} INFO - Setting next_dagrun for example_subdag_operator.section-1 to None, run_after=None
[2024-04-15T14:49:09.731+0000] {logging_mixin.py:188} INFO - [2024-04-15T14:49:09.730+0000] {dag.py:3954} INFO - Setting next_dagrun for example_subdag_operator.section-2 to None, run_after=None
[2024-04-15T14:49:09.747+0000] {processor.py:183} INFO - Processing /home/airflow/.local/lib/python3.12/site-packages/airflow/example_dags/example_subdag_operator.py took 0.120 seconds
[2024-04-15T14:49:40.406+0000] {processor.py:161} INFO - Started process (PID=614) to work on /home/airflow/.local/lib/python3.12/site-packages/airflow/example_dags/example_subdag_operator.py
[2024-04-15T14:49:40.407+0000] {processor.py:830} INFO - Processing file /home/airflow/.local/lib/python3.12/site-packages/airflow/example_dags/example_subdag_operator.py for tasks to queue
[2024-04-15T14:49:40.409+0000] {logging_mixin.py:188} INFO - [2024-04-15T14:49:40.409+0000] {dagbag.py:540} INFO - Filling up the DagBag from /home/airflow/.local/lib/python3.12/site-packages/airflow/example_dags/example_subdag_operator.py
[2024-04-15T14:49:40.444+0000] {processor.py:840} INFO - DAG(s) 'example_subdag_operator.section-1', 'example_subdag_operator.section-2', 'example_subdag_operator' retrieved from /home/airflow/.local/lib/python3.12/site-packages/airflow/example_dags/example_subdag_operator.py
[2024-04-15T14:49:40.468+0000] {logging_mixin.py:188} INFO - [2024-04-15T14:49:40.467+0000] {dag.py:3096} INFO - Sync 3 DAGs
[2024-04-15T14:49:40.498+0000] {logging_mixin.py:188} INFO - [2024-04-15T14:49:40.497+0000] {dag.py:3954} INFO - Setting next_dagrun for example_subdag_operator to 2022-01-01 00:00:00+00:00, run_after=2022-01-01 00:00:00+00:00
[2024-04-15T14:49:40.504+0000] {logging_mixin.py:188} INFO - [2024-04-15T14:49:40.504+0000] {dag.py:3954} INFO - Setting next_dagrun for example_subdag_operator.section-1 to None, run_after=None
[2024-04-15T14:49:40.507+0000] {logging_mixin.py:188} INFO - [2024-04-15T14:49:40.506+0000] {dag.py:3954} INFO - Setting next_dagrun for example_subdag_operator.section-2 to None, run_after=None
[2024-04-15T14:49:40.518+0000] {logging_mixin.py:188} INFO - [2024-04-15T14:49:40.518+0000] {dag.py:3096} INFO - Sync 2 DAGs
[2024-04-15T14:49:40.527+0000] {logging_mixin.py:188} INFO - [2024-04-15T14:49:40.527+0000] {dag.py:3954} INFO - Setting next_dagrun for example_subdag_operator.section-1 to None, run_after=None
[2024-04-15T14:49:40.529+0000] {logging_mixin.py:188} INFO - [2024-04-15T14:49:40.528+0000] {dag.py:3954} INFO - Setting next_dagrun for example_subdag_operator.section-2 to None, run_after=None
[2024-04-15T14:49:40.545+0000] {processor.py:183} INFO - Processing /home/airflow/.local/lib/python3.12/site-packages/airflow/example_dags/example_subdag_operator.py took 0.145 seconds
[2024-04-15T14:50:10.844+0000] {processor.py:161} INFO - Started process (PID=672) to work on /home/airflow/.local/lib/python3.12/site-packages/airflow/example_dags/example_subdag_operator.py
[2024-04-15T14:50:10.845+0000] {processor.py:830} INFO - Processing file /home/airflow/.local/lib/python3.12/site-packages/airflow/example_dags/example_subdag_operator.py for tasks to queue
[2024-04-15T14:50:10.847+0000] {logging_mixin.py:188} INFO - [2024-04-15T14:50:10.847+0000] {dagbag.py:540} INFO - Filling up the DagBag from /home/airflow/.local/lib/python3.12/site-packages/airflow/example_dags/example_subdag_operator.py
[2024-04-15T14:50:10.869+0000] {processor.py:840} INFO - DAG(s) 'example_subdag_operator.section-1', 'example_subdag_operator.section-2', 'example_subdag_operator' retrieved from /home/airflow/.local/lib/python3.12/site-packages/airflow/example_dags/example_subdag_operator.py
[2024-04-15T14:50:10.883+0000] {logging_mixin.py:188} INFO - [2024-04-15T14:50:10.883+0000] {dag.py:3096} INFO - Sync 3 DAGs
[2024-04-15T14:50:10.907+0000] {logging_mixin.py:188} INFO - [2024-04-15T14:50:10.907+0000] {dag.py:3954} INFO - Setting next_dagrun for example_subdag_operator to 2022-01-01 00:00:00+00:00, run_after=2022-01-01 00:00:00+00:00
[2024-04-15T14:50:10.912+0000] {logging_mixin.py:188} INFO - [2024-04-15T14:50:10.912+0000] {dag.py:3954} INFO - Setting next_dagrun for example_subdag_operator.section-1 to None, run_after=None
[2024-04-15T14:50:10.914+0000] {logging_mixin.py:188} INFO - [2024-04-15T14:50:10.914+0000] {dag.py:3954} INFO - Setting next_dagrun for example_subdag_operator.section-2 to None, run_after=None
[2024-04-15T14:50:10.923+0000] {logging_mixin.py:188} INFO - [2024-04-15T14:50:10.923+0000] {dag.py:3096} INFO - Sync 2 DAGs
[2024-04-15T14:50:10.930+0000] {logging_mixin.py:188} INFO - [2024-04-15T14:50:10.929+0000] {dag.py:3954} INFO - Setting next_dagrun for example_subdag_operator.section-1 to None, run_after=None
[2024-04-15T14:50:10.930+0000] {logging_mixin.py:188} INFO - [2024-04-15T14:50:10.930+0000] {dag.py:3954} INFO - Setting next_dagrun for example_subdag_operator.section-2 to None, run_after=None
[2024-04-15T14:50:10.943+0000] {processor.py:183} INFO - Processing /home/airflow/.local/lib/python3.12/site-packages/airflow/example_dags/example_subdag_operator.py took 0.105 seconds
[2024-04-15T14:50:41.041+0000] {processor.py:161} INFO - Started process (PID=730) to work on /home/airflow/.local/lib/python3.12/site-packages/airflow/example_dags/example_subdag_operator.py
[2024-04-15T14:50:41.043+0000] {processor.py:830} INFO - Processing file /home/airflow/.local/lib/python3.12/site-packages/airflow/example_dags/example_subdag_operator.py for tasks to queue
[2024-04-15T14:50:41.045+0000] {logging_mixin.py:188} INFO - [2024-04-15T14:50:41.045+0000] {dagbag.py:540} INFO - Filling up the DagBag from /home/airflow/.local/lib/python3.12/site-packages/airflow/example_dags/example_subdag_operator.py
[2024-04-15T14:50:41.074+0000] {processor.py:840} INFO - DAG(s) 'example_subdag_operator.section-1', 'example_subdag_operator.section-2', 'example_subdag_operator' retrieved from /home/airflow/.local/lib/python3.12/site-packages/airflow/example_dags/example_subdag_operator.py
[2024-04-15T14:50:41.094+0000] {logging_mixin.py:188} INFO - [2024-04-15T14:50:41.094+0000] {dag.py:3096} INFO - Sync 3 DAGs
[2024-04-15T14:50:41.116+0000] {logging_mixin.py:188} INFO - [2024-04-15T14:50:41.116+0000] {dag.py:3954} INFO - Setting next_dagrun for example_subdag_operator to 2022-01-01 00:00:00+00:00, run_after=2022-01-01 00:00:00+00:00
[2024-04-15T14:50:41.122+0000] {logging_mixin.py:188} INFO - [2024-04-15T14:50:41.121+0000] {dag.py:3954} INFO - Setting next_dagrun for example_subdag_operator.section-1 to None, run_after=None
[2024-04-15T14:50:41.124+0000] {logging_mixin.py:188} INFO - [2024-04-15T14:50:41.123+0000] {dag.py:3954} INFO - Setting next_dagrun for example_subdag_operator.section-2 to None, run_after=None
[2024-04-15T14:50:41.132+0000] {logging_mixin.py:188} INFO - [2024-04-15T14:50:41.132+0000] {dag.py:3096} INFO - Sync 2 DAGs
[2024-04-15T14:50:41.138+0000] {logging_mixin.py:188} INFO - [2024-04-15T14:50:41.138+0000] {dag.py:3954} INFO - Setting next_dagrun for example_subdag_operator.section-1 to None, run_after=None
[2024-04-15T14:50:41.139+0000] {logging_mixin.py:188} INFO - [2024-04-15T14:50:41.139+0000] {dag.py:3954} INFO - Setting next_dagrun for example_subdag_operator.section-2 to None, run_after=None
[2024-04-15T14:50:41.149+0000] {processor.py:183} INFO - Processing /home/airflow/.local/lib/python3.12/site-packages/airflow/example_dags/example_subdag_operator.py took 0.116 seconds
[2024-04-15T14:51:12.114+0000] {processor.py:161} INFO - Started process (PID=794) to work on /home/airflow/.local/lib/python3.12/site-packages/airflow/example_dags/example_subdag_operator.py
[2024-04-15T14:51:12.115+0000] {processor.py:830} INFO - Processing file /home/airflow/.local/lib/python3.12/site-packages/airflow/example_dags/example_subdag_operator.py for tasks to queue
[2024-04-15T14:51:12.118+0000] {logging_mixin.py:188} INFO - [2024-04-15T14:51:12.117+0000] {dagbag.py:540} INFO - Filling up the DagBag from /home/airflow/.local/lib/python3.12/site-packages/airflow/example_dags/example_subdag_operator.py
[2024-04-15T14:51:12.156+0000] {processor.py:840} INFO - DAG(s) 'example_subdag_operator.section-1', 'example_subdag_operator.section-2', 'example_subdag_operator' retrieved from /home/airflow/.local/lib/python3.12/site-packages/airflow/example_dags/example_subdag_operator.py
[2024-04-15T14:51:12.177+0000] {logging_mixin.py:188} INFO - [2024-04-15T14:51:12.176+0000] {dag.py:3096} INFO - Sync 3 DAGs
[2024-04-15T14:51:12.208+0000] {logging_mixin.py:188} INFO - [2024-04-15T14:51:12.207+0000] {dag.py:3954} INFO - Setting next_dagrun for example_subdag_operator to 2022-01-01 00:00:00+00:00, run_after=2022-01-01 00:00:00+00:00
[2024-04-15T14:51:12.214+0000] {logging_mixin.py:188} INFO - [2024-04-15T14:51:12.213+0000] {dag.py:3954} INFO - Setting next_dagrun for example_subdag_operator.section-1 to None, run_after=None
[2024-04-15T14:51:12.216+0000] {logging_mixin.py:188} INFO - [2024-04-15T14:51:12.216+0000] {dag.py:3954} INFO - Setting next_dagrun for example_subdag_operator.section-2 to None, run_after=None
[2024-04-15T14:51:12.230+0000] {logging_mixin.py:188} INFO - [2024-04-15T14:51:12.229+0000] {dag.py:3096} INFO - Sync 2 DAGs
[2024-04-15T14:51:12.241+0000] {logging_mixin.py:188} INFO - [2024-04-15T14:51:12.240+0000] {dag.py:3954} INFO - Setting next_dagrun for example_subdag_operator.section-1 to None, run_after=None
[2024-04-15T14:51:12.242+0000] {logging_mixin.py:188} INFO - [2024-04-15T14:51:12.242+0000] {dag.py:3954} INFO - Setting next_dagrun for example_subdag_operator.section-2 to None, run_after=None
[2024-04-15T14:51:12.259+0000] {processor.py:183} INFO - Processing /home/airflow/.local/lib/python3.12/site-packages/airflow/example_dags/example_subdag_operator.py took 0.153 seconds
[2024-04-15T14:51:43.237+0000] {processor.py:161} INFO - Started process (PID=852) to work on /home/airflow/.local/lib/python3.12/site-packages/airflow/example_dags/example_subdag_operator.py
[2024-04-15T14:51:43.238+0000] {processor.py:830} INFO - Processing file /home/airflow/.local/lib/python3.12/site-packages/airflow/example_dags/example_subdag_operator.py for tasks to queue
[2024-04-15T14:51:43.240+0000] {logging_mixin.py:188} INFO - [2024-04-15T14:51:43.240+0000] {dagbag.py:540} INFO - Filling up the DagBag from /home/airflow/.local/lib/python3.12/site-packages/airflow/example_dags/example_subdag_operator.py
[2024-04-15T14:51:43.270+0000] {processor.py:840} INFO - DAG(s) 'example_subdag_operator.section-1', 'example_subdag_operator.section-2', 'example_subdag_operator' retrieved from /home/airflow/.local/lib/python3.12/site-packages/airflow/example_dags/example_subdag_operator.py
[2024-04-15T14:51:43.288+0000] {logging_mixin.py:188} INFO - [2024-04-15T14:51:43.287+0000] {dag.py:3096} INFO - Sync 3 DAGs
[2024-04-15T14:51:43.310+0000] {logging_mixin.py:188} INFO - [2024-04-15T14:51:43.309+0000] {dag.py:3954} INFO - Setting next_dagrun for example_subdag_operator to 2022-01-01 00:00:00+00:00, run_after=2022-01-01 00:00:00+00:00
[2024-04-15T14:51:43.314+0000] {logging_mixin.py:188} INFO - [2024-04-15T14:51:43.314+0000] {dag.py:3954} INFO - Setting next_dagrun for example_subdag_operator.section-1 to None, run_after=None
[2024-04-15T14:51:43.316+0000] {logging_mixin.py:188} INFO - [2024-04-15T14:51:43.316+0000] {dag.py:3954} INFO - Setting next_dagrun for example_subdag_operator.section-2 to None, run_after=None
[2024-04-15T14:51:43.327+0000] {logging_mixin.py:188} INFO - [2024-04-15T14:51:43.327+0000] {dag.py:3096} INFO - Sync 2 DAGs
[2024-04-15T14:51:43.332+0000] {logging_mixin.py:188} INFO - [2024-04-15T14:51:43.332+0000] {dag.py:3954} INFO - Setting next_dagrun for example_subdag_operator.section-1 to None, run_after=None
[2024-04-15T14:51:43.333+0000] {logging_mixin.py:188} INFO - [2024-04-15T14:51:43.333+0000] {dag.py:3954} INFO - Setting next_dagrun for example_subdag_operator.section-2 to None, run_after=None
[2024-04-15T14:51:43.348+0000] {processor.py:183} INFO - Processing /home/airflow/.local/lib/python3.12/site-packages/airflow/example_dags/example_subdag_operator.py took 0.116 seconds
[2024-04-15T14:52:13.835+0000] {processor.py:161} INFO - Started process (PID=911) to work on /home/airflow/.local/lib/python3.12/site-packages/airflow/example_dags/example_subdag_operator.py
[2024-04-15T14:52:13.837+0000] {processor.py:830} INFO - Processing file /home/airflow/.local/lib/python3.12/site-packages/airflow/example_dags/example_subdag_operator.py for tasks to queue
[2024-04-15T14:52:13.842+0000] {logging_mixin.py:188} INFO - [2024-04-15T14:52:13.842+0000] {dagbag.py:540} INFO - Filling up the DagBag from /home/airflow/.local/lib/python3.12/site-packages/airflow/example_dags/example_subdag_operator.py
[2024-04-15T14:52:14.011+0000] {processor.py:840} INFO - DAG(s) 'example_subdag_operator.section-1', 'example_subdag_operator.section-2', 'example_subdag_operator' retrieved from /home/airflow/.local/lib/python3.12/site-packages/airflow/example_dags/example_subdag_operator.py
[2024-04-15T14:52:14.059+0000] {logging_mixin.py:188} INFO - [2024-04-15T14:52:14.058+0000] {dag.py:3096} INFO - Sync 3 DAGs
[2024-04-15T14:52:14.143+0000] {logging_mixin.py:188} INFO - [2024-04-15T14:52:14.143+0000] {dag.py:3954} INFO - Setting next_dagrun for example_subdag_operator to 2022-01-01 00:00:00+00:00, run_after=2022-01-01 00:00:00+00:00
[2024-04-15T14:52:14.200+0000] {logging_mixin.py:188} INFO - [2024-04-15T14:52:14.200+0000] {dag.py:3954} INFO - Setting next_dagrun for example_subdag_operator.section-1 to None, run_after=None
[2024-04-15T14:52:14.205+0000] {logging_mixin.py:188} INFO - [2024-04-15T14:52:14.204+0000] {dag.py:3954} INFO - Setting next_dagrun for example_subdag_operator.section-2 to None, run_after=None
[2024-04-15T14:52:14.233+0000] {logging_mixin.py:188} INFO - [2024-04-15T14:52:14.233+0000] {dag.py:3096} INFO - Sync 2 DAGs
[2024-04-15T14:52:14.248+0000] {logging_mixin.py:188} INFO - [2024-04-15T14:52:14.248+0000] {dag.py:3954} INFO - Setting next_dagrun for example_subdag_operator.section-1 to None, run_after=None
[2024-04-15T14:52:14.250+0000] {logging_mixin.py:188} INFO - [2024-04-15T14:52:14.249+0000] {dag.py:3954} INFO - Setting next_dagrun for example_subdag_operator.section-2 to None, run_after=None
[2024-04-15T14:52:14.312+0000] {processor.py:183} INFO - Processing /home/airflow/.local/lib/python3.12/site-packages/airflow/example_dags/example_subdag_operator.py took 0.495 seconds
[2024-04-15T14:52:44.947+0000] {processor.py:161} INFO - Started process (PID=969) to work on /home/airflow/.local/lib/python3.12/site-packages/airflow/example_dags/example_subdag_operator.py
[2024-04-15T14:52:44.948+0000] {processor.py:830} INFO - Processing file /home/airflow/.local/lib/python3.12/site-packages/airflow/example_dags/example_subdag_operator.py for tasks to queue
[2024-04-15T14:52:44.950+0000] {logging_mixin.py:188} INFO - [2024-04-15T14:52:44.950+0000] {dagbag.py:540} INFO - Filling up the DagBag from /home/airflow/.local/lib/python3.12/site-packages/airflow/example_dags/example_subdag_operator.py
[2024-04-15T14:52:44.969+0000] {processor.py:840} INFO - DAG(s) 'example_subdag_operator.section-1', 'example_subdag_operator.section-2', 'example_subdag_operator' retrieved from /home/airflow/.local/lib/python3.12/site-packages/airflow/example_dags/example_subdag_operator.py
[2024-04-15T14:52:44.984+0000] {logging_mixin.py:188} INFO - [2024-04-15T14:52:44.983+0000] {dag.py:3096} INFO - Sync 3 DAGs
[2024-04-15T14:52:45.003+0000] {logging_mixin.py:188} INFO - [2024-04-15T14:52:45.003+0000] {dag.py:3954} INFO - Setting next_dagrun for example_subdag_operator to 2022-01-01 00:00:00+00:00, run_after=2022-01-01 00:00:00+00:00
[2024-04-15T14:52:45.007+0000] {logging_mixin.py:188} INFO - [2024-04-15T14:52:45.007+0000] {dag.py:3954} INFO - Setting next_dagrun for example_subdag_operator.section-1 to None, run_after=None
[2024-04-15T14:52:45.009+0000] {logging_mixin.py:188} INFO - [2024-04-15T14:52:45.009+0000] {dag.py:3954} INFO - Setting next_dagrun for example_subdag_operator.section-2 to None, run_after=None
[2024-04-15T14:52:45.020+0000] {logging_mixin.py:188} INFO - [2024-04-15T14:52:45.020+0000] {dag.py:3096} INFO - Sync 2 DAGs
[2024-04-15T14:52:45.025+0000] {logging_mixin.py:188} INFO - [2024-04-15T14:52:45.025+0000] {dag.py:3954} INFO - Setting next_dagrun for example_subdag_operator.section-1 to None, run_after=None
[2024-04-15T14:52:45.026+0000] {logging_mixin.py:188} INFO - [2024-04-15T14:52:45.026+0000] {dag.py:3954} INFO - Setting next_dagrun for example_subdag_operator.section-2 to None, run_after=None
[2024-04-15T14:52:45.038+0000] {processor.py:183} INFO - Processing /home/airflow/.local/lib/python3.12/site-packages/airflow/example_dags/example_subdag_operator.py took 0.095 seconds
[2024-04-15T14:53:15.399+0000] {processor.py:161} INFO - Started process (PID=1027) to work on /home/airflow/.local/lib/python3.12/site-packages/airflow/example_dags/example_subdag_operator.py
[2024-04-15T14:53:15.400+0000] {processor.py:830} INFO - Processing file /home/airflow/.local/lib/python3.12/site-packages/airflow/example_dags/example_subdag_operator.py for tasks to queue
[2024-04-15T14:53:15.403+0000] {logging_mixin.py:188} INFO - [2024-04-15T14:53:15.402+0000] {dagbag.py:540} INFO - Filling up the DagBag from /home/airflow/.local/lib/python3.12/site-packages/airflow/example_dags/example_subdag_operator.py
[2024-04-15T14:53:15.441+0000] {processor.py:840} INFO - DAG(s) 'example_subdag_operator.section-1', 'example_subdag_operator.section-2', 'example_subdag_operator' retrieved from /home/airflow/.local/lib/python3.12/site-packages/airflow/example_dags/example_subdag_operator.py
[2024-04-15T14:53:15.462+0000] {logging_mixin.py:188} INFO - [2024-04-15T14:53:15.462+0000] {dag.py:3096} INFO - Sync 3 DAGs
[2024-04-15T14:53:15.713+0000] {logging_mixin.py:188} INFO - [2024-04-15T14:53:15.712+0000] {dag.py:3954} INFO - Setting next_dagrun for example_subdag_operator to 2022-01-01 00:00:00+00:00, run_after=2022-01-01 00:00:00+00:00
[2024-04-15T14:53:15.719+0000] {logging_mixin.py:188} INFO - [2024-04-15T14:53:15.719+0000] {dag.py:3954} INFO - Setting next_dagrun for example_subdag_operator.section-1 to None, run_after=None
[2024-04-15T14:53:15.722+0000] {logging_mixin.py:188} INFO - [2024-04-15T14:53:15.721+0000] {dag.py:3954} INFO - Setting next_dagrun for example_subdag_operator.section-2 to None, run_after=None
[2024-04-15T14:53:15.731+0000] {logging_mixin.py:188} INFO - [2024-04-15T14:53:15.731+0000] {dag.py:3096} INFO - Sync 2 DAGs
[2024-04-15T14:53:15.741+0000] {logging_mixin.py:188} INFO - [2024-04-15T14:53:15.741+0000] {dag.py:3954} INFO - Setting next_dagrun for example_subdag_operator.section-1 to None, run_after=None
[2024-04-15T14:53:15.742+0000] {logging_mixin.py:188} INFO - [2024-04-15T14:53:15.742+0000] {dag.py:3954} INFO - Setting next_dagrun for example_subdag_operator.section-2 to None, run_after=None
[2024-04-15T14:53:15.760+0000] {processor.py:183} INFO - Processing /home/airflow/.local/lib/python3.12/site-packages/airflow/example_dags/example_subdag_operator.py took 0.367 seconds
[2024-04-15T14:53:45.931+0000] {processor.py:161} INFO - Started process (PID=1086) to work on /home/airflow/.local/lib/python3.12/site-packages/airflow/example_dags/example_subdag_operator.py
[2024-04-15T14:53:45.933+0000] {processor.py:830} INFO - Processing file /home/airflow/.local/lib/python3.12/site-packages/airflow/example_dags/example_subdag_operator.py for tasks to queue
[2024-04-15T14:53:45.935+0000] {logging_mixin.py:188} INFO - [2024-04-15T14:53:45.934+0000] {dagbag.py:540} INFO - Filling up the DagBag from /home/airflow/.local/lib/python3.12/site-packages/airflow/example_dags/example_subdag_operator.py
[2024-04-15T14:53:45.961+0000] {processor.py:840} INFO - DAG(s) 'example_subdag_operator.section-1', 'example_subdag_operator.section-2', 'example_subdag_operator' retrieved from /home/airflow/.local/lib/python3.12/site-packages/airflow/example_dags/example_subdag_operator.py
[2024-04-15T14:53:45.978+0000] {logging_mixin.py:188} INFO - [2024-04-15T14:53:45.977+0000] {dag.py:3096} INFO - Sync 3 DAGs
[2024-04-15T14:53:46.002+0000] {logging_mixin.py:188} INFO - [2024-04-15T14:53:46.001+0000] {dag.py:3954} INFO - Setting next_dagrun for example_subdag_operator to 2022-01-01 00:00:00+00:00, run_after=2022-01-01 00:00:00+00:00
[2024-04-15T14:53:46.007+0000] {logging_mixin.py:188} INFO - [2024-04-15T14:53:46.006+0000] {dag.py:3954} INFO - Setting next_dagrun for example_subdag_operator.section-1 to None, run_after=None
[2024-04-15T14:53:46.009+0000] {logging_mixin.py:188} INFO - [2024-04-15T14:53:46.008+0000] {dag.py:3954} INFO - Setting next_dagrun for example_subdag_operator.section-2 to None, run_after=None
[2024-04-15T14:53:46.182+0000] {logging_mixin.py:188} INFO - [2024-04-15T14:53:46.182+0000] {dag.py:3096} INFO - Sync 2 DAGs
[2024-04-15T14:53:46.190+0000] {logging_mixin.py:188} INFO - [2024-04-15T14:53:46.190+0000] {dag.py:3954} INFO - Setting next_dagrun for example_subdag_operator.section-1 to None, run_after=None
[2024-04-15T14:53:46.192+0000] {logging_mixin.py:188} INFO - [2024-04-15T14:53:46.191+0000] {dag.py:3954} INFO - Setting next_dagrun for example_subdag_operator.section-2 to None, run_after=None
[2024-04-15T14:53:46.214+0000] {processor.py:183} INFO - Processing /home/airflow/.local/lib/python3.12/site-packages/airflow/example_dags/example_subdag_operator.py took 0.289 seconds
[2024-04-15T14:54:16.347+0000] {processor.py:161} INFO - Started process (PID=1143) to work on /home/airflow/.local/lib/python3.12/site-packages/airflow/example_dags/example_subdag_operator.py
[2024-04-15T14:54:16.348+0000] {processor.py:830} INFO - Processing file /home/airflow/.local/lib/python3.12/site-packages/airflow/example_dags/example_subdag_operator.py for tasks to queue
[2024-04-15T14:54:16.350+0000] {logging_mixin.py:188} INFO - [2024-04-15T14:54:16.350+0000] {dagbag.py:540} INFO - Filling up the DagBag from /home/airflow/.local/lib/python3.12/site-packages/airflow/example_dags/example_subdag_operator.py
[2024-04-15T14:54:16.372+0000] {processor.py:840} INFO - DAG(s) 'example_subdag_operator.section-1', 'example_subdag_operator.section-2', 'example_subdag_operator' retrieved from /home/airflow/.local/lib/python3.12/site-packages/airflow/example_dags/example_subdag_operator.py
[2024-04-15T14:54:16.387+0000] {logging_mixin.py:188} INFO - [2024-04-15T14:54:16.386+0000] {dag.py:3096} INFO - Sync 3 DAGs
[2024-04-15T14:54:16.408+0000] {logging_mixin.py:188} INFO - [2024-04-15T14:54:16.407+0000] {dag.py:3954} INFO - Setting next_dagrun for example_subdag_operator to 2022-01-01 00:00:00+00:00, run_after=2022-01-01 00:00:00+00:00
[2024-04-15T14:54:16.411+0000] {logging_mixin.py:188} INFO - [2024-04-15T14:54:16.411+0000] {dag.py:3954} INFO - Setting next_dagrun for example_subdag_operator.section-1 to None, run_after=None
[2024-04-15T14:54:16.413+0000] {logging_mixin.py:188} INFO - [2024-04-15T14:54:16.413+0000] {dag.py:3954} INFO - Setting next_dagrun for example_subdag_operator.section-2 to None, run_after=None
[2024-04-15T14:54:16.421+0000] {logging_mixin.py:188} INFO - [2024-04-15T14:54:16.421+0000] {dag.py:3096} INFO - Sync 2 DAGs
[2024-04-15T14:54:16.426+0000] {logging_mixin.py:188} INFO - [2024-04-15T14:54:16.426+0000] {dag.py:3954} INFO - Setting next_dagrun for example_subdag_operator.section-1 to None, run_after=None
[2024-04-15T14:54:16.427+0000] {logging_mixin.py:188} INFO - [2024-04-15T14:54:16.427+0000] {dag.py:3954} INFO - Setting next_dagrun for example_subdag_operator.section-2 to None, run_after=None
[2024-04-15T14:54:16.438+0000] {processor.py:183} INFO - Processing /home/airflow/.local/lib/python3.12/site-packages/airflow/example_dags/example_subdag_operator.py took 0.096 seconds
[2024-04-15T14:56:06.513+0000] {processor.py:161} INFO - Started process (PID=80) to work on /home/airflow/.local/lib/python3.12/site-packages/airflow/example_dags/example_subdag_operator.py
[2024-04-15T14:56:06.515+0000] {processor.py:830} INFO - Processing file /home/airflow/.local/lib/python3.12/site-packages/airflow/example_dags/example_subdag_operator.py for tasks to queue
[2024-04-15T14:56:06.518+0000] {logging_mixin.py:188} INFO - [2024-04-15T14:56:06.517+0000] {dagbag.py:540} INFO - Filling up the DagBag from /home/airflow/.local/lib/python3.12/site-packages/airflow/example_dags/example_subdag_operator.py
[2024-04-15T14:56:06.556+0000] {processor.py:840} INFO - DAG(s) 'example_subdag_operator.section-1', 'example_subdag_operator.section-2', 'example_subdag_operator' retrieved from /home/airflow/.local/lib/python3.12/site-packages/airflow/example_dags/example_subdag_operator.py
[2024-04-15T14:56:06.670+0000] {logging_mixin.py:188} INFO - [2024-04-15T14:56:06.670+0000] {dag.py:3096} INFO - Sync 3 DAGs
[2024-04-15T14:56:06.695+0000] {logging_mixin.py:188} INFO - [2024-04-15T14:56:06.695+0000] {dag.py:3954} INFO - Setting next_dagrun for example_subdag_operator to 2022-01-01 00:00:00+00:00, run_after=2022-01-01 00:00:00+00:00
[2024-04-15T14:56:06.699+0000] {logging_mixin.py:188} INFO - [2024-04-15T14:56:06.699+0000] {dag.py:3954} INFO - Setting next_dagrun for example_subdag_operator.section-1 to None, run_after=None
[2024-04-15T14:56:06.701+0000] {logging_mixin.py:188} INFO - [2024-04-15T14:56:06.701+0000] {dag.py:3954} INFO - Setting next_dagrun for example_subdag_operator.section-2 to None, run_after=None
[2024-04-15T14:56:06.713+0000] {logging_mixin.py:188} INFO - [2024-04-15T14:56:06.713+0000] {dag.py:3096} INFO - Sync 2 DAGs
[2024-04-15T14:56:06.721+0000] {logging_mixin.py:188} INFO - [2024-04-15T14:56:06.720+0000] {dag.py:3954} INFO - Setting next_dagrun for example_subdag_operator.section-1 to None, run_after=None
[2024-04-15T14:56:06.721+0000] {logging_mixin.py:188} INFO - [2024-04-15T14:56:06.721+0000] {dag.py:3954} INFO - Setting next_dagrun for example_subdag_operator.section-2 to None, run_after=None
[2024-04-15T14:56:06.736+0000] {processor.py:183} INFO - Processing /home/airflow/.local/lib/python3.12/site-packages/airflow/example_dags/example_subdag_operator.py took 0.229 seconds
[2024-04-15T14:56:37.638+0000] {processor.py:161} INFO - Started process (PID=140) to work on /home/airflow/.local/lib/python3.12/site-packages/airflow/example_dags/example_subdag_operator.py
[2024-04-15T14:56:37.639+0000] {processor.py:830} INFO - Processing file /home/airflow/.local/lib/python3.12/site-packages/airflow/example_dags/example_subdag_operator.py for tasks to queue
[2024-04-15T14:56:37.641+0000] {logging_mixin.py:188} INFO - [2024-04-15T14:56:37.641+0000] {dagbag.py:540} INFO - Filling up the DagBag from /home/airflow/.local/lib/python3.12/site-packages/airflow/example_dags/example_subdag_operator.py
[2024-04-15T14:56:37.671+0000] {processor.py:840} INFO - DAG(s) 'example_subdag_operator.section-1', 'example_subdag_operator.section-2', 'example_subdag_operator' retrieved from /home/airflow/.local/lib/python3.12/site-packages/airflow/example_dags/example_subdag_operator.py
[2024-04-15T14:56:37.689+0000] {logging_mixin.py:188} INFO - [2024-04-15T14:56:37.689+0000] {dag.py:3096} INFO - Sync 3 DAGs
[2024-04-15T14:56:37.711+0000] {logging_mixin.py:188} INFO - [2024-04-15T14:56:37.711+0000] {dag.py:3954} INFO - Setting next_dagrun for example_subdag_operator to 2022-01-01 00:00:00+00:00, run_after=2022-01-01 00:00:00+00:00
[2024-04-15T14:56:37.715+0000] {logging_mixin.py:188} INFO - [2024-04-15T14:56:37.715+0000] {dag.py:3954} INFO - Setting next_dagrun for example_subdag_operator.section-1 to None, run_after=None
[2024-04-15T14:56:37.717+0000] {logging_mixin.py:188} INFO - [2024-04-15T14:56:37.716+0000] {dag.py:3954} INFO - Setting next_dagrun for example_subdag_operator.section-2 to None, run_after=None
[2024-04-15T14:56:37.725+0000] {logging_mixin.py:188} INFO - [2024-04-15T14:56:37.725+0000] {dag.py:3096} INFO - Sync 2 DAGs
[2024-04-15T14:56:37.732+0000] {logging_mixin.py:188} INFO - [2024-04-15T14:56:37.731+0000] {dag.py:3954} INFO - Setting next_dagrun for example_subdag_operator.section-1 to None, run_after=None
[2024-04-15T14:56:37.732+0000] {logging_mixin.py:188} INFO - [2024-04-15T14:56:37.732+0000] {dag.py:3954} INFO - Setting next_dagrun for example_subdag_operator.section-2 to None, run_after=None
[2024-04-15T14:56:37.763+0000] {processor.py:183} INFO - Processing /home/airflow/.local/lib/python3.12/site-packages/airflow/example_dags/example_subdag_operator.py took 0.130 seconds
[2024-04-15T14:57:08.274+0000] {processor.py:161} INFO - Started process (PID=200) to work on /home/airflow/.local/lib/python3.12/site-packages/airflow/example_dags/example_subdag_operator.py
[2024-04-15T14:57:08.275+0000] {processor.py:830} INFO - Processing file /home/airflow/.local/lib/python3.12/site-packages/airflow/example_dags/example_subdag_operator.py for tasks to queue
[2024-04-15T14:57:08.277+0000] {logging_mixin.py:188} INFO - [2024-04-15T14:57:08.277+0000] {dagbag.py:540} INFO - Filling up the DagBag from /home/airflow/.local/lib/python3.12/site-packages/airflow/example_dags/example_subdag_operator.py
[2024-04-15T14:57:08.300+0000] {processor.py:840} INFO - DAG(s) 'example_subdag_operator.section-1', 'example_subdag_operator.section-2', 'example_subdag_operator' retrieved from /home/airflow/.local/lib/python3.12/site-packages/airflow/example_dags/example_subdag_operator.py
[2024-04-15T14:57:08.316+0000] {logging_mixin.py:188} INFO - [2024-04-15T14:57:08.316+0000] {dag.py:3096} INFO - Sync 3 DAGs
[2024-04-15T14:57:08.338+0000] {logging_mixin.py:188} INFO - [2024-04-15T14:57:08.338+0000] {dag.py:3954} INFO - Setting next_dagrun for example_subdag_operator to 2022-01-01 00:00:00+00:00, run_after=2022-01-01 00:00:00+00:00
[2024-04-15T14:57:08.342+0000] {logging_mixin.py:188} INFO - [2024-04-15T14:57:08.342+0000] {dag.py:3954} INFO - Setting next_dagrun for example_subdag_operator.section-1 to None, run_after=None
[2024-04-15T14:57:08.343+0000] {logging_mixin.py:188} INFO - [2024-04-15T14:57:08.343+0000] {dag.py:3954} INFO - Setting next_dagrun for example_subdag_operator.section-2 to None, run_after=None
[2024-04-15T14:57:08.352+0000] {logging_mixin.py:188} INFO - [2024-04-15T14:57:08.351+0000] {dag.py:3096} INFO - Sync 2 DAGs
[2024-04-15T14:57:08.358+0000] {logging_mixin.py:188} INFO - [2024-04-15T14:57:08.358+0000] {dag.py:3954} INFO - Setting next_dagrun for example_subdag_operator.section-1 to None, run_after=None
[2024-04-15T14:57:08.359+0000] {logging_mixin.py:188} INFO - [2024-04-15T14:57:08.359+0000] {dag.py:3954} INFO - Setting next_dagrun for example_subdag_operator.section-2 to None, run_after=None
[2024-04-15T14:57:08.369+0000] {processor.py:183} INFO - Processing /home/airflow/.local/lib/python3.12/site-packages/airflow/example_dags/example_subdag_operator.py took 0.101 seconds
[2024-04-15T14:57:38.697+0000] {processor.py:161} INFO - Started process (PID=266) to work on /home/airflow/.local/lib/python3.12/site-packages/airflow/example_dags/example_subdag_operator.py
[2024-04-15T14:57:38.698+0000] {processor.py:830} INFO - Processing file /home/airflow/.local/lib/python3.12/site-packages/airflow/example_dags/example_subdag_operator.py for tasks to queue
[2024-04-15T14:57:38.700+0000] {logging_mixin.py:188} INFO - [2024-04-15T14:57:38.700+0000] {dagbag.py:540} INFO - Filling up the DagBag from /home/airflow/.local/lib/python3.12/site-packages/airflow/example_dags/example_subdag_operator.py
[2024-04-15T14:57:38.726+0000] {processor.py:840} INFO - DAG(s) 'example_subdag_operator.section-1', 'example_subdag_operator.section-2', 'example_subdag_operator' retrieved from /home/airflow/.local/lib/python3.12/site-packages/airflow/example_dags/example_subdag_operator.py
[2024-04-15T14:57:38.743+0000] {logging_mixin.py:188} INFO - [2024-04-15T14:57:38.743+0000] {dag.py:3096} INFO - Sync 3 DAGs
[2024-04-15T14:57:38.770+0000] {logging_mixin.py:188} INFO - [2024-04-15T14:57:38.770+0000] {dag.py:3954} INFO - Setting next_dagrun for example_subdag_operator to 2022-01-01 00:00:00+00:00, run_after=2022-01-01 00:00:00+00:00
[2024-04-15T14:57:38.775+0000] {logging_mixin.py:188} INFO - [2024-04-15T14:57:38.775+0000] {dag.py:3954} INFO - Setting next_dagrun for example_subdag_operator.section-1 to None, run_after=None
[2024-04-15T14:57:38.778+0000] {logging_mixin.py:188} INFO - [2024-04-15T14:57:38.777+0000] {dag.py:3954} INFO - Setting next_dagrun for example_subdag_operator.section-2 to None, run_after=None
[2024-04-15T14:57:38.789+0000] {logging_mixin.py:188} INFO - [2024-04-15T14:57:38.788+0000] {dag.py:3096} INFO - Sync 2 DAGs
[2024-04-15T14:57:38.796+0000] {logging_mixin.py:188} INFO - [2024-04-15T14:57:38.795+0000] {dag.py:3954} INFO - Setting next_dagrun for example_subdag_operator.section-1 to None, run_after=None
[2024-04-15T14:57:38.796+0000] {logging_mixin.py:188} INFO - [2024-04-15T14:57:38.796+0000] {dag.py:3954} INFO - Setting next_dagrun for example_subdag_operator.section-2 to None, run_after=None
[2024-04-15T14:57:38.809+0000] {processor.py:183} INFO - Processing /home/airflow/.local/lib/python3.12/site-packages/airflow/example_dags/example_subdag_operator.py took 0.117 seconds
[2024-04-15T14:58:09.376+0000] {processor.py:161} INFO - Started process (PID=326) to work on /home/airflow/.local/lib/python3.12/site-packages/airflow/example_dags/example_subdag_operator.py
[2024-04-15T14:58:09.377+0000] {processor.py:830} INFO - Processing file /home/airflow/.local/lib/python3.12/site-packages/airflow/example_dags/example_subdag_operator.py for tasks to queue
[2024-04-15T14:58:09.379+0000] {logging_mixin.py:188} INFO - [2024-04-15T14:58:09.379+0000] {dagbag.py:540} INFO - Filling up the DagBag from /home/airflow/.local/lib/python3.12/site-packages/airflow/example_dags/example_subdag_operator.py
[2024-04-15T14:58:09.402+0000] {processor.py:840} INFO - DAG(s) 'example_subdag_operator.section-1', 'example_subdag_operator.section-2', 'example_subdag_operator' retrieved from /home/airflow/.local/lib/python3.12/site-packages/airflow/example_dags/example_subdag_operator.py
[2024-04-15T14:58:09.416+0000] {logging_mixin.py:188} INFO - [2024-04-15T14:58:09.416+0000] {dag.py:3096} INFO - Sync 3 DAGs
[2024-04-15T14:58:09.436+0000] {logging_mixin.py:188} INFO - [2024-04-15T14:58:09.435+0000] {dag.py:3954} INFO - Setting next_dagrun for example_subdag_operator to 2022-01-01 00:00:00+00:00, run_after=2022-01-01 00:00:00+00:00
[2024-04-15T14:58:09.440+0000] {logging_mixin.py:188} INFO - [2024-04-15T14:58:09.440+0000] {dag.py:3954} INFO - Setting next_dagrun for example_subdag_operator.section-1 to None, run_after=None
[2024-04-15T14:58:09.442+0000] {logging_mixin.py:188} INFO - [2024-04-15T14:58:09.441+0000] {dag.py:3954} INFO - Setting next_dagrun for example_subdag_operator.section-2 to None, run_after=None
[2024-04-15T14:58:09.448+0000] {logging_mixin.py:188} INFO - [2024-04-15T14:58:09.448+0000] {dag.py:3096} INFO - Sync 2 DAGs
[2024-04-15T14:58:09.453+0000] {logging_mixin.py:188} INFO - [2024-04-15T14:58:09.453+0000] {dag.py:3954} INFO - Setting next_dagrun for example_subdag_operator.section-1 to None, run_after=None
[2024-04-15T14:58:09.454+0000] {logging_mixin.py:188} INFO - [2024-04-15T14:58:09.454+0000] {dag.py:3954} INFO - Setting next_dagrun for example_subdag_operator.section-2 to None, run_after=None
[2024-04-15T14:58:09.462+0000] {processor.py:183} INFO - Processing /home/airflow/.local/lib/python3.12/site-packages/airflow/example_dags/example_subdag_operator.py took 0.090 seconds
[2024-04-15T14:58:39.753+0000] {processor.py:161} INFO - Started process (PID=386) to work on /home/airflow/.local/lib/python3.12/site-packages/airflow/example_dags/example_subdag_operator.py
[2024-04-15T14:58:39.754+0000] {processor.py:830} INFO - Processing file /home/airflow/.local/lib/python3.12/site-packages/airflow/example_dags/example_subdag_operator.py for tasks to queue
[2024-04-15T14:58:39.757+0000] {logging_mixin.py:188} INFO - [2024-04-15T14:58:39.756+0000] {dagbag.py:540} INFO - Filling up the DagBag from /home/airflow/.local/lib/python3.12/site-packages/airflow/example_dags/example_subdag_operator.py
[2024-04-15T14:58:39.778+0000] {processor.py:840} INFO - DAG(s) 'example_subdag_operator.section-1', 'example_subdag_operator.section-2', 'example_subdag_operator' retrieved from /home/airflow/.local/lib/python3.12/site-packages/airflow/example_dags/example_subdag_operator.py
[2024-04-15T14:58:39.792+0000] {logging_mixin.py:188} INFO - [2024-04-15T14:58:39.792+0000] {dag.py:3096} INFO - Sync 3 DAGs
[2024-04-15T14:58:39.809+0000] {logging_mixin.py:188} INFO - [2024-04-15T14:58:39.809+0000] {dag.py:3954} INFO - Setting next_dagrun for example_subdag_operator to 2022-01-01 00:00:00+00:00, run_after=2022-01-01 00:00:00+00:00
[2024-04-15T14:58:39.812+0000] {logging_mixin.py:188} INFO - [2024-04-15T14:58:39.812+0000] {dag.py:3954} INFO - Setting next_dagrun for example_subdag_operator.section-1 to None, run_after=None
[2024-04-15T14:58:39.814+0000] {logging_mixin.py:188} INFO - [2024-04-15T14:58:39.814+0000] {dag.py:3954} INFO - Setting next_dagrun for example_subdag_operator.section-2 to None, run_after=None
[2024-04-15T14:58:39.821+0000] {logging_mixin.py:188} INFO - [2024-04-15T14:58:39.820+0000] {dag.py:3096} INFO - Sync 2 DAGs
[2024-04-15T14:58:39.826+0000] {logging_mixin.py:188} INFO - [2024-04-15T14:58:39.826+0000] {dag.py:3954} INFO - Setting next_dagrun for example_subdag_operator.section-1 to None, run_after=None
[2024-04-15T14:58:39.827+0000] {logging_mixin.py:188} INFO - [2024-04-15T14:58:39.827+0000] {dag.py:3954} INFO - Setting next_dagrun for example_subdag_operator.section-2 to None, run_after=None
[2024-04-15T14:58:39.837+0000] {processor.py:183} INFO - Processing /home/airflow/.local/lib/python3.12/site-packages/airflow/example_dags/example_subdag_operator.py took 0.092 seconds
[2024-04-15T14:59:10.715+0000] {processor.py:161} INFO - Started process (PID=446) to work on /home/airflow/.local/lib/python3.12/site-packages/airflow/example_dags/example_subdag_operator.py
[2024-04-15T14:59:10.716+0000] {processor.py:830} INFO - Processing file /home/airflow/.local/lib/python3.12/site-packages/airflow/example_dags/example_subdag_operator.py for tasks to queue
[2024-04-15T14:59:10.718+0000] {logging_mixin.py:188} INFO - [2024-04-15T14:59:10.718+0000] {dagbag.py:540} INFO - Filling up the DagBag from /home/airflow/.local/lib/python3.12/site-packages/airflow/example_dags/example_subdag_operator.py
[2024-04-15T14:59:10.741+0000] {processor.py:840} INFO - DAG(s) 'example_subdag_operator.section-1', 'example_subdag_operator.section-2', 'example_subdag_operator' retrieved from /home/airflow/.local/lib/python3.12/site-packages/airflow/example_dags/example_subdag_operator.py
[2024-04-15T14:59:10.756+0000] {logging_mixin.py:188} INFO - [2024-04-15T14:59:10.755+0000] {dag.py:3096} INFO - Sync 3 DAGs
[2024-04-15T14:59:10.774+0000] {logging_mixin.py:188} INFO - [2024-04-15T14:59:10.774+0000] {dag.py:3954} INFO - Setting next_dagrun for example_subdag_operator to 2022-01-01 00:00:00+00:00, run_after=2022-01-01 00:00:00+00:00
[2024-04-15T14:59:10.778+0000] {logging_mixin.py:188} INFO - [2024-04-15T14:59:10.777+0000] {dag.py:3954} INFO - Setting next_dagrun for example_subdag_operator.section-1 to None, run_after=None
[2024-04-15T14:59:10.779+0000] {logging_mixin.py:188} INFO - [2024-04-15T14:59:10.779+0000] {dag.py:3954} INFO - Setting next_dagrun for example_subdag_operator.section-2 to None, run_after=None
[2024-04-15T14:59:10.788+0000] {logging_mixin.py:188} INFO - [2024-04-15T14:59:10.788+0000] {dag.py:3096} INFO - Sync 2 DAGs
[2024-04-15T14:59:10.794+0000] {logging_mixin.py:188} INFO - [2024-04-15T14:59:10.793+0000] {dag.py:3954} INFO - Setting next_dagrun for example_subdag_operator.section-1 to None, run_after=None
[2024-04-15T14:59:10.795+0000] {logging_mixin.py:188} INFO - [2024-04-15T14:59:10.794+0000] {dag.py:3954} INFO - Setting next_dagrun for example_subdag_operator.section-2 to None, run_after=None
[2024-04-15T14:59:10.804+0000] {processor.py:183} INFO - Processing /home/airflow/.local/lib/python3.12/site-packages/airflow/example_dags/example_subdag_operator.py took 0.096 seconds
[2024-04-15T14:59:41.775+0000] {processor.py:161} INFO - Started process (PID=506) to work on /home/airflow/.local/lib/python3.12/site-packages/airflow/example_dags/example_subdag_operator.py
[2024-04-15T14:59:41.776+0000] {processor.py:830} INFO - Processing file /home/airflow/.local/lib/python3.12/site-packages/airflow/example_dags/example_subdag_operator.py for tasks to queue
[2024-04-15T14:59:41.778+0000] {logging_mixin.py:188} INFO - [2024-04-15T14:59:41.778+0000] {dagbag.py:540} INFO - Filling up the DagBag from /home/airflow/.local/lib/python3.12/site-packages/airflow/example_dags/example_subdag_operator.py
[2024-04-15T14:59:41.811+0000] {processor.py:840} INFO - DAG(s) 'example_subdag_operator.section-1', 'example_subdag_operator.section-2', 'example_subdag_operator' retrieved from /home/airflow/.local/lib/python3.12/site-packages/airflow/example_dags/example_subdag_operator.py
[2024-04-15T14:59:41.841+0000] {logging_mixin.py:188} INFO - [2024-04-15T14:59:41.840+0000] {dag.py:3096} INFO - Sync 3 DAGs
[2024-04-15T14:59:41.871+0000] {logging_mixin.py:188} INFO - [2024-04-15T14:59:41.870+0000] {dag.py:3954} INFO - Setting next_dagrun for example_subdag_operator to 2022-01-01 00:00:00+00:00, run_after=2022-01-01 00:00:00+00:00
[2024-04-15T14:59:41.875+0000] {logging_mixin.py:188} INFO - [2024-04-15T14:59:41.875+0000] {dag.py:3954} INFO - Setting next_dagrun for example_subdag_operator.section-1 to None, run_after=None
[2024-04-15T14:59:41.877+0000] {logging_mixin.py:188} INFO - [2024-04-15T14:59:41.877+0000] {dag.py:3954} INFO - Setting next_dagrun for example_subdag_operator.section-2 to None, run_after=None
[2024-04-15T14:59:41.888+0000] {logging_mixin.py:188} INFO - [2024-04-15T14:59:41.888+0000] {dag.py:3096} INFO - Sync 2 DAGs
[2024-04-15T14:59:41.894+0000] {logging_mixin.py:188} INFO - [2024-04-15T14:59:41.894+0000] {dag.py:3954} INFO - Setting next_dagrun for example_subdag_operator.section-1 to None, run_after=None
[2024-04-15T14:59:41.895+0000] {logging_mixin.py:188} INFO - [2024-04-15T14:59:41.895+0000] {dag.py:3954} INFO - Setting next_dagrun for example_subdag_operator.section-2 to None, run_after=None
[2024-04-15T14:59:41.908+0000] {processor.py:183} INFO - Processing /home/airflow/.local/lib/python3.12/site-packages/airflow/example_dags/example_subdag_operator.py took 0.141 seconds
[2024-04-15T15:00:12.036+0000] {processor.py:161} INFO - Started process (PID=566) to work on /home/airflow/.local/lib/python3.12/site-packages/airflow/example_dags/example_subdag_operator.py
[2024-04-15T15:00:12.037+0000] {processor.py:830} INFO - Processing file /home/airflow/.local/lib/python3.12/site-packages/airflow/example_dags/example_subdag_operator.py for tasks to queue
[2024-04-15T15:00:12.039+0000] {logging_mixin.py:188} INFO - [2024-04-15T15:00:12.039+0000] {dagbag.py:540} INFO - Filling up the DagBag from /home/airflow/.local/lib/python3.12/site-packages/airflow/example_dags/example_subdag_operator.py
[2024-04-15T15:00:12.058+0000] {processor.py:840} INFO - DAG(s) 'example_subdag_operator.section-1', 'example_subdag_operator.section-2', 'example_subdag_operator' retrieved from /home/airflow/.local/lib/python3.12/site-packages/airflow/example_dags/example_subdag_operator.py
[2024-04-15T15:00:12.072+0000] {logging_mixin.py:188} INFO - [2024-04-15T15:00:12.072+0000] {dag.py:3096} INFO - Sync 3 DAGs
[2024-04-15T15:00:12.093+0000] {logging_mixin.py:188} INFO - [2024-04-15T15:00:12.093+0000] {dag.py:3954} INFO - Setting next_dagrun for example_subdag_operator to 2022-01-01 00:00:00+00:00, run_after=2022-01-01 00:00:00+00:00
[2024-04-15T15:00:12.097+0000] {logging_mixin.py:188} INFO - [2024-04-15T15:00:12.097+0000] {dag.py:3954} INFO - Setting next_dagrun for example_subdag_operator.section-1 to None, run_after=None
[2024-04-15T15:00:12.099+0000] {logging_mixin.py:188} INFO - [2024-04-15T15:00:12.099+0000] {dag.py:3954} INFO - Setting next_dagrun for example_subdag_operator.section-2 to None, run_after=None
[2024-04-15T15:00:12.107+0000] {logging_mixin.py:188} INFO - [2024-04-15T15:00:12.107+0000] {dag.py:3096} INFO - Sync 2 DAGs
[2024-04-15T15:00:12.112+0000] {logging_mixin.py:188} INFO - [2024-04-15T15:00:12.112+0000] {dag.py:3954} INFO - Setting next_dagrun for example_subdag_operator.section-1 to None, run_after=None
[2024-04-15T15:00:12.112+0000] {logging_mixin.py:188} INFO - [2024-04-15T15:00:12.112+0000] {dag.py:3954} INFO - Setting next_dagrun for example_subdag_operator.section-2 to None, run_after=None
[2024-04-15T15:00:12.122+0000] {processor.py:183} INFO - Processing /home/airflow/.local/lib/python3.12/site-packages/airflow/example_dags/example_subdag_operator.py took 0.091 seconds
[2024-04-15T15:00:42.685+0000] {processor.py:161} INFO - Started process (PID=626) to work on /home/airflow/.local/lib/python3.12/site-packages/airflow/example_dags/example_subdag_operator.py
[2024-04-15T15:00:42.687+0000] {processor.py:830} INFO - Processing file /home/airflow/.local/lib/python3.12/site-packages/airflow/example_dags/example_subdag_operator.py for tasks to queue
[2024-04-15T15:00:42.689+0000] {logging_mixin.py:188} INFO - [2024-04-15T15:00:42.688+0000] {dagbag.py:540} INFO - Filling up the DagBag from /home/airflow/.local/lib/python3.12/site-packages/airflow/example_dags/example_subdag_operator.py
[2024-04-15T15:00:42.709+0000] {processor.py:840} INFO - DAG(s) 'example_subdag_operator.section-1', 'example_subdag_operator.section-2', 'example_subdag_operator' retrieved from /home/airflow/.local/lib/python3.12/site-packages/airflow/example_dags/example_subdag_operator.py
[2024-04-15T15:00:42.728+0000] {logging_mixin.py:188} INFO - [2024-04-15T15:00:42.727+0000] {dag.py:3096} INFO - Sync 3 DAGs
[2024-04-15T15:00:42.747+0000] {logging_mixin.py:188} INFO - [2024-04-15T15:00:42.747+0000] {dag.py:3954} INFO - Setting next_dagrun for example_subdag_operator to 2022-01-01 00:00:00+00:00, run_after=2022-01-01 00:00:00+00:00
[2024-04-15T15:00:42.751+0000] {logging_mixin.py:188} INFO - [2024-04-15T15:00:42.751+0000] {dag.py:3954} INFO - Setting next_dagrun for example_subdag_operator.section-1 to None, run_after=None
[2024-04-15T15:00:42.753+0000] {logging_mixin.py:188} INFO - [2024-04-15T15:00:42.753+0000] {dag.py:3954} INFO - Setting next_dagrun for example_subdag_operator.section-2 to None, run_after=None
[2024-04-15T15:00:42.760+0000] {logging_mixin.py:188} INFO - [2024-04-15T15:00:42.760+0000] {dag.py:3096} INFO - Sync 2 DAGs
[2024-04-15T15:00:42.765+0000] {logging_mixin.py:188} INFO - [2024-04-15T15:00:42.765+0000] {dag.py:3954} INFO - Setting next_dagrun for example_subdag_operator.section-1 to None, run_after=None
[2024-04-15T15:00:42.766+0000] {logging_mixin.py:188} INFO - [2024-04-15T15:00:42.766+0000] {dag.py:3954} INFO - Setting next_dagrun for example_subdag_operator.section-2 to None, run_after=None
[2024-04-15T15:00:42.776+0000] {processor.py:183} INFO - Processing /home/airflow/.local/lib/python3.12/site-packages/airflow/example_dags/example_subdag_operator.py took 0.097 seconds
[2024-04-15T15:01:13.253+0000] {processor.py:161} INFO - Started process (PID=686) to work on /home/airflow/.local/lib/python3.12/site-packages/airflow/example_dags/example_subdag_operator.py
[2024-04-15T15:01:13.254+0000] {processor.py:830} INFO - Processing file /home/airflow/.local/lib/python3.12/site-packages/airflow/example_dags/example_subdag_operator.py for tasks to queue
[2024-04-15T15:01:13.256+0000] {logging_mixin.py:188} INFO - [2024-04-15T15:01:13.256+0000] {dagbag.py:540} INFO - Filling up the DagBag from /home/airflow/.local/lib/python3.12/site-packages/airflow/example_dags/example_subdag_operator.py
[2024-04-15T15:01:13.273+0000] {processor.py:840} INFO - DAG(s) 'example_subdag_operator.section-1', 'example_subdag_operator.section-2', 'example_subdag_operator' retrieved from /home/airflow/.local/lib/python3.12/site-packages/airflow/example_dags/example_subdag_operator.py
[2024-04-15T15:01:13.289+0000] {logging_mixin.py:188} INFO - [2024-04-15T15:01:13.288+0000] {dag.py:3096} INFO - Sync 3 DAGs
[2024-04-15T15:01:13.308+0000] {logging_mixin.py:188} INFO - [2024-04-15T15:01:13.308+0000] {dag.py:3954} INFO - Setting next_dagrun for example_subdag_operator to 2022-01-01 00:00:00+00:00, run_after=2022-01-01 00:00:00+00:00
[2024-04-15T15:01:13.312+0000] {logging_mixin.py:188} INFO - [2024-04-15T15:01:13.311+0000] {dag.py:3954} INFO - Setting next_dagrun for example_subdag_operator.section-1 to None, run_after=None
[2024-04-15T15:01:13.313+0000] {logging_mixin.py:188} INFO - [2024-04-15T15:01:13.313+0000] {dag.py:3954} INFO - Setting next_dagrun for example_subdag_operator.section-2 to None, run_after=None
[2024-04-15T15:01:13.321+0000] {logging_mixin.py:188} INFO - [2024-04-15T15:01:13.321+0000] {dag.py:3096} INFO - Sync 2 DAGs
[2024-04-15T15:01:13.326+0000] {logging_mixin.py:188} INFO - [2024-04-15T15:01:13.326+0000] {dag.py:3954} INFO - Setting next_dagrun for example_subdag_operator.section-1 to None, run_after=None
[2024-04-15T15:01:13.327+0000] {logging_mixin.py:188} INFO - [2024-04-15T15:01:13.327+0000] {dag.py:3954} INFO - Setting next_dagrun for example_subdag_operator.section-2 to None, run_after=None
[2024-04-15T15:01:13.336+0000] {processor.py:183} INFO - Processing /home/airflow/.local/lib/python3.12/site-packages/airflow/example_dags/example_subdag_operator.py took 0.088 seconds
[2024-04-15T15:01:43.390+0000] {processor.py:161} INFO - Started process (PID=746) to work on /home/airflow/.local/lib/python3.12/site-packages/airflow/example_dags/example_subdag_operator.py
[2024-04-15T15:01:43.392+0000] {processor.py:830} INFO - Processing file /home/airflow/.local/lib/python3.12/site-packages/airflow/example_dags/example_subdag_operator.py for tasks to queue
[2024-04-15T15:01:43.394+0000] {logging_mixin.py:188} INFO - [2024-04-15T15:01:43.394+0000] {dagbag.py:540} INFO - Filling up the DagBag from /home/airflow/.local/lib/python3.12/site-packages/airflow/example_dags/example_subdag_operator.py
[2024-04-15T15:01:43.418+0000] {processor.py:840} INFO - DAG(s) 'example_subdag_operator.section-1', 'example_subdag_operator.section-2', 'example_subdag_operator' retrieved from /home/airflow/.local/lib/python3.12/site-packages/airflow/example_dags/example_subdag_operator.py
[2024-04-15T15:01:43.436+0000] {logging_mixin.py:188} INFO - [2024-04-15T15:01:43.435+0000] {dag.py:3096} INFO - Sync 3 DAGs
[2024-04-15T15:01:43.464+0000] {logging_mixin.py:188} INFO - [2024-04-15T15:01:43.463+0000] {dag.py:3954} INFO - Setting next_dagrun for example_subdag_operator to 2022-01-01 00:00:00+00:00, run_after=2022-01-01 00:00:00+00:00
[2024-04-15T15:01:43.469+0000] {logging_mixin.py:188} INFO - [2024-04-15T15:01:43.468+0000] {dag.py:3954} INFO - Setting next_dagrun for example_subdag_operator.section-1 to None, run_after=None
[2024-04-15T15:01:43.471+0000] {logging_mixin.py:188} INFO - [2024-04-15T15:01:43.471+0000] {dag.py:3954} INFO - Setting next_dagrun for example_subdag_operator.section-2 to None, run_after=None
[2024-04-15T15:01:43.481+0000] {logging_mixin.py:188} INFO - [2024-04-15T15:01:43.480+0000] {dag.py:3096} INFO - Sync 2 DAGs
[2024-04-15T15:01:43.490+0000] {logging_mixin.py:188} INFO - [2024-04-15T15:01:43.490+0000] {dag.py:3954} INFO - Setting next_dagrun for example_subdag_operator.section-1 to None, run_after=None
[2024-04-15T15:01:43.491+0000] {logging_mixin.py:188} INFO - [2024-04-15T15:01:43.491+0000] {dag.py:3954} INFO - Setting next_dagrun for example_subdag_operator.section-2 to None, run_after=None
[2024-04-15T15:01:43.507+0000] {processor.py:183} INFO - Processing /home/airflow/.local/lib/python3.12/site-packages/airflow/example_dags/example_subdag_operator.py took 0.122 seconds
[2024-04-15T15:02:14.460+0000] {processor.py:161} INFO - Started process (PID=808) to work on /home/airflow/.local/lib/python3.12/site-packages/airflow/example_dags/example_subdag_operator.py
[2024-04-15T15:02:14.462+0000] {processor.py:830} INFO - Processing file /home/airflow/.local/lib/python3.12/site-packages/airflow/example_dags/example_subdag_operator.py for tasks to queue
[2024-04-15T15:02:14.466+0000] {logging_mixin.py:188} INFO - [2024-04-15T15:02:14.465+0000] {dagbag.py:540} INFO - Filling up the DagBag from /home/airflow/.local/lib/python3.12/site-packages/airflow/example_dags/example_subdag_operator.py
[2024-04-15T15:02:14.502+0000] {processor.py:840} INFO - DAG(s) 'example_subdag_operator.section-1', 'example_subdag_operator.section-2', 'example_subdag_operator' retrieved from /home/airflow/.local/lib/python3.12/site-packages/airflow/example_dags/example_subdag_operator.py
[2024-04-15T15:02:14.530+0000] {logging_mixin.py:188} INFO - [2024-04-15T15:02:14.529+0000] {dag.py:3096} INFO - Sync 3 DAGs
[2024-04-15T15:02:14.567+0000] {logging_mixin.py:188} INFO - [2024-04-15T15:02:14.566+0000] {dag.py:3954} INFO - Setting next_dagrun for example_subdag_operator to 2022-01-01 00:00:00+00:00, run_after=2022-01-01 00:00:00+00:00
[2024-04-15T15:02:14.573+0000] {logging_mixin.py:188} INFO - [2024-04-15T15:02:14.573+0000] {dag.py:3954} INFO - Setting next_dagrun for example_subdag_operator.section-1 to None, run_after=None
[2024-04-15T15:02:14.576+0000] {logging_mixin.py:188} INFO - [2024-04-15T15:02:14.575+0000] {dag.py:3954} INFO - Setting next_dagrun for example_subdag_operator.section-2 to None, run_after=None
[2024-04-15T15:02:14.590+0000] {logging_mixin.py:188} INFO - [2024-04-15T15:02:14.590+0000] {dag.py:3096} INFO - Sync 2 DAGs
[2024-04-15T15:02:14.601+0000] {logging_mixin.py:188} INFO - [2024-04-15T15:02:14.600+0000] {dag.py:3954} INFO - Setting next_dagrun for example_subdag_operator.section-1 to None, run_after=None
[2024-04-15T15:02:14.602+0000] {logging_mixin.py:188} INFO - [2024-04-15T15:02:14.602+0000] {dag.py:3954} INFO - Setting next_dagrun for example_subdag_operator.section-2 to None, run_after=None
[2024-04-15T15:02:14.622+0000] {processor.py:183} INFO - Processing /home/airflow/.local/lib/python3.12/site-packages/airflow/example_dags/example_subdag_operator.py took 0.176 seconds
[2024-04-15T15:02:45.129+0000] {processor.py:161} INFO - Started process (PID=868) to work on /home/airflow/.local/lib/python3.12/site-packages/airflow/example_dags/example_subdag_operator.py
[2024-04-15T15:02:45.130+0000] {processor.py:830} INFO - Processing file /home/airflow/.local/lib/python3.12/site-packages/airflow/example_dags/example_subdag_operator.py for tasks to queue
[2024-04-15T15:02:45.132+0000] {logging_mixin.py:188} INFO - [2024-04-15T15:02:45.132+0000] {dagbag.py:540} INFO - Filling up the DagBag from /home/airflow/.local/lib/python3.12/site-packages/airflow/example_dags/example_subdag_operator.py
[2024-04-15T15:02:45.157+0000] {processor.py:840} INFO - DAG(s) 'example_subdag_operator.section-1', 'example_subdag_operator.section-2', 'example_subdag_operator' retrieved from /home/airflow/.local/lib/python3.12/site-packages/airflow/example_dags/example_subdag_operator.py
[2024-04-15T15:02:45.175+0000] {logging_mixin.py:188} INFO - [2024-04-15T15:02:45.175+0000] {dag.py:3096} INFO - Sync 3 DAGs
[2024-04-15T15:02:45.201+0000] {logging_mixin.py:188} INFO - [2024-04-15T15:02:45.201+0000] {dag.py:3954} INFO - Setting next_dagrun for example_subdag_operator to 2022-01-01 00:00:00+00:00, run_after=2022-01-01 00:00:00+00:00
[2024-04-15T15:02:45.206+0000] {logging_mixin.py:188} INFO - [2024-04-15T15:02:45.205+0000] {dag.py:3954} INFO - Setting next_dagrun for example_subdag_operator.section-1 to None, run_after=None
[2024-04-15T15:02:45.208+0000] {logging_mixin.py:188} INFO - [2024-04-15T15:02:45.208+0000] {dag.py:3954} INFO - Setting next_dagrun for example_subdag_operator.section-2 to None, run_after=None
[2024-04-15T15:02:45.218+0000] {logging_mixin.py:188} INFO - [2024-04-15T15:02:45.218+0000] {dag.py:3096} INFO - Sync 2 DAGs
[2024-04-15T15:02:45.226+0000] {logging_mixin.py:188} INFO - [2024-04-15T15:02:45.226+0000] {dag.py:3954} INFO - Setting next_dagrun for example_subdag_operator.section-1 to None, run_after=None
[2024-04-15T15:02:45.227+0000] {logging_mixin.py:188} INFO - [2024-04-15T15:02:45.227+0000] {dag.py:3954} INFO - Setting next_dagrun for example_subdag_operator.section-2 to None, run_after=None
[2024-04-15T15:02:45.240+0000] {processor.py:183} INFO - Processing /home/airflow/.local/lib/python3.12/site-packages/airflow/example_dags/example_subdag_operator.py took 0.118 seconds
[2024-04-15T15:03:15.988+0000] {processor.py:161} INFO - Started process (PID=928) to work on /home/airflow/.local/lib/python3.12/site-packages/airflow/example_dags/example_subdag_operator.py
[2024-04-15T15:03:15.990+0000] {processor.py:830} INFO - Processing file /home/airflow/.local/lib/python3.12/site-packages/airflow/example_dags/example_subdag_operator.py for tasks to queue
[2024-04-15T15:03:15.992+0000] {logging_mixin.py:188} INFO - [2024-04-15T15:03:15.992+0000] {dagbag.py:540} INFO - Filling up the DagBag from /home/airflow/.local/lib/python3.12/site-packages/airflow/example_dags/example_subdag_operator.py
[2024-04-15T15:03:16.019+0000] {processor.py:840} INFO - DAG(s) 'example_subdag_operator.section-1', 'example_subdag_operator.section-2', 'example_subdag_operator' retrieved from /home/airflow/.local/lib/python3.12/site-packages/airflow/example_dags/example_subdag_operator.py
[2024-04-15T15:03:16.040+0000] {logging_mixin.py:188} INFO - [2024-04-15T15:03:16.039+0000] {dag.py:3096} INFO - Sync 3 DAGs
[2024-04-15T15:03:16.068+0000] {logging_mixin.py:188} INFO - [2024-04-15T15:03:16.068+0000] {dag.py:3954} INFO - Setting next_dagrun for example_subdag_operator to 2022-01-01 00:00:00+00:00, run_after=2022-01-01 00:00:00+00:00
[2024-04-15T15:03:16.076+0000] {logging_mixin.py:188} INFO - [2024-04-15T15:03:16.075+0000] {dag.py:3954} INFO - Setting next_dagrun for example_subdag_operator.section-1 to None, run_after=None
[2024-04-15T15:03:16.078+0000] {logging_mixin.py:188} INFO - [2024-04-15T15:03:16.078+0000] {dag.py:3954} INFO - Setting next_dagrun for example_subdag_operator.section-2 to None, run_after=None
[2024-04-15T15:03:16.089+0000] {logging_mixin.py:188} INFO - [2024-04-15T15:03:16.089+0000] {dag.py:3096} INFO - Sync 2 DAGs
[2024-04-15T15:03:16.250+0000] {logging_mixin.py:188} INFO - [2024-04-15T15:03:16.249+0000] {dag.py:3954} INFO - Setting next_dagrun for example_subdag_operator.section-1 to None, run_after=None
[2024-04-15T15:03:16.251+0000] {logging_mixin.py:188} INFO - [2024-04-15T15:03:16.250+0000] {dag.py:3954} INFO - Setting next_dagrun for example_subdag_operator.section-2 to None, run_after=None
[2024-04-15T15:03:16.266+0000] {processor.py:183} INFO - Processing /home/airflow/.local/lib/python3.12/site-packages/airflow/example_dags/example_subdag_operator.py took 0.285 seconds
[2024-04-15T15:03:46.304+0000] {processor.py:161} INFO - Started process (PID=988) to work on /home/airflow/.local/lib/python3.12/site-packages/airflow/example_dags/example_subdag_operator.py
[2024-04-15T15:03:46.305+0000] {processor.py:830} INFO - Processing file /home/airflow/.local/lib/python3.12/site-packages/airflow/example_dags/example_subdag_operator.py for tasks to queue
[2024-04-15T15:03:46.308+0000] {logging_mixin.py:188} INFO - [2024-04-15T15:03:46.307+0000] {dagbag.py:540} INFO - Filling up the DagBag from /home/airflow/.local/lib/python3.12/site-packages/airflow/example_dags/example_subdag_operator.py
[2024-04-15T15:03:46.330+0000] {processor.py:840} INFO - DAG(s) 'example_subdag_operator.section-1', 'example_subdag_operator.section-2', 'example_subdag_operator' retrieved from /home/airflow/.local/lib/python3.12/site-packages/airflow/example_dags/example_subdag_operator.py
[2024-04-15T15:03:46.347+0000] {logging_mixin.py:188} INFO - [2024-04-15T15:03:46.347+0000] {dag.py:3096} INFO - Sync 3 DAGs
[2024-04-15T15:03:46.368+0000] {logging_mixin.py:188} INFO - [2024-04-15T15:03:46.368+0000] {dag.py:3954} INFO - Setting next_dagrun for example_subdag_operator to 2022-01-01 00:00:00+00:00, run_after=2022-01-01 00:00:00+00:00
[2024-04-15T15:03:46.374+0000] {logging_mixin.py:188} INFO - [2024-04-15T15:03:46.374+0000] {dag.py:3954} INFO - Setting next_dagrun for example_subdag_operator.section-1 to None, run_after=None
[2024-04-15T15:03:46.376+0000] {logging_mixin.py:188} INFO - [2024-04-15T15:03:46.376+0000] {dag.py:3954} INFO - Setting next_dagrun for example_subdag_operator.section-2 to None, run_after=None
[2024-04-15T15:03:46.383+0000] {logging_mixin.py:188} INFO - [2024-04-15T15:03:46.383+0000] {dag.py:3096} INFO - Sync 2 DAGs
[2024-04-15T15:03:46.391+0000] {logging_mixin.py:188} INFO - [2024-04-15T15:03:46.390+0000] {dag.py:3954} INFO - Setting next_dagrun for example_subdag_operator.section-1 to None, run_after=None
[2024-04-15T15:03:46.392+0000] {logging_mixin.py:188} INFO - [2024-04-15T15:03:46.392+0000] {dag.py:3954} INFO - Setting next_dagrun for example_subdag_operator.section-2 to None, run_after=None
[2024-04-15T15:03:46.408+0000] {processor.py:183} INFO - Processing /home/airflow/.local/lib/python3.12/site-packages/airflow/example_dags/example_subdag_operator.py took 0.109 seconds
[2024-04-15T15:04:16.940+0000] {processor.py:161} INFO - Started process (PID=1048) to work on /home/airflow/.local/lib/python3.12/site-packages/airflow/example_dags/example_subdag_operator.py
[2024-04-15T15:04:16.941+0000] {processor.py:830} INFO - Processing file /home/airflow/.local/lib/python3.12/site-packages/airflow/example_dags/example_subdag_operator.py for tasks to queue
[2024-04-15T15:04:16.943+0000] {logging_mixin.py:188} INFO - [2024-04-15T15:04:16.943+0000] {dagbag.py:540} INFO - Filling up the DagBag from /home/airflow/.local/lib/python3.12/site-packages/airflow/example_dags/example_subdag_operator.py
[2024-04-15T15:04:16.962+0000] {processor.py:840} INFO - DAG(s) 'example_subdag_operator.section-1', 'example_subdag_operator.section-2', 'example_subdag_operator' retrieved from /home/airflow/.local/lib/python3.12/site-packages/airflow/example_dags/example_subdag_operator.py
[2024-04-15T15:04:16.974+0000] {logging_mixin.py:188} INFO - [2024-04-15T15:04:16.974+0000] {dag.py:3096} INFO - Sync 3 DAGs
[2024-04-15T15:04:16.991+0000] {logging_mixin.py:188} INFO - [2024-04-15T15:04:16.991+0000] {dag.py:3954} INFO - Setting next_dagrun for example_subdag_operator to 2022-01-01 00:00:00+00:00, run_after=2022-01-01 00:00:00+00:00
[2024-04-15T15:04:16.996+0000] {logging_mixin.py:188} INFO - [2024-04-15T15:04:16.996+0000] {dag.py:3954} INFO - Setting next_dagrun for example_subdag_operator.section-1 to None, run_after=None
[2024-04-15T15:04:16.998+0000] {logging_mixin.py:188} INFO - [2024-04-15T15:04:16.998+0000] {dag.py:3954} INFO - Setting next_dagrun for example_subdag_operator.section-2 to None, run_after=None
[2024-04-15T15:04:17.004+0000] {logging_mixin.py:188} INFO - [2024-04-15T15:04:17.004+0000] {dag.py:3096} INFO - Sync 2 DAGs
[2024-04-15T15:04:17.009+0000] {logging_mixin.py:188} INFO - [2024-04-15T15:04:17.009+0000] {dag.py:3954} INFO - Setting next_dagrun for example_subdag_operator.section-1 to None, run_after=None
[2024-04-15T15:04:17.010+0000] {logging_mixin.py:188} INFO - [2024-04-15T15:04:17.009+0000] {dag.py:3954} INFO - Setting next_dagrun for example_subdag_operator.section-2 to None, run_after=None
[2024-04-15T15:04:17.018+0000] {processor.py:183} INFO - Processing /home/airflow/.local/lib/python3.12/site-packages/airflow/example_dags/example_subdag_operator.py took 0.083 seconds
[2024-04-15T15:04:47.860+0000] {processor.py:161} INFO - Started process (PID=1108) to work on /home/airflow/.local/lib/python3.12/site-packages/airflow/example_dags/example_subdag_operator.py
[2024-04-15T15:04:47.861+0000] {processor.py:830} INFO - Processing file /home/airflow/.local/lib/python3.12/site-packages/airflow/example_dags/example_subdag_operator.py for tasks to queue
[2024-04-15T15:04:47.864+0000] {logging_mixin.py:188} INFO - [2024-04-15T15:04:47.864+0000] {dagbag.py:540} INFO - Filling up the DagBag from /home/airflow/.local/lib/python3.12/site-packages/airflow/example_dags/example_subdag_operator.py
[2024-04-15T15:04:47.902+0000] {processor.py:840} INFO - DAG(s) 'example_subdag_operator.section-1', 'example_subdag_operator.section-2', 'example_subdag_operator' retrieved from /home/airflow/.local/lib/python3.12/site-packages/airflow/example_dags/example_subdag_operator.py
[2024-04-15T15:04:47.923+0000] {logging_mixin.py:188} INFO - [2024-04-15T15:04:47.922+0000] {dag.py:3096} INFO - Sync 3 DAGs
[2024-04-15T15:04:47.950+0000] {logging_mixin.py:188} INFO - [2024-04-15T15:04:47.950+0000] {dag.py:3954} INFO - Setting next_dagrun for example_subdag_operator to 2022-01-01 00:00:00+00:00, run_after=2022-01-01 00:00:00+00:00
[2024-04-15T15:04:47.959+0000] {logging_mixin.py:188} INFO - [2024-04-15T15:04:47.959+0000] {dag.py:3954} INFO - Setting next_dagrun for example_subdag_operator.section-1 to None, run_after=None
[2024-04-15T15:04:47.962+0000] {logging_mixin.py:188} INFO - [2024-04-15T15:04:47.962+0000] {dag.py:3954} INFO - Setting next_dagrun for example_subdag_operator.section-2 to None, run_after=None
[2024-04-15T15:04:47.974+0000] {logging_mixin.py:188} INFO - [2024-04-15T15:04:47.973+0000] {dag.py:3096} INFO - Sync 2 DAGs
[2024-04-15T15:04:47.982+0000] {logging_mixin.py:188} INFO - [2024-04-15T15:04:47.981+0000] {dag.py:3954} INFO - Setting next_dagrun for example_subdag_operator.section-1 to None, run_after=None
[2024-04-15T15:04:47.983+0000] {logging_mixin.py:188} INFO - [2024-04-15T15:04:47.982+0000] {dag.py:3954} INFO - Setting next_dagrun for example_subdag_operator.section-2 to None, run_after=None
[2024-04-15T15:04:48.002+0000] {processor.py:183} INFO - Processing /home/airflow/.local/lib/python3.12/site-packages/airflow/example_dags/example_subdag_operator.py took 0.151 seconds
[2024-04-15T15:05:18.931+0000] {processor.py:161} INFO - Started process (PID=1168) to work on /home/airflow/.local/lib/python3.12/site-packages/airflow/example_dags/example_subdag_operator.py
[2024-04-15T15:05:18.932+0000] {processor.py:830} INFO - Processing file /home/airflow/.local/lib/python3.12/site-packages/airflow/example_dags/example_subdag_operator.py for tasks to queue
[2024-04-15T15:05:18.934+0000] {logging_mixin.py:188} INFO - [2024-04-15T15:05:18.934+0000] {dagbag.py:540} INFO - Filling up the DagBag from /home/airflow/.local/lib/python3.12/site-packages/airflow/example_dags/example_subdag_operator.py
[2024-04-15T15:05:18.968+0000] {processor.py:840} INFO - DAG(s) 'example_subdag_operator.section-1', 'example_subdag_operator.section-2', 'example_subdag_operator' retrieved from /home/airflow/.local/lib/python3.12/site-packages/airflow/example_dags/example_subdag_operator.py
[2024-04-15T15:05:19.237+0000] {logging_mixin.py:188} INFO - [2024-04-15T15:05:19.236+0000] {dag.py:3096} INFO - Sync 3 DAGs
[2024-04-15T15:05:19.276+0000] {logging_mixin.py:188} INFO - [2024-04-15T15:05:19.275+0000] {dag.py:3954} INFO - Setting next_dagrun for example_subdag_operator to 2022-01-01 00:00:00+00:00, run_after=2022-01-01 00:00:00+00:00
[2024-04-15T15:05:19.284+0000] {logging_mixin.py:188} INFO - [2024-04-15T15:05:19.284+0000] {dag.py:3954} INFO - Setting next_dagrun for example_subdag_operator.section-1 to None, run_after=None
[2024-04-15T15:05:19.289+0000] {logging_mixin.py:188} INFO - [2024-04-15T15:05:19.288+0000] {dag.py:3954} INFO - Setting next_dagrun for example_subdag_operator.section-2 to None, run_after=None
[2024-04-15T15:05:19.306+0000] {logging_mixin.py:188} INFO - [2024-04-15T15:05:19.305+0000] {dag.py:3096} INFO - Sync 2 DAGs
[2024-04-15T15:05:19.323+0000] {logging_mixin.py:188} INFO - [2024-04-15T15:05:19.322+0000] {dag.py:3954} INFO - Setting next_dagrun for example_subdag_operator.section-1 to None, run_after=None
[2024-04-15T15:05:19.327+0000] {logging_mixin.py:188} INFO - [2024-04-15T15:05:19.326+0000] {dag.py:3954} INFO - Setting next_dagrun for example_subdag_operator.section-2 to None, run_after=None
[2024-04-15T15:05:19.359+0000] {processor.py:183} INFO - Processing /home/airflow/.local/lib/python3.12/site-packages/airflow/example_dags/example_subdag_operator.py took 0.435 seconds
[2024-04-15T15:05:49.690+0000] {processor.py:161} INFO - Started process (PID=1228) to work on /home/airflow/.local/lib/python3.12/site-packages/airflow/example_dags/example_subdag_operator.py
[2024-04-15T15:05:49.692+0000] {processor.py:830} INFO - Processing file /home/airflow/.local/lib/python3.12/site-packages/airflow/example_dags/example_subdag_operator.py for tasks to queue
[2024-04-15T15:05:49.695+0000] {logging_mixin.py:188} INFO - [2024-04-15T15:05:49.694+0000] {dagbag.py:540} INFO - Filling up the DagBag from /home/airflow/.local/lib/python3.12/site-packages/airflow/example_dags/example_subdag_operator.py
[2024-04-15T15:05:49.721+0000] {processor.py:840} INFO - DAG(s) 'example_subdag_operator.section-1', 'example_subdag_operator.section-2', 'example_subdag_operator' retrieved from /home/airflow/.local/lib/python3.12/site-packages/airflow/example_dags/example_subdag_operator.py
[2024-04-15T15:05:49.737+0000] {logging_mixin.py:188} INFO - [2024-04-15T15:05:49.737+0000] {dag.py:3096} INFO - Sync 3 DAGs
[2024-04-15T15:05:49.901+0000] {logging_mixin.py:188} INFO - [2024-04-15T15:05:49.900+0000] {dag.py:3954} INFO - Setting next_dagrun for example_subdag_operator to 2022-01-01 00:00:00+00:00, run_after=2022-01-01 00:00:00+00:00
[2024-04-15T15:05:49.905+0000] {logging_mixin.py:188} INFO - [2024-04-15T15:05:49.904+0000] {dag.py:3954} INFO - Setting next_dagrun for example_subdag_operator.section-1 to None, run_after=None
[2024-04-15T15:05:49.906+0000] {logging_mixin.py:188} INFO - [2024-04-15T15:05:49.906+0000] {dag.py:3954} INFO - Setting next_dagrun for example_subdag_operator.section-2 to None, run_after=None
[2024-04-15T15:05:49.912+0000] {logging_mixin.py:188} INFO - [2024-04-15T15:05:49.912+0000] {dag.py:3096} INFO - Sync 2 DAGs
[2024-04-15T15:05:49.917+0000] {logging_mixin.py:188} INFO - [2024-04-15T15:05:49.916+0000] {dag.py:3954} INFO - Setting next_dagrun for example_subdag_operator.section-1 to None, run_after=None
[2024-04-15T15:05:49.917+0000] {logging_mixin.py:188} INFO - [2024-04-15T15:05:49.917+0000] {dag.py:3954} INFO - Setting next_dagrun for example_subdag_operator.section-2 to None, run_after=None
[2024-04-15T15:05:49.927+0000] {processor.py:183} INFO - Processing /home/airflow/.local/lib/python3.12/site-packages/airflow/example_dags/example_subdag_operator.py took 0.243 seconds
