[2024-04-15T14:44:55.894+0000] {processor.py:161} INFO - Started process (PID=74) to work on /home/airflow/.local/lib/python3.12/site-packages/airflow/example_dags/example_external_task_marker_dag.py
[2024-04-15T14:44:55.899+0000] {processor.py:830} INFO - Processing file /home/airflow/.local/lib/python3.12/site-packages/airflow/example_dags/example_external_task_marker_dag.py for tasks to queue
[2024-04-15T14:44:55.912+0000] {logging_mixin.py:188} INFO - [2024-04-15T14:44:55.909+0000] {dagbag.py:540} INFO - Filling up the DagBag from /home/airflow/.local/lib/python3.12/site-packages/airflow/example_dags/example_external_task_marker_dag.py
[2024-04-15T14:44:55.968+0000] {processor.py:840} INFO - DAG(s) 'example_external_task_marker_parent', 'example_external_task_marker_child' retrieved from /home/airflow/.local/lib/python3.12/site-packages/airflow/example_dags/example_external_task_marker_dag.py
[2024-04-15T14:44:56.340+0000] {logging_mixin.py:188} INFO - [2024-04-15T14:44:56.338+0000] {dag.py:3096} INFO - Sync 2 DAGs
[2024-04-15T14:44:56.358+0000] {logging_mixin.py:188} INFO - [2024-04-15T14:44:56.357+0000] {dag.py:3954} INFO - Setting next_dagrun for example_external_task_marker_child to None, run_after=None
[2024-04-15T14:44:56.363+0000] {logging_mixin.py:188} INFO - [2024-04-15T14:44:56.363+0000] {dag.py:3954} INFO - Setting next_dagrun for example_external_task_marker_parent to None, run_after=None
[2024-04-15T14:44:56.400+0000] {processor.py:183} INFO - Processing /home/airflow/.local/lib/python3.12/site-packages/airflow/example_dags/example_external_task_marker_dag.py took 0.535 seconds
[2024-04-15T14:45:27.088+0000] {processor.py:161} INFO - Started process (PID=132) to work on /home/airflow/.local/lib/python3.12/site-packages/airflow/example_dags/example_external_task_marker_dag.py
[2024-04-15T14:45:27.090+0000] {processor.py:830} INFO - Processing file /home/airflow/.local/lib/python3.12/site-packages/airflow/example_dags/example_external_task_marker_dag.py for tasks to queue
[2024-04-15T14:45:27.092+0000] {logging_mixin.py:188} INFO - [2024-04-15T14:45:27.091+0000] {dagbag.py:540} INFO - Filling up the DagBag from /home/airflow/.local/lib/python3.12/site-packages/airflow/example_dags/example_external_task_marker_dag.py
[2024-04-15T14:45:27.099+0000] {processor.py:840} INFO - DAG(s) 'example_external_task_marker_child', 'example_external_task_marker_parent' retrieved from /home/airflow/.local/lib/python3.12/site-packages/airflow/example_dags/example_external_task_marker_dag.py
[2024-04-15T14:45:27.128+0000] {logging_mixin.py:188} INFO - [2024-04-15T14:45:27.127+0000] {dag.py:3096} INFO - Sync 2 DAGs
[2024-04-15T14:45:27.156+0000] {logging_mixin.py:188} INFO - [2024-04-15T14:45:27.155+0000] {dag.py:3954} INFO - Setting next_dagrun for example_external_task_marker_child to None, run_after=None
[2024-04-15T14:45:27.162+0000] {logging_mixin.py:188} INFO - [2024-04-15T14:45:27.161+0000] {dag.py:3954} INFO - Setting next_dagrun for example_external_task_marker_parent to None, run_after=None
[2024-04-15T14:45:27.185+0000] {processor.py:183} INFO - Processing /home/airflow/.local/lib/python3.12/site-packages/airflow/example_dags/example_external_task_marker_dag.py took 0.103 seconds
[2024-04-15T14:45:57.660+0000] {processor.py:161} INFO - Started process (PID=191) to work on /home/airflow/.local/lib/python3.12/site-packages/airflow/example_dags/example_external_task_marker_dag.py
[2024-04-15T14:45:57.661+0000] {processor.py:830} INFO - Processing file /home/airflow/.local/lib/python3.12/site-packages/airflow/example_dags/example_external_task_marker_dag.py for tasks to queue
[2024-04-15T14:45:57.663+0000] {logging_mixin.py:188} INFO - [2024-04-15T14:45:57.662+0000] {dagbag.py:540} INFO - Filling up the DagBag from /home/airflow/.local/lib/python3.12/site-packages/airflow/example_dags/example_external_task_marker_dag.py
[2024-04-15T14:45:57.667+0000] {processor.py:840} INFO - DAG(s) 'example_external_task_marker_child', 'example_external_task_marker_parent' retrieved from /home/airflow/.local/lib/python3.12/site-packages/airflow/example_dags/example_external_task_marker_dag.py
[2024-04-15T14:45:57.690+0000] {logging_mixin.py:188} INFO - [2024-04-15T14:45:57.690+0000] {dag.py:3096} INFO - Sync 2 DAGs
[2024-04-15T14:45:57.706+0000] {logging_mixin.py:188} INFO - [2024-04-15T14:45:57.706+0000] {dag.py:3954} INFO - Setting next_dagrun for example_external_task_marker_child to None, run_after=None
[2024-04-15T14:45:57.712+0000] {logging_mixin.py:188} INFO - [2024-04-15T14:45:57.712+0000] {dag.py:3954} INFO - Setting next_dagrun for example_external_task_marker_parent to None, run_after=None
[2024-04-15T14:45:57.736+0000] {processor.py:183} INFO - Processing /home/airflow/.local/lib/python3.12/site-packages/airflow/example_dags/example_external_task_marker_dag.py took 0.081 seconds
[2024-04-15T14:46:27.931+0000] {processor.py:161} INFO - Started process (PID=249) to work on /home/airflow/.local/lib/python3.12/site-packages/airflow/example_dags/example_external_task_marker_dag.py
[2024-04-15T14:46:27.933+0000] {processor.py:830} INFO - Processing file /home/airflow/.local/lib/python3.12/site-packages/airflow/example_dags/example_external_task_marker_dag.py for tasks to queue
[2024-04-15T14:46:27.935+0000] {logging_mixin.py:188} INFO - [2024-04-15T14:46:27.934+0000] {dagbag.py:540} INFO - Filling up the DagBag from /home/airflow/.local/lib/python3.12/site-packages/airflow/example_dags/example_external_task_marker_dag.py
[2024-04-15T14:46:27.940+0000] {processor.py:840} INFO - DAG(s) 'example_external_task_marker_child', 'example_external_task_marker_parent' retrieved from /home/airflow/.local/lib/python3.12/site-packages/airflow/example_dags/example_external_task_marker_dag.py
[2024-04-15T14:46:27.961+0000] {logging_mixin.py:188} INFO - [2024-04-15T14:46:27.961+0000] {dag.py:3096} INFO - Sync 2 DAGs
[2024-04-15T14:46:27.972+0000] {logging_mixin.py:188} INFO - [2024-04-15T14:46:27.972+0000] {dag.py:3954} INFO - Setting next_dagrun for example_external_task_marker_child to None, run_after=None
[2024-04-15T14:46:27.977+0000] {logging_mixin.py:188} INFO - [2024-04-15T14:46:27.976+0000] {dag.py:3954} INFO - Setting next_dagrun for example_external_task_marker_parent to None, run_after=None
[2024-04-15T14:46:27.996+0000] {processor.py:183} INFO - Processing /home/airflow/.local/lib/python3.12/site-packages/airflow/example_dags/example_external_task_marker_dag.py took 0.069 seconds
[2024-04-15T14:46:58.120+0000] {processor.py:161} INFO - Started process (PID=307) to work on /home/airflow/.local/lib/python3.12/site-packages/airflow/example_dags/example_external_task_marker_dag.py
[2024-04-15T14:46:58.121+0000] {processor.py:830} INFO - Processing file /home/airflow/.local/lib/python3.12/site-packages/airflow/example_dags/example_external_task_marker_dag.py for tasks to queue
[2024-04-15T14:46:58.123+0000] {logging_mixin.py:188} INFO - [2024-04-15T14:46:58.123+0000] {dagbag.py:540} INFO - Filling up the DagBag from /home/airflow/.local/lib/python3.12/site-packages/airflow/example_dags/example_external_task_marker_dag.py
[2024-04-15T14:46:58.129+0000] {processor.py:840} INFO - DAG(s) 'example_external_task_marker_child', 'example_external_task_marker_parent' retrieved from /home/airflow/.local/lib/python3.12/site-packages/airflow/example_dags/example_external_task_marker_dag.py
[2024-04-15T14:46:58.154+0000] {logging_mixin.py:188} INFO - [2024-04-15T14:46:58.154+0000] {dag.py:3096} INFO - Sync 2 DAGs
[2024-04-15T14:46:58.166+0000] {logging_mixin.py:188} INFO - [2024-04-15T14:46:58.166+0000] {dag.py:3954} INFO - Setting next_dagrun for example_external_task_marker_child to None, run_after=None
[2024-04-15T14:46:58.170+0000] {logging_mixin.py:188} INFO - [2024-04-15T14:46:58.170+0000] {dag.py:3954} INFO - Setting next_dagrun for example_external_task_marker_parent to None, run_after=None
[2024-04-15T14:46:58.188+0000] {processor.py:183} INFO - Processing /home/airflow/.local/lib/python3.12/site-packages/airflow/example_dags/example_external_task_marker_dag.py took 0.072 seconds
[2024-04-15T14:47:28.621+0000] {processor.py:161} INFO - Started process (PID=365) to work on /home/airflow/.local/lib/python3.12/site-packages/airflow/example_dags/example_external_task_marker_dag.py
[2024-04-15T14:47:28.622+0000] {processor.py:830} INFO - Processing file /home/airflow/.local/lib/python3.12/site-packages/airflow/example_dags/example_external_task_marker_dag.py for tasks to queue
[2024-04-15T14:47:28.624+0000] {logging_mixin.py:188} INFO - [2024-04-15T14:47:28.624+0000] {dagbag.py:540} INFO - Filling up the DagBag from /home/airflow/.local/lib/python3.12/site-packages/airflow/example_dags/example_external_task_marker_dag.py
[2024-04-15T14:47:28.629+0000] {processor.py:840} INFO - DAG(s) 'example_external_task_marker_child', 'example_external_task_marker_parent' retrieved from /home/airflow/.local/lib/python3.12/site-packages/airflow/example_dags/example_external_task_marker_dag.py
[2024-04-15T14:47:28.653+0000] {logging_mixin.py:188} INFO - [2024-04-15T14:47:28.652+0000] {dag.py:3096} INFO - Sync 2 DAGs
[2024-04-15T14:47:28.665+0000] {logging_mixin.py:188} INFO - [2024-04-15T14:47:28.665+0000] {dag.py:3954} INFO - Setting next_dagrun for example_external_task_marker_child to None, run_after=None
[2024-04-15T14:47:28.669+0000] {logging_mixin.py:188} INFO - [2024-04-15T14:47:28.668+0000] {dag.py:3954} INFO - Setting next_dagrun for example_external_task_marker_parent to None, run_after=None
[2024-04-15T14:47:28.686+0000] {processor.py:183} INFO - Processing /home/airflow/.local/lib/python3.12/site-packages/airflow/example_dags/example_external_task_marker_dag.py took 0.070 seconds
[2024-04-15T14:47:58.799+0000] {processor.py:161} INFO - Started process (PID=423) to work on /home/airflow/.local/lib/python3.12/site-packages/airflow/example_dags/example_external_task_marker_dag.py
[2024-04-15T14:47:58.800+0000] {processor.py:830} INFO - Processing file /home/airflow/.local/lib/python3.12/site-packages/airflow/example_dags/example_external_task_marker_dag.py for tasks to queue
[2024-04-15T14:47:58.802+0000] {logging_mixin.py:188} INFO - [2024-04-15T14:47:58.801+0000] {dagbag.py:540} INFO - Filling up the DagBag from /home/airflow/.local/lib/python3.12/site-packages/airflow/example_dags/example_external_task_marker_dag.py
[2024-04-15T14:47:58.807+0000] {processor.py:840} INFO - DAG(s) 'example_external_task_marker_parent', 'example_external_task_marker_child' retrieved from /home/airflow/.local/lib/python3.12/site-packages/airflow/example_dags/example_external_task_marker_dag.py
[2024-04-15T14:47:58.827+0000] {logging_mixin.py:188} INFO - [2024-04-15T14:47:58.827+0000] {dag.py:3096} INFO - Sync 2 DAGs
[2024-04-15T14:47:58.840+0000] {logging_mixin.py:188} INFO - [2024-04-15T14:47:58.840+0000] {dag.py:3954} INFO - Setting next_dagrun for example_external_task_marker_child to None, run_after=None
[2024-04-15T14:47:58.845+0000] {logging_mixin.py:188} INFO - [2024-04-15T14:47:58.844+0000] {dag.py:3954} INFO - Setting next_dagrun for example_external_task_marker_parent to None, run_after=None
[2024-04-15T14:47:58.863+0000] {processor.py:183} INFO - Processing /home/airflow/.local/lib/python3.12/site-packages/airflow/example_dags/example_external_task_marker_dag.py took 0.068 seconds
[2024-04-15T14:48:29.076+0000] {processor.py:161} INFO - Started process (PID=481) to work on /home/airflow/.local/lib/python3.12/site-packages/airflow/example_dags/example_external_task_marker_dag.py
[2024-04-15T14:48:29.077+0000] {processor.py:830} INFO - Processing file /home/airflow/.local/lib/python3.12/site-packages/airflow/example_dags/example_external_task_marker_dag.py for tasks to queue
[2024-04-15T14:48:29.079+0000] {logging_mixin.py:188} INFO - [2024-04-15T14:48:29.078+0000] {dagbag.py:540} INFO - Filling up the DagBag from /home/airflow/.local/lib/python3.12/site-packages/airflow/example_dags/example_external_task_marker_dag.py
[2024-04-15T14:48:29.085+0000] {processor.py:840} INFO - DAG(s) 'example_external_task_marker_child', 'example_external_task_marker_parent' retrieved from /home/airflow/.local/lib/python3.12/site-packages/airflow/example_dags/example_external_task_marker_dag.py
[2024-04-15T14:48:29.115+0000] {logging_mixin.py:188} INFO - [2024-04-15T14:48:29.114+0000] {dag.py:3096} INFO - Sync 2 DAGs
[2024-04-15T14:48:29.128+0000] {logging_mixin.py:188} INFO - [2024-04-15T14:48:29.128+0000] {dag.py:3954} INFO - Setting next_dagrun for example_external_task_marker_child to None, run_after=None
[2024-04-15T14:48:29.133+0000] {logging_mixin.py:188} INFO - [2024-04-15T14:48:29.132+0000] {dag.py:3954} INFO - Setting next_dagrun for example_external_task_marker_parent to None, run_after=None
[2024-04-15T14:48:29.152+0000] {processor.py:183} INFO - Processing /home/airflow/.local/lib/python3.12/site-packages/airflow/example_dags/example_external_task_marker_dag.py took 0.081 seconds
[2024-04-15T14:48:59.737+0000] {processor.py:161} INFO - Started process (PID=539) to work on /home/airflow/.local/lib/python3.12/site-packages/airflow/example_dags/example_external_task_marker_dag.py
[2024-04-15T14:48:59.737+0000] {processor.py:830} INFO - Processing file /home/airflow/.local/lib/python3.12/site-packages/airflow/example_dags/example_external_task_marker_dag.py for tasks to queue
[2024-04-15T14:48:59.740+0000] {logging_mixin.py:188} INFO - [2024-04-15T14:48:59.740+0000] {dagbag.py:540} INFO - Filling up the DagBag from /home/airflow/.local/lib/python3.12/site-packages/airflow/example_dags/example_external_task_marker_dag.py
[2024-04-15T14:48:59.747+0000] {processor.py:840} INFO - DAG(s) 'example_external_task_marker_child', 'example_external_task_marker_parent' retrieved from /home/airflow/.local/lib/python3.12/site-packages/airflow/example_dags/example_external_task_marker_dag.py
[2024-04-15T14:48:59.778+0000] {logging_mixin.py:188} INFO - [2024-04-15T14:48:59.778+0000] {dag.py:3096} INFO - Sync 2 DAGs
[2024-04-15T14:48:59.798+0000] {logging_mixin.py:188} INFO - [2024-04-15T14:48:59.798+0000] {dag.py:3954} INFO - Setting next_dagrun for example_external_task_marker_child to None, run_after=None
[2024-04-15T14:48:59.804+0000] {logging_mixin.py:188} INFO - [2024-04-15T14:48:59.803+0000] {dag.py:3954} INFO - Setting next_dagrun for example_external_task_marker_parent to None, run_after=None
[2024-04-15T14:48:59.826+0000] {processor.py:183} INFO - Processing /home/airflow/.local/lib/python3.12/site-packages/airflow/example_dags/example_external_task_marker_dag.py took 0.094 seconds
[2024-04-15T14:49:30.204+0000] {processor.py:161} INFO - Started process (PID=597) to work on /home/airflow/.local/lib/python3.12/site-packages/airflow/example_dags/example_external_task_marker_dag.py
[2024-04-15T14:49:30.206+0000] {processor.py:830} INFO - Processing file /home/airflow/.local/lib/python3.12/site-packages/airflow/example_dags/example_external_task_marker_dag.py for tasks to queue
[2024-04-15T14:49:30.208+0000] {logging_mixin.py:188} INFO - [2024-04-15T14:49:30.208+0000] {dagbag.py:540} INFO - Filling up the DagBag from /home/airflow/.local/lib/python3.12/site-packages/airflow/example_dags/example_external_task_marker_dag.py
[2024-04-15T14:49:30.214+0000] {processor.py:840} INFO - DAG(s) 'example_external_task_marker_child', 'example_external_task_marker_parent' retrieved from /home/airflow/.local/lib/python3.12/site-packages/airflow/example_dags/example_external_task_marker_dag.py
[2024-04-15T14:49:30.238+0000] {logging_mixin.py:188} INFO - [2024-04-15T14:49:30.237+0000] {dag.py:3096} INFO - Sync 2 DAGs
[2024-04-15T14:49:30.252+0000] {logging_mixin.py:188} INFO - [2024-04-15T14:49:30.252+0000] {dag.py:3954} INFO - Setting next_dagrun for example_external_task_marker_child to None, run_after=None
[2024-04-15T14:49:30.256+0000] {logging_mixin.py:188} INFO - [2024-04-15T14:49:30.256+0000] {dag.py:3954} INFO - Setting next_dagrun for example_external_task_marker_parent to None, run_after=None
[2024-04-15T14:49:30.275+0000] {processor.py:183} INFO - Processing /home/airflow/.local/lib/python3.12/site-packages/airflow/example_dags/example_external_task_marker_dag.py took 0.075 seconds
[2024-04-15T14:50:00.621+0000] {processor.py:161} INFO - Started process (PID=655) to work on /home/airflow/.local/lib/python3.12/site-packages/airflow/example_dags/example_external_task_marker_dag.py
[2024-04-15T14:50:00.622+0000] {processor.py:830} INFO - Processing file /home/airflow/.local/lib/python3.12/site-packages/airflow/example_dags/example_external_task_marker_dag.py for tasks to queue
[2024-04-15T14:50:00.625+0000] {logging_mixin.py:188} INFO - [2024-04-15T14:50:00.624+0000] {dagbag.py:540} INFO - Filling up the DagBag from /home/airflow/.local/lib/python3.12/site-packages/airflow/example_dags/example_external_task_marker_dag.py
[2024-04-15T14:50:00.631+0000] {processor.py:840} INFO - DAG(s) 'example_external_task_marker_parent', 'example_external_task_marker_child' retrieved from /home/airflow/.local/lib/python3.12/site-packages/airflow/example_dags/example_external_task_marker_dag.py
[2024-04-15T14:50:00.661+0000] {logging_mixin.py:188} INFO - [2024-04-15T14:50:00.661+0000] {dag.py:3096} INFO - Sync 2 DAGs
[2024-04-15T14:50:00.676+0000] {logging_mixin.py:188} INFO - [2024-04-15T14:50:00.676+0000] {dag.py:3954} INFO - Setting next_dagrun for example_external_task_marker_child to None, run_after=None
[2024-04-15T14:50:00.682+0000] {logging_mixin.py:188} INFO - [2024-04-15T14:50:00.681+0000] {dag.py:3954} INFO - Setting next_dagrun for example_external_task_marker_parent to None, run_after=None
[2024-04-15T14:50:00.710+0000] {processor.py:183} INFO - Processing /home/airflow/.local/lib/python3.12/site-packages/airflow/example_dags/example_external_task_marker_dag.py took 0.097 seconds
[2024-04-15T14:50:31.096+0000] {processor.py:161} INFO - Started process (PID=713) to work on /home/airflow/.local/lib/python3.12/site-packages/airflow/example_dags/example_external_task_marker_dag.py
[2024-04-15T14:50:31.098+0000] {processor.py:830} INFO - Processing file /home/airflow/.local/lib/python3.12/site-packages/airflow/example_dags/example_external_task_marker_dag.py for tasks to queue
[2024-04-15T14:50:31.101+0000] {logging_mixin.py:188} INFO - [2024-04-15T14:50:31.100+0000] {dagbag.py:540} INFO - Filling up the DagBag from /home/airflow/.local/lib/python3.12/site-packages/airflow/example_dags/example_external_task_marker_dag.py
[2024-04-15T14:50:31.110+0000] {processor.py:840} INFO - DAG(s) 'example_external_task_marker_parent', 'example_external_task_marker_child' retrieved from /home/airflow/.local/lib/python3.12/site-packages/airflow/example_dags/example_external_task_marker_dag.py
[2024-04-15T14:50:31.148+0000] {logging_mixin.py:188} INFO - [2024-04-15T14:50:31.148+0000] {dag.py:3096} INFO - Sync 2 DAGs
[2024-04-15T14:50:31.171+0000] {logging_mixin.py:188} INFO - [2024-04-15T14:50:31.170+0000] {dag.py:3954} INFO - Setting next_dagrun for example_external_task_marker_child to None, run_after=None
[2024-04-15T14:50:31.176+0000] {logging_mixin.py:188} INFO - [2024-04-15T14:50:31.175+0000] {dag.py:3954} INFO - Setting next_dagrun for example_external_task_marker_parent to None, run_after=None
[2024-04-15T14:50:31.204+0000] {processor.py:183} INFO - Processing /home/airflow/.local/lib/python3.12/site-packages/airflow/example_dags/example_external_task_marker_dag.py took 0.119 seconds
[2024-04-15T14:51:01.453+0000] {processor.py:161} INFO - Started process (PID=771) to work on /home/airflow/.local/lib/python3.12/site-packages/airflow/example_dags/example_external_task_marker_dag.py
[2024-04-15T14:51:01.454+0000] {processor.py:830} INFO - Processing file /home/airflow/.local/lib/python3.12/site-packages/airflow/example_dags/example_external_task_marker_dag.py for tasks to queue
[2024-04-15T14:51:01.457+0000] {logging_mixin.py:188} INFO - [2024-04-15T14:51:01.457+0000] {dagbag.py:540} INFO - Filling up the DagBag from /home/airflow/.local/lib/python3.12/site-packages/airflow/example_dags/example_external_task_marker_dag.py
[2024-04-15T14:51:01.466+0000] {processor.py:840} INFO - DAG(s) 'example_external_task_marker_child', 'example_external_task_marker_parent' retrieved from /home/airflow/.local/lib/python3.12/site-packages/airflow/example_dags/example_external_task_marker_dag.py
[2024-04-15T14:51:01.498+0000] {logging_mixin.py:188} INFO - [2024-04-15T14:51:01.498+0000] {dag.py:3096} INFO - Sync 2 DAGs
[2024-04-15T14:51:01.514+0000] {logging_mixin.py:188} INFO - [2024-04-15T14:51:01.514+0000] {dag.py:3954} INFO - Setting next_dagrun for example_external_task_marker_child to None, run_after=None
[2024-04-15T14:51:01.523+0000] {logging_mixin.py:188} INFO - [2024-04-15T14:51:01.523+0000] {dag.py:3954} INFO - Setting next_dagrun for example_external_task_marker_parent to None, run_after=None
[2024-04-15T14:51:01.552+0000] {processor.py:183} INFO - Processing /home/airflow/.local/lib/python3.12/site-packages/airflow/example_dags/example_external_task_marker_dag.py took 0.105 seconds
[2024-04-15T14:51:32.021+0000] {processor.py:161} INFO - Started process (PID=829) to work on /home/airflow/.local/lib/python3.12/site-packages/airflow/example_dags/example_external_task_marker_dag.py
[2024-04-15T14:51:32.026+0000] {processor.py:830} INFO - Processing file /home/airflow/.local/lib/python3.12/site-packages/airflow/example_dags/example_external_task_marker_dag.py for tasks to queue
[2024-04-15T14:51:32.032+0000] {logging_mixin.py:188} INFO - [2024-04-15T14:51:32.031+0000] {dagbag.py:540} INFO - Filling up the DagBag from /home/airflow/.local/lib/python3.12/site-packages/airflow/example_dags/example_external_task_marker_dag.py
[2024-04-15T14:51:32.054+0000] {processor.py:840} INFO - DAG(s) 'example_external_task_marker_child', 'example_external_task_marker_parent' retrieved from /home/airflow/.local/lib/python3.12/site-packages/airflow/example_dags/example_external_task_marker_dag.py
[2024-04-15T14:51:32.152+0000] {logging_mixin.py:188} INFO - [2024-04-15T14:51:32.151+0000] {dag.py:3096} INFO - Sync 2 DAGs
[2024-04-15T14:51:32.189+0000] {logging_mixin.py:188} INFO - [2024-04-15T14:51:32.188+0000] {dag.py:3954} INFO - Setting next_dagrun for example_external_task_marker_child to None, run_after=None
[2024-04-15T14:51:32.199+0000] {logging_mixin.py:188} INFO - [2024-04-15T14:51:32.198+0000] {dag.py:3954} INFO - Setting next_dagrun for example_external_task_marker_parent to None, run_after=None
[2024-04-15T14:51:32.229+0000] {processor.py:183} INFO - Processing /home/airflow/.local/lib/python3.12/site-packages/airflow/example_dags/example_external_task_marker_dag.py took 0.233 seconds
[2024-04-15T14:52:02.411+0000] {processor.py:161} INFO - Started process (PID=886) to work on /home/airflow/.local/lib/python3.12/site-packages/airflow/example_dags/example_external_task_marker_dag.py
[2024-04-15T14:52:02.414+0000] {processor.py:830} INFO - Processing file /home/airflow/.local/lib/python3.12/site-packages/airflow/example_dags/example_external_task_marker_dag.py for tasks to queue
[2024-04-15T14:52:02.440+0000] {logging_mixin.py:188} INFO - [2024-04-15T14:52:02.438+0000] {dagbag.py:540} INFO - Filling up the DagBag from /home/airflow/.local/lib/python3.12/site-packages/airflow/example_dags/example_external_task_marker_dag.py
[2024-04-15T14:52:02.500+0000] {processor.py:840} INFO - DAG(s) 'example_external_task_marker_parent', 'example_external_task_marker_child' retrieved from /home/airflow/.local/lib/python3.12/site-packages/airflow/example_dags/example_external_task_marker_dag.py
[2024-04-15T14:52:02.632+0000] {logging_mixin.py:188} INFO - [2024-04-15T14:52:02.632+0000] {dag.py:3096} INFO - Sync 2 DAGs
[2024-04-15T14:52:02.676+0000] {logging_mixin.py:188} INFO - [2024-04-15T14:52:02.676+0000] {dag.py:3954} INFO - Setting next_dagrun for example_external_task_marker_child to None, run_after=None
[2024-04-15T14:52:02.688+0000] {logging_mixin.py:188} INFO - [2024-04-15T14:52:02.688+0000] {dag.py:3954} INFO - Setting next_dagrun for example_external_task_marker_parent to None, run_after=None
[2024-04-15T14:52:02.930+0000] {processor.py:183} INFO - Processing /home/airflow/.local/lib/python3.12/site-packages/airflow/example_dags/example_external_task_marker_dag.py took 0.536 seconds
[2024-04-15T14:52:33.652+0000] {processor.py:161} INFO - Started process (PID=945) to work on /home/airflow/.local/lib/python3.12/site-packages/airflow/example_dags/example_external_task_marker_dag.py
[2024-04-15T14:52:33.654+0000] {processor.py:830} INFO - Processing file /home/airflow/.local/lib/python3.12/site-packages/airflow/example_dags/example_external_task_marker_dag.py for tasks to queue
[2024-04-15T14:52:33.659+0000] {logging_mixin.py:188} INFO - [2024-04-15T14:52:33.658+0000] {dagbag.py:540} INFO - Filling up the DagBag from /home/airflow/.local/lib/python3.12/site-packages/airflow/example_dags/example_external_task_marker_dag.py
[2024-04-15T14:52:33.665+0000] {processor.py:840} INFO - DAG(s) 'example_external_task_marker_child', 'example_external_task_marker_parent' retrieved from /home/airflow/.local/lib/python3.12/site-packages/airflow/example_dags/example_external_task_marker_dag.py
[2024-04-15T14:52:33.686+0000] {logging_mixin.py:188} INFO - [2024-04-15T14:52:33.685+0000] {dag.py:3096} INFO - Sync 2 DAGs
[2024-04-15T14:52:33.852+0000] {logging_mixin.py:188} INFO - [2024-04-15T14:52:33.851+0000] {dag.py:3954} INFO - Setting next_dagrun for example_external_task_marker_child to None, run_after=None
[2024-04-15T14:52:33.857+0000] {logging_mixin.py:188} INFO - [2024-04-15T14:52:33.856+0000] {dag.py:3954} INFO - Setting next_dagrun for example_external_task_marker_parent to None, run_after=None
[2024-04-15T14:52:33.873+0000] {processor.py:183} INFO - Processing /home/airflow/.local/lib/python3.12/site-packages/airflow/example_dags/example_external_task_marker_dag.py took 0.228 seconds
[2024-04-15T14:53:04.429+0000] {processor.py:161} INFO - Started process (PID=1004) to work on /home/airflow/.local/lib/python3.12/site-packages/airflow/example_dags/example_external_task_marker_dag.py
[2024-04-15T14:53:04.430+0000] {processor.py:830} INFO - Processing file /home/airflow/.local/lib/python3.12/site-packages/airflow/example_dags/example_external_task_marker_dag.py for tasks to queue
[2024-04-15T14:53:04.432+0000] {logging_mixin.py:188} INFO - [2024-04-15T14:53:04.432+0000] {dagbag.py:540} INFO - Filling up the DagBag from /home/airflow/.local/lib/python3.12/site-packages/airflow/example_dags/example_external_task_marker_dag.py
[2024-04-15T14:53:04.437+0000] {processor.py:840} INFO - DAG(s) 'example_external_task_marker_parent', 'example_external_task_marker_child' retrieved from /home/airflow/.local/lib/python3.12/site-packages/airflow/example_dags/example_external_task_marker_dag.py
[2024-04-15T14:53:04.466+0000] {logging_mixin.py:188} INFO - [2024-04-15T14:53:04.465+0000] {dag.py:3096} INFO - Sync 2 DAGs
[2024-04-15T14:53:04.481+0000] {logging_mixin.py:188} INFO - [2024-04-15T14:53:04.481+0000] {dag.py:3954} INFO - Setting next_dagrun for example_external_task_marker_child to None, run_after=None
[2024-04-15T14:53:04.486+0000] {logging_mixin.py:188} INFO - [2024-04-15T14:53:04.485+0000] {dag.py:3954} INFO - Setting next_dagrun for example_external_task_marker_parent to None, run_after=None
[2024-04-15T14:53:04.508+0000] {processor.py:183} INFO - Processing /home/airflow/.local/lib/python3.12/site-packages/airflow/example_dags/example_external_task_marker_dag.py took 0.084 seconds
[2024-04-15T14:53:34.783+0000] {processor.py:161} INFO - Started process (PID=1062) to work on /home/airflow/.local/lib/python3.12/site-packages/airflow/example_dags/example_external_task_marker_dag.py
[2024-04-15T14:53:34.785+0000] {processor.py:830} INFO - Processing file /home/airflow/.local/lib/python3.12/site-packages/airflow/example_dags/example_external_task_marker_dag.py for tasks to queue
[2024-04-15T14:53:34.787+0000] {logging_mixin.py:188} INFO - [2024-04-15T14:53:34.787+0000] {dagbag.py:540} INFO - Filling up the DagBag from /home/airflow/.local/lib/python3.12/site-packages/airflow/example_dags/example_external_task_marker_dag.py
[2024-04-15T14:53:34.793+0000] {processor.py:840} INFO - DAG(s) 'example_external_task_marker_child', 'example_external_task_marker_parent' retrieved from /home/airflow/.local/lib/python3.12/site-packages/airflow/example_dags/example_external_task_marker_dag.py
[2024-04-15T14:53:34.813+0000] {logging_mixin.py:188} INFO - [2024-04-15T14:53:34.813+0000] {dag.py:3096} INFO - Sync 2 DAGs
[2024-04-15T14:53:34.827+0000] {logging_mixin.py:188} INFO - [2024-04-15T14:53:34.827+0000] {dag.py:3954} INFO - Setting next_dagrun for example_external_task_marker_child to None, run_after=None
[2024-04-15T14:53:34.832+0000] {logging_mixin.py:188} INFO - [2024-04-15T14:53:34.832+0000] {dag.py:3954} INFO - Setting next_dagrun for example_external_task_marker_parent to None, run_after=None
[2024-04-15T14:53:34.851+0000] {processor.py:183} INFO - Processing /home/airflow/.local/lib/python3.12/site-packages/airflow/example_dags/example_external_task_marker_dag.py took 0.072 seconds
[2024-04-15T14:54:05.290+0000] {processor.py:161} INFO - Started process (PID=1120) to work on /home/airflow/.local/lib/python3.12/site-packages/airflow/example_dags/example_external_task_marker_dag.py
[2024-04-15T14:54:05.293+0000] {processor.py:830} INFO - Processing file /home/airflow/.local/lib/python3.12/site-packages/airflow/example_dags/example_external_task_marker_dag.py for tasks to queue
[2024-04-15T14:54:05.297+0000] {logging_mixin.py:188} INFO - [2024-04-15T14:54:05.297+0000] {dagbag.py:540} INFO - Filling up the DagBag from /home/airflow/.local/lib/python3.12/site-packages/airflow/example_dags/example_external_task_marker_dag.py
[2024-04-15T14:54:05.308+0000] {processor.py:840} INFO - DAG(s) 'example_external_task_marker_child', 'example_external_task_marker_parent' retrieved from /home/airflow/.local/lib/python3.12/site-packages/airflow/example_dags/example_external_task_marker_dag.py
[2024-04-15T14:54:05.351+0000] {logging_mixin.py:188} INFO - [2024-04-15T14:54:05.351+0000] {dag.py:3096} INFO - Sync 2 DAGs
[2024-04-15T14:54:05.369+0000] {logging_mixin.py:188} INFO - [2024-04-15T14:54:05.368+0000] {dag.py:3954} INFO - Setting next_dagrun for example_external_task_marker_child to None, run_after=None
[2024-04-15T14:54:05.375+0000] {logging_mixin.py:188} INFO - [2024-04-15T14:54:05.375+0000] {dag.py:3954} INFO - Setting next_dagrun for example_external_task_marker_parent to None, run_after=None
[2024-04-15T14:54:05.404+0000] {processor.py:183} INFO - Processing /home/airflow/.local/lib/python3.12/site-packages/airflow/example_dags/example_external_task_marker_dag.py took 0.135 seconds
[2024-04-15T14:56:03.873+0000] {processor.py:161} INFO - Started process (PID=63) to work on /home/airflow/.local/lib/python3.12/site-packages/airflow/example_dags/example_external_task_marker_dag.py
[2024-04-15T14:56:03.874+0000] {processor.py:830} INFO - Processing file /home/airflow/.local/lib/python3.12/site-packages/airflow/example_dags/example_external_task_marker_dag.py for tasks to queue
[2024-04-15T14:56:03.877+0000] {logging_mixin.py:188} INFO - [2024-04-15T14:56:03.876+0000] {dagbag.py:540} INFO - Filling up the DagBag from /home/airflow/.local/lib/python3.12/site-packages/airflow/example_dags/example_external_task_marker_dag.py
[2024-04-15T14:56:03.889+0000] {processor.py:840} INFO - DAG(s) 'example_external_task_marker_child', 'example_external_task_marker_parent' retrieved from /home/airflow/.local/lib/python3.12/site-packages/airflow/example_dags/example_external_task_marker_dag.py
[2024-04-15T14:56:04.028+0000] {logging_mixin.py:188} INFO - [2024-04-15T14:56:04.028+0000] {dag.py:3096} INFO - Sync 2 DAGs
[2024-04-15T14:56:04.040+0000] {logging_mixin.py:188} INFO - [2024-04-15T14:56:04.040+0000] {dag.py:3954} INFO - Setting next_dagrun for example_external_task_marker_child to None, run_after=None
[2024-04-15T14:56:04.046+0000] {logging_mixin.py:188} INFO - [2024-04-15T14:56:04.046+0000] {dag.py:3954} INFO - Setting next_dagrun for example_external_task_marker_parent to None, run_after=None
[2024-04-15T14:56:04.075+0000] {processor.py:183} INFO - Processing /home/airflow/.local/lib/python3.12/site-packages/airflow/example_dags/example_external_task_marker_dag.py took 0.210 seconds
[2024-04-15T14:56:34.669+0000] {processor.py:161} INFO - Started process (PID=122) to work on /home/airflow/.local/lib/python3.12/site-packages/airflow/example_dags/example_external_task_marker_dag.py
[2024-04-15T14:56:34.671+0000] {processor.py:830} INFO - Processing file /home/airflow/.local/lib/python3.12/site-packages/airflow/example_dags/example_external_task_marker_dag.py for tasks to queue
[2024-04-15T14:56:34.674+0000] {logging_mixin.py:188} INFO - [2024-04-15T14:56:34.673+0000] {dagbag.py:540} INFO - Filling up the DagBag from /home/airflow/.local/lib/python3.12/site-packages/airflow/example_dags/example_external_task_marker_dag.py
[2024-04-15T14:56:34.682+0000] {processor.py:840} INFO - DAG(s) 'example_external_task_marker_child', 'example_external_task_marker_parent' retrieved from /home/airflow/.local/lib/python3.12/site-packages/airflow/example_dags/example_external_task_marker_dag.py
[2024-04-15T14:56:34.727+0000] {logging_mixin.py:188} INFO - [2024-04-15T14:56:34.727+0000] {dag.py:3096} INFO - Sync 2 DAGs
[2024-04-15T14:56:34.747+0000] {logging_mixin.py:188} INFO - [2024-04-15T14:56:34.747+0000] {dag.py:3954} INFO - Setting next_dagrun for example_external_task_marker_child to None, run_after=None
[2024-04-15T14:56:34.755+0000] {logging_mixin.py:188} INFO - [2024-04-15T14:56:34.754+0000] {dag.py:3954} INFO - Setting next_dagrun for example_external_task_marker_parent to None, run_after=None
[2024-04-15T14:56:34.786+0000] {processor.py:183} INFO - Processing /home/airflow/.local/lib/python3.12/site-packages/airflow/example_dags/example_external_task_marker_dag.py took 0.123 seconds
[2024-04-15T14:57:04.850+0000] {processor.py:161} INFO - Started process (PID=182) to work on /home/airflow/.local/lib/python3.12/site-packages/airflow/example_dags/example_external_task_marker_dag.py
[2024-04-15T14:57:04.851+0000] {processor.py:830} INFO - Processing file /home/airflow/.local/lib/python3.12/site-packages/airflow/example_dags/example_external_task_marker_dag.py for tasks to queue
[2024-04-15T14:57:04.857+0000] {logging_mixin.py:188} INFO - [2024-04-15T14:57:04.856+0000] {dagbag.py:540} INFO - Filling up the DagBag from /home/airflow/.local/lib/python3.12/site-packages/airflow/example_dags/example_external_task_marker_dag.py
[2024-04-15T14:57:04.865+0000] {processor.py:840} INFO - DAG(s) 'example_external_task_marker_child', 'example_external_task_marker_parent' retrieved from /home/airflow/.local/lib/python3.12/site-packages/airflow/example_dags/example_external_task_marker_dag.py
[2024-04-15T14:57:04.896+0000] {logging_mixin.py:188} INFO - [2024-04-15T14:57:04.895+0000] {dag.py:3096} INFO - Sync 2 DAGs
[2024-04-15T14:57:04.914+0000] {logging_mixin.py:188} INFO - [2024-04-15T14:57:04.913+0000] {dag.py:3954} INFO - Setting next_dagrun for example_external_task_marker_child to None, run_after=None
[2024-04-15T14:57:04.919+0000] {logging_mixin.py:188} INFO - [2024-04-15T14:57:04.919+0000] {dag.py:3954} INFO - Setting next_dagrun for example_external_task_marker_parent to None, run_after=None
[2024-04-15T14:57:04.940+0000] {processor.py:183} INFO - Processing /home/airflow/.local/lib/python3.12/site-packages/airflow/example_dags/example_external_task_marker_dag.py took 0.096 seconds
[2024-04-15T14:57:35.310+0000] {processor.py:161} INFO - Started process (PID=242) to work on /home/airflow/.local/lib/python3.12/site-packages/airflow/example_dags/example_external_task_marker_dag.py
[2024-04-15T14:57:35.311+0000] {processor.py:830} INFO - Processing file /home/airflow/.local/lib/python3.12/site-packages/airflow/example_dags/example_external_task_marker_dag.py for tasks to queue
[2024-04-15T14:57:35.313+0000] {logging_mixin.py:188} INFO - [2024-04-15T14:57:35.313+0000] {dagbag.py:540} INFO - Filling up the DagBag from /home/airflow/.local/lib/python3.12/site-packages/airflow/example_dags/example_external_task_marker_dag.py
[2024-04-15T14:57:35.320+0000] {processor.py:840} INFO - DAG(s) 'example_external_task_marker_parent', 'example_external_task_marker_child' retrieved from /home/airflow/.local/lib/python3.12/site-packages/airflow/example_dags/example_external_task_marker_dag.py
[2024-04-15T14:57:35.340+0000] {logging_mixin.py:188} INFO - [2024-04-15T14:57:35.340+0000] {dag.py:3096} INFO - Sync 2 DAGs
[2024-04-15T14:57:35.351+0000] {logging_mixin.py:188} INFO - [2024-04-15T14:57:35.350+0000] {dag.py:3954} INFO - Setting next_dagrun for example_external_task_marker_child to None, run_after=None
[2024-04-15T14:57:35.355+0000] {logging_mixin.py:188} INFO - [2024-04-15T14:57:35.355+0000] {dag.py:3954} INFO - Setting next_dagrun for example_external_task_marker_parent to None, run_after=None
[2024-04-15T14:57:35.368+0000] {processor.py:183} INFO - Processing /home/airflow/.local/lib/python3.12/site-packages/airflow/example_dags/example_external_task_marker_dag.py took 0.063 seconds
[2024-04-15T14:58:06.408+0000] {processor.py:161} INFO - Started process (PID=302) to work on /home/airflow/.local/lib/python3.12/site-packages/airflow/example_dags/example_external_task_marker_dag.py
[2024-04-15T14:58:06.409+0000] {processor.py:830} INFO - Processing file /home/airflow/.local/lib/python3.12/site-packages/airflow/example_dags/example_external_task_marker_dag.py for tasks to queue
[2024-04-15T14:58:06.412+0000] {logging_mixin.py:188} INFO - [2024-04-15T14:58:06.411+0000] {dagbag.py:540} INFO - Filling up the DagBag from /home/airflow/.local/lib/python3.12/site-packages/airflow/example_dags/example_external_task_marker_dag.py
[2024-04-15T14:58:06.419+0000] {processor.py:840} INFO - DAG(s) 'example_external_task_marker_parent', 'example_external_task_marker_child' retrieved from /home/airflow/.local/lib/python3.12/site-packages/airflow/example_dags/example_external_task_marker_dag.py
[2024-04-15T14:58:06.443+0000] {logging_mixin.py:188} INFO - [2024-04-15T14:58:06.442+0000] {dag.py:3096} INFO - Sync 2 DAGs
[2024-04-15T14:58:06.458+0000] {logging_mixin.py:188} INFO - [2024-04-15T14:58:06.458+0000] {dag.py:3954} INFO - Setting next_dagrun for example_external_task_marker_child to None, run_after=None
[2024-04-15T14:58:06.462+0000] {logging_mixin.py:188} INFO - [2024-04-15T14:58:06.461+0000] {dag.py:3954} INFO - Setting next_dagrun for example_external_task_marker_parent to None, run_after=None
[2024-04-15T14:58:06.480+0000] {processor.py:183} INFO - Processing /home/airflow/.local/lib/python3.12/site-packages/airflow/example_dags/example_external_task_marker_dag.py took 0.079 seconds
[2024-04-15T14:58:37.454+0000] {processor.py:161} INFO - Started process (PID=363) to work on /home/airflow/.local/lib/python3.12/site-packages/airflow/example_dags/example_external_task_marker_dag.py
[2024-04-15T14:58:37.455+0000] {processor.py:830} INFO - Processing file /home/airflow/.local/lib/python3.12/site-packages/airflow/example_dags/example_external_task_marker_dag.py for tasks to queue
[2024-04-15T14:58:37.457+0000] {logging_mixin.py:188} INFO - [2024-04-15T14:58:37.457+0000] {dagbag.py:540} INFO - Filling up the DagBag from /home/airflow/.local/lib/python3.12/site-packages/airflow/example_dags/example_external_task_marker_dag.py
[2024-04-15T14:58:37.462+0000] {processor.py:840} INFO - DAG(s) 'example_external_task_marker_parent', 'example_external_task_marker_child' retrieved from /home/airflow/.local/lib/python3.12/site-packages/airflow/example_dags/example_external_task_marker_dag.py
[2024-04-15T14:58:37.482+0000] {logging_mixin.py:188} INFO - [2024-04-15T14:58:37.481+0000] {dag.py:3096} INFO - Sync 2 DAGs
[2024-04-15T14:58:37.499+0000] {logging_mixin.py:188} INFO - [2024-04-15T14:58:37.498+0000] {dag.py:3954} INFO - Setting next_dagrun for example_external_task_marker_child to None, run_after=None
[2024-04-15T14:58:37.504+0000] {logging_mixin.py:188} INFO - [2024-04-15T14:58:37.504+0000] {dag.py:3954} INFO - Setting next_dagrun for example_external_task_marker_parent to None, run_after=None
[2024-04-15T14:58:37.525+0000] {processor.py:183} INFO - Processing /home/airflow/.local/lib/python3.12/site-packages/airflow/example_dags/example_external_task_marker_dag.py took 0.076 seconds
[2024-04-15T14:59:07.706+0000] {processor.py:161} INFO - Started process (PID=423) to work on /home/airflow/.local/lib/python3.12/site-packages/airflow/example_dags/example_external_task_marker_dag.py
[2024-04-15T14:59:07.708+0000] {processor.py:830} INFO - Processing file /home/airflow/.local/lib/python3.12/site-packages/airflow/example_dags/example_external_task_marker_dag.py for tasks to queue
[2024-04-15T14:59:07.715+0000] {logging_mixin.py:188} INFO - [2024-04-15T14:59:07.714+0000] {dagbag.py:540} INFO - Filling up the DagBag from /home/airflow/.local/lib/python3.12/site-packages/airflow/example_dags/example_external_task_marker_dag.py
[2024-04-15T14:59:07.744+0000] {processor.py:840} INFO - DAG(s) 'example_external_task_marker_child', 'example_external_task_marker_parent' retrieved from /home/airflow/.local/lib/python3.12/site-packages/airflow/example_dags/example_external_task_marker_dag.py
[2024-04-15T14:59:07.885+0000] {logging_mixin.py:188} INFO - [2024-04-15T14:59:07.883+0000] {dag.py:3096} INFO - Sync 2 DAGs
[2024-04-15T14:59:07.945+0000] {logging_mixin.py:188} INFO - [2024-04-15T14:59:07.944+0000] {dag.py:3954} INFO - Setting next_dagrun for example_external_task_marker_child to None, run_after=None
[2024-04-15T14:59:07.964+0000] {logging_mixin.py:188} INFO - [2024-04-15T14:59:07.963+0000] {dag.py:3954} INFO - Setting next_dagrun for example_external_task_marker_parent to None, run_after=None
[2024-04-15T14:59:08.050+0000] {processor.py:183} INFO - Processing /home/airflow/.local/lib/python3.12/site-packages/airflow/example_dags/example_external_task_marker_dag.py took 0.364 seconds
[2024-04-15T14:59:38.502+0000] {processor.py:161} INFO - Started process (PID=483) to work on /home/airflow/.local/lib/python3.12/site-packages/airflow/example_dags/example_external_task_marker_dag.py
[2024-04-15T14:59:38.504+0000] {processor.py:830} INFO - Processing file /home/airflow/.local/lib/python3.12/site-packages/airflow/example_dags/example_external_task_marker_dag.py for tasks to queue
[2024-04-15T14:59:38.506+0000] {logging_mixin.py:188} INFO - [2024-04-15T14:59:38.506+0000] {dagbag.py:540} INFO - Filling up the DagBag from /home/airflow/.local/lib/python3.12/site-packages/airflow/example_dags/example_external_task_marker_dag.py
[2024-04-15T14:59:38.512+0000] {processor.py:840} INFO - DAG(s) 'example_external_task_marker_parent', 'example_external_task_marker_child' retrieved from /home/airflow/.local/lib/python3.12/site-packages/airflow/example_dags/example_external_task_marker_dag.py
[2024-04-15T14:59:38.539+0000] {logging_mixin.py:188} INFO - [2024-04-15T14:59:38.538+0000] {dag.py:3096} INFO - Sync 2 DAGs
[2024-04-15T14:59:38.551+0000] {logging_mixin.py:188} INFO - [2024-04-15T14:59:38.551+0000] {dag.py:3954} INFO - Setting next_dagrun for example_external_task_marker_child to None, run_after=None
[2024-04-15T14:59:38.556+0000] {logging_mixin.py:188} INFO - [2024-04-15T14:59:38.556+0000] {dag.py:3954} INFO - Setting next_dagrun for example_external_task_marker_parent to None, run_after=None
[2024-04-15T14:59:38.575+0000] {processor.py:183} INFO - Processing /home/airflow/.local/lib/python3.12/site-packages/airflow/example_dags/example_external_task_marker_dag.py took 0.078 seconds
[2024-04-15T15:00:08.868+0000] {processor.py:161} INFO - Started process (PID=549) to work on /home/airflow/.local/lib/python3.12/site-packages/airflow/example_dags/example_external_task_marker_dag.py
[2024-04-15T15:00:08.870+0000] {processor.py:830} INFO - Processing file /home/airflow/.local/lib/python3.12/site-packages/airflow/example_dags/example_external_task_marker_dag.py for tasks to queue
[2024-04-15T15:00:08.872+0000] {logging_mixin.py:188} INFO - [2024-04-15T15:00:08.872+0000] {dagbag.py:540} INFO - Filling up the DagBag from /home/airflow/.local/lib/python3.12/site-packages/airflow/example_dags/example_external_task_marker_dag.py
[2024-04-15T15:00:08.880+0000] {processor.py:840} INFO - DAG(s) 'example_external_task_marker_parent', 'example_external_task_marker_child' retrieved from /home/airflow/.local/lib/python3.12/site-packages/airflow/example_dags/example_external_task_marker_dag.py
[2024-04-15T15:00:08.904+0000] {logging_mixin.py:188} INFO - [2024-04-15T15:00:08.903+0000] {dag.py:3096} INFO - Sync 2 DAGs
[2024-04-15T15:00:08.915+0000] {logging_mixin.py:188} INFO - [2024-04-15T15:00:08.915+0000] {dag.py:3954} INFO - Setting next_dagrun for example_external_task_marker_child to None, run_after=None
[2024-04-15T15:00:08.920+0000] {logging_mixin.py:188} INFO - [2024-04-15T15:00:08.920+0000] {dag.py:3954} INFO - Setting next_dagrun for example_external_task_marker_parent to None, run_after=None
[2024-04-15T15:00:08.943+0000] {processor.py:183} INFO - Processing /home/airflow/.local/lib/python3.12/site-packages/airflow/example_dags/example_external_task_marker_dag.py took 0.080 seconds
[2024-04-15T15:00:39.293+0000] {processor.py:161} INFO - Started process (PID=609) to work on /home/airflow/.local/lib/python3.12/site-packages/airflow/example_dags/example_external_task_marker_dag.py
[2024-04-15T15:00:39.294+0000] {processor.py:830} INFO - Processing file /home/airflow/.local/lib/python3.12/site-packages/airflow/example_dags/example_external_task_marker_dag.py for tasks to queue
[2024-04-15T15:00:39.296+0000] {logging_mixin.py:188} INFO - [2024-04-15T15:00:39.296+0000] {dagbag.py:540} INFO - Filling up the DagBag from /home/airflow/.local/lib/python3.12/site-packages/airflow/example_dags/example_external_task_marker_dag.py
[2024-04-15T15:00:39.301+0000] {processor.py:840} INFO - DAG(s) 'example_external_task_marker_child', 'example_external_task_marker_parent' retrieved from /home/airflow/.local/lib/python3.12/site-packages/airflow/example_dags/example_external_task_marker_dag.py
[2024-04-15T15:00:39.323+0000] {logging_mixin.py:188} INFO - [2024-04-15T15:00:39.323+0000] {dag.py:3096} INFO - Sync 2 DAGs
[2024-04-15T15:00:39.335+0000] {logging_mixin.py:188} INFO - [2024-04-15T15:00:39.335+0000] {dag.py:3954} INFO - Setting next_dagrun for example_external_task_marker_child to None, run_after=None
[2024-04-15T15:00:39.339+0000] {logging_mixin.py:188} INFO - [2024-04-15T15:00:39.339+0000] {dag.py:3954} INFO - Setting next_dagrun for example_external_task_marker_parent to None, run_after=None
[2024-04-15T15:00:39.356+0000] {processor.py:183} INFO - Processing /home/airflow/.local/lib/python3.12/site-packages/airflow/example_dags/example_external_task_marker_dag.py took 0.069 seconds
[2024-04-15T15:01:09.950+0000] {processor.py:161} INFO - Started process (PID=669) to work on /home/airflow/.local/lib/python3.12/site-packages/airflow/example_dags/example_external_task_marker_dag.py
[2024-04-15T15:01:09.952+0000] {processor.py:830} INFO - Processing file /home/airflow/.local/lib/python3.12/site-packages/airflow/example_dags/example_external_task_marker_dag.py for tasks to queue
[2024-04-15T15:01:09.953+0000] {logging_mixin.py:188} INFO - [2024-04-15T15:01:09.953+0000] {dagbag.py:540} INFO - Filling up the DagBag from /home/airflow/.local/lib/python3.12/site-packages/airflow/example_dags/example_external_task_marker_dag.py
[2024-04-15T15:01:09.959+0000] {processor.py:840} INFO - DAG(s) 'example_external_task_marker_parent', 'example_external_task_marker_child' retrieved from /home/airflow/.local/lib/python3.12/site-packages/airflow/example_dags/example_external_task_marker_dag.py
[2024-04-15T15:01:09.981+0000] {logging_mixin.py:188} INFO - [2024-04-15T15:01:09.981+0000] {dag.py:3096} INFO - Sync 2 DAGs
[2024-04-15T15:01:09.993+0000] {logging_mixin.py:188} INFO - [2024-04-15T15:01:09.993+0000] {dag.py:3954} INFO - Setting next_dagrun for example_external_task_marker_child to None, run_after=None
[2024-04-15T15:01:09.997+0000] {logging_mixin.py:188} INFO - [2024-04-15T15:01:09.997+0000] {dag.py:3954} INFO - Setting next_dagrun for example_external_task_marker_parent to None, run_after=None
[2024-04-15T15:01:10.012+0000] {processor.py:183} INFO - Processing /home/airflow/.local/lib/python3.12/site-packages/airflow/example_dags/example_external_task_marker_dag.py took 0.067 seconds
[2024-04-15T15:01:40.081+0000] {processor.py:161} INFO - Started process (PID=728) to work on /home/airflow/.local/lib/python3.12/site-packages/airflow/example_dags/example_external_task_marker_dag.py
[2024-04-15T15:01:40.084+0000] {processor.py:830} INFO - Processing file /home/airflow/.local/lib/python3.12/site-packages/airflow/example_dags/example_external_task_marker_dag.py for tasks to queue
[2024-04-15T15:01:40.090+0000] {logging_mixin.py:188} INFO - [2024-04-15T15:01:40.088+0000] {dagbag.py:540} INFO - Filling up the DagBag from /home/airflow/.local/lib/python3.12/site-packages/airflow/example_dags/example_external_task_marker_dag.py
[2024-04-15T15:01:40.111+0000] {processor.py:840} INFO - DAG(s) 'example_external_task_marker_child', 'example_external_task_marker_parent' retrieved from /home/airflow/.local/lib/python3.12/site-packages/airflow/example_dags/example_external_task_marker_dag.py
[2024-04-15T15:01:40.148+0000] {logging_mixin.py:188} INFO - [2024-04-15T15:01:40.147+0000] {dag.py:3096} INFO - Sync 2 DAGs
[2024-04-15T15:01:40.164+0000] {logging_mixin.py:188} INFO - [2024-04-15T15:01:40.163+0000] {dag.py:3954} INFO - Setting next_dagrun for example_external_task_marker_child to None, run_after=None
[2024-04-15T15:01:40.168+0000] {logging_mixin.py:188} INFO - [2024-04-15T15:01:40.168+0000] {dag.py:3954} INFO - Setting next_dagrun for example_external_task_marker_parent to None, run_after=None
[2024-04-15T15:01:40.188+0000] {processor.py:183} INFO - Processing /home/airflow/.local/lib/python3.12/site-packages/airflow/example_dags/example_external_task_marker_dag.py took 0.125 seconds
[2024-04-15T15:02:11.175+0000] {processor.py:161} INFO - Started process (PID=791) to work on /home/airflow/.local/lib/python3.12/site-packages/airflow/example_dags/example_external_task_marker_dag.py
[2024-04-15T15:02:11.176+0000] {processor.py:830} INFO - Processing file /home/airflow/.local/lib/python3.12/site-packages/airflow/example_dags/example_external_task_marker_dag.py for tasks to queue
[2024-04-15T15:02:11.179+0000] {logging_mixin.py:188} INFO - [2024-04-15T15:02:11.178+0000] {dagbag.py:540} INFO - Filling up the DagBag from /home/airflow/.local/lib/python3.12/site-packages/airflow/example_dags/example_external_task_marker_dag.py
[2024-04-15T15:02:11.188+0000] {processor.py:840} INFO - DAG(s) 'example_external_task_marker_parent', 'example_external_task_marker_child' retrieved from /home/airflow/.local/lib/python3.12/site-packages/airflow/example_dags/example_external_task_marker_dag.py
[2024-04-15T15:02:11.216+0000] {logging_mixin.py:188} INFO - [2024-04-15T15:02:11.215+0000] {dag.py:3096} INFO - Sync 2 DAGs
[2024-04-15T15:02:11.231+0000] {logging_mixin.py:188} INFO - [2024-04-15T15:02:11.231+0000] {dag.py:3954} INFO - Setting next_dagrun for example_external_task_marker_child to None, run_after=None
[2024-04-15T15:02:11.236+0000] {logging_mixin.py:188} INFO - [2024-04-15T15:02:11.235+0000] {dag.py:3954} INFO - Setting next_dagrun for example_external_task_marker_parent to None, run_after=None
[2024-04-15T15:02:11.255+0000] {processor.py:183} INFO - Processing /home/airflow/.local/lib/python3.12/site-packages/airflow/example_dags/example_external_task_marker_dag.py took 0.088 seconds
[2024-04-15T15:02:41.828+0000] {processor.py:161} INFO - Started process (PID=851) to work on /home/airflow/.local/lib/python3.12/site-packages/airflow/example_dags/example_external_task_marker_dag.py
[2024-04-15T15:02:41.829+0000] {processor.py:830} INFO - Processing file /home/airflow/.local/lib/python3.12/site-packages/airflow/example_dags/example_external_task_marker_dag.py for tasks to queue
[2024-04-15T15:02:41.831+0000] {logging_mixin.py:188} INFO - [2024-04-15T15:02:41.831+0000] {dagbag.py:540} INFO - Filling up the DagBag from /home/airflow/.local/lib/python3.12/site-packages/airflow/example_dags/example_external_task_marker_dag.py
[2024-04-15T15:02:41.836+0000] {processor.py:840} INFO - DAG(s) 'example_external_task_marker_parent', 'example_external_task_marker_child' retrieved from /home/airflow/.local/lib/python3.12/site-packages/airflow/example_dags/example_external_task_marker_dag.py
[2024-04-15T15:02:41.858+0000] {logging_mixin.py:188} INFO - [2024-04-15T15:02:41.858+0000] {dag.py:3096} INFO - Sync 2 DAGs
[2024-04-15T15:02:41.870+0000] {logging_mixin.py:188} INFO - [2024-04-15T15:02:41.870+0000] {dag.py:3954} INFO - Setting next_dagrun for example_external_task_marker_child to None, run_after=None
[2024-04-15T15:02:41.874+0000] {logging_mixin.py:188} INFO - [2024-04-15T15:02:41.874+0000] {dag.py:3954} INFO - Setting next_dagrun for example_external_task_marker_parent to None, run_after=None
[2024-04-15T15:02:41.892+0000] {processor.py:183} INFO - Processing /home/airflow/.local/lib/python3.12/site-packages/airflow/example_dags/example_external_task_marker_dag.py took 0.068 seconds
[2024-04-15T15:03:12.017+0000] {processor.py:161} INFO - Started process (PID=909) to work on /home/airflow/.local/lib/python3.12/site-packages/airflow/example_dags/example_external_task_marker_dag.py
[2024-04-15T15:03:12.019+0000] {processor.py:830} INFO - Processing file /home/airflow/.local/lib/python3.12/site-packages/airflow/example_dags/example_external_task_marker_dag.py for tasks to queue
[2024-04-15T15:03:12.022+0000] {logging_mixin.py:188} INFO - [2024-04-15T15:03:12.021+0000] {dagbag.py:540} INFO - Filling up the DagBag from /home/airflow/.local/lib/python3.12/site-packages/airflow/example_dags/example_external_task_marker_dag.py
[2024-04-15T15:03:12.027+0000] {processor.py:840} INFO - DAG(s) 'example_external_task_marker_child', 'example_external_task_marker_parent' retrieved from /home/airflow/.local/lib/python3.12/site-packages/airflow/example_dags/example_external_task_marker_dag.py
[2024-04-15T15:03:12.057+0000] {logging_mixin.py:188} INFO - [2024-04-15T15:03:12.056+0000] {dag.py:3096} INFO - Sync 2 DAGs
[2024-04-15T15:03:12.075+0000] {logging_mixin.py:188} INFO - [2024-04-15T15:03:12.075+0000] {dag.py:3954} INFO - Setting next_dagrun for example_external_task_marker_child to None, run_after=None
[2024-04-15T15:03:12.081+0000] {logging_mixin.py:188} INFO - [2024-04-15T15:03:12.081+0000] {dag.py:3954} INFO - Setting next_dagrun for example_external_task_marker_parent to None, run_after=None
[2024-04-15T15:03:12.117+0000] {processor.py:183} INFO - Processing /home/airflow/.local/lib/python3.12/site-packages/airflow/example_dags/example_external_task_marker_dag.py took 0.105 seconds
[2024-04-15T15:03:42.211+0000] {processor.py:161} INFO - Started process (PID=969) to work on /home/airflow/.local/lib/python3.12/site-packages/airflow/example_dags/example_external_task_marker_dag.py
[2024-04-15T15:03:42.212+0000] {processor.py:830} INFO - Processing file /home/airflow/.local/lib/python3.12/site-packages/airflow/example_dags/example_external_task_marker_dag.py for tasks to queue
[2024-04-15T15:03:42.215+0000] {logging_mixin.py:188} INFO - [2024-04-15T15:03:42.214+0000] {dagbag.py:540} INFO - Filling up the DagBag from /home/airflow/.local/lib/python3.12/site-packages/airflow/example_dags/example_external_task_marker_dag.py
[2024-04-15T15:03:42.221+0000] {processor.py:840} INFO - DAG(s) 'example_external_task_marker_parent', 'example_external_task_marker_child' retrieved from /home/airflow/.local/lib/python3.12/site-packages/airflow/example_dags/example_external_task_marker_dag.py
[2024-04-15T15:03:42.240+0000] {logging_mixin.py:188} INFO - [2024-04-15T15:03:42.240+0000] {dag.py:3096} INFO - Sync 2 DAGs
[2024-04-15T15:03:42.254+0000] {logging_mixin.py:188} INFO - [2024-04-15T15:03:42.253+0000] {dag.py:3954} INFO - Setting next_dagrun for example_external_task_marker_child to None, run_after=None
[2024-04-15T15:03:42.258+0000] {logging_mixin.py:188} INFO - [2024-04-15T15:03:42.258+0000] {dag.py:3954} INFO - Setting next_dagrun for example_external_task_marker_parent to None, run_after=None
[2024-04-15T15:03:42.277+0000] {processor.py:183} INFO - Processing /home/airflow/.local/lib/python3.12/site-packages/airflow/example_dags/example_external_task_marker_dag.py took 0.072 seconds
[2024-04-15T15:04:12.762+0000] {processor.py:161} INFO - Started process (PID=1029) to work on /home/airflow/.local/lib/python3.12/site-packages/airflow/example_dags/example_external_task_marker_dag.py
[2024-04-15T15:04:12.764+0000] {processor.py:830} INFO - Processing file /home/airflow/.local/lib/python3.12/site-packages/airflow/example_dags/example_external_task_marker_dag.py for tasks to queue
[2024-04-15T15:04:12.767+0000] {logging_mixin.py:188} INFO - [2024-04-15T15:04:12.767+0000] {dagbag.py:540} INFO - Filling up the DagBag from /home/airflow/.local/lib/python3.12/site-packages/airflow/example_dags/example_external_task_marker_dag.py
[2024-04-15T15:04:12.775+0000] {processor.py:840} INFO - DAG(s) 'example_external_task_marker_child', 'example_external_task_marker_parent' retrieved from /home/airflow/.local/lib/python3.12/site-packages/airflow/example_dags/example_external_task_marker_dag.py
[2024-04-15T15:04:12.800+0000] {logging_mixin.py:188} INFO - [2024-04-15T15:04:12.800+0000] {dag.py:3096} INFO - Sync 2 DAGs
[2024-04-15T15:04:12.811+0000] {logging_mixin.py:188} INFO - [2024-04-15T15:04:12.811+0000] {dag.py:3954} INFO - Setting next_dagrun for example_external_task_marker_child to None, run_after=None
[2024-04-15T15:04:12.816+0000] {logging_mixin.py:188} INFO - [2024-04-15T15:04:12.815+0000] {dag.py:3954} INFO - Setting next_dagrun for example_external_task_marker_parent to None, run_after=None
[2024-04-15T15:04:12.832+0000] {processor.py:183} INFO - Processing /home/airflow/.local/lib/python3.12/site-packages/airflow/example_dags/example_external_task_marker_dag.py took 0.078 seconds
[2024-04-15T15:04:43.460+0000] {processor.py:161} INFO - Started process (PID=1089) to work on /home/airflow/.local/lib/python3.12/site-packages/airflow/example_dags/example_external_task_marker_dag.py
[2024-04-15T15:04:43.461+0000] {processor.py:830} INFO - Processing file /home/airflow/.local/lib/python3.12/site-packages/airflow/example_dags/example_external_task_marker_dag.py for tasks to queue
[2024-04-15T15:04:43.463+0000] {logging_mixin.py:188} INFO - [2024-04-15T15:04:43.462+0000] {dagbag.py:540} INFO - Filling up the DagBag from /home/airflow/.local/lib/python3.12/site-packages/airflow/example_dags/example_external_task_marker_dag.py
[2024-04-15T15:04:43.468+0000] {processor.py:840} INFO - DAG(s) 'example_external_task_marker_child', 'example_external_task_marker_parent' retrieved from /home/airflow/.local/lib/python3.12/site-packages/airflow/example_dags/example_external_task_marker_dag.py
[2024-04-15T15:04:43.488+0000] {logging_mixin.py:188} INFO - [2024-04-15T15:04:43.488+0000] {dag.py:3096} INFO - Sync 2 DAGs
[2024-04-15T15:04:43.499+0000] {logging_mixin.py:188} INFO - [2024-04-15T15:04:43.498+0000] {dag.py:3954} INFO - Setting next_dagrun for example_external_task_marker_child to None, run_after=None
[2024-04-15T15:04:43.502+0000] {logging_mixin.py:188} INFO - [2024-04-15T15:04:43.502+0000] {dag.py:3954} INFO - Setting next_dagrun for example_external_task_marker_parent to None, run_after=None
[2024-04-15T15:04:43.516+0000] {processor.py:183} INFO - Processing /home/airflow/.local/lib/python3.12/site-packages/airflow/example_dags/example_external_task_marker_dag.py took 0.061 seconds
[2024-04-15T15:05:13.960+0000] {processor.py:161} INFO - Started process (PID=1151) to work on /home/airflow/.local/lib/python3.12/site-packages/airflow/example_dags/example_external_task_marker_dag.py
[2024-04-15T15:05:13.961+0000] {processor.py:830} INFO - Processing file /home/airflow/.local/lib/python3.12/site-packages/airflow/example_dags/example_external_task_marker_dag.py for tasks to queue
[2024-04-15T15:05:13.963+0000] {logging_mixin.py:188} INFO - [2024-04-15T15:05:13.963+0000] {dagbag.py:540} INFO - Filling up the DagBag from /home/airflow/.local/lib/python3.12/site-packages/airflow/example_dags/example_external_task_marker_dag.py
[2024-04-15T15:05:13.970+0000] {processor.py:840} INFO - DAG(s) 'example_external_task_marker_parent', 'example_external_task_marker_child' retrieved from /home/airflow/.local/lib/python3.12/site-packages/airflow/example_dags/example_external_task_marker_dag.py
[2024-04-15T15:05:14.006+0000] {logging_mixin.py:188} INFO - [2024-04-15T15:05:14.005+0000] {dag.py:3096} INFO - Sync 2 DAGs
[2024-04-15T15:05:14.273+0000] {logging_mixin.py:188} INFO - [2024-04-15T15:05:14.272+0000] {dag.py:3954} INFO - Setting next_dagrun for example_external_task_marker_child to None, run_after=None
[2024-04-15T15:05:14.283+0000] {logging_mixin.py:188} INFO - [2024-04-15T15:05:14.283+0000] {dag.py:3954} INFO - Setting next_dagrun for example_external_task_marker_parent to None, run_after=None
[2024-04-15T15:05:14.322+0000] {processor.py:183} INFO - Processing /home/airflow/.local/lib/python3.12/site-packages/airflow/example_dags/example_external_task_marker_dag.py took 0.371 seconds
[2024-04-15T15:05:44.621+0000] {processor.py:161} INFO - Started process (PID=1211) to work on /home/airflow/.local/lib/python3.12/site-packages/airflow/example_dags/example_external_task_marker_dag.py
[2024-04-15T15:05:44.622+0000] {processor.py:830} INFO - Processing file /home/airflow/.local/lib/python3.12/site-packages/airflow/example_dags/example_external_task_marker_dag.py for tasks to queue
[2024-04-15T15:05:44.624+0000] {logging_mixin.py:188} INFO - [2024-04-15T15:05:44.624+0000] {dagbag.py:540} INFO - Filling up the DagBag from /home/airflow/.local/lib/python3.12/site-packages/airflow/example_dags/example_external_task_marker_dag.py
[2024-04-15T15:05:44.630+0000] {processor.py:840} INFO - DAG(s) 'example_external_task_marker_parent', 'example_external_task_marker_child' retrieved from /home/airflow/.local/lib/python3.12/site-packages/airflow/example_dags/example_external_task_marker_dag.py
[2024-04-15T15:05:44.658+0000] {logging_mixin.py:188} INFO - [2024-04-15T15:05:44.658+0000] {dag.py:3096} INFO - Sync 2 DAGs
[2024-04-15T15:05:44.671+0000] {logging_mixin.py:188} INFO - [2024-04-15T15:05:44.671+0000] {dag.py:3954} INFO - Setting next_dagrun for example_external_task_marker_child to None, run_after=None
[2024-04-15T15:05:44.676+0000] {logging_mixin.py:188} INFO - [2024-04-15T15:05:44.676+0000] {dag.py:3954} INFO - Setting next_dagrun for example_external_task_marker_parent to None, run_after=None
[2024-04-15T15:05:44.699+0000] {processor.py:183} INFO - Processing /home/airflow/.local/lib/python3.12/site-packages/airflow/example_dags/example_external_task_marker_dag.py took 0.085 seconds
