[2024-04-15T14:44:56.274+0000] {processor.py:161} INFO - Started process (PID=75) to work on /home/airflow/.local/lib/python3.12/site-packages/airflow/example_dags/example_task_group_decorator.py
[2024-04-15T14:44:56.277+0000] {processor.py:830} INFO - Processing file /home/airflow/.local/lib/python3.12/site-packages/airflow/example_dags/example_task_group_decorator.py for tasks to queue
[2024-04-15T14:44:56.281+0000] {logging_mixin.py:188} INFO - [2024-04-15T14:44:56.280+0000] {dagbag.py:540} INFO - Filling up the DagBag from /home/airflow/.local/lib/python3.12/site-packages/airflow/example_dags/example_task_group_decorator.py
[2024-04-15T14:44:56.313+0000] {processor.py:840} INFO - DAG(s) 'example_task_group_decorator' retrieved from /home/airflow/.local/lib/python3.12/site-packages/airflow/example_dags/example_task_group_decorator.py
[2024-04-15T14:44:56.595+0000] {logging_mixin.py:188} INFO - [2024-04-15T14:44:56.594+0000] {dag.py:3096} INFO - Sync 1 DAGs
[2024-04-15T14:44:56.706+0000] {logging_mixin.py:188} INFO - [2024-04-15T14:44:56.705+0000] {dag.py:3954} INFO - Setting next_dagrun for example_task_group_decorator to 2024-04-14 00:00:00+00:00, run_after=2024-04-15 00:00:00+00:00
[2024-04-15T14:44:56.824+0000] {processor.py:183} INFO - Processing /home/airflow/.local/lib/python3.12/site-packages/airflow/example_dags/example_task_group_decorator.py took 0.560 seconds
[2024-04-15T14:45:27.241+0000] {processor.py:161} INFO - Started process (PID=133) to work on /home/airflow/.local/lib/python3.12/site-packages/airflow/example_dags/example_task_group_decorator.py
[2024-04-15T14:45:27.243+0000] {processor.py:830} INFO - Processing file /home/airflow/.local/lib/python3.12/site-packages/airflow/example_dags/example_task_group_decorator.py for tasks to queue
[2024-04-15T14:45:27.246+0000] {logging_mixin.py:188} INFO - [2024-04-15T14:45:27.245+0000] {dagbag.py:540} INFO - Filling up the DagBag from /home/airflow/.local/lib/python3.12/site-packages/airflow/example_dags/example_task_group_decorator.py
[2024-04-15T14:45:27.268+0000] {processor.py:840} INFO - DAG(s) 'example_task_group_decorator' retrieved from /home/airflow/.local/lib/python3.12/site-packages/airflow/example_dags/example_task_group_decorator.py
[2024-04-15T14:45:27.303+0000] {logging_mixin.py:188} INFO - [2024-04-15T14:45:27.303+0000] {dag.py:3096} INFO - Sync 1 DAGs
[2024-04-15T14:45:27.334+0000] {logging_mixin.py:188} INFO - [2024-04-15T14:45:27.333+0000] {dag.py:3954} INFO - Setting next_dagrun for example_task_group_decorator to 2024-04-14 00:00:00+00:00, run_after=2024-04-15 00:00:00+00:00
[2024-04-15T14:45:27.361+0000] {processor.py:183} INFO - Processing /home/airflow/.local/lib/python3.12/site-packages/airflow/example_dags/example_task_group_decorator.py took 0.133 seconds
[2024-04-15T14:45:57.774+0000] {processor.py:161} INFO - Started process (PID=192) to work on /home/airflow/.local/lib/python3.12/site-packages/airflow/example_dags/example_task_group_decorator.py
[2024-04-15T14:45:57.775+0000] {processor.py:830} INFO - Processing file /home/airflow/.local/lib/python3.12/site-packages/airflow/example_dags/example_task_group_decorator.py for tasks to queue
[2024-04-15T14:45:57.777+0000] {logging_mixin.py:188} INFO - [2024-04-15T14:45:57.777+0000] {dagbag.py:540} INFO - Filling up the DagBag from /home/airflow/.local/lib/python3.12/site-packages/airflow/example_dags/example_task_group_decorator.py
[2024-04-15T14:45:57.789+0000] {processor.py:840} INFO - DAG(s) 'example_task_group_decorator' retrieved from /home/airflow/.local/lib/python3.12/site-packages/airflow/example_dags/example_task_group_decorator.py
[2024-04-15T14:45:57.820+0000] {logging_mixin.py:188} INFO - [2024-04-15T14:45:57.820+0000] {dag.py:3096} INFO - Sync 1 DAGs
[2024-04-15T14:45:57.842+0000] {logging_mixin.py:188} INFO - [2024-04-15T14:45:57.842+0000] {dag.py:3954} INFO - Setting next_dagrun for example_task_group_decorator to 2024-04-14 00:00:00+00:00, run_after=2024-04-15 00:00:00+00:00
[2024-04-15T14:45:57.859+0000] {processor.py:183} INFO - Processing /home/airflow/.local/lib/python3.12/site-packages/airflow/example_dags/example_task_group_decorator.py took 0.090 seconds
[2024-04-15T14:46:28.029+0000] {processor.py:161} INFO - Started process (PID=250) to work on /home/airflow/.local/lib/python3.12/site-packages/airflow/example_dags/example_task_group_decorator.py
[2024-04-15T14:46:28.030+0000] {processor.py:830} INFO - Processing file /home/airflow/.local/lib/python3.12/site-packages/airflow/example_dags/example_task_group_decorator.py for tasks to queue
[2024-04-15T14:46:28.032+0000] {logging_mixin.py:188} INFO - [2024-04-15T14:46:28.032+0000] {dagbag.py:540} INFO - Filling up the DagBag from /home/airflow/.local/lib/python3.12/site-packages/airflow/example_dags/example_task_group_decorator.py
[2024-04-15T14:46:28.043+0000] {processor.py:840} INFO - DAG(s) 'example_task_group_decorator' retrieved from /home/airflow/.local/lib/python3.12/site-packages/airflow/example_dags/example_task_group_decorator.py
[2024-04-15T14:46:28.066+0000] {logging_mixin.py:188} INFO - [2024-04-15T14:46:28.066+0000] {dag.py:3096} INFO - Sync 1 DAGs
[2024-04-15T14:46:28.087+0000] {logging_mixin.py:188} INFO - [2024-04-15T14:46:28.087+0000] {dag.py:3954} INFO - Setting next_dagrun for example_task_group_decorator to 2024-04-14 00:00:00+00:00, run_after=2024-04-15 00:00:00+00:00
[2024-04-15T14:46:28.106+0000] {processor.py:183} INFO - Processing /home/airflow/.local/lib/python3.12/site-packages/airflow/example_dags/example_task_group_decorator.py took 0.082 seconds
[2024-04-15T14:46:58.220+0000] {processor.py:161} INFO - Started process (PID=308) to work on /home/airflow/.local/lib/python3.12/site-packages/airflow/example_dags/example_task_group_decorator.py
[2024-04-15T14:46:58.221+0000] {processor.py:830} INFO - Processing file /home/airflow/.local/lib/python3.12/site-packages/airflow/example_dags/example_task_group_decorator.py for tasks to queue
[2024-04-15T14:46:58.223+0000] {logging_mixin.py:188} INFO - [2024-04-15T14:46:58.223+0000] {dagbag.py:540} INFO - Filling up the DagBag from /home/airflow/.local/lib/python3.12/site-packages/airflow/example_dags/example_task_group_decorator.py
[2024-04-15T14:46:58.235+0000] {processor.py:840} INFO - DAG(s) 'example_task_group_decorator' retrieved from /home/airflow/.local/lib/python3.12/site-packages/airflow/example_dags/example_task_group_decorator.py
[2024-04-15T14:46:58.259+0000] {logging_mixin.py:188} INFO - [2024-04-15T14:46:58.259+0000] {dag.py:3096} INFO - Sync 1 DAGs
[2024-04-15T14:46:58.279+0000] {logging_mixin.py:188} INFO - [2024-04-15T14:46:58.278+0000] {dag.py:3954} INFO - Setting next_dagrun for example_task_group_decorator to 2024-04-14 00:00:00+00:00, run_after=2024-04-15 00:00:00+00:00
[2024-04-15T14:46:58.294+0000] {processor.py:183} INFO - Processing /home/airflow/.local/lib/python3.12/site-packages/airflow/example_dags/example_task_group_decorator.py took 0.078 seconds
[2024-04-15T14:47:28.721+0000] {processor.py:161} INFO - Started process (PID=366) to work on /home/airflow/.local/lib/python3.12/site-packages/airflow/example_dags/example_task_group_decorator.py
[2024-04-15T14:47:28.722+0000] {processor.py:830} INFO - Processing file /home/airflow/.local/lib/python3.12/site-packages/airflow/example_dags/example_task_group_decorator.py for tasks to queue
[2024-04-15T14:47:28.724+0000] {logging_mixin.py:188} INFO - [2024-04-15T14:47:28.724+0000] {dagbag.py:540} INFO - Filling up the DagBag from /home/airflow/.local/lib/python3.12/site-packages/airflow/example_dags/example_task_group_decorator.py
[2024-04-15T14:47:28.736+0000] {processor.py:840} INFO - DAG(s) 'example_task_group_decorator' retrieved from /home/airflow/.local/lib/python3.12/site-packages/airflow/example_dags/example_task_group_decorator.py
[2024-04-15T14:47:28.762+0000] {logging_mixin.py:188} INFO - [2024-04-15T14:47:28.762+0000] {dag.py:3096} INFO - Sync 1 DAGs
[2024-04-15T14:47:28.788+0000] {logging_mixin.py:188} INFO - [2024-04-15T14:47:28.787+0000] {dag.py:3954} INFO - Setting next_dagrun for example_task_group_decorator to 2024-04-14 00:00:00+00:00, run_after=2024-04-15 00:00:00+00:00
[2024-04-15T14:47:28.813+0000] {processor.py:183} INFO - Processing /home/airflow/.local/lib/python3.12/site-packages/airflow/example_dags/example_task_group_decorator.py took 0.097 seconds
[2024-04-15T14:47:58.894+0000] {processor.py:161} INFO - Started process (PID=424) to work on /home/airflow/.local/lib/python3.12/site-packages/airflow/example_dags/example_task_group_decorator.py
[2024-04-15T14:47:58.896+0000] {processor.py:830} INFO - Processing file /home/airflow/.local/lib/python3.12/site-packages/airflow/example_dags/example_task_group_decorator.py for tasks to queue
[2024-04-15T14:47:58.899+0000] {logging_mixin.py:188} INFO - [2024-04-15T14:47:58.898+0000] {dagbag.py:540} INFO - Filling up the DagBag from /home/airflow/.local/lib/python3.12/site-packages/airflow/example_dags/example_task_group_decorator.py
[2024-04-15T14:47:58.912+0000] {processor.py:840} INFO - DAG(s) 'example_task_group_decorator' retrieved from /home/airflow/.local/lib/python3.12/site-packages/airflow/example_dags/example_task_group_decorator.py
[2024-04-15T14:47:58.935+0000] {logging_mixin.py:188} INFO - [2024-04-15T14:47:58.935+0000] {dag.py:3096} INFO - Sync 1 DAGs
[2024-04-15T14:47:58.956+0000] {logging_mixin.py:188} INFO - [2024-04-15T14:47:58.955+0000] {dag.py:3954} INFO - Setting next_dagrun for example_task_group_decorator to 2024-04-14 00:00:00+00:00, run_after=2024-04-15 00:00:00+00:00
[2024-04-15T14:47:58.972+0000] {processor.py:183} INFO - Processing /home/airflow/.local/lib/python3.12/site-packages/airflow/example_dags/example_task_group_decorator.py took 0.083 seconds
[2024-04-15T14:48:29.201+0000] {processor.py:161} INFO - Started process (PID=482) to work on /home/airflow/.local/lib/python3.12/site-packages/airflow/example_dags/example_task_group_decorator.py
[2024-04-15T14:48:29.203+0000] {processor.py:830} INFO - Processing file /home/airflow/.local/lib/python3.12/site-packages/airflow/example_dags/example_task_group_decorator.py for tasks to queue
[2024-04-15T14:48:29.209+0000] {logging_mixin.py:188} INFO - [2024-04-15T14:48:29.208+0000] {dagbag.py:540} INFO - Filling up the DagBag from /home/airflow/.local/lib/python3.12/site-packages/airflow/example_dags/example_task_group_decorator.py
[2024-04-15T14:48:29.231+0000] {processor.py:840} INFO - DAG(s) 'example_task_group_decorator' retrieved from /home/airflow/.local/lib/python3.12/site-packages/airflow/example_dags/example_task_group_decorator.py
[2024-04-15T14:48:29.268+0000] {logging_mixin.py:188} INFO - [2024-04-15T14:48:29.267+0000] {dag.py:3096} INFO - Sync 1 DAGs
[2024-04-15T14:48:29.293+0000] {logging_mixin.py:188} INFO - [2024-04-15T14:48:29.293+0000] {dag.py:3954} INFO - Setting next_dagrun for example_task_group_decorator to 2024-04-14 00:00:00+00:00, run_after=2024-04-15 00:00:00+00:00
[2024-04-15T14:48:29.311+0000] {processor.py:183} INFO - Processing /home/airflow/.local/lib/python3.12/site-packages/airflow/example_dags/example_task_group_decorator.py took 0.119 seconds
[2024-04-15T14:48:59.869+0000] {processor.py:161} INFO - Started process (PID=540) to work on /home/airflow/.local/lib/python3.12/site-packages/airflow/example_dags/example_task_group_decorator.py
[2024-04-15T14:48:59.870+0000] {processor.py:830} INFO - Processing file /home/airflow/.local/lib/python3.12/site-packages/airflow/example_dags/example_task_group_decorator.py for tasks to queue
[2024-04-15T14:48:59.873+0000] {logging_mixin.py:188} INFO - [2024-04-15T14:48:59.873+0000] {dagbag.py:540} INFO - Filling up the DagBag from /home/airflow/.local/lib/python3.12/site-packages/airflow/example_dags/example_task_group_decorator.py
[2024-04-15T14:48:59.888+0000] {processor.py:840} INFO - DAG(s) 'example_task_group_decorator' retrieved from /home/airflow/.local/lib/python3.12/site-packages/airflow/example_dags/example_task_group_decorator.py
[2024-04-15T14:48:59.915+0000] {logging_mixin.py:188} INFO - [2024-04-15T14:48:59.915+0000] {dag.py:3096} INFO - Sync 1 DAGs
[2024-04-15T14:48:59.943+0000] {logging_mixin.py:188} INFO - [2024-04-15T14:48:59.943+0000] {dag.py:3954} INFO - Setting next_dagrun for example_task_group_decorator to 2024-04-14 00:00:00+00:00, run_after=2024-04-15 00:00:00+00:00
[2024-04-15T14:48:59.965+0000] {processor.py:183} INFO - Processing /home/airflow/.local/lib/python3.12/site-packages/airflow/example_dags/example_task_group_decorator.py took 0.103 seconds
[2024-04-15T14:49:30.306+0000] {processor.py:161} INFO - Started process (PID=598) to work on /home/airflow/.local/lib/python3.12/site-packages/airflow/example_dags/example_task_group_decorator.py
[2024-04-15T14:49:30.307+0000] {processor.py:830} INFO - Processing file /home/airflow/.local/lib/python3.12/site-packages/airflow/example_dags/example_task_group_decorator.py for tasks to queue
[2024-04-15T14:49:30.309+0000] {logging_mixin.py:188} INFO - [2024-04-15T14:49:30.308+0000] {dagbag.py:540} INFO - Filling up the DagBag from /home/airflow/.local/lib/python3.12/site-packages/airflow/example_dags/example_task_group_decorator.py
[2024-04-15T14:49:30.322+0000] {processor.py:840} INFO - DAG(s) 'example_task_group_decorator' retrieved from /home/airflow/.local/lib/python3.12/site-packages/airflow/example_dags/example_task_group_decorator.py
[2024-04-15T14:49:30.343+0000] {logging_mixin.py:188} INFO - [2024-04-15T14:49:30.343+0000] {dag.py:3096} INFO - Sync 1 DAGs
[2024-04-15T14:49:30.363+0000] {logging_mixin.py:188} INFO - [2024-04-15T14:49:30.363+0000] {dag.py:3954} INFO - Setting next_dagrun for example_task_group_decorator to 2024-04-14 00:00:00+00:00, run_after=2024-04-15 00:00:00+00:00
[2024-04-15T14:49:30.388+0000] {processor.py:183} INFO - Processing /home/airflow/.local/lib/python3.12/site-packages/airflow/example_dags/example_task_group_decorator.py took 0.087 seconds
[2024-04-15T14:50:00.751+0000] {processor.py:161} INFO - Started process (PID=656) to work on /home/airflow/.local/lib/python3.12/site-packages/airflow/example_dags/example_task_group_decorator.py
[2024-04-15T14:50:00.753+0000] {processor.py:830} INFO - Processing file /home/airflow/.local/lib/python3.12/site-packages/airflow/example_dags/example_task_group_decorator.py for tasks to queue
[2024-04-15T14:50:00.756+0000] {logging_mixin.py:188} INFO - [2024-04-15T14:50:00.755+0000] {dagbag.py:540} INFO - Filling up the DagBag from /home/airflow/.local/lib/python3.12/site-packages/airflow/example_dags/example_task_group_decorator.py
[2024-04-15T14:50:00.770+0000] {processor.py:840} INFO - DAG(s) 'example_task_group_decorator' retrieved from /home/airflow/.local/lib/python3.12/site-packages/airflow/example_dags/example_task_group_decorator.py
[2024-04-15T14:50:00.799+0000] {logging_mixin.py:188} INFO - [2024-04-15T14:50:00.799+0000] {dag.py:3096} INFO - Sync 1 DAGs
[2024-04-15T14:50:00.822+0000] {logging_mixin.py:188} INFO - [2024-04-15T14:50:00.822+0000] {dag.py:3954} INFO - Setting next_dagrun for example_task_group_decorator to 2024-04-14 00:00:00+00:00, run_after=2024-04-15 00:00:00+00:00
[2024-04-15T14:50:00.842+0000] {processor.py:183} INFO - Processing /home/airflow/.local/lib/python3.12/site-packages/airflow/example_dags/example_task_group_decorator.py took 0.098 seconds
[2024-04-15T14:50:31.249+0000] {processor.py:161} INFO - Started process (PID=714) to work on /home/airflow/.local/lib/python3.12/site-packages/airflow/example_dags/example_task_group_decorator.py
[2024-04-15T14:50:31.251+0000] {processor.py:830} INFO - Processing file /home/airflow/.local/lib/python3.12/site-packages/airflow/example_dags/example_task_group_decorator.py for tasks to queue
[2024-04-15T14:50:31.255+0000] {logging_mixin.py:188} INFO - [2024-04-15T14:50:31.254+0000] {dagbag.py:540} INFO - Filling up the DagBag from /home/airflow/.local/lib/python3.12/site-packages/airflow/example_dags/example_task_group_decorator.py
[2024-04-15T14:50:31.275+0000] {processor.py:840} INFO - DAG(s) 'example_task_group_decorator' retrieved from /home/airflow/.local/lib/python3.12/site-packages/airflow/example_dags/example_task_group_decorator.py
[2024-04-15T14:50:31.311+0000] {logging_mixin.py:188} INFO - [2024-04-15T14:50:31.310+0000] {dag.py:3096} INFO - Sync 1 DAGs
[2024-04-15T14:50:31.345+0000] {logging_mixin.py:188} INFO - [2024-04-15T14:50:31.344+0000] {dag.py:3954} INFO - Setting next_dagrun for example_task_group_decorator to 2024-04-14 00:00:00+00:00, run_after=2024-04-15 00:00:00+00:00
[2024-04-15T14:50:31.383+0000] {processor.py:183} INFO - Processing /home/airflow/.local/lib/python3.12/site-packages/airflow/example_dags/example_task_group_decorator.py took 0.141 seconds
[2024-04-15T14:51:01.621+0000] {processor.py:161} INFO - Started process (PID=772) to work on /home/airflow/.local/lib/python3.12/site-packages/airflow/example_dags/example_task_group_decorator.py
[2024-04-15T14:51:01.624+0000] {processor.py:830} INFO - Processing file /home/airflow/.local/lib/python3.12/site-packages/airflow/example_dags/example_task_group_decorator.py for tasks to queue
[2024-04-15T14:51:01.627+0000] {logging_mixin.py:188} INFO - [2024-04-15T14:51:01.627+0000] {dagbag.py:540} INFO - Filling up the DagBag from /home/airflow/.local/lib/python3.12/site-packages/airflow/example_dags/example_task_group_decorator.py
[2024-04-15T14:51:01.668+0000] {processor.py:840} INFO - DAG(s) 'example_task_group_decorator' retrieved from /home/airflow/.local/lib/python3.12/site-packages/airflow/example_dags/example_task_group_decorator.py
[2024-04-15T14:51:01.708+0000] {logging_mixin.py:188} INFO - [2024-04-15T14:51:01.708+0000] {dag.py:3096} INFO - Sync 1 DAGs
[2024-04-15T14:51:01.741+0000] {logging_mixin.py:188} INFO - [2024-04-15T14:51:01.741+0000] {dag.py:3954} INFO - Setting next_dagrun for example_task_group_decorator to 2024-04-14 00:00:00+00:00, run_after=2024-04-15 00:00:00+00:00
[2024-04-15T14:51:01.951+0000] {processor.py:183} INFO - Processing /home/airflow/.local/lib/python3.12/site-packages/airflow/example_dags/example_task_group_decorator.py took 0.347 seconds
[2024-04-15T14:51:32.271+0000] {processor.py:161} INFO - Started process (PID=830) to work on /home/airflow/.local/lib/python3.12/site-packages/airflow/example_dags/example_task_group_decorator.py
[2024-04-15T14:51:32.273+0000] {processor.py:830} INFO - Processing file /home/airflow/.local/lib/python3.12/site-packages/airflow/example_dags/example_task_group_decorator.py for tasks to queue
[2024-04-15T14:51:32.277+0000] {logging_mixin.py:188} INFO - [2024-04-15T14:51:32.276+0000] {dagbag.py:540} INFO - Filling up the DagBag from /home/airflow/.local/lib/python3.12/site-packages/airflow/example_dags/example_task_group_decorator.py
[2024-04-15T14:51:32.301+0000] {processor.py:840} INFO - DAG(s) 'example_task_group_decorator' retrieved from /home/airflow/.local/lib/python3.12/site-packages/airflow/example_dags/example_task_group_decorator.py
[2024-04-15T14:51:32.341+0000] {logging_mixin.py:188} INFO - [2024-04-15T14:51:32.341+0000] {dag.py:3096} INFO - Sync 1 DAGs
[2024-04-15T14:51:32.374+0000] {logging_mixin.py:188} INFO - [2024-04-15T14:51:32.374+0000] {dag.py:3954} INFO - Setting next_dagrun for example_task_group_decorator to 2024-04-14 00:00:00+00:00, run_after=2024-04-15 00:00:00+00:00
[2024-04-15T14:51:32.402+0000] {processor.py:183} INFO - Processing /home/airflow/.local/lib/python3.12/site-packages/airflow/example_dags/example_task_group_decorator.py took 0.140 seconds
[2024-04-15T14:52:03.230+0000] {processor.py:161} INFO - Started process (PID=888) to work on /home/airflow/.local/lib/python3.12/site-packages/airflow/example_dags/example_task_group_decorator.py
[2024-04-15T14:52:03.239+0000] {processor.py:830} INFO - Processing file /home/airflow/.local/lib/python3.12/site-packages/airflow/example_dags/example_task_group_decorator.py for tasks to queue
[2024-04-15T14:52:03.251+0000] {logging_mixin.py:188} INFO - [2024-04-15T14:52:03.250+0000] {dagbag.py:540} INFO - Filling up the DagBag from /home/airflow/.local/lib/python3.12/site-packages/airflow/example_dags/example_task_group_decorator.py
[2024-04-15T14:52:03.350+0000] {processor.py:840} INFO - DAG(s) 'example_task_group_decorator' retrieved from /home/airflow/.local/lib/python3.12/site-packages/airflow/example_dags/example_task_group_decorator.py
[2024-04-15T14:52:03.662+0000] {logging_mixin.py:188} INFO - [2024-04-15T14:52:03.660+0000] {dag.py:3096} INFO - Sync 1 DAGs
[2024-04-15T14:52:03.732+0000] {logging_mixin.py:188} INFO - [2024-04-15T14:52:03.731+0000] {dag.py:3954} INFO - Setting next_dagrun for example_task_group_decorator to 2024-04-14 00:00:00+00:00, run_after=2024-04-15 00:00:00+00:00
[2024-04-15T14:52:03.817+0000] {processor.py:183} INFO - Processing /home/airflow/.local/lib/python3.12/site-packages/airflow/example_dags/example_task_group_decorator.py took 0.609 seconds
[2024-04-15T14:52:33.922+0000] {processor.py:161} INFO - Started process (PID=947) to work on /home/airflow/.local/lib/python3.12/site-packages/airflow/example_dags/example_task_group_decorator.py
[2024-04-15T14:52:33.924+0000] {processor.py:830} INFO - Processing file /home/airflow/.local/lib/python3.12/site-packages/airflow/example_dags/example_task_group_decorator.py for tasks to queue
[2024-04-15T14:52:33.927+0000] {logging_mixin.py:188} INFO - [2024-04-15T14:52:33.926+0000] {dagbag.py:540} INFO - Filling up the DagBag from /home/airflow/.local/lib/python3.12/site-packages/airflow/example_dags/example_task_group_decorator.py
[2024-04-15T14:52:33.941+0000] {processor.py:840} INFO - DAG(s) 'example_task_group_decorator' retrieved from /home/airflow/.local/lib/python3.12/site-packages/airflow/example_dags/example_task_group_decorator.py
[2024-04-15T14:52:33.966+0000] {logging_mixin.py:188} INFO - [2024-04-15T14:52:33.966+0000] {dag.py:3096} INFO - Sync 1 DAGs
[2024-04-15T14:52:33.986+0000] {logging_mixin.py:188} INFO - [2024-04-15T14:52:33.986+0000] {dag.py:3954} INFO - Setting next_dagrun for example_task_group_decorator to 2024-04-14 00:00:00+00:00, run_after=2024-04-15 00:00:00+00:00
[2024-04-15T14:52:34.005+0000] {processor.py:183} INFO - Processing /home/airflow/.local/lib/python3.12/site-packages/airflow/example_dags/example_task_group_decorator.py took 0.090 seconds
[2024-04-15T14:53:04.543+0000] {processor.py:161} INFO - Started process (PID=1005) to work on /home/airflow/.local/lib/python3.12/site-packages/airflow/example_dags/example_task_group_decorator.py
[2024-04-15T14:53:04.544+0000] {processor.py:830} INFO - Processing file /home/airflow/.local/lib/python3.12/site-packages/airflow/example_dags/example_task_group_decorator.py for tasks to queue
[2024-04-15T14:53:04.546+0000] {logging_mixin.py:188} INFO - [2024-04-15T14:53:04.546+0000] {dagbag.py:540} INFO - Filling up the DagBag from /home/airflow/.local/lib/python3.12/site-packages/airflow/example_dags/example_task_group_decorator.py
[2024-04-15T14:53:04.560+0000] {processor.py:840} INFO - DAG(s) 'example_task_group_decorator' retrieved from /home/airflow/.local/lib/python3.12/site-packages/airflow/example_dags/example_task_group_decorator.py
[2024-04-15T14:53:04.592+0000] {logging_mixin.py:188} INFO - [2024-04-15T14:53:04.592+0000] {dag.py:3096} INFO - Sync 1 DAGs
[2024-04-15T14:53:04.618+0000] {logging_mixin.py:188} INFO - [2024-04-15T14:53:04.618+0000] {dag.py:3954} INFO - Setting next_dagrun for example_task_group_decorator to 2024-04-14 00:00:00+00:00, run_after=2024-04-15 00:00:00+00:00
[2024-04-15T14:53:04.796+0000] {processor.py:183} INFO - Processing /home/airflow/.local/lib/python3.12/site-packages/airflow/example_dags/example_task_group_decorator.py took 0.258 seconds
[2024-04-15T14:53:34.881+0000] {processor.py:161} INFO - Started process (PID=1063) to work on /home/airflow/.local/lib/python3.12/site-packages/airflow/example_dags/example_task_group_decorator.py
[2024-04-15T14:53:34.883+0000] {processor.py:830} INFO - Processing file /home/airflow/.local/lib/python3.12/site-packages/airflow/example_dags/example_task_group_decorator.py for tasks to queue
[2024-04-15T14:53:34.885+0000] {logging_mixin.py:188} INFO - [2024-04-15T14:53:34.884+0000] {dagbag.py:540} INFO - Filling up the DagBag from /home/airflow/.local/lib/python3.12/site-packages/airflow/example_dags/example_task_group_decorator.py
[2024-04-15T14:53:34.897+0000] {processor.py:840} INFO - DAG(s) 'example_task_group_decorator' retrieved from /home/airflow/.local/lib/python3.12/site-packages/airflow/example_dags/example_task_group_decorator.py
[2024-04-15T14:53:34.917+0000] {logging_mixin.py:188} INFO - [2024-04-15T14:53:34.917+0000] {dag.py:3096} INFO - Sync 1 DAGs
[2024-04-15T14:53:34.938+0000] {logging_mixin.py:188} INFO - [2024-04-15T14:53:34.937+0000] {dag.py:3954} INFO - Setting next_dagrun for example_task_group_decorator to 2024-04-14 00:00:00+00:00, run_after=2024-04-15 00:00:00+00:00
[2024-04-15T14:53:34.956+0000] {processor.py:183} INFO - Processing /home/airflow/.local/lib/python3.12/site-packages/airflow/example_dags/example_task_group_decorator.py took 0.079 seconds
[2024-04-15T14:54:05.437+0000] {processor.py:161} INFO - Started process (PID=1121) to work on /home/airflow/.local/lib/python3.12/site-packages/airflow/example_dags/example_task_group_decorator.py
[2024-04-15T14:54:05.438+0000] {processor.py:830} INFO - Processing file /home/airflow/.local/lib/python3.12/site-packages/airflow/example_dags/example_task_group_decorator.py for tasks to queue
[2024-04-15T14:54:05.441+0000] {logging_mixin.py:188} INFO - [2024-04-15T14:54:05.440+0000] {dagbag.py:540} INFO - Filling up the DagBag from /home/airflow/.local/lib/python3.12/site-packages/airflow/example_dags/example_task_group_decorator.py
[2024-04-15T14:54:05.457+0000] {processor.py:840} INFO - DAG(s) 'example_task_group_decorator' retrieved from /home/airflow/.local/lib/python3.12/site-packages/airflow/example_dags/example_task_group_decorator.py
[2024-04-15T14:54:05.492+0000] {logging_mixin.py:188} INFO - [2024-04-15T14:54:05.491+0000] {dag.py:3096} INFO - Sync 1 DAGs
[2024-04-15T14:54:05.520+0000] {logging_mixin.py:188} INFO - [2024-04-15T14:54:05.520+0000] {dag.py:3954} INFO - Setting next_dagrun for example_task_group_decorator to 2024-04-14 00:00:00+00:00, run_after=2024-04-15 00:00:00+00:00
[2024-04-15T14:54:05.539+0000] {processor.py:183} INFO - Processing /home/airflow/.local/lib/python3.12/site-packages/airflow/example_dags/example_task_group_decorator.py took 0.108 seconds
[2024-04-15T14:56:04.110+0000] {processor.py:161} INFO - Started process (PID=64) to work on /home/airflow/.local/lib/python3.12/site-packages/airflow/example_dags/example_task_group_decorator.py
[2024-04-15T14:56:04.111+0000] {processor.py:830} INFO - Processing file /home/airflow/.local/lib/python3.12/site-packages/airflow/example_dags/example_task_group_decorator.py for tasks to queue
[2024-04-15T14:56:04.113+0000] {logging_mixin.py:188} INFO - [2024-04-15T14:56:04.112+0000] {dagbag.py:540} INFO - Filling up the DagBag from /home/airflow/.local/lib/python3.12/site-packages/airflow/example_dags/example_task_group_decorator.py
[2024-04-15T14:56:04.128+0000] {processor.py:840} INFO - DAG(s) 'example_task_group_decorator' retrieved from /home/airflow/.local/lib/python3.12/site-packages/airflow/example_dags/example_task_group_decorator.py
[2024-04-15T14:56:04.262+0000] {logging_mixin.py:188} INFO - [2024-04-15T14:56:04.262+0000] {dag.py:3096} INFO - Sync 1 DAGs
[2024-04-15T14:56:04.292+0000] {logging_mixin.py:188} INFO - [2024-04-15T14:56:04.292+0000] {dag.py:3954} INFO - Setting next_dagrun for example_task_group_decorator to 2024-04-14 00:00:00+00:00, run_after=2024-04-15 00:00:00+00:00
[2024-04-15T14:56:04.312+0000] {processor.py:183} INFO - Processing /home/airflow/.local/lib/python3.12/site-packages/airflow/example_dags/example_task_group_decorator.py took 0.208 seconds
[2024-04-15T14:56:34.873+0000] {processor.py:161} INFO - Started process (PID=124) to work on /home/airflow/.local/lib/python3.12/site-packages/airflow/example_dags/example_task_group_decorator.py
[2024-04-15T14:56:34.876+0000] {processor.py:830} INFO - Processing file /home/airflow/.local/lib/python3.12/site-packages/airflow/example_dags/example_task_group_decorator.py for tasks to queue
[2024-04-15T14:56:34.880+0000] {logging_mixin.py:188} INFO - [2024-04-15T14:56:34.879+0000] {dagbag.py:540} INFO - Filling up the DagBag from /home/airflow/.local/lib/python3.12/site-packages/airflow/example_dags/example_task_group_decorator.py
[2024-04-15T14:56:34.923+0000] {processor.py:840} INFO - DAG(s) 'example_task_group_decorator' retrieved from /home/airflow/.local/lib/python3.12/site-packages/airflow/example_dags/example_task_group_decorator.py
[2024-04-15T14:56:34.970+0000] {logging_mixin.py:188} INFO - [2024-04-15T14:56:34.969+0000] {dag.py:3096} INFO - Sync 1 DAGs
[2024-04-15T14:56:35.017+0000] {logging_mixin.py:188} INFO - [2024-04-15T14:56:35.016+0000] {dag.py:3954} INFO - Setting next_dagrun for example_task_group_decorator to 2024-04-14 00:00:00+00:00, run_after=2024-04-15 00:00:00+00:00
[2024-04-15T14:56:35.066+0000] {processor.py:183} INFO - Processing /home/airflow/.local/lib/python3.12/site-packages/airflow/example_dags/example_task_group_decorator.py took 0.214 seconds
[2024-04-15T14:57:05.861+0000] {processor.py:161} INFO - Started process (PID=184) to work on /home/airflow/.local/lib/python3.12/site-packages/airflow/example_dags/example_task_group_decorator.py
[2024-04-15T14:57:05.862+0000] {processor.py:830} INFO - Processing file /home/airflow/.local/lib/python3.12/site-packages/airflow/example_dags/example_task_group_decorator.py for tasks to queue
[2024-04-15T14:57:05.864+0000] {logging_mixin.py:188} INFO - [2024-04-15T14:57:05.864+0000] {dagbag.py:540} INFO - Filling up the DagBag from /home/airflow/.local/lib/python3.12/site-packages/airflow/example_dags/example_task_group_decorator.py
[2024-04-15T14:57:05.877+0000] {processor.py:840} INFO - DAG(s) 'example_task_group_decorator' retrieved from /home/airflow/.local/lib/python3.12/site-packages/airflow/example_dags/example_task_group_decorator.py
[2024-04-15T14:57:05.909+0000] {logging_mixin.py:188} INFO - [2024-04-15T14:57:05.909+0000] {dag.py:3096} INFO - Sync 1 DAGs
[2024-04-15T14:57:05.934+0000] {logging_mixin.py:188} INFO - [2024-04-15T14:57:05.934+0000] {dag.py:3954} INFO - Setting next_dagrun for example_task_group_decorator to 2024-04-14 00:00:00+00:00, run_after=2024-04-15 00:00:00+00:00
[2024-04-15T14:57:05.956+0000] {processor.py:183} INFO - Processing /home/airflow/.local/lib/python3.12/site-packages/airflow/example_dags/example_task_group_decorator.py took 0.100 seconds
[2024-04-15T14:57:36.339+0000] {processor.py:161} INFO - Started process (PID=244) to work on /home/airflow/.local/lib/python3.12/site-packages/airflow/example_dags/example_task_group_decorator.py
[2024-04-15T14:57:36.340+0000] {processor.py:830} INFO - Processing file /home/airflow/.local/lib/python3.12/site-packages/airflow/example_dags/example_task_group_decorator.py for tasks to queue
[2024-04-15T14:57:36.342+0000] {logging_mixin.py:188} INFO - [2024-04-15T14:57:36.342+0000] {dagbag.py:540} INFO - Filling up the DagBag from /home/airflow/.local/lib/python3.12/site-packages/airflow/example_dags/example_task_group_decorator.py
[2024-04-15T14:57:36.355+0000] {processor.py:840} INFO - DAG(s) 'example_task_group_decorator' retrieved from /home/airflow/.local/lib/python3.12/site-packages/airflow/example_dags/example_task_group_decorator.py
[2024-04-15T14:57:36.380+0000] {logging_mixin.py:188} INFO - [2024-04-15T14:57:36.380+0000] {dag.py:3096} INFO - Sync 1 DAGs
[2024-04-15T14:57:36.408+0000] {logging_mixin.py:188} INFO - [2024-04-15T14:57:36.408+0000] {dag.py:3954} INFO - Setting next_dagrun for example_task_group_decorator to 2024-04-14 00:00:00+00:00, run_after=2024-04-15 00:00:00+00:00
[2024-04-15T14:57:36.429+0000] {processor.py:183} INFO - Processing /home/airflow/.local/lib/python3.12/site-packages/airflow/example_dags/example_task_group_decorator.py took 0.095 seconds
[2024-04-15T14:58:06.511+0000] {processor.py:161} INFO - Started process (PID=304) to work on /home/airflow/.local/lib/python3.12/site-packages/airflow/example_dags/example_task_group_decorator.py
[2024-04-15T14:58:06.513+0000] {processor.py:830} INFO - Processing file /home/airflow/.local/lib/python3.12/site-packages/airflow/example_dags/example_task_group_decorator.py for tasks to queue
[2024-04-15T14:58:06.515+0000] {logging_mixin.py:188} INFO - [2024-04-15T14:58:06.514+0000] {dagbag.py:540} INFO - Filling up the DagBag from /home/airflow/.local/lib/python3.12/site-packages/airflow/example_dags/example_task_group_decorator.py
[2024-04-15T14:58:06.532+0000] {processor.py:840} INFO - DAG(s) 'example_task_group_decorator' retrieved from /home/airflow/.local/lib/python3.12/site-packages/airflow/example_dags/example_task_group_decorator.py
[2024-04-15T14:58:06.555+0000] {logging_mixin.py:188} INFO - [2024-04-15T14:58:06.555+0000] {dag.py:3096} INFO - Sync 1 DAGs
[2024-04-15T14:58:06.575+0000] {logging_mixin.py:188} INFO - [2024-04-15T14:58:06.574+0000] {dag.py:3954} INFO - Setting next_dagrun for example_task_group_decorator to 2024-04-14 00:00:00+00:00, run_after=2024-04-15 00:00:00+00:00
[2024-04-15T14:58:06.594+0000] {processor.py:183} INFO - Processing /home/airflow/.local/lib/python3.12/site-packages/airflow/example_dags/example_task_group_decorator.py took 0.087 seconds
[2024-04-15T14:58:37.564+0000] {processor.py:161} INFO - Started process (PID=364) to work on /home/airflow/.local/lib/python3.12/site-packages/airflow/example_dags/example_task_group_decorator.py
[2024-04-15T14:58:37.566+0000] {processor.py:830} INFO - Processing file /home/airflow/.local/lib/python3.12/site-packages/airflow/example_dags/example_task_group_decorator.py for tasks to queue
[2024-04-15T14:58:37.570+0000] {logging_mixin.py:188} INFO - [2024-04-15T14:58:37.569+0000] {dagbag.py:540} INFO - Filling up the DagBag from /home/airflow/.local/lib/python3.12/site-packages/airflow/example_dags/example_task_group_decorator.py
[2024-04-15T14:58:37.594+0000] {processor.py:840} INFO - DAG(s) 'example_task_group_decorator' retrieved from /home/airflow/.local/lib/python3.12/site-packages/airflow/example_dags/example_task_group_decorator.py
[2024-04-15T14:58:37.628+0000] {logging_mixin.py:188} INFO - [2024-04-15T14:58:37.628+0000] {dag.py:3096} INFO - Sync 1 DAGs
[2024-04-15T14:58:37.656+0000] {logging_mixin.py:188} INFO - [2024-04-15T14:58:37.656+0000] {dag.py:3954} INFO - Setting next_dagrun for example_task_group_decorator to 2024-04-14 00:00:00+00:00, run_after=2024-04-15 00:00:00+00:00
[2024-04-15T14:58:37.685+0000] {processor.py:183} INFO - Processing /home/airflow/.local/lib/python3.12/site-packages/airflow/example_dags/example_task_group_decorator.py took 0.135 seconds
[2024-04-15T14:59:08.161+0000] {processor.py:161} INFO - Started process (PID=424) to work on /home/airflow/.local/lib/python3.12/site-packages/airflow/example_dags/example_task_group_decorator.py
[2024-04-15T14:59:08.164+0000] {processor.py:830} INFO - Processing file /home/airflow/.local/lib/python3.12/site-packages/airflow/example_dags/example_task_group_decorator.py for tasks to queue
[2024-04-15T14:59:08.171+0000] {logging_mixin.py:188} INFO - [2024-04-15T14:59:08.170+0000] {dagbag.py:540} INFO - Filling up the DagBag from /home/airflow/.local/lib/python3.12/site-packages/airflow/example_dags/example_task_group_decorator.py
[2024-04-15T14:59:08.245+0000] {processor.py:840} INFO - DAG(s) 'example_task_group_decorator' retrieved from /home/airflow/.local/lib/python3.12/site-packages/airflow/example_dags/example_task_group_decorator.py
[2024-04-15T14:59:08.301+0000] {logging_mixin.py:188} INFO - [2024-04-15T14:59:08.300+0000] {dag.py:3096} INFO - Sync 1 DAGs
[2024-04-15T14:59:08.343+0000] {logging_mixin.py:188} INFO - [2024-04-15T14:59:08.343+0000] {dag.py:3954} INFO - Setting next_dagrun for example_task_group_decorator to 2024-04-14 00:00:00+00:00, run_after=2024-04-15 00:00:00+00:00
[2024-04-15T14:59:08.381+0000] {processor.py:183} INFO - Processing /home/airflow/.local/lib/python3.12/site-packages/airflow/example_dags/example_task_group_decorator.py took 0.239 seconds
[2024-04-15T14:59:38.542+0000] {processor.py:161} INFO - Started process (PID=484) to work on /home/airflow/.local/lib/python3.12/site-packages/airflow/example_dags/example_task_group_decorator.py
[2024-04-15T14:59:38.543+0000] {processor.py:830} INFO - Processing file /home/airflow/.local/lib/python3.12/site-packages/airflow/example_dags/example_task_group_decorator.py for tasks to queue
[2024-04-15T14:59:38.545+0000] {logging_mixin.py:188} INFO - [2024-04-15T14:59:38.545+0000] {dagbag.py:540} INFO - Filling up the DagBag from /home/airflow/.local/lib/python3.12/site-packages/airflow/example_dags/example_task_group_decorator.py
[2024-04-15T14:59:38.560+0000] {processor.py:840} INFO - DAG(s) 'example_task_group_decorator' retrieved from /home/airflow/.local/lib/python3.12/site-packages/airflow/example_dags/example_task_group_decorator.py
[2024-04-15T14:59:38.586+0000] {logging_mixin.py:188} INFO - [2024-04-15T14:59:38.586+0000] {dag.py:3096} INFO - Sync 1 DAGs
[2024-04-15T14:59:38.617+0000] {logging_mixin.py:188} INFO - [2024-04-15T14:59:38.617+0000] {dag.py:3954} INFO - Setting next_dagrun for example_task_group_decorator to 2024-04-14 00:00:00+00:00, run_after=2024-04-15 00:00:00+00:00
[2024-04-15T14:59:38.655+0000] {processor.py:183} INFO - Processing /home/airflow/.local/lib/python3.12/site-packages/airflow/example_dags/example_task_group_decorator.py took 0.119 seconds
[2024-04-15T15:00:08.897+0000] {processor.py:161} INFO - Started process (PID=550) to work on /home/airflow/.local/lib/python3.12/site-packages/airflow/example_dags/example_task_group_decorator.py
[2024-04-15T15:00:08.899+0000] {processor.py:830} INFO - Processing file /home/airflow/.local/lib/python3.12/site-packages/airflow/example_dags/example_task_group_decorator.py for tasks to queue
[2024-04-15T15:00:08.901+0000] {logging_mixin.py:188} INFO - [2024-04-15T15:00:08.900+0000] {dagbag.py:540} INFO - Filling up the DagBag from /home/airflow/.local/lib/python3.12/site-packages/airflow/example_dags/example_task_group_decorator.py
[2024-04-15T15:00:08.913+0000] {processor.py:840} INFO - DAG(s) 'example_task_group_decorator' retrieved from /home/airflow/.local/lib/python3.12/site-packages/airflow/example_dags/example_task_group_decorator.py
[2024-04-15T15:00:08.947+0000] {logging_mixin.py:188} INFO - [2024-04-15T15:00:08.947+0000] {dag.py:3096} INFO - Sync 1 DAGs
[2024-04-15T15:00:08.983+0000] {logging_mixin.py:188} INFO - [2024-04-15T15:00:08.983+0000] {dag.py:3954} INFO - Setting next_dagrun for example_task_group_decorator to 2024-04-14 00:00:00+00:00, run_after=2024-04-15 00:00:00+00:00
[2024-04-15T15:00:09.025+0000] {processor.py:183} INFO - Processing /home/airflow/.local/lib/python3.12/site-packages/airflow/example_dags/example_task_group_decorator.py took 0.134 seconds
[2024-04-15T15:00:39.319+0000] {processor.py:161} INFO - Started process (PID=610) to work on /home/airflow/.local/lib/python3.12/site-packages/airflow/example_dags/example_task_group_decorator.py
[2024-04-15T15:00:39.320+0000] {processor.py:830} INFO - Processing file /home/airflow/.local/lib/python3.12/site-packages/airflow/example_dags/example_task_group_decorator.py for tasks to queue
[2024-04-15T15:00:39.322+0000] {logging_mixin.py:188} INFO - [2024-04-15T15:00:39.322+0000] {dagbag.py:540} INFO - Filling up the DagBag from /home/airflow/.local/lib/python3.12/site-packages/airflow/example_dags/example_task_group_decorator.py
[2024-04-15T15:00:39.334+0000] {processor.py:840} INFO - DAG(s) 'example_task_group_decorator' retrieved from /home/airflow/.local/lib/python3.12/site-packages/airflow/example_dags/example_task_group_decorator.py
[2024-04-15T15:00:39.358+0000] {logging_mixin.py:188} INFO - [2024-04-15T15:00:39.358+0000] {dag.py:3096} INFO - Sync 1 DAGs
[2024-04-15T15:00:39.378+0000] {logging_mixin.py:188} INFO - [2024-04-15T15:00:39.378+0000] {dag.py:3954} INFO - Setting next_dagrun for example_task_group_decorator to 2024-04-14 00:00:00+00:00, run_after=2024-04-15 00:00:00+00:00
[2024-04-15T15:00:39.395+0000] {processor.py:183} INFO - Processing /home/airflow/.local/lib/python3.12/site-packages/airflow/example_dags/example_task_group_decorator.py took 0.081 seconds
[2024-04-15T15:01:10.044+0000] {processor.py:161} INFO - Started process (PID=670) to work on /home/airflow/.local/lib/python3.12/site-packages/airflow/example_dags/example_task_group_decorator.py
[2024-04-15T15:01:10.045+0000] {processor.py:830} INFO - Processing file /home/airflow/.local/lib/python3.12/site-packages/airflow/example_dags/example_task_group_decorator.py for tasks to queue
[2024-04-15T15:01:10.048+0000] {logging_mixin.py:188} INFO - [2024-04-15T15:01:10.047+0000] {dagbag.py:540} INFO - Filling up the DagBag from /home/airflow/.local/lib/python3.12/site-packages/airflow/example_dags/example_task_group_decorator.py
[2024-04-15T15:01:10.061+0000] {processor.py:840} INFO - DAG(s) 'example_task_group_decorator' retrieved from /home/airflow/.local/lib/python3.12/site-packages/airflow/example_dags/example_task_group_decorator.py
[2024-04-15T15:01:10.086+0000] {logging_mixin.py:188} INFO - [2024-04-15T15:01:10.086+0000] {dag.py:3096} INFO - Sync 1 DAGs
[2024-04-15T15:01:10.107+0000] {logging_mixin.py:188} INFO - [2024-04-15T15:01:10.107+0000] {dag.py:3954} INFO - Setting next_dagrun for example_task_group_decorator to 2024-04-14 00:00:00+00:00, run_after=2024-04-15 00:00:00+00:00
[2024-04-15T15:01:10.124+0000] {processor.py:183} INFO - Processing /home/airflow/.local/lib/python3.12/site-packages/airflow/example_dags/example_task_group_decorator.py took 0.086 seconds
[2024-04-15T15:01:40.224+0000] {processor.py:161} INFO - Started process (PID=730) to work on /home/airflow/.local/lib/python3.12/site-packages/airflow/example_dags/example_task_group_decorator.py
[2024-04-15T15:01:40.225+0000] {processor.py:830} INFO - Processing file /home/airflow/.local/lib/python3.12/site-packages/airflow/example_dags/example_task_group_decorator.py for tasks to queue
[2024-04-15T15:01:40.227+0000] {logging_mixin.py:188} INFO - [2024-04-15T15:01:40.227+0000] {dagbag.py:540} INFO - Filling up the DagBag from /home/airflow/.local/lib/python3.12/site-packages/airflow/example_dags/example_task_group_decorator.py
[2024-04-15T15:01:40.242+0000] {processor.py:840} INFO - DAG(s) 'example_task_group_decorator' retrieved from /home/airflow/.local/lib/python3.12/site-packages/airflow/example_dags/example_task_group_decorator.py
[2024-04-15T15:01:40.273+0000] {logging_mixin.py:188} INFO - [2024-04-15T15:01:40.273+0000] {dag.py:3096} INFO - Sync 1 DAGs
[2024-04-15T15:01:40.300+0000] {logging_mixin.py:188} INFO - [2024-04-15T15:01:40.300+0000] {dag.py:3954} INFO - Setting next_dagrun for example_task_group_decorator to 2024-04-14 00:00:00+00:00, run_after=2024-04-15 00:00:00+00:00
[2024-04-15T15:01:40.321+0000] {processor.py:183} INFO - Processing /home/airflow/.local/lib/python3.12/site-packages/airflow/example_dags/example_task_group_decorator.py took 0.105 seconds
[2024-04-15T15:02:11.207+0000] {processor.py:161} INFO - Started process (PID=792) to work on /home/airflow/.local/lib/python3.12/site-packages/airflow/example_dags/example_task_group_decorator.py
[2024-04-15T15:02:11.209+0000] {processor.py:830} INFO - Processing file /home/airflow/.local/lib/python3.12/site-packages/airflow/example_dags/example_task_group_decorator.py for tasks to queue
[2024-04-15T15:02:11.211+0000] {logging_mixin.py:188} INFO - [2024-04-15T15:02:11.210+0000] {dagbag.py:540} INFO - Filling up the DagBag from /home/airflow/.local/lib/python3.12/site-packages/airflow/example_dags/example_task_group_decorator.py
[2024-04-15T15:02:11.226+0000] {processor.py:840} INFO - DAG(s) 'example_task_group_decorator' retrieved from /home/airflow/.local/lib/python3.12/site-packages/airflow/example_dags/example_task_group_decorator.py
[2024-04-15T15:02:11.254+0000] {logging_mixin.py:188} INFO - [2024-04-15T15:02:11.253+0000] {dag.py:3096} INFO - Sync 1 DAGs
[2024-04-15T15:02:11.278+0000] {logging_mixin.py:188} INFO - [2024-04-15T15:02:11.278+0000] {dag.py:3954} INFO - Setting next_dagrun for example_task_group_decorator to 2024-04-14 00:00:00+00:00, run_after=2024-04-15 00:00:00+00:00
[2024-04-15T15:02:11.308+0000] {processor.py:183} INFO - Processing /home/airflow/.local/lib/python3.12/site-packages/airflow/example_dags/example_task_group_decorator.py took 0.109 seconds
[2024-04-15T15:02:41.924+0000] {processor.py:161} INFO - Started process (PID=852) to work on /home/airflow/.local/lib/python3.12/site-packages/airflow/example_dags/example_task_group_decorator.py
[2024-04-15T15:02:41.925+0000] {processor.py:830} INFO - Processing file /home/airflow/.local/lib/python3.12/site-packages/airflow/example_dags/example_task_group_decorator.py for tasks to queue
[2024-04-15T15:02:41.927+0000] {logging_mixin.py:188} INFO - [2024-04-15T15:02:41.927+0000] {dagbag.py:540} INFO - Filling up the DagBag from /home/airflow/.local/lib/python3.12/site-packages/airflow/example_dags/example_task_group_decorator.py
[2024-04-15T15:02:41.940+0000] {processor.py:840} INFO - DAG(s) 'example_task_group_decorator' retrieved from /home/airflow/.local/lib/python3.12/site-packages/airflow/example_dags/example_task_group_decorator.py
[2024-04-15T15:02:41.971+0000] {logging_mixin.py:188} INFO - [2024-04-15T15:02:41.971+0000] {dag.py:3096} INFO - Sync 1 DAGs
[2024-04-15T15:02:41.999+0000] {logging_mixin.py:188} INFO - [2024-04-15T15:02:41.999+0000] {dag.py:3954} INFO - Setting next_dagrun for example_task_group_decorator to 2024-04-14 00:00:00+00:00, run_after=2024-04-15 00:00:00+00:00
[2024-04-15T15:02:42.020+0000] {processor.py:183} INFO - Processing /home/airflow/.local/lib/python3.12/site-packages/airflow/example_dags/example_task_group_decorator.py took 0.101 seconds
[2024-04-15T15:03:12.207+0000] {processor.py:161} INFO - Started process (PID=911) to work on /home/airflow/.local/lib/python3.12/site-packages/airflow/example_dags/example_task_group_decorator.py
[2024-04-15T15:03:12.209+0000] {processor.py:830} INFO - Processing file /home/airflow/.local/lib/python3.12/site-packages/airflow/example_dags/example_task_group_decorator.py for tasks to queue
[2024-04-15T15:03:12.213+0000] {logging_mixin.py:188} INFO - [2024-04-15T15:03:12.212+0000] {dagbag.py:540} INFO - Filling up the DagBag from /home/airflow/.local/lib/python3.12/site-packages/airflow/example_dags/example_task_group_decorator.py
[2024-04-15T15:03:12.228+0000] {processor.py:840} INFO - DAG(s) 'example_task_group_decorator' retrieved from /home/airflow/.local/lib/python3.12/site-packages/airflow/example_dags/example_task_group_decorator.py
[2024-04-15T15:03:12.261+0000] {logging_mixin.py:188} INFO - [2024-04-15T15:03:12.261+0000] {dag.py:3096} INFO - Sync 1 DAGs
[2024-04-15T15:03:12.297+0000] {logging_mixin.py:188} INFO - [2024-04-15T15:03:12.297+0000] {dag.py:3954} INFO - Setting next_dagrun for example_task_group_decorator to 2024-04-14 00:00:00+00:00, run_after=2024-04-15 00:00:00+00:00
[2024-04-15T15:03:12.326+0000] {processor.py:183} INFO - Processing /home/airflow/.local/lib/python3.12/site-packages/airflow/example_dags/example_task_group_decorator.py took 0.130 seconds
[2024-04-15T15:03:43.228+0000] {processor.py:161} INFO - Started process (PID=971) to work on /home/airflow/.local/lib/python3.12/site-packages/airflow/example_dags/example_task_group_decorator.py
[2024-04-15T15:03:43.230+0000] {processor.py:830} INFO - Processing file /home/airflow/.local/lib/python3.12/site-packages/airflow/example_dags/example_task_group_decorator.py for tasks to queue
[2024-04-15T15:03:43.231+0000] {logging_mixin.py:188} INFO - [2024-04-15T15:03:43.231+0000] {dagbag.py:540} INFO - Filling up the DagBag from /home/airflow/.local/lib/python3.12/site-packages/airflow/example_dags/example_task_group_decorator.py
[2024-04-15T15:03:43.243+0000] {processor.py:840} INFO - DAG(s) 'example_task_group_decorator' retrieved from /home/airflow/.local/lib/python3.12/site-packages/airflow/example_dags/example_task_group_decorator.py
[2024-04-15T15:03:43.266+0000] {logging_mixin.py:188} INFO - [2024-04-15T15:03:43.265+0000] {dag.py:3096} INFO - Sync 1 DAGs
[2024-04-15T15:03:43.292+0000] {logging_mixin.py:188} INFO - [2024-04-15T15:03:43.291+0000] {dag.py:3954} INFO - Setting next_dagrun for example_task_group_decorator to 2024-04-14 00:00:00+00:00, run_after=2024-04-15 00:00:00+00:00
[2024-04-15T15:03:43.314+0000] {processor.py:183} INFO - Processing /home/airflow/.local/lib/python3.12/site-packages/airflow/example_dags/example_task_group_decorator.py took 0.090 seconds
[2024-04-15T15:04:13.823+0000] {processor.py:161} INFO - Started process (PID=1031) to work on /home/airflow/.local/lib/python3.12/site-packages/airflow/example_dags/example_task_group_decorator.py
[2024-04-15T15:04:13.824+0000] {processor.py:830} INFO - Processing file /home/airflow/.local/lib/python3.12/site-packages/airflow/example_dags/example_task_group_decorator.py for tasks to queue
[2024-04-15T15:04:13.826+0000] {logging_mixin.py:188} INFO - [2024-04-15T15:04:13.826+0000] {dagbag.py:540} INFO - Filling up the DagBag from /home/airflow/.local/lib/python3.12/site-packages/airflow/example_dags/example_task_group_decorator.py
[2024-04-15T15:04:13.839+0000] {processor.py:840} INFO - DAG(s) 'example_task_group_decorator' retrieved from /home/airflow/.local/lib/python3.12/site-packages/airflow/example_dags/example_task_group_decorator.py
[2024-04-15T15:04:13.867+0000] {logging_mixin.py:188} INFO - [2024-04-15T15:04:13.867+0000] {dag.py:3096} INFO - Sync 1 DAGs
[2024-04-15T15:04:13.885+0000] {logging_mixin.py:188} INFO - [2024-04-15T15:04:13.885+0000] {dag.py:3954} INFO - Setting next_dagrun for example_task_group_decorator to 2024-04-14 00:00:00+00:00, run_after=2024-04-15 00:00:00+00:00
[2024-04-15T15:04:13.901+0000] {processor.py:183} INFO - Processing /home/airflow/.local/lib/python3.12/site-packages/airflow/example_dags/example_task_group_decorator.py took 0.084 seconds
[2024-04-15T15:04:44.564+0000] {processor.py:161} INFO - Started process (PID=1091) to work on /home/airflow/.local/lib/python3.12/site-packages/airflow/example_dags/example_task_group_decorator.py
[2024-04-15T15:04:44.565+0000] {processor.py:830} INFO - Processing file /home/airflow/.local/lib/python3.12/site-packages/airflow/example_dags/example_task_group_decorator.py for tasks to queue
[2024-04-15T15:04:44.567+0000] {logging_mixin.py:188} INFO - [2024-04-15T15:04:44.567+0000] {dagbag.py:540} INFO - Filling up the DagBag from /home/airflow/.local/lib/python3.12/site-packages/airflow/example_dags/example_task_group_decorator.py
[2024-04-15T15:04:44.580+0000] {processor.py:840} INFO - DAG(s) 'example_task_group_decorator' retrieved from /home/airflow/.local/lib/python3.12/site-packages/airflow/example_dags/example_task_group_decorator.py
[2024-04-15T15:04:44.604+0000] {logging_mixin.py:188} INFO - [2024-04-15T15:04:44.604+0000] {dag.py:3096} INFO - Sync 1 DAGs
[2024-04-15T15:04:44.624+0000] {logging_mixin.py:188} INFO - [2024-04-15T15:04:44.624+0000] {dag.py:3954} INFO - Setting next_dagrun for example_task_group_decorator to 2024-04-14 00:00:00+00:00, run_after=2024-04-15 00:00:00+00:00
[2024-04-15T15:04:44.643+0000] {processor.py:183} INFO - Processing /home/airflow/.local/lib/python3.12/site-packages/airflow/example_dags/example_task_group_decorator.py took 0.083 seconds
[2024-04-15T15:05:15.377+0000] {processor.py:161} INFO - Started process (PID=1152) to work on /home/airflow/.local/lib/python3.12/site-packages/airflow/example_dags/example_task_group_decorator.py
[2024-04-15T15:05:15.378+0000] {processor.py:830} INFO - Processing file /home/airflow/.local/lib/python3.12/site-packages/airflow/example_dags/example_task_group_decorator.py for tasks to queue
[2024-04-15T15:05:15.381+0000] {logging_mixin.py:188} INFO - [2024-04-15T15:05:15.380+0000] {dagbag.py:540} INFO - Filling up the DagBag from /home/airflow/.local/lib/python3.12/site-packages/airflow/example_dags/example_task_group_decorator.py
[2024-04-15T15:05:15.397+0000] {processor.py:840} INFO - DAG(s) 'example_task_group_decorator' retrieved from /home/airflow/.local/lib/python3.12/site-packages/airflow/example_dags/example_task_group_decorator.py
[2024-04-15T15:05:15.426+0000] {logging_mixin.py:188} INFO - [2024-04-15T15:05:15.425+0000] {dag.py:3096} INFO - Sync 1 DAGs
[2024-04-15T15:05:15.610+0000] {logging_mixin.py:188} INFO - [2024-04-15T15:05:15.610+0000] {dag.py:3954} INFO - Setting next_dagrun for example_task_group_decorator to 2024-04-14 00:00:00+00:00, run_after=2024-04-15 00:00:00+00:00
[2024-04-15T15:05:15.641+0000] {processor.py:183} INFO - Processing /home/airflow/.local/lib/python3.12/site-packages/airflow/example_dags/example_task_group_decorator.py took 0.269 seconds
[2024-04-15T15:05:45.746+0000] {processor.py:161} INFO - Started process (PID=1212) to work on /home/airflow/.local/lib/python3.12/site-packages/airflow/example_dags/example_task_group_decorator.py
[2024-04-15T15:05:45.747+0000] {processor.py:830} INFO - Processing file /home/airflow/.local/lib/python3.12/site-packages/airflow/example_dags/example_task_group_decorator.py for tasks to queue
[2024-04-15T15:05:45.749+0000] {logging_mixin.py:188} INFO - [2024-04-15T15:05:45.749+0000] {dagbag.py:540} INFO - Filling up the DagBag from /home/airflow/.local/lib/python3.12/site-packages/airflow/example_dags/example_task_group_decorator.py
[2024-04-15T15:05:45.760+0000] {processor.py:840} INFO - DAG(s) 'example_task_group_decorator' retrieved from /home/airflow/.local/lib/python3.12/site-packages/airflow/example_dags/example_task_group_decorator.py
[2024-04-15T15:05:45.780+0000] {logging_mixin.py:188} INFO - [2024-04-15T15:05:45.780+0000] {dag.py:3096} INFO - Sync 1 DAGs
[2024-04-15T15:05:45.798+0000] {logging_mixin.py:188} INFO - [2024-04-15T15:05:45.798+0000] {dag.py:3954} INFO - Setting next_dagrun for example_task_group_decorator to 2024-04-14 00:00:00+00:00, run_after=2024-04-15 00:00:00+00:00
[2024-04-15T15:05:45.930+0000] {processor.py:183} INFO - Processing /home/airflow/.local/lib/python3.12/site-packages/airflow/example_dags/example_task_group_decorator.py took 0.189 seconds
