[2024-04-15T14:45:07.060+0000] {processor.py:161} INFO - Started process (PID=92) to work on /home/airflow/.local/lib/python3.12/site-packages/airflow/example_dags/example_latest_only.py
[2024-04-15T14:45:07.066+0000] {processor.py:830} INFO - Processing file /home/airflow/.local/lib/python3.12/site-packages/airflow/example_dags/example_latest_only.py for tasks to queue
[2024-04-15T14:45:07.075+0000] {logging_mixin.py:188} INFO - [2024-04-15T14:45:07.073+0000] {dagbag.py:540} INFO - Filling up the DagBag from /home/airflow/.local/lib/python3.12/site-packages/airflow/example_dags/example_latest_only.py
[2024-04-15T14:45:07.106+0000] {processor.py:840} INFO - DAG(s) 'latest_only' retrieved from /home/airflow/.local/lib/python3.12/site-packages/airflow/example_dags/example_latest_only.py
[2024-04-15T14:45:07.360+0000] {logging_mixin.py:188} INFO - [2024-04-15T14:45:07.359+0000] {dag.py:3096} INFO - Sync 1 DAGs
[2024-04-15T14:45:07.398+0000] {logging_mixin.py:188} INFO - [2024-04-15T14:45:07.398+0000] {dag.py:3954} INFO - Setting next_dagrun for latest_only to 2024-04-15 08:00:00+00:00, run_after=2024-04-15 12:00:00+00:00
[2024-04-15T14:45:07.450+0000] {processor.py:183} INFO - Processing /home/airflow/.local/lib/python3.12/site-packages/airflow/example_dags/example_latest_only.py took 0.416 seconds
[2024-04-15T14:45:37.649+0000] {processor.py:161} INFO - Started process (PID=150) to work on /home/airflow/.local/lib/python3.12/site-packages/airflow/example_dags/example_latest_only.py
[2024-04-15T14:45:37.652+0000] {processor.py:830} INFO - Processing file /home/airflow/.local/lib/python3.12/site-packages/airflow/example_dags/example_latest_only.py for tasks to queue
[2024-04-15T14:45:37.654+0000] {logging_mixin.py:188} INFO - [2024-04-15T14:45:37.654+0000] {dagbag.py:540} INFO - Filling up the DagBag from /home/airflow/.local/lib/python3.12/site-packages/airflow/example_dags/example_latest_only.py
[2024-04-15T14:45:37.660+0000] {processor.py:840} INFO - DAG(s) 'latest_only' retrieved from /home/airflow/.local/lib/python3.12/site-packages/airflow/example_dags/example_latest_only.py
[2024-04-15T14:45:37.681+0000] {logging_mixin.py:188} INFO - [2024-04-15T14:45:37.681+0000] {dag.py:3096} INFO - Sync 1 DAGs
[2024-04-15T14:45:37.703+0000] {logging_mixin.py:188} INFO - [2024-04-15T14:45:37.703+0000] {dag.py:3954} INFO - Setting next_dagrun for latest_only to 2024-04-15 08:00:00+00:00, run_after=2024-04-15 12:00:00+00:00
[2024-04-15T14:45:37.726+0000] {processor.py:183} INFO - Processing /home/airflow/.local/lib/python3.12/site-packages/airflow/example_dags/example_latest_only.py took 0.083 seconds
[2024-04-15T14:46:07.820+0000] {processor.py:161} INFO - Started process (PID=209) to work on /home/airflow/.local/lib/python3.12/site-packages/airflow/example_dags/example_latest_only.py
[2024-04-15T14:46:07.822+0000] {processor.py:830} INFO - Processing file /home/airflow/.local/lib/python3.12/site-packages/airflow/example_dags/example_latest_only.py for tasks to queue
[2024-04-15T14:46:07.825+0000] {logging_mixin.py:188} INFO - [2024-04-15T14:46:07.824+0000] {dagbag.py:540} INFO - Filling up the DagBag from /home/airflow/.local/lib/python3.12/site-packages/airflow/example_dags/example_latest_only.py
[2024-04-15T14:46:07.832+0000] {processor.py:840} INFO - DAG(s) 'latest_only' retrieved from /home/airflow/.local/lib/python3.12/site-packages/airflow/example_dags/example_latest_only.py
[2024-04-15T14:46:07.854+0000] {logging_mixin.py:188} INFO - [2024-04-15T14:46:07.854+0000] {dag.py:3096} INFO - Sync 1 DAGs
[2024-04-15T14:46:07.882+0000] {logging_mixin.py:188} INFO - [2024-04-15T14:46:07.881+0000] {dag.py:3954} INFO - Setting next_dagrun for latest_only to 2024-04-15 08:00:00+00:00, run_after=2024-04-15 12:00:00+00:00
[2024-04-15T14:46:07.914+0000] {processor.py:183} INFO - Processing /home/airflow/.local/lib/python3.12/site-packages/airflow/example_dags/example_latest_only.py took 0.101 seconds
[2024-04-15T14:46:38.104+0000] {processor.py:161} INFO - Started process (PID=267) to work on /home/airflow/.local/lib/python3.12/site-packages/airflow/example_dags/example_latest_only.py
[2024-04-15T14:46:38.105+0000] {processor.py:830} INFO - Processing file /home/airflow/.local/lib/python3.12/site-packages/airflow/example_dags/example_latest_only.py for tasks to queue
[2024-04-15T14:46:38.107+0000] {logging_mixin.py:188} INFO - [2024-04-15T14:46:38.107+0000] {dagbag.py:540} INFO - Filling up the DagBag from /home/airflow/.local/lib/python3.12/site-packages/airflow/example_dags/example_latest_only.py
[2024-04-15T14:46:38.113+0000] {processor.py:840} INFO - DAG(s) 'latest_only' retrieved from /home/airflow/.local/lib/python3.12/site-packages/airflow/example_dags/example_latest_only.py
[2024-04-15T14:46:38.137+0000] {logging_mixin.py:188} INFO - [2024-04-15T14:46:38.137+0000] {dag.py:3096} INFO - Sync 1 DAGs
[2024-04-15T14:46:38.163+0000] {logging_mixin.py:188} INFO - [2024-04-15T14:46:38.162+0000] {dag.py:3954} INFO - Setting next_dagrun for latest_only to 2024-04-15 08:00:00+00:00, run_after=2024-04-15 12:00:00+00:00
[2024-04-15T14:46:38.186+0000] {processor.py:183} INFO - Processing /home/airflow/.local/lib/python3.12/site-packages/airflow/example_dags/example_latest_only.py took 0.088 seconds
[2024-04-15T14:47:08.239+0000] {processor.py:161} INFO - Started process (PID=325) to work on /home/airflow/.local/lib/python3.12/site-packages/airflow/example_dags/example_latest_only.py
[2024-04-15T14:47:08.241+0000] {processor.py:830} INFO - Processing file /home/airflow/.local/lib/python3.12/site-packages/airflow/example_dags/example_latest_only.py for tasks to queue
[2024-04-15T14:47:08.243+0000] {logging_mixin.py:188} INFO - [2024-04-15T14:47:08.242+0000] {dagbag.py:540} INFO - Filling up the DagBag from /home/airflow/.local/lib/python3.12/site-packages/airflow/example_dags/example_latest_only.py
[2024-04-15T14:47:08.247+0000] {processor.py:840} INFO - DAG(s) 'latest_only' retrieved from /home/airflow/.local/lib/python3.12/site-packages/airflow/example_dags/example_latest_only.py
[2024-04-15T14:47:08.264+0000] {logging_mixin.py:188} INFO - [2024-04-15T14:47:08.264+0000] {dag.py:3096} INFO - Sync 1 DAGs
[2024-04-15T14:47:08.283+0000] {logging_mixin.py:188} INFO - [2024-04-15T14:47:08.283+0000] {dag.py:3954} INFO - Setting next_dagrun for latest_only to 2024-04-15 08:00:00+00:00, run_after=2024-04-15 12:00:00+00:00
[2024-04-15T14:47:08.300+0000] {processor.py:183} INFO - Processing /home/airflow/.local/lib/python3.12/site-packages/airflow/example_dags/example_latest_only.py took 0.066 seconds
[2024-04-15T14:47:38.610+0000] {processor.py:161} INFO - Started process (PID=383) to work on /home/airflow/.local/lib/python3.12/site-packages/airflow/example_dags/example_latest_only.py
[2024-04-15T14:47:38.612+0000] {processor.py:830} INFO - Processing file /home/airflow/.local/lib/python3.12/site-packages/airflow/example_dags/example_latest_only.py for tasks to queue
[2024-04-15T14:47:38.614+0000] {logging_mixin.py:188} INFO - [2024-04-15T14:47:38.613+0000] {dagbag.py:540} INFO - Filling up the DagBag from /home/airflow/.local/lib/python3.12/site-packages/airflow/example_dags/example_latest_only.py
[2024-04-15T14:47:38.619+0000] {processor.py:840} INFO - DAG(s) 'latest_only' retrieved from /home/airflow/.local/lib/python3.12/site-packages/airflow/example_dags/example_latest_only.py
[2024-04-15T14:47:38.638+0000] {logging_mixin.py:188} INFO - [2024-04-15T14:47:38.638+0000] {dag.py:3096} INFO - Sync 1 DAGs
[2024-04-15T14:47:38.661+0000] {logging_mixin.py:188} INFO - [2024-04-15T14:47:38.661+0000] {dag.py:3954} INFO - Setting next_dagrun for latest_only to 2024-04-15 08:00:00+00:00, run_after=2024-04-15 12:00:00+00:00
[2024-04-15T14:47:38.681+0000] {processor.py:183} INFO - Processing /home/airflow/.local/lib/python3.12/site-packages/airflow/example_dags/example_latest_only.py took 0.076 seconds
[2024-04-15T14:48:08.928+0000] {processor.py:161} INFO - Started process (PID=441) to work on /home/airflow/.local/lib/python3.12/site-packages/airflow/example_dags/example_latest_only.py
[2024-04-15T14:48:08.929+0000] {processor.py:830} INFO - Processing file /home/airflow/.local/lib/python3.12/site-packages/airflow/example_dags/example_latest_only.py for tasks to queue
[2024-04-15T14:48:08.932+0000] {logging_mixin.py:188} INFO - [2024-04-15T14:48:08.932+0000] {dagbag.py:540} INFO - Filling up the DagBag from /home/airflow/.local/lib/python3.12/site-packages/airflow/example_dags/example_latest_only.py
[2024-04-15T14:48:08.939+0000] {processor.py:840} INFO - DAG(s) 'latest_only' retrieved from /home/airflow/.local/lib/python3.12/site-packages/airflow/example_dags/example_latest_only.py
[2024-04-15T14:48:08.960+0000] {logging_mixin.py:188} INFO - [2024-04-15T14:48:08.959+0000] {dag.py:3096} INFO - Sync 1 DAGs
[2024-04-15T14:48:08.979+0000] {logging_mixin.py:188} INFO - [2024-04-15T14:48:08.979+0000] {dag.py:3954} INFO - Setting next_dagrun for latest_only to 2024-04-15 08:00:00+00:00, run_after=2024-04-15 12:00:00+00:00
[2024-04-15T14:48:09.002+0000] {processor.py:183} INFO - Processing /home/airflow/.local/lib/python3.12/site-packages/airflow/example_dags/example_latest_only.py took 0.080 seconds
[2024-04-15T14:48:39.091+0000] {processor.py:161} INFO - Started process (PID=499) to work on /home/airflow/.local/lib/python3.12/site-packages/airflow/example_dags/example_latest_only.py
[2024-04-15T14:48:39.092+0000] {processor.py:830} INFO - Processing file /home/airflow/.local/lib/python3.12/site-packages/airflow/example_dags/example_latest_only.py for tasks to queue
[2024-04-15T14:48:39.094+0000] {logging_mixin.py:188} INFO - [2024-04-15T14:48:39.094+0000] {dagbag.py:540} INFO - Filling up the DagBag from /home/airflow/.local/lib/python3.12/site-packages/airflow/example_dags/example_latest_only.py
[2024-04-15T14:48:39.098+0000] {processor.py:840} INFO - DAG(s) 'latest_only' retrieved from /home/airflow/.local/lib/python3.12/site-packages/airflow/example_dags/example_latest_only.py
[2024-04-15T14:48:39.117+0000] {logging_mixin.py:188} INFO - [2024-04-15T14:48:39.117+0000] {dag.py:3096} INFO - Sync 1 DAGs
[2024-04-15T14:48:39.135+0000] {logging_mixin.py:188} INFO - [2024-04-15T14:48:39.135+0000] {dag.py:3954} INFO - Setting next_dagrun for latest_only to 2024-04-15 08:00:00+00:00, run_after=2024-04-15 12:00:00+00:00
[2024-04-15T14:48:39.151+0000] {processor.py:183} INFO - Processing /home/airflow/.local/lib/python3.12/site-packages/airflow/example_dags/example_latest_only.py took 0.065 seconds
[2024-04-15T14:49:09.745+0000] {processor.py:161} INFO - Started process (PID=557) to work on /home/airflow/.local/lib/python3.12/site-packages/airflow/example_dags/example_latest_only.py
[2024-04-15T14:49:09.746+0000] {processor.py:830} INFO - Processing file /home/airflow/.local/lib/python3.12/site-packages/airflow/example_dags/example_latest_only.py for tasks to queue
[2024-04-15T14:49:09.749+0000] {logging_mixin.py:188} INFO - [2024-04-15T14:49:09.749+0000] {dagbag.py:540} INFO - Filling up the DagBag from /home/airflow/.local/lib/python3.12/site-packages/airflow/example_dags/example_latest_only.py
[2024-04-15T14:49:09.755+0000] {processor.py:840} INFO - DAG(s) 'latest_only' retrieved from /home/airflow/.local/lib/python3.12/site-packages/airflow/example_dags/example_latest_only.py
[2024-04-15T14:49:09.776+0000] {logging_mixin.py:188} INFO - [2024-04-15T14:49:09.776+0000] {dag.py:3096} INFO - Sync 1 DAGs
[2024-04-15T14:49:09.805+0000] {logging_mixin.py:188} INFO - [2024-04-15T14:49:09.805+0000] {dag.py:3954} INFO - Setting next_dagrun for latest_only to 2024-04-15 08:00:00+00:00, run_after=2024-04-15 12:00:00+00:00
[2024-04-15T14:49:09.827+0000] {processor.py:183} INFO - Processing /home/airflow/.local/lib/python3.12/site-packages/airflow/example_dags/example_latest_only.py took 0.090 seconds
[2024-04-15T14:49:40.537+0000] {processor.py:161} INFO - Started process (PID=615) to work on /home/airflow/.local/lib/python3.12/site-packages/airflow/example_dags/example_latest_only.py
[2024-04-15T14:49:40.539+0000] {processor.py:830} INFO - Processing file /home/airflow/.local/lib/python3.12/site-packages/airflow/example_dags/example_latest_only.py for tasks to queue
[2024-04-15T14:49:40.542+0000] {logging_mixin.py:188} INFO - [2024-04-15T14:49:40.541+0000] {dagbag.py:540} INFO - Filling up the DagBag from /home/airflow/.local/lib/python3.12/site-packages/airflow/example_dags/example_latest_only.py
[2024-04-15T14:49:40.548+0000] {processor.py:840} INFO - DAG(s) 'latest_only' retrieved from /home/airflow/.local/lib/python3.12/site-packages/airflow/example_dags/example_latest_only.py
[2024-04-15T14:49:40.574+0000] {logging_mixin.py:188} INFO - [2024-04-15T14:49:40.573+0000] {dag.py:3096} INFO - Sync 1 DAGs
[2024-04-15T14:49:40.597+0000] {logging_mixin.py:188} INFO - [2024-04-15T14:49:40.597+0000] {dag.py:3954} INFO - Setting next_dagrun for latest_only to 2024-04-15 08:00:00+00:00, run_after=2024-04-15 12:00:00+00:00
[2024-04-15T14:49:40.615+0000] {processor.py:183} INFO - Processing /home/airflow/.local/lib/python3.12/site-packages/airflow/example_dags/example_latest_only.py took 0.085 seconds
[2024-04-15T14:50:10.947+0000] {processor.py:161} INFO - Started process (PID=673) to work on /home/airflow/.local/lib/python3.12/site-packages/airflow/example_dags/example_latest_only.py
[2024-04-15T14:50:10.949+0000] {processor.py:830} INFO - Processing file /home/airflow/.local/lib/python3.12/site-packages/airflow/example_dags/example_latest_only.py for tasks to queue
[2024-04-15T14:50:10.951+0000] {logging_mixin.py:188} INFO - [2024-04-15T14:50:10.951+0000] {dagbag.py:540} INFO - Filling up the DagBag from /home/airflow/.local/lib/python3.12/site-packages/airflow/example_dags/example_latest_only.py
[2024-04-15T14:50:10.957+0000] {processor.py:840} INFO - DAG(s) 'latest_only' retrieved from /home/airflow/.local/lib/python3.12/site-packages/airflow/example_dags/example_latest_only.py
[2024-04-15T14:50:10.976+0000] {logging_mixin.py:188} INFO - [2024-04-15T14:50:10.976+0000] {dag.py:3096} INFO - Sync 1 DAGs
[2024-04-15T14:50:11.002+0000] {logging_mixin.py:188} INFO - [2024-04-15T14:50:11.002+0000] {dag.py:3954} INFO - Setting next_dagrun for latest_only to 2024-04-15 08:00:00+00:00, run_after=2024-04-15 12:00:00+00:00
[2024-04-15T14:50:11.028+0000] {processor.py:183} INFO - Processing /home/airflow/.local/lib/python3.12/site-packages/airflow/example_dags/example_latest_only.py took 0.086 seconds
[2024-04-15T14:50:41.154+0000] {processor.py:161} INFO - Started process (PID=731) to work on /home/airflow/.local/lib/python3.12/site-packages/airflow/example_dags/example_latest_only.py
[2024-04-15T14:50:41.156+0000] {processor.py:830} INFO - Processing file /home/airflow/.local/lib/python3.12/site-packages/airflow/example_dags/example_latest_only.py for tasks to queue
[2024-04-15T14:50:41.158+0000] {logging_mixin.py:188} INFO - [2024-04-15T14:50:41.157+0000] {dagbag.py:540} INFO - Filling up the DagBag from /home/airflow/.local/lib/python3.12/site-packages/airflow/example_dags/example_latest_only.py
[2024-04-15T14:50:41.164+0000] {processor.py:840} INFO - DAG(s) 'latest_only' retrieved from /home/airflow/.local/lib/python3.12/site-packages/airflow/example_dags/example_latest_only.py
[2024-04-15T14:50:41.181+0000] {logging_mixin.py:188} INFO - [2024-04-15T14:50:41.181+0000] {dag.py:3096} INFO - Sync 1 DAGs
[2024-04-15T14:50:41.206+0000] {logging_mixin.py:188} INFO - [2024-04-15T14:50:41.206+0000] {dag.py:3954} INFO - Setting next_dagrun for latest_only to 2024-04-15 08:00:00+00:00, run_after=2024-04-15 12:00:00+00:00
[2024-04-15T14:50:41.228+0000] {processor.py:183} INFO - Processing /home/airflow/.local/lib/python3.12/site-packages/airflow/example_dags/example_latest_only.py took 0.082 seconds
[2024-04-15T14:51:12.246+0000] {processor.py:161} INFO - Started process (PID=795) to work on /home/airflow/.local/lib/python3.12/site-packages/airflow/example_dags/example_latest_only.py
[2024-04-15T14:51:12.247+0000] {processor.py:830} INFO - Processing file /home/airflow/.local/lib/python3.12/site-packages/airflow/example_dags/example_latest_only.py for tasks to queue
[2024-04-15T14:51:12.250+0000] {logging_mixin.py:188} INFO - [2024-04-15T14:51:12.249+0000] {dagbag.py:540} INFO - Filling up the DagBag from /home/airflow/.local/lib/python3.12/site-packages/airflow/example_dags/example_latest_only.py
[2024-04-15T14:51:12.259+0000] {processor.py:840} INFO - DAG(s) 'latest_only' retrieved from /home/airflow/.local/lib/python3.12/site-packages/airflow/example_dags/example_latest_only.py
[2024-04-15T14:51:12.280+0000] {logging_mixin.py:188} INFO - [2024-04-15T14:51:12.280+0000] {dag.py:3096} INFO - Sync 1 DAGs
[2024-04-15T14:51:12.305+0000] {logging_mixin.py:188} INFO - [2024-04-15T14:51:12.305+0000] {dag.py:3954} INFO - Setting next_dagrun for latest_only to 2024-04-15 08:00:00+00:00, run_after=2024-04-15 12:00:00+00:00
[2024-04-15T14:51:12.326+0000] {processor.py:183} INFO - Processing /home/airflow/.local/lib/python3.12/site-packages/airflow/example_dags/example_latest_only.py took 0.087 seconds
[2024-04-15T14:51:43.346+0000] {processor.py:161} INFO - Started process (PID=853) to work on /home/airflow/.local/lib/python3.12/site-packages/airflow/example_dags/example_latest_only.py
[2024-04-15T14:51:43.347+0000] {processor.py:830} INFO - Processing file /home/airflow/.local/lib/python3.12/site-packages/airflow/example_dags/example_latest_only.py for tasks to queue
[2024-04-15T14:51:43.349+0000] {logging_mixin.py:188} INFO - [2024-04-15T14:51:43.349+0000] {dagbag.py:540} INFO - Filling up the DagBag from /home/airflow/.local/lib/python3.12/site-packages/airflow/example_dags/example_latest_only.py
[2024-04-15T14:51:43.357+0000] {processor.py:840} INFO - DAG(s) 'latest_only' retrieved from /home/airflow/.local/lib/python3.12/site-packages/airflow/example_dags/example_latest_only.py
[2024-04-15T14:51:43.378+0000] {logging_mixin.py:188} INFO - [2024-04-15T14:51:43.378+0000] {dag.py:3096} INFO - Sync 1 DAGs
[2024-04-15T14:51:43.403+0000] {logging_mixin.py:188} INFO - [2024-04-15T14:51:43.403+0000] {dag.py:3954} INFO - Setting next_dagrun for latest_only to 2024-04-15 08:00:00+00:00, run_after=2024-04-15 12:00:00+00:00
[2024-04-15T14:51:43.432+0000] {processor.py:183} INFO - Processing /home/airflow/.local/lib/python3.12/site-packages/airflow/example_dags/example_latest_only.py took 0.092 seconds
[2024-04-15T14:52:14.325+0000] {processor.py:161} INFO - Started process (PID=912) to work on /home/airflow/.local/lib/python3.12/site-packages/airflow/example_dags/example_latest_only.py
[2024-04-15T14:52:14.327+0000] {processor.py:830} INFO - Processing file /home/airflow/.local/lib/python3.12/site-packages/airflow/example_dags/example_latest_only.py for tasks to queue
[2024-04-15T14:52:14.336+0000] {logging_mixin.py:188} INFO - [2024-04-15T14:52:14.335+0000] {dagbag.py:540} INFO - Filling up the DagBag from /home/airflow/.local/lib/python3.12/site-packages/airflow/example_dags/example_latest_only.py
[2024-04-15T14:52:14.351+0000] {processor.py:840} INFO - DAG(s) 'latest_only' retrieved from /home/airflow/.local/lib/python3.12/site-packages/airflow/example_dags/example_latest_only.py
[2024-04-15T14:52:14.441+0000] {logging_mixin.py:188} INFO - [2024-04-15T14:52:14.440+0000] {dag.py:3096} INFO - Sync 1 DAGs
[2024-04-15T14:52:14.531+0000] {logging_mixin.py:188} INFO - [2024-04-15T14:52:14.531+0000] {dag.py:3954} INFO - Setting next_dagrun for latest_only to 2024-04-15 08:00:00+00:00, run_after=2024-04-15 12:00:00+00:00
[2024-04-15T14:52:14.655+0000] {processor.py:183} INFO - Processing /home/airflow/.local/lib/python3.12/site-packages/airflow/example_dags/example_latest_only.py took 0.348 seconds
[2024-04-15T14:52:45.046+0000] {processor.py:161} INFO - Started process (PID=970) to work on /home/airflow/.local/lib/python3.12/site-packages/airflow/example_dags/example_latest_only.py
[2024-04-15T14:52:45.048+0000] {processor.py:830} INFO - Processing file /home/airflow/.local/lib/python3.12/site-packages/airflow/example_dags/example_latest_only.py for tasks to queue
[2024-04-15T14:52:45.053+0000] {logging_mixin.py:188} INFO - [2024-04-15T14:52:45.052+0000] {dagbag.py:540} INFO - Filling up the DagBag from /home/airflow/.local/lib/python3.12/site-packages/airflow/example_dags/example_latest_only.py
[2024-04-15T14:52:45.059+0000] {processor.py:840} INFO - DAG(s) 'latest_only' retrieved from /home/airflow/.local/lib/python3.12/site-packages/airflow/example_dags/example_latest_only.py
[2024-04-15T14:52:45.078+0000] {logging_mixin.py:188} INFO - [2024-04-15T14:52:45.078+0000] {dag.py:3096} INFO - Sync 1 DAGs
[2024-04-15T14:52:45.103+0000] {logging_mixin.py:188} INFO - [2024-04-15T14:52:45.102+0000] {dag.py:3954} INFO - Setting next_dagrun for latest_only to 2024-04-15 08:00:00+00:00, run_after=2024-04-15 12:00:00+00:00
[2024-04-15T14:52:45.125+0000] {processor.py:183} INFO - Processing /home/airflow/.local/lib/python3.12/site-packages/airflow/example_dags/example_latest_only.py took 0.086 seconds
[2024-04-15T14:53:15.399+0000] {processor.py:161} INFO - Started process (PID=1028) to work on /home/airflow/.local/lib/python3.12/site-packages/airflow/example_dags/example_latest_only.py
[2024-04-15T14:53:15.400+0000] {processor.py:830} INFO - Processing file /home/airflow/.local/lib/python3.12/site-packages/airflow/example_dags/example_latest_only.py for tasks to queue
[2024-04-15T14:53:15.403+0000] {logging_mixin.py:188} INFO - [2024-04-15T14:53:15.402+0000] {dagbag.py:540} INFO - Filling up the DagBag from /home/airflow/.local/lib/python3.12/site-packages/airflow/example_dags/example_latest_only.py
[2024-04-15T14:53:15.408+0000] {processor.py:840} INFO - DAG(s) 'latest_only' retrieved from /home/airflow/.local/lib/python3.12/site-packages/airflow/example_dags/example_latest_only.py
[2024-04-15T14:53:15.436+0000] {logging_mixin.py:188} INFO - [2024-04-15T14:53:15.435+0000] {dag.py:3096} INFO - Sync 1 DAGs
[2024-04-15T14:53:15.672+0000] {logging_mixin.py:188} INFO - [2024-04-15T14:53:15.671+0000] {dag.py:3954} INFO - Setting next_dagrun for latest_only to 2024-04-15 08:00:00+00:00, run_after=2024-04-15 12:00:00+00:00
[2024-04-15T14:53:15.705+0000] {processor.py:183} INFO - Processing /home/airflow/.local/lib/python3.12/site-packages/airflow/example_dags/example_latest_only.py took 0.312 seconds
[2024-04-15T14:53:45.916+0000] {processor.py:161} INFO - Started process (PID=1085) to work on /home/airflow/.local/lib/python3.12/site-packages/airflow/example_dags/example_latest_only.py
[2024-04-15T14:53:45.918+0000] {processor.py:830} INFO - Processing file /home/airflow/.local/lib/python3.12/site-packages/airflow/example_dags/example_latest_only.py for tasks to queue
[2024-04-15T14:53:45.922+0000] {logging_mixin.py:188} INFO - [2024-04-15T14:53:45.921+0000] {dagbag.py:540} INFO - Filling up the DagBag from /home/airflow/.local/lib/python3.12/site-packages/airflow/example_dags/example_latest_only.py
[2024-04-15T14:53:45.928+0000] {processor.py:840} INFO - DAG(s) 'latest_only' retrieved from /home/airflow/.local/lib/python3.12/site-packages/airflow/example_dags/example_latest_only.py
[2024-04-15T14:53:45.951+0000] {logging_mixin.py:188} INFO - [2024-04-15T14:53:45.951+0000] {dag.py:3096} INFO - Sync 1 DAGs
[2024-04-15T14:53:45.978+0000] {logging_mixin.py:188} INFO - [2024-04-15T14:53:45.977+0000] {dag.py:3954} INFO - Setting next_dagrun for latest_only to 2024-04-15 08:00:00+00:00, run_after=2024-04-15 12:00:00+00:00
[2024-04-15T14:53:46.194+0000] {processor.py:183} INFO - Processing /home/airflow/.local/lib/python3.12/site-packages/airflow/example_dags/example_latest_only.py took 0.284 seconds
[2024-04-15T14:54:16.389+0000] {processor.py:161} INFO - Started process (PID=1144) to work on /home/airflow/.local/lib/python3.12/site-packages/airflow/example_dags/example_latest_only.py
[2024-04-15T14:54:16.390+0000] {processor.py:830} INFO - Processing file /home/airflow/.local/lib/python3.12/site-packages/airflow/example_dags/example_latest_only.py for tasks to queue
[2024-04-15T14:54:16.392+0000] {logging_mixin.py:188} INFO - [2024-04-15T14:54:16.392+0000] {dagbag.py:540} INFO - Filling up the DagBag from /home/airflow/.local/lib/python3.12/site-packages/airflow/example_dags/example_latest_only.py
[2024-04-15T14:54:16.397+0000] {processor.py:840} INFO - DAG(s) 'latest_only' retrieved from /home/airflow/.local/lib/python3.12/site-packages/airflow/example_dags/example_latest_only.py
[2024-04-15T14:54:16.414+0000] {logging_mixin.py:188} INFO - [2024-04-15T14:54:16.414+0000] {dag.py:3096} INFO - Sync 1 DAGs
[2024-04-15T14:54:16.436+0000] {logging_mixin.py:188} INFO - [2024-04-15T14:54:16.436+0000] {dag.py:3954} INFO - Setting next_dagrun for latest_only to 2024-04-15 08:00:00+00:00, run_after=2024-04-15 12:00:00+00:00
[2024-04-15T14:54:16.451+0000] {processor.py:183} INFO - Processing /home/airflow/.local/lib/python3.12/site-packages/airflow/example_dags/example_latest_only.py took 0.067 seconds
[2024-04-15T14:56:06.692+0000] {processor.py:161} INFO - Started process (PID=81) to work on /home/airflow/.local/lib/python3.12/site-packages/airflow/example_dags/example_latest_only.py
[2024-04-15T14:56:06.693+0000] {processor.py:830} INFO - Processing file /home/airflow/.local/lib/python3.12/site-packages/airflow/example_dags/example_latest_only.py for tasks to queue
[2024-04-15T14:56:06.696+0000] {logging_mixin.py:188} INFO - [2024-04-15T14:56:06.695+0000] {dagbag.py:540} INFO - Filling up the DagBag from /home/airflow/.local/lib/python3.12/site-packages/airflow/example_dags/example_latest_only.py
[2024-04-15T14:56:06.703+0000] {processor.py:840} INFO - DAG(s) 'latest_only' retrieved from /home/airflow/.local/lib/python3.12/site-packages/airflow/example_dags/example_latest_only.py
[2024-04-15T14:56:06.825+0000] {logging_mixin.py:188} INFO - [2024-04-15T14:56:06.825+0000] {dag.py:3096} INFO - Sync 1 DAGs
[2024-04-15T14:56:06.855+0000] {logging_mixin.py:188} INFO - [2024-04-15T14:56:06.854+0000] {dag.py:3954} INFO - Setting next_dagrun for latest_only to 2024-04-15 08:00:00+00:00, run_after=2024-04-15 12:00:00+00:00
[2024-04-15T14:56:06.883+0000] {processor.py:183} INFO - Processing /home/airflow/.local/lib/python3.12/site-packages/airflow/example_dags/example_latest_only.py took 0.197 seconds
[2024-04-15T14:56:37.639+0000] {processor.py:161} INFO - Started process (PID=141) to work on /home/airflow/.local/lib/python3.12/site-packages/airflow/example_dags/example_latest_only.py
[2024-04-15T14:56:37.640+0000] {processor.py:830} INFO - Processing file /home/airflow/.local/lib/python3.12/site-packages/airflow/example_dags/example_latest_only.py for tasks to queue
[2024-04-15T14:56:37.642+0000] {logging_mixin.py:188} INFO - [2024-04-15T14:56:37.642+0000] {dagbag.py:540} INFO - Filling up the DagBag from /home/airflow/.local/lib/python3.12/site-packages/airflow/example_dags/example_latest_only.py
[2024-04-15T14:56:37.649+0000] {processor.py:840} INFO - DAG(s) 'latest_only' retrieved from /home/airflow/.local/lib/python3.12/site-packages/airflow/example_dags/example_latest_only.py
[2024-04-15T14:56:37.675+0000] {logging_mixin.py:188} INFO - [2024-04-15T14:56:37.675+0000] {dag.py:3096} INFO - Sync 1 DAGs
[2024-04-15T14:56:37.699+0000] {logging_mixin.py:188} INFO - [2024-04-15T14:56:37.699+0000] {dag.py:3954} INFO - Setting next_dagrun for latest_only to 2024-04-15 08:00:00+00:00, run_after=2024-04-15 12:00:00+00:00
[2024-04-15T14:56:37.719+0000] {processor.py:183} INFO - Processing /home/airflow/.local/lib/python3.12/site-packages/airflow/example_dags/example_latest_only.py took 0.086 seconds
[2024-04-15T14:57:08.274+0000] {processor.py:161} INFO - Started process (PID=201) to work on /home/airflow/.local/lib/python3.12/site-packages/airflow/example_dags/example_latest_only.py
[2024-04-15T14:57:08.275+0000] {processor.py:830} INFO - Processing file /home/airflow/.local/lib/python3.12/site-packages/airflow/example_dags/example_latest_only.py for tasks to queue
[2024-04-15T14:57:08.277+0000] {logging_mixin.py:188} INFO - [2024-04-15T14:57:08.277+0000] {dagbag.py:540} INFO - Filling up the DagBag from /home/airflow/.local/lib/python3.12/site-packages/airflow/example_dags/example_latest_only.py
[2024-04-15T14:57:08.281+0000] {processor.py:840} INFO - DAG(s) 'latest_only' retrieved from /home/airflow/.local/lib/python3.12/site-packages/airflow/example_dags/example_latest_only.py
[2024-04-15T14:57:08.303+0000] {logging_mixin.py:188} INFO - [2024-04-15T14:57:08.303+0000] {dag.py:3096} INFO - Sync 1 DAGs
[2024-04-15T14:57:08.326+0000] {logging_mixin.py:188} INFO - [2024-04-15T14:57:08.325+0000] {dag.py:3954} INFO - Setting next_dagrun for latest_only to 2024-04-15 08:00:00+00:00, run_after=2024-04-15 12:00:00+00:00
[2024-04-15T14:57:08.345+0000] {processor.py:183} INFO - Processing /home/airflow/.local/lib/python3.12/site-packages/airflow/example_dags/example_latest_only.py took 0.077 seconds
[2024-04-15T14:57:38.697+0000] {processor.py:161} INFO - Started process (PID=267) to work on /home/airflow/.local/lib/python3.12/site-packages/airflow/example_dags/example_latest_only.py
[2024-04-15T14:57:38.698+0000] {processor.py:830} INFO - Processing file /home/airflow/.local/lib/python3.12/site-packages/airflow/example_dags/example_latest_only.py for tasks to queue
[2024-04-15T14:57:38.700+0000] {logging_mixin.py:188} INFO - [2024-04-15T14:57:38.700+0000] {dagbag.py:540} INFO - Filling up the DagBag from /home/airflow/.local/lib/python3.12/site-packages/airflow/example_dags/example_latest_only.py
[2024-04-15T14:57:38.705+0000] {processor.py:840} INFO - DAG(s) 'latest_only' retrieved from /home/airflow/.local/lib/python3.12/site-packages/airflow/example_dags/example_latest_only.py
[2024-04-15T14:57:38.727+0000] {logging_mixin.py:188} INFO - [2024-04-15T14:57:38.727+0000] {dag.py:3096} INFO - Sync 1 DAGs
[2024-04-15T14:57:38.749+0000] {logging_mixin.py:188} INFO - [2024-04-15T14:57:38.749+0000] {dag.py:3954} INFO - Setting next_dagrun for latest_only to 2024-04-15 08:00:00+00:00, run_after=2024-04-15 12:00:00+00:00
[2024-04-15T14:57:38.774+0000] {processor.py:183} INFO - Processing /home/airflow/.local/lib/python3.12/site-packages/airflow/example_dags/example_latest_only.py took 0.083 seconds
[2024-04-15T14:58:09.463+0000] {processor.py:161} INFO - Started process (PID=327) to work on /home/airflow/.local/lib/python3.12/site-packages/airflow/example_dags/example_latest_only.py
[2024-04-15T14:58:09.464+0000] {processor.py:830} INFO - Processing file /home/airflow/.local/lib/python3.12/site-packages/airflow/example_dags/example_latest_only.py for tasks to queue
[2024-04-15T14:58:09.466+0000] {logging_mixin.py:188} INFO - [2024-04-15T14:58:09.466+0000] {dagbag.py:540} INFO - Filling up the DagBag from /home/airflow/.local/lib/python3.12/site-packages/airflow/example_dags/example_latest_only.py
[2024-04-15T14:58:09.471+0000] {processor.py:840} INFO - DAG(s) 'latest_only' retrieved from /home/airflow/.local/lib/python3.12/site-packages/airflow/example_dags/example_latest_only.py
[2024-04-15T14:58:09.487+0000] {logging_mixin.py:188} INFO - [2024-04-15T14:58:09.487+0000] {dag.py:3096} INFO - Sync 1 DAGs
[2024-04-15T14:58:09.510+0000] {logging_mixin.py:188} INFO - [2024-04-15T14:58:09.510+0000] {dag.py:3954} INFO - Setting next_dagrun for latest_only to 2024-04-15 08:00:00+00:00, run_after=2024-04-15 12:00:00+00:00
[2024-04-15T14:58:09.530+0000] {processor.py:183} INFO - Processing /home/airflow/.local/lib/python3.12/site-packages/airflow/example_dags/example_latest_only.py took 0.071 seconds
[2024-04-15T14:58:39.876+0000] {processor.py:161} INFO - Started process (PID=387) to work on /home/airflow/.local/lib/python3.12/site-packages/airflow/example_dags/example_latest_only.py
[2024-04-15T14:58:39.877+0000] {processor.py:830} INFO - Processing file /home/airflow/.local/lib/python3.12/site-packages/airflow/example_dags/example_latest_only.py for tasks to queue
[2024-04-15T14:58:39.879+0000] {logging_mixin.py:188} INFO - [2024-04-15T14:58:39.879+0000] {dagbag.py:540} INFO - Filling up the DagBag from /home/airflow/.local/lib/python3.12/site-packages/airflow/example_dags/example_latest_only.py
[2024-04-15T14:58:39.883+0000] {processor.py:840} INFO - DAG(s) 'latest_only' retrieved from /home/airflow/.local/lib/python3.12/site-packages/airflow/example_dags/example_latest_only.py
[2024-04-15T14:58:39.907+0000] {logging_mixin.py:188} INFO - [2024-04-15T14:58:39.907+0000] {dag.py:3096} INFO - Sync 1 DAGs
[2024-04-15T14:58:39.937+0000] {logging_mixin.py:188} INFO - [2024-04-15T14:58:39.936+0000] {dag.py:3954} INFO - Setting next_dagrun for latest_only to 2024-04-15 08:00:00+00:00, run_after=2024-04-15 12:00:00+00:00
[2024-04-15T14:58:39.967+0000] {processor.py:183} INFO - Processing /home/airflow/.local/lib/python3.12/site-packages/airflow/example_dags/example_latest_only.py took 0.097 seconds
[2024-04-15T14:59:10.715+0000] {processor.py:161} INFO - Started process (PID=447) to work on /home/airflow/.local/lib/python3.12/site-packages/airflow/example_dags/example_latest_only.py
[2024-04-15T14:59:10.716+0000] {processor.py:830} INFO - Processing file /home/airflow/.local/lib/python3.12/site-packages/airflow/example_dags/example_latest_only.py for tasks to queue
[2024-04-15T14:59:10.718+0000] {logging_mixin.py:188} INFO - [2024-04-15T14:59:10.718+0000] {dagbag.py:540} INFO - Filling up the DagBag from /home/airflow/.local/lib/python3.12/site-packages/airflow/example_dags/example_latest_only.py
[2024-04-15T14:59:10.725+0000] {processor.py:840} INFO - DAG(s) 'latest_only' retrieved from /home/airflow/.local/lib/python3.12/site-packages/airflow/example_dags/example_latest_only.py
[2024-04-15T14:59:10.742+0000] {logging_mixin.py:188} INFO - [2024-04-15T14:59:10.741+0000] {dag.py:3096} INFO - Sync 1 DAGs
[2024-04-15T14:59:10.762+0000] {logging_mixin.py:188} INFO - [2024-04-15T14:59:10.762+0000] {dag.py:3954} INFO - Setting next_dagrun for latest_only to 2024-04-15 08:00:00+00:00, run_after=2024-04-15 12:00:00+00:00
[2024-04-15T14:59:10.780+0000] {processor.py:183} INFO - Processing /home/airflow/.local/lib/python3.12/site-packages/airflow/example_dags/example_latest_only.py took 0.071 seconds
[2024-04-15T14:59:41.774+0000] {processor.py:161} INFO - Started process (PID=507) to work on /home/airflow/.local/lib/python3.12/site-packages/airflow/example_dags/example_latest_only.py
[2024-04-15T14:59:41.776+0000] {processor.py:830} INFO - Processing file /home/airflow/.local/lib/python3.12/site-packages/airflow/example_dags/example_latest_only.py for tasks to queue
[2024-04-15T14:59:41.778+0000] {logging_mixin.py:188} INFO - [2024-04-15T14:59:41.778+0000] {dagbag.py:540} INFO - Filling up the DagBag from /home/airflow/.local/lib/python3.12/site-packages/airflow/example_dags/example_latest_only.py
[2024-04-15T14:59:41.784+0000] {processor.py:840} INFO - DAG(s) 'latest_only' retrieved from /home/airflow/.local/lib/python3.12/site-packages/airflow/example_dags/example_latest_only.py
[2024-04-15T14:59:41.816+0000] {logging_mixin.py:188} INFO - [2024-04-15T14:59:41.815+0000] {dag.py:3096} INFO - Sync 1 DAGs
[2024-04-15T14:59:41.856+0000] {logging_mixin.py:188} INFO - [2024-04-15T14:59:41.856+0000] {dag.py:3954} INFO - Setting next_dagrun for latest_only to 2024-04-15 08:00:00+00:00, run_after=2024-04-15 12:00:00+00:00
[2024-04-15T14:59:41.879+0000] {processor.py:183} INFO - Processing /home/airflow/.local/lib/python3.12/site-packages/airflow/example_dags/example_latest_only.py took 0.111 seconds
[2024-04-15T15:00:12.036+0000] {processor.py:161} INFO - Started process (PID=567) to work on /home/airflow/.local/lib/python3.12/site-packages/airflow/example_dags/example_latest_only.py
[2024-04-15T15:00:12.037+0000] {processor.py:830} INFO - Processing file /home/airflow/.local/lib/python3.12/site-packages/airflow/example_dags/example_latest_only.py for tasks to queue
[2024-04-15T15:00:12.039+0000] {logging_mixin.py:188} INFO - [2024-04-15T15:00:12.039+0000] {dagbag.py:540} INFO - Filling up the DagBag from /home/airflow/.local/lib/python3.12/site-packages/airflow/example_dags/example_latest_only.py
[2024-04-15T15:00:12.043+0000] {processor.py:840} INFO - DAG(s) 'latest_only' retrieved from /home/airflow/.local/lib/python3.12/site-packages/airflow/example_dags/example_latest_only.py
[2024-04-15T15:00:12.060+0000] {logging_mixin.py:188} INFO - [2024-04-15T15:00:12.060+0000] {dag.py:3096} INFO - Sync 1 DAGs
[2024-04-15T15:00:12.080+0000] {logging_mixin.py:188} INFO - [2024-04-15T15:00:12.080+0000] {dag.py:3954} INFO - Setting next_dagrun for latest_only to 2024-04-15 08:00:00+00:00, run_after=2024-04-15 12:00:00+00:00
[2024-04-15T15:00:12.099+0000] {processor.py:183} INFO - Processing /home/airflow/.local/lib/python3.12/site-packages/airflow/example_dags/example_latest_only.py took 0.068 seconds
[2024-04-15T15:00:42.684+0000] {processor.py:161} INFO - Started process (PID=627) to work on /home/airflow/.local/lib/python3.12/site-packages/airflow/example_dags/example_latest_only.py
[2024-04-15T15:00:42.687+0000] {processor.py:830} INFO - Processing file /home/airflow/.local/lib/python3.12/site-packages/airflow/example_dags/example_latest_only.py for tasks to queue
[2024-04-15T15:00:42.689+0000] {logging_mixin.py:188} INFO - [2024-04-15T15:00:42.688+0000] {dagbag.py:540} INFO - Filling up the DagBag from /home/airflow/.local/lib/python3.12/site-packages/airflow/example_dags/example_latest_only.py
[2024-04-15T15:00:42.693+0000] {processor.py:840} INFO - DAG(s) 'latest_only' retrieved from /home/airflow/.local/lib/python3.12/site-packages/airflow/example_dags/example_latest_only.py
[2024-04-15T15:00:42.712+0000] {logging_mixin.py:188} INFO - [2024-04-15T15:00:42.712+0000] {dag.py:3096} INFO - Sync 1 DAGs
[2024-04-15T15:00:42.736+0000] {logging_mixin.py:188} INFO - [2024-04-15T15:00:42.736+0000] {dag.py:3954} INFO - Setting next_dagrun for latest_only to 2024-04-15 08:00:00+00:00, run_after=2024-04-15 12:00:00+00:00
[2024-04-15T15:00:42.755+0000] {processor.py:183} INFO - Processing /home/airflow/.local/lib/python3.12/site-packages/airflow/example_dags/example_latest_only.py took 0.075 seconds
[2024-04-15T15:01:13.253+0000] {processor.py:161} INFO - Started process (PID=687) to work on /home/airflow/.local/lib/python3.12/site-packages/airflow/example_dags/example_latest_only.py
[2024-04-15T15:01:13.254+0000] {processor.py:830} INFO - Processing file /home/airflow/.local/lib/python3.12/site-packages/airflow/example_dags/example_latest_only.py for tasks to queue
[2024-04-15T15:01:13.256+0000] {logging_mixin.py:188} INFO - [2024-04-15T15:01:13.255+0000] {dagbag.py:540} INFO - Filling up the DagBag from /home/airflow/.local/lib/python3.12/site-packages/airflow/example_dags/example_latest_only.py
[2024-04-15T15:01:13.260+0000] {processor.py:840} INFO - DAG(s) 'latest_only' retrieved from /home/airflow/.local/lib/python3.12/site-packages/airflow/example_dags/example_latest_only.py
[2024-04-15T15:01:13.275+0000] {logging_mixin.py:188} INFO - [2024-04-15T15:01:13.275+0000] {dag.py:3096} INFO - Sync 1 DAGs
[2024-04-15T15:01:13.296+0000] {logging_mixin.py:188} INFO - [2024-04-15T15:01:13.295+0000] {dag.py:3954} INFO - Setting next_dagrun for latest_only to 2024-04-15 08:00:00+00:00, run_after=2024-04-15 12:00:00+00:00
[2024-04-15T15:01:13.313+0000] {processor.py:183} INFO - Processing /home/airflow/.local/lib/python3.12/site-packages/airflow/example_dags/example_latest_only.py took 0.065 seconds
[2024-04-15T15:01:43.390+0000] {processor.py:161} INFO - Started process (PID=747) to work on /home/airflow/.local/lib/python3.12/site-packages/airflow/example_dags/example_latest_only.py
[2024-04-15T15:01:43.392+0000] {processor.py:830} INFO - Processing file /home/airflow/.local/lib/python3.12/site-packages/airflow/example_dags/example_latest_only.py for tasks to queue
[2024-04-15T15:01:43.394+0000] {logging_mixin.py:188} INFO - [2024-04-15T15:01:43.394+0000] {dagbag.py:540} INFO - Filling up the DagBag from /home/airflow/.local/lib/python3.12/site-packages/airflow/example_dags/example_latest_only.py
[2024-04-15T15:01:43.399+0000] {processor.py:840} INFO - DAG(s) 'latest_only' retrieved from /home/airflow/.local/lib/python3.12/site-packages/airflow/example_dags/example_latest_only.py
[2024-04-15T15:01:43.424+0000] {logging_mixin.py:188} INFO - [2024-04-15T15:01:43.423+0000] {dag.py:3096} INFO - Sync 1 DAGs
[2024-04-15T15:01:43.448+0000] {logging_mixin.py:188} INFO - [2024-04-15T15:01:43.448+0000] {dag.py:3954} INFO - Setting next_dagrun for latest_only to 2024-04-15 08:00:00+00:00, run_after=2024-04-15 12:00:00+00:00
[2024-04-15T15:01:43.477+0000] {processor.py:183} INFO - Processing /home/airflow/.local/lib/python3.12/site-packages/airflow/example_dags/example_latest_only.py took 0.092 seconds
[2024-04-15T15:02:14.489+0000] {processor.py:161} INFO - Started process (PID=809) to work on /home/airflow/.local/lib/python3.12/site-packages/airflow/example_dags/example_latest_only.py
[2024-04-15T15:02:14.491+0000] {processor.py:830} INFO - Processing file /home/airflow/.local/lib/python3.12/site-packages/airflow/example_dags/example_latest_only.py for tasks to queue
[2024-04-15T15:02:14.493+0000] {logging_mixin.py:188} INFO - [2024-04-15T15:02:14.493+0000] {dagbag.py:540} INFO - Filling up the DagBag from /home/airflow/.local/lib/python3.12/site-packages/airflow/example_dags/example_latest_only.py
[2024-04-15T15:02:14.500+0000] {processor.py:840} INFO - DAG(s) 'latest_only' retrieved from /home/airflow/.local/lib/python3.12/site-packages/airflow/example_dags/example_latest_only.py
[2024-04-15T15:02:14.534+0000] {logging_mixin.py:188} INFO - [2024-04-15T15:02:14.534+0000] {dag.py:3096} INFO - Sync 1 DAGs
[2024-04-15T15:02:14.574+0000] {logging_mixin.py:188} INFO - [2024-04-15T15:02:14.574+0000] {dag.py:3954} INFO - Setting next_dagrun for latest_only to 2024-04-15 08:00:00+00:00, run_after=2024-04-15 12:00:00+00:00
[2024-04-15T15:02:14.609+0000] {processor.py:183} INFO - Processing /home/airflow/.local/lib/python3.12/site-packages/airflow/example_dags/example_latest_only.py took 0.128 seconds
[2024-04-15T15:02:45.181+0000] {processor.py:161} INFO - Started process (PID=869) to work on /home/airflow/.local/lib/python3.12/site-packages/airflow/example_dags/example_latest_only.py
[2024-04-15T15:02:45.182+0000] {processor.py:830} INFO - Processing file /home/airflow/.local/lib/python3.12/site-packages/airflow/example_dags/example_latest_only.py for tasks to queue
[2024-04-15T15:02:45.184+0000] {logging_mixin.py:188} INFO - [2024-04-15T15:02:45.184+0000] {dagbag.py:540} INFO - Filling up the DagBag from /home/airflow/.local/lib/python3.12/site-packages/airflow/example_dags/example_latest_only.py
[2024-04-15T15:02:45.190+0000] {processor.py:840} INFO - DAG(s) 'latest_only' retrieved from /home/airflow/.local/lib/python3.12/site-packages/airflow/example_dags/example_latest_only.py
[2024-04-15T15:02:45.214+0000] {logging_mixin.py:188} INFO - [2024-04-15T15:02:45.214+0000] {dag.py:3096} INFO - Sync 1 DAGs
[2024-04-15T15:02:45.237+0000] {logging_mixin.py:188} INFO - [2024-04-15T15:02:45.237+0000] {dag.py:3954} INFO - Setting next_dagrun for latest_only to 2024-04-15 08:00:00+00:00, run_after=2024-04-15 12:00:00+00:00
[2024-04-15T15:02:45.261+0000] {processor.py:183} INFO - Processing /home/airflow/.local/lib/python3.12/site-packages/airflow/example_dags/example_latest_only.py took 0.086 seconds
[2024-04-15T15:03:16.060+0000] {processor.py:161} INFO - Started process (PID=929) to work on /home/airflow/.local/lib/python3.12/site-packages/airflow/example_dags/example_latest_only.py
[2024-04-15T15:03:16.061+0000] {processor.py:830} INFO - Processing file /home/airflow/.local/lib/python3.12/site-packages/airflow/example_dags/example_latest_only.py for tasks to queue
[2024-04-15T15:03:16.064+0000] {logging_mixin.py:188} INFO - [2024-04-15T15:03:16.064+0000] {dagbag.py:540} INFO - Filling up the DagBag from /home/airflow/.local/lib/python3.12/site-packages/airflow/example_dags/example_latest_only.py
[2024-04-15T15:03:16.071+0000] {processor.py:840} INFO - DAG(s) 'latest_only' retrieved from /home/airflow/.local/lib/python3.12/site-packages/airflow/example_dags/example_latest_only.py
[2024-04-15T15:03:16.098+0000] {logging_mixin.py:188} INFO - [2024-04-15T15:03:16.098+0000] {dag.py:3096} INFO - Sync 1 DAGs
[2024-04-15T15:03:16.125+0000] {logging_mixin.py:188} INFO - [2024-04-15T15:03:16.125+0000] {dag.py:3954} INFO - Setting next_dagrun for latest_only to 2024-04-15 08:00:00+00:00, run_after=2024-04-15 12:00:00+00:00
[2024-04-15T15:03:16.297+0000] {processor.py:183} INFO - Processing /home/airflow/.local/lib/python3.12/site-packages/airflow/example_dags/example_latest_only.py took 0.246 seconds
[2024-04-15T15:03:46.363+0000] {processor.py:161} INFO - Started process (PID=989) to work on /home/airflow/.local/lib/python3.12/site-packages/airflow/example_dags/example_latest_only.py
[2024-04-15T15:03:46.364+0000] {processor.py:830} INFO - Processing file /home/airflow/.local/lib/python3.12/site-packages/airflow/example_dags/example_latest_only.py for tasks to queue
[2024-04-15T15:03:46.366+0000] {logging_mixin.py:188} INFO - [2024-04-15T15:03:46.366+0000] {dagbag.py:540} INFO - Filling up the DagBag from /home/airflow/.local/lib/python3.12/site-packages/airflow/example_dags/example_latest_only.py
[2024-04-15T15:03:46.371+0000] {processor.py:840} INFO - DAG(s) 'latest_only' retrieved from /home/airflow/.local/lib/python3.12/site-packages/airflow/example_dags/example_latest_only.py
[2024-04-15T15:03:46.393+0000] {logging_mixin.py:188} INFO - [2024-04-15T15:03:46.392+0000] {dag.py:3096} INFO - Sync 1 DAGs
[2024-04-15T15:03:46.418+0000] {logging_mixin.py:188} INFO - [2024-04-15T15:03:46.418+0000] {dag.py:3954} INFO - Setting next_dagrun for latest_only to 2024-04-15 08:00:00+00:00, run_after=2024-04-15 12:00:00+00:00
[2024-04-15T15:03:46.440+0000] {processor.py:183} INFO - Processing /home/airflow/.local/lib/python3.12/site-packages/airflow/example_dags/example_latest_only.py took 0.082 seconds
[2024-04-15T15:04:16.955+0000] {processor.py:161} INFO - Started process (PID=1049) to work on /home/airflow/.local/lib/python3.12/site-packages/airflow/example_dags/example_latest_only.py
[2024-04-15T15:04:16.957+0000] {processor.py:830} INFO - Processing file /home/airflow/.local/lib/python3.12/site-packages/airflow/example_dags/example_latest_only.py for tasks to queue
[2024-04-15T15:04:16.959+0000] {logging_mixin.py:188} INFO - [2024-04-15T15:04:16.958+0000] {dagbag.py:540} INFO - Filling up the DagBag from /home/airflow/.local/lib/python3.12/site-packages/airflow/example_dags/example_latest_only.py
[2024-04-15T15:04:16.963+0000] {processor.py:840} INFO - DAG(s) 'latest_only' retrieved from /home/airflow/.local/lib/python3.12/site-packages/airflow/example_dags/example_latest_only.py
[2024-04-15T15:04:16.978+0000] {logging_mixin.py:188} INFO - [2024-04-15T15:04:16.978+0000] {dag.py:3096} INFO - Sync 1 DAGs
[2024-04-15T15:04:16.997+0000] {logging_mixin.py:188} INFO - [2024-04-15T15:04:16.997+0000] {dag.py:3954} INFO - Setting next_dagrun for latest_only to 2024-04-15 08:00:00+00:00, run_after=2024-04-15 12:00:00+00:00
[2024-04-15T15:04:17.013+0000] {processor.py:183} INFO - Processing /home/airflow/.local/lib/python3.12/site-packages/airflow/example_dags/example_latest_only.py took 0.063 seconds
[2024-04-15T15:04:47.927+0000] {processor.py:161} INFO - Started process (PID=1109) to work on /home/airflow/.local/lib/python3.12/site-packages/airflow/example_dags/example_latest_only.py
[2024-04-15T15:04:47.929+0000] {processor.py:830} INFO - Processing file /home/airflow/.local/lib/python3.12/site-packages/airflow/example_dags/example_latest_only.py for tasks to queue
[2024-04-15T15:04:47.932+0000] {logging_mixin.py:188} INFO - [2024-04-15T15:04:47.931+0000] {dagbag.py:540} INFO - Filling up the DagBag from /home/airflow/.local/lib/python3.12/site-packages/airflow/example_dags/example_latest_only.py
[2024-04-15T15:04:47.938+0000] {processor.py:840} INFO - DAG(s) 'latest_only' retrieved from /home/airflow/.local/lib/python3.12/site-packages/airflow/example_dags/example_latest_only.py
[2024-04-15T15:04:47.968+0000] {logging_mixin.py:188} INFO - [2024-04-15T15:04:47.967+0000] {dag.py:3096} INFO - Sync 1 DAGs
[2024-04-15T15:04:48.000+0000] {logging_mixin.py:188} INFO - [2024-04-15T15:04:48.000+0000] {dag.py:3954} INFO - Setting next_dagrun for latest_only to 2024-04-15 08:00:00+00:00, run_after=2024-04-15 12:00:00+00:00
[2024-04-15T15:04:48.028+0000] {processor.py:183} INFO - Processing /home/airflow/.local/lib/python3.12/site-packages/airflow/example_dags/example_latest_only.py took 0.107 seconds
[2024-04-15T15:05:18.980+0000] {processor.py:161} INFO - Started process (PID=1169) to work on /home/airflow/.local/lib/python3.12/site-packages/airflow/example_dags/example_latest_only.py
[2024-04-15T15:05:18.982+0000] {processor.py:830} INFO - Processing file /home/airflow/.local/lib/python3.12/site-packages/airflow/example_dags/example_latest_only.py for tasks to queue
[2024-04-15T15:05:18.985+0000] {logging_mixin.py:188} INFO - [2024-04-15T15:05:18.984+0000] {dagbag.py:540} INFO - Filling up the DagBag from /home/airflow/.local/lib/python3.12/site-packages/airflow/example_dags/example_latest_only.py
[2024-04-15T15:05:18.993+0000] {processor.py:840} INFO - DAG(s) 'latest_only' retrieved from /home/airflow/.local/lib/python3.12/site-packages/airflow/example_dags/example_latest_only.py
[2024-04-15T15:05:19.285+0000] {logging_mixin.py:188} INFO - [2024-04-15T15:05:19.285+0000] {dag.py:3096} INFO - Sync 1 DAGs
[2024-04-15T15:05:19.329+0000] {logging_mixin.py:188} INFO - [2024-04-15T15:05:19.329+0000] {dag.py:3954} INFO - Setting next_dagrun for latest_only to 2024-04-15 08:00:00+00:00, run_after=2024-04-15 12:00:00+00:00
[2024-04-15T15:05:19.372+0000] {processor.py:183} INFO - Processing /home/airflow/.local/lib/python3.12/site-packages/airflow/example_dags/example_latest_only.py took 0.400 seconds
[2024-04-15T15:05:49.743+0000] {processor.py:161} INFO - Started process (PID=1229) to work on /home/airflow/.local/lib/python3.12/site-packages/airflow/example_dags/example_latest_only.py
[2024-04-15T15:05:49.745+0000] {processor.py:830} INFO - Processing file /home/airflow/.local/lib/python3.12/site-packages/airflow/example_dags/example_latest_only.py for tasks to queue
[2024-04-15T15:05:49.747+0000] {logging_mixin.py:188} INFO - [2024-04-15T15:05:49.747+0000] {dagbag.py:540} INFO - Filling up the DagBag from /home/airflow/.local/lib/python3.12/site-packages/airflow/example_dags/example_latest_only.py
[2024-04-15T15:05:49.754+0000] {processor.py:840} INFO - DAG(s) 'latest_only' retrieved from /home/airflow/.local/lib/python3.12/site-packages/airflow/example_dags/example_latest_only.py
[2024-04-15T15:05:49.776+0000] {logging_mixin.py:188} INFO - [2024-04-15T15:05:49.775+0000] {dag.py:3096} INFO - Sync 1 DAGs
[2024-04-15T15:05:49.930+0000] {logging_mixin.py:188} INFO - [2024-04-15T15:05:49.930+0000] {dag.py:3954} INFO - Setting next_dagrun for latest_only to 2024-04-15 08:00:00+00:00, run_after=2024-04-15 12:00:00+00:00
[2024-04-15T15:05:49.944+0000] {processor.py:183} INFO - Processing /home/airflow/.local/lib/python3.12/site-packages/airflow/example_dags/example_latest_only.py took 0.206 seconds
