[2024-04-15T14:45:07.657+0000] {processor.py:161} INFO - Started process (PID=95) to work on /home/airflow/.local/lib/python3.12/site-packages/airflow/example_dags/example_task_group.py
[2024-04-15T14:45:07.659+0000] {processor.py:830} INFO - Processing file /home/airflow/.local/lib/python3.12/site-packages/airflow/example_dags/example_task_group.py for tasks to queue
[2024-04-15T14:45:07.662+0000] {logging_mixin.py:188} INFO - [2024-04-15T14:45:07.661+0000] {dagbag.py:540} INFO - Filling up the DagBag from /home/airflow/.local/lib/python3.12/site-packages/airflow/example_dags/example_task_group.py
[2024-04-15T14:45:07.671+0000] {processor.py:840} INFO - DAG(s) 'example_task_group' retrieved from /home/airflow/.local/lib/python3.12/site-packages/airflow/example_dags/example_task_group.py
[2024-04-15T14:45:07.806+0000] {logging_mixin.py:188} INFO - [2024-04-15T14:45:07.806+0000] {dag.py:3096} INFO - Sync 1 DAGs
[2024-04-15T14:45:07.846+0000] {logging_mixin.py:188} INFO - [2024-04-15T14:45:07.846+0000] {dag.py:3954} INFO - Setting next_dagrun for example_task_group to 2024-04-14 00:00:00+00:00, run_after=2024-04-15 00:00:00+00:00
[2024-04-15T14:45:07.882+0000] {processor.py:183} INFO - Processing /home/airflow/.local/lib/python3.12/site-packages/airflow/example_dags/example_task_group.py took 0.233 seconds
[2024-04-15T14:45:38.037+0000] {processor.py:161} INFO - Started process (PID=154) to work on /home/airflow/.local/lib/python3.12/site-packages/airflow/example_dags/example_task_group.py
[2024-04-15T14:45:38.039+0000] {processor.py:830} INFO - Processing file /home/airflow/.local/lib/python3.12/site-packages/airflow/example_dags/example_task_group.py for tasks to queue
[2024-04-15T14:45:38.041+0000] {logging_mixin.py:188} INFO - [2024-04-15T14:45:38.041+0000] {dagbag.py:540} INFO - Filling up the DagBag from /home/airflow/.local/lib/python3.12/site-packages/airflow/example_dags/example_task_group.py
[2024-04-15T14:45:38.051+0000] {processor.py:840} INFO - DAG(s) 'example_task_group' retrieved from /home/airflow/.local/lib/python3.12/site-packages/airflow/example_dags/example_task_group.py
[2024-04-15T14:45:38.077+0000] {logging_mixin.py:188} INFO - [2024-04-15T14:45:38.077+0000] {dag.py:3096} INFO - Sync 1 DAGs
[2024-04-15T14:45:38.105+0000] {logging_mixin.py:188} INFO - [2024-04-15T14:45:38.104+0000] {dag.py:3954} INFO - Setting next_dagrun for example_task_group to 2024-04-14 00:00:00+00:00, run_after=2024-04-15 00:00:00+00:00
[2024-04-15T14:45:38.127+0000] {processor.py:183} INFO - Processing /home/airflow/.local/lib/python3.12/site-packages/airflow/example_dags/example_task_group.py took 0.097 seconds
[2024-04-15T14:46:08.219+0000] {processor.py:161} INFO - Started process (PID=214) to work on /home/airflow/.local/lib/python3.12/site-packages/airflow/example_dags/example_task_group.py
[2024-04-15T14:46:08.220+0000] {processor.py:830} INFO - Processing file /home/airflow/.local/lib/python3.12/site-packages/airflow/example_dags/example_task_group.py for tasks to queue
[2024-04-15T14:46:08.223+0000] {logging_mixin.py:188} INFO - [2024-04-15T14:46:08.223+0000] {dagbag.py:540} INFO - Filling up the DagBag from /home/airflow/.local/lib/python3.12/site-packages/airflow/example_dags/example_task_group.py
[2024-04-15T14:46:08.231+0000] {processor.py:840} INFO - DAG(s) 'example_task_group' retrieved from /home/airflow/.local/lib/python3.12/site-packages/airflow/example_dags/example_task_group.py
[2024-04-15T14:46:08.256+0000] {logging_mixin.py:188} INFO - [2024-04-15T14:46:08.256+0000] {dag.py:3096} INFO - Sync 1 DAGs
[2024-04-15T14:46:08.279+0000] {logging_mixin.py:188} INFO - [2024-04-15T14:46:08.278+0000] {dag.py:3954} INFO - Setting next_dagrun for example_task_group to 2024-04-14 00:00:00+00:00, run_after=2024-04-15 00:00:00+00:00
[2024-04-15T14:46:08.315+0000] {processor.py:183} INFO - Processing /home/airflow/.local/lib/python3.12/site-packages/airflow/example_dags/example_task_group.py took 0.102 seconds
[2024-04-15T14:46:38.487+0000] {processor.py:161} INFO - Started process (PID=273) to work on /home/airflow/.local/lib/python3.12/site-packages/airflow/example_dags/example_task_group.py
[2024-04-15T14:46:38.489+0000] {processor.py:830} INFO - Processing file /home/airflow/.local/lib/python3.12/site-packages/airflow/example_dags/example_task_group.py for tasks to queue
[2024-04-15T14:46:38.492+0000] {logging_mixin.py:188} INFO - [2024-04-15T14:46:38.492+0000] {dagbag.py:540} INFO - Filling up the DagBag from /home/airflow/.local/lib/python3.12/site-packages/airflow/example_dags/example_task_group.py
[2024-04-15T14:46:38.501+0000] {processor.py:840} INFO - DAG(s) 'example_task_group' retrieved from /home/airflow/.local/lib/python3.12/site-packages/airflow/example_dags/example_task_group.py
[2024-04-15T14:46:38.530+0000] {logging_mixin.py:188} INFO - [2024-04-15T14:46:38.529+0000] {dag.py:3096} INFO - Sync 1 DAGs
[2024-04-15T14:46:38.556+0000] {logging_mixin.py:188} INFO - [2024-04-15T14:46:38.556+0000] {dag.py:3954} INFO - Setting next_dagrun for example_task_group to 2024-04-14 00:00:00+00:00, run_after=2024-04-15 00:00:00+00:00
[2024-04-15T14:46:38.579+0000] {processor.py:183} INFO - Processing /home/airflow/.local/lib/python3.12/site-packages/airflow/example_dags/example_task_group.py took 0.099 seconds
[2024-04-15T14:47:08.662+0000] {processor.py:161} INFO - Started process (PID=332) to work on /home/airflow/.local/lib/python3.12/site-packages/airflow/example_dags/example_task_group.py
[2024-04-15T14:47:08.663+0000] {processor.py:830} INFO - Processing file /home/airflow/.local/lib/python3.12/site-packages/airflow/example_dags/example_task_group.py for tasks to queue
[2024-04-15T14:47:08.665+0000] {logging_mixin.py:188} INFO - [2024-04-15T14:47:08.665+0000] {dagbag.py:540} INFO - Filling up the DagBag from /home/airflow/.local/lib/python3.12/site-packages/airflow/example_dags/example_task_group.py
[2024-04-15T14:47:08.672+0000] {processor.py:840} INFO - DAG(s) 'example_task_group' retrieved from /home/airflow/.local/lib/python3.12/site-packages/airflow/example_dags/example_task_group.py
[2024-04-15T14:47:08.691+0000] {logging_mixin.py:188} INFO - [2024-04-15T14:47:08.690+0000] {dag.py:3096} INFO - Sync 1 DAGs
[2024-04-15T14:47:08.708+0000] {logging_mixin.py:188} INFO - [2024-04-15T14:47:08.708+0000] {dag.py:3954} INFO - Setting next_dagrun for example_task_group to 2024-04-14 00:00:00+00:00, run_after=2024-04-15 00:00:00+00:00
[2024-04-15T14:47:08.725+0000] {processor.py:183} INFO - Processing /home/airflow/.local/lib/python3.12/site-packages/airflow/example_dags/example_task_group.py took 0.068 seconds
[2024-04-15T14:47:38.871+0000] {processor.py:161} INFO - Started process (PID=390) to work on /home/airflow/.local/lib/python3.12/site-packages/airflow/example_dags/example_task_group.py
[2024-04-15T14:47:38.872+0000] {processor.py:830} INFO - Processing file /home/airflow/.local/lib/python3.12/site-packages/airflow/example_dags/example_task_group.py for tasks to queue
[2024-04-15T14:47:38.876+0000] {logging_mixin.py:188} INFO - [2024-04-15T14:47:38.875+0000] {dagbag.py:540} INFO - Filling up the DagBag from /home/airflow/.local/lib/python3.12/site-packages/airflow/example_dags/example_task_group.py
[2024-04-15T14:47:38.884+0000] {processor.py:840} INFO - DAG(s) 'example_task_group' retrieved from /home/airflow/.local/lib/python3.12/site-packages/airflow/example_dags/example_task_group.py
[2024-04-15T14:47:38.905+0000] {logging_mixin.py:188} INFO - [2024-04-15T14:47:38.905+0000] {dag.py:3096} INFO - Sync 1 DAGs
[2024-04-15T14:47:38.923+0000] {logging_mixin.py:188} INFO - [2024-04-15T14:47:38.923+0000] {dag.py:3954} INFO - Setting next_dagrun for example_task_group to 2024-04-14 00:00:00+00:00, run_after=2024-04-15 00:00:00+00:00
[2024-04-15T14:47:38.941+0000] {processor.py:183} INFO - Processing /home/airflow/.local/lib/python3.12/site-packages/airflow/example_dags/example_task_group.py took 0.075 seconds
[2024-04-15T14:48:09.119+0000] {processor.py:161} INFO - Started process (PID=445) to work on /home/airflow/.local/lib/python3.12/site-packages/airflow/example_dags/example_task_group.py
[2024-04-15T14:48:09.120+0000] {processor.py:830} INFO - Processing file /home/airflow/.local/lib/python3.12/site-packages/airflow/example_dags/example_task_group.py for tasks to queue
[2024-04-15T14:48:09.122+0000] {logging_mixin.py:188} INFO - [2024-04-15T14:48:09.122+0000] {dagbag.py:540} INFO - Filling up the DagBag from /home/airflow/.local/lib/python3.12/site-packages/airflow/example_dags/example_task_group.py
[2024-04-15T14:48:09.129+0000] {processor.py:840} INFO - DAG(s) 'example_task_group' retrieved from /home/airflow/.local/lib/python3.12/site-packages/airflow/example_dags/example_task_group.py
[2024-04-15T14:48:09.149+0000] {logging_mixin.py:188} INFO - [2024-04-15T14:48:09.149+0000] {dag.py:3096} INFO - Sync 1 DAGs
[2024-04-15T14:48:09.172+0000] {logging_mixin.py:188} INFO - [2024-04-15T14:48:09.171+0000] {dag.py:3954} INFO - Setting next_dagrun for example_task_group to 2024-04-14 00:00:00+00:00, run_after=2024-04-15 00:00:00+00:00
[2024-04-15T14:48:09.192+0000] {processor.py:183} INFO - Processing /home/airflow/.local/lib/python3.12/site-packages/airflow/example_dags/example_task_group.py took 0.078 seconds
[2024-04-15T14:48:39.260+0000] {processor.py:161} INFO - Started process (PID=503) to work on /home/airflow/.local/lib/python3.12/site-packages/airflow/example_dags/example_task_group.py
[2024-04-15T14:48:39.262+0000] {processor.py:830} INFO - Processing file /home/airflow/.local/lib/python3.12/site-packages/airflow/example_dags/example_task_group.py for tasks to queue
[2024-04-15T14:48:39.264+0000] {logging_mixin.py:188} INFO - [2024-04-15T14:48:39.263+0000] {dagbag.py:540} INFO - Filling up the DagBag from /home/airflow/.local/lib/python3.12/site-packages/airflow/example_dags/example_task_group.py
[2024-04-15T14:48:39.270+0000] {processor.py:840} INFO - DAG(s) 'example_task_group' retrieved from /home/airflow/.local/lib/python3.12/site-packages/airflow/example_dags/example_task_group.py
[2024-04-15T14:48:39.290+0000] {logging_mixin.py:188} INFO - [2024-04-15T14:48:39.290+0000] {dag.py:3096} INFO - Sync 1 DAGs
[2024-04-15T14:48:39.316+0000] {logging_mixin.py:188} INFO - [2024-04-15T14:48:39.315+0000] {dag.py:3954} INFO - Setting next_dagrun for example_task_group to 2024-04-14 00:00:00+00:00, run_after=2024-04-15 00:00:00+00:00
[2024-04-15T14:48:39.332+0000] {processor.py:183} INFO - Processing /home/airflow/.local/lib/python3.12/site-packages/airflow/example_dags/example_task_group.py took 0.077 seconds
[2024-04-15T14:49:09.907+0000] {processor.py:161} INFO - Started process (PID=560) to work on /home/airflow/.local/lib/python3.12/site-packages/airflow/example_dags/example_task_group.py
[2024-04-15T14:49:09.908+0000] {processor.py:830} INFO - Processing file /home/airflow/.local/lib/python3.12/site-packages/airflow/example_dags/example_task_group.py for tasks to queue
[2024-04-15T14:49:09.911+0000] {logging_mixin.py:188} INFO - [2024-04-15T14:49:09.910+0000] {dagbag.py:540} INFO - Filling up the DagBag from /home/airflow/.local/lib/python3.12/site-packages/airflow/example_dags/example_task_group.py
[2024-04-15T14:49:09.918+0000] {processor.py:840} INFO - DAG(s) 'example_task_group' retrieved from /home/airflow/.local/lib/python3.12/site-packages/airflow/example_dags/example_task_group.py
[2024-04-15T14:49:09.939+0000] {logging_mixin.py:188} INFO - [2024-04-15T14:49:09.938+0000] {dag.py:3096} INFO - Sync 1 DAGs
[2024-04-15T14:49:09.964+0000] {logging_mixin.py:188} INFO - [2024-04-15T14:49:09.964+0000] {dag.py:3954} INFO - Setting next_dagrun for example_task_group to 2024-04-14 00:00:00+00:00, run_after=2024-04-15 00:00:00+00:00
[2024-04-15T14:49:09.989+0000] {processor.py:183} INFO - Processing /home/airflow/.local/lib/python3.12/site-packages/airflow/example_dags/example_task_group.py took 0.088 seconds
[2024-04-15T14:49:40.682+0000] {processor.py:161} INFO - Started process (PID=618) to work on /home/airflow/.local/lib/python3.12/site-packages/airflow/example_dags/example_task_group.py
[2024-04-15T14:49:40.683+0000] {processor.py:830} INFO - Processing file /home/airflow/.local/lib/python3.12/site-packages/airflow/example_dags/example_task_group.py for tasks to queue
[2024-04-15T14:49:40.685+0000] {logging_mixin.py:188} INFO - [2024-04-15T14:49:40.685+0000] {dagbag.py:540} INFO - Filling up the DagBag from /home/airflow/.local/lib/python3.12/site-packages/airflow/example_dags/example_task_group.py
[2024-04-15T14:49:40.693+0000] {processor.py:840} INFO - DAG(s) 'example_task_group' retrieved from /home/airflow/.local/lib/python3.12/site-packages/airflow/example_dags/example_task_group.py
[2024-04-15T14:49:40.715+0000] {logging_mixin.py:188} INFO - [2024-04-15T14:49:40.715+0000] {dag.py:3096} INFO - Sync 1 DAGs
[2024-04-15T14:49:40.744+0000] {logging_mixin.py:188} INFO - [2024-04-15T14:49:40.744+0000] {dag.py:3954} INFO - Setting next_dagrun for example_task_group to 2024-04-14 00:00:00+00:00, run_after=2024-04-15 00:00:00+00:00
[2024-04-15T14:49:40.768+0000] {processor.py:183} INFO - Processing /home/airflow/.local/lib/python3.12/site-packages/airflow/example_dags/example_task_group.py took 0.092 seconds
[2024-04-15T14:50:11.104+0000] {processor.py:161} INFO - Started process (PID=676) to work on /home/airflow/.local/lib/python3.12/site-packages/airflow/example_dags/example_task_group.py
[2024-04-15T14:50:11.105+0000] {processor.py:830} INFO - Processing file /home/airflow/.local/lib/python3.12/site-packages/airflow/example_dags/example_task_group.py for tasks to queue
[2024-04-15T14:50:11.107+0000] {logging_mixin.py:188} INFO - [2024-04-15T14:50:11.107+0000] {dagbag.py:540} INFO - Filling up the DagBag from /home/airflow/.local/lib/python3.12/site-packages/airflow/example_dags/example_task_group.py
[2024-04-15T14:50:11.115+0000] {processor.py:840} INFO - DAG(s) 'example_task_group' retrieved from /home/airflow/.local/lib/python3.12/site-packages/airflow/example_dags/example_task_group.py
[2024-04-15T14:50:11.136+0000] {logging_mixin.py:188} INFO - [2024-04-15T14:50:11.136+0000] {dag.py:3096} INFO - Sync 1 DAGs
[2024-04-15T14:50:11.161+0000] {logging_mixin.py:188} INFO - [2024-04-15T14:50:11.161+0000] {dag.py:3954} INFO - Setting next_dagrun for example_task_group to 2024-04-14 00:00:00+00:00, run_after=2024-04-15 00:00:00+00:00
[2024-04-15T14:50:11.180+0000] {processor.py:183} INFO - Processing /home/airflow/.local/lib/python3.12/site-packages/airflow/example_dags/example_task_group.py took 0.083 seconds
[2024-04-15T14:50:41.307+0000] {processor.py:161} INFO - Started process (PID=734) to work on /home/airflow/.local/lib/python3.12/site-packages/airflow/example_dags/example_task_group.py
[2024-04-15T14:50:41.308+0000] {processor.py:830} INFO - Processing file /home/airflow/.local/lib/python3.12/site-packages/airflow/example_dags/example_task_group.py for tasks to queue
[2024-04-15T14:50:41.311+0000] {logging_mixin.py:188} INFO - [2024-04-15T14:50:41.310+0000] {dagbag.py:540} INFO - Filling up the DagBag from /home/airflow/.local/lib/python3.12/site-packages/airflow/example_dags/example_task_group.py
[2024-04-15T14:50:41.321+0000] {processor.py:840} INFO - DAG(s) 'example_task_group' retrieved from /home/airflow/.local/lib/python3.12/site-packages/airflow/example_dags/example_task_group.py
[2024-04-15T14:50:41.346+0000] {logging_mixin.py:188} INFO - [2024-04-15T14:50:41.345+0000] {dag.py:3096} INFO - Sync 1 DAGs
[2024-04-15T14:50:41.374+0000] {logging_mixin.py:188} INFO - [2024-04-15T14:50:41.373+0000] {dag.py:3954} INFO - Setting next_dagrun for example_task_group to 2024-04-14 00:00:00+00:00, run_after=2024-04-15 00:00:00+00:00
[2024-04-15T14:50:41.414+0000] {processor.py:183} INFO - Processing /home/airflow/.local/lib/python3.12/site-packages/airflow/example_dags/example_task_group.py took 0.114 seconds
[2024-04-15T14:51:12.401+0000] {processor.py:161} INFO - Started process (PID=798) to work on /home/airflow/.local/lib/python3.12/site-packages/airflow/example_dags/example_task_group.py
[2024-04-15T14:51:12.402+0000] {processor.py:830} INFO - Processing file /home/airflow/.local/lib/python3.12/site-packages/airflow/example_dags/example_task_group.py for tasks to queue
[2024-04-15T14:51:12.405+0000] {logging_mixin.py:188} INFO - [2024-04-15T14:51:12.404+0000] {dagbag.py:540} INFO - Filling up the DagBag from /home/airflow/.local/lib/python3.12/site-packages/airflow/example_dags/example_task_group.py
[2024-04-15T14:51:12.412+0000] {processor.py:840} INFO - DAG(s) 'example_task_group' retrieved from /home/airflow/.local/lib/python3.12/site-packages/airflow/example_dags/example_task_group.py
[2024-04-15T14:51:12.435+0000] {logging_mixin.py:188} INFO - [2024-04-15T14:51:12.435+0000] {dag.py:3096} INFO - Sync 1 DAGs
[2024-04-15T14:51:12.464+0000] {logging_mixin.py:188} INFO - [2024-04-15T14:51:12.464+0000] {dag.py:3954} INFO - Setting next_dagrun for example_task_group to 2024-04-14 00:00:00+00:00, run_after=2024-04-15 00:00:00+00:00
[2024-04-15T14:51:12.484+0000] {processor.py:183} INFO - Processing /home/airflow/.local/lib/python3.12/site-packages/airflow/example_dags/example_task_group.py took 0.088 seconds
[2024-04-15T14:51:43.528+0000] {processor.py:161} INFO - Started process (PID=856) to work on /home/airflow/.local/lib/python3.12/site-packages/airflow/example_dags/example_task_group.py
[2024-04-15T14:51:43.530+0000] {processor.py:830} INFO - Processing file /home/airflow/.local/lib/python3.12/site-packages/airflow/example_dags/example_task_group.py for tasks to queue
[2024-04-15T14:51:43.533+0000] {logging_mixin.py:188} INFO - [2024-04-15T14:51:43.533+0000] {dagbag.py:540} INFO - Filling up the DagBag from /home/airflow/.local/lib/python3.12/site-packages/airflow/example_dags/example_task_group.py
[2024-04-15T14:51:43.542+0000] {processor.py:840} INFO - DAG(s) 'example_task_group' retrieved from /home/airflow/.local/lib/python3.12/site-packages/airflow/example_dags/example_task_group.py
[2024-04-15T14:51:43.574+0000] {logging_mixin.py:188} INFO - [2024-04-15T14:51:43.574+0000] {dag.py:3096} INFO - Sync 1 DAGs
[2024-04-15T14:51:43.608+0000] {logging_mixin.py:188} INFO - [2024-04-15T14:51:43.608+0000] {dag.py:3954} INFO - Setting next_dagrun for example_task_group to 2024-04-14 00:00:00+00:00, run_after=2024-04-15 00:00:00+00:00
[2024-04-15T14:51:44.009+0000] {processor.py:183} INFO - Processing /home/airflow/.local/lib/python3.12/site-packages/airflow/example_dags/example_task_group.py took 0.491 seconds
[2024-04-15T14:52:14.897+0000] {processor.py:161} INFO - Started process (PID=915) to work on /home/airflow/.local/lib/python3.12/site-packages/airflow/example_dags/example_task_group.py
[2024-04-15T14:52:14.899+0000] {processor.py:830} INFO - Processing file /home/airflow/.local/lib/python3.12/site-packages/airflow/example_dags/example_task_group.py for tasks to queue
[2024-04-15T14:52:14.904+0000] {logging_mixin.py:188} INFO - [2024-04-15T14:52:14.903+0000] {dagbag.py:540} INFO - Filling up the DagBag from /home/airflow/.local/lib/python3.12/site-packages/airflow/example_dags/example_task_group.py
[2024-04-15T14:52:14.921+0000] {processor.py:840} INFO - DAG(s) 'example_task_group' retrieved from /home/airflow/.local/lib/python3.12/site-packages/airflow/example_dags/example_task_group.py
[2024-04-15T14:52:15.017+0000] {logging_mixin.py:188} INFO - [2024-04-15T14:52:15.016+0000] {dag.py:3096} INFO - Sync 1 DAGs
[2024-04-15T14:52:15.099+0000] {logging_mixin.py:188} INFO - [2024-04-15T14:52:15.097+0000] {dag.py:3954} INFO - Setting next_dagrun for example_task_group to 2024-04-14 00:00:00+00:00, run_after=2024-04-15 00:00:00+00:00
[2024-04-15T14:52:15.173+0000] {processor.py:183} INFO - Processing /home/airflow/.local/lib/python3.12/site-packages/airflow/example_dags/example_task_group.py took 0.294 seconds
[2024-04-15T14:52:45.271+0000] {processor.py:161} INFO - Started process (PID=974) to work on /home/airflow/.local/lib/python3.12/site-packages/airflow/example_dags/example_task_group.py
[2024-04-15T14:52:45.272+0000] {processor.py:830} INFO - Processing file /home/airflow/.local/lib/python3.12/site-packages/airflow/example_dags/example_task_group.py for tasks to queue
[2024-04-15T14:52:45.274+0000] {logging_mixin.py:188} INFO - [2024-04-15T14:52:45.273+0000] {dagbag.py:540} INFO - Filling up the DagBag from /home/airflow/.local/lib/python3.12/site-packages/airflow/example_dags/example_task_group.py
[2024-04-15T14:52:45.280+0000] {processor.py:840} INFO - DAG(s) 'example_task_group' retrieved from /home/airflow/.local/lib/python3.12/site-packages/airflow/example_dags/example_task_group.py
[2024-04-15T14:52:45.299+0000] {logging_mixin.py:188} INFO - [2024-04-15T14:52:45.299+0000] {dag.py:3096} INFO - Sync 1 DAGs
[2024-04-15T14:52:45.319+0000] {logging_mixin.py:188} INFO - [2024-04-15T14:52:45.319+0000] {dag.py:3954} INFO - Setting next_dagrun for example_task_group to 2024-04-14 00:00:00+00:00, run_after=2024-04-15 00:00:00+00:00
[2024-04-15T14:52:45.334+0000] {processor.py:183} INFO - Processing /home/airflow/.local/lib/python3.12/site-packages/airflow/example_dags/example_task_group.py took 0.069 seconds
[2024-04-15T14:53:16.056+0000] {processor.py:161} INFO - Started process (PID=1031) to work on /home/airflow/.local/lib/python3.12/site-packages/airflow/example_dags/example_task_group.py
[2024-04-15T14:53:16.058+0000] {processor.py:830} INFO - Processing file /home/airflow/.local/lib/python3.12/site-packages/airflow/example_dags/example_task_group.py for tasks to queue
[2024-04-15T14:53:16.060+0000] {logging_mixin.py:188} INFO - [2024-04-15T14:53:16.060+0000] {dagbag.py:540} INFO - Filling up the DagBag from /home/airflow/.local/lib/python3.12/site-packages/airflow/example_dags/example_task_group.py
[2024-04-15T14:53:16.068+0000] {processor.py:840} INFO - DAG(s) 'example_task_group' retrieved from /home/airflow/.local/lib/python3.12/site-packages/airflow/example_dags/example_task_group.py
[2024-04-15T14:53:16.094+0000] {logging_mixin.py:188} INFO - [2024-04-15T14:53:16.094+0000] {dag.py:3096} INFO - Sync 1 DAGs
[2024-04-15T14:53:16.304+0000] {logging_mixin.py:188} INFO - [2024-04-15T14:53:16.304+0000] {dag.py:3954} INFO - Setting next_dagrun for example_task_group to 2024-04-14 00:00:00+00:00, run_after=2024-04-15 00:00:00+00:00
[2024-04-15T14:53:16.333+0000] {processor.py:183} INFO - Processing /home/airflow/.local/lib/python3.12/site-packages/airflow/example_dags/example_task_group.py took 0.284 seconds
[2024-04-15T14:53:46.637+0000] {processor.py:161} INFO - Started process (PID=1090) to work on /home/airflow/.local/lib/python3.12/site-packages/airflow/example_dags/example_task_group.py
[2024-04-15T14:53:46.639+0000] {processor.py:830} INFO - Processing file /home/airflow/.local/lib/python3.12/site-packages/airflow/example_dags/example_task_group.py for tasks to queue
[2024-04-15T14:53:46.642+0000] {logging_mixin.py:188} INFO - [2024-04-15T14:53:46.641+0000] {dagbag.py:540} INFO - Filling up the DagBag from /home/airflow/.local/lib/python3.12/site-packages/airflow/example_dags/example_task_group.py
[2024-04-15T14:53:46.651+0000] {processor.py:840} INFO - DAG(s) 'example_task_group' retrieved from /home/airflow/.local/lib/python3.12/site-packages/airflow/example_dags/example_task_group.py
[2024-04-15T14:53:46.674+0000] {logging_mixin.py:188} INFO - [2024-04-15T14:53:46.674+0000] {dag.py:3096} INFO - Sync 1 DAGs
[2024-04-15T14:53:46.699+0000] {logging_mixin.py:188} INFO - [2024-04-15T14:53:46.699+0000] {dag.py:3954} INFO - Setting next_dagrun for example_task_group to 2024-04-14 00:00:00+00:00, run_after=2024-04-15 00:00:00+00:00
[2024-04-15T14:53:46.861+0000] {processor.py:183} INFO - Processing /home/airflow/.local/lib/python3.12/site-packages/airflow/example_dags/example_task_group.py took 0.232 seconds
[2024-04-15T14:54:17.581+0000] {processor.py:161} INFO - Started process (PID=1147) to work on /home/airflow/.local/lib/python3.12/site-packages/airflow/example_dags/example_task_group.py
[2024-04-15T14:54:17.582+0000] {processor.py:830} INFO - Processing file /home/airflow/.local/lib/python3.12/site-packages/airflow/example_dags/example_task_group.py for tasks to queue
[2024-04-15T14:54:17.584+0000] {logging_mixin.py:188} INFO - [2024-04-15T14:54:17.583+0000] {dagbag.py:540} INFO - Filling up the DagBag from /home/airflow/.local/lib/python3.12/site-packages/airflow/example_dags/example_task_group.py
[2024-04-15T14:54:17.591+0000] {processor.py:840} INFO - DAG(s) 'example_task_group' retrieved from /home/airflow/.local/lib/python3.12/site-packages/airflow/example_dags/example_task_group.py
[2024-04-15T14:54:17.609+0000] {logging_mixin.py:188} INFO - [2024-04-15T14:54:17.609+0000] {dag.py:3096} INFO - Sync 1 DAGs
[2024-04-15T14:54:17.629+0000] {logging_mixin.py:188} INFO - [2024-04-15T14:54:17.629+0000] {dag.py:3954} INFO - Setting next_dagrun for example_task_group to 2024-04-14 00:00:00+00:00, run_after=2024-04-15 00:00:00+00:00
[2024-04-15T14:54:17.645+0000] {processor.py:183} INFO - Processing /home/airflow/.local/lib/python3.12/site-packages/airflow/example_dags/example_task_group.py took 0.069 seconds
[2024-04-15T14:56:07.079+0000] {processor.py:161} INFO - Started process (PID=84) to work on /home/airflow/.local/lib/python3.12/site-packages/airflow/example_dags/example_task_group.py
[2024-04-15T14:56:07.082+0000] {processor.py:830} INFO - Processing file /home/airflow/.local/lib/python3.12/site-packages/airflow/example_dags/example_task_group.py for tasks to queue
[2024-04-15T14:56:07.089+0000] {logging_mixin.py:188} INFO - [2024-04-15T14:56:07.087+0000] {dagbag.py:540} INFO - Filling up the DagBag from /home/airflow/.local/lib/python3.12/site-packages/airflow/example_dags/example_task_group.py
[2024-04-15T14:56:07.105+0000] {processor.py:840} INFO - DAG(s) 'example_task_group' retrieved from /home/airflow/.local/lib/python3.12/site-packages/airflow/example_dags/example_task_group.py
[2024-04-15T14:56:07.270+0000] {logging_mixin.py:188} INFO - [2024-04-15T14:56:07.270+0000] {dag.py:3096} INFO - Sync 1 DAGs
[2024-04-15T14:56:07.298+0000] {logging_mixin.py:188} INFO - [2024-04-15T14:56:07.298+0000] {dag.py:3954} INFO - Setting next_dagrun for example_task_group to 2024-04-14 00:00:00+00:00, run_after=2024-04-15 00:00:00+00:00
[2024-04-15T14:56:07.329+0000] {processor.py:183} INFO - Processing /home/airflow/.local/lib/python3.12/site-packages/airflow/example_dags/example_task_group.py took 0.262 seconds
[2024-04-15T14:56:38.002+0000] {processor.py:161} INFO - Started process (PID=144) to work on /home/airflow/.local/lib/python3.12/site-packages/airflow/example_dags/example_task_group.py
[2024-04-15T14:56:38.003+0000] {processor.py:830} INFO - Processing file /home/airflow/.local/lib/python3.12/site-packages/airflow/example_dags/example_task_group.py for tasks to queue
[2024-04-15T14:56:38.006+0000] {logging_mixin.py:188} INFO - [2024-04-15T14:56:38.006+0000] {dagbag.py:540} INFO - Filling up the DagBag from /home/airflow/.local/lib/python3.12/site-packages/airflow/example_dags/example_task_group.py
[2024-04-15T14:56:38.017+0000] {processor.py:840} INFO - DAG(s) 'example_task_group' retrieved from /home/airflow/.local/lib/python3.12/site-packages/airflow/example_dags/example_task_group.py
[2024-04-15T14:56:38.043+0000] {logging_mixin.py:188} INFO - [2024-04-15T14:56:38.043+0000] {dag.py:3096} INFO - Sync 1 DAGs
[2024-04-15T14:56:38.068+0000] {logging_mixin.py:188} INFO - [2024-04-15T14:56:38.068+0000] {dag.py:3954} INFO - Setting next_dagrun for example_task_group to 2024-04-14 00:00:00+00:00, run_after=2024-04-15 00:00:00+00:00
[2024-04-15T14:56:38.089+0000] {processor.py:183} INFO - Processing /home/airflow/.local/lib/python3.12/site-packages/airflow/example_dags/example_task_group.py took 0.093 seconds
[2024-04-15T14:57:08.519+0000] {processor.py:161} INFO - Started process (PID=210) to work on /home/airflow/.local/lib/python3.12/site-packages/airflow/example_dags/example_task_group.py
[2024-04-15T14:57:08.521+0000] {processor.py:830} INFO - Processing file /home/airflow/.local/lib/python3.12/site-packages/airflow/example_dags/example_task_group.py for tasks to queue
[2024-04-15T14:57:08.524+0000] {logging_mixin.py:188} INFO - [2024-04-15T14:57:08.524+0000] {dagbag.py:540} INFO - Filling up the DagBag from /home/airflow/.local/lib/python3.12/site-packages/airflow/example_dags/example_task_group.py
[2024-04-15T14:57:08.534+0000] {processor.py:840} INFO - DAG(s) 'example_task_group' retrieved from /home/airflow/.local/lib/python3.12/site-packages/airflow/example_dags/example_task_group.py
[2024-04-15T14:57:08.564+0000] {logging_mixin.py:188} INFO - [2024-04-15T14:57:08.564+0000] {dag.py:3096} INFO - Sync 1 DAGs
[2024-04-15T14:57:08.592+0000] {logging_mixin.py:188} INFO - [2024-04-15T14:57:08.592+0000] {dag.py:3954} INFO - Setting next_dagrun for example_task_group to 2024-04-14 00:00:00+00:00, run_after=2024-04-15 00:00:00+00:00
[2024-04-15T14:57:08.613+0000] {processor.py:183} INFO - Processing /home/airflow/.local/lib/python3.12/site-packages/airflow/example_dags/example_task_group.py took 0.104 seconds
[2024-04-15T14:57:38.913+0000] {processor.py:161} INFO - Started process (PID=270) to work on /home/airflow/.local/lib/python3.12/site-packages/airflow/example_dags/example_task_group.py
[2024-04-15T14:57:38.915+0000] {processor.py:830} INFO - Processing file /home/airflow/.local/lib/python3.12/site-packages/airflow/example_dags/example_task_group.py for tasks to queue
[2024-04-15T14:57:38.917+0000] {logging_mixin.py:188} INFO - [2024-04-15T14:57:38.916+0000] {dagbag.py:540} INFO - Filling up the DagBag from /home/airflow/.local/lib/python3.12/site-packages/airflow/example_dags/example_task_group.py
[2024-04-15T14:57:38.925+0000] {processor.py:840} INFO - DAG(s) 'example_task_group' retrieved from /home/airflow/.local/lib/python3.12/site-packages/airflow/example_dags/example_task_group.py
[2024-04-15T14:57:38.944+0000] {logging_mixin.py:188} INFO - [2024-04-15T14:57:38.943+0000] {dag.py:3096} INFO - Sync 1 DAGs
[2024-04-15T14:57:38.964+0000] {logging_mixin.py:188} INFO - [2024-04-15T14:57:38.964+0000] {dag.py:3954} INFO - Setting next_dagrun for example_task_group to 2024-04-14 00:00:00+00:00, run_after=2024-04-15 00:00:00+00:00
[2024-04-15T14:57:38.983+0000] {processor.py:183} INFO - Processing /home/airflow/.local/lib/python3.12/site-packages/airflow/example_dags/example_task_group.py took 0.075 seconds
[2024-04-15T14:58:09.597+0000] {processor.py:161} INFO - Started process (PID=330) to work on /home/airflow/.local/lib/python3.12/site-packages/airflow/example_dags/example_task_group.py
[2024-04-15T14:58:09.598+0000] {processor.py:830} INFO - Processing file /home/airflow/.local/lib/python3.12/site-packages/airflow/example_dags/example_task_group.py for tasks to queue
[2024-04-15T14:58:09.600+0000] {logging_mixin.py:188} INFO - [2024-04-15T14:58:09.600+0000] {dagbag.py:540} INFO - Filling up the DagBag from /home/airflow/.local/lib/python3.12/site-packages/airflow/example_dags/example_task_group.py
[2024-04-15T14:58:09.606+0000] {processor.py:840} INFO - DAG(s) 'example_task_group' retrieved from /home/airflow/.local/lib/python3.12/site-packages/airflow/example_dags/example_task_group.py
[2024-04-15T14:58:09.633+0000] {logging_mixin.py:188} INFO - [2024-04-15T14:58:09.633+0000] {dag.py:3096} INFO - Sync 1 DAGs
[2024-04-15T14:58:09.657+0000] {logging_mixin.py:188} INFO - [2024-04-15T14:58:09.657+0000] {dag.py:3954} INFO - Setting next_dagrun for example_task_group to 2024-04-14 00:00:00+00:00, run_after=2024-04-15 00:00:00+00:00
[2024-04-15T14:58:09.680+0000] {processor.py:183} INFO - Processing /home/airflow/.local/lib/python3.12/site-packages/airflow/example_dags/example_task_group.py took 0.087 seconds
[2024-04-15T14:58:40.100+0000] {processor.py:161} INFO - Started process (PID=390) to work on /home/airflow/.local/lib/python3.12/site-packages/airflow/example_dags/example_task_group.py
[2024-04-15T14:58:40.101+0000] {processor.py:830} INFO - Processing file /home/airflow/.local/lib/python3.12/site-packages/airflow/example_dags/example_task_group.py for tasks to queue
[2024-04-15T14:58:40.103+0000] {logging_mixin.py:188} INFO - [2024-04-15T14:58:40.102+0000] {dagbag.py:540} INFO - Filling up the DagBag from /home/airflow/.local/lib/python3.12/site-packages/airflow/example_dags/example_task_group.py
[2024-04-15T14:58:40.108+0000] {processor.py:840} INFO - DAG(s) 'example_task_group' retrieved from /home/airflow/.local/lib/python3.12/site-packages/airflow/example_dags/example_task_group.py
[2024-04-15T14:58:40.127+0000] {logging_mixin.py:188} INFO - [2024-04-15T14:58:40.127+0000] {dag.py:3096} INFO - Sync 1 DAGs
[2024-04-15T14:58:40.146+0000] {logging_mixin.py:188} INFO - [2024-04-15T14:58:40.146+0000] {dag.py:3954} INFO - Setting next_dagrun for example_task_group to 2024-04-14 00:00:00+00:00, run_after=2024-04-15 00:00:00+00:00
[2024-04-15T14:58:40.163+0000] {processor.py:183} INFO - Processing /home/airflow/.local/lib/python3.12/site-packages/airflow/example_dags/example_task_group.py took 0.068 seconds
[2024-04-15T14:59:10.931+0000] {processor.py:161} INFO - Started process (PID=450) to work on /home/airflow/.local/lib/python3.12/site-packages/airflow/example_dags/example_task_group.py
[2024-04-15T14:59:10.932+0000] {processor.py:830} INFO - Processing file /home/airflow/.local/lib/python3.12/site-packages/airflow/example_dags/example_task_group.py for tasks to queue
[2024-04-15T14:59:10.934+0000] {logging_mixin.py:188} INFO - [2024-04-15T14:59:10.934+0000] {dagbag.py:540} INFO - Filling up the DagBag from /home/airflow/.local/lib/python3.12/site-packages/airflow/example_dags/example_task_group.py
[2024-04-15T14:59:10.941+0000] {processor.py:840} INFO - DAG(s) 'example_task_group' retrieved from /home/airflow/.local/lib/python3.12/site-packages/airflow/example_dags/example_task_group.py
[2024-04-15T14:59:10.963+0000] {logging_mixin.py:188} INFO - [2024-04-15T14:59:10.963+0000] {dag.py:3096} INFO - Sync 1 DAGs
[2024-04-15T14:59:10.989+0000] {logging_mixin.py:188} INFO - [2024-04-15T14:59:10.988+0000] {dag.py:3954} INFO - Setting next_dagrun for example_task_group to 2024-04-14 00:00:00+00:00, run_after=2024-04-15 00:00:00+00:00
[2024-04-15T14:59:11.010+0000] {processor.py:183} INFO - Processing /home/airflow/.local/lib/python3.12/site-packages/airflow/example_dags/example_task_group.py took 0.085 seconds
[2024-04-15T14:59:42.009+0000] {processor.py:161} INFO - Started process (PID=510) to work on /home/airflow/.local/lib/python3.12/site-packages/airflow/example_dags/example_task_group.py
[2024-04-15T14:59:42.010+0000] {processor.py:830} INFO - Processing file /home/airflow/.local/lib/python3.12/site-packages/airflow/example_dags/example_task_group.py for tasks to queue
[2024-04-15T14:59:42.012+0000] {logging_mixin.py:188} INFO - [2024-04-15T14:59:42.012+0000] {dagbag.py:540} INFO - Filling up the DagBag from /home/airflow/.local/lib/python3.12/site-packages/airflow/example_dags/example_task_group.py
[2024-04-15T14:59:42.020+0000] {processor.py:840} INFO - DAG(s) 'example_task_group' retrieved from /home/airflow/.local/lib/python3.12/site-packages/airflow/example_dags/example_task_group.py
[2024-04-15T14:59:42.040+0000] {logging_mixin.py:188} INFO - [2024-04-15T14:59:42.040+0000] {dag.py:3096} INFO - Sync 1 DAGs
[2024-04-15T14:59:42.061+0000] {logging_mixin.py:188} INFO - [2024-04-15T14:59:42.061+0000] {dag.py:3954} INFO - Setting next_dagrun for example_task_group to 2024-04-14 00:00:00+00:00, run_after=2024-04-15 00:00:00+00:00
[2024-04-15T14:59:42.080+0000] {processor.py:183} INFO - Processing /home/airflow/.local/lib/python3.12/site-packages/airflow/example_dags/example_task_group.py took 0.077 seconds
[2024-04-15T15:00:12.221+0000] {processor.py:161} INFO - Started process (PID=570) to work on /home/airflow/.local/lib/python3.12/site-packages/airflow/example_dags/example_task_group.py
[2024-04-15T15:00:12.222+0000] {processor.py:830} INFO - Processing file /home/airflow/.local/lib/python3.12/site-packages/airflow/example_dags/example_task_group.py for tasks to queue
[2024-04-15T15:00:12.224+0000] {logging_mixin.py:188} INFO - [2024-04-15T15:00:12.224+0000] {dagbag.py:540} INFO - Filling up the DagBag from /home/airflow/.local/lib/python3.12/site-packages/airflow/example_dags/example_task_group.py
[2024-04-15T15:00:12.230+0000] {processor.py:840} INFO - DAG(s) 'example_task_group' retrieved from /home/airflow/.local/lib/python3.12/site-packages/airflow/example_dags/example_task_group.py
[2024-04-15T15:00:12.248+0000] {logging_mixin.py:188} INFO - [2024-04-15T15:00:12.248+0000] {dag.py:3096} INFO - Sync 1 DAGs
[2024-04-15T15:00:12.266+0000] {logging_mixin.py:188} INFO - [2024-04-15T15:00:12.266+0000] {dag.py:3954} INFO - Setting next_dagrun for example_task_group to 2024-04-14 00:00:00+00:00, run_after=2024-04-15 00:00:00+00:00
[2024-04-15T15:00:12.281+0000] {processor.py:183} INFO - Processing /home/airflow/.local/lib/python3.12/site-packages/airflow/example_dags/example_task_group.py took 0.066 seconds
[2024-04-15T15:00:42.890+0000] {processor.py:161} INFO - Started process (PID=630) to work on /home/airflow/.local/lib/python3.12/site-packages/airflow/example_dags/example_task_group.py
[2024-04-15T15:00:42.891+0000] {processor.py:830} INFO - Processing file /home/airflow/.local/lib/python3.12/site-packages/airflow/example_dags/example_task_group.py for tasks to queue
[2024-04-15T15:00:42.893+0000] {logging_mixin.py:188} INFO - [2024-04-15T15:00:42.893+0000] {dagbag.py:540} INFO - Filling up the DagBag from /home/airflow/.local/lib/python3.12/site-packages/airflow/example_dags/example_task_group.py
[2024-04-15T15:00:42.901+0000] {processor.py:840} INFO - DAG(s) 'example_task_group' retrieved from /home/airflow/.local/lib/python3.12/site-packages/airflow/example_dags/example_task_group.py
[2024-04-15T15:00:42.921+0000] {logging_mixin.py:188} INFO - [2024-04-15T15:00:42.920+0000] {dag.py:3096} INFO - Sync 1 DAGs
[2024-04-15T15:00:42.941+0000] {logging_mixin.py:188} INFO - [2024-04-15T15:00:42.941+0000] {dag.py:3954} INFO - Setting next_dagrun for example_task_group to 2024-04-14 00:00:00+00:00, run_after=2024-04-15 00:00:00+00:00
[2024-04-15T15:00:42.963+0000] {processor.py:183} INFO - Processing /home/airflow/.local/lib/python3.12/site-packages/airflow/example_dags/example_task_group.py took 0.080 seconds
[2024-04-15T15:01:13.446+0000] {processor.py:161} INFO - Started process (PID=690) to work on /home/airflow/.local/lib/python3.12/site-packages/airflow/example_dags/example_task_group.py
[2024-04-15T15:01:13.447+0000] {processor.py:830} INFO - Processing file /home/airflow/.local/lib/python3.12/site-packages/airflow/example_dags/example_task_group.py for tasks to queue
[2024-04-15T15:01:13.449+0000] {logging_mixin.py:188} INFO - [2024-04-15T15:01:13.449+0000] {dagbag.py:540} INFO - Filling up the DagBag from /home/airflow/.local/lib/python3.12/site-packages/airflow/example_dags/example_task_group.py
[2024-04-15T15:01:13.457+0000] {processor.py:840} INFO - DAG(s) 'example_task_group' retrieved from /home/airflow/.local/lib/python3.12/site-packages/airflow/example_dags/example_task_group.py
[2024-04-15T15:01:13.474+0000] {logging_mixin.py:188} INFO - [2024-04-15T15:01:13.474+0000] {dag.py:3096} INFO - Sync 1 DAGs
[2024-04-15T15:01:13.493+0000] {logging_mixin.py:188} INFO - [2024-04-15T15:01:13.493+0000] {dag.py:3954} INFO - Setting next_dagrun for example_task_group to 2024-04-14 00:00:00+00:00, run_after=2024-04-15 00:00:00+00:00
[2024-04-15T15:01:13.508+0000] {processor.py:183} INFO - Processing /home/airflow/.local/lib/python3.12/site-packages/airflow/example_dags/example_task_group.py took 0.067 seconds
[2024-04-15T15:01:43.638+0000] {processor.py:161} INFO - Started process (PID=750) to work on /home/airflow/.local/lib/python3.12/site-packages/airflow/example_dags/example_task_group.py
[2024-04-15T15:01:43.640+0000] {processor.py:830} INFO - Processing file /home/airflow/.local/lib/python3.12/site-packages/airflow/example_dags/example_task_group.py for tasks to queue
[2024-04-15T15:01:43.642+0000] {logging_mixin.py:188} INFO - [2024-04-15T15:01:43.642+0000] {dagbag.py:540} INFO - Filling up the DagBag from /home/airflow/.local/lib/python3.12/site-packages/airflow/example_dags/example_task_group.py
[2024-04-15T15:01:43.651+0000] {processor.py:840} INFO - DAG(s) 'example_task_group' retrieved from /home/airflow/.local/lib/python3.12/site-packages/airflow/example_dags/example_task_group.py
[2024-04-15T15:01:43.676+0000] {logging_mixin.py:188} INFO - [2024-04-15T15:01:43.676+0000] {dag.py:3096} INFO - Sync 1 DAGs
[2024-04-15T15:01:43.702+0000] {logging_mixin.py:188} INFO - [2024-04-15T15:01:43.702+0000] {dag.py:3954} INFO - Setting next_dagrun for example_task_group to 2024-04-14 00:00:00+00:00, run_after=2024-04-15 00:00:00+00:00
[2024-04-15T15:01:43.722+0000] {processor.py:183} INFO - Processing /home/airflow/.local/lib/python3.12/site-packages/airflow/example_dags/example_task_group.py took 0.091 seconds
[2024-04-15T15:02:14.802+0000] {processor.py:161} INFO - Started process (PID=812) to work on /home/airflow/.local/lib/python3.12/site-packages/airflow/example_dags/example_task_group.py
[2024-04-15T15:02:14.804+0000] {processor.py:830} INFO - Processing file /home/airflow/.local/lib/python3.12/site-packages/airflow/example_dags/example_task_group.py for tasks to queue
[2024-04-15T15:02:14.806+0000] {logging_mixin.py:188} INFO - [2024-04-15T15:02:14.806+0000] {dagbag.py:540} INFO - Filling up the DagBag from /home/airflow/.local/lib/python3.12/site-packages/airflow/example_dags/example_task_group.py
[2024-04-15T15:02:14.816+0000] {processor.py:840} INFO - DAG(s) 'example_task_group' retrieved from /home/airflow/.local/lib/python3.12/site-packages/airflow/example_dags/example_task_group.py
[2024-04-15T15:02:14.845+0000] {logging_mixin.py:188} INFO - [2024-04-15T15:02:14.845+0000] {dag.py:3096} INFO - Sync 1 DAGs
[2024-04-15T15:02:14.885+0000] {logging_mixin.py:188} INFO - [2024-04-15T15:02:14.885+0000] {dag.py:3954} INFO - Setting next_dagrun for example_task_group to 2024-04-14 00:00:00+00:00, run_after=2024-04-15 00:00:00+00:00
[2024-04-15T15:02:14.919+0000] {processor.py:183} INFO - Processing /home/airflow/.local/lib/python3.12/site-packages/airflow/example_dags/example_task_group.py took 0.124 seconds
[2024-04-15T15:02:45.395+0000] {processor.py:161} INFO - Started process (PID=872) to work on /home/airflow/.local/lib/python3.12/site-packages/airflow/example_dags/example_task_group.py
[2024-04-15T15:02:45.396+0000] {processor.py:830} INFO - Processing file /home/airflow/.local/lib/python3.12/site-packages/airflow/example_dags/example_task_group.py for tasks to queue
[2024-04-15T15:02:45.398+0000] {logging_mixin.py:188} INFO - [2024-04-15T15:02:45.398+0000] {dagbag.py:540} INFO - Filling up the DagBag from /home/airflow/.local/lib/python3.12/site-packages/airflow/example_dags/example_task_group.py
[2024-04-15T15:02:45.405+0000] {processor.py:840} INFO - DAG(s) 'example_task_group' retrieved from /home/airflow/.local/lib/python3.12/site-packages/airflow/example_dags/example_task_group.py
[2024-04-15T15:02:45.428+0000] {logging_mixin.py:188} INFO - [2024-04-15T15:02:45.428+0000] {dag.py:3096} INFO - Sync 1 DAGs
[2024-04-15T15:02:45.453+0000] {logging_mixin.py:188} INFO - [2024-04-15T15:02:45.453+0000] {dag.py:3954} INFO - Setting next_dagrun for example_task_group to 2024-04-14 00:00:00+00:00, run_after=2024-04-15 00:00:00+00:00
[2024-04-15T15:02:45.472+0000] {processor.py:183} INFO - Processing /home/airflow/.local/lib/python3.12/site-packages/airflow/example_dags/example_task_group.py took 0.083 seconds
[2024-04-15T15:03:16.436+0000] {processor.py:161} INFO - Started process (PID=932) to work on /home/airflow/.local/lib/python3.12/site-packages/airflow/example_dags/example_task_group.py
[2024-04-15T15:03:16.438+0000] {processor.py:830} INFO - Processing file /home/airflow/.local/lib/python3.12/site-packages/airflow/example_dags/example_task_group.py for tasks to queue
[2024-04-15T15:03:16.442+0000] {logging_mixin.py:188} INFO - [2024-04-15T15:03:16.441+0000] {dagbag.py:540} INFO - Filling up the DagBag from /home/airflow/.local/lib/python3.12/site-packages/airflow/example_dags/example_task_group.py
[2024-04-15T15:03:16.459+0000] {processor.py:840} INFO - DAG(s) 'example_task_group' retrieved from /home/airflow/.local/lib/python3.12/site-packages/airflow/example_dags/example_task_group.py
[2024-04-15T15:03:16.493+0000] {logging_mixin.py:188} INFO - [2024-04-15T15:03:16.493+0000] {dag.py:3096} INFO - Sync 1 DAGs
[2024-04-15T15:03:16.525+0000] {logging_mixin.py:188} INFO - [2024-04-15T15:03:16.525+0000] {dag.py:3954} INFO - Setting next_dagrun for example_task_group to 2024-04-14 00:00:00+00:00, run_after=2024-04-15 00:00:00+00:00
[2024-04-15T15:03:16.762+0000] {processor.py:183} INFO - Processing /home/airflow/.local/lib/python3.12/site-packages/airflow/example_dags/example_task_group.py took 0.333 seconds
[2024-04-15T15:03:47.482+0000] {processor.py:161} INFO - Started process (PID=992) to work on /home/airflow/.local/lib/python3.12/site-packages/airflow/example_dags/example_task_group.py
[2024-04-15T15:03:47.483+0000] {processor.py:830} INFO - Processing file /home/airflow/.local/lib/python3.12/site-packages/airflow/example_dags/example_task_group.py for tasks to queue
[2024-04-15T15:03:47.485+0000] {logging_mixin.py:188} INFO - [2024-04-15T15:03:47.485+0000] {dagbag.py:540} INFO - Filling up the DagBag from /home/airflow/.local/lib/python3.12/site-packages/airflow/example_dags/example_task_group.py
[2024-04-15T15:03:47.492+0000] {processor.py:840} INFO - DAG(s) 'example_task_group' retrieved from /home/airflow/.local/lib/python3.12/site-packages/airflow/example_dags/example_task_group.py
[2024-04-15T15:03:47.510+0000] {logging_mixin.py:188} INFO - [2024-04-15T15:03:47.509+0000] {dag.py:3096} INFO - Sync 1 DAGs
[2024-04-15T15:03:47.529+0000] {logging_mixin.py:188} INFO - [2024-04-15T15:03:47.529+0000] {dag.py:3954} INFO - Setting next_dagrun for example_task_group to 2024-04-14 00:00:00+00:00, run_after=2024-04-15 00:00:00+00:00
[2024-04-15T15:03:47.543+0000] {processor.py:183} INFO - Processing /home/airflow/.local/lib/python3.12/site-packages/airflow/example_dags/example_task_group.py took 0.066 seconds
[2024-04-15T15:04:18.063+0000] {processor.py:161} INFO - Started process (PID=1052) to work on /home/airflow/.local/lib/python3.12/site-packages/airflow/example_dags/example_task_group.py
[2024-04-15T15:04:18.065+0000] {processor.py:830} INFO - Processing file /home/airflow/.local/lib/python3.12/site-packages/airflow/example_dags/example_task_group.py for tasks to queue
[2024-04-15T15:04:18.067+0000] {logging_mixin.py:188} INFO - [2024-04-15T15:04:18.066+0000] {dagbag.py:540} INFO - Filling up the DagBag from /home/airflow/.local/lib/python3.12/site-packages/airflow/example_dags/example_task_group.py
[2024-04-15T15:04:18.074+0000] {processor.py:840} INFO - DAG(s) 'example_task_group' retrieved from /home/airflow/.local/lib/python3.12/site-packages/airflow/example_dags/example_task_group.py
[2024-04-15T15:04:18.093+0000] {logging_mixin.py:188} INFO - [2024-04-15T15:04:18.093+0000] {dag.py:3096} INFO - Sync 1 DAGs
[2024-04-15T15:04:18.115+0000] {logging_mixin.py:188} INFO - [2024-04-15T15:04:18.114+0000] {dag.py:3954} INFO - Setting next_dagrun for example_task_group to 2024-04-14 00:00:00+00:00, run_after=2024-04-15 00:00:00+00:00
[2024-04-15T15:04:18.135+0000] {processor.py:183} INFO - Processing /home/airflow/.local/lib/python3.12/site-packages/airflow/example_dags/example_task_group.py took 0.077 seconds
[2024-04-15T15:04:49.070+0000] {processor.py:161} INFO - Started process (PID=1112) to work on /home/airflow/.local/lib/python3.12/site-packages/airflow/example_dags/example_task_group.py
[2024-04-15T15:04:49.072+0000] {processor.py:830} INFO - Processing file /home/airflow/.local/lib/python3.12/site-packages/airflow/example_dags/example_task_group.py for tasks to queue
[2024-04-15T15:04:49.073+0000] {logging_mixin.py:188} INFO - [2024-04-15T15:04:49.073+0000] {dagbag.py:540} INFO - Filling up the DagBag from /home/airflow/.local/lib/python3.12/site-packages/airflow/example_dags/example_task_group.py
[2024-04-15T15:04:49.079+0000] {processor.py:840} INFO - DAG(s) 'example_task_group' retrieved from /home/airflow/.local/lib/python3.12/site-packages/airflow/example_dags/example_task_group.py
[2024-04-15T15:04:49.101+0000] {logging_mixin.py:188} INFO - [2024-04-15T15:04:49.101+0000] {dag.py:3096} INFO - Sync 1 DAGs
[2024-04-15T15:04:49.122+0000] {logging_mixin.py:188} INFO - [2024-04-15T15:04:49.122+0000] {dag.py:3954} INFO - Setting next_dagrun for example_task_group to 2024-04-14 00:00:00+00:00, run_after=2024-04-15 00:00:00+00:00
[2024-04-15T15:04:49.139+0000] {processor.py:183} INFO - Processing /home/airflow/.local/lib/python3.12/site-packages/airflow/example_dags/example_task_group.py took 0.073 seconds
[2024-04-15T15:05:19.695+0000] {processor.py:161} INFO - Started process (PID=1172) to work on /home/airflow/.local/lib/python3.12/site-packages/airflow/example_dags/example_task_group.py
[2024-04-15T15:05:19.696+0000] {processor.py:830} INFO - Processing file /home/airflow/.local/lib/python3.12/site-packages/airflow/example_dags/example_task_group.py for tasks to queue
[2024-04-15T15:05:19.698+0000] {logging_mixin.py:188} INFO - [2024-04-15T15:05:19.698+0000] {dagbag.py:540} INFO - Filling up the DagBag from /home/airflow/.local/lib/python3.12/site-packages/airflow/example_dags/example_task_group.py
[2024-04-15T15:05:19.705+0000] {processor.py:840} INFO - DAG(s) 'example_task_group' retrieved from /home/airflow/.local/lib/python3.12/site-packages/airflow/example_dags/example_task_group.py
[2024-04-15T15:05:19.866+0000] {logging_mixin.py:188} INFO - [2024-04-15T15:05:19.865+0000] {dag.py:3096} INFO - Sync 1 DAGs
[2024-04-15T15:05:19.883+0000] {logging_mixin.py:188} INFO - [2024-04-15T15:05:19.883+0000] {dag.py:3954} INFO - Setting next_dagrun for example_task_group to 2024-04-14 00:00:00+00:00, run_after=2024-04-15 00:00:00+00:00
[2024-04-15T15:05:19.902+0000] {processor.py:183} INFO - Processing /home/airflow/.local/lib/python3.12/site-packages/airflow/example_dags/example_task_group.py took 0.214 seconds
[2024-04-15T15:05:50.203+0000] {processor.py:161} INFO - Started process (PID=1232) to work on /home/airflow/.local/lib/python3.12/site-packages/airflow/example_dags/example_task_group.py
[2024-04-15T15:05:50.204+0000] {processor.py:830} INFO - Processing file /home/airflow/.local/lib/python3.12/site-packages/airflow/example_dags/example_task_group.py for tasks to queue
[2024-04-15T15:05:50.208+0000] {logging_mixin.py:188} INFO - [2024-04-15T15:05:50.208+0000] {dagbag.py:540} INFO - Filling up the DagBag from /home/airflow/.local/lib/python3.12/site-packages/airflow/example_dags/example_task_group.py
[2024-04-15T15:05:50.215+0000] {processor.py:840} INFO - DAG(s) 'example_task_group' retrieved from /home/airflow/.local/lib/python3.12/site-packages/airflow/example_dags/example_task_group.py
[2024-04-15T15:05:50.236+0000] {logging_mixin.py:188} INFO - [2024-04-15T15:05:50.235+0000] {dag.py:3096} INFO - Sync 1 DAGs
[2024-04-15T15:05:50.449+0000] {logging_mixin.py:188} INFO - [2024-04-15T15:05:50.449+0000] {dag.py:3954} INFO - Setting next_dagrun for example_task_group to 2024-04-14 00:00:00+00:00, run_after=2024-04-15 00:00:00+00:00
[2024-04-15T15:05:50.470+0000] {processor.py:183} INFO - Processing /home/airflow/.local/lib/python3.12/site-packages/airflow/example_dags/example_task_group.py took 0.274 seconds
