[2024-04-15T14:44:45.134+0000] {processor.py:161} INFO - Started process (PID=59) to work on /home/airflow/.local/lib/python3.12/site-packages/airflow/example_dags/example_latest_only_with_trigger.py
[2024-04-15T14:44:45.141+0000] {processor.py:830} INFO - Processing file /home/airflow/.local/lib/python3.12/site-packages/airflow/example_dags/example_latest_only_with_trigger.py for tasks to queue
[2024-04-15T14:44:45.168+0000] {logging_mixin.py:188} INFO - [2024-04-15T14:44:45.163+0000] {dagbag.py:540} INFO - Filling up the DagBag from /home/airflow/.local/lib/python3.12/site-packages/airflow/example_dags/example_latest_only_with_trigger.py
[2024-04-15T14:44:45.301+0000] {processor.py:840} INFO - DAG(s) 'latest_only_with_trigger' retrieved from /home/airflow/.local/lib/python3.12/site-packages/airflow/example_dags/example_latest_only_with_trigger.py
[2024-04-15T14:44:45.922+0000] {logging_mixin.py:188} INFO - [2024-04-15T14:44:45.922+0000] {dag.py:3096} INFO - Sync 1 DAGs
[2024-04-15T14:44:45.982+0000] {logging_mixin.py:188} INFO - [2024-04-15T14:44:45.981+0000] {dag.py:3954} INFO - Setting next_dagrun for latest_only_with_trigger to 2024-04-15 08:00:00+00:00, run_after=2024-04-15 12:00:00+00:00
[2024-04-15T14:44:46.106+0000] {processor.py:183} INFO - Processing /home/airflow/.local/lib/python3.12/site-packages/airflow/example_dags/example_latest_only_with_trigger.py took 1.015 seconds
[2024-04-15T14:45:16.337+0000] {processor.py:161} INFO - Started process (PID=117) to work on /home/airflow/.local/lib/python3.12/site-packages/airflow/example_dags/example_latest_only_with_trigger.py
[2024-04-15T14:45:16.340+0000] {processor.py:830} INFO - Processing file /home/airflow/.local/lib/python3.12/site-packages/airflow/example_dags/example_latest_only_with_trigger.py for tasks to queue
[2024-04-15T14:45:16.344+0000] {logging_mixin.py:188} INFO - [2024-04-15T14:45:16.344+0000] {dagbag.py:540} INFO - Filling up the DagBag from /home/airflow/.local/lib/python3.12/site-packages/airflow/example_dags/example_latest_only_with_trigger.py
[2024-04-15T14:45:16.356+0000] {processor.py:840} INFO - DAG(s) 'latest_only_with_trigger' retrieved from /home/airflow/.local/lib/python3.12/site-packages/airflow/example_dags/example_latest_only_with_trigger.py
[2024-04-15T14:45:16.407+0000] {logging_mixin.py:188} INFO - [2024-04-15T14:45:16.406+0000] {dag.py:3096} INFO - Sync 1 DAGs
[2024-04-15T14:45:16.455+0000] {logging_mixin.py:188} INFO - [2024-04-15T14:45:16.455+0000] {dag.py:3954} INFO - Setting next_dagrun for latest_only_with_trigger to 2024-04-15 08:00:00+00:00, run_after=2024-04-15 12:00:00+00:00
[2024-04-15T14:45:16.497+0000] {processor.py:183} INFO - Processing /home/airflow/.local/lib/python3.12/site-packages/airflow/example_dags/example_latest_only_with_trigger.py took 0.173 seconds
[2024-04-15T14:45:46.952+0000] {processor.py:161} INFO - Started process (PID=176) to work on /home/airflow/.local/lib/python3.12/site-packages/airflow/example_dags/example_latest_only_with_trigger.py
[2024-04-15T14:45:46.953+0000] {processor.py:830} INFO - Processing file /home/airflow/.local/lib/python3.12/site-packages/airflow/example_dags/example_latest_only_with_trigger.py for tasks to queue
[2024-04-15T14:45:46.955+0000] {logging_mixin.py:188} INFO - [2024-04-15T14:45:46.954+0000] {dagbag.py:540} INFO - Filling up the DagBag from /home/airflow/.local/lib/python3.12/site-packages/airflow/example_dags/example_latest_only_with_trigger.py
[2024-04-15T14:45:46.959+0000] {processor.py:840} INFO - DAG(s) 'latest_only_with_trigger' retrieved from /home/airflow/.local/lib/python3.12/site-packages/airflow/example_dags/example_latest_only_with_trigger.py
[2024-04-15T14:45:46.978+0000] {logging_mixin.py:188} INFO - [2024-04-15T14:45:46.978+0000] {dag.py:3096} INFO - Sync 1 DAGs
[2024-04-15T14:45:47.001+0000] {logging_mixin.py:188} INFO - [2024-04-15T14:45:47.000+0000] {dag.py:3954} INFO - Setting next_dagrun for latest_only_with_trigger to 2024-04-15 08:00:00+00:00, run_after=2024-04-15 12:00:00+00:00
[2024-04-15T14:45:47.022+0000] {processor.py:183} INFO - Processing /home/airflow/.local/lib/python3.12/site-packages/airflow/example_dags/example_latest_only_with_trigger.py took 0.075 seconds
[2024-04-15T14:46:17.205+0000] {processor.py:161} INFO - Started process (PID=234) to work on /home/airflow/.local/lib/python3.12/site-packages/airflow/example_dags/example_latest_only_with_trigger.py
[2024-04-15T14:46:17.207+0000] {processor.py:830} INFO - Processing file /home/airflow/.local/lib/python3.12/site-packages/airflow/example_dags/example_latest_only_with_trigger.py for tasks to queue
[2024-04-15T14:46:17.209+0000] {logging_mixin.py:188} INFO - [2024-04-15T14:46:17.208+0000] {dagbag.py:540} INFO - Filling up the DagBag from /home/airflow/.local/lib/python3.12/site-packages/airflow/example_dags/example_latest_only_with_trigger.py
[2024-04-15T14:46:17.214+0000] {processor.py:840} INFO - DAG(s) 'latest_only_with_trigger' retrieved from /home/airflow/.local/lib/python3.12/site-packages/airflow/example_dags/example_latest_only_with_trigger.py
[2024-04-15T14:46:17.232+0000] {logging_mixin.py:188} INFO - [2024-04-15T14:46:17.232+0000] {dag.py:3096} INFO - Sync 1 DAGs
[2024-04-15T14:46:17.252+0000] {logging_mixin.py:188} INFO - [2024-04-15T14:46:17.252+0000] {dag.py:3954} INFO - Setting next_dagrun for latest_only_with_trigger to 2024-04-15 08:00:00+00:00, run_after=2024-04-15 12:00:00+00:00
[2024-04-15T14:46:17.271+0000] {processor.py:183} INFO - Processing /home/airflow/.local/lib/python3.12/site-packages/airflow/example_dags/example_latest_only_with_trigger.py took 0.071 seconds
[2024-04-15T14:46:47.398+0000] {processor.py:161} INFO - Started process (PID=292) to work on /home/airflow/.local/lib/python3.12/site-packages/airflow/example_dags/example_latest_only_with_trigger.py
[2024-04-15T14:46:47.400+0000] {processor.py:830} INFO - Processing file /home/airflow/.local/lib/python3.12/site-packages/airflow/example_dags/example_latest_only_with_trigger.py for tasks to queue
[2024-04-15T14:46:47.402+0000] {logging_mixin.py:188} INFO - [2024-04-15T14:46:47.402+0000] {dagbag.py:540} INFO - Filling up the DagBag from /home/airflow/.local/lib/python3.12/site-packages/airflow/example_dags/example_latest_only_with_trigger.py
[2024-04-15T14:46:47.406+0000] {processor.py:840} INFO - DAG(s) 'latest_only_with_trigger' retrieved from /home/airflow/.local/lib/python3.12/site-packages/airflow/example_dags/example_latest_only_with_trigger.py
[2024-04-15T14:46:47.428+0000] {logging_mixin.py:188} INFO - [2024-04-15T14:46:47.427+0000] {dag.py:3096} INFO - Sync 1 DAGs
[2024-04-15T14:46:47.446+0000] {logging_mixin.py:188} INFO - [2024-04-15T14:46:47.446+0000] {dag.py:3954} INFO - Setting next_dagrun for latest_only_with_trigger to 2024-04-15 08:00:00+00:00, run_after=2024-04-15 12:00:00+00:00
[2024-04-15T14:46:47.465+0000] {processor.py:183} INFO - Processing /home/airflow/.local/lib/python3.12/site-packages/airflow/example_dags/example_latest_only_with_trigger.py took 0.071 seconds
[2024-04-15T14:47:17.734+0000] {processor.py:161} INFO - Started process (PID=350) to work on /home/airflow/.local/lib/python3.12/site-packages/airflow/example_dags/example_latest_only_with_trigger.py
[2024-04-15T14:47:17.735+0000] {processor.py:830} INFO - Processing file /home/airflow/.local/lib/python3.12/site-packages/airflow/example_dags/example_latest_only_with_trigger.py for tasks to queue
[2024-04-15T14:47:17.738+0000] {logging_mixin.py:188} INFO - [2024-04-15T14:47:17.737+0000] {dagbag.py:540} INFO - Filling up the DagBag from /home/airflow/.local/lib/python3.12/site-packages/airflow/example_dags/example_latest_only_with_trigger.py
[2024-04-15T14:47:17.746+0000] {processor.py:840} INFO - DAG(s) 'latest_only_with_trigger' retrieved from /home/airflow/.local/lib/python3.12/site-packages/airflow/example_dags/example_latest_only_with_trigger.py
[2024-04-15T14:47:17.772+0000] {logging_mixin.py:188} INFO - [2024-04-15T14:47:17.772+0000] {dag.py:3096} INFO - Sync 1 DAGs
[2024-04-15T14:47:17.810+0000] {logging_mixin.py:188} INFO - [2024-04-15T14:47:17.810+0000] {dag.py:3954} INFO - Setting next_dagrun for latest_only_with_trigger to 2024-04-15 08:00:00+00:00, run_after=2024-04-15 12:00:00+00:00
[2024-04-15T14:47:17.841+0000] {processor.py:183} INFO - Processing /home/airflow/.local/lib/python3.12/site-packages/airflow/example_dags/example_latest_only_with_trigger.py took 0.116 seconds
[2024-04-15T14:47:48.001+0000] {processor.py:161} INFO - Started process (PID=408) to work on /home/airflow/.local/lib/python3.12/site-packages/airflow/example_dags/example_latest_only_with_trigger.py
[2024-04-15T14:47:48.002+0000] {processor.py:830} INFO - Processing file /home/airflow/.local/lib/python3.12/site-packages/airflow/example_dags/example_latest_only_with_trigger.py for tasks to queue
[2024-04-15T14:47:48.004+0000] {logging_mixin.py:188} INFO - [2024-04-15T14:47:48.003+0000] {dagbag.py:540} INFO - Filling up the DagBag from /home/airflow/.local/lib/python3.12/site-packages/airflow/example_dags/example_latest_only_with_trigger.py
[2024-04-15T14:47:48.008+0000] {processor.py:840} INFO - DAG(s) 'latest_only_with_trigger' retrieved from /home/airflow/.local/lib/python3.12/site-packages/airflow/example_dags/example_latest_only_with_trigger.py
[2024-04-15T14:47:48.029+0000] {logging_mixin.py:188} INFO - [2024-04-15T14:47:48.029+0000] {dag.py:3096} INFO - Sync 1 DAGs
[2024-04-15T14:47:48.048+0000] {logging_mixin.py:188} INFO - [2024-04-15T14:47:48.047+0000] {dag.py:3954} INFO - Setting next_dagrun for latest_only_with_trigger to 2024-04-15 08:00:00+00:00, run_after=2024-04-15 12:00:00+00:00
[2024-04-15T14:47:48.069+0000] {processor.py:183} INFO - Processing /home/airflow/.local/lib/python3.12/site-packages/airflow/example_dags/example_latest_only_with_trigger.py took 0.073 seconds
[2024-04-15T14:48:18.323+0000] {processor.py:161} INFO - Started process (PID=466) to work on /home/airflow/.local/lib/python3.12/site-packages/airflow/example_dags/example_latest_only_with_trigger.py
[2024-04-15T14:48:18.324+0000] {processor.py:830} INFO - Processing file /home/airflow/.local/lib/python3.12/site-packages/airflow/example_dags/example_latest_only_with_trigger.py for tasks to queue
[2024-04-15T14:48:18.327+0000] {logging_mixin.py:188} INFO - [2024-04-15T14:48:18.326+0000] {dagbag.py:540} INFO - Filling up the DagBag from /home/airflow/.local/lib/python3.12/site-packages/airflow/example_dags/example_latest_only_with_trigger.py
[2024-04-15T14:48:18.332+0000] {processor.py:840} INFO - DAG(s) 'latest_only_with_trigger' retrieved from /home/airflow/.local/lib/python3.12/site-packages/airflow/example_dags/example_latest_only_with_trigger.py
[2024-04-15T14:48:18.352+0000] {logging_mixin.py:188} INFO - [2024-04-15T14:48:18.352+0000] {dag.py:3096} INFO - Sync 1 DAGs
[2024-04-15T14:48:18.374+0000] {logging_mixin.py:188} INFO - [2024-04-15T14:48:18.374+0000] {dag.py:3954} INFO - Setting next_dagrun for latest_only_with_trigger to 2024-04-15 08:00:00+00:00, run_after=2024-04-15 12:00:00+00:00
[2024-04-15T14:48:18.393+0000] {processor.py:183} INFO - Processing /home/airflow/.local/lib/python3.12/site-packages/airflow/example_dags/example_latest_only_with_trigger.py took 0.075 seconds
[2024-04-15T14:48:48.936+0000] {processor.py:161} INFO - Started process (PID=524) to work on /home/airflow/.local/lib/python3.12/site-packages/airflow/example_dags/example_latest_only_with_trigger.py
[2024-04-15T14:48:48.937+0000] {processor.py:830} INFO - Processing file /home/airflow/.local/lib/python3.12/site-packages/airflow/example_dags/example_latest_only_with_trigger.py for tasks to queue
[2024-04-15T14:48:48.939+0000] {logging_mixin.py:188} INFO - [2024-04-15T14:48:48.939+0000] {dagbag.py:540} INFO - Filling up the DagBag from /home/airflow/.local/lib/python3.12/site-packages/airflow/example_dags/example_latest_only_with_trigger.py
[2024-04-15T14:48:48.944+0000] {processor.py:840} INFO - DAG(s) 'latest_only_with_trigger' retrieved from /home/airflow/.local/lib/python3.12/site-packages/airflow/example_dags/example_latest_only_with_trigger.py
[2024-04-15T14:48:48.976+0000] {logging_mixin.py:188} INFO - [2024-04-15T14:48:48.975+0000] {dag.py:3096} INFO - Sync 1 DAGs
[2024-04-15T14:48:49.008+0000] {logging_mixin.py:188} INFO - [2024-04-15T14:48:49.007+0000] {dag.py:3954} INFO - Setting next_dagrun for latest_only_with_trigger to 2024-04-15 08:00:00+00:00, run_after=2024-04-15 12:00:00+00:00
[2024-04-15T14:48:49.036+0000] {processor.py:183} INFO - Processing /home/airflow/.local/lib/python3.12/site-packages/airflow/example_dags/example_latest_only_with_trigger.py took 0.105 seconds
[2024-04-15T14:49:19.219+0000] {processor.py:161} INFO - Started process (PID=582) to work on /home/airflow/.local/lib/python3.12/site-packages/airflow/example_dags/example_latest_only_with_trigger.py
[2024-04-15T14:49:19.220+0000] {processor.py:830} INFO - Processing file /home/airflow/.local/lib/python3.12/site-packages/airflow/example_dags/example_latest_only_with_trigger.py for tasks to queue
[2024-04-15T14:49:19.222+0000] {logging_mixin.py:188} INFO - [2024-04-15T14:49:19.222+0000] {dagbag.py:540} INFO - Filling up the DagBag from /home/airflow/.local/lib/python3.12/site-packages/airflow/example_dags/example_latest_only_with_trigger.py
[2024-04-15T14:49:19.227+0000] {processor.py:840} INFO - DAG(s) 'latest_only_with_trigger' retrieved from /home/airflow/.local/lib/python3.12/site-packages/airflow/example_dags/example_latest_only_with_trigger.py
[2024-04-15T14:49:19.254+0000] {logging_mixin.py:188} INFO - [2024-04-15T14:49:19.253+0000] {dag.py:3096} INFO - Sync 1 DAGs
[2024-04-15T14:49:19.282+0000] {logging_mixin.py:188} INFO - [2024-04-15T14:49:19.282+0000] {dag.py:3954} INFO - Setting next_dagrun for latest_only_with_trigger to 2024-04-15 08:00:00+00:00, run_after=2024-04-15 12:00:00+00:00
[2024-04-15T14:49:19.310+0000] {processor.py:183} INFO - Processing /home/airflow/.local/lib/python3.12/site-packages/airflow/example_dags/example_latest_only_with_trigger.py took 0.097 seconds
[2024-04-15T14:49:49.718+0000] {processor.py:161} INFO - Started process (PID=640) to work on /home/airflow/.local/lib/python3.12/site-packages/airflow/example_dags/example_latest_only_with_trigger.py
[2024-04-15T14:49:49.719+0000] {processor.py:830} INFO - Processing file /home/airflow/.local/lib/python3.12/site-packages/airflow/example_dags/example_latest_only_with_trigger.py for tasks to queue
[2024-04-15T14:49:49.721+0000] {logging_mixin.py:188} INFO - [2024-04-15T14:49:49.721+0000] {dagbag.py:540} INFO - Filling up the DagBag from /home/airflow/.local/lib/python3.12/site-packages/airflow/example_dags/example_latest_only_with_trigger.py
[2024-04-15T14:49:49.726+0000] {processor.py:840} INFO - DAG(s) 'latest_only_with_trigger' retrieved from /home/airflow/.local/lib/python3.12/site-packages/airflow/example_dags/example_latest_only_with_trigger.py
[2024-04-15T14:49:49.745+0000] {logging_mixin.py:188} INFO - [2024-04-15T14:49:49.745+0000] {dag.py:3096} INFO - Sync 1 DAGs
[2024-04-15T14:49:49.772+0000] {logging_mixin.py:188} INFO - [2024-04-15T14:49:49.772+0000] {dag.py:3954} INFO - Setting next_dagrun for latest_only_with_trigger to 2024-04-15 08:00:00+00:00, run_after=2024-04-15 12:00:00+00:00
[2024-04-15T14:49:49.797+0000] {processor.py:183} INFO - Processing /home/airflow/.local/lib/python3.12/site-packages/airflow/example_dags/example_latest_only_with_trigger.py took 0.084 seconds
[2024-04-15T14:50:20.004+0000] {processor.py:161} INFO - Started process (PID=698) to work on /home/airflow/.local/lib/python3.12/site-packages/airflow/example_dags/example_latest_only_with_trigger.py
[2024-04-15T14:50:20.005+0000] {processor.py:830} INFO - Processing file /home/airflow/.local/lib/python3.12/site-packages/airflow/example_dags/example_latest_only_with_trigger.py for tasks to queue
[2024-04-15T14:50:20.007+0000] {logging_mixin.py:188} INFO - [2024-04-15T14:50:20.006+0000] {dagbag.py:540} INFO - Filling up the DagBag from /home/airflow/.local/lib/python3.12/site-packages/airflow/example_dags/example_latest_only_with_trigger.py
[2024-04-15T14:50:20.011+0000] {processor.py:840} INFO - DAG(s) 'latest_only_with_trigger' retrieved from /home/airflow/.local/lib/python3.12/site-packages/airflow/example_dags/example_latest_only_with_trigger.py
[2024-04-15T14:50:20.033+0000] {logging_mixin.py:188} INFO - [2024-04-15T14:50:20.032+0000] {dag.py:3096} INFO - Sync 1 DAGs
[2024-04-15T14:50:20.054+0000] {logging_mixin.py:188} INFO - [2024-04-15T14:50:20.054+0000] {dag.py:3954} INFO - Setting next_dagrun for latest_only_with_trigger to 2024-04-15 08:00:00+00:00, run_after=2024-04-15 12:00:00+00:00
[2024-04-15T14:50:20.072+0000] {processor.py:183} INFO - Processing /home/airflow/.local/lib/python3.12/site-packages/airflow/example_dags/example_latest_only_with_trigger.py took 0.073 seconds
[2024-04-15T14:50:50.451+0000] {processor.py:161} INFO - Started process (PID=754) to work on /home/airflow/.local/lib/python3.12/site-packages/airflow/example_dags/example_latest_only_with_trigger.py
[2024-04-15T14:50:50.452+0000] {processor.py:830} INFO - Processing file /home/airflow/.local/lib/python3.12/site-packages/airflow/example_dags/example_latest_only_with_trigger.py for tasks to queue
[2024-04-15T14:50:50.454+0000] {logging_mixin.py:188} INFO - [2024-04-15T14:50:50.454+0000] {dagbag.py:540} INFO - Filling up the DagBag from /home/airflow/.local/lib/python3.12/site-packages/airflow/example_dags/example_latest_only_with_trigger.py
[2024-04-15T14:50:50.460+0000] {processor.py:840} INFO - DAG(s) 'latest_only_with_trigger' retrieved from /home/airflow/.local/lib/python3.12/site-packages/airflow/example_dags/example_latest_only_with_trigger.py
[2024-04-15T14:50:50.479+0000] {logging_mixin.py:188} INFO - [2024-04-15T14:50:50.479+0000] {dag.py:3096} INFO - Sync 1 DAGs
[2024-04-15T14:50:50.507+0000] {logging_mixin.py:188} INFO - [2024-04-15T14:50:50.507+0000] {dag.py:3954} INFO - Setting next_dagrun for latest_only_with_trigger to 2024-04-15 08:00:00+00:00, run_after=2024-04-15 12:00:00+00:00
[2024-04-15T14:50:50.531+0000] {processor.py:183} INFO - Processing /home/airflow/.local/lib/python3.12/site-packages/airflow/example_dags/example_latest_only_with_trigger.py took 0.085 seconds
[2024-04-15T14:51:21.390+0000] {processor.py:161} INFO - Started process (PID=812) to work on /home/airflow/.local/lib/python3.12/site-packages/airflow/example_dags/example_latest_only_with_trigger.py
[2024-04-15T14:51:21.391+0000] {processor.py:830} INFO - Processing file /home/airflow/.local/lib/python3.12/site-packages/airflow/example_dags/example_latest_only_with_trigger.py for tasks to queue
[2024-04-15T14:51:21.393+0000] {logging_mixin.py:188} INFO - [2024-04-15T14:51:21.393+0000] {dagbag.py:540} INFO - Filling up the DagBag from /home/airflow/.local/lib/python3.12/site-packages/airflow/example_dags/example_latest_only_with_trigger.py
[2024-04-15T14:51:21.399+0000] {processor.py:840} INFO - DAG(s) 'latest_only_with_trigger' retrieved from /home/airflow/.local/lib/python3.12/site-packages/airflow/example_dags/example_latest_only_with_trigger.py
[2024-04-15T14:51:21.432+0000] {logging_mixin.py:188} INFO - [2024-04-15T14:51:21.432+0000] {dag.py:3096} INFO - Sync 1 DAGs
[2024-04-15T14:51:21.475+0000] {logging_mixin.py:188} INFO - [2024-04-15T14:51:21.475+0000] {dag.py:3954} INFO - Setting next_dagrun for latest_only_with_trigger to 2024-04-15 08:00:00+00:00, run_after=2024-04-15 12:00:00+00:00
[2024-04-15T14:51:21.522+0000] {processor.py:183} INFO - Processing /home/airflow/.local/lib/python3.12/site-packages/airflow/example_dags/example_latest_only_with_trigger.py took 0.142 seconds
[2024-04-15T14:51:51.964+0000] {processor.py:161} INFO - Started process (PID=870) to work on /home/airflow/.local/lib/python3.12/site-packages/airflow/example_dags/example_latest_only_with_trigger.py
[2024-04-15T14:51:51.967+0000] {processor.py:830} INFO - Processing file /home/airflow/.local/lib/python3.12/site-packages/airflow/example_dags/example_latest_only_with_trigger.py for tasks to queue
[2024-04-15T14:51:51.980+0000] {logging_mixin.py:188} INFO - [2024-04-15T14:51:51.979+0000] {dagbag.py:540} INFO - Filling up the DagBag from /home/airflow/.local/lib/python3.12/site-packages/airflow/example_dags/example_latest_only_with_trigger.py
[2024-04-15T14:51:52.008+0000] {processor.py:840} INFO - DAG(s) 'latest_only_with_trigger' retrieved from /home/airflow/.local/lib/python3.12/site-packages/airflow/example_dags/example_latest_only_with_trigger.py
[2024-04-15T14:51:52.096+0000] {logging_mixin.py:188} INFO - [2024-04-15T14:51:52.095+0000] {dag.py:3096} INFO - Sync 1 DAGs
[2024-04-15T14:51:52.193+0000] {logging_mixin.py:188} INFO - [2024-04-15T14:51:52.193+0000] {dag.py:3954} INFO - Setting next_dagrun for latest_only_with_trigger to 2024-04-15 08:00:00+00:00, run_after=2024-04-15 12:00:00+00:00
[2024-04-15T14:51:52.274+0000] {processor.py:183} INFO - Processing /home/airflow/.local/lib/python3.12/site-packages/airflow/example_dags/example_latest_only_with_trigger.py took 0.334 seconds
[2024-04-15T14:52:23.194+0000] {processor.py:161} INFO - Started process (PID=929) to work on /home/airflow/.local/lib/python3.12/site-packages/airflow/example_dags/example_latest_only_with_trigger.py
[2024-04-15T14:52:23.195+0000] {processor.py:830} INFO - Processing file /home/airflow/.local/lib/python3.12/site-packages/airflow/example_dags/example_latest_only_with_trigger.py for tasks to queue
[2024-04-15T14:52:23.198+0000] {logging_mixin.py:188} INFO - [2024-04-15T14:52:23.197+0000] {dagbag.py:540} INFO - Filling up the DagBag from /home/airflow/.local/lib/python3.12/site-packages/airflow/example_dags/example_latest_only_with_trigger.py
[2024-04-15T14:52:23.203+0000] {processor.py:840} INFO - DAG(s) 'latest_only_with_trigger' retrieved from /home/airflow/.local/lib/python3.12/site-packages/airflow/example_dags/example_latest_only_with_trigger.py
[2024-04-15T14:52:23.234+0000] {logging_mixin.py:188} INFO - [2024-04-15T14:52:23.233+0000] {dag.py:3096} INFO - Sync 1 DAGs
[2024-04-15T14:52:23.260+0000] {logging_mixin.py:188} INFO - [2024-04-15T14:52:23.260+0000] {dag.py:3954} INFO - Setting next_dagrun for latest_only_with_trigger to 2024-04-15 08:00:00+00:00, run_after=2024-04-15 12:00:00+00:00
[2024-04-15T14:52:23.478+0000] {processor.py:183} INFO - Processing /home/airflow/.local/lib/python3.12/site-packages/airflow/example_dags/example_latest_only_with_trigger.py took 0.293 seconds
[2024-04-15T14:52:54.095+0000] {processor.py:161} INFO - Started process (PID=987) to work on /home/airflow/.local/lib/python3.12/site-packages/airflow/example_dags/example_latest_only_with_trigger.py
[2024-04-15T14:52:54.096+0000] {processor.py:830} INFO - Processing file /home/airflow/.local/lib/python3.12/site-packages/airflow/example_dags/example_latest_only_with_trigger.py for tasks to queue
[2024-04-15T14:52:54.098+0000] {logging_mixin.py:188} INFO - [2024-04-15T14:52:54.098+0000] {dagbag.py:540} INFO - Filling up the DagBag from /home/airflow/.local/lib/python3.12/site-packages/airflow/example_dags/example_latest_only_with_trigger.py
[2024-04-15T14:52:54.103+0000] {processor.py:840} INFO - DAG(s) 'latest_only_with_trigger' retrieved from /home/airflow/.local/lib/python3.12/site-packages/airflow/example_dags/example_latest_only_with_trigger.py
[2024-04-15T14:52:54.125+0000] {logging_mixin.py:188} INFO - [2024-04-15T14:52:54.125+0000] {dag.py:3096} INFO - Sync 1 DAGs
[2024-04-15T14:52:54.149+0000] {logging_mixin.py:188} INFO - [2024-04-15T14:52:54.149+0000] {dag.py:3954} INFO - Setting next_dagrun for latest_only_with_trigger to 2024-04-15 08:00:00+00:00, run_after=2024-04-15 12:00:00+00:00
[2024-04-15T14:52:54.172+0000] {processor.py:183} INFO - Processing /home/airflow/.local/lib/python3.12/site-packages/airflow/example_dags/example_latest_only_with_trigger.py took 0.082 seconds
[2024-04-15T14:53:24.351+0000] {processor.py:161} INFO - Started process (PID=1044) to work on /home/airflow/.local/lib/python3.12/site-packages/airflow/example_dags/example_latest_only_with_trigger.py
[2024-04-15T14:53:24.352+0000] {processor.py:830} INFO - Processing file /home/airflow/.local/lib/python3.12/site-packages/airflow/example_dags/example_latest_only_with_trigger.py for tasks to queue
[2024-04-15T14:53:24.356+0000] {logging_mixin.py:188} INFO - [2024-04-15T14:53:24.355+0000] {dagbag.py:540} INFO - Filling up the DagBag from /home/airflow/.local/lib/python3.12/site-packages/airflow/example_dags/example_latest_only_with_trigger.py
[2024-04-15T14:53:24.362+0000] {processor.py:840} INFO - DAG(s) 'latest_only_with_trigger' retrieved from /home/airflow/.local/lib/python3.12/site-packages/airflow/example_dags/example_latest_only_with_trigger.py
[2024-04-15T14:53:24.389+0000] {logging_mixin.py:188} INFO - [2024-04-15T14:53:24.389+0000] {dag.py:3096} INFO - Sync 1 DAGs
[2024-04-15T14:53:24.415+0000] {logging_mixin.py:188} INFO - [2024-04-15T14:53:24.414+0000] {dag.py:3954} INFO - Setting next_dagrun for latest_only_with_trigger to 2024-04-15 08:00:00+00:00, run_after=2024-04-15 12:00:00+00:00
[2024-04-15T14:53:24.440+0000] {processor.py:183} INFO - Processing /home/airflow/.local/lib/python3.12/site-packages/airflow/example_dags/example_latest_only_with_trigger.py took 0.095 seconds
[2024-04-15T14:53:54.787+0000] {processor.py:161} INFO - Started process (PID=1103) to work on /home/airflow/.local/lib/python3.12/site-packages/airflow/example_dags/example_latest_only_with_trigger.py
[2024-04-15T14:53:54.789+0000] {processor.py:830} INFO - Processing file /home/airflow/.local/lib/python3.12/site-packages/airflow/example_dags/example_latest_only_with_trigger.py for tasks to queue
[2024-04-15T14:53:54.791+0000] {logging_mixin.py:188} INFO - [2024-04-15T14:53:54.790+0000] {dagbag.py:540} INFO - Filling up the DagBag from /home/airflow/.local/lib/python3.12/site-packages/airflow/example_dags/example_latest_only_with_trigger.py
[2024-04-15T14:53:54.795+0000] {processor.py:840} INFO - DAG(s) 'latest_only_with_trigger' retrieved from /home/airflow/.local/lib/python3.12/site-packages/airflow/example_dags/example_latest_only_with_trigger.py
[2024-04-15T14:53:54.974+0000] {logging_mixin.py:188} INFO - [2024-04-15T14:53:54.974+0000] {dag.py:3096} INFO - Sync 1 DAGs
[2024-04-15T14:53:55.009+0000] {logging_mixin.py:188} INFO - [2024-04-15T14:53:55.008+0000] {dag.py:3954} INFO - Setting next_dagrun for latest_only_with_trigger to 2024-04-15 08:00:00+00:00, run_after=2024-04-15 12:00:00+00:00
[2024-04-15T14:53:55.039+0000] {processor.py:183} INFO - Processing /home/airflow/.local/lib/python3.12/site-packages/airflow/example_dags/example_latest_only_with_trigger.py took 0.259 seconds
[2024-04-15T14:54:25.262+0000] {processor.py:161} INFO - Started process (PID=1161) to work on /home/airflow/.local/lib/python3.12/site-packages/airflow/example_dags/example_latest_only_with_trigger.py
[2024-04-15T14:54:25.263+0000] {processor.py:830} INFO - Processing file /home/airflow/.local/lib/python3.12/site-packages/airflow/example_dags/example_latest_only_with_trigger.py for tasks to queue
[2024-04-15T14:54:25.265+0000] {logging_mixin.py:188} INFO - [2024-04-15T14:54:25.265+0000] {dagbag.py:540} INFO - Filling up the DagBag from /home/airflow/.local/lib/python3.12/site-packages/airflow/example_dags/example_latest_only_with_trigger.py
[2024-04-15T14:54:25.276+0000] {processor.py:840} INFO - DAG(s) 'latest_only_with_trigger' retrieved from /home/airflow/.local/lib/python3.12/site-packages/airflow/example_dags/example_latest_only_with_trigger.py
[2024-04-15T14:54:25.310+0000] {logging_mixin.py:188} INFO - [2024-04-15T14:54:25.309+0000] {dag.py:3096} INFO - Sync 1 DAGs
[2024-04-15T14:54:25.339+0000] {logging_mixin.py:188} INFO - [2024-04-15T14:54:25.339+0000] {dag.py:3954} INFO - Setting next_dagrun for latest_only_with_trigger to 2024-04-15 08:00:00+00:00, run_after=2024-04-15 12:00:00+00:00
[2024-04-15T14:54:25.367+0000] {processor.py:183} INFO - Processing /home/airflow/.local/lib/python3.12/site-packages/airflow/example_dags/example_latest_only_with_trigger.py took 0.110 seconds
[2024-04-15T14:56:01.112+0000] {processor.py:161} INFO - Started process (PID=48) to work on /home/airflow/.local/lib/python3.12/site-packages/airflow/example_dags/example_latest_only_with_trigger.py
[2024-04-15T14:56:01.115+0000] {processor.py:830} INFO - Processing file /home/airflow/.local/lib/python3.12/site-packages/airflow/example_dags/example_latest_only_with_trigger.py for tasks to queue
[2024-04-15T14:56:01.121+0000] {logging_mixin.py:188} INFO - [2024-04-15T14:56:01.120+0000] {dagbag.py:540} INFO - Filling up the DagBag from /home/airflow/.local/lib/python3.12/site-packages/airflow/example_dags/example_latest_only_with_trigger.py
[2024-04-15T14:56:01.145+0000] {processor.py:840} INFO - DAG(s) 'latest_only_with_trigger' retrieved from /home/airflow/.local/lib/python3.12/site-packages/airflow/example_dags/example_latest_only_with_trigger.py
[2024-04-15T14:56:01.473+0000] {logging_mixin.py:188} INFO - [2024-04-15T14:56:01.472+0000] {dag.py:3096} INFO - Sync 1 DAGs
[2024-04-15T14:56:01.499+0000] {logging_mixin.py:188} INFO - [2024-04-15T14:56:01.499+0000] {dag.py:3954} INFO - Setting next_dagrun for latest_only_with_trigger to 2024-04-15 08:00:00+00:00, run_after=2024-04-15 12:00:00+00:00
[2024-04-15T14:56:01.532+0000] {processor.py:183} INFO - Processing /home/airflow/.local/lib/python3.12/site-packages/airflow/example_dags/example_latest_only_with_trigger.py took 0.440 seconds
[2024-04-15T14:56:32.349+0000] {processor.py:161} INFO - Started process (PID=107) to work on /home/airflow/.local/lib/python3.12/site-packages/airflow/example_dags/example_latest_only_with_trigger.py
[2024-04-15T14:56:32.350+0000] {processor.py:830} INFO - Processing file /home/airflow/.local/lib/python3.12/site-packages/airflow/example_dags/example_latest_only_with_trigger.py for tasks to queue
[2024-04-15T14:56:32.352+0000] {logging_mixin.py:188} INFO - [2024-04-15T14:56:32.352+0000] {dagbag.py:540} INFO - Filling up the DagBag from /home/airflow/.local/lib/python3.12/site-packages/airflow/example_dags/example_latest_only_with_trigger.py
[2024-04-15T14:56:32.357+0000] {processor.py:840} INFO - DAG(s) 'latest_only_with_trigger' retrieved from /home/airflow/.local/lib/python3.12/site-packages/airflow/example_dags/example_latest_only_with_trigger.py
[2024-04-15T14:56:32.377+0000] {logging_mixin.py:188} INFO - [2024-04-15T14:56:32.377+0000] {dag.py:3096} INFO - Sync 1 DAGs
[2024-04-15T14:56:32.398+0000] {logging_mixin.py:188} INFO - [2024-04-15T14:56:32.398+0000] {dag.py:3954} INFO - Setting next_dagrun for latest_only_with_trigger to 2024-04-15 08:00:00+00:00, run_after=2024-04-15 12:00:00+00:00
[2024-04-15T14:56:32.417+0000] {processor.py:183} INFO - Processing /home/airflow/.local/lib/python3.12/site-packages/airflow/example_dags/example_latest_only_with_trigger.py took 0.074 seconds
[2024-04-15T14:57:02.456+0000] {processor.py:161} INFO - Started process (PID=166) to work on /home/airflow/.local/lib/python3.12/site-packages/airflow/example_dags/example_latest_only_with_trigger.py
[2024-04-15T14:57:02.457+0000] {processor.py:830} INFO - Processing file /home/airflow/.local/lib/python3.12/site-packages/airflow/example_dags/example_latest_only_with_trigger.py for tasks to queue
[2024-04-15T14:57:02.459+0000] {logging_mixin.py:188} INFO - [2024-04-15T14:57:02.458+0000] {dagbag.py:540} INFO - Filling up the DagBag from /home/airflow/.local/lib/python3.12/site-packages/airflow/example_dags/example_latest_only_with_trigger.py
[2024-04-15T14:57:02.463+0000] {processor.py:840} INFO - DAG(s) 'latest_only_with_trigger' retrieved from /home/airflow/.local/lib/python3.12/site-packages/airflow/example_dags/example_latest_only_with_trigger.py
[2024-04-15T14:57:02.481+0000] {logging_mixin.py:188} INFO - [2024-04-15T14:57:02.481+0000] {dag.py:3096} INFO - Sync 1 DAGs
[2024-04-15T14:57:02.499+0000] {logging_mixin.py:188} INFO - [2024-04-15T14:57:02.499+0000] {dag.py:3954} INFO - Setting next_dagrun for latest_only_with_trigger to 2024-04-15 08:00:00+00:00, run_after=2024-04-15 12:00:00+00:00
[2024-04-15T14:57:02.520+0000] {processor.py:183} INFO - Processing /home/airflow/.local/lib/python3.12/site-packages/airflow/example_dags/example_latest_only_with_trigger.py took 0.070 seconds
[2024-04-15T14:57:32.804+0000] {processor.py:161} INFO - Started process (PID=226) to work on /home/airflow/.local/lib/python3.12/site-packages/airflow/example_dags/example_latest_only_with_trigger.py
[2024-04-15T14:57:32.805+0000] {processor.py:830} INFO - Processing file /home/airflow/.local/lib/python3.12/site-packages/airflow/example_dags/example_latest_only_with_trigger.py for tasks to queue
[2024-04-15T14:57:32.807+0000] {logging_mixin.py:188} INFO - [2024-04-15T14:57:32.806+0000] {dagbag.py:540} INFO - Filling up the DagBag from /home/airflow/.local/lib/python3.12/site-packages/airflow/example_dags/example_latest_only_with_trigger.py
[2024-04-15T14:57:32.811+0000] {processor.py:840} INFO - DAG(s) 'latest_only_with_trigger' retrieved from /home/airflow/.local/lib/python3.12/site-packages/airflow/example_dags/example_latest_only_with_trigger.py
[2024-04-15T14:57:32.833+0000] {logging_mixin.py:188} INFO - [2024-04-15T14:57:32.833+0000] {dag.py:3096} INFO - Sync 1 DAGs
[2024-04-15T14:57:32.868+0000] {logging_mixin.py:188} INFO - [2024-04-15T14:57:32.868+0000] {dag.py:3954} INFO - Setting next_dagrun for latest_only_with_trigger to 2024-04-15 08:00:00+00:00, run_after=2024-04-15 12:00:00+00:00
[2024-04-15T14:57:32.901+0000] {processor.py:183} INFO - Processing /home/airflow/.local/lib/python3.12/site-packages/airflow/example_dags/example_latest_only_with_trigger.py took 0.102 seconds
[2024-04-15T14:58:03.156+0000] {processor.py:161} INFO - Started process (PID=286) to work on /home/airflow/.local/lib/python3.12/site-packages/airflow/example_dags/example_latest_only_with_trigger.py
[2024-04-15T14:58:03.157+0000] {processor.py:830} INFO - Processing file /home/airflow/.local/lib/python3.12/site-packages/airflow/example_dags/example_latest_only_with_trigger.py for tasks to queue
[2024-04-15T14:58:03.159+0000] {logging_mixin.py:188} INFO - [2024-04-15T14:58:03.159+0000] {dagbag.py:540} INFO - Filling up the DagBag from /home/airflow/.local/lib/python3.12/site-packages/airflow/example_dags/example_latest_only_with_trigger.py
[2024-04-15T14:58:03.163+0000] {processor.py:840} INFO - DAG(s) 'latest_only_with_trigger' retrieved from /home/airflow/.local/lib/python3.12/site-packages/airflow/example_dags/example_latest_only_with_trigger.py
[2024-04-15T14:58:03.181+0000] {logging_mixin.py:188} INFO - [2024-04-15T14:58:03.180+0000] {dag.py:3096} INFO - Sync 1 DAGs
[2024-04-15T14:58:03.198+0000] {logging_mixin.py:188} INFO - [2024-04-15T14:58:03.198+0000] {dag.py:3954} INFO - Setting next_dagrun for latest_only_with_trigger to 2024-04-15 08:00:00+00:00, run_after=2024-04-15 12:00:00+00:00
[2024-04-15T14:58:03.216+0000] {processor.py:183} INFO - Processing /home/airflow/.local/lib/python3.12/site-packages/airflow/example_dags/example_latest_only_with_trigger.py took 0.065 seconds
[2024-04-15T14:58:33.473+0000] {processor.py:161} INFO - Started process (PID=348) to work on /home/airflow/.local/lib/python3.12/site-packages/airflow/example_dags/example_latest_only_with_trigger.py
[2024-04-15T14:58:33.473+0000] {processor.py:830} INFO - Processing file /home/airflow/.local/lib/python3.12/site-packages/airflow/example_dags/example_latest_only_with_trigger.py for tasks to queue
[2024-04-15T14:58:33.475+0000] {logging_mixin.py:188} INFO - [2024-04-15T14:58:33.475+0000] {dagbag.py:540} INFO - Filling up the DagBag from /home/airflow/.local/lib/python3.12/site-packages/airflow/example_dags/example_latest_only_with_trigger.py
[2024-04-15T14:58:33.479+0000] {processor.py:840} INFO - DAG(s) 'latest_only_with_trigger' retrieved from /home/airflow/.local/lib/python3.12/site-packages/airflow/example_dags/example_latest_only_with_trigger.py
[2024-04-15T14:58:33.497+0000] {logging_mixin.py:188} INFO - [2024-04-15T14:58:33.496+0000] {dag.py:3096} INFO - Sync 1 DAGs
[2024-04-15T14:58:33.514+0000] {logging_mixin.py:188} INFO - [2024-04-15T14:58:33.513+0000] {dag.py:3954} INFO - Setting next_dagrun for latest_only_with_trigger to 2024-04-15 08:00:00+00:00, run_after=2024-04-15 12:00:00+00:00
[2024-04-15T14:58:33.532+0000] {processor.py:183} INFO - Processing /home/airflow/.local/lib/python3.12/site-packages/airflow/example_dags/example_latest_only_with_trigger.py took 0.064 seconds
[2024-04-15T14:59:03.811+0000] {processor.py:161} INFO - Started process (PID=408) to work on /home/airflow/.local/lib/python3.12/site-packages/airflow/example_dags/example_latest_only_with_trigger.py
[2024-04-15T14:59:03.813+0000] {processor.py:830} INFO - Processing file /home/airflow/.local/lib/python3.12/site-packages/airflow/example_dags/example_latest_only_with_trigger.py for tasks to queue
[2024-04-15T14:59:03.815+0000] {logging_mixin.py:188} INFO - [2024-04-15T14:59:03.815+0000] {dagbag.py:540} INFO - Filling up the DagBag from /home/airflow/.local/lib/python3.12/site-packages/airflow/example_dags/example_latest_only_with_trigger.py
[2024-04-15T14:59:03.820+0000] {processor.py:840} INFO - DAG(s) 'latest_only_with_trigger' retrieved from /home/airflow/.local/lib/python3.12/site-packages/airflow/example_dags/example_latest_only_with_trigger.py
[2024-04-15T14:59:03.839+0000] {logging_mixin.py:188} INFO - [2024-04-15T14:59:03.839+0000] {dag.py:3096} INFO - Sync 1 DAGs
[2024-04-15T14:59:03.858+0000] {logging_mixin.py:188} INFO - [2024-04-15T14:59:03.858+0000] {dag.py:3954} INFO - Setting next_dagrun for latest_only_with_trigger to 2024-04-15 08:00:00+00:00, run_after=2024-04-15 12:00:00+00:00
[2024-04-15T14:59:03.879+0000] {processor.py:183} INFO - Processing /home/airflow/.local/lib/python3.12/site-packages/airflow/example_dags/example_latest_only_with_trigger.py took 0.072 seconds
[2024-04-15T14:59:34.742+0000] {processor.py:161} INFO - Started process (PID=468) to work on /home/airflow/.local/lib/python3.12/site-packages/airflow/example_dags/example_latest_only_with_trigger.py
[2024-04-15T14:59:34.744+0000] {processor.py:830} INFO - Processing file /home/airflow/.local/lib/python3.12/site-packages/airflow/example_dags/example_latest_only_with_trigger.py for tasks to queue
[2024-04-15T14:59:34.746+0000] {logging_mixin.py:188} INFO - [2024-04-15T14:59:34.745+0000] {dagbag.py:540} INFO - Filling up the DagBag from /home/airflow/.local/lib/python3.12/site-packages/airflow/example_dags/example_latest_only_with_trigger.py
[2024-04-15T14:59:34.750+0000] {processor.py:840} INFO - DAG(s) 'latest_only_with_trigger' retrieved from /home/airflow/.local/lib/python3.12/site-packages/airflow/example_dags/example_latest_only_with_trigger.py
[2024-04-15T14:59:34.768+0000] {logging_mixin.py:188} INFO - [2024-04-15T14:59:34.767+0000] {dag.py:3096} INFO - Sync 1 DAGs
[2024-04-15T14:59:34.787+0000] {logging_mixin.py:188} INFO - [2024-04-15T14:59:34.786+0000] {dag.py:3954} INFO - Setting next_dagrun for latest_only_with_trigger to 2024-04-15 08:00:00+00:00, run_after=2024-04-15 12:00:00+00:00
[2024-04-15T14:59:34.805+0000] {processor.py:183} INFO - Processing /home/airflow/.local/lib/python3.12/site-packages/airflow/example_dags/example_latest_only_with_trigger.py took 0.066 seconds
[2024-04-15T15:00:04.954+0000] {processor.py:161} INFO - Started process (PID=528) to work on /home/airflow/.local/lib/python3.12/site-packages/airflow/example_dags/example_latest_only_with_trigger.py
[2024-04-15T15:00:04.956+0000] {processor.py:830} INFO - Processing file /home/airflow/.local/lib/python3.12/site-packages/airflow/example_dags/example_latest_only_with_trigger.py for tasks to queue
[2024-04-15T15:00:04.958+0000] {logging_mixin.py:188} INFO - [2024-04-15T15:00:04.958+0000] {dagbag.py:540} INFO - Filling up the DagBag from /home/airflow/.local/lib/python3.12/site-packages/airflow/example_dags/example_latest_only_with_trigger.py
[2024-04-15T15:00:04.965+0000] {processor.py:840} INFO - DAG(s) 'latest_only_with_trigger' retrieved from /home/airflow/.local/lib/python3.12/site-packages/airflow/example_dags/example_latest_only_with_trigger.py
[2024-04-15T15:00:04.997+0000] {logging_mixin.py:188} INFO - [2024-04-15T15:00:04.997+0000] {dag.py:3096} INFO - Sync 1 DAGs
[2024-04-15T15:00:05.030+0000] {logging_mixin.py:188} INFO - [2024-04-15T15:00:05.030+0000] {dag.py:3954} INFO - Setting next_dagrun for latest_only_with_trigger to 2024-04-15 08:00:00+00:00, run_after=2024-04-15 12:00:00+00:00
[2024-04-15T15:00:05.066+0000] {processor.py:183} INFO - Processing /home/airflow/.local/lib/python3.12/site-packages/airflow/example_dags/example_latest_only_with_trigger.py took 0.119 seconds
[2024-04-15T15:00:35.378+0000] {processor.py:161} INFO - Started process (PID=588) to work on /home/airflow/.local/lib/python3.12/site-packages/airflow/example_dags/example_latest_only_with_trigger.py
[2024-04-15T15:00:35.379+0000] {processor.py:830} INFO - Processing file /home/airflow/.local/lib/python3.12/site-packages/airflow/example_dags/example_latest_only_with_trigger.py for tasks to queue
[2024-04-15T15:00:35.381+0000] {logging_mixin.py:188} INFO - [2024-04-15T15:00:35.381+0000] {dagbag.py:540} INFO - Filling up the DagBag from /home/airflow/.local/lib/python3.12/site-packages/airflow/example_dags/example_latest_only_with_trigger.py
[2024-04-15T15:00:35.386+0000] {processor.py:840} INFO - DAG(s) 'latest_only_with_trigger' retrieved from /home/airflow/.local/lib/python3.12/site-packages/airflow/example_dags/example_latest_only_with_trigger.py
[2024-04-15T15:00:35.404+0000] {logging_mixin.py:188} INFO - [2024-04-15T15:00:35.404+0000] {dag.py:3096} INFO - Sync 1 DAGs
[2024-04-15T15:00:35.424+0000] {logging_mixin.py:188} INFO - [2024-04-15T15:00:35.423+0000] {dag.py:3954} INFO - Setting next_dagrun for latest_only_with_trigger to 2024-04-15 08:00:00+00:00, run_after=2024-04-15 12:00:00+00:00
[2024-04-15T15:00:35.441+0000] {processor.py:183} INFO - Processing /home/airflow/.local/lib/python3.12/site-packages/airflow/example_dags/example_latest_only_with_trigger.py took 0.068 seconds
[2024-04-15T15:01:05.827+0000] {processor.py:161} INFO - Started process (PID=648) to work on /home/airflow/.local/lib/python3.12/site-packages/airflow/example_dags/example_latest_only_with_trigger.py
[2024-04-15T15:01:05.829+0000] {processor.py:830} INFO - Processing file /home/airflow/.local/lib/python3.12/site-packages/airflow/example_dags/example_latest_only_with_trigger.py for tasks to queue
[2024-04-15T15:01:05.832+0000] {logging_mixin.py:188} INFO - [2024-04-15T15:01:05.831+0000] {dagbag.py:540} INFO - Filling up the DagBag from /home/airflow/.local/lib/python3.12/site-packages/airflow/example_dags/example_latest_only_with_trigger.py
[2024-04-15T15:01:05.837+0000] {processor.py:840} INFO - DAG(s) 'latest_only_with_trigger' retrieved from /home/airflow/.local/lib/python3.12/site-packages/airflow/example_dags/example_latest_only_with_trigger.py
[2024-04-15T15:01:05.865+0000] {logging_mixin.py:188} INFO - [2024-04-15T15:01:05.865+0000] {dag.py:3096} INFO - Sync 1 DAGs
[2024-04-15T15:01:05.905+0000] {logging_mixin.py:188} INFO - [2024-04-15T15:01:05.904+0000] {dag.py:3954} INFO - Setting next_dagrun for latest_only_with_trigger to 2024-04-15 08:00:00+00:00, run_after=2024-04-15 12:00:00+00:00
[2024-04-15T15:01:05.930+0000] {processor.py:183} INFO - Processing /home/airflow/.local/lib/python3.12/site-packages/airflow/example_dags/example_latest_only_with_trigger.py took 0.112 seconds
[2024-04-15T15:01:36.172+0000] {processor.py:161} INFO - Started process (PID=708) to work on /home/airflow/.local/lib/python3.12/site-packages/airflow/example_dags/example_latest_only_with_trigger.py
[2024-04-15T15:01:36.173+0000] {processor.py:830} INFO - Processing file /home/airflow/.local/lib/python3.12/site-packages/airflow/example_dags/example_latest_only_with_trigger.py for tasks to queue
[2024-04-15T15:01:36.176+0000] {logging_mixin.py:188} INFO - [2024-04-15T15:01:36.176+0000] {dagbag.py:540} INFO - Filling up the DagBag from /home/airflow/.local/lib/python3.12/site-packages/airflow/example_dags/example_latest_only_with_trigger.py
[2024-04-15T15:01:36.181+0000] {processor.py:840} INFO - DAG(s) 'latest_only_with_trigger' retrieved from /home/airflow/.local/lib/python3.12/site-packages/airflow/example_dags/example_latest_only_with_trigger.py
[2024-04-15T15:01:36.204+0000] {logging_mixin.py:188} INFO - [2024-04-15T15:01:36.204+0000] {dag.py:3096} INFO - Sync 1 DAGs
[2024-04-15T15:01:36.223+0000] {logging_mixin.py:188} INFO - [2024-04-15T15:01:36.223+0000] {dag.py:3954} INFO - Setting next_dagrun for latest_only_with_trigger to 2024-04-15 08:00:00+00:00, run_after=2024-04-15 12:00:00+00:00
[2024-04-15T15:01:36.239+0000] {processor.py:183} INFO - Processing /home/airflow/.local/lib/python3.12/site-packages/airflow/example_dags/example_latest_only_with_trigger.py took 0.073 seconds
[2024-04-15T15:02:06.396+0000] {processor.py:161} INFO - Started process (PID=768) to work on /home/airflow/.local/lib/python3.12/site-packages/airflow/example_dags/example_latest_only_with_trigger.py
[2024-04-15T15:02:06.397+0000] {processor.py:830} INFO - Processing file /home/airflow/.local/lib/python3.12/site-packages/airflow/example_dags/example_latest_only_with_trigger.py for tasks to queue
[2024-04-15T15:02:06.400+0000] {logging_mixin.py:188} INFO - [2024-04-15T15:02:06.400+0000] {dagbag.py:540} INFO - Filling up the DagBag from /home/airflow/.local/lib/python3.12/site-packages/airflow/example_dags/example_latest_only_with_trigger.py
[2024-04-15T15:02:06.407+0000] {processor.py:840} INFO - DAG(s) 'latest_only_with_trigger' retrieved from /home/airflow/.local/lib/python3.12/site-packages/airflow/example_dags/example_latest_only_with_trigger.py
[2024-04-15T15:02:06.432+0000] {logging_mixin.py:188} INFO - [2024-04-15T15:02:06.432+0000] {dag.py:3096} INFO - Sync 1 DAGs
[2024-04-15T15:02:06.457+0000] {logging_mixin.py:188} INFO - [2024-04-15T15:02:06.457+0000] {dag.py:3954} INFO - Setting next_dagrun for latest_only_with_trigger to 2024-04-15 08:00:00+00:00, run_after=2024-04-15 12:00:00+00:00
[2024-04-15T15:02:06.481+0000] {processor.py:183} INFO - Processing /home/airflow/.local/lib/python3.12/site-packages/airflow/example_dags/example_latest_only_with_trigger.py took 0.091 seconds
[2024-04-15T15:02:36.587+0000] {processor.py:161} INFO - Started process (PID=828) to work on /home/airflow/.local/lib/python3.12/site-packages/airflow/example_dags/example_latest_only_with_trigger.py
[2024-04-15T15:02:36.589+0000] {processor.py:830} INFO - Processing file /home/airflow/.local/lib/python3.12/site-packages/airflow/example_dags/example_latest_only_with_trigger.py for tasks to queue
[2024-04-15T15:02:36.591+0000] {logging_mixin.py:188} INFO - [2024-04-15T15:02:36.591+0000] {dagbag.py:540} INFO - Filling up the DagBag from /home/airflow/.local/lib/python3.12/site-packages/airflow/example_dags/example_latest_only_with_trigger.py
[2024-04-15T15:02:36.596+0000] {processor.py:840} INFO - DAG(s) 'latest_only_with_trigger' retrieved from /home/airflow/.local/lib/python3.12/site-packages/airflow/example_dags/example_latest_only_with_trigger.py
[2024-04-15T15:02:36.618+0000] {logging_mixin.py:188} INFO - [2024-04-15T15:02:36.617+0000] {dag.py:3096} INFO - Sync 1 DAGs
[2024-04-15T15:02:36.640+0000] {logging_mixin.py:188} INFO - [2024-04-15T15:02:36.640+0000] {dag.py:3954} INFO - Setting next_dagrun for latest_only_with_trigger to 2024-04-15 08:00:00+00:00, run_after=2024-04-15 12:00:00+00:00
[2024-04-15T15:02:36.659+0000] {processor.py:183} INFO - Processing /home/airflow/.local/lib/python3.12/site-packages/airflow/example_dags/example_latest_only_with_trigger.py took 0.077 seconds
[2024-04-15T15:03:07.048+0000] {processor.py:161} INFO - Started process (PID=888) to work on /home/airflow/.local/lib/python3.12/site-packages/airflow/example_dags/example_latest_only_with_trigger.py
[2024-04-15T15:03:07.050+0000] {processor.py:830} INFO - Processing file /home/airflow/.local/lib/python3.12/site-packages/airflow/example_dags/example_latest_only_with_trigger.py for tasks to queue
[2024-04-15T15:03:07.052+0000] {logging_mixin.py:188} INFO - [2024-04-15T15:03:07.052+0000] {dagbag.py:540} INFO - Filling up the DagBag from /home/airflow/.local/lib/python3.12/site-packages/airflow/example_dags/example_latest_only_with_trigger.py
[2024-04-15T15:03:07.058+0000] {processor.py:840} INFO - DAG(s) 'latest_only_with_trigger' retrieved from /home/airflow/.local/lib/python3.12/site-packages/airflow/example_dags/example_latest_only_with_trigger.py
[2024-04-15T15:03:07.078+0000] {logging_mixin.py:188} INFO - [2024-04-15T15:03:07.078+0000] {dag.py:3096} INFO - Sync 1 DAGs
[2024-04-15T15:03:07.104+0000] {logging_mixin.py:188} INFO - [2024-04-15T15:03:07.104+0000] {dag.py:3954} INFO - Setting next_dagrun for latest_only_with_trigger to 2024-04-15 08:00:00+00:00, run_after=2024-04-15 12:00:00+00:00
[2024-04-15T15:03:07.131+0000] {processor.py:183} INFO - Processing /home/airflow/.local/lib/python3.12/site-packages/airflow/example_dags/example_latest_only_with_trigger.py took 0.087 seconds
[2024-04-15T15:03:37.366+0000] {processor.py:161} INFO - Started process (PID=948) to work on /home/airflow/.local/lib/python3.12/site-packages/airflow/example_dags/example_latest_only_with_trigger.py
[2024-04-15T15:03:37.367+0000] {processor.py:830} INFO - Processing file /home/airflow/.local/lib/python3.12/site-packages/airflow/example_dags/example_latest_only_with_trigger.py for tasks to queue
[2024-04-15T15:03:37.369+0000] {logging_mixin.py:188} INFO - [2024-04-15T15:03:37.369+0000] {dagbag.py:540} INFO - Filling up the DagBag from /home/airflow/.local/lib/python3.12/site-packages/airflow/example_dags/example_latest_only_with_trigger.py
[2024-04-15T15:03:37.374+0000] {processor.py:840} INFO - DAG(s) 'latest_only_with_trigger' retrieved from /home/airflow/.local/lib/python3.12/site-packages/airflow/example_dags/example_latest_only_with_trigger.py
[2024-04-15T15:03:37.393+0000] {logging_mixin.py:188} INFO - [2024-04-15T15:03:37.392+0000] {dag.py:3096} INFO - Sync 1 DAGs
[2024-04-15T15:03:37.412+0000] {logging_mixin.py:188} INFO - [2024-04-15T15:03:37.411+0000] {dag.py:3954} INFO - Setting next_dagrun for latest_only_with_trigger to 2024-04-15 08:00:00+00:00, run_after=2024-04-15 12:00:00+00:00
[2024-04-15T15:03:37.429+0000] {processor.py:183} INFO - Processing /home/airflow/.local/lib/python3.12/site-packages/airflow/example_dags/example_latest_only_with_trigger.py took 0.068 seconds
[2024-04-15T15:04:07.844+0000] {processor.py:161} INFO - Started process (PID=1008) to work on /home/airflow/.local/lib/python3.12/site-packages/airflow/example_dags/example_latest_only_with_trigger.py
[2024-04-15T15:04:07.845+0000] {processor.py:830} INFO - Processing file /home/airflow/.local/lib/python3.12/site-packages/airflow/example_dags/example_latest_only_with_trigger.py for tasks to queue
[2024-04-15T15:04:07.847+0000] {logging_mixin.py:188} INFO - [2024-04-15T15:04:07.847+0000] {dagbag.py:540} INFO - Filling up the DagBag from /home/airflow/.local/lib/python3.12/site-packages/airflow/example_dags/example_latest_only_with_trigger.py
[2024-04-15T15:04:07.857+0000] {processor.py:840} INFO - DAG(s) 'latest_only_with_trigger' retrieved from /home/airflow/.local/lib/python3.12/site-packages/airflow/example_dags/example_latest_only_with_trigger.py
[2024-04-15T15:04:07.880+0000] {logging_mixin.py:188} INFO - [2024-04-15T15:04:07.879+0000] {dag.py:3096} INFO - Sync 1 DAGs
[2024-04-15T15:04:07.909+0000] {logging_mixin.py:188} INFO - [2024-04-15T15:04:07.908+0000] {dag.py:3954} INFO - Setting next_dagrun for latest_only_with_trigger to 2024-04-15 08:00:00+00:00, run_after=2024-04-15 12:00:00+00:00
[2024-04-15T15:04:07.939+0000] {processor.py:183} INFO - Processing /home/airflow/.local/lib/python3.12/site-packages/airflow/example_dags/example_latest_only_with_trigger.py took 0.100 seconds
[2024-04-15T15:04:38.375+0000] {processor.py:161} INFO - Started process (PID=1068) to work on /home/airflow/.local/lib/python3.12/site-packages/airflow/example_dags/example_latest_only_with_trigger.py
[2024-04-15T15:04:38.376+0000] {processor.py:830} INFO - Processing file /home/airflow/.local/lib/python3.12/site-packages/airflow/example_dags/example_latest_only_with_trigger.py for tasks to queue
[2024-04-15T15:04:38.378+0000] {logging_mixin.py:188} INFO - [2024-04-15T15:04:38.378+0000] {dagbag.py:540} INFO - Filling up the DagBag from /home/airflow/.local/lib/python3.12/site-packages/airflow/example_dags/example_latest_only_with_trigger.py
[2024-04-15T15:04:38.382+0000] {processor.py:840} INFO - DAG(s) 'latest_only_with_trigger' retrieved from /home/airflow/.local/lib/python3.12/site-packages/airflow/example_dags/example_latest_only_with_trigger.py
[2024-04-15T15:04:38.401+0000] {logging_mixin.py:188} INFO - [2024-04-15T15:04:38.400+0000] {dag.py:3096} INFO - Sync 1 DAGs
[2024-04-15T15:04:38.419+0000] {logging_mixin.py:188} INFO - [2024-04-15T15:04:38.419+0000] {dag.py:3954} INFO - Setting next_dagrun for latest_only_with_trigger to 2024-04-15 08:00:00+00:00, run_after=2024-04-15 12:00:00+00:00
[2024-04-15T15:04:38.556+0000] {processor.py:183} INFO - Processing /home/airflow/.local/lib/python3.12/site-packages/airflow/example_dags/example_latest_only_with_trigger.py took 0.186 seconds
[2024-04-15T15:05:08.907+0000] {processor.py:161} INFO - Started process (PID=1130) to work on /home/airflow/.local/lib/python3.12/site-packages/airflow/example_dags/example_latest_only_with_trigger.py
[2024-04-15T15:05:08.908+0000] {processor.py:830} INFO - Processing file /home/airflow/.local/lib/python3.12/site-packages/airflow/example_dags/example_latest_only_with_trigger.py for tasks to queue
[2024-04-15T15:05:08.910+0000] {logging_mixin.py:188} INFO - [2024-04-15T15:05:08.910+0000] {dagbag.py:540} INFO - Filling up the DagBag from /home/airflow/.local/lib/python3.12/site-packages/airflow/example_dags/example_latest_only_with_trigger.py
[2024-04-15T15:05:08.915+0000] {processor.py:840} INFO - DAG(s) 'latest_only_with_trigger' retrieved from /home/airflow/.local/lib/python3.12/site-packages/airflow/example_dags/example_latest_only_with_trigger.py
[2024-04-15T15:05:08.935+0000] {logging_mixin.py:188} INFO - [2024-04-15T15:05:08.935+0000] {dag.py:3096} INFO - Sync 1 DAGs
[2024-04-15T15:05:08.957+0000] {logging_mixin.py:188} INFO - [2024-04-15T15:05:08.957+0000] {dag.py:3954} INFO - Setting next_dagrun for latest_only_with_trigger to 2024-04-15 08:00:00+00:00, run_after=2024-04-15 12:00:00+00:00
[2024-04-15T15:05:08.978+0000] {processor.py:183} INFO - Processing /home/airflow/.local/lib/python3.12/site-packages/airflow/example_dags/example_latest_only_with_trigger.py took 0.076 seconds
[2024-04-15T15:05:39.589+0000] {processor.py:161} INFO - Started process (PID=1196) to work on /home/airflow/.local/lib/python3.12/site-packages/airflow/example_dags/example_latest_only_with_trigger.py
[2024-04-15T15:05:39.590+0000] {processor.py:830} INFO - Processing file /home/airflow/.local/lib/python3.12/site-packages/airflow/example_dags/example_latest_only_with_trigger.py for tasks to queue
[2024-04-15T15:05:39.592+0000] {logging_mixin.py:188} INFO - [2024-04-15T15:05:39.592+0000] {dagbag.py:540} INFO - Filling up the DagBag from /home/airflow/.local/lib/python3.12/site-packages/airflow/example_dags/example_latest_only_with_trigger.py
[2024-04-15T15:05:39.599+0000] {processor.py:840} INFO - DAG(s) 'latest_only_with_trigger' retrieved from /home/airflow/.local/lib/python3.12/site-packages/airflow/example_dags/example_latest_only_with_trigger.py
[2024-04-15T15:05:39.621+0000] {logging_mixin.py:188} INFO - [2024-04-15T15:05:39.621+0000] {dag.py:3096} INFO - Sync 1 DAGs
[2024-04-15T15:05:39.647+0000] {logging_mixin.py:188} INFO - [2024-04-15T15:05:39.647+0000] {dag.py:3954} INFO - Setting next_dagrun for latest_only_with_trigger to 2024-04-15 08:00:00+00:00, run_after=2024-04-15 12:00:00+00:00
[2024-04-15T15:05:39.669+0000] {processor.py:183} INFO - Processing /home/airflow/.local/lib/python3.12/site-packages/airflow/example_dags/example_latest_only_with_trigger.py took 0.087 seconds
