[2024-04-15T14:44:49.617+0000] {processor.py:161} INFO - Started process (PID=66) to work on /home/airflow/.local/lib/python3.12/site-packages/airflow/example_dags/example_xcomargs.py
[2024-04-15T14:44:49.628+0000] {processor.py:830} INFO - Processing file /home/airflow/.local/lib/python3.12/site-packages/airflow/example_dags/example_xcomargs.py for tasks to queue
[2024-04-15T14:44:49.639+0000] {logging_mixin.py:188} INFO - [2024-04-15T14:44:49.636+0000] {dagbag.py:540} INFO - Filling up the DagBag from /home/airflow/.local/lib/python3.12/site-packages/airflow/example_dags/example_xcomargs.py
[2024-04-15T14:44:49.700+0000] {processor.py:840} INFO - DAG(s) 'example_xcom_args', 'example_xcom_args_with_operators' retrieved from /home/airflow/.local/lib/python3.12/site-packages/airflow/example_dags/example_xcomargs.py
[2024-04-15T14:44:50.371+0000] {logging_mixin.py:188} INFO - [2024-04-15T14:44:50.367+0000] {dag.py:3096} INFO - Sync 2 DAGs
[2024-04-15T14:44:50.415+0000] {logging_mixin.py:188} INFO - [2024-04-15T14:44:50.413+0000] {dag.py:3954} INFO - Setting next_dagrun for example_xcom_args to None, run_after=None
[2024-04-15T14:44:50.433+0000] {logging_mixin.py:188} INFO - [2024-04-15T14:44:50.432+0000] {dag.py:3954} INFO - Setting next_dagrun for example_xcom_args_with_operators to None, run_after=None
[2024-04-15T14:44:50.517+0000] {processor.py:183} INFO - Processing /home/airflow/.local/lib/python3.12/site-packages/airflow/example_dags/example_xcomargs.py took 0.934 seconds
[2024-04-15T14:45:21.007+0000] {processor.py:161} INFO - Started process (PID=124) to work on /home/airflow/.local/lib/python3.12/site-packages/airflow/example_dags/example_xcomargs.py
[2024-04-15T14:45:21.009+0000] {processor.py:830} INFO - Processing file /home/airflow/.local/lib/python3.12/site-packages/airflow/example_dags/example_xcomargs.py for tasks to queue
[2024-04-15T14:45:21.012+0000] {logging_mixin.py:188} INFO - [2024-04-15T14:45:21.011+0000] {dagbag.py:540} INFO - Filling up the DagBag from /home/airflow/.local/lib/python3.12/site-packages/airflow/example_dags/example_xcomargs.py
[2024-04-15T14:45:21.026+0000] {processor.py:840} INFO - DAG(s) 'example_xcom_args', 'example_xcom_args_with_operators' retrieved from /home/airflow/.local/lib/python3.12/site-packages/airflow/example_dags/example_xcomargs.py
[2024-04-15T14:45:21.093+0000] {logging_mixin.py:188} INFO - [2024-04-15T14:45:21.092+0000] {dag.py:3096} INFO - Sync 2 DAGs
[2024-04-15T14:45:21.135+0000] {logging_mixin.py:188} INFO - [2024-04-15T14:45:21.134+0000] {dag.py:3954} INFO - Setting next_dagrun for example_xcom_args to None, run_after=None
[2024-04-15T14:45:21.143+0000] {logging_mixin.py:188} INFO - [2024-04-15T14:45:21.143+0000] {dag.py:3954} INFO - Setting next_dagrun for example_xcom_args_with_operators to None, run_after=None
[2024-04-15T14:45:21.266+0000] {processor.py:183} INFO - Processing /home/airflow/.local/lib/python3.12/site-packages/airflow/example_dags/example_xcomargs.py took 0.277 seconds
[2024-04-15T14:45:52.244+0000] {processor.py:161} INFO - Started process (PID=183) to work on /home/airflow/.local/lib/python3.12/site-packages/airflow/example_dags/example_xcomargs.py
[2024-04-15T14:45:52.245+0000] {processor.py:830} INFO - Processing file /home/airflow/.local/lib/python3.12/site-packages/airflow/example_dags/example_xcomargs.py for tasks to queue
[2024-04-15T14:45:52.248+0000] {logging_mixin.py:188} INFO - [2024-04-15T14:45:52.247+0000] {dagbag.py:540} INFO - Filling up the DagBag from /home/airflow/.local/lib/python3.12/site-packages/airflow/example_dags/example_xcomargs.py
[2024-04-15T14:45:52.257+0000] {processor.py:840} INFO - DAG(s) 'example_xcom_args', 'example_xcom_args_with_operators' retrieved from /home/airflow/.local/lib/python3.12/site-packages/airflow/example_dags/example_xcomargs.py
[2024-04-15T14:45:52.286+0000] {logging_mixin.py:188} INFO - [2024-04-15T14:45:52.286+0000] {dag.py:3096} INFO - Sync 2 DAGs
[2024-04-15T14:45:52.300+0000] {logging_mixin.py:188} INFO - [2024-04-15T14:45:52.300+0000] {dag.py:3954} INFO - Setting next_dagrun for example_xcom_args to None, run_after=None
[2024-04-15T14:45:52.305+0000] {logging_mixin.py:188} INFO - [2024-04-15T14:45:52.305+0000] {dag.py:3954} INFO - Setting next_dagrun for example_xcom_args_with_operators to None, run_after=None
[2024-04-15T14:45:52.329+0000] {processor.py:183} INFO - Processing /home/airflow/.local/lib/python3.12/site-packages/airflow/example_dags/example_xcomargs.py took 0.091 seconds
[2024-04-15T14:46:22.558+0000] {processor.py:161} INFO - Started process (PID=241) to work on /home/airflow/.local/lib/python3.12/site-packages/airflow/example_dags/example_xcomargs.py
[2024-04-15T14:46:22.559+0000] {processor.py:830} INFO - Processing file /home/airflow/.local/lib/python3.12/site-packages/airflow/example_dags/example_xcomargs.py for tasks to queue
[2024-04-15T14:46:22.561+0000] {logging_mixin.py:188} INFO - [2024-04-15T14:46:22.561+0000] {dagbag.py:540} INFO - Filling up the DagBag from /home/airflow/.local/lib/python3.12/site-packages/airflow/example_dags/example_xcomargs.py
[2024-04-15T14:46:22.569+0000] {processor.py:840} INFO - DAG(s) 'example_xcom_args_with_operators', 'example_xcom_args' retrieved from /home/airflow/.local/lib/python3.12/site-packages/airflow/example_dags/example_xcomargs.py
[2024-04-15T14:46:22.590+0000] {logging_mixin.py:188} INFO - [2024-04-15T14:46:22.590+0000] {dag.py:3096} INFO - Sync 2 DAGs
[2024-04-15T14:46:22.605+0000] {logging_mixin.py:188} INFO - [2024-04-15T14:46:22.604+0000] {dag.py:3954} INFO - Setting next_dagrun for example_xcom_args to None, run_after=None
[2024-04-15T14:46:22.609+0000] {logging_mixin.py:188} INFO - [2024-04-15T14:46:22.609+0000] {dag.py:3954} INFO - Setting next_dagrun for example_xcom_args_with_operators to None, run_after=None
[2024-04-15T14:46:22.626+0000] {processor.py:183} INFO - Processing /home/airflow/.local/lib/python3.12/site-packages/airflow/example_dags/example_xcomargs.py took 0.074 seconds
[2024-04-15T14:46:52.739+0000] {processor.py:161} INFO - Started process (PID=299) to work on /home/airflow/.local/lib/python3.12/site-packages/airflow/example_dags/example_xcomargs.py
[2024-04-15T14:46:52.740+0000] {processor.py:830} INFO - Processing file /home/airflow/.local/lib/python3.12/site-packages/airflow/example_dags/example_xcomargs.py for tasks to queue
[2024-04-15T14:46:52.742+0000] {logging_mixin.py:188} INFO - [2024-04-15T14:46:52.741+0000] {dagbag.py:540} INFO - Filling up the DagBag from /home/airflow/.local/lib/python3.12/site-packages/airflow/example_dags/example_xcomargs.py
[2024-04-15T14:46:52.749+0000] {processor.py:840} INFO - DAG(s) 'example_xcom_args_with_operators', 'example_xcom_args' retrieved from /home/airflow/.local/lib/python3.12/site-packages/airflow/example_dags/example_xcomargs.py
[2024-04-15T14:46:52.768+0000] {logging_mixin.py:188} INFO - [2024-04-15T14:46:52.768+0000] {dag.py:3096} INFO - Sync 2 DAGs
[2024-04-15T14:46:52.779+0000] {logging_mixin.py:188} INFO - [2024-04-15T14:46:52.779+0000] {dag.py:3954} INFO - Setting next_dagrun for example_xcom_args to None, run_after=None
[2024-04-15T14:46:52.783+0000] {logging_mixin.py:188} INFO - [2024-04-15T14:46:52.783+0000] {dag.py:3954} INFO - Setting next_dagrun for example_xcom_args_with_operators to None, run_after=None
[2024-04-15T14:46:52.799+0000] {processor.py:183} INFO - Processing /home/airflow/.local/lib/python3.12/site-packages/airflow/example_dags/example_xcomargs.py took 0.065 seconds
[2024-04-15T14:47:23.225+0000] {processor.py:161} INFO - Started process (PID=357) to work on /home/airflow/.local/lib/python3.12/site-packages/airflow/example_dags/example_xcomargs.py
[2024-04-15T14:47:23.227+0000] {processor.py:830} INFO - Processing file /home/airflow/.local/lib/python3.12/site-packages/airflow/example_dags/example_xcomargs.py for tasks to queue
[2024-04-15T14:47:23.229+0000] {logging_mixin.py:188} INFO - [2024-04-15T14:47:23.229+0000] {dagbag.py:540} INFO - Filling up the DagBag from /home/airflow/.local/lib/python3.12/site-packages/airflow/example_dags/example_xcomargs.py
[2024-04-15T14:47:23.236+0000] {processor.py:840} INFO - DAG(s) 'example_xcom_args', 'example_xcom_args_with_operators' retrieved from /home/airflow/.local/lib/python3.12/site-packages/airflow/example_dags/example_xcomargs.py
[2024-04-15T14:47:23.256+0000] {logging_mixin.py:188} INFO - [2024-04-15T14:47:23.256+0000] {dag.py:3096} INFO - Sync 2 DAGs
[2024-04-15T14:47:23.270+0000] {logging_mixin.py:188} INFO - [2024-04-15T14:47:23.270+0000] {dag.py:3954} INFO - Setting next_dagrun for example_xcom_args to None, run_after=None
[2024-04-15T14:47:23.274+0000] {logging_mixin.py:188} INFO - [2024-04-15T14:47:23.274+0000] {dag.py:3954} INFO - Setting next_dagrun for example_xcom_args_with_operators to None, run_after=None
[2024-04-15T14:47:23.291+0000] {processor.py:183} INFO - Processing /home/airflow/.local/lib/python3.12/site-packages/airflow/example_dags/example_xcomargs.py took 0.071 seconds
[2024-04-15T14:47:53.436+0000] {processor.py:161} INFO - Started process (PID=415) to work on /home/airflow/.local/lib/python3.12/site-packages/airflow/example_dags/example_xcomargs.py
[2024-04-15T14:47:53.437+0000] {processor.py:830} INFO - Processing file /home/airflow/.local/lib/python3.12/site-packages/airflow/example_dags/example_xcomargs.py for tasks to queue
[2024-04-15T14:47:53.438+0000] {logging_mixin.py:188} INFO - [2024-04-15T14:47:53.438+0000] {dagbag.py:540} INFO - Filling up the DagBag from /home/airflow/.local/lib/python3.12/site-packages/airflow/example_dags/example_xcomargs.py
[2024-04-15T14:47:53.445+0000] {processor.py:840} INFO - DAG(s) 'example_xcom_args', 'example_xcom_args_with_operators' retrieved from /home/airflow/.local/lib/python3.12/site-packages/airflow/example_dags/example_xcomargs.py
[2024-04-15T14:47:53.463+0000] {logging_mixin.py:188} INFO - [2024-04-15T14:47:53.463+0000] {dag.py:3096} INFO - Sync 2 DAGs
[2024-04-15T14:47:53.483+0000] {logging_mixin.py:188} INFO - [2024-04-15T14:47:53.483+0000] {dag.py:3954} INFO - Setting next_dagrun for example_xcom_args to None, run_after=None
[2024-04-15T14:47:53.487+0000] {logging_mixin.py:188} INFO - [2024-04-15T14:47:53.487+0000] {dag.py:3954} INFO - Setting next_dagrun for example_xcom_args_with_operators to None, run_after=None
[2024-04-15T14:47:53.501+0000] {processor.py:183} INFO - Processing /home/airflow/.local/lib/python3.12/site-packages/airflow/example_dags/example_xcomargs.py took 0.070 seconds
[2024-04-15T14:48:23.701+0000] {processor.py:161} INFO - Started process (PID=473) to work on /home/airflow/.local/lib/python3.12/site-packages/airflow/example_dags/example_xcomargs.py
[2024-04-15T14:48:23.702+0000] {processor.py:830} INFO - Processing file /home/airflow/.local/lib/python3.12/site-packages/airflow/example_dags/example_xcomargs.py for tasks to queue
[2024-04-15T14:48:23.704+0000] {logging_mixin.py:188} INFO - [2024-04-15T14:48:23.704+0000] {dagbag.py:540} INFO - Filling up the DagBag from /home/airflow/.local/lib/python3.12/site-packages/airflow/example_dags/example_xcomargs.py
[2024-04-15T14:48:23.711+0000] {processor.py:840} INFO - DAG(s) 'example_xcom_args', 'example_xcom_args_with_operators' retrieved from /home/airflow/.local/lib/python3.12/site-packages/airflow/example_dags/example_xcomargs.py
[2024-04-15T14:48:23.730+0000] {logging_mixin.py:188} INFO - [2024-04-15T14:48:23.730+0000] {dag.py:3096} INFO - Sync 2 DAGs
[2024-04-15T14:48:23.741+0000] {logging_mixin.py:188} INFO - [2024-04-15T14:48:23.740+0000] {dag.py:3954} INFO - Setting next_dagrun for example_xcom_args to None, run_after=None
[2024-04-15T14:48:23.744+0000] {logging_mixin.py:188} INFO - [2024-04-15T14:48:23.744+0000] {dag.py:3954} INFO - Setting next_dagrun for example_xcom_args_with_operators to None, run_after=None
[2024-04-15T14:48:23.759+0000] {processor.py:183} INFO - Processing /home/airflow/.local/lib/python3.12/site-packages/airflow/example_dags/example_xcomargs.py took 0.063 seconds
[2024-04-15T14:48:54.354+0000] {processor.py:161} INFO - Started process (PID=531) to work on /home/airflow/.local/lib/python3.12/site-packages/airflow/example_dags/example_xcomargs.py
[2024-04-15T14:48:54.355+0000] {processor.py:830} INFO - Processing file /home/airflow/.local/lib/python3.12/site-packages/airflow/example_dags/example_xcomargs.py for tasks to queue
[2024-04-15T14:48:54.357+0000] {logging_mixin.py:188} INFO - [2024-04-15T14:48:54.357+0000] {dagbag.py:540} INFO - Filling up the DagBag from /home/airflow/.local/lib/python3.12/site-packages/airflow/example_dags/example_xcomargs.py
[2024-04-15T14:48:54.366+0000] {processor.py:840} INFO - DAG(s) 'example_xcom_args_with_operators', 'example_xcom_args' retrieved from /home/airflow/.local/lib/python3.12/site-packages/airflow/example_dags/example_xcomargs.py
[2024-04-15T14:48:54.389+0000] {logging_mixin.py:188} INFO - [2024-04-15T14:48:54.389+0000] {dag.py:3096} INFO - Sync 2 DAGs
[2024-04-15T14:48:54.403+0000] {logging_mixin.py:188} INFO - [2024-04-15T14:48:54.403+0000] {dag.py:3954} INFO - Setting next_dagrun for example_xcom_args to None, run_after=None
[2024-04-15T14:48:54.408+0000] {logging_mixin.py:188} INFO - [2024-04-15T14:48:54.407+0000] {dag.py:3954} INFO - Setting next_dagrun for example_xcom_args_with_operators to None, run_after=None
[2024-04-15T14:48:54.427+0000] {processor.py:183} INFO - Processing /home/airflow/.local/lib/python3.12/site-packages/airflow/example_dags/example_xcomargs.py took 0.078 seconds
[2024-04-15T14:49:24.728+0000] {processor.py:161} INFO - Started process (PID=589) to work on /home/airflow/.local/lib/python3.12/site-packages/airflow/example_dags/example_xcomargs.py
[2024-04-15T14:49:24.730+0000] {processor.py:830} INFO - Processing file /home/airflow/.local/lib/python3.12/site-packages/airflow/example_dags/example_xcomargs.py for tasks to queue
[2024-04-15T14:49:24.732+0000] {logging_mixin.py:188} INFO - [2024-04-15T14:49:24.732+0000] {dagbag.py:540} INFO - Filling up the DagBag from /home/airflow/.local/lib/python3.12/site-packages/airflow/example_dags/example_xcomargs.py
[2024-04-15T14:49:24.744+0000] {processor.py:840} INFO - DAG(s) 'example_xcom_args', 'example_xcom_args_with_operators' retrieved from /home/airflow/.local/lib/python3.12/site-packages/airflow/example_dags/example_xcomargs.py
[2024-04-15T14:49:24.774+0000] {logging_mixin.py:188} INFO - [2024-04-15T14:49:24.773+0000] {dag.py:3096} INFO - Sync 2 DAGs
[2024-04-15T14:49:24.790+0000] {logging_mixin.py:188} INFO - [2024-04-15T14:49:24.790+0000] {dag.py:3954} INFO - Setting next_dagrun for example_xcom_args to None, run_after=None
[2024-04-15T14:49:24.796+0000] {logging_mixin.py:188} INFO - [2024-04-15T14:49:24.795+0000] {dag.py:3954} INFO - Setting next_dagrun for example_xcom_args_with_operators to None, run_after=None
[2024-04-15T14:49:24.817+0000] {processor.py:183} INFO - Processing /home/airflow/.local/lib/python3.12/site-packages/airflow/example_dags/example_xcomargs.py took 0.095 seconds
[2024-04-15T14:49:55.104+0000] {processor.py:161} INFO - Started process (PID=647) to work on /home/airflow/.local/lib/python3.12/site-packages/airflow/example_dags/example_xcomargs.py
[2024-04-15T14:49:55.105+0000] {processor.py:830} INFO - Processing file /home/airflow/.local/lib/python3.12/site-packages/airflow/example_dags/example_xcomargs.py for tasks to queue
[2024-04-15T14:49:55.108+0000] {logging_mixin.py:188} INFO - [2024-04-15T14:49:55.107+0000] {dagbag.py:540} INFO - Filling up the DagBag from /home/airflow/.local/lib/python3.12/site-packages/airflow/example_dags/example_xcomargs.py
[2024-04-15T14:49:55.123+0000] {processor.py:840} INFO - DAG(s) 'example_xcom_args_with_operators', 'example_xcom_args' retrieved from /home/airflow/.local/lib/python3.12/site-packages/airflow/example_dags/example_xcomargs.py
[2024-04-15T14:49:55.153+0000] {logging_mixin.py:188} INFO - [2024-04-15T14:49:55.153+0000] {dag.py:3096} INFO - Sync 2 DAGs
[2024-04-15T14:49:55.179+0000] {logging_mixin.py:188} INFO - [2024-04-15T14:49:55.179+0000] {dag.py:3954} INFO - Setting next_dagrun for example_xcom_args to None, run_after=None
[2024-04-15T14:49:55.186+0000] {logging_mixin.py:188} INFO - [2024-04-15T14:49:55.185+0000] {dag.py:3954} INFO - Setting next_dagrun for example_xcom_args_with_operators to None, run_after=None
[2024-04-15T14:49:55.213+0000] {processor.py:183} INFO - Processing /home/airflow/.local/lib/python3.12/site-packages/airflow/example_dags/example_xcomargs.py took 0.116 seconds
[2024-04-15T14:50:25.503+0000] {processor.py:161} INFO - Started process (PID=705) to work on /home/airflow/.local/lib/python3.12/site-packages/airflow/example_dags/example_xcomargs.py
[2024-04-15T14:50:25.506+0000] {processor.py:830} INFO - Processing file /home/airflow/.local/lib/python3.12/site-packages/airflow/example_dags/example_xcomargs.py for tasks to queue
[2024-04-15T14:50:25.510+0000] {logging_mixin.py:188} INFO - [2024-04-15T14:50:25.509+0000] {dagbag.py:540} INFO - Filling up the DagBag from /home/airflow/.local/lib/python3.12/site-packages/airflow/example_dags/example_xcomargs.py
[2024-04-15T14:50:25.529+0000] {processor.py:840} INFO - DAG(s) 'example_xcom_args_with_operators', 'example_xcom_args' retrieved from /home/airflow/.local/lib/python3.12/site-packages/airflow/example_dags/example_xcomargs.py
[2024-04-15T14:50:25.589+0000] {logging_mixin.py:188} INFO - [2024-04-15T14:50:25.588+0000] {dag.py:3096} INFO - Sync 2 DAGs
[2024-04-15T14:50:25.611+0000] {logging_mixin.py:188} INFO - [2024-04-15T14:50:25.611+0000] {dag.py:3954} INFO - Setting next_dagrun for example_xcom_args to None, run_after=None
[2024-04-15T14:50:25.617+0000] {logging_mixin.py:188} INFO - [2024-04-15T14:50:25.616+0000] {dag.py:3954} INFO - Setting next_dagrun for example_xcom_args_with_operators to None, run_after=None
[2024-04-15T14:50:25.645+0000] {processor.py:183} INFO - Processing /home/airflow/.local/lib/python3.12/site-packages/airflow/example_dags/example_xcomargs.py took 0.152 seconds
[2024-04-15T14:50:55.846+0000] {processor.py:161} INFO - Started process (PID=763) to work on /home/airflow/.local/lib/python3.12/site-packages/airflow/example_dags/example_xcomargs.py
[2024-04-15T14:50:55.848+0000] {processor.py:830} INFO - Processing file /home/airflow/.local/lib/python3.12/site-packages/airflow/example_dags/example_xcomargs.py for tasks to queue
[2024-04-15T14:50:55.851+0000] {logging_mixin.py:188} INFO - [2024-04-15T14:50:55.850+0000] {dagbag.py:540} INFO - Filling up the DagBag from /home/airflow/.local/lib/python3.12/site-packages/airflow/example_dags/example_xcomargs.py
[2024-04-15T14:50:55.859+0000] {processor.py:840} INFO - DAG(s) 'example_xcom_args_with_operators', 'example_xcom_args' retrieved from /home/airflow/.local/lib/python3.12/site-packages/airflow/example_dags/example_xcomargs.py
[2024-04-15T14:50:55.878+0000] {logging_mixin.py:188} INFO - [2024-04-15T14:50:55.878+0000] {dag.py:3096} INFO - Sync 2 DAGs
[2024-04-15T14:50:55.889+0000] {logging_mixin.py:188} INFO - [2024-04-15T14:50:55.889+0000] {dag.py:3954} INFO - Setting next_dagrun for example_xcom_args to None, run_after=None
[2024-04-15T14:50:55.893+0000] {logging_mixin.py:188} INFO - [2024-04-15T14:50:55.893+0000] {dag.py:3954} INFO - Setting next_dagrun for example_xcom_args_with_operators to None, run_after=None
[2024-04-15T14:50:55.913+0000] {processor.py:183} INFO - Processing /home/airflow/.local/lib/python3.12/site-packages/airflow/example_dags/example_xcomargs.py took 0.072 seconds
[2024-04-15T14:51:26.510+0000] {processor.py:161} INFO - Started process (PID=821) to work on /home/airflow/.local/lib/python3.12/site-packages/airflow/example_dags/example_xcomargs.py
[2024-04-15T14:51:26.511+0000] {processor.py:830} INFO - Processing file /home/airflow/.local/lib/python3.12/site-packages/airflow/example_dags/example_xcomargs.py for tasks to queue
[2024-04-15T14:51:26.513+0000] {logging_mixin.py:188} INFO - [2024-04-15T14:51:26.513+0000] {dagbag.py:540} INFO - Filling up the DagBag from /home/airflow/.local/lib/python3.12/site-packages/airflow/example_dags/example_xcomargs.py
[2024-04-15T14:51:26.521+0000] {processor.py:840} INFO - DAG(s) 'example_xcom_args', 'example_xcom_args_with_operators' retrieved from /home/airflow/.local/lib/python3.12/site-packages/airflow/example_dags/example_xcomargs.py
[2024-04-15T14:51:26.541+0000] {logging_mixin.py:188} INFO - [2024-04-15T14:51:26.541+0000] {dag.py:3096} INFO - Sync 2 DAGs
[2024-04-15T14:51:26.554+0000] {logging_mixin.py:188} INFO - [2024-04-15T14:51:26.554+0000] {dag.py:3954} INFO - Setting next_dagrun for example_xcom_args to None, run_after=None
[2024-04-15T14:51:26.558+0000] {logging_mixin.py:188} INFO - [2024-04-15T14:51:26.558+0000] {dag.py:3954} INFO - Setting next_dagrun for example_xcom_args_with_operators to None, run_after=None
[2024-04-15T14:51:26.575+0000] {processor.py:183} INFO - Processing /home/airflow/.local/lib/python3.12/site-packages/airflow/example_dags/example_xcomargs.py took 0.070 seconds
[2024-04-15T14:51:56.964+0000] {processor.py:161} INFO - Started process (PID=879) to work on /home/airflow/.local/lib/python3.12/site-packages/airflow/example_dags/example_xcomargs.py
[2024-04-15T14:51:56.966+0000] {processor.py:830} INFO - Processing file /home/airflow/.local/lib/python3.12/site-packages/airflow/example_dags/example_xcomargs.py for tasks to queue
[2024-04-15T14:51:56.968+0000] {logging_mixin.py:188} INFO - [2024-04-15T14:51:56.968+0000] {dagbag.py:540} INFO - Filling up the DagBag from /home/airflow/.local/lib/python3.12/site-packages/airflow/example_dags/example_xcomargs.py
[2024-04-15T14:51:56.977+0000] {processor.py:840} INFO - DAG(s) 'example_xcom_args_with_operators', 'example_xcom_args' retrieved from /home/airflow/.local/lib/python3.12/site-packages/airflow/example_dags/example_xcomargs.py
[2024-04-15T14:51:57.000+0000] {logging_mixin.py:188} INFO - [2024-04-15T14:51:57.000+0000] {dag.py:3096} INFO - Sync 2 DAGs
[2024-04-15T14:51:57.016+0000] {logging_mixin.py:188} INFO - [2024-04-15T14:51:57.016+0000] {dag.py:3954} INFO - Setting next_dagrun for example_xcom_args to None, run_after=None
[2024-04-15T14:51:57.022+0000] {logging_mixin.py:188} INFO - [2024-04-15T14:51:57.021+0000] {dag.py:3954} INFO - Setting next_dagrun for example_xcom_args_with_operators to None, run_after=None
[2024-04-15T14:51:57.042+0000] {processor.py:183} INFO - Processing /home/airflow/.local/lib/python3.12/site-packages/airflow/example_dags/example_xcomargs.py took 0.084 seconds
[2024-04-15T14:52:27.288+0000] {processor.py:161} INFO - Started process (PID=938) to work on /home/airflow/.local/lib/python3.12/site-packages/airflow/example_dags/example_xcomargs.py
[2024-04-15T14:52:27.295+0000] {processor.py:830} INFO - Processing file /home/airflow/.local/lib/python3.12/site-packages/airflow/example_dags/example_xcomargs.py for tasks to queue
[2024-04-15T14:52:27.298+0000] {logging_mixin.py:188} INFO - [2024-04-15T14:52:27.298+0000] {dagbag.py:540} INFO - Filling up the DagBag from /home/airflow/.local/lib/python3.12/site-packages/airflow/example_dags/example_xcomargs.py
[2024-04-15T14:52:27.310+0000] {processor.py:840} INFO - DAG(s) 'example_xcom_args_with_operators', 'example_xcom_args' retrieved from /home/airflow/.local/lib/python3.12/site-packages/airflow/example_dags/example_xcomargs.py
[2024-04-15T14:52:27.347+0000] {logging_mixin.py:188} INFO - [2024-04-15T14:52:27.346+0000] {dag.py:3096} INFO - Sync 2 DAGs
[2024-04-15T14:52:27.371+0000] {logging_mixin.py:188} INFO - [2024-04-15T14:52:27.371+0000] {dag.py:3954} INFO - Setting next_dagrun for example_xcom_args to None, run_after=None
[2024-04-15T14:52:27.378+0000] {logging_mixin.py:188} INFO - [2024-04-15T14:52:27.377+0000] {dag.py:3954} INFO - Setting next_dagrun for example_xcom_args_with_operators to None, run_after=None
[2024-04-15T14:52:27.590+0000] {processor.py:183} INFO - Processing /home/airflow/.local/lib/python3.12/site-packages/airflow/example_dags/example_xcomargs.py took 0.312 seconds
[2024-04-15T14:52:57.797+0000] {processor.py:161} INFO - Started process (PID=996) to work on /home/airflow/.local/lib/python3.12/site-packages/airflow/example_dags/example_xcomargs.py
[2024-04-15T14:52:57.800+0000] {processor.py:830} INFO - Processing file /home/airflow/.local/lib/python3.12/site-packages/airflow/example_dags/example_xcomargs.py for tasks to queue
[2024-04-15T14:52:57.802+0000] {logging_mixin.py:188} INFO - [2024-04-15T14:52:57.802+0000] {dagbag.py:540} INFO - Filling up the DagBag from /home/airflow/.local/lib/python3.12/site-packages/airflow/example_dags/example_xcomargs.py
[2024-04-15T14:52:57.813+0000] {processor.py:840} INFO - DAG(s) 'example_xcom_args', 'example_xcom_args_with_operators' retrieved from /home/airflow/.local/lib/python3.12/site-packages/airflow/example_dags/example_xcomargs.py
[2024-04-15T14:52:57.849+0000] {logging_mixin.py:188} INFO - [2024-04-15T14:52:57.848+0000] {dag.py:3096} INFO - Sync 2 DAGs
[2024-04-15T14:52:57.868+0000] {logging_mixin.py:188} INFO - [2024-04-15T14:52:57.868+0000] {dag.py:3954} INFO - Setting next_dagrun for example_xcom_args to None, run_after=None
[2024-04-15T14:52:57.874+0000] {logging_mixin.py:188} INFO - [2024-04-15T14:52:57.874+0000] {dag.py:3954} INFO - Setting next_dagrun for example_xcom_args_with_operators to None, run_after=None
[2024-04-15T14:52:57.899+0000] {processor.py:183} INFO - Processing /home/airflow/.local/lib/python3.12/site-packages/airflow/example_dags/example_xcomargs.py took 0.111 seconds
[2024-04-15T14:53:27.963+0000] {processor.py:161} INFO - Started process (PID=1054) to work on /home/airflow/.local/lib/python3.12/site-packages/airflow/example_dags/example_xcomargs.py
[2024-04-15T14:53:27.964+0000] {processor.py:830} INFO - Processing file /home/airflow/.local/lib/python3.12/site-packages/airflow/example_dags/example_xcomargs.py for tasks to queue
[2024-04-15T14:53:27.966+0000] {logging_mixin.py:188} INFO - [2024-04-15T14:53:27.966+0000] {dagbag.py:540} INFO - Filling up the DagBag from /home/airflow/.local/lib/python3.12/site-packages/airflow/example_dags/example_xcomargs.py
[2024-04-15T14:53:27.973+0000] {processor.py:840} INFO - DAG(s) 'example_xcom_args_with_operators', 'example_xcom_args' retrieved from /home/airflow/.local/lib/python3.12/site-packages/airflow/example_dags/example_xcomargs.py
[2024-04-15T14:53:27.996+0000] {logging_mixin.py:188} INFO - [2024-04-15T14:53:27.996+0000] {dag.py:3096} INFO - Sync 2 DAGs
[2024-04-15T14:53:28.008+0000] {logging_mixin.py:188} INFO - [2024-04-15T14:53:28.008+0000] {dag.py:3954} INFO - Setting next_dagrun for example_xcom_args to None, run_after=None
[2024-04-15T14:53:28.012+0000] {logging_mixin.py:188} INFO - [2024-04-15T14:53:28.012+0000] {dag.py:3954} INFO - Setting next_dagrun for example_xcom_args_with_operators to None, run_after=None
[2024-04-15T14:53:28.031+0000] {processor.py:183} INFO - Processing /home/airflow/.local/lib/python3.12/site-packages/airflow/example_dags/example_xcomargs.py took 0.073 seconds
[2024-04-15T14:53:58.398+0000] {processor.py:161} INFO - Started process (PID=1112) to work on /home/airflow/.local/lib/python3.12/site-packages/airflow/example_dags/example_xcomargs.py
[2024-04-15T14:53:58.399+0000] {processor.py:830} INFO - Processing file /home/airflow/.local/lib/python3.12/site-packages/airflow/example_dags/example_xcomargs.py for tasks to queue
[2024-04-15T14:53:58.401+0000] {logging_mixin.py:188} INFO - [2024-04-15T14:53:58.401+0000] {dagbag.py:540} INFO - Filling up the DagBag from /home/airflow/.local/lib/python3.12/site-packages/airflow/example_dags/example_xcomargs.py
[2024-04-15T14:53:58.409+0000] {processor.py:840} INFO - DAG(s) 'example_xcom_args_with_operators', 'example_xcom_args' retrieved from /home/airflow/.local/lib/python3.12/site-packages/airflow/example_dags/example_xcomargs.py
[2024-04-15T14:53:58.562+0000] {logging_mixin.py:188} INFO - [2024-04-15T14:53:58.561+0000] {dag.py:3096} INFO - Sync 2 DAGs
[2024-04-15T14:53:58.570+0000] {logging_mixin.py:188} INFO - [2024-04-15T14:53:58.570+0000] {dag.py:3954} INFO - Setting next_dagrun for example_xcom_args to None, run_after=None
[2024-04-15T14:53:58.574+0000] {logging_mixin.py:188} INFO - [2024-04-15T14:53:58.574+0000] {dag.py:3954} INFO - Setting next_dagrun for example_xcom_args_with_operators to None, run_after=None
[2024-04-15T14:53:58.587+0000] {processor.py:183} INFO - Processing /home/airflow/.local/lib/python3.12/site-packages/airflow/example_dags/example_xcomargs.py took 0.194 seconds
[2024-04-15T14:54:28.790+0000] {processor.py:161} INFO - Started process (PID=1170) to work on /home/airflow/.local/lib/python3.12/site-packages/airflow/example_dags/example_xcomargs.py
[2024-04-15T14:54:28.792+0000] {processor.py:830} INFO - Processing file /home/airflow/.local/lib/python3.12/site-packages/airflow/example_dags/example_xcomargs.py for tasks to queue
[2024-04-15T14:54:28.795+0000] {logging_mixin.py:188} INFO - [2024-04-15T14:54:28.795+0000] {dagbag.py:540} INFO - Filling up the DagBag from /home/airflow/.local/lib/python3.12/site-packages/airflow/example_dags/example_xcomargs.py
[2024-04-15T14:54:28.805+0000] {processor.py:840} INFO - DAG(s) 'example_xcom_args_with_operators', 'example_xcom_args' retrieved from /home/airflow/.local/lib/python3.12/site-packages/airflow/example_dags/example_xcomargs.py
[2024-04-15T14:54:28.838+0000] {logging_mixin.py:188} INFO - [2024-04-15T14:54:28.838+0000] {dag.py:3096} INFO - Sync 2 DAGs
[2024-04-15T14:54:28.868+0000] {logging_mixin.py:188} INFO - [2024-04-15T14:54:28.868+0000] {dag.py:3954} INFO - Setting next_dagrun for example_xcom_args to None, run_after=None
[2024-04-15T14:54:28.875+0000] {logging_mixin.py:188} INFO - [2024-04-15T14:54:28.875+0000] {dag.py:3954} INFO - Setting next_dagrun for example_xcom_args_with_operators to None, run_after=None
[2024-04-15T14:54:28.902+0000] {processor.py:183} INFO - Processing /home/airflow/.local/lib/python3.12/site-packages/airflow/example_dags/example_xcomargs.py took 0.119 seconds
[2024-04-15T14:56:02.512+0000] {processor.py:161} INFO - Started process (PID=55) to work on /home/airflow/.local/lib/python3.12/site-packages/airflow/example_dags/example_xcomargs.py
[2024-04-15T14:56:02.513+0000] {processor.py:830} INFO - Processing file /home/airflow/.local/lib/python3.12/site-packages/airflow/example_dags/example_xcomargs.py for tasks to queue
[2024-04-15T14:56:02.515+0000] {logging_mixin.py:188} INFO - [2024-04-15T14:56:02.515+0000] {dagbag.py:540} INFO - Filling up the DagBag from /home/airflow/.local/lib/python3.12/site-packages/airflow/example_dags/example_xcomargs.py
[2024-04-15T14:56:02.528+0000] {processor.py:840} INFO - DAG(s) 'example_xcom_args_with_operators', 'example_xcom_args' retrieved from /home/airflow/.local/lib/python3.12/site-packages/airflow/example_dags/example_xcomargs.py
[2024-04-15T14:56:02.719+0000] {logging_mixin.py:188} INFO - [2024-04-15T14:56:02.718+0000] {dag.py:3096} INFO - Sync 2 DAGs
[2024-04-15T14:56:02.736+0000] {logging_mixin.py:188} INFO - [2024-04-15T14:56:02.736+0000] {dag.py:3954} INFO - Setting next_dagrun for example_xcom_args to None, run_after=None
[2024-04-15T14:56:02.741+0000] {logging_mixin.py:188} INFO - [2024-04-15T14:56:02.741+0000] {dag.py:3954} INFO - Setting next_dagrun for example_xcom_args_with_operators to None, run_after=None
[2024-04-15T14:56:02.770+0000] {processor.py:183} INFO - Processing /home/airflow/.local/lib/python3.12/site-packages/airflow/example_dags/example_xcomargs.py took 0.264 seconds
[2024-04-15T14:56:33.005+0000] {processor.py:161} INFO - Started process (PID=115) to work on /home/airflow/.local/lib/python3.12/site-packages/airflow/example_dags/example_xcomargs.py
[2024-04-15T14:56:33.007+0000] {processor.py:830} INFO - Processing file /home/airflow/.local/lib/python3.12/site-packages/airflow/example_dags/example_xcomargs.py for tasks to queue
[2024-04-15T14:56:33.010+0000] {logging_mixin.py:188} INFO - [2024-04-15T14:56:33.009+0000] {dagbag.py:540} INFO - Filling up the DagBag from /home/airflow/.local/lib/python3.12/site-packages/airflow/example_dags/example_xcomargs.py
[2024-04-15T14:56:33.021+0000] {processor.py:840} INFO - DAG(s) 'example_xcom_args_with_operators', 'example_xcom_args' retrieved from /home/airflow/.local/lib/python3.12/site-packages/airflow/example_dags/example_xcomargs.py
[2024-04-15T14:56:33.049+0000] {logging_mixin.py:188} INFO - [2024-04-15T14:56:33.049+0000] {dag.py:3096} INFO - Sync 2 DAGs
[2024-04-15T14:56:33.062+0000] {logging_mixin.py:188} INFO - [2024-04-15T14:56:33.062+0000] {dag.py:3954} INFO - Setting next_dagrun for example_xcom_args to None, run_after=None
[2024-04-15T14:56:33.066+0000] {logging_mixin.py:188} INFO - [2024-04-15T14:56:33.066+0000] {dag.py:3954} INFO - Setting next_dagrun for example_xcom_args_with_operators to None, run_after=None
[2024-04-15T14:56:33.083+0000] {processor.py:183} INFO - Processing /home/airflow/.local/lib/python3.12/site-packages/airflow/example_dags/example_xcomargs.py took 0.086 seconds
[2024-04-15T14:57:04.282+0000] {processor.py:161} INFO - Started process (PID=175) to work on /home/airflow/.local/lib/python3.12/site-packages/airflow/example_dags/example_xcomargs.py
[2024-04-15T14:57:04.284+0000] {processor.py:830} INFO - Processing file /home/airflow/.local/lib/python3.12/site-packages/airflow/example_dags/example_xcomargs.py for tasks to queue
[2024-04-15T14:57:04.289+0000] {logging_mixin.py:188} INFO - [2024-04-15T14:57:04.288+0000] {dagbag.py:540} INFO - Filling up the DagBag from /home/airflow/.local/lib/python3.12/site-packages/airflow/example_dags/example_xcomargs.py
[2024-04-15T14:57:04.306+0000] {processor.py:840} INFO - DAG(s) 'example_xcom_args_with_operators', 'example_xcom_args' retrieved from /home/airflow/.local/lib/python3.12/site-packages/airflow/example_dags/example_xcomargs.py
[2024-04-15T14:57:04.346+0000] {logging_mixin.py:188} INFO - [2024-04-15T14:57:04.345+0000] {dag.py:3096} INFO - Sync 2 DAGs
[2024-04-15T14:57:04.362+0000] {logging_mixin.py:188} INFO - [2024-04-15T14:57:04.362+0000] {dag.py:3954} INFO - Setting next_dagrun for example_xcom_args to None, run_after=None
[2024-04-15T14:57:04.367+0000] {logging_mixin.py:188} INFO - [2024-04-15T14:57:04.366+0000] {dag.py:3954} INFO - Setting next_dagrun for example_xcom_args_with_operators to None, run_after=None
[2024-04-15T14:57:04.385+0000] {processor.py:183} INFO - Processing /home/airflow/.local/lib/python3.12/site-packages/airflow/example_dags/example_xcomargs.py took 0.110 seconds
[2024-04-15T14:57:34.644+0000] {processor.py:161} INFO - Started process (PID=235) to work on /home/airflow/.local/lib/python3.12/site-packages/airflow/example_dags/example_xcomargs.py
[2024-04-15T14:57:34.645+0000] {processor.py:830} INFO - Processing file /home/airflow/.local/lib/python3.12/site-packages/airflow/example_dags/example_xcomargs.py for tasks to queue
[2024-04-15T14:57:34.648+0000] {logging_mixin.py:188} INFO - [2024-04-15T14:57:34.648+0000] {dagbag.py:540} INFO - Filling up the DagBag from /home/airflow/.local/lib/python3.12/site-packages/airflow/example_dags/example_xcomargs.py
[2024-04-15T14:57:34.662+0000] {processor.py:840} INFO - DAG(s) 'example_xcom_args_with_operators', 'example_xcom_args' retrieved from /home/airflow/.local/lib/python3.12/site-packages/airflow/example_dags/example_xcomargs.py
[2024-04-15T14:57:34.694+0000] {logging_mixin.py:188} INFO - [2024-04-15T14:57:34.693+0000] {dag.py:3096} INFO - Sync 2 DAGs
[2024-04-15T14:57:34.710+0000] {logging_mixin.py:188} INFO - [2024-04-15T14:57:34.710+0000] {dag.py:3954} INFO - Setting next_dagrun for example_xcom_args to None, run_after=None
[2024-04-15T14:57:34.715+0000] {logging_mixin.py:188} INFO - [2024-04-15T14:57:34.715+0000] {dag.py:3954} INFO - Setting next_dagrun for example_xcom_args_with_operators to None, run_after=None
[2024-04-15T14:57:34.741+0000] {processor.py:183} INFO - Processing /home/airflow/.local/lib/python3.12/site-packages/airflow/example_dags/example_xcomargs.py took 0.103 seconds
[2024-04-15T14:58:04.782+0000] {processor.py:161} INFO - Started process (PID=293) to work on /home/airflow/.local/lib/python3.12/site-packages/airflow/example_dags/example_xcomargs.py
[2024-04-15T14:58:04.783+0000] {processor.py:830} INFO - Processing file /home/airflow/.local/lib/python3.12/site-packages/airflow/example_dags/example_xcomargs.py for tasks to queue
[2024-04-15T14:58:04.784+0000] {logging_mixin.py:188} INFO - [2024-04-15T14:58:04.784+0000] {dagbag.py:540} INFO - Filling up the DagBag from /home/airflow/.local/lib/python3.12/site-packages/airflow/example_dags/example_xcomargs.py
[2024-04-15T14:58:04.792+0000] {processor.py:840} INFO - DAG(s) 'example_xcom_args', 'example_xcom_args_with_operators' retrieved from /home/airflow/.local/lib/python3.12/site-packages/airflow/example_dags/example_xcomargs.py
[2024-04-15T14:58:04.810+0000] {logging_mixin.py:188} INFO - [2024-04-15T14:58:04.810+0000] {dag.py:3096} INFO - Sync 2 DAGs
[2024-04-15T14:58:04.822+0000] {logging_mixin.py:188} INFO - [2024-04-15T14:58:04.822+0000] {dag.py:3954} INFO - Setting next_dagrun for example_xcom_args to None, run_after=None
[2024-04-15T14:58:04.831+0000] {logging_mixin.py:188} INFO - [2024-04-15T14:58:04.831+0000] {dag.py:3954} INFO - Setting next_dagrun for example_xcom_args_with_operators to None, run_after=None
[2024-04-15T14:58:04.845+0000] {processor.py:183} INFO - Processing /home/airflow/.local/lib/python3.12/site-packages/airflow/example_dags/example_xcomargs.py took 0.067 seconds
[2024-04-15T14:58:34.933+0000] {processor.py:161} INFO - Started process (PID=355) to work on /home/airflow/.local/lib/python3.12/site-packages/airflow/example_dags/example_xcomargs.py
[2024-04-15T14:58:34.934+0000] {processor.py:830} INFO - Processing file /home/airflow/.local/lib/python3.12/site-packages/airflow/example_dags/example_xcomargs.py for tasks to queue
[2024-04-15T14:58:34.936+0000] {logging_mixin.py:188} INFO - [2024-04-15T14:58:34.936+0000] {dagbag.py:540} INFO - Filling up the DagBag from /home/airflow/.local/lib/python3.12/site-packages/airflow/example_dags/example_xcomargs.py
[2024-04-15T14:58:34.943+0000] {processor.py:840} INFO - DAG(s) 'example_xcom_args_with_operators', 'example_xcom_args' retrieved from /home/airflow/.local/lib/python3.12/site-packages/airflow/example_dags/example_xcomargs.py
[2024-04-15T14:58:34.964+0000] {logging_mixin.py:188} INFO - [2024-04-15T14:58:34.964+0000] {dag.py:3096} INFO - Sync 2 DAGs
[2024-04-15T14:58:34.976+0000] {logging_mixin.py:188} INFO - [2024-04-15T14:58:34.975+0000] {dag.py:3954} INFO - Setting next_dagrun for example_xcom_args to None, run_after=None
[2024-04-15T14:58:34.979+0000] {logging_mixin.py:188} INFO - [2024-04-15T14:58:34.979+0000] {dag.py:3954} INFO - Setting next_dagrun for example_xcom_args_with_operators to None, run_after=None
[2024-04-15T14:58:34.997+0000] {processor.py:183} INFO - Processing /home/airflow/.local/lib/python3.12/site-packages/airflow/example_dags/example_xcomargs.py took 0.070 seconds
[2024-04-15T14:59:05.202+0000] {processor.py:161} INFO - Started process (PID=415) to work on /home/airflow/.local/lib/python3.12/site-packages/airflow/example_dags/example_xcomargs.py
[2024-04-15T14:59:05.203+0000] {processor.py:830} INFO - Processing file /home/airflow/.local/lib/python3.12/site-packages/airflow/example_dags/example_xcomargs.py for tasks to queue
[2024-04-15T14:59:05.206+0000] {logging_mixin.py:188} INFO - [2024-04-15T14:59:05.206+0000] {dagbag.py:540} INFO - Filling up the DagBag from /home/airflow/.local/lib/python3.12/site-packages/airflow/example_dags/example_xcomargs.py
[2024-04-15T14:59:05.214+0000] {processor.py:840} INFO - DAG(s) 'example_xcom_args_with_operators', 'example_xcom_args' retrieved from /home/airflow/.local/lib/python3.12/site-packages/airflow/example_dags/example_xcomargs.py
[2024-04-15T14:59:05.234+0000] {logging_mixin.py:188} INFO - [2024-04-15T14:59:05.234+0000] {dag.py:3096} INFO - Sync 2 DAGs
[2024-04-15T14:59:05.245+0000] {logging_mixin.py:188} INFO - [2024-04-15T14:59:05.245+0000] {dag.py:3954} INFO - Setting next_dagrun for example_xcom_args to None, run_after=None
[2024-04-15T14:59:05.248+0000] {logging_mixin.py:188} INFO - [2024-04-15T14:59:05.248+0000] {dag.py:3954} INFO - Setting next_dagrun for example_xcom_args_with_operators to None, run_after=None
[2024-04-15T14:59:05.263+0000] {processor.py:183} INFO - Processing /home/airflow/.local/lib/python3.12/site-packages/airflow/example_dags/example_xcomargs.py took 0.066 seconds
[2024-04-15T14:59:36.120+0000] {processor.py:161} INFO - Started process (PID=475) to work on /home/airflow/.local/lib/python3.12/site-packages/airflow/example_dags/example_xcomargs.py
[2024-04-15T14:59:36.122+0000] {processor.py:830} INFO - Processing file /home/airflow/.local/lib/python3.12/site-packages/airflow/example_dags/example_xcomargs.py for tasks to queue
[2024-04-15T14:59:36.123+0000] {logging_mixin.py:188} INFO - [2024-04-15T14:59:36.123+0000] {dagbag.py:540} INFO - Filling up the DagBag from /home/airflow/.local/lib/python3.12/site-packages/airflow/example_dags/example_xcomargs.py
[2024-04-15T14:59:36.131+0000] {processor.py:840} INFO - DAG(s) 'example_xcom_args_with_operators', 'example_xcom_args' retrieved from /home/airflow/.local/lib/python3.12/site-packages/airflow/example_dags/example_xcomargs.py
[2024-04-15T14:59:36.149+0000] {logging_mixin.py:188} INFO - [2024-04-15T14:59:36.149+0000] {dag.py:3096} INFO - Sync 2 DAGs
[2024-04-15T14:59:36.162+0000] {logging_mixin.py:188} INFO - [2024-04-15T14:59:36.161+0000] {dag.py:3954} INFO - Setting next_dagrun for example_xcom_args to None, run_after=None
[2024-04-15T14:59:36.165+0000] {logging_mixin.py:188} INFO - [2024-04-15T14:59:36.165+0000] {dag.py:3954} INFO - Setting next_dagrun for example_xcom_args_with_operators to None, run_after=None
[2024-04-15T14:59:36.178+0000] {processor.py:183} INFO - Processing /home/airflow/.local/lib/python3.12/site-packages/airflow/example_dags/example_xcomargs.py took 0.062 seconds
[2024-04-15T15:00:06.444+0000] {processor.py:161} INFO - Started process (PID=535) to work on /home/airflow/.local/lib/python3.12/site-packages/airflow/example_dags/example_xcomargs.py
[2024-04-15T15:00:06.445+0000] {processor.py:830} INFO - Processing file /home/airflow/.local/lib/python3.12/site-packages/airflow/example_dags/example_xcomargs.py for tasks to queue
[2024-04-15T15:00:06.447+0000] {logging_mixin.py:188} INFO - [2024-04-15T15:00:06.447+0000] {dagbag.py:540} INFO - Filling up the DagBag from /home/airflow/.local/lib/python3.12/site-packages/airflow/example_dags/example_xcomargs.py
[2024-04-15T15:00:06.456+0000] {processor.py:840} INFO - DAG(s) 'example_xcom_args', 'example_xcom_args_with_operators' retrieved from /home/airflow/.local/lib/python3.12/site-packages/airflow/example_dags/example_xcomargs.py
[2024-04-15T15:00:06.478+0000] {logging_mixin.py:188} INFO - [2024-04-15T15:00:06.477+0000] {dag.py:3096} INFO - Sync 2 DAGs
[2024-04-15T15:00:06.489+0000] {logging_mixin.py:188} INFO - [2024-04-15T15:00:06.489+0000] {dag.py:3954} INFO - Setting next_dagrun for example_xcom_args to None, run_after=None
[2024-04-15T15:00:06.493+0000] {logging_mixin.py:188} INFO - [2024-04-15T15:00:06.493+0000] {dag.py:3954} INFO - Setting next_dagrun for example_xcom_args_with_operators to None, run_after=None
[2024-04-15T15:00:06.507+0000] {processor.py:183} INFO - Processing /home/airflow/.local/lib/python3.12/site-packages/airflow/example_dags/example_xcomargs.py took 0.069 seconds
[2024-04-15T15:00:36.931+0000] {processor.py:161} INFO - Started process (PID=595) to work on /home/airflow/.local/lib/python3.12/site-packages/airflow/example_dags/example_xcomargs.py
[2024-04-15T15:00:36.932+0000] {processor.py:830} INFO - Processing file /home/airflow/.local/lib/python3.12/site-packages/airflow/example_dags/example_xcomargs.py for tasks to queue
[2024-04-15T15:00:36.934+0000] {logging_mixin.py:188} INFO - [2024-04-15T15:00:36.933+0000] {dagbag.py:540} INFO - Filling up the DagBag from /home/airflow/.local/lib/python3.12/site-packages/airflow/example_dags/example_xcomargs.py
[2024-04-15T15:00:36.940+0000] {processor.py:840} INFO - DAG(s) 'example_xcom_args_with_operators', 'example_xcom_args' retrieved from /home/airflow/.local/lib/python3.12/site-packages/airflow/example_dags/example_xcomargs.py
[2024-04-15T15:00:36.962+0000] {logging_mixin.py:188} INFO - [2024-04-15T15:00:36.962+0000] {dag.py:3096} INFO - Sync 2 DAGs
[2024-04-15T15:00:36.975+0000] {logging_mixin.py:188} INFO - [2024-04-15T15:00:36.975+0000] {dag.py:3954} INFO - Setting next_dagrun for example_xcom_args to None, run_after=None
[2024-04-15T15:00:36.979+0000] {logging_mixin.py:188} INFO - [2024-04-15T15:00:36.979+0000] {dag.py:3954} INFO - Setting next_dagrun for example_xcom_args_with_operators to None, run_after=None
[2024-04-15T15:00:37.001+0000] {processor.py:183} INFO - Processing /home/airflow/.local/lib/python3.12/site-packages/airflow/example_dags/example_xcomargs.py took 0.076 seconds
[2024-04-15T15:01:07.451+0000] {processor.py:161} INFO - Started process (PID=655) to work on /home/airflow/.local/lib/python3.12/site-packages/airflow/example_dags/example_xcomargs.py
[2024-04-15T15:01:07.453+0000] {processor.py:830} INFO - Processing file /home/airflow/.local/lib/python3.12/site-packages/airflow/example_dags/example_xcomargs.py for tasks to queue
[2024-04-15T15:01:07.456+0000] {logging_mixin.py:188} INFO - [2024-04-15T15:01:07.456+0000] {dagbag.py:540} INFO - Filling up the DagBag from /home/airflow/.local/lib/python3.12/site-packages/airflow/example_dags/example_xcomargs.py
[2024-04-15T15:01:07.467+0000] {processor.py:840} INFO - DAG(s) 'example_xcom_args_with_operators', 'example_xcom_args' retrieved from /home/airflow/.local/lib/python3.12/site-packages/airflow/example_dags/example_xcomargs.py
[2024-04-15T15:01:07.499+0000] {logging_mixin.py:188} INFO - [2024-04-15T15:01:07.498+0000] {dag.py:3096} INFO - Sync 2 DAGs
[2024-04-15T15:01:07.512+0000] {logging_mixin.py:188} INFO - [2024-04-15T15:01:07.512+0000] {dag.py:3954} INFO - Setting next_dagrun for example_xcom_args to None, run_after=None
[2024-04-15T15:01:07.518+0000] {logging_mixin.py:188} INFO - [2024-04-15T15:01:07.517+0000] {dag.py:3954} INFO - Setting next_dagrun for example_xcom_args_with_operators to None, run_after=None
[2024-04-15T15:01:07.537+0000] {processor.py:183} INFO - Processing /home/airflow/.local/lib/python3.12/site-packages/airflow/example_dags/example_xcomargs.py took 0.095 seconds
[2024-04-15T15:01:37.618+0000] {processor.py:161} INFO - Started process (PID=715) to work on /home/airflow/.local/lib/python3.12/site-packages/airflow/example_dags/example_xcomargs.py
[2024-04-15T15:01:37.620+0000] {processor.py:830} INFO - Processing file /home/airflow/.local/lib/python3.12/site-packages/airflow/example_dags/example_xcomargs.py for tasks to queue
[2024-04-15T15:01:37.622+0000] {logging_mixin.py:188} INFO - [2024-04-15T15:01:37.622+0000] {dagbag.py:540} INFO - Filling up the DagBag from /home/airflow/.local/lib/python3.12/site-packages/airflow/example_dags/example_xcomargs.py
[2024-04-15T15:01:37.632+0000] {processor.py:840} INFO - DAG(s) 'example_xcom_args_with_operators', 'example_xcom_args' retrieved from /home/airflow/.local/lib/python3.12/site-packages/airflow/example_dags/example_xcomargs.py
[2024-04-15T15:01:37.658+0000] {logging_mixin.py:188} INFO - [2024-04-15T15:01:37.658+0000] {dag.py:3096} INFO - Sync 2 DAGs
[2024-04-15T15:01:37.671+0000] {logging_mixin.py:188} INFO - [2024-04-15T15:01:37.671+0000] {dag.py:3954} INFO - Setting next_dagrun for example_xcom_args to None, run_after=None
[2024-04-15T15:01:37.676+0000] {logging_mixin.py:188} INFO - [2024-04-15T15:01:37.676+0000] {dag.py:3954} INFO - Setting next_dagrun for example_xcom_args_with_operators to None, run_after=None
[2024-04-15T15:01:37.696+0000] {processor.py:183} INFO - Processing /home/airflow/.local/lib/python3.12/site-packages/airflow/example_dags/example_xcomargs.py took 0.085 seconds
[2024-04-15T15:02:07.947+0000] {processor.py:161} INFO - Started process (PID=775) to work on /home/airflow/.local/lib/python3.12/site-packages/airflow/example_dags/example_xcomargs.py
[2024-04-15T15:02:07.948+0000] {processor.py:830} INFO - Processing file /home/airflow/.local/lib/python3.12/site-packages/airflow/example_dags/example_xcomargs.py for tasks to queue
[2024-04-15T15:02:07.951+0000] {logging_mixin.py:188} INFO - [2024-04-15T15:02:07.951+0000] {dagbag.py:540} INFO - Filling up the DagBag from /home/airflow/.local/lib/python3.12/site-packages/airflow/example_dags/example_xcomargs.py
[2024-04-15T15:02:07.964+0000] {processor.py:840} INFO - DAG(s) 'example_xcom_args', 'example_xcom_args_with_operators' retrieved from /home/airflow/.local/lib/python3.12/site-packages/airflow/example_dags/example_xcomargs.py
[2024-04-15T15:02:07.995+0000] {logging_mixin.py:188} INFO - [2024-04-15T15:02:07.995+0000] {dag.py:3096} INFO - Sync 2 DAGs
[2024-04-15T15:02:08.011+0000] {logging_mixin.py:188} INFO - [2024-04-15T15:02:08.011+0000] {dag.py:3954} INFO - Setting next_dagrun for example_xcom_args to None, run_after=None
[2024-04-15T15:02:08.015+0000] {logging_mixin.py:188} INFO - [2024-04-15T15:02:08.015+0000] {dag.py:3954} INFO - Setting next_dagrun for example_xcom_args_with_operators to None, run_after=None
[2024-04-15T15:02:08.039+0000] {processor.py:183} INFO - Processing /home/airflow/.local/lib/python3.12/site-packages/airflow/example_dags/example_xcomargs.py took 0.099 seconds
[2024-04-15T15:02:38.086+0000] {processor.py:161} INFO - Started process (PID=835) to work on /home/airflow/.local/lib/python3.12/site-packages/airflow/example_dags/example_xcomargs.py
[2024-04-15T15:02:38.088+0000] {processor.py:830} INFO - Processing file /home/airflow/.local/lib/python3.12/site-packages/airflow/example_dags/example_xcomargs.py for tasks to queue
[2024-04-15T15:02:38.091+0000] {logging_mixin.py:188} INFO - [2024-04-15T15:02:38.091+0000] {dagbag.py:540} INFO - Filling up the DagBag from /home/airflow/.local/lib/python3.12/site-packages/airflow/example_dags/example_xcomargs.py
[2024-04-15T15:02:38.103+0000] {processor.py:840} INFO - DAG(s) 'example_xcom_args', 'example_xcom_args_with_operators' retrieved from /home/airflow/.local/lib/python3.12/site-packages/airflow/example_dags/example_xcomargs.py
[2024-04-15T15:02:38.133+0000] {logging_mixin.py:188} INFO - [2024-04-15T15:02:38.132+0000] {dag.py:3096} INFO - Sync 2 DAGs
[2024-04-15T15:02:38.147+0000] {logging_mixin.py:188} INFO - [2024-04-15T15:02:38.147+0000] {dag.py:3954} INFO - Setting next_dagrun for example_xcom_args to None, run_after=None
[2024-04-15T15:02:38.153+0000] {logging_mixin.py:188} INFO - [2024-04-15T15:02:38.153+0000] {dag.py:3954} INFO - Setting next_dagrun for example_xcom_args_with_operators to None, run_after=None
[2024-04-15T15:02:38.173+0000] {processor.py:183} INFO - Processing /home/airflow/.local/lib/python3.12/site-packages/airflow/example_dags/example_xcomargs.py took 0.094 seconds
[2024-04-15T15:03:08.498+0000] {processor.py:161} INFO - Started process (PID=895) to work on /home/airflow/.local/lib/python3.12/site-packages/airflow/example_dags/example_xcomargs.py
[2024-04-15T15:03:08.499+0000] {processor.py:830} INFO - Processing file /home/airflow/.local/lib/python3.12/site-packages/airflow/example_dags/example_xcomargs.py for tasks to queue
[2024-04-15T15:03:08.501+0000] {logging_mixin.py:188} INFO - [2024-04-15T15:03:08.501+0000] {dagbag.py:540} INFO - Filling up the DagBag from /home/airflow/.local/lib/python3.12/site-packages/airflow/example_dags/example_xcomargs.py
[2024-04-15T15:03:08.508+0000] {processor.py:840} INFO - DAG(s) 'example_xcom_args', 'example_xcom_args_with_operators' retrieved from /home/airflow/.local/lib/python3.12/site-packages/airflow/example_dags/example_xcomargs.py
[2024-04-15T15:03:08.526+0000] {logging_mixin.py:188} INFO - [2024-04-15T15:03:08.526+0000] {dag.py:3096} INFO - Sync 2 DAGs
[2024-04-15T15:03:08.538+0000] {logging_mixin.py:188} INFO - [2024-04-15T15:03:08.537+0000] {dag.py:3954} INFO - Setting next_dagrun for example_xcom_args to None, run_after=None
[2024-04-15T15:03:08.542+0000] {logging_mixin.py:188} INFO - [2024-04-15T15:03:08.541+0000] {dag.py:3954} INFO - Setting next_dagrun for example_xcom_args_with_operators to None, run_after=None
[2024-04-15T15:03:08.558+0000] {processor.py:183} INFO - Processing /home/airflow/.local/lib/python3.12/site-packages/airflow/example_dags/example_xcomargs.py took 0.064 seconds
[2024-04-15T15:03:38.713+0000] {processor.py:161} INFO - Started process (PID=955) to work on /home/airflow/.local/lib/python3.12/site-packages/airflow/example_dags/example_xcomargs.py
[2024-04-15T15:03:38.714+0000] {processor.py:830} INFO - Processing file /home/airflow/.local/lib/python3.12/site-packages/airflow/example_dags/example_xcomargs.py for tasks to queue
[2024-04-15T15:03:38.715+0000] {logging_mixin.py:188} INFO - [2024-04-15T15:03:38.715+0000] {dagbag.py:540} INFO - Filling up the DagBag from /home/airflow/.local/lib/python3.12/site-packages/airflow/example_dags/example_xcomargs.py
[2024-04-15T15:03:38.723+0000] {processor.py:840} INFO - DAG(s) 'example_xcom_args_with_operators', 'example_xcom_args' retrieved from /home/airflow/.local/lib/python3.12/site-packages/airflow/example_dags/example_xcomargs.py
[2024-04-15T15:03:38.741+0000] {logging_mixin.py:188} INFO - [2024-04-15T15:03:38.741+0000] {dag.py:3096} INFO - Sync 2 DAGs
[2024-04-15T15:03:38.752+0000] {logging_mixin.py:188} INFO - [2024-04-15T15:03:38.752+0000] {dag.py:3954} INFO - Setting next_dagrun for example_xcom_args to None, run_after=None
[2024-04-15T15:03:38.757+0000] {logging_mixin.py:188} INFO - [2024-04-15T15:03:38.756+0000] {dag.py:3954} INFO - Setting next_dagrun for example_xcom_args_with_operators to None, run_after=None
[2024-04-15T15:03:38.773+0000] {processor.py:183} INFO - Processing /home/airflow/.local/lib/python3.12/site-packages/airflow/example_dags/example_xcomargs.py took 0.064 seconds
[2024-04-15T15:04:09.323+0000] {processor.py:161} INFO - Started process (PID=1021) to work on /home/airflow/.local/lib/python3.12/site-packages/airflow/example_dags/example_xcomargs.py
[2024-04-15T15:04:09.324+0000] {processor.py:830} INFO - Processing file /home/airflow/.local/lib/python3.12/site-packages/airflow/example_dags/example_xcomargs.py for tasks to queue
[2024-04-15T15:04:09.326+0000] {logging_mixin.py:188} INFO - [2024-04-15T15:04:09.326+0000] {dagbag.py:540} INFO - Filling up the DagBag from /home/airflow/.local/lib/python3.12/site-packages/airflow/example_dags/example_xcomargs.py
[2024-04-15T15:04:09.335+0000] {processor.py:840} INFO - DAG(s) 'example_xcom_args', 'example_xcom_args_with_operators' retrieved from /home/airflow/.local/lib/python3.12/site-packages/airflow/example_dags/example_xcomargs.py
[2024-04-15T15:04:09.363+0000] {logging_mixin.py:188} INFO - [2024-04-15T15:04:09.363+0000] {dag.py:3096} INFO - Sync 2 DAGs
[2024-04-15T15:04:09.376+0000] {logging_mixin.py:188} INFO - [2024-04-15T15:04:09.376+0000] {dag.py:3954} INFO - Setting next_dagrun for example_xcom_args to None, run_after=None
[2024-04-15T15:04:09.380+0000] {logging_mixin.py:188} INFO - [2024-04-15T15:04:09.379+0000] {dag.py:3954} INFO - Setting next_dagrun for example_xcom_args_with_operators to None, run_after=None
[2024-04-15T15:04:09.393+0000] {processor.py:183} INFO - Processing /home/airflow/.local/lib/python3.12/site-packages/airflow/example_dags/example_xcomargs.py took 0.077 seconds
[2024-04-15T15:04:40.327+0000] {processor.py:161} INFO - Started process (PID=1081) to work on /home/airflow/.local/lib/python3.12/site-packages/airflow/example_dags/example_xcomargs.py
[2024-04-15T15:04:40.329+0000] {processor.py:830} INFO - Processing file /home/airflow/.local/lib/python3.12/site-packages/airflow/example_dags/example_xcomargs.py for tasks to queue
[2024-04-15T15:04:40.330+0000] {logging_mixin.py:188} INFO - [2024-04-15T15:04:40.330+0000] {dagbag.py:540} INFO - Filling up the DagBag from /home/airflow/.local/lib/python3.12/site-packages/airflow/example_dags/example_xcomargs.py
[2024-04-15T15:04:40.338+0000] {processor.py:840} INFO - DAG(s) 'example_xcom_args', 'example_xcom_args_with_operators' retrieved from /home/airflow/.local/lib/python3.12/site-packages/airflow/example_dags/example_xcomargs.py
[2024-04-15T15:04:40.362+0000] {logging_mixin.py:188} INFO - [2024-04-15T15:04:40.362+0000] {dag.py:3096} INFO - Sync 2 DAGs
[2024-04-15T15:04:40.546+0000] {logging_mixin.py:188} INFO - [2024-04-15T15:04:40.546+0000] {dag.py:3954} INFO - Setting next_dagrun for example_xcom_args to None, run_after=None
[2024-04-15T15:04:40.552+0000] {logging_mixin.py:188} INFO - [2024-04-15T15:04:40.552+0000] {dag.py:3954} INFO - Setting next_dagrun for example_xcom_args_with_operators to None, run_after=None
[2024-04-15T15:04:40.581+0000] {processor.py:183} INFO - Processing /home/airflow/.local/lib/python3.12/site-packages/airflow/example_dags/example_xcomargs.py took 0.259 seconds
[2024-04-15T15:05:11.526+0000] {processor.py:161} INFO - Started process (PID=1143) to work on /home/airflow/.local/lib/python3.12/site-packages/airflow/example_dags/example_xcomargs.py
[2024-04-15T15:05:11.527+0000] {processor.py:830} INFO - Processing file /home/airflow/.local/lib/python3.12/site-packages/airflow/example_dags/example_xcomargs.py for tasks to queue
[2024-04-15T15:05:11.529+0000] {logging_mixin.py:188} INFO - [2024-04-15T15:05:11.529+0000] {dagbag.py:540} INFO - Filling up the DagBag from /home/airflow/.local/lib/python3.12/site-packages/airflow/example_dags/example_xcomargs.py
[2024-04-15T15:05:11.539+0000] {processor.py:840} INFO - DAG(s) 'example_xcom_args', 'example_xcom_args_with_operators' retrieved from /home/airflow/.local/lib/python3.12/site-packages/airflow/example_dags/example_xcomargs.py
[2024-04-15T15:05:11.562+0000] {logging_mixin.py:188} INFO - [2024-04-15T15:05:11.562+0000] {dag.py:3096} INFO - Sync 2 DAGs
[2024-04-15T15:05:11.574+0000] {logging_mixin.py:188} INFO - [2024-04-15T15:05:11.574+0000] {dag.py:3954} INFO - Setting next_dagrun for example_xcom_args to None, run_after=None
[2024-04-15T15:05:11.578+0000] {logging_mixin.py:188} INFO - [2024-04-15T15:05:11.578+0000] {dag.py:3954} INFO - Setting next_dagrun for example_xcom_args_with_operators to None, run_after=None
[2024-04-15T15:05:11.602+0000] {processor.py:183} INFO - Processing /home/airflow/.local/lib/python3.12/site-packages/airflow/example_dags/example_xcomargs.py took 0.081 seconds
[2024-04-15T15:05:42.028+0000] {processor.py:161} INFO - Started process (PID=1203) to work on /home/airflow/.local/lib/python3.12/site-packages/airflow/example_dags/example_xcomargs.py
[2024-04-15T15:05:42.031+0000] {processor.py:830} INFO - Processing file /home/airflow/.local/lib/python3.12/site-packages/airflow/example_dags/example_xcomargs.py for tasks to queue
[2024-04-15T15:05:42.035+0000] {logging_mixin.py:188} INFO - [2024-04-15T15:05:42.035+0000] {dagbag.py:540} INFO - Filling up the DagBag from /home/airflow/.local/lib/python3.12/site-packages/airflow/example_dags/example_xcomargs.py
[2024-04-15T15:05:42.055+0000] {processor.py:840} INFO - DAG(s) 'example_xcom_args', 'example_xcom_args_with_operators' retrieved from /home/airflow/.local/lib/python3.12/site-packages/airflow/example_dags/example_xcomargs.py
[2024-04-15T15:05:42.085+0000] {logging_mixin.py:188} INFO - [2024-04-15T15:05:42.085+0000] {dag.py:3096} INFO - Sync 2 DAGs
[2024-04-15T15:05:42.098+0000] {logging_mixin.py:188} INFO - [2024-04-15T15:05:42.098+0000] {dag.py:3954} INFO - Setting next_dagrun for example_xcom_args to None, run_after=None
[2024-04-15T15:05:42.103+0000] {logging_mixin.py:188} INFO - [2024-04-15T15:05:42.102+0000] {dag.py:3954} INFO - Setting next_dagrun for example_xcom_args_with_operators to None, run_after=None
[2024-04-15T15:05:42.124+0000] {processor.py:183} INFO - Processing /home/airflow/.local/lib/python3.12/site-packages/airflow/example_dags/example_xcomargs.py took 0.107 seconds
